<?xml version="1.0" encoding="utf-8"?>
<TestRun id="8c8f00b1-4f4c-46e9-b8fb-75bf138cd2ca" name="@pkrvm7jw40e0xgp 2025-09-08 18:58:58" xmlns="http://microsoft.com/schemas/VisualStudio/TeamTest/2010">
  <Times creation="2025-09-08T18:58:58.9956999+00:00" queuing="2025-09-08T18:58:58.9957000+00:00" start="2025-09-08T18:58:57.6336399+00:00" finish="2025-09-08T18:58:59.0091443+00:00" />
  <TestSettings name="default" id="19b77a2d-d8e6-4155-8217-f78a97d5b2fc">
    <Deployment runDeploymentRoot="_pkrvm7jw40e0xgp_2025-09-08_18_58_58" />
  </TestSettings>
  <Results>
    <UnitTestResult executionId="ba6bbbbe-cb9c-4915-9f43-51398f074d3f" testId="6a2336ec-2578-2817-5fc3-6a47f32a1060" testName="GameBoy.Tests.InterruptServiceRoutineTests.MultiplePendingInterrupts_ServicesHighestPriorityFirst" computerName="pkrvm7jw40e0xgp" duration="00:00:00.0158397" startTime="2025-09-08T18:58:58.8115080+00:00" endTime="2025-09-08T18:58:58.8115649+00:00" testType="13cdc9d9-ddb5-4fa4-a97d-d965ccfc6d4b" outcome="Failed" testListId="8c84fa94-04c1-424b-9868-57a2d4851a1d" relativeResultsDirectory="ba6bbbbe-cb9c-4915-9f43-51398f074d3f">
      <Output>
        <ErrorInfo>
          <Message>Assert.Equal() Failure: Values differ
Expected: 72
Actual:   64</Message>
          <StackTrace>   at GameBoy.Tests.InterruptServiceRoutineTests.MultiplePendingInterrupts_ServicesHighestPriorityFirst() in /home/runner/work/BlazorBoy/BlazorBoy/src/GameBoy.Tests/InterruptServiceRoutineTests.cs:line 450
   at System.RuntimeMethodHandle.InvokeMethod(Object target, Void** arguments, Signature sig, Boolean isConstructor)
   at System.Reflection.MethodBaseInvoker.InvokeWithNoArgs(Object obj, BindingFlags invokeAttr)</StackTrace>
        </ErrorInfo>
      </Output>
    </UnitTestResult>
  </Results>
  <TestDefinitions>
    <UnitTest name="GameBoy.Tests.InterruptServiceRoutineTests.MultiplePendingInterrupts_ServicesHighestPriorityFirst" storage="/home/runner/work/blazorboy/blazorboy/src/gameboy.tests/bin/debug/net8.0/gameboy.tests.dll" id="6a2336ec-2578-2817-5fc3-6a47f32a1060">
      <Execution id="ba6bbbbe-cb9c-4915-9f43-51398f074d3f" />
      <TestMethod codeBase="/home/runner/work/BlazorBoy/BlazorBoy/src/GameBoy.Tests/bin/Debug/net8.0/GameBoy.Tests.dll" adapterTypeName="executor://xunit/VsTestRunner2/netcoreapp" className="GameBoy.Tests.InterruptServiceRoutineTests" name="MultiplePendingInterrupts_ServicesHighestPriorityFirst" />
    </UnitTest>
  </TestDefinitions>
  <TestEntries>
    <TestEntry testId="6a2336ec-2578-2817-5fc3-6a47f32a1060" executionId="ba6bbbbe-cb9c-4915-9f43-51398f074d3f" testListId="8c84fa94-04c1-424b-9868-57a2d4851a1d" />
  </TestEntries>
  <TestLists>
    <TestList name="Results Not in a List" id="8c84fa94-04c1-424b-9868-57a2d4851a1d" />
    <TestList name="All Loaded Results" id="19431567-8539-422a-85d7-44ee4e166bda" />
  </TestLists>
  <ResultSummary outcome="Failed">
    <Counters total="1" executed="1" passed="0" failed="1" error="0" timeout="0" aborted="0" inconclusive="0" passedButRunAborted="0" notRunnable="0" notExecuted="0" disconnected="0" warning="0" completed="0" inProgress="0" pending="0" />
    <Output>
      <StdOut>[xUnit.net 00:00:00.00] xUnit.net VSTest Adapter v2.8.2+699d445a1a (64-bit .NET 8.0.19)
[xUnit.net 00:00:00.13]   Discovering: GameBoy.Tests
[xUnit.net 00:00:00.36]   Discovered:  GameBoy.Tests
[xUnit.net 00:00:00.37]   Starting:    GameBoy.Tests
[xUnit.net 00:00:00.47]       Assert.Equal() Failure: Values differ
[xUnit.net 00:00:00.47]       Expected: 72
[xUnit.net 00:00:00.47]       Actual:   64
[xUnit.net 00:00:00.48]       Stack Trace:
[xUnit.net 00:00:00.48]         /home/runner/work/BlazorBoy/BlazorBoy/src/GameBoy.Tests/InterruptServiceRoutineTests.cs(450,0): at GameBoy.Tests.InterruptServiceRoutineTests.MultiplePendingInterrupts_ServicesHighestPriorityFirst()
[xUnit.net 00:00:00.48]            at System.RuntimeMethodHandle.InvokeMethod(Object target, Void** arguments, Signature sig, Boolean isConstructor)
[xUnit.net 00:00:00.48]            at System.Reflection.MethodBaseInvoker.InvokeWithNoArgs(Object obj, BindingFlags invokeAttr)
[xUnit.net 00:00:00.49]   Finished:    GameBoy.Tests
</StdOut>
    </Output>
    <RunInfos>
      <RunInfo computerName="pkrvm7jw40e0xgp" outcome="Error" timestamp="2025-09-08T18:58:58.8017288+00:00">
        <Text>[xUnit.net 00:00:00.47]     GameBoy.Tests.InterruptServiceRoutineTests.MultiplePendingInterrupts_ServicesHighestPriorityFirst [FAIL]</Text>
      </RunInfo>
    </RunInfos>
  </ResultSummary>
</TestRun>