<?xml version="1.0" encoding="utf-8"?>
<TestRun id="6fb05ec5-77ed-45cc-a605-4bf576951973" name="@pkrvm7jw40e0xgp 2025-09-08 15:10:54" xmlns="http://microsoft.com/schemas/VisualStudio/TeamTest/2010">
  <Times creation="2025-09-08T15:10:54.7394095+00:00" queuing="2025-09-08T15:10:54.7394096+00:00" start="2025-09-08T15:10:53.5061547+00:00" finish="2025-09-08T15:10:54.9417302+00:00" />
  <TestSettings name="default" id="de50fcc1-6764-48fc-8165-070f5a3a40fe">
    <Deployment runDeploymentRoot="_pkrvm7jw40e0xgp_2025-09-08_15_10_54" />
  </TestSettings>
  <Results>
    <UnitTestResult executionId="2877f84f-6ba2-4da3-9d98-2914739a1336" testId="97046c6a-6e81-8947-5978-8b6f728ddfb1" testName="GameBoy.Tests.InstructionDecodingTests.SpecificInstructions_HaveCorrectMetadata(opcode: 250, expectedMnemonic: &quot;LD A,(a16)&quot;, expectedLength: 3, expectedCycles: 16, expectedOperandType: MemoryImmediate16)" computerName="pkrvm7jw40e0xgp" duration="00:00:00.0000053" startTime="2025-09-08T15:10:54.7092105+00:00" endTime="2025-09-08T15:10:54.7092105+00:00" testType="13cdc9d9-ddb5-4fa4-a97d-d965ccfc6d4b" outcome="Passed" testListId="8c84fa94-04c1-424b-9868-57a2d4851a1d" relativeResultsDirectory="2877f84f-6ba2-4da3-9d98-2914739a1336" />
    <UnitTestResult executionId="f790afd4-54b7-4cd9-a314-c963a58e43b8" testId="947b70cd-4d84-9b6b-4580-d269db74ee3f" testName="GameBoy.Tests.OpcodeTableCoverageTests.Primary_Table_Should_Have_Complete_Coverage" computerName="pkrvm7jw40e0xgp" duration="00:00:00.0002995" startTime="2025-09-08T15:10:54.7280629+00:00" endTime="2025-09-08T15:10:54.7280629+00:00" testType="13cdc9d9-ddb5-4fa4-a97d-d965ccfc6d4b" outcome="Passed" testListId="8c84fa94-04c1-424b-9868-57a2d4851a1d" relativeResultsDirectory="f790afd4-54b7-4cd9-a314-c963a58e43b8" />
    <UnitTestResult executionId="5007f169-42db-40e4-8750-73bab77492e3" testId="9254af5a-af8d-f19f-0feb-43b5eb588fad" testName="GameBoy.Tests.CartridgeMmuIntegrationTests.Mmu_ExternalRam_Mbc5Banking" computerName="pkrvm7jw40e0xgp" duration="00:00:00.0008266" startTime="2025-09-08T15:10:54.6993889+00:00" endTime="2025-09-08T15:10:54.6993890+00:00" testType="13cdc9d9-ddb5-4fa4-a97d-d965ccfc6d4b" outcome="Passed" testListId="8c84fa94-04c1-424b-9868-57a2d4851a1d" relativeResultsDirectory="5007f169-42db-40e4-8750-73bab77492e3" />
    <UnitTestResult executionId="47f3c47b-5dc5-4e49-914c-7405ad6ef8cd" testId="00713273-ffaf-eabf-2926-cb2bda7c8482" testName="GameBoy.Tests.CartridgeMmuIntegrationTests.Mmu_WriteByte_RoutesToCartridgeRom" computerName="pkrvm7jw40e0xgp" duration="00:00:00.0007914" startTime="2025-09-08T15:10:54.6990302+00:00" endTime="2025-09-08T15:10:54.6990303+00:00" testType="13cdc9d9-ddb5-4fa4-a97d-d965ccfc6d4b" outcome="Passed" testListId="8c84fa94-04c1-424b-9868-57a2d4851a1d" relativeResultsDirectory="47f3c47b-5dc5-4e49-914c-7405ad6ef8cd" />
    <UnitTestResult executionId="be759e96-b7bb-4060-a77e-315be11965ea" testId="41624f13-3643-f362-2897-db328849f012" testName="GameBoy.Tests.EmulatorMbcIntegrationTests.Emulator_LoadRom_Mbc3WithBattery_HasBatteryRam" computerName="pkrvm7jw40e0xgp" duration="00:00:00.0005179" startTime="2025-09-08T15:10:54.7202648+00:00" endTime="2025-09-08T15:10:54.7202648+00:00" testType="13cdc9d9-ddb5-4fa4-a97d-d965ccfc6d4b" outcome="Passed" testListId="8c84fa94-04c1-424b-9868-57a2d4851a1d" relativeResultsDirectory="be759e96-b7bb-4060-a77e-315be11965ea" />
    <UnitTestResult executionId="4ab5d72c-aee9-4042-9dfe-9d82a2740bb6" testId="5ae6f225-fd3d-b9aa-d3bf-ff8feb208f3b" testName="GameBoy.Tests.MmuTests.UnusableRegion_WritesIgnored" computerName="pkrvm7jw40e0xgp" duration="00:00:00.0002663" startTime="2025-09-08T15:10:54.6892798+00:00" endTime="2025-09-08T15:10:54.6892799+00:00" testType="13cdc9d9-ddb5-4fa4-a97d-d965ccfc6d4b" outcome="Passed" testListId="8c84fa94-04c1-424b-9868-57a2d4851a1d" relativeResultsDirectory="4ab5d72c-aee9-4042-9dfe-9d82a2740bb6" />
    <UnitTestResult executionId="58ec5ee3-f307-45eb-b34b-7250bf61883d" testId="d3d7520c-9946-57c4-5e03-6827c9a83283" testName="GameBoy.Tests.Mbc3Tests.ExternalRam_RtcRegisters_AccessibleWhenEnabled" computerName="pkrvm7jw40e0xgp" duration="00:00:00.0004614" startTime="2025-09-08T15:10:54.7286641+00:00" endTime="2025-09-08T15:10:54.7286642+00:00" testType="13cdc9d9-ddb5-4fa4-a97d-d965ccfc6d4b" outcome="Passed" testListId="8c84fa94-04c1-424b-9868-57a2d4851a1d" relativeResultsDirectory="58ec5ee3-f307-45eb-b34b-7250bf61883d" />
    <UnitTestResult executionId="a47eeee0-8f20-43d9-a342-0ac26472c51f" testId="3ff5ba0f-280e-7578-da34-44c3b7dcff2f" testName="GameBoy.Tests.CartridgeTests.Detect_Mbc6_ThrowsNotSupportedException" computerName="pkrvm7jw40e0xgp" duration="00:00:00.0174407" startTime="2025-09-08T15:10:54.7093582+00:00" endTime="2025-09-08T15:10:54.7093582+00:00" testType="13cdc9d9-ddb5-4fa4-a97d-d965ccfc6d4b" outcome="Passed" testListId="8c84fa94-04c1-424b-9868-57a2d4851a1d" relativeResultsDirectory="a47eeee0-8f20-43d9-a342-0ac26472c51f" />
    <UnitTestResult executionId="149a9d5a-d65f-4c06-9ab4-37ce30837718" testId="5d0681c7-3e5a-5897-1e98-fc50e07cb646" testName="GameBoy.Tests.IoRegionWiringTests.StubbedIoRegisters_PreserveBehavior" computerName="pkrvm7jw40e0xgp" duration="00:00:00.0170182" startTime="2025-09-08T15:10:54.5398374+00:00" endTime="2025-09-08T15:10:54.5398376+00:00" testType="13cdc9d9-ddb5-4fa4-a97d-d965ccfc6d4b" outcome="Passed" testListId="8c84fa94-04c1-424b-9868-57a2d4851a1d" relativeResultsDirectory="149a9d5a-d65f-4c06-9ab4-37ce30837718" />
    <UnitTestResult executionId="76b6aa71-119c-4ec4-b74c-f46968f50874" testId="9eca94b8-e39f-4c3b-e39a-9ff33450cb46" testName="GameBoy.Tests.Mbc5Tests.ExternalRam_4BitRamBanking_WorksCorrectly" computerName="pkrvm7jw40e0xgp" duration="00:00:00.0026874" startTime="2025-09-08T15:10:54.7270538+00:00" endTime="2025-09-08T15:10:54.7270539+00:00" testType="13cdc9d9-ddb5-4fa4-a97d-d965ccfc6d4b" outcome="Passed" testListId="8c84fa94-04c1-424b-9868-57a2d4851a1d" relativeResultsDirectory="76b6aa71-119c-4ec4-b74c-f46968f50874" />
    <UnitTestResult executionId="1034dac1-3c72-430c-9c88-9952cd7b4cc0" testId="a843a51a-9783-4af2-c639-b0c877e3f93a" testName="GameBoy.Tests.Mbc1Tests.ExternalRam_BasicReadWrite" computerName="pkrvm7jw40e0xgp" duration="00:00:00.0002732" startTime="2025-09-08T15:10:54.7285926+00:00" endTime="2025-09-08T15:10:54.7285927+00:00" testType="13cdc9d9-ddb5-4fa4-a97d-d965ccfc6d4b" outcome="Passed" testListId="8c84fa94-04c1-424b-9868-57a2d4851a1d" relativeResultsDirectory="1034dac1-3c72-430c-9c88-9952cd7b4cc0" />
    <UnitTestResult executionId="2b93f46e-70af-4d8b-b457-450c21000d5c" testId="b71c3882-879b-f996-c9ef-6e6f82095fa6" testName="GameBoy.Tests.Mbc3Tests.ReadRom_BeyondAvailableSize_ReturnsFF" computerName="pkrvm7jw40e0xgp" duration="00:00:00.0006030" startTime="2025-09-08T15:10:54.7298030+00:00" endTime="2025-09-08T15:10:54.7298031+00:00" testType="13cdc9d9-ddb5-4fa4-a97d-d965ccfc6d4b" outcome="Passed" testListId="8c84fa94-04c1-424b-9868-57a2d4851a1d" relativeResultsDirectory="2b93f46e-70af-4d8b-b457-450c21000d5c" />
    <UnitTestResult executionId="9d48daf8-71cb-4910-9115-91acd4aaaeee" testId="b1a9a11f-fa15-53d6-5818-6df3c49e875c" testName="GameBoy.Tests.CartridgeMmuIntegrationTests.Mmu_LoadRom_DetectsCorrectCartridge" computerName="pkrvm7jw40e0xgp" duration="00:00:00.0076307" startTime="2025-09-08T15:10:54.7061755+00:00" endTime="2025-09-08T15:10:54.7061755+00:00" testType="13cdc9d9-ddb5-4fa4-a97d-d965ccfc6d4b" outcome="Passed" testListId="8c84fa94-04c1-424b-9868-57a2d4851a1d" relativeResultsDirectory="9d48daf8-71cb-4910-9115-91acd4aaaeee" />
    <UnitTestResult executionId="18e82e2d-d83a-4e3e-84ea-a138b0884261" testId="3bd37e17-a357-dd0e-5c35-ff1e954d110b" testName="GameBoy.Tests.CartridgeHeaderTests.RamSize_CalculatesCorrectSizeForStandardCodes(code: 2, expectedSize: 8192)" computerName="pkrvm7jw40e0xgp" duration="00:00:00.0000245" startTime="2025-09-08T15:10:54.6944822+00:00" endTime="2025-09-08T15:10:54.6944823+00:00" testType="13cdc9d9-ddb5-4fa4-a97d-d965ccfc6d4b" outcome="Passed" testListId="8c84fa94-04c1-424b-9868-57a2d4851a1d" relativeResultsDirectory="18e82e2d-d83a-4e3e-84ea-a138b0884261" />
    <UnitTestResult executionId="0bae468f-bc16-4a5e-b3ed-fbd4487aa362" testId="c49e2d00-a0d3-4c30-1fc8-7297b872142a" testName="GameBoy.Tests.MmuTests.Unstubbed_IORegisters_WritesIgnored" computerName="pkrvm7jw40e0xgp" duration="00:00:00.0002168" startTime="2025-09-08T15:10:54.6930758+00:00" endTime="2025-09-08T15:10:54.6930759+00:00" testType="13cdc9d9-ddb5-4fa4-a97d-d965ccfc6d4b" outcome="Passed" testListId="8c84fa94-04c1-424b-9868-57a2d4851a1d" relativeResultsDirectory="0bae468f-bc16-4a5e-b3ed-fbd4487aa362" />
    <UnitTestResult executionId="e8ade6dd-acbc-4a9e-85c4-cf4d4daa72e5" testId="aa62db2f-bb74-b7aa-d62d-6596b839e885" testName="GameBoy.Tests.CpuAddressingTests.ReadHL_ReadsFromHLAddress" computerName="pkrvm7jw40e0xgp" duration="00:00:00.0002011" startTime="2025-09-08T15:10:54.7164311+00:00" endTime="2025-09-08T15:10:54.7164312+00:00" testType="13cdc9d9-ddb5-4fa4-a97d-d965ccfc6d4b" outcome="Passed" testListId="8c84fa94-04c1-424b-9868-57a2d4851a1d" relativeResultsDirectory="e8ade6dd-acbc-4a9e-85c4-cf4d4daa72e5" />
    <UnitTestResult executionId="1e1398f2-08b1-4fc6-8c81-c5f69f26916b" testId="c1b5930e-abc0-c16e-85c6-cd5ff1cb4510" testName="GameBoy.Tests.InstructionDecodingTests.SpecificInstructions_HaveCorrectMetadata(opcode: 6, expectedMnemonic: &quot;LD B,d8&quot;, expectedLength: 2, expectedCycles: 8, expectedOperandType: Immediate8)" computerName="pkrvm7jw40e0xgp" duration="00:00:00.0003674" startTime="2025-09-08T15:10:54.7086400+00:00" endTime="2025-09-08T15:10:54.7086400+00:00" testType="13cdc9d9-ddb5-4fa4-a97d-d965ccfc6d4b" outcome="Passed" testListId="8c84fa94-04c1-424b-9868-57a2d4851a1d" relativeResultsDirectory="1e1398f2-08b1-4fc6-8c81-c5f69f26916b" />
    <UnitTestResult executionId="50947b37-af53-42de-bd05-4214b32df9f6" testId="ef6c030d-e675-ebed-ffa8-ce7bf5feed31" testName="GameBoy.Tests.CartridgeHeaderTests.IsValidHeader_InvalidRomSizeCodes_ReturnsFalse(romSizeCode: 81)" computerName="pkrvm7jw40e0xgp" duration="00:00:00.0005473" startTime="2025-09-08T15:10:54.7043176+00:00" endTime="2025-09-08T15:10:54.7043176+00:00" testType="13cdc9d9-ddb5-4fa4-a97d-d965ccfc6d4b" outcome="Passed" testListId="8c84fa94-04c1-424b-9868-57a2d4851a1d" relativeResultsDirectory="50947b37-af53-42de-bd05-4214b32df9f6" />
    <UnitTestResult executionId="ab71acd0-a68c-4ffd-9517-86fe40ffc339" testId="ed5cd5b1-d1f5-e057-68bb-f73e10f36c84" testName="GameBoy.Tests.TestResetBehavior.InitializePostBiosDefaults_ConsistentWithReadBehavior" computerName="pkrvm7jw40e0xgp" duration="00:00:00.0007607" startTime="2025-09-08T15:10:54.6937148+00:00" endTime="2025-09-08T15:10:54.6937149+00:00" testType="13cdc9d9-ddb5-4fa4-a97d-d965ccfc6d4b" outcome="Passed" testListId="8c84fa94-04c1-424b-9868-57a2d4851a1d" relativeResultsDirectory="ab71acd0-a68c-4ffd-9517-86fe40ffc339" />
    <UnitTestResult executionId="0340701e-2de6-4de4-9d4d-290b9a7a4159" testId="a7bf5563-2cb2-c215-2dac-5d52641bf01d" testName="GameBoy.Tests.Mbc1Tests.WriteRom_Bank0Selection_MapsToBank1" computerName="pkrvm7jw40e0xgp" duration="00:00:00.0003655" startTime="2025-09-08T15:10:54.7175732+00:00" endTime="2025-09-08T15:10:54.7175733+00:00" testType="13cdc9d9-ddb5-4fa4-a97d-d965ccfc6d4b" outcome="Passed" testListId="8c84fa94-04c1-424b-9868-57a2d4851a1d" relativeResultsDirectory="0340701e-2de6-4de4-9d4d-290b9a7a4159" />
    <UnitTestResult executionId="b574d66f-7837-4e2b-ad89-4ad0bc23ca24" testId="96977a3e-1a95-c780-8b0f-9b9e70addc86" testName="GameBoy.Tests.EmulatorMbcIntegrationTests.Emulator_LoadRom_UnsupportedMbc_ThrowsNotSupportedException" computerName="pkrvm7jw40e0xgp" duration="00:00:00.0090142" startTime="2025-09-08T15:10:54.7239233+00:00" endTime="2025-09-08T15:10:54.7239234+00:00" testType="13cdc9d9-ddb5-4fa4-a97d-d965ccfc6d4b" outcome="Passed" testListId="8c84fa94-04c1-424b-9868-57a2d4851a1d" relativeResultsDirectory="b574d66f-7837-4e2b-ad89-4ad0bc23ca24" />
    <UnitTestResult executionId="8582e662-8686-491b-8441-9eeaae0a5a96" testId="6e54a05e-b477-f829-bb5e-dcbef35d8f59" testName="GameBoy.Tests.EmulatorTests.Constructor_InitializesPostBiosState" computerName="pkrvm7jw40e0xgp" duration="00:00:00.0065177" startTime="2025-09-08T15:10:54.7251526+00:00" endTime="2025-09-08T15:10:54.7251527+00:00" testType="13cdc9d9-ddb5-4fa4-a97d-d965ccfc6d4b" outcome="Passed" testListId="8c84fa94-04c1-424b-9868-57a2d4851a1d" relativeResultsDirectory="8582e662-8686-491b-8441-9eeaae0a5a96" />
    <UnitTestResult executionId="d8f4cdab-302b-40f1-b461-5ce784a3bed6" testId="e0bae790-fddb-006d-e831-2cde76b6368e" testName="GameBoy.Tests.CartridgeHeaderTests.RomSize_CalculatesCorrectSizeForStandardCodes(code: 1, expectedSize: 65536)" computerName="pkrvm7jw40e0xgp" duration="00:00:00.0002883" startTime="2025-09-08T15:10:54.7075285+00:00" endTime="2025-09-08T15:10:54.7075286+00:00" testType="13cdc9d9-ddb5-4fa4-a97d-d965ccfc6d4b" outcome="Passed" testListId="8c84fa94-04c1-424b-9868-57a2d4851a1d" relativeResultsDirectory="d8f4cdab-302b-40f1-b461-5ce784a3bed6" />
    <UnitTestResult executionId="9cd31239-f63b-4d64-908b-c185fbf30fe6" testId="9e76cdfa-4287-5678-59bc-a2ef16368684" testName="GameBoy.Tests.CartridgeTests.Detect_AllMbc4Variants_ThrowsNotSupportedException(cartridgeType: 22)" computerName="pkrvm7jw40e0xgp" duration="00:00:00.0003229" startTime="2025-09-08T15:10:54.6984772+00:00" endTime="2025-09-08T15:10:54.6984772+00:00" testType="13cdc9d9-ddb5-4fa4-a97d-d965ccfc6d4b" outcome="Passed" testListId="8c84fa94-04c1-424b-9868-57a2d4851a1d" relativeResultsDirectory="9cd31239-f63b-4d64-908b-c185fbf30fe6" />
    <UnitTestResult executionId="2bcf1cfa-b6a1-477b-8b7c-6615da701118" testId="d345d1bd-f78e-8ab1-56d8-a66e5b9e192c" testName="GameBoy.Tests.MmuTests.UnusableRegion_ReadsReturn0xFF" computerName="pkrvm7jw40e0xgp" duration="00:00:00.0002364" startTime="2025-09-08T15:10:54.6933622+00:00" endTime="2025-09-08T15:10:54.6933622+00:00" testType="13cdc9d9-ddb5-4fa4-a97d-d965ccfc6d4b" outcome="Passed" testListId="8c84fa94-04c1-424b-9868-57a2d4851a1d" relativeResultsDirectory="2bcf1cfa-b6a1-477b-8b7c-6615da701118" />
    <UnitTestResult executionId="548d3503-2a9c-4faa-a40a-1c77571dc3a1" testId="1ce02f8c-966b-9d03-e6ad-81a3ad8ee1c4" testName="GameBoy.Tests.CpuAddressingTests.AddressingHelpers_HighRAM_WorksWithOpcodes" computerName="pkrvm7jw40e0xgp" duration="00:00:00.0007705" startTime="2025-09-08T15:10:54.7167331+00:00" endTime="2025-09-08T15:10:54.7167332+00:00" testType="13cdc9d9-ddb5-4fa4-a97d-d965ccfc6d4b" outcome="Passed" testListId="8c84fa94-04c1-424b-9868-57a2d4851a1d" relativeResultsDirectory="548d3503-2a9c-4faa-a40a-1c77571dc3a1" />
    <UnitTestResult executionId="3a148cd7-aa71-407a-8e11-fc70b1afdd22" testId="5b470fa9-7bb8-c70a-13cd-6b0c5673a526" testName="GameBoy.Tests.CartridgeTests.Detect_UnknownCartridgeTypes_ThrowsNotSupportedException(cartridgeType: 187)" computerName="pkrvm7jw40e0xgp" duration="00:00:00.0005274" startTime="2025-09-08T15:10:54.7052403+00:00" endTime="2025-09-08T15:10:54.7052404+00:00" testType="13cdc9d9-ddb5-4fa4-a97d-d965ccfc6d4b" outcome="Passed" testListId="8c84fa94-04c1-424b-9868-57a2d4851a1d" relativeResultsDirectory="3a148cd7-aa71-407a-8e11-fc70b1afdd22" />
    <UnitTestResult executionId="019cd4d8-187d-40d1-9767-9df66f6e9174" testId="c23f992b-b22d-866c-b429-ddd8381c37c6" testName="GameBoy.Tests.AluTests.Add_Overflow_SetsCarryFlag" computerName="pkrvm7jw40e0xgp" duration="00:00:00.0002019" startTime="2025-09-08T15:10:54.7212102+00:00" endTime="2025-09-08T15:10:54.7212103+00:00" testType="13cdc9d9-ddb5-4fa4-a97d-d965ccfc6d4b" outcome="Passed" testListId="8c84fa94-04c1-424b-9868-57a2d4851a1d" relativeResultsDirectory="019cd4d8-187d-40d1-9767-9df66f6e9174" />
    <UnitTestResult executionId="bfda84a2-b7b0-425c-97b1-464bbfe8477a" testId="9dbf0ab8-0850-9f84-3b93-061020f06f9a" testName="GameBoy.Tests.Mbc1Tests.WriteRom_BankBitsIgnored_OnlyLower5BitsUsed" computerName="pkrvm7jw40e0xgp" duration="00:00:00.0047947" startTime="2025-09-08T15:10:54.7156115+00:00" endTime="2025-09-08T15:10:54.7156115+00:00" testType="13cdc9d9-ddb5-4fa4-a97d-d965ccfc6d4b" outcome="Passed" testListId="8c84fa94-04c1-424b-9868-57a2d4851a1d" relativeResultsDirectory="bfda84a2-b7b0-425c-97b1-464bbfe8477a" />
    <UnitTestResult executionId="4751894a-ce18-4c8e-b239-0461602b257e" testId="5fca08ae-038e-7ddb-042a-d45c775cc3a2" testName="GameBoy.Tests.CartridgeTests.Detect_AllMbc3Variants_ReturnsCorrectCartridge(cartridgeType: 19)" computerName="pkrvm7jw40e0xgp" duration="00:00:00.0003011" startTime="2025-09-08T15:10:54.7001469+00:00" endTime="2025-09-08T15:10:54.7001469+00:00" testType="13cdc9d9-ddb5-4fa4-a97d-d965ccfc6d4b" outcome="Passed" testListId="8c84fa94-04c1-424b-9868-57a2d4851a1d" relativeResultsDirectory="4751894a-ce18-4c8e-b239-0461602b257e" />
    <UnitTestResult executionId="9bdf8a94-04e6-4a9e-813e-a52f99b7c92d" testId="1ecaf514-8cf2-6903-aa03-cbaa2bca845b" testName="GameBoy.Tests.CpuAddressingTests.GetR16_ReturnsCorrectRegisterPairValues" computerName="pkrvm7jw40e0xgp" duration="00:00:00.0004990" startTime="2025-09-08T15:10:54.7216975+00:00" endTime="2025-09-08T15:10:54.7216975+00:00" testType="13cdc9d9-ddb5-4fa4-a97d-d965ccfc6d4b" outcome="Passed" testListId="8c84fa94-04c1-424b-9868-57a2d4851a1d" relativeResultsDirectory="9bdf8a94-04e6-4a9e-813e-a52f99b7c92d" />
    <UnitTestResult executionId="96063236-ea6b-4250-a649-1bd99920aab8" testId="eac1986f-bb1b-f50b-46b4-53e51dd584ab" testName="GameBoy.Tests.Mbc5Tests.WriteRom_Bank0Selection_AllowsBank0" computerName="pkrvm7jw40e0xgp" duration="00:00:00.0006029" startTime="2025-09-08T15:10:54.7452150+00:00" endTime="2025-09-08T15:10:54.7452150+00:00" testType="13cdc9d9-ddb5-4fa4-a97d-d965ccfc6d4b" outcome="Passed" testListId="8c84fa94-04c1-424b-9868-57a2d4851a1d" relativeResultsDirectory="96063236-ea6b-4250-a649-1bd99920aab8" />
    <UnitTestResult executionId="18c41099-9c90-4d00-b51d-69c9a7440b14" testId="6f2ac7de-8e4f-7e79-2f26-32c891a5f0db" testName="GameBoy.Tests.CartridgeTests.Detect_AllMbc1Variants_ReturnsCorrectCartridge(cartridgeType: 2)" computerName="pkrvm7jw40e0xgp" duration="00:00:00.0087040" startTime="2025-09-08T15:10:54.6980694+00:00" endTime="2025-09-08T15:10:54.6980695+00:00" testType="13cdc9d9-ddb5-4fa4-a97d-d965ccfc6d4b" outcome="Passed" testListId="8c84fa94-04c1-424b-9868-57a2d4851a1d" relativeResultsDirectory="18c41099-9c90-4d00-b51d-69c9a7440b14" />
    <UnitTestResult executionId="5b084db5-c6c1-4d5a-ad45-9869a813cdc4" testId="f91ff194-938d-3151-15ad-e1bedb725c08" testName="GameBoy.Tests.CartridgeTests.Detect_AllMbc4Variants_ThrowsNotSupportedException(cartridgeType: 23)" computerName="pkrvm7jw40e0xgp" duration="00:00:00.0001508" startTime="2025-09-08T15:10:54.6985366+00:00" endTime="2025-09-08T15:10:54.6985367+00:00" testType="13cdc9d9-ddb5-4fa4-a97d-d965ccfc6d4b" outcome="Passed" testListId="8c84fa94-04c1-424b-9868-57a2d4851a1d" relativeResultsDirectory="5b084db5-c6c1-4d5a-ad45-9869a813cdc4" />
    <UnitTestResult executionId="56c12066-aae2-4669-9d41-1b6d71b4e1e4" testId="ce4c3f67-03df-f1e7-4c97-b130cbc4cb00" testName="GameBoy.Tests.Mbc5Tests.ReadRom_BankX_ReadsFromSwitchableBank" computerName="pkrvm7jw40e0xgp" duration="00:00:00.0041304" startTime="2025-09-08T15:10:54.7272667+00:00" endTime="2025-09-08T15:10:54.7272668+00:00" testType="13cdc9d9-ddb5-4fa4-a97d-d965ccfc6d4b" outcome="Passed" testListId="8c84fa94-04c1-424b-9868-57a2d4851a1d" relativeResultsDirectory="56c12066-aae2-4669-9d41-1b6d71b4e1e4" />
    <UnitTestResult executionId="63f8f4df-08ba-4d2e-a2b7-ac210706035c" testId="1656c5e4-914c-d7f9-cac2-f94c3ce82834" testName="GameBoy.Tests.CartridgeHeaderTests.IsHeaderChecksumValid_ValidChecksum_ReturnsTrue" computerName="pkrvm7jw40e0xgp" duration="00:00:00.0002561" startTime="2025-09-08T15:10:54.7124107+00:00" endTime="2025-09-08T15:10:54.7124107+00:00" testType="13cdc9d9-ddb5-4fa4-a97d-d965ccfc6d4b" outcome="Passed" testListId="8c84fa94-04c1-424b-9868-57a2d4851a1d" relativeResultsDirectory="63f8f4df-08ba-4d2e-a2b7-ac210706035c" />
    <UnitTestResult executionId="88150f94-8f58-40fd-8ca3-7a3403e42d66" testId="79ae824d-ef28-8a08-b47a-078c5e79a094" testName="GameBoy.Tests.Mbc5Tests.WriteRom_UpperBitMasking_OnlyBit0Used" computerName="pkrvm7jw40e0xgp" duration="00:00:00.0264879" startTime="2025-09-08T15:10:54.7700903+00:00" endTime="2025-09-08T15:10:54.7700904+00:00" testType="13cdc9d9-ddb5-4fa4-a97d-d965ccfc6d4b" outcome="Passed" testListId="8c84fa94-04c1-424b-9868-57a2d4851a1d" relativeResultsDirectory="88150f94-8f58-40fd-8ca3-7a3403e42d66" />
    <UnitTestResult executionId="651293a8-cf3a-4680-ada4-489adc42b495" testId="b9c40b62-f47a-cee1-575f-a163f569bddb" testName="GameBoy.Tests.MmuTests.IF_WriteMasksToLower5Bits" computerName="pkrvm7jw40e0xgp" duration="00:00:00.0003067" startTime="2025-09-08T15:10:54.6934361+00:00" endTime="2025-09-08T15:10:54.6934362+00:00" testType="13cdc9d9-ddb5-4fa4-a97d-d965ccfc6d4b" outcome="Passed" testListId="8c84fa94-04c1-424b-9868-57a2d4851a1d" relativeResultsDirectory="651293a8-cf3a-4680-ada4-489adc42b495" />
    <UnitTestResult executionId="4f0e8581-9054-4029-968e-ef9319b2ccc5" testId="e8e929bb-1529-0802-d2a3-a25e16295f97" testName="GameBoy.Tests.InstructionDecodingTests.Instruction_OperandTypes_AreCorrectlyDeduced" computerName="pkrvm7jw40e0xgp" duration="00:00:00.0008426" startTime="2025-09-08T15:10:54.7139293+00:00" endTime="2025-09-08T15:10:54.7139294+00:00" testType="13cdc9d9-ddb5-4fa4-a97d-d965ccfc6d4b" outcome="Passed" testListId="8c84fa94-04c1-424b-9868-57a2d4851a1d" relativeResultsDirectory="4f0e8581-9054-4029-968e-ef9319b2ccc5" />
    <UnitTestResult executionId="4be38433-4f6d-49d0-9a09-649647c8b2ed" testId="854906ef-44e3-5671-1b10-24de982401a2" testName="GameBoy.Tests.AluTests.Add_EdgeCases_BehavesCorrectly(a: 127, operand: 1)" computerName="pkrvm7jw40e0xgp" duration="00:00:00.0000078" startTime="2025-09-08T15:10:54.7194116+00:00" endTime="2025-09-08T15:10:54.7194117+00:00" testType="13cdc9d9-ddb5-4fa4-a97d-d965ccfc6d4b" outcome="Passed" testListId="8c84fa94-04c1-424b-9868-57a2d4851a1d" relativeResultsDirectory="4be38433-4f6d-49d0-9a09-649647c8b2ed" />
    <UnitTestResult executionId="aa226a3a-4d0c-4f14-8675-5310e57e43dd" testId="b60c5050-48cc-a513-8c20-d39039775d13" testName="GameBoy.Tests.MmuTests.IF_RegisterSemantics_UpperBitsAlwaysSetOnRead" computerName="pkrvm7jw40e0xgp" duration="00:00:00.0031235" startTime="2025-09-08T15:10:54.6897097+00:00" endTime="2025-09-08T15:10:54.6897097+00:00" testType="13cdc9d9-ddb5-4fa4-a97d-d965ccfc6d4b" outcome="Passed" testListId="8c84fa94-04c1-424b-9868-57a2d4851a1d" relativeResultsDirectory="aa226a3a-4d0c-4f14-8675-5310e57e43dd" />
    <UnitTestResult executionId="3f5cbcdc-d243-484b-bfec-4090f1e5ee43" testId="b5f40ad3-582a-aeab-e8e8-850be670f750" testName="GameBoy.Tests.Mbc3Tests.RtcLatch_LatchingBehavior_UpdatesRegisters" computerName="pkrvm7jw40e0xgp" duration="00:00:00.0004926" startTime="2025-09-08T15:10:54.7290263+00:00" endTime="2025-09-08T15:10:54.7290263+00:00" testType="13cdc9d9-ddb5-4fa4-a97d-d965ccfc6d4b" outcome="Passed" testListId="8c84fa94-04c1-424b-9868-57a2d4851a1d" relativeResultsDirectory="3f5cbcdc-d243-484b-bfec-4090f1e5ee43" />
    <UnitTestResult executionId="00fae04f-6d58-4922-bbda-650f229175b4" testId="800633a9-c281-8a02-ccd0-0706d0f50e41" testName="GameBoy.Tests.Mbc1Tests.ReadRom_BeyondAvailableSize_ReturnsFF" computerName="pkrvm7jw40e0xgp" duration="00:00:00.0003571" startTime="2025-09-08T15:10:54.7183390+00:00" endTime="2025-09-08T15:10:54.7183391+00:00" testType="13cdc9d9-ddb5-4fa4-a97d-d965ccfc6d4b" outcome="Passed" testListId="8c84fa94-04c1-424b-9868-57a2d4851a1d" relativeResultsDirectory="00fae04f-6d58-4922-bbda-650f229175b4" />
    <UnitTestResult executionId="91d02dae-0af8-4835-a476-caf6780ab58d" testId="d0edd84d-2f50-3142-246d-c739cb00af81" testName="GameBoy.Tests.Mbc3Tests.BatteryInterface_GetExternalRam_IncludesRamAndRtc" computerName="pkrvm7jw40e0xgp" duration="00:00:00.0004354" startTime="2025-09-08T15:10:54.7271981+00:00" endTime="2025-09-08T15:10:54.7271981+00:00" testType="13cdc9d9-ddb5-4fa4-a97d-d965ccfc6d4b" outcome="Passed" testListId="8c84fa94-04c1-424b-9868-57a2d4851a1d" relativeResultsDirectory="91d02dae-0af8-4835-a476-caf6780ab58d" />
    <UnitTestResult executionId="9fc405bb-2d30-4d12-bd2a-68b81a6ae2cf" testId="632b4574-536b-363d-b3df-3cea0d75d690" testName="GameBoy.Tests.AluTests.Subtract_EdgeCases_BehavesCorrectly(a: 255, operand: 1)" computerName="pkrvm7jw40e0xgp" duration="00:00:00.0141665" startTime="2025-09-08T15:10:54.7145870+00:00" endTime="2025-09-08T15:10:54.7145871+00:00" testType="13cdc9d9-ddb5-4fa4-a97d-d965ccfc6d4b" outcome="Passed" testListId="8c84fa94-04c1-424b-9868-57a2d4851a1d" relativeResultsDirectory="9fc405bb-2d30-4d12-bd2a-68b81a6ae2cf" />
    <UnitTestResult executionId="7a27b55c-12d0-4abb-a9d6-362eed2e6851" testId="15e035ed-afb8-5321-580b-fab9257f66ce" testName="GameBoy.Tests.CartridgeHeaderTests.IsValidHeader_InvalidRamSize_ReturnsFalse" computerName="pkrvm7jw40e0xgp" duration="00:00:00.0001767" startTime="2025-09-08T15:10:54.7072673+00:00" endTime="2025-09-08T15:10:54.7072674+00:00" testType="13cdc9d9-ddb5-4fa4-a97d-d965ccfc6d4b" outcome="Passed" testListId="8c84fa94-04c1-424b-9868-57a2d4851a1d" relativeResultsDirectory="7a27b55c-12d0-4abb-a9d6-362eed2e6851" />
    <UnitTestResult executionId="e6e1f58d-2ce5-4a68-b673-79f0f6b08b96" testId="e5d42409-ac9d-df3e-a096-d0c7d1b4028f" testName="GameBoy.Tests.EmulatorMbcIntegrationTests.Emulator_ExternalRamAccessibility_AllMbcTypes" computerName="pkrvm7jw40e0xgp" duration="00:00:00.0126735" startTime="2025-09-08T15:10:54.7157561+00:00" endTime="2025-09-08T15:10:54.7157561+00:00" testType="13cdc9d9-ddb5-4fa4-a97d-d965ccfc6d4b" outcome="Passed" testListId="8c84fa94-04c1-424b-9868-57a2d4851a1d" relativeResultsDirectory="e6e1f58d-2ce5-4a68-b673-79f0f6b08b96" />
    <UnitTestResult executionId="da6ce74e-d224-4fa2-8ccf-fa29f8bff8f5" testId="316e284d-edd5-4bd1-fc45-78d929242d67" testName="GameBoy.Tests.CpuTests.Add_A_r_AddsToRegisterA" computerName="pkrvm7jw40e0xgp" duration="00:00:00.0003213" startTime="2025-09-08T15:10:54.7259514+00:00" endTime="2025-09-08T15:10:54.7259515+00:00" testType="13cdc9d9-ddb5-4fa4-a97d-d965ccfc6d4b" outcome="Passed" testListId="8c84fa94-04c1-424b-9868-57a2d4851a1d" relativeResultsDirectory="da6ce74e-d224-4fa2-8ccf-fa29f8bff8f5" />
    <UnitTestResult executionId="21ea6c1f-3120-4118-9566-dd164fdddf14" testId="dfa8f005-e088-66b0-9056-afac8b9a2771" testName="GameBoy.Tests.CpuAddressingTests.ReadBC_ReadsFromBCAddress" computerName="pkrvm7jw40e0xgp" duration="00:00:00.0016727" startTime="2025-09-08T15:10:54.7156802+00:00" endTime="2025-09-08T15:10:54.7156802+00:00" testType="13cdc9d9-ddb5-4fa4-a97d-d965ccfc6d4b" outcome="Passed" testListId="8c84fa94-04c1-424b-9868-57a2d4851a1d" relativeResultsDirectory="21ea6c1f-3120-4118-9566-dd164fdddf14" />
    <UnitTestResult executionId="d4e47e1c-ab42-41f0-ad75-dfc12079d62a" testId="f5c487c0-bd35-fb9f-7c01-87de885468b0" testName="GameBoy.Tests.Mbc1Tests.WriteRom_AdvancedBankingMode_SwitchesMode" computerName="pkrvm7jw40e0xgp" duration="00:00:00.0127393" startTime="2025-09-08T15:10:54.7304517+00:00" endTime="2025-09-08T15:10:54.7304517+00:00" testType="13cdc9d9-ddb5-4fa4-a97d-d965ccfc6d4b" outcome="Passed" testListId="8c84fa94-04c1-424b-9868-57a2d4851a1d" relativeResultsDirectory="d4e47e1c-ab42-41f0-ad75-dfc12079d62a" />
    <UnitTestResult executionId="5b5212c6-06e4-43d6-bb42-8e29a4ff74dd" testId="fb14dbd9-3f14-990f-c390-f23538e326aa" testName="GameBoy.Tests.CartridgeTests.Detect_AllMbc3Variants_ReturnsCorrectCartridge(cartridgeType: 15)" computerName="pkrvm7jw40e0xgp" duration="00:00:00.0000381" startTime="2025-09-08T15:10:54.7002623+00:00" endTime="2025-09-08T15:10:54.7002623+00:00" testType="13cdc9d9-ddb5-4fa4-a97d-d965ccfc6d4b" outcome="Passed" testListId="8c84fa94-04c1-424b-9868-57a2d4851a1d" relativeResultsDirectory="5b5212c6-06e4-43d6-bb42-8e29a4ff74dd" />
    <UnitTestResult executionId="089368ee-1e45-4dc5-bfd4-290196bfb672" testId="d9602e59-b78b-59fb-0ce2-40e1df8134c9" testName="GameBoy.Tests.AluTests.And_BasicOperation_CorrectResult" computerName="pkrvm7jw40e0xgp" duration="00:00:00.0001677" startTime="2025-09-08T15:10:54.7218667+00:00" endTime="2025-09-08T15:10:54.7218667+00:00" testType="13cdc9d9-ddb5-4fa4-a97d-d965ccfc6d4b" outcome="Passed" testListId="8c84fa94-04c1-424b-9868-57a2d4851a1d" relativeResultsDirectory="089368ee-1e45-4dc5-bfd4-290196bfb672" />
    <UnitTestResult executionId="f46bc5a0-f82d-4373-bb1b-a2136ce8e32c" testId="8f9f63db-2214-9cab-2eef-1fb3bb4b65a4" testName="GameBoy.Tests.CartridgeTests.Detect_AllMbc5Variants_ReturnsCorrectCartridge(cartridgeType: 26)" computerName="pkrvm7jw40e0xgp" duration="00:00:00.0000455" startTime="2025-09-08T15:10:54.7051632+00:00" endTime="2025-09-08T15:10:54.7051632+00:00" testType="13cdc9d9-ddb5-4fa4-a97d-d965ccfc6d4b" outcome="Passed" testListId="8c84fa94-04c1-424b-9868-57a2d4851a1d" relativeResultsDirectory="f46bc5a0-f82d-4373-bb1b-a2136ce8e32c" />
    <UnitTestResult executionId="09640978-89ca-4a50-8bb8-746aea57e0b1" testId="6ae15b65-ae4b-1bce-4c25-6a54788ea6c7" testName="GameBoy.Tests.Mbc1Tests.WriteRom_RamEnable_EnablesRamAccess" computerName="pkrvm7jw40e0xgp" duration="00:00:00.0021367" startTime="2025-09-08T15:10:54.7284611+00:00" endTime="2025-09-08T15:10:54.7284612+00:00" testType="13cdc9d9-ddb5-4fa4-a97d-d965ccfc6d4b" outcome="Passed" testListId="8c84fa94-04c1-424b-9868-57a2d4851a1d" relativeResultsDirectory="09640978-89ca-4a50-8bb8-746aea57e0b1" />
    <UnitTestResult executionId="e7537cb2-801e-43a3-ba7f-b9f51a0218b6" testId="4fce3a6f-33cf-35ce-a94c-5813500576ce" testName="GameBoy.Tests.IoRegionWiringTests.UnusedIoRegisters_IgnoreWrites" computerName="pkrvm7jw40e0xgp" duration="00:00:00.0002983" startTime="2025-09-08T15:10:54.6838128+00:00" endTime="2025-09-08T15:10:54.6838128+00:00" testType="13cdc9d9-ddb5-4fa4-a97d-d965ccfc6d4b" outcome="Passed" testListId="8c84fa94-04c1-424b-9868-57a2d4851a1d" relativeResultsDirectory="e7537cb2-801e-43a3-ba7f-b9f51a0218b6" />
    <UnitTestResult executionId="92b3b743-1aa1-4977-99f1-54e1e7d532ce" testId="1577a67b-c6e1-3fec-6f1a-e23b16f3c308" testName="GameBoy.Tests.CartridgeTests.Detect_AllMbc5Variants_ReturnsCorrectCartridge(cartridgeType: 28)" computerName="pkrvm7jw40e0xgp" duration="00:00:00.0000500" startTime="2025-09-08T15:10:54.7045038+00:00" endTime="2025-09-08T15:10:54.7045039+00:00" testType="13cdc9d9-ddb5-4fa4-a97d-d965ccfc6d4b" outcome="Passed" testListId="8c84fa94-04c1-424b-9868-57a2d4851a1d" relativeResultsDirectory="92b3b743-1aa1-4977-99f1-54e1e7d532ce" />
    <UnitTestResult executionId="305205d1-c8e3-4647-bd00-27fda3e715e5" testId="17117808-92f4-a49f-104a-27c2dae91b62" testName="GameBoy.Tests.Mbc3Tests.RtcLatch_ExtremeValues_HandledGracefully" computerName="pkrvm7jw40e0xgp" duration="00:00:00.0002604" startTime="2025-09-08T15:10:54.7298705+00:00" endTime="2025-09-08T15:10:54.7298706+00:00" testType="13cdc9d9-ddb5-4fa4-a97d-d965ccfc6d4b" outcome="Passed" testListId="8c84fa94-04c1-424b-9868-57a2d4851a1d" relativeResultsDirectory="305205d1-c8e3-4647-bd00-27fda3e715e5" />
    <UnitTestResult executionId="25d03b9f-a354-40c2-94a4-3bfc65fb5852" testId="78862126-efef-49da-6328-723a942c39d3" testName="GameBoy.Tests.Mbc1Tests.ExternalRam_BeyondAvailableBanks_ReturnsFF" computerName="pkrvm7jw40e0xgp" duration="00:00:00.0045867" startTime="2025-09-08T15:10:54.7168794+00:00" endTime="2025-09-08T15:10:54.7168794+00:00" testType="13cdc9d9-ddb5-4fa4-a97d-d965ccfc6d4b" outcome="Passed" testListId="8c84fa94-04c1-424b-9868-57a2d4851a1d" relativeResultsDirectory="25d03b9f-a354-40c2-94a4-3bfc65fb5852" />
    <UnitTestResult executionId="90ea8f9f-3826-4cc0-8872-27e7d52fd1c3" testId="978040fa-4f8b-36da-ab29-4799df628420" testName="GameBoy.Tests.CartridgeTests.Detect_AllMbc3Variants_ReturnsCorrectCartridge(cartridgeType: 17)" computerName="pkrvm7jw40e0xgp" duration="00:00:00.0000512" startTime="2025-09-08T15:10:54.7002078+00:00" endTime="2025-09-08T15:10:54.7002079+00:00" testType="13cdc9d9-ddb5-4fa4-a97d-d965ccfc6d4b" outcome="Passed" testListId="8c84fa94-04c1-424b-9868-57a2d4851a1d" relativeResultsDirectory="90ea8f9f-3826-4cc0-8872-27e7d52fd1c3" />
    <UnitTestResult executionId="c988905c-cfb0-430f-802b-977cab8e5775" testId="dae4ed5e-68f7-ae13-06ad-634f1ae3e185" testName="GameBoy.Tests.EmulatorMbcIntegrationTests.Emulator_BatteryRam_SaveLoad_Mbc5RamBanking" computerName="pkrvm7jw40e0xgp" duration="00:00:00.0055560" startTime="2025-09-08T15:10:54.7195350+00:00" endTime="2025-09-08T15:10:54.7195351+00:00" testType="13cdc9d9-ddb5-4fa4-a97d-d965ccfc6d4b" outcome="Passed" testListId="8c84fa94-04c1-424b-9868-57a2d4851a1d" relativeResultsDirectory="c988905c-cfb0-430f-802b-977cab8e5775" />
    <UnitTestResult executionId="2662bb5b-4eb7-4875-8f7e-b35d4797ed66" testId="0601d065-bb56-7b28-9b46-f6b4ea60b390" testName="GameBoy.Tests.InstructionDecodingTests.CPU_Step_HandlesCBPrefixedOpcodes" computerName="pkrvm7jw40e0xgp" duration="00:00:00.0003289" startTime="2025-09-08T15:10:54.7140131+00:00" endTime="2025-09-08T15:10:54.7140132+00:00" testType="13cdc9d9-ddb5-4fa4-a97d-d965ccfc6d4b" outcome="Passed" testListId="8c84fa94-04c1-424b-9868-57a2d4851a1d" relativeResultsDirectory="2662bb5b-4eb7-4875-8f7e-b35d4797ed66" />
    <UnitTestResult executionId="4709c333-260f-49a7-ba3a-2ae8c7d1b6b2" testId="f506546c-55c3-226b-f092-bf46c3b0e995" testName="GameBoy.Tests.Mbc1Tests.BatteryInterface_NoBatteryCartridge_ReturnsNull" computerName="pkrvm7jw40e0xgp" duration="00:00:00.0002160" startTime="2025-09-08T15:10:54.7305200+00:00" endTime="2025-09-08T15:10:54.7305201+00:00" testType="13cdc9d9-ddb5-4fa4-a97d-d965ccfc6d4b" outcome="Passed" testListId="8c84fa94-04c1-424b-9868-57a2d4851a1d" relativeResultsDirectory="4709c333-260f-49a7-ba3a-2ae8c7d1b6b2" />
    <UnitTestResult executionId="411d9150-6c3f-4c9d-b380-076b81a9439a" testId="858dcae1-c567-bff8-3421-4c4b006488f5" testName="GameBoy.Tests.CartridgeTests.Detect_TooSmallRom_ThrowsException" computerName="pkrvm7jw40e0xgp" duration="00:00:00.0003186" startTime="2025-09-08T15:10:54.7119376+00:00" endTime="2025-09-08T15:10:54.7119377+00:00" testType="13cdc9d9-ddb5-4fa4-a97d-d965ccfc6d4b" outcome="Passed" testListId="8c84fa94-04c1-424b-9868-57a2d4851a1d" relativeResultsDirectory="411d9150-6c3f-4c9d-b380-076b81a9439a" />
    <UnitTestResult executionId="35c9930b-b2cd-4241-87d3-f098561372f0" testId="4ef83935-2c9d-9172-b02d-2e01d610b9a6" testName="GameBoy.Tests.InstructionDecodingTests.SpecificInstructions_HaveCorrectMetadata(opcode: 64, expectedMnemonic: &quot;LD B,B&quot;, expectedLength: 1, expectedCycles: 4, expectedOperandType: Register)" computerName="pkrvm7jw40e0xgp" duration="00:00:00.0000054" startTime="2025-09-08T15:10:54.7092891+00:00" endTime="2025-09-08T15:10:54.7092892+00:00" testType="13cdc9d9-ddb5-4fa4-a97d-d965ccfc6d4b" outcome="Passed" testListId="8c84fa94-04c1-424b-9868-57a2d4851a1d" relativeResultsDirectory="35c9930b-b2cd-4241-87d3-f098561372f0" />
    <UnitTestResult executionId="79e3aef0-968a-4470-b22a-ffc5584425a2" testId="b402c6ca-9fa9-2358-e802-fe13886feb8b" testName="GameBoy.Tests.CartridgeHeaderTests.RomSize_CalculatesCorrectSizeForStandardCodes(code: 7, expectedSize: 4194304)" computerName="pkrvm7jw40e0xgp" duration="00:00:00.0000085" startTime="2025-09-08T15:10:54.7082603+00:00" endTime="2025-09-08T15:10:54.7082604+00:00" testType="13cdc9d9-ddb5-4fa4-a97d-d965ccfc6d4b" outcome="Passed" testListId="8c84fa94-04c1-424b-9868-57a2d4851a1d" relativeResultsDirectory="79e3aef0-968a-4470-b22a-ffc5584425a2" />
    <UnitTestResult executionId="c0dfd2a0-6d96-4c60-b636-83cbf06d636f" testId="6453f326-eec3-69c8-c371-8a4d45690011" testName="GameBoy.Tests.EmulatorMbcIntegrationTests.Emulator_BatteryRam_SaveLoad_Mbc3WithRtc" computerName="pkrvm7jw40e0xgp" duration="00:00:00.0072228" startTime="2025-09-08T15:10:54.7261847+00:00" endTime="2025-09-08T15:10:54.7261847+00:00" testType="13cdc9d9-ddb5-4fa4-a97d-d965ccfc6d4b" outcome="Passed" testListId="8c84fa94-04c1-424b-9868-57a2d4851a1d" relativeResultsDirectory="c0dfd2a0-6d96-4c60-b636-83cbf06d636f" />
    <UnitTestResult executionId="fae9835d-6a88-4f2a-8f6b-2213f0dd7443" testId="bb6d6d49-b42d-12b0-93af-94d6a5818cca" testName="GameBoy.Tests.CpuAddressingTests.SetR8_ThrowsForReservedIndex" computerName="pkrvm7jw40e0xgp" duration="00:00:00.0003993" startTime="2025-09-08T15:10:54.7232451+00:00" endTime="2025-09-08T15:10:54.7232452+00:00" testType="13cdc9d9-ddb5-4fa4-a97d-d965ccfc6d4b" outcome="Passed" testListId="8c84fa94-04c1-424b-9868-57a2d4851a1d" relativeResultsDirectory="fae9835d-6a88-4f2a-8f6b-2213f0dd7443" />
    <UnitTestResult executionId="42bb33ba-cf42-43b5-9fe5-442eb53e11ea" testId="de4e05da-3328-a544-d910-69d51975e04a" testName="GameBoy.Tests.CartridgeHeaderTests.RomSize_CalculatesCorrectSizeForStandardCodes(code: 5, expectedSize: 1048576)" computerName="pkrvm7jw40e0xgp" duration="00:00:00.0000089" startTime="2025-09-08T15:10:54.7083221+00:00" endTime="2025-09-08T15:10:54.7083222+00:00" testType="13cdc9d9-ddb5-4fa4-a97d-d965ccfc6d4b" outcome="Passed" testListId="8c84fa94-04c1-424b-9868-57a2d4851a1d" relativeResultsDirectory="42bb33ba-cf42-43b5-9fe5-442eb53e11ea" />
    <UnitTestResult executionId="3ecec2c3-d9d4-493f-9b08-b1b3af168c15" testId="34179792-2372-f1a4-bfa2-c71419beeb96" testName="GameBoy.Tests.CpuAddressingTests.WriteImm16Addr_WritesToImmediateAddress" computerName="pkrvm7jw40e0xgp" duration="00:00:00.0004846" startTime="2025-09-08T15:10:54.7188202+00:00" endTime="2025-09-08T15:10:54.7188202+00:00" testType="13cdc9d9-ddb5-4fa4-a97d-d965ccfc6d4b" outcome="Passed" testListId="8c84fa94-04c1-424b-9868-57a2d4851a1d" relativeResultsDirectory="3ecec2c3-d9d4-493f-9b08-b1b3af168c15" />
    <UnitTestResult executionId="d56e92ef-048c-489d-bc6e-ed333690eb0d" testId="736a4bef-bdb1-78f2-ba0b-46d191f101ec" testName="GameBoy.Tests.InstructionDecodingTests.Primary_KnownOpcodes_AreNotNull" computerName="pkrvm7jw40e0xgp" duration="00:00:00.0014329" startTime="2025-09-08T15:10:54.7136951+00:00" endTime="2025-09-08T15:10:54.7136952+00:00" testType="13cdc9d9-ddb5-4fa4-a97d-d965ccfc6d4b" outcome="Passed" testListId="8c84fa94-04c1-424b-9868-57a2d4851a1d" relativeResultsDirectory="d56e92ef-048c-489d-bc6e-ed333690eb0d" />
    <UnitTestResult executionId="67f4124c-7587-4178-8edc-23198bc8a436" testId="1482e0f1-adca-ade8-b149-8abc934249b7" testName="GameBoy.Tests.CartridgeHeaderTests.GetMbcType_ReturnsCorrectMbcForKnownTypes" computerName="pkrvm7jw40e0xgp" duration="00:00:00.0110728" startTime="2025-09-08T15:10:54.6995208+00:00" endTime="2025-09-08T15:10:54.6995209+00:00" testType="13cdc9d9-ddb5-4fa4-a97d-d965ccfc6d4b" outcome="Passed" testListId="8c84fa94-04c1-424b-9868-57a2d4851a1d" relativeResultsDirectory="67f4124c-7587-4178-8edc-23198bc8a436" />
    <UnitTestResult executionId="267a6e92-c236-4eb3-a995-953b91f6eb08" testId="6582d5da-7575-b5da-765c-6bd7f2c3c453" testName="GameBoy.Tests.CartridgeTests.Detect_AllMbc5Variants_ReturnsCorrectCartridge(cartridgeType: 30)" computerName="pkrvm7jw40e0xgp" duration="00:00:00.0037479" startTime="2025-09-08T15:10:54.7043750+00:00" endTime="2025-09-08T15:10:54.7043750+00:00" testType="13cdc9d9-ddb5-4fa4-a97d-d965ccfc6d4b" outcome="Passed" testListId="8c84fa94-04c1-424b-9868-57a2d4851a1d" relativeResultsDirectory="267a6e92-c236-4eb3-a995-953b91f6eb08" />
    <UnitTestResult executionId="38b04e5d-7205-44ec-88e7-0f2ef70f9ec5" testId="60fe7012-5b2d-c287-e552-24c4866393ba" testName="GameBoy.Tests.EmulatorMbcIntegrationTests.Mmu_ErrorHandling_ExternalRamAccessibility" computerName="pkrvm7jw40e0xgp" duration="00:00:00.0003399" startTime="2025-09-08T15:10:54.7241070+00:00" endTime="2025-09-08T15:10:54.7241071+00:00" testType="13cdc9d9-ddb5-4fa4-a97d-d965ccfc6d4b" outcome="Passed" testListId="8c84fa94-04c1-424b-9868-57a2d4851a1d" relativeResultsDirectory="38b04e5d-7205-44ec-88e7-0f2ef70f9ec5" />
    <UnitTestResult executionId="6ef47635-4022-4b97-83bb-a15f1d9763a1" testId="08d7c887-cfdb-91f7-a4d3-c86efbebb1e3" testName="GameBoy.Tests.Mbc5Tests.ExternalRam_Max16Banks_WorksCorrectly" computerName="pkrvm7jw40e0xgp" duration="00:00:00.0010094" startTime="2025-09-08T15:10:54.8027232+00:00" endTime="2025-09-08T15:10:54.8027233+00:00" testType="13cdc9d9-ddb5-4fa4-a97d-d965ccfc6d4b" outcome="Passed" testListId="8c84fa94-04c1-424b-9868-57a2d4851a1d" relativeResultsDirectory="6ef47635-4022-4b97-83bb-a15f1d9763a1" />
    <UnitTestResult executionId="4915d1f4-3a12-4e3f-a506-c196676610cf" testId="06119e69-dfbf-234b-b8b0-6197b791bb56" testName="GameBoy.Tests.CartridgeHeaderTests.RamSize_CalculatesCorrectSizeForStandardCodes(code: 0, expectedSize: 0)" computerName="pkrvm7jw40e0xgp" duration="00:00:00.0000349" startTime="2025-09-08T15:10:54.6945952+00:00" endTime="2025-09-08T15:10:54.6945952+00:00" testType="13cdc9d9-ddb5-4fa4-a97d-d965ccfc6d4b" outcome="Passed" testListId="8c84fa94-04c1-424b-9868-57a2d4851a1d" relativeResultsDirectory="4915d1f4-3a12-4e3f-a506-c196676610cf" />
    <UnitTestResult executionId="85a1af8a-3235-46f5-a6a4-1015363bf3dc" testId="7d42feb9-bbac-5e95-7966-4598ed6ca7c8" testName="GameBoy.Tests.CpuAddressingTests.ReadDE_ReadsFromDEAddress" computerName="pkrvm7jw40e0xgp" duration="00:00:00.0003050" startTime="2025-09-08T15:10:54.7184987+00:00" endTime="2025-09-08T15:10:54.7184987+00:00" testType="13cdc9d9-ddb5-4fa4-a97d-d965ccfc6d4b" outcome="Passed" testListId="8c84fa94-04c1-424b-9868-57a2d4851a1d" relativeResultsDirectory="85a1af8a-3235-46f5-a6a4-1015363bf3dc" />
    <UnitTestResult executionId="586bb6f1-789c-42cc-92bd-9404650b6569" testId="a6121617-b4c3-5aa2-fa38-ce9a01f41108" testName="GameBoy.Tests.CartridgeHeaderTests.Parse_ValidRom_ParsesHeaderCorrectly" computerName="pkrvm7jw40e0xgp" duration="00:00:00.0005710" startTime="2025-09-08T15:10:54.7129556+00:00" endTime="2025-09-08T15:10:54.7129556+00:00" testType="13cdc9d9-ddb5-4fa4-a97d-d965ccfc6d4b" outcome="Passed" testListId="8c84fa94-04c1-424b-9868-57a2d4851a1d" relativeResultsDirectory="586bb6f1-789c-42cc-92bd-9404650b6569" />
    <UnitTestResult executionId="f301f769-655b-4d37-b98a-1f6ebc5c4280" testId="7d3ff08e-32d6-15e7-2b0a-f19eaaa9140e" testName="GameBoy.Tests.CartridgeTests.Detect_Mbc3Rom_ReturnsCorrectCartridge" computerName="pkrvm7jw40e0xgp" duration="00:00:00.0001522" startTime="2025-09-08T15:10:54.7103416+00:00" endTime="2025-09-08T15:10:54.7103417+00:00" testType="13cdc9d9-ddb5-4fa4-a97d-d965ccfc6d4b" outcome="Passed" testListId="8c84fa94-04c1-424b-9868-57a2d4851a1d" relativeResultsDirectory="f301f769-655b-4d37-b98a-1f6ebc5c4280" />
    <UnitTestResult executionId="08d87677-5550-4540-b3d5-f6d8122ffa9e" testId="35afbf55-0088-9a3d-88af-fa24445977ec" testName="GameBoy.Tests.AluTests.Or_BasicOperation_CorrectResult" computerName="pkrvm7jw40e0xgp" duration="00:00:00.0002683" startTime="2025-09-08T15:10:54.7196034+00:00" endTime="2025-09-08T15:10:54.7196035+00:00" testType="13cdc9d9-ddb5-4fa4-a97d-d965ccfc6d4b" outcome="Passed" testListId="8c84fa94-04c1-424b-9868-57a2d4851a1d" relativeResultsDirectory="08d87677-5550-4540-b3d5-f6d8122ffa9e" />
    <UnitTestResult executionId="bc19199a-0e71-45fd-bdfd-7e6214b28039" testId="ab6aa2e3-320c-8f7b-e9af-5c9d131cbb2d" testName="GameBoy.Tests.InstructionDecodingTests.SpecificInstructions_HaveCorrectMetadata(opcode: 240, expectedMnemonic: &quot;LDH A,(a8)&quot;, expectedLength: 2, expectedCycles: 12, expectedOperandType: MemoryImmediate8)" computerName="pkrvm7jw40e0xgp" duration="00:00:00.0000131" startTime="2025-09-08T15:10:54.7109469+00:00" endTime="2025-09-08T15:10:54.7109470+00:00" testType="13cdc9d9-ddb5-4fa4-a97d-d965ccfc6d4b" outcome="Passed" testListId="8c84fa94-04c1-424b-9868-57a2d4851a1d" relativeResultsDirectory="bc19199a-0e71-45fd-bdfd-7e6214b28039" />
    <UnitTestResult executionId="bdfd8fd2-8d3a-40b3-b208-7dc1bdf82605" testId="775f5db1-5f70-460a-b41a-0bd44483a2e8" testName="GameBoy.Tests.Mbc3Tests.BatteryInterface_LargeRamSize_HandledCorrectly" computerName="pkrvm7jw40e0xgp" duration="00:00:00.0002977" startTime="2025-09-08T15:10:54.7289433+00:00" endTime="2025-09-08T15:10:54.7289434+00:00" testType="13cdc9d9-ddb5-4fa4-a97d-d965ccfc6d4b" outcome="Passed" testListId="8c84fa94-04c1-424b-9868-57a2d4851a1d" relativeResultsDirectory="bdfd8fd2-8d3a-40b3-b208-7dc1bdf82605" />
    <UnitTestResult executionId="c823cbe1-ffcb-4603-8ed5-64c0c499accf" testId="bfb1d342-e7f4-aed9-f8c1-b4963cb41e12" testName="GameBoy.Tests.AluTests.Xor_BasicOperation_CorrectResult" computerName="pkrvm7jw40e0xgp" duration="00:00:00.0002368" startTime="2025-09-08T15:10:54.7153272+00:00" endTime="2025-09-08T15:10:54.7153273+00:00" testType="13cdc9d9-ddb5-4fa4-a97d-d965ccfc6d4b" outcome="Passed" testListId="8c84fa94-04c1-424b-9868-57a2d4851a1d" relativeResultsDirectory="c823cbe1-ffcb-4603-8ed5-64c0c499accf" />
    <UnitTestResult executionId="66df73fa-ad97-45a0-b157-d6fd85f2865c" testId="2f0ddee0-7fdb-c7a4-59d6-c0c2dfc9450d" testName="GameBoy.Tests.Mbc5Tests.WriteRom_MaxBankNumber_WorksAtLimits" computerName="pkrvm7jw40e0xgp" duration="00:00:00.0247691" startTime="2025-09-08T15:10:54.8009133+00:00" endTime="2025-09-08T15:10:54.8009135+00:00" testType="13cdc9d9-ddb5-4fa4-a97d-d965ccfc6d4b" outcome="Passed" testListId="8c84fa94-04c1-424b-9868-57a2d4851a1d" relativeResultsDirectory="66df73fa-ad97-45a0-b157-d6fd85f2865c" />
    <UnitTestResult executionId="6113f7ec-9f3c-44af-a8ab-77587eee36e2" testId="16ac6d48-3c29-1113-a2f2-ffb9acaad24b" testName="GameBoy.Tests.CartridgeHeaderTests.RomSize_InvalidCodes_DefaultsTo32KB(code: 9)" computerName="pkrvm7jw40e0xgp" duration="00:00:00.0000262" startTime="2025-09-08T15:10:54.7042466+00:00" endTime="2025-09-08T15:10:54.7042467+00:00" testType="13cdc9d9-ddb5-4fa4-a97d-d965ccfc6d4b" outcome="Passed" testListId="8c84fa94-04c1-424b-9868-57a2d4851a1d" relativeResultsDirectory="6113f7ec-9f3c-44af-a8ab-77587eee36e2" />
    <UnitTestResult executionId="8cf1ff83-5422-492e-88c4-03fb07a69f0a" testId="4f4a5c37-0801-c8cd-ca9d-3dd3c079ddeb" testName="GameBoy.Tests.CartridgeHeaderTests.RomSize_CalculatesCorrectSizeForStandardCodes(code: 2, expectedSize: 131072)" computerName="pkrvm7jw40e0xgp" duration="00:00:00.0002338" startTime="2025-09-08T15:10:54.7074691+00:00" endTime="2025-09-08T15:10:54.7074692+00:00" testType="13cdc9d9-ddb5-4fa4-a97d-d965ccfc6d4b" outcome="Passed" testListId="8c84fa94-04c1-424b-9868-57a2d4851a1d" relativeResultsDirectory="8cf1ff83-5422-492e-88c4-03fb07a69f0a" />
    <UnitTestResult executionId="97486ffd-9658-4540-81fe-8ce067d6e223" testId="d3973571-32a8-c5e0-9b1c-cda06e91ccb3" testName="GameBoy.Tests.CartridgeMmuIntegrationTests.Mmu_ExternalRam_Mbc3WithRtc" computerName="pkrvm7jw40e0xgp" duration="00:00:00.0012614" startTime="2025-09-08T15:10:54.7064218+00:00" endTime="2025-09-08T15:10:54.7064219+00:00" testType="13cdc9d9-ddb5-4fa4-a97d-d965ccfc6d4b" outcome="Passed" testListId="8c84fa94-04c1-424b-9868-57a2d4851a1d" relativeResultsDirectory="97486ffd-9658-4540-81fe-8ce067d6e223" />
    <UnitTestResult executionId="058e411d-c815-43e2-a4ff-5d8cf0730d18" testId="0ef137cf-3441-6ca1-8a80-9137dfd5bd2c" testName="GameBoy.Tests.TestResetBehavior.Reset_RestoresAllIORegisterDefaults" computerName="pkrvm7jw40e0xgp" duration="00:00:00.0009874" startTime="2025-09-08T15:10:54.6936378+00:00" endTime="2025-09-08T15:10:54.6936379+00:00" testType="13cdc9d9-ddb5-4fa4-a97d-d965ccfc6d4b" outcome="Passed" testListId="8c84fa94-04c1-424b-9868-57a2d4851a1d" relativeResultsDirectory="058e411d-c815-43e2-a4ff-5d8cf0730d18" />
    <UnitTestResult executionId="221770c1-c76a-4a9f-96ca-6620647fe9d9" testId="d762547f-1f34-4efc-725e-aa84742baa26" testName="GameBoy.Tests.IoRegsTests.IoRegs_ShouldHaveCorrectAddresses" computerName="pkrvm7jw40e0xgp" duration="00:00:00.0001847" startTime="2025-09-08T15:10:54.7250856+00:00" endTime="2025-09-08T15:10:54.7250857+00:00" testType="13cdc9d9-ddb5-4fa4-a97d-d965ccfc6d4b" outcome="Passed" testListId="8c84fa94-04c1-424b-9868-57a2d4851a1d" relativeResultsDirectory="221770c1-c76a-4a9f-96ca-6620647fe9d9" />
    <UnitTestResult executionId="f0e8df3b-a731-4b2c-acbb-1b2c86002282" testId="bcb080de-7b48-8b9a-c3cc-d1356e3215db" testName="GameBoy.Tests.CartridgeHeaderTests.IsValidHeader_InvalidDestinationCodes_ReturnsFalse(destinationCode: 255)" computerName="pkrvm7jw40e0xgp" duration="00:00:00.0003530" startTime="2025-09-08T15:10:54.7073992+00:00" endTime="2025-09-08T15:10:54.7073992+00:00" testType="13cdc9d9-ddb5-4fa4-a97d-d965ccfc6d4b" outcome="Passed" testListId="8c84fa94-04c1-424b-9868-57a2d4851a1d" relativeResultsDirectory="f0e8df3b-a731-4b2c-acbb-1b2c86002282" />
    <UnitTestResult executionId="9fbdb845-5ddb-45e1-adcc-678601226869" testId="84ded9fb-ede0-3dc1-80e9-1a25585c6b33" testName="GameBoy.Tests.CartridgeTests.Detect_Mbc0Rom_ReturnsCorrectCartridge" computerName="pkrvm7jw40e0xgp" duration="00:00:00.0001905" startTime="2025-09-08T15:10:54.7112698+00:00" endTime="2025-09-08T15:10:54.7112698+00:00" testType="13cdc9d9-ddb5-4fa4-a97d-d965ccfc6d4b" outcome="Passed" testListId="8c84fa94-04c1-424b-9868-57a2d4851a1d" relativeResultsDirectory="9fbdb845-5ddb-45e1-adcc-678601226869" />
    <UnitTestResult executionId="5152bda7-70c0-4b4c-9eb3-2e9e2d944589" testId="81e9898a-dae0-2d9c-2628-6c8ec1abaae7" testName="GameBoy.Tests.CpuAddressingTests.GetR8_ThrowsForInvalidIndex" computerName="pkrvm7jw40e0xgp" duration="00:00:00.0005834" startTime="2025-09-08T15:10:54.7217689+00:00" endTime="2025-09-08T15:10:54.7217689+00:00" testType="13cdc9d9-ddb5-4fa4-a97d-d965ccfc6d4b" outcome="Passed" testListId="8c84fa94-04c1-424b-9868-57a2d4851a1d" relativeResultsDirectory="5152bda7-70c0-4b4c-9eb3-2e9e2d944589" />
    <UnitTestResult executionId="324a3b85-00b1-442b-9b12-e2ca23abdce7" testId="33e21037-951c-3984-e25a-6ac5be42e655" testName="GameBoy.Tests.Mbc5Tests.BatteryInterface_GetExternalRam_ReturnsDataIfModified" computerName="pkrvm7jw40e0xgp" duration="00:00:00.0004799" startTime="2025-09-08T15:10:54.7751354+00:00" endTime="2025-09-08T15:10:54.7751355+00:00" testType="13cdc9d9-ddb5-4fa4-a97d-d965ccfc6d4b" outcome="Passed" testListId="8c84fa94-04c1-424b-9868-57a2d4851a1d" relativeResultsDirectory="324a3b85-00b1-442b-9b12-e2ca23abdce7" />
    <UnitTestResult executionId="bc0c6229-5360-4d6b-8ae7-5c95eb6e1f61" testId="ce47119b-555f-ee65-92de-3bb15cab0644" testName="GameBoy.Tests.CartridgeTests.Detect_AllMbc5Variants_ReturnsCorrectCartridge(cartridgeType: 29)" computerName="pkrvm7jw40e0xgp" duration="00:00:00.0000356" startTime="2025-09-08T15:10:54.7050315+00:00" endTime="2025-09-08T15:10:54.7050316+00:00" testType="13cdc9d9-ddb5-4fa4-a97d-d965ccfc6d4b" outcome="Passed" testListId="8c84fa94-04c1-424b-9868-57a2d4851a1d" relativeResultsDirectory="bc0c6229-5360-4d6b-8ae7-5c95eb6e1f61" />
    <UnitTestResult executionId="4d7b2bde-b3f4-4b7f-af0e-eef3605d4728" testId="c0db7c81-a881-e4f5-0ea7-cff88ddfe178" testName="GameBoy.Tests.AluTests.Or_ZeroResult_SetsZeroFlag" computerName="pkrvm7jw40e0xgp" duration="00:00:00.0001337" startTime="2025-09-08T15:10:54.7204048+00:00" endTime="2025-09-08T15:10:54.7204049+00:00" testType="13cdc9d9-ddb5-4fa4-a97d-d965ccfc6d4b" outcome="Passed" testListId="8c84fa94-04c1-424b-9868-57a2d4851a1d" relativeResultsDirectory="4d7b2bde-b3f4-4b7f-af0e-eef3605d4728" />
    <UnitTestResult executionId="757c9168-64bc-4975-a6a3-9428f9e58fa7" testId="c487837f-bc02-4b5c-1084-74141b7cd152" testName="GameBoy.Tests.CpuAddressingTests.WriteDE_WritesToDEAddress" computerName="pkrvm7jw40e0xgp" duration="00:00:00.0003685" startTime="2025-09-08T15:10:54.7128126+00:00" endTime="2025-09-08T15:10:54.7128126+00:00" testType="13cdc9d9-ddb5-4fa4-a97d-d965ccfc6d4b" outcome="Passed" testListId="8c84fa94-04c1-424b-9868-57a2d4851a1d" relativeResultsDirectory="757c9168-64bc-4975-a6a3-9428f9e58fa7" />
    <UnitTestResult executionId="c73c9b95-5f19-4ec3-be68-d5dfcde75b35" testId="af249e2c-5143-e89b-5b70-06a4d6e94623" testName="GameBoy.Tests.MmuTests.IF_ReadsDefaultValue" computerName="pkrvm7jw40e0xgp" duration="00:00:00.0001921" startTime="2025-09-08T15:10:54.6893576+00:00" endTime="2025-09-08T15:10:54.6893576+00:00" testType="13cdc9d9-ddb5-4fa4-a97d-d965ccfc6d4b" outcome="Passed" testListId="8c84fa94-04c1-424b-9868-57a2d4851a1d" relativeResultsDirectory="c73c9b95-5f19-4ec3-be68-d5dfcde75b35" />
    <UnitTestResult executionId="dde7e41e-82ce-48a4-b29d-65e655a61a68" testId="abf8d7ba-f706-2765-abe8-1f16390792ce" testName="GameBoy.Tests.Mbc5Tests.BatteryInterface_MaxRamSize_HandledCorrectly" computerName="pkrvm7jw40e0xgp" duration="00:00:00.0023792" startTime="2025-09-08T15:10:54.7728620+00:00" endTime="2025-09-08T15:10:54.7728621+00:00" testType="13cdc9d9-ddb5-4fa4-a97d-d965ccfc6d4b" outcome="Passed" testListId="8c84fa94-04c1-424b-9868-57a2d4851a1d" relativeResultsDirectory="dde7e41e-82ce-48a4-b29d-65e655a61a68" />
    <UnitTestResult executionId="df953f51-b3cd-4d6c-86df-d2cdc470702a" testId="1b9d65b8-139a-a2f4-8cd6-e1438d583a82" testName="GameBoy.Tests.CpuAddressingTests.SetR16_SetsCorrectRegisterPairValues" computerName="pkrvm7jw40e0xgp" duration="00:00:00.0004417" startTime="2025-09-08T15:10:54.7192797+00:00" endTime="2025-09-08T15:10:54.7192798+00:00" testType="13cdc9d9-ddb5-4fa4-a97d-d965ccfc6d4b" outcome="Passed" testListId="8c84fa94-04c1-424b-9868-57a2d4851a1d" relativeResultsDirectory="df953f51-b3cd-4d6c-86df-d2cdc470702a" />
    <UnitTestResult executionId="5c06e18b-e79c-464b-9e76-c4b5bff2aade" testId="5d0d8ccb-a2bc-886d-beda-f4f6179b95cf" testName="GameBoy.Tests.CpuAddressingTests.HL_IncrementDecrement_HandlesOverflowCorrectly" computerName="pkrvm7jw40e0xgp" duration="00:00:00.0039527" startTime="2025-09-08T15:10:54.7184184+00:00" endTime="2025-09-08T15:10:54.7184185+00:00" testType="13cdc9d9-ddb5-4fa4-a97d-d965ccfc6d4b" outcome="Passed" testListId="8c84fa94-04c1-424b-9868-57a2d4851a1d" relativeResultsDirectory="5c06e18b-e79c-464b-9e76-c4b5bff2aade" />
    <UnitTestResult executionId="65385c50-8368-40b5-a46f-8fb15ad2f635" testId="4501750c-47b1-1500-d12b-8c4255549279" testName="GameBoy.Tests.CartridgeMmuIntegrationTests.Mmu_NoCartridge_ExternalRamReturnsFF" computerName="pkrvm7jw40e0xgp" duration="00:00:00.0043638" startTime="2025-09-08T15:10:54.6982650+00:00" endTime="2025-09-08T15:10:54.6982651+00:00" testType="13cdc9d9-ddb5-4fa4-a97d-d965ccfc6d4b" outcome="Passed" testListId="8c84fa94-04c1-424b-9868-57a2d4851a1d" relativeResultsDirectory="65385c50-8368-40b5-a46f-8fb15ad2f635" />
    <UnitTestResult executionId="67409a48-1dbc-463f-8c12-43cdb6408c11" testId="2c628e7d-7b5c-b3e1-9694-ce7025fafa07" testName="GameBoy.Tests.CpuAddressingTests.WriteHLD_WritesToHLAddressThenDecrementsHL" computerName="pkrvm7jw40e0xgp" duration="00:00:00.0003410" startTime="2025-09-08T15:10:54.7163478+00:00" endTime="2025-09-08T15:10:54.7163479+00:00" testType="13cdc9d9-ddb5-4fa4-a97d-d965ccfc6d4b" outcome="Passed" testListId="8c84fa94-04c1-424b-9868-57a2d4851a1d" relativeResultsDirectory="67409a48-1dbc-463f-8c12-43cdb6408c11" />
    <UnitTestResult executionId="3e6ca73d-3cb4-440a-b951-0ba5237c3b21" testId="4cabacea-653b-d135-c20d-4b3c21639445" testName="GameBoy.Tests.Mbc1Tests.ReadRom_BankX_ReadsFromSwitchableBank" computerName="pkrvm7jw40e0xgp" duration="00:00:00.0061903" startTime="2025-09-08T15:10:54.7306340+00:00" endTime="2025-09-08T15:10:54.7306341+00:00" testType="13cdc9d9-ddb5-4fa4-a97d-d965ccfc6d4b" outcome="Passed" testListId="8c84fa94-04c1-424b-9868-57a2d4851a1d" relativeResultsDirectory="3e6ca73d-3cb4-440a-b951-0ba5237c3b21" />
    <UnitTestResult executionId="1e2d263d-adff-4185-a52f-237994226d24" testId="42b1165a-c412-4f02-26e5-5e4d767a8d9f" testName="GameBoy.Tests.Mbc3Tests.WriteRom_RamAndTimerEnable_EnablesAccess" computerName="pkrvm7jw40e0xgp" duration="00:00:00.0003901" startTime="2025-09-08T15:10:54.7297361+00:00" endTime="2025-09-08T15:10:54.7297362+00:00" testType="13cdc9d9-ddb5-4fa4-a97d-d965ccfc6d4b" outcome="Passed" testListId="8c84fa94-04c1-424b-9868-57a2d4851a1d" relativeResultsDirectory="1e2d263d-adff-4185-a52f-237994226d24" />
    <UnitTestResult executionId="1f7e28b7-fe41-416f-826b-758ee6b9c32b" testId="4f41d852-180f-2523-dd4d-7c6a551e0868" testName="GameBoy.Tests.Mbc5Tests.BatteryInterface_LoadExternalRam_LoadsSavedData" computerName="pkrvm7jw40e0xgp" duration="00:00:00.0003007" startTime="2025-09-08T15:10:54.7453751+00:00" endTime="2025-09-08T15:10:54.7453752+00:00" testType="13cdc9d9-ddb5-4fa4-a97d-d965ccfc6d4b" outcome="Passed" testListId="8c84fa94-04c1-424b-9868-57a2d4851a1d" relativeResultsDirectory="1f7e28b7-fe41-416f-826b-758ee6b9c32b" />
    <UnitTestResult executionId="56723aab-f6fb-4def-bd63-6cb56fed5c6a" testId="9011e578-9021-2ea1-2f28-2ef9d7bf8f9d" testName="GameBoy.Tests.AluTests.Subtract_BasicOperation_CorrectResult" computerName="pkrvm7jw40e0xgp" duration="00:00:00.0001406" startTime="2025-09-08T15:10:54.7203348+00:00" endTime="2025-09-08T15:10:54.7203348+00:00" testType="13cdc9d9-ddb5-4fa4-a97d-d965ccfc6d4b" outcome="Passed" testListId="8c84fa94-04c1-424b-9868-57a2d4851a1d" relativeResultsDirectory="56723aab-f6fb-4def-bd63-6cb56fed5c6a" />
    <UnitTestResult executionId="99690c11-1b8e-4bd5-83ed-3f1b56fffe79" testId="e7e04a3e-1ec2-ba48-ac24-a7974f765367" testName="GameBoy.Tests.Mbc3Tests.RtcRegisters_BoundaryValues_HandledCorrectly" computerName="pkrvm7jw40e0xgp" duration="00:00:00.0003824" startTime="2025-09-08T15:10:54.7303299+00:00" endTime="2025-09-08T15:10:54.7303300+00:00" testType="13cdc9d9-ddb5-4fa4-a97d-d965ccfc6d4b" outcome="Passed" testListId="8c84fa94-04c1-424b-9868-57a2d4851a1d" relativeResultsDirectory="99690c11-1b8e-4bd5-83ed-3f1b56fffe79" />
    <UnitTestResult executionId="1a6f59bf-41b6-4795-8cb5-cfe7e3f300c7" testId="fdcebadb-0653-3b7a-1e44-b449ea53d695" testName="GameBoy.Tests.Mbc1Tests.WriteRom_InvalidAddressRanges_Ignored" computerName="pkrvm7jw40e0xgp" duration="00:00:00.0006510" startTime="2025-09-08T15:10:54.7182595+00:00" endTime="2025-09-08T15:10:54.7182596+00:00" testType="13cdc9d9-ddb5-4fa4-a97d-d965ccfc6d4b" outcome="Passed" testListId="8c84fa94-04c1-424b-9868-57a2d4851a1d" relativeResultsDirectory="1a6f59bf-41b6-4795-8cb5-cfe7e3f300c7" />
    <UnitTestResult executionId="95fa103d-fe14-4924-8f77-54377747da7f" testId="9a193880-0dbc-0c20-4bde-874bbeb0b7c0" testName="GameBoy.Tests.InstructionDecodingTests.Instruction_ExplicitOperandType_OverridesDeduction" computerName="pkrvm7jw40e0xgp" duration="00:00:00.0074185" startTime="2025-09-08T15:10:54.7144268+00:00" endTime="2025-09-08T15:10:54.7144269+00:00" testType="13cdc9d9-ddb5-4fa4-a97d-d965ccfc6d4b" outcome="Passed" testListId="8c84fa94-04c1-424b-9868-57a2d4851a1d" relativeResultsDirectory="95fa103d-fe14-4924-8f77-54377747da7f" />
    <UnitTestResult executionId="8d9b90c6-73be-4e4a-a8be-3619760da70f" testId="fdb2cf0c-963b-0925-7ea4-74bfa1abb27b" testName="GameBoy.Tests.CpuAddressingTests.AddressingHelpers_WorkWithOpcodeExecution" computerName="pkrvm7jw40e0xgp" duration="00:00:00.0060171" startTime="2025-09-08T15:10:54.7137846+00:00" endTime="2025-09-08T15:10:54.7137848+00:00" testType="13cdc9d9-ddb5-4fa4-a97d-d965ccfc6d4b" outcome="Passed" testListId="8c84fa94-04c1-424b-9868-57a2d4851a1d" relativeResultsDirectory="8d9b90c6-73be-4e4a-a8be-3619760da70f" />
    <UnitTestResult executionId="25b7b043-6867-4407-a431-87a116f680df" testId="6a0c53f0-2c18-115f-f674-49a785fc4aaf" testName="GameBoy.Tests.CartridgeHeaderTests.RomSize_InvalidCodes_DefaultsTo32KB(code: 255)" computerName="pkrvm7jw40e0xgp" duration="00:00:00.0002316" startTime="2025-09-08T15:10:54.7041328+00:00" endTime="2025-09-08T15:10:54.7041328+00:00" testType="13cdc9d9-ddb5-4fa4-a97d-d965ccfc6d4b" outcome="Passed" testListId="8c84fa94-04c1-424b-9868-57a2d4851a1d" relativeResultsDirectory="25b7b043-6867-4407-a431-87a116f680df" />
    <UnitTestResult executionId="fef845af-3e82-4d3a-92d6-1c381a763886" testId="3b99c33c-b8ac-a228-4beb-830e9e783e7b" testName="GameBoy.Tests.Mbc3Tests.WriteRom_Bank7BitLimit_OnlyLower7BitsUsed" computerName="pkrvm7jw40e0xgp" duration="00:00:00.0049129" startTime="2025-09-08T15:10:54.7305875+00:00" endTime="2025-09-08T15:10:54.7305875+00:00" testType="13cdc9d9-ddb5-4fa4-a97d-d965ccfc6d4b" outcome="Passed" testListId="8c84fa94-04c1-424b-9868-57a2d4851a1d" relativeResultsDirectory="fef845af-3e82-4d3a-92d6-1c381a763886" />
    <UnitTestResult executionId="f8de30e7-e429-4f28-b332-8ab97df845b2" testId="35a43724-bb7a-aa6d-ce4d-11f4892a4d02" testName="GameBoy.Tests.IoRegionWiringTests.IoRegion_AllReads_CallReadIoRegister" computerName="pkrvm7jw40e0xgp" duration="00:00:00.0055327" startTime="2025-09-08T15:10:54.6833850+00:00" endTime="2025-09-08T15:10:54.6833851+00:00" testType="13cdc9d9-ddb5-4fa4-a97d-d965ccfc6d4b" outcome="Passed" testListId="8c84fa94-04c1-424b-9868-57a2d4851a1d" relativeResultsDirectory="f8de30e7-e429-4f28-b332-8ab97df845b2" />
    <UnitTestResult executionId="780257fd-3226-4f52-8942-9c58b0cd4af7" testId="e9dd6e02-63bd-b5c1-f963-b4c256130de1" testName="GameBoy.Tests.CartridgeTests.Detect_AllMbc1Variants_ReturnsCorrectCartridge(cartridgeType: 3)" computerName="pkrvm7jw40e0xgp" duration="00:00:00.0030994" startTime="2025-09-08T15:10:54.6981927+00:00" endTime="2025-09-08T15:10:54.6981927+00:00" testType="13cdc9d9-ddb5-4fa4-a97d-d965ccfc6d4b" outcome="Passed" testListId="8c84fa94-04c1-424b-9868-57a2d4851a1d" relativeResultsDirectory="780257fd-3226-4f52-8942-9c58b0cd4af7" />
    <UnitTestResult executionId="a3ac2ad7-fc62-4304-a559-31f9cbdfc5c8" testId="9237a3ba-0ae3-e8c9-4a5e-4cfc59fd3dad" testName="GameBoy.Tests.Mbc1Tests.ReadRom_Bank0_ReadsFromFixedBank" computerName="pkrvm7jw40e0xgp" duration="00:00:00.0003592" startTime="2025-09-08T15:10:54.7173829+00:00" endTime="2025-09-08T15:10:54.7173829+00:00" testType="13cdc9d9-ddb5-4fa4-a97d-d965ccfc6d4b" outcome="Passed" testListId="8c84fa94-04c1-424b-9868-57a2d4851a1d" relativeResultsDirectory="a3ac2ad7-fc62-4304-a559-31f9cbdfc5c8" />
    <UnitTestResult executionId="00e1a52a-e79d-4c7b-bc7c-3967bd2d9671" testId="8501c1ff-99df-e43e-04d1-1abd761272e3" testName="GameBoy.Tests.CpuAddressingTests.GetR8_ThrowsForReservedIndex" computerName="pkrvm7jw40e0xgp" duration="00:00:00.0009819" startTime="2025-09-08T15:10:54.7165827+00:00" endTime="2025-09-08T15:10:54.7165828+00:00" testType="13cdc9d9-ddb5-4fa4-a97d-d965ccfc6d4b" outcome="Passed" testListId="8c84fa94-04c1-424b-9868-57a2d4851a1d" relativeResultsDirectory="00e1a52a-e79d-4c7b-bc7c-3967bd2d9671" />
    <UnitTestResult executionId="64a5bbca-b551-43d6-8f6e-7e5cc25b8b18" testId="384b0a87-c0a9-5807-477b-a9400dded61d" testName="GameBoy.Tests.MmuTests.ReadWriteWord_CrossesRegionBoundaries" computerName="pkrvm7jw40e0xgp" duration="00:00:00.0005237" startTime="2025-09-08T15:10:54.5417132+00:00" endTime="2025-09-08T15:10:54.5417133+00:00" testType="13cdc9d9-ddb5-4fa4-a97d-d965ccfc6d4b" outcome="Passed" testListId="8c84fa94-04c1-424b-9868-57a2d4851a1d" relativeResultsDirectory="64a5bbca-b551-43d6-8f6e-7e5cc25b8b18" />
    <UnitTestResult executionId="ad9dc7d8-6e18-44c7-8cd5-28ea4624e036" testId="b4c8c3b9-a36c-6415-a70e-08ca70305f80" testName="GameBoy.Tests.MmuTests.DIV_ReadsDefaultValue" computerName="pkrvm7jw40e0xgp" duration="00:00:00.0002155" startTime="2025-09-08T15:10:54.6932919+00:00" endTime="2025-09-08T15:10:54.6932919+00:00" testType="13cdc9d9-ddb5-4fa4-a97d-d965ccfc6d4b" outcome="Passed" testListId="8c84fa94-04c1-424b-9868-57a2d4851a1d" relativeResultsDirectory="ad9dc7d8-6e18-44c7-8cd5-28ea4624e036" />
    <UnitTestResult executionId="34474dfc-7da9-471b-821a-a4413c75e447" testId="534c64a1-8930-aca9-d3cf-404328265340" testName="GameBoy.Tests.CartridgeHeaderTests.RamSize_CalculatesCorrectSizeForStandardCodes(code: 4, expectedSize: 131072)" computerName="pkrvm7jw40e0xgp" duration="00:00:00.0000373" startTime="2025-09-08T15:10:54.6944244+00:00" endTime="2025-09-08T15:10:54.6944244+00:00" testType="13cdc9d9-ddb5-4fa4-a97d-d965ccfc6d4b" outcome="Passed" testListId="8c84fa94-04c1-424b-9868-57a2d4851a1d" relativeResultsDirectory="34474dfc-7da9-471b-821a-a4413c75e447" />
    <UnitTestResult executionId="5cd37cb4-7fec-41fa-bda1-d20c2ab21c9e" testId="4b1efd1d-1820-03cc-1d36-d771cb4401fa" testName="GameBoy.Tests.AddressingHelpersExampleTests.Example_HighRAMAccess" computerName="pkrvm7jw40e0xgp" duration="00:00:00.0003643" startTime="2025-09-08T15:10:54.7247939+00:00" endTime="2025-09-08T15:10:54.7247940+00:00" testType="13cdc9d9-ddb5-4fa4-a97d-d965ccfc6d4b" outcome="Passed" testListId="8c84fa94-04c1-424b-9868-57a2d4851a1d" relativeResultsDirectory="5cd37cb4-7fec-41fa-bda1-d20c2ab21c9e" />
    <UnitTestResult executionId="eea7919d-ab10-486b-baee-ff8eeaf27a50" testId="0d5a7d16-1b49-533d-395a-8b9c7d4f8bf2" testName="GameBoy.Tests.Mbc5Tests.WriteRom_UnusedRanges_IgnoredCorrectly" computerName="pkrvm7jw40e0xgp" duration="00:00:00.0025070" startTime="2025-09-08T15:10:54.7269543+00:00" endTime="2025-09-08T15:10:54.7269544+00:00" testType="13cdc9d9-ddb5-4fa4-a97d-d965ccfc6d4b" outcome="Passed" testListId="8c84fa94-04c1-424b-9868-57a2d4851a1d" relativeResultsDirectory="eea7919d-ab10-486b-baee-ff8eeaf27a50" />
    <UnitTestResult executionId="e721eeb6-49c9-4a46-b229-f3aaf3b831df" testId="df1a0b85-3fcf-73cc-b0eb-77a8095511aa" testName="GameBoy.Tests.AluTests.AddWithCarry_NoCarryIn_SameAsAdd" computerName="pkrvm7jw40e0xgp" duration="00:00:00.0002212" startTime="2025-09-08T15:10:54.7222430+00:00" endTime="2025-09-08T15:10:54.7222430+00:00" testType="13cdc9d9-ddb5-4fa4-a97d-d965ccfc6d4b" outcome="Passed" testListId="8c84fa94-04c1-424b-9868-57a2d4851a1d" relativeResultsDirectory="e721eeb6-49c9-4a46-b229-f3aaf3b831df" />
    <UnitTestResult executionId="ea23baa5-7dcf-4a30-be1e-00540a8daa0e" testId="952e2890-324a-d838-d4b1-84d5ed86c944" testName="GameBoy.Tests.AluTests.AddWithCarry_CarryInCausesHalfCarry" computerName="pkrvm7jw40e0xgp" duration="00:00:00.0001412" startTime="2025-09-08T15:10:54.7220955+00:00" endTime="2025-09-08T15:10:54.7220956+00:00" testType="13cdc9d9-ddb5-4fa4-a97d-d965ccfc6d4b" outcome="Passed" testListId="8c84fa94-04c1-424b-9868-57a2d4851a1d" relativeResultsDirectory="ea23baa5-7dcf-4a30-be1e-00540a8daa0e" />
    <UnitTestResult executionId="2b9ce123-bfff-4b8d-a035-73495bcfa0d1" testId="0e1a1065-5acf-b7b2-59dc-9aa570229662" testName="GameBoy.Tests.CartridgeHeaderTests.RomSize_CalculatesCorrectSizeForStandardCodes(code: 4, expectedSize: 524288)" computerName="pkrvm7jw40e0xgp" duration="00:00:00.0000150" startTime="2025-09-08T15:10:54.7077554+00:00" endTime="2025-09-08T15:10:54.7077554+00:00" testType="13cdc9d9-ddb5-4fa4-a97d-d965ccfc6d4b" outcome="Passed" testListId="8c84fa94-04c1-424b-9868-57a2d4851a1d" relativeResultsDirectory="2b9ce123-bfff-4b8d-a035-73495bcfa0d1" />
    <UnitTestResult executionId="418c5ae8-549c-4c3c-b1d7-63f2dd50e8e7" testId="c16dde80-73df-e503-e4c5-5ac4986a1dbe" testName="GameBoy.Tests.CartridgeHeaderTests.IsValidHeader_InvalidDestinationCode_ReturnsFalse" computerName="pkrvm7jw40e0xgp" duration="00:00:00.0001858" startTime="2025-09-08T15:10:54.7084451+00:00" endTime="2025-09-08T15:10:54.7084451+00:00" testType="13cdc9d9-ddb5-4fa4-a97d-d965ccfc6d4b" outcome="Passed" testListId="8c84fa94-04c1-424b-9868-57a2d4851a1d" relativeResultsDirectory="418c5ae8-549c-4c3c-b1d7-63f2dd50e8e7" />
    <UnitTestResult executionId="3a09af53-2551-4323-a68e-f84caa2476a0" testId="57d568c1-bd70-919f-3764-999333747a26" testName="GameBoy.Tests.Mbc3Tests.RtcRegisters_InvalidRegisterAccess_ReturnsFF" computerName="pkrvm7jw40e0xgp" duration="00:00:00.0002406" startTime="2025-09-08T15:10:54.7294647+00:00" endTime="2025-09-08T15:10:54.7294647+00:00" testType="13cdc9d9-ddb5-4fa4-a97d-d965ccfc6d4b" outcome="Passed" testListId="8c84fa94-04c1-424b-9868-57a2d4851a1d" relativeResultsDirectory="3a09af53-2551-4323-a68e-f84caa2476a0" />
    <UnitTestResult executionId="cc8738a2-809e-44a3-b141-84390d7bb5e6" testId="6336ba2d-9125-3123-2fea-5b0f73d2d9dd" testName="GameBoy.Tests.EmulatorMbcIntegrationTests.Emulator_BatteryRam_SaveLoad_Mbc1" computerName="pkrvm7jw40e0xgp" duration="00:00:00.0005362" startTime="2025-09-08T15:10:54.7242699+00:00" endTime="2025-09-08T15:10:54.7242699+00:00" testType="13cdc9d9-ddb5-4fa4-a97d-d965ccfc6d4b" outcome="Passed" testListId="8c84fa94-04c1-424b-9868-57a2d4851a1d" relativeResultsDirectory="cc8738a2-809e-44a3-b141-84390d7bb5e6" />
    <UnitTestResult executionId="2d9c49f0-ec16-4cd7-bb8a-bb8b2f6e7627" testId="9c76c2d4-6c77-4aca-32f2-bc9af242acb9" testName="GameBoy.Tests.Mbc5Tests.ExternalRam_4BitBankMasking_OnlyLower4BitsUsed" computerName="pkrvm7jw40e0xgp" duration="00:00:00.0002309" startTime="2025-09-08T15:10:54.8115754+00:00" endTime="2025-09-08T15:10:54.8115755+00:00" testType="13cdc9d9-ddb5-4fa4-a97d-d965ccfc6d4b" outcome="Passed" testListId="8c84fa94-04c1-424b-9868-57a2d4851a1d" relativeResultsDirectory="2d9c49f0-ec16-4cd7-bb8a-bb8b2f6e7627" />
    <UnitTestResult executionId="05be366c-d67c-4b05-bab8-61f13a9b1670" testId="e0a8665e-5aca-ffd8-10a2-2a5ee0aa5dd8" testName="GameBoy.Tests.Mbc3Tests.ExternalRam_RamBanking_WorksCorrectly" computerName="pkrvm7jw40e0xgp" duration="00:00:00.0051195" startTime="2025-09-08T15:10:54.7281330+00:00" endTime="2025-09-08T15:10:54.7281330+00:00" testType="13cdc9d9-ddb5-4fa4-a97d-d965ccfc6d4b" outcome="Passed" testListId="8c84fa94-04c1-424b-9868-57a2d4851a1d" relativeResultsDirectory="05be366c-d67c-4b05-bab8-61f13a9b1670" />
    <UnitTestResult executionId="f6cc9a10-3020-4ab0-bd04-2d2cd741c7b9" testId="4316baa3-f969-5699-9071-8d86a141c6c5" testName="GameBoy.Tests.CartridgeHeaderTests.Title_WithSpecialCharacters_HandlesCorrectly" computerName="pkrvm7jw40e0xgp" duration="00:00:00.0001719" startTime="2025-09-08T15:10:54.7130466+00:00" endTime="2025-09-08T15:10:54.7130467+00:00" testType="13cdc9d9-ddb5-4fa4-a97d-d965ccfc6d4b" outcome="Passed" testListId="8c84fa94-04c1-424b-9868-57a2d4851a1d" relativeResultsDirectory="f6cc9a10-3020-4ab0-bd04-2d2cd741c7b9" />
    <UnitTestResult executionId="ba97f0a9-116d-41bb-a662-3fbc9d0a0eaf" testId="481a9655-e6cf-cca5-fe8e-baa39a8def21" testName="GameBoy.Tests.CartridgeHeaderTests.RamSize_InvalidCodes_DefaultsToZero(code: 6)" computerName="pkrvm7jw40e0xgp" duration="00:00:00.0002201" startTime="2025-09-08T15:10:54.7004033+00:00" endTime="2025-09-08T15:10:54.7004034+00:00" testType="13cdc9d9-ddb5-4fa4-a97d-d965ccfc6d4b" outcome="Passed" testListId="8c84fa94-04c1-424b-9868-57a2d4851a1d" relativeResultsDirectory="ba97f0a9-116d-41bb-a662-3fbc9d0a0eaf" />
    <UnitTestResult executionId="f05bddcb-96cd-44f7-87e6-00110c504543" testId="761e19f4-3a0f-4f27-9f65-eb8b8251edf9" testName="GameBoy.Tests.Mbc5Tests.ExternalRam_OutOfBounds_ReturnsFF" computerName="pkrvm7jw40e0xgp" duration="00:00:00.0002714" startTime="2025-09-08T15:10:54.7308153+00:00" endTime="2025-09-08T15:10:54.7308154+00:00" testType="13cdc9d9-ddb5-4fa4-a97d-d965ccfc6d4b" outcome="Passed" testListId="8c84fa94-04c1-424b-9868-57a2d4851a1d" relativeResultsDirectory="f05bddcb-96cd-44f7-87e6-00110c504543" />
    <UnitTestResult executionId="da56683a-fb6f-4e53-865c-a5fcf331627b" testId="0f6056d8-3f87-2ab3-889d-d689a2583254" testName="GameBoy.Tests.CartridgeTests.Detect_AllMbc2Variants_ThrowsNotSupportedException(cartridgeType: 6)" computerName="pkrvm7jw40e0xgp" duration="00:00:00.0005269" startTime="2025-09-08T15:10:54.7054956+00:00" endTime="2025-09-08T15:10:54.7054957+00:00" testType="13cdc9d9-ddb5-4fa4-a97d-d965ccfc6d4b" outcome="Passed" testListId="8c84fa94-04c1-424b-9868-57a2d4851a1d" relativeResultsDirectory="da56683a-fb6f-4e53-865c-a5fcf331627b" />
    <UnitTestResult executionId="00c060d0-05c2-4515-9e01-3f84c08dccc8" testId="04567a99-31ad-e68c-43f8-bafe9bfa1d3d" testName="GameBoy.Tests.AluTests.SubtractWithCarry_CarryInCausesUnderflow" computerName="pkrvm7jw40e0xgp" duration="00:00:00.0002993" startTime="2025-09-08T15:10:54.7201203+00:00" endTime="2025-09-08T15:10:54.7201203+00:00" testType="13cdc9d9-ddb5-4fa4-a97d-d965ccfc6d4b" outcome="Passed" testListId="8c84fa94-04c1-424b-9868-57a2d4851a1d" relativeResultsDirectory="00c060d0-05c2-4515-9e01-3f84c08dccc8" />
    <UnitTestResult executionId="8b3372af-83b6-4cc2-be4a-3c73053619d1" testId="a5e31c1c-3c8d-f59e-e67f-7323eceb767c" testName="GameBoy.Tests.InstructionDecodingTests.Instruction_LengthMatchesOperandType" computerName="pkrvm7jw40e0xgp" duration="00:00:00.0063355" startTime="2025-09-08T15:10:54.7132818+00:00" endTime="2025-09-08T15:10:54.7132819+00:00" testType="13cdc9d9-ddb5-4fa4-a97d-d965ccfc6d4b" outcome="Passed" testListId="8c84fa94-04c1-424b-9868-57a2d4851a1d" relativeResultsDirectory="8b3372af-83b6-4cc2-be4a-3c73053619d1" />
    <UnitTestResult executionId="73297f72-c391-45b8-b33a-ee03c7e7eb55" testId="7ab97aaf-c2f9-6a53-5c4f-3d5be7afbb5f" testName="GameBoy.Tests.MmuTests.TimerRegisters_ReadDefaultValues" computerName="pkrvm7jw40e0xgp" duration="00:00:00.0002522" startTime="2025-09-08T15:10:54.6895570+00:00" endTime="2025-09-08T15:10:54.6895570+00:00" testType="13cdc9d9-ddb5-4fa4-a97d-d965ccfc6d4b" outcome="Passed" testListId="8c84fa94-04c1-424b-9868-57a2d4851a1d" relativeResultsDirectory="73297f72-c391-45b8-b33a-ee03c7e7eb55" />
    <UnitTestResult executionId="f8ec48c0-b468-4022-a2e6-bd090065b1ba" testId="4975102a-f160-878b-fb69-1ad64624b139" testName="GameBoy.Tests.InstructionDecodingTests.SpecificInstructions_HaveCorrectMetadata(opcode: 62, expectedMnemonic: &quot;LD A,d8&quot;, expectedLength: 2, expectedCycles: 8, expectedOperandType: Immediate8)" computerName="pkrvm7jw40e0xgp" duration="00:00:00.0000047" startTime="2025-09-08T15:10:54.7093975+00:00" endTime="2025-09-08T15:10:54.7093975+00:00" testType="13cdc9d9-ddb5-4fa4-a97d-d965ccfc6d4b" outcome="Passed" testListId="8c84fa94-04c1-424b-9868-57a2d4851a1d" relativeResultsDirectory="f8ec48c0-b468-4022-a2e6-bd090065b1ba" />
    <UnitTestResult executionId="dfa86a45-342b-4a33-88df-def00d3f4025" testId="df87ea20-9c6b-8b54-5808-cc8e594491b2" testName="GameBoy.Tests.Mbc5Tests.ExternalRam_BeyondAvailableBanks_HandledGracefully" computerName="pkrvm7jw40e0xgp" duration="00:00:00.0019193" startTime="2025-09-08T15:10:54.7451345+00:00" endTime="2025-09-08T15:10:54.7451346+00:00" testType="13cdc9d9-ddb5-4fa4-a97d-d965ccfc6d4b" outcome="Passed" testListId="8c84fa94-04c1-424b-9868-57a2d4851a1d" relativeResultsDirectory="dfa86a45-342b-4a33-88df-def00d3f4025" />
    <UnitTestResult executionId="d6db5121-0a34-493a-8fb3-e3556d240cab" testId="ee26ecca-a807-3cac-eb05-97de07cb7248" testName="GameBoy.Tests.IoRegionWiringTests.UnusedIoRegisters_ReturnOxFFOnRead" computerName="pkrvm7jw40e0xgp" duration="00:00:00.0004151" startTime="2025-09-08T15:10:54.6836227+00:00" endTime="2025-09-08T15:10:54.6836227+00:00" testType="13cdc9d9-ddb5-4fa4-a97d-d965ccfc6d4b" outcome="Passed" testListId="8c84fa94-04c1-424b-9868-57a2d4851a1d" relativeResultsDirectory="d6db5121-0a34-493a-8fb3-e3556d240cab" />
    <UnitTestResult executionId="0420df6f-e34b-4f80-9e02-61ac0121f8b6" testId="d18c4703-5a96-82cc-bd1a-56ce1f6aeb61" testName="GameBoy.Tests.Mbc1Tests.BatteryInterface_GetExternalRam_ReturnsDataIfModified" computerName="pkrvm7jw40e0xgp" duration="00:00:00.0002717" startTime="2025-09-08T15:10:54.7279101+00:00" endTime="2025-09-08T15:10:54.7279102+00:00" testType="13cdc9d9-ddb5-4fa4-a97d-d965ccfc6d4b" outcome="Passed" testListId="8c84fa94-04c1-424b-9868-57a2d4851a1d" relativeResultsDirectory="0420df6f-e34b-4f80-9e02-61ac0121f8b6" />
    <UnitTestResult executionId="16c31bf1-9993-4837-b260-d99446c8d3e8" testId="4d528ee0-dbe1-ded6-1a29-cd26c37e4512" testName="GameBoy.Tests.InstructionDecodingTests.Instruction_Properties_AreValid" computerName="pkrvm7jw40e0xgp" duration="00:00:00.0033045" startTime="2025-09-08T15:10:54.7138623+00:00" endTime="2025-09-08T15:10:54.7138624+00:00" testType="13cdc9d9-ddb5-4fa4-a97d-d965ccfc6d4b" outcome="Passed" testListId="8c84fa94-04c1-424b-9868-57a2d4851a1d" relativeResultsDirectory="16c31bf1-9993-4837-b260-d99446c8d3e8" />
    <UnitTestResult executionId="29076837-c538-4662-a689-f44a54b7351f" testId="bcd5ab7b-5b8c-0cc6-16bd-a266853b805c" testName="GameBoy.Tests.AluTests.AddWithCarry_WithCarryIn_AddsOne" computerName="pkrvm7jw40e0xgp" duration="00:00:00.0003072" startTime="2025-09-08T15:10:54.7148876+00:00" endTime="2025-09-08T15:10:54.7148877+00:00" testType="13cdc9d9-ddb5-4fa4-a97d-d965ccfc6d4b" outcome="Passed" testListId="8c84fa94-04c1-424b-9868-57a2d4851a1d" relativeResultsDirectory="29076837-c538-4662-a689-f44a54b7351f" />
    <UnitTestResult executionId="cf801777-5f3b-459d-aa84-0fdf296c4a85" testId="bb65a884-d37a-bdc9-a63d-7b9d786807d1" testName="GameBoy.Tests.CartridgeHeaderTests.RomSize_InvalidCodes_DefaultsTo32KB(code: 85)" computerName="pkrvm7jw40e0xgp" duration="00:00:00.0000625" startTime="2025-09-08T15:10:54.7041917+00:00" endTime="2025-09-08T15:10:54.7041917+00:00" testType="13cdc9d9-ddb5-4fa4-a97d-d965ccfc6d4b" outcome="Passed" testListId="8c84fa94-04c1-424b-9868-57a2d4851a1d" relativeResultsDirectory="cf801777-5f3b-459d-aa84-0fdf296c4a85" />
    <UnitTestResult executionId="75b1e7c0-84d8-4648-bd06-4e3d69a69a5e" testId="e573544f-8572-be64-00a7-7ee9438f0ddb" testName="GameBoy.Tests.EmulatorMbcIntegrationTests.Mmu_ErrorHandling_InvalidRomAccess" computerName="pkrvm7jw40e0xgp" duration="00:00:00.0002832" startTime="2025-09-08T15:10:54.7204746+00:00" endTime="2025-09-08T15:10:54.7204746+00:00" testType="13cdc9d9-ddb5-4fa4-a97d-d965ccfc6d4b" outcome="Passed" testListId="8c84fa94-04c1-424b-9868-57a2d4851a1d" relativeResultsDirectory="75b1e7c0-84d8-4648-bd06-4e3d69a69a5e" />
    <UnitTestResult executionId="4abbbd4c-edf8-40c0-bad1-91d3e8b2fe8b" testId="7228e315-3e10-614e-b4d8-f5be940bd300" testName="GameBoy.Tests.MmuTests.EchoRam_MirrorsWorkRam" computerName="pkrvm7jw40e0xgp" duration="00:00:00.0002952" startTime="2025-09-08T15:10:54.5418157+00:00" endTime="2025-09-08T15:10:54.5418158+00:00" testType="13cdc9d9-ddb5-4fa4-a97d-d965ccfc6d4b" outcome="Passed" testListId="8c84fa94-04c1-424b-9868-57a2d4851a1d" relativeResultsDirectory="4abbbd4c-edf8-40c0-bad1-91d3e8b2fe8b" />
    <UnitTestResult executionId="27e2f51e-9049-4724-9863-127d5a43d097" testId="3fce3dfd-c2dc-3773-5e41-3be0911fdc6e" testName="GameBoy.Tests.MmuTests.Unstubbed_IORegisters_ReadAs0xFF" computerName="pkrvm7jw40e0xgp" duration="00:00:00.0002932" startTime="2025-09-08T15:10:54.6935107+00:00" endTime="2025-09-08T15:10:54.6935108+00:00" testType="13cdc9d9-ddb5-4fa4-a97d-d965ccfc6d4b" outcome="Passed" testListId="8c84fa94-04c1-424b-9868-57a2d4851a1d" relativeResultsDirectory="27e2f51e-9049-4724-9863-127d5a43d097" />
    <UnitTestResult executionId="8832b754-f921-4f4b-94cb-354d9d9bc7f6" testId="683cdc6c-aca6-240b-2899-0536960988c5" testName="GameBoy.Tests.CartridgeHeaderTests.IsHeaderChecksumValid_InvalidChecksum_ReturnsFalse" computerName="pkrvm7jw40e0xgp" duration="00:00:00.0015835" startTime="2025-09-08T15:10:54.7113374+00:00" endTime="2025-09-08T15:10:54.7113375+00:00" testType="13cdc9d9-ddb5-4fa4-a97d-d965ccfc6d4b" outcome="Passed" testListId="8c84fa94-04c1-424b-9868-57a2d4851a1d" relativeResultsDirectory="8832b754-f921-4f4b-94cb-354d9d9bc7f6" />
    <UnitTestResult executionId="9c791428-7539-4a3e-b77a-3f1f456af484" testId="d52bd06f-905d-5b25-a3dc-e931e3543ff5" testName="GameBoy.Tests.Mbc3Tests.ReadRom_Bank0_ReadsFromFixedBank" computerName="pkrvm7jw40e0xgp" duration="00:00:00.0005505" startTime="2025-09-08T15:10:54.7293918+00:00" endTime="2025-09-08T15:10:54.7293919+00:00" testType="13cdc9d9-ddb5-4fa4-a97d-d965ccfc6d4b" outcome="Passed" testListId="8c84fa94-04c1-424b-9868-57a2d4851a1d" relativeResultsDirectory="9c791428-7539-4a3e-b77a-3f1f456af484" />
    <UnitTestResult executionId="1e6c6492-9df6-4df8-9685-6f1e74c69467" testId="6253cf50-e1ab-3483-14a2-b9d161ae849b" testName="GameBoy.Tests.MmuTests.TimerRegisters_WriteAndRead" computerName="pkrvm7jw40e0xgp" duration="00:00:00.0002646" startTime="2025-09-08T15:10:54.6838527+00:00" endTime="2025-09-08T15:10:54.6838527+00:00" testType="13cdc9d9-ddb5-4fa4-a97d-d965ccfc6d4b" outcome="Passed" testListId="8c84fa94-04c1-424b-9868-57a2d4851a1d" relativeResultsDirectory="1e6c6492-9df6-4df8-9685-6f1e74c69467" />
    <UnitTestResult executionId="2e51bbb3-42c2-4713-8ec3-b3a9b3feccec" testId="6c0464d1-fd5c-e555-4e7b-41995cb84088" testName="GameBoy.Tests.CartridgeHeaderTests.RamSize_InvalidCodes_DefaultsToZero(code: 153)" computerName="pkrvm7jw40e0xgp" duration="00:00:00.0003140" startTime="2025-09-08T15:10:54.7004580+00:00" endTime="2025-09-08T15:10:54.7004580+00:00" testType="13cdc9d9-ddb5-4fa4-a97d-d965ccfc6d4b" outcome="Passed" testListId="8c84fa94-04c1-424b-9868-57a2d4851a1d" relativeResultsDirectory="2e51bbb3-42c2-4713-8ec3-b3a9b3feccec" />
    <UnitTestResult executionId="680f3f9b-3244-450a-bbe4-e60179a5c806" testId="995af1cd-c8d9-dbb3-07ce-6b441962f547" testName="GameBoy.Tests.MmuTests.STAT_WritableBitsOnly" computerName="pkrvm7jw40e0xgp" duration="00:00:00.0002738" startTime="2025-09-08T15:10:54.5415325+00:00" endTime="2025-09-08T15:10:54.5415326+00:00" testType="13cdc9d9-ddb5-4fa4-a97d-d965ccfc6d4b" outcome="Passed" testListId="8c84fa94-04c1-424b-9868-57a2d4851a1d" relativeResultsDirectory="680f3f9b-3244-450a-bbe4-e60179a5c806" />
    <UnitTestResult executionId="0ddde897-ef33-49f1-bd18-9c8f579d44bf" testId="3dba4670-7f2d-7e97-581e-f31f7d603172" testName="GameBoy.Tests.CartridgeHeaderTests.RomSize_CalculatesCorrectSizeForSpecialCodes(code: 83, expectedSize: 1310720)" computerName="pkrvm7jw40e0xgp" duration="00:00:00.0007245" startTime="2025-09-08T15:10:54.6946659+00:00" endTime="2025-09-08T15:10:54.6946660+00:00" testType="13cdc9d9-ddb5-4fa4-a97d-d965ccfc6d4b" outcome="Passed" testListId="8c84fa94-04c1-424b-9868-57a2d4851a1d" relativeResultsDirectory="0ddde897-ef33-49f1-bd18-9c8f579d44bf" />
    <UnitTestResult executionId="4649c0cf-8a67-46b7-a6ce-5cdf90090efe" testId="5f20123c-8ed0-bc94-a059-9424476978ee" testName="GameBoy.Tests.Mbc5Tests.ReadRom_Bank0_ReadsFromFixedBank" computerName="pkrvm7jw40e0xgp" duration="00:00:00.0009394" startTime="2025-09-08T15:10:54.8112866+00:00" endTime="2025-09-08T15:10:54.8112867+00:00" testType="13cdc9d9-ddb5-4fa4-a97d-d965ccfc6d4b" outcome="Passed" testListId="8c84fa94-04c1-424b-9868-57a2d4851a1d" relativeResultsDirectory="4649c0cf-8a67-46b7-a6ce-5cdf90090efe" />
    <UnitTestResult executionId="02bc1b00-b58a-416e-85e8-d66a6d9a7be2" testId="c5b4b13c-797f-5666-64b2-e0d6c527a5f7" testName="GameBoy.Tests.Mbc1Tests.WriteRom_MaxBankNumber_WorksWithinLimits" computerName="pkrvm7jw40e0xgp" duration="00:00:00.0249943" startTime="2025-09-08T15:10:54.7261259+00:00" endTime="2025-09-08T15:10:54.7261260+00:00" testType="13cdc9d9-ddb5-4fa4-a97d-d965ccfc6d4b" outcome="Passed" testListId="8c84fa94-04c1-424b-9868-57a2d4851a1d" relativeResultsDirectory="02bc1b00-b58a-416e-85e8-d66a6d9a7be2" />
    <UnitTestResult executionId="64839839-9417-416e-8be8-742d182476a2" testId="1a2804a3-0827-2fcc-b4ad-1813e1e03c9f" testName="GameBoy.Tests.AluTests.Subtract_EdgeCases_BehavesCorrectly(a: 0, operand: 255)" computerName="pkrvm7jw40e0xgp" duration="00:00:00.0002378" startTime="2025-09-08T15:10:54.7146419+00:00" endTime="2025-09-08T15:10:54.7146420+00:00" testType="13cdc9d9-ddb5-4fa4-a97d-d965ccfc6d4b" outcome="Passed" testListId="8c84fa94-04c1-424b-9868-57a2d4851a1d" relativeResultsDirectory="64839839-9417-416e-8be8-742d182476a2" />
    <UnitTestResult executionId="e3908ae1-06bd-40a3-ac89-bbf8f2023e82" testId="62a8df81-eb0e-4ba0-2cc2-7f26d95f0c42" testName="GameBoy.Tests.InstructionDecodingTests.SpecificInstructions_HaveCorrectMetadata(opcode: 0, expectedMnemonic: &quot;NOP&quot;, expectedLength: 1, expectedCycles: 4, expectedOperandType: None)" computerName="pkrvm7jw40e0xgp" duration="00:00:00.0000090" startTime="2025-09-08T15:10:54.7086936+00:00" endTime="2025-09-08T15:10:54.7086937+00:00" testType="13cdc9d9-ddb5-4fa4-a97d-d965ccfc6d4b" outcome="Passed" testListId="8c84fa94-04c1-424b-9868-57a2d4851a1d" relativeResultsDirectory="e3908ae1-06bd-40a3-ac89-bbf8f2023e82" />
    <UnitTestResult executionId="9854c1bf-32f5-48c2-9fef-aac704b66b28" testId="2f7abec1-b7d5-acfa-5fa5-f750771cfe27" testName="GameBoy.Tests.CartridgeTests.Detect_UnknownCartridgeType_ThrowsException" computerName="pkrvm7jw40e0xgp" duration="00:00:00.0006766" startTime="2025-09-08T15:10:54.7114078+00:00" endTime="2025-09-08T15:10:54.7114078+00:00" testType="13cdc9d9-ddb5-4fa4-a97d-d965ccfc6d4b" outcome="Passed" testListId="8c84fa94-04c1-424b-9868-57a2d4851a1d" relativeResultsDirectory="9854c1bf-32f5-48c2-9fef-aac704b66b28" />
    <UnitTestResult executionId="1ef77cf6-15da-4587-8541-ef2c50b6292e" testId="7d9a2542-8cef-fad7-de35-9026b458bae7" testName="GameBoy.Tests.CartridgeTests.Detect_UnsupportedMbc_ThrowsException" computerName="pkrvm7jw40e0xgp" duration="00:00:00.0004609" startTime="2025-09-08T15:10:54.6991783+00:00" endTime="2025-09-08T15:10:54.6991783+00:00" testType="13cdc9d9-ddb5-4fa4-a97d-d965ccfc6d4b" outcome="Passed" testListId="8c84fa94-04c1-424b-9868-57a2d4851a1d" relativeResultsDirectory="1ef77cf6-15da-4587-8541-ef2c50b6292e" />
    <UnitTestResult executionId="babe8122-1bf1-48ee-b75d-702ae2617ca7" testId="8bfece45-cbf5-9388-84d8-62236ca62ffd" testName="GameBoy.Tests.MmuTests.JOYP_ReadsDefaultValue" computerName="pkrvm7jw40e0xgp" duration="00:00:00.0011729" startTime="2025-09-08T15:10:54.6835577+00:00" endTime="2025-09-08T15:10:54.6835578+00:00" testType="13cdc9d9-ddb5-4fa4-a97d-d965ccfc6d4b" outcome="Passed" testListId="8c84fa94-04c1-424b-9868-57a2d4851a1d" relativeResultsDirectory="babe8122-1bf1-48ee-b75d-702ae2617ca7" />
    <UnitTestResult executionId="b3325315-47f4-4431-a1ad-a50330db5c87" testId="c5d5dca8-20f3-03e1-200f-cb046ece2686" testName="GameBoy.Tests.AluTests.And_AllBitsSet_CorrectFlags" computerName="pkrvm7jw40e0xgp" duration="00:00:00.0002469" startTime="2025-09-08T15:10:54.7154046+00:00" endTime="2025-09-08T15:10:54.7154046+00:00" testType="13cdc9d9-ddb5-4fa4-a97d-d965ccfc6d4b" outcome="Passed" testListId="8c84fa94-04c1-424b-9868-57a2d4851a1d" relativeResultsDirectory="b3325315-47f4-4431-a1ad-a50330db5c87" />
    <UnitTestResult executionId="6165b427-fba0-4cbc-a21c-dc9a516625f6" testId="29e27428-df27-a7d3-6aa8-6bd0e60a4af9" testName="GameBoy.Tests.Mbc3Tests.WriteRom_MaxBankNumber_WorksWithinLimits" computerName="pkrvm7jw40e0xgp" duration="00:00:00.0111124" startTime="2025-09-08T15:10:54.7271275+00:00" endTime="2025-09-08T15:10:54.7271276+00:00" testType="13cdc9d9-ddb5-4fa4-a97d-d965ccfc6d4b" outcome="Passed" testListId="8c84fa94-04c1-424b-9868-57a2d4851a1d" relativeResultsDirectory="6165b427-fba0-4cbc-a21c-dc9a516625f6" />
    <UnitTestResult executionId="9c0e96c0-4a33-4e85-831a-0a1691ffbedd" testId="1a8dd309-1dfe-104c-e9ff-1695c90fcd4e" testName="GameBoy.Tests.CartridgeHeaderTests.Parse_NullRom_ThrowsArgumentException" computerName="pkrvm7jw40e0xgp" duration="00:00:00.0030815" startTime="2025-09-08T15:10:54.7100706+00:00" endTime="2025-09-08T15:10:54.7100707+00:00" testType="13cdc9d9-ddb5-4fa4-a97d-d965ccfc6d4b" outcome="Passed" testListId="8c84fa94-04c1-424b-9868-57a2d4851a1d" relativeResultsDirectory="9c0e96c0-4a33-4e85-831a-0a1691ffbedd" />
    <UnitTestResult executionId="2d7232ff-1271-477d-a39c-4bd2bfb4df0a" testId="0418c0ca-be89-efe9-cf33-636433afc0f8" testName="GameBoy.Tests.CartridgeHeaderTests.RamSize_CalculatesCorrectSizeForStandardCodes(code: 1, expectedSize: 2048)" computerName="pkrvm7jw40e0xgp" duration="00:00:00.0133669" startTime="2025-09-08T15:10:54.5261298+00:00" endTime="2025-09-08T15:10:54.5261902+00:00" testType="13cdc9d9-ddb5-4fa4-a97d-d965ccfc6d4b" outcome="Passed" testListId="8c84fa94-04c1-424b-9868-57a2d4851a1d" relativeResultsDirectory="2d7232ff-1271-477d-a39c-4bd2bfb4df0a" />
    <UnitTestResult executionId="367f5884-9228-464e-bf71-751633c41dab" testId="90078e20-c5de-cf76-870d-974d468f3e8d" testName="GameBoy.Tests.Mbc3Tests.ReadRom_BankX_ReadsFromSwitchableBank" computerName="pkrvm7jw40e0xgp" duration="00:00:00.0006847" startTime="2025-09-08T15:10:54.7288744+00:00" endTime="2025-09-08T15:10:54.7288745+00:00" testType="13cdc9d9-ddb5-4fa4-a97d-d965ccfc6d4b" outcome="Passed" testListId="8c84fa94-04c1-424b-9868-57a2d4851a1d" relativeResultsDirectory="367f5884-9228-464e-bf71-751633c41dab" />
    <UnitTestResult executionId="fb7f2e73-a4c9-4ba7-b53f-4d6a16ef989c" testId="549f0cfe-5be8-1f18-0e68-76f3843fd943" testName="GameBoy.Tests.CartridgeTests.Detect_AllMbc1Variants_ReturnsCorrectCartridge(cartridgeType: 1)" computerName="pkrvm7jw40e0xgp" duration="00:00:00.0002976" startTime="2025-09-08T15:10:54.6981352+00:00" endTime="2025-09-08T15:10:54.6981353+00:00" testType="13cdc9d9-ddb5-4fa4-a97d-d965ccfc6d4b" outcome="Passed" testListId="8c84fa94-04c1-424b-9868-57a2d4851a1d" relativeResultsDirectory="fb7f2e73-a4c9-4ba7-b53f-4d6a16ef989c" />
    <UnitTestResult executionId="f44229fc-d319-4cc3-98de-d676179c683e" testId="2411ca0c-8c7b-b2d3-9dda-1876da4ce09e" testName="GameBoy.Tests.CartridgeTests.Detect_AllMbc3Variants_ReturnsCorrectCartridge(cartridgeType: 18)" computerName="pkrvm7jw40e0xgp" duration="00:00:00.0002879" startTime="2025-09-08T15:10:54.6999579+00:00" endTime="2025-09-08T15:10:54.6999580+00:00" testType="13cdc9d9-ddb5-4fa4-a97d-d965ccfc6d4b" outcome="Passed" testListId="8c84fa94-04c1-424b-9868-57a2d4851a1d" relativeResultsDirectory="f44229fc-d319-4cc3-98de-d676179c683e" />
    <UnitTestResult executionId="abb5618c-aa03-4f83-a042-ed60570c532b" testId="532941a8-1169-c422-cea9-1f67cb7d0ec7" testName="GameBoy.Tests.Mbc3Tests.ExternalRam_NonRtcCartridge_RtcRegistersInaccessible" computerName="pkrvm7jw40e0xgp" duration="00:00:00.0005942" startTime="2025-09-08T15:10:54.7253791+00:00" endTime="2025-09-08T15:10:54.7253791+00:00" testType="13cdc9d9-ddb5-4fa4-a97d-d965ccfc6d4b" outcome="Passed" testListId="8c84fa94-04c1-424b-9868-57a2d4851a1d" relativeResultsDirectory="abb5618c-aa03-4f83-a042-ed60570c532b" />
    <UnitTestResult executionId="14a123db-2c8c-4616-843e-a96531688ac3" testId="4db70ec8-8593-e07c-5b11-0ae3c0462841" testName="GameBoy.Tests.CartridgeTests.Detect_AllMbc3Variants_ReturnsCorrectCartridge(cartridgeType: 16)" computerName="pkrvm7jw40e0xgp" duration="00:00:00.0007598" startTime="2025-09-08T15:10:54.6994401+00:00" endTime="2025-09-08T15:10:54.6994402+00:00" testType="13cdc9d9-ddb5-4fa4-a97d-d965ccfc6d4b" outcome="Passed" testListId="8c84fa94-04c1-424b-9868-57a2d4851a1d" relativeResultsDirectory="14a123db-2c8c-4616-843e-a96531688ac3" />
    <UnitTestResult executionId="56baf300-7baa-41cd-9107-0528731c2c75" testId="09386e45-a168-c5b0-e7b9-c1cd8eb70456" testName="GameBoy.Tests.Mbc5Tests.WriteRom_9BitRomBanking_WorksCorrectly" computerName="pkrvm7jw40e0xgp" duration="00:00:00.0388895" startTime="2025-09-08T15:10:54.7450450+00:00" endTime="2025-09-08T15:10:54.7450452+00:00" testType="13cdc9d9-ddb5-4fa4-a97d-d965ccfc6d4b" outcome="Passed" testListId="8c84fa94-04c1-424b-9868-57a2d4851a1d" relativeResultsDirectory="56baf300-7baa-41cd-9107-0528731c2c75" />
    <UnitTestResult executionId="715a8395-5bd2-4657-8e79-15cb1619e4dc" testId="56aa3417-1cf6-3110-e475-31df7cce1614" testName="GameBoy.Tests.IoRegsTests.IoRegs_ShouldBeInCorrectRange" computerName="pkrvm7jw40e0xgp" duration="00:00:00.0012656" startTime="2025-09-08T15:10:54.7249864+00:00" endTime="2025-09-08T15:10:54.7249864+00:00" testType="13cdc9d9-ddb5-4fa4-a97d-d965ccfc6d4b" outcome="Passed" testListId="8c84fa94-04c1-424b-9868-57a2d4851a1d" relativeResultsDirectory="715a8395-5bd2-4657-8e79-15cb1619e4dc" />
    <UnitTestResult executionId="1398bb4e-9c61-4267-92fe-bb6126bbdd97" testId="5f28ed6a-b607-4244-c09c-ea41369ed866" testName="GameBoy.Tests.CpuAddressingTests.ReadHLI_ReadsFromHLAddressThenIncrementsHL" computerName="pkrvm7jw40e0xgp" duration="00:00:00.0001994" startTime="2025-09-08T15:10:54.7186600+00:00" endTime="2025-09-08T15:10:54.7186601+00:00" testType="13cdc9d9-ddb5-4fa4-a97d-d965ccfc6d4b" outcome="Passed" testListId="8c84fa94-04c1-424b-9868-57a2d4851a1d" relativeResultsDirectory="1398bb4e-9c61-4267-92fe-bb6126bbdd97" />
    <UnitTestResult executionId="3a6177b4-3636-49a1-ba30-d26bdbea3bf8" testId="483dad49-7b52-916d-7992-3c95f47febbb" testName="GameBoy.Tests.CartridgeHeaderTests.IsValidHeader_InvalidDestinationCodes_ReturnsFalse(destinationCode: 2)" computerName="pkrvm7jw40e0xgp" duration="00:00:00.0002607" startTime="2025-09-08T15:10:54.7073438+00:00" endTime="2025-09-08T15:10:54.7073438+00:00" testType="13cdc9d9-ddb5-4fa4-a97d-d965ccfc6d4b" outcome="Passed" testListId="8c84fa94-04c1-424b-9868-57a2d4851a1d" relativeResultsDirectory="3a6177b4-3636-49a1-ba30-d26bdbea3bf8" />
    <UnitTestResult executionId="ea0ef5fb-3537-45c5-8079-000a8c8292d4" testId="f160fd19-b7b2-9e51-f892-3fdf8189a922" testName="GameBoy.Tests.CartridgeHeaderTests.Title_MaxLength16Characters_TruncatesCorrectly" computerName="pkrvm7jw40e0xgp" duration="00:00:00.0001885" startTime="2025-09-08T15:10:54.7101403+00:00" endTime="2025-09-08T15:10:54.7101403+00:00" testType="13cdc9d9-ddb5-4fa4-a97d-d965ccfc6d4b" outcome="Passed" testListId="8c84fa94-04c1-424b-9868-57a2d4851a1d" relativeResultsDirectory="ea0ef5fb-3537-45c5-8079-000a8c8292d4" />
    <UnitTestResult executionId="34e8ee37-b15c-406c-a7aa-bf3f5bbd04eb" testId="d82818a2-475e-d90c-5900-07e1dfae2d4d" testName="GameBoy.Tests.MmuTests.LY_WriteIsIgnored" computerName="pkrvm7jw40e0xgp" duration="00:00:00.0002038" startTime="2025-09-08T15:10:54.6932247+00:00" endTime="2025-09-08T15:10:54.6932248+00:00" testType="13cdc9d9-ddb5-4fa4-a97d-d965ccfc6d4b" outcome="Passed" testListId="8c84fa94-04c1-424b-9868-57a2d4851a1d" relativeResultsDirectory="34e8ee37-b15c-406c-a7aa-bf3f5bbd04eb" />
    <UnitTestResult executionId="2c22f15a-8f37-4f94-9f11-60f55a1a51d7" testId="9a1c3e49-758a-f75c-8171-dfa25ad502c8" testName="GameBoy.Tests.CartridgeTests.Detect_AllMbc4Variants_ThrowsNotSupportedException(cartridgeType: 21)" computerName="pkrvm7jw40e0xgp" duration="00:00:00.0013662" startTime="2025-09-08T15:10:54.6983432+00:00" endTime="2025-09-08T15:10:54.6983433+00:00" testType="13cdc9d9-ddb5-4fa4-a97d-d965ccfc6d4b" outcome="Passed" testListId="8c84fa94-04c1-424b-9868-57a2d4851a1d" relativeResultsDirectory="2c22f15a-8f37-4f94-9f11-60f55a1a51d7" />
    <UnitTestResult executionId="b367d90a-4a93-4799-9331-2fb7d1fb583b" testId="10536bfe-e475-8001-6d5c-9ccf57974d7a" testName="GameBoy.Tests.CartridgeHeaderTests.RomSize_CalculatesCorrectSizeForSpecialCodes(code: 82, expectedSize: 1179648)" computerName="pkrvm7jw40e0xgp" duration="00:00:00.0003511" startTime="2025-09-08T15:10:54.6947216+00:00" endTime="2025-09-08T15:10:54.6947216+00:00" testType="13cdc9d9-ddb5-4fa4-a97d-d965ccfc6d4b" outcome="Passed" testListId="8c84fa94-04c1-424b-9868-57a2d4851a1d" relativeResultsDirectory="b367d90a-4a93-4799-9331-2fb7d1fb583b" />
    <UnitTestResult executionId="178ce003-ad83-4ecb-b629-77fcac19e1e2" testId="2253dbcc-beb1-a746-2e75-11e807c17d82" testName="GameBoy.Tests.OpcodeTableCoverageTests.All_Instructions_Have_Valid_Metadata" computerName="pkrvm7jw40e0xgp" duration="00:00:00.0096110" startTime="2025-09-08T15:10:54.7278424+00:00" endTime="2025-09-08T15:10:54.7278425+00:00" testType="13cdc9d9-ddb5-4fa4-a97d-d965ccfc6d4b" outcome="Passed" testListId="8c84fa94-04c1-424b-9868-57a2d4851a1d" relativeResultsDirectory="178ce003-ad83-4ecb-b629-77fcac19e1e2" />
    <UnitTestResult executionId="b533a104-2ca0-48d2-8062-3feaadc847a6" testId="520348a5-5e1d-29b0-157c-f566a371215e" testName="GameBoy.Tests.AluTests.Subtract_ZeroResult_SetsZeroFlag" computerName="pkrvm7jw40e0xgp" duration="00:00:00.0001380" startTime="2025-09-08T15:10:54.7205421+00:00" endTime="2025-09-08T15:10:54.7205422+00:00" testType="13cdc9d9-ddb5-4fa4-a97d-d965ccfc6d4b" outcome="Passed" testListId="8c84fa94-04c1-424b-9868-57a2d4851a1d" relativeResultsDirectory="b533a104-2ca0-48d2-8062-3feaadc847a6" />
    <UnitTestResult executionId="caa1f471-f663-4e21-8c93-e6d8853aab60" testId="beeaf338-08db-958d-aa1f-1ee2f061ec4b" testName="GameBoy.Tests.AluTests.Subtract_EdgeCases_BehavesCorrectly(a: 0, operand: 0)" computerName="pkrvm7jw40e0xgp" duration="00:00:00.0000043" startTime="2025-09-08T15:10:54.7147515+00:00" endTime="2025-09-08T15:10:54.7147515+00:00" testType="13cdc9d9-ddb5-4fa4-a97d-d965ccfc6d4b" outcome="Passed" testListId="8c84fa94-04c1-424b-9868-57a2d4851a1d" relativeResultsDirectory="caa1f471-f663-4e21-8c93-e6d8853aab60" />
    <UnitTestResult executionId="f9cbe84f-0029-4766-befa-b3424725e304" testId="9216678b-2400-5aed-087d-303a46d8d2e2" testName="GameBoy.Tests.CpuAddressingTests.WriteBC_WritesToBCAddress" computerName="pkrvm7jw40e0xgp" duration="00:00:00.0003442" startTime="2025-09-08T15:10:54.7237301+00:00" endTime="2025-09-08T15:10:54.7237302+00:00" testType="13cdc9d9-ddb5-4fa4-a97d-d965ccfc6d4b" outcome="Passed" testListId="8c84fa94-04c1-424b-9868-57a2d4851a1d" relativeResultsDirectory="f9cbe84f-0029-4766-befa-b3424725e304" />
    <UnitTestResult executionId="35937262-e8f2-4aea-a82a-6ebeb2478c9d" testId="3a29f211-7674-9650-3e55-43bb4ee5e34c" testName="GameBoy.Tests.AluTests.Compare_ALarger_NoFlags" computerName="pkrvm7jw40e0xgp" duration="00:00:00.0001533" startTime="2025-09-08T15:10:54.7196743+00:00" endTime="2025-09-08T15:10:54.7196743+00:00" testType="13cdc9d9-ddb5-4fa4-a97d-d965ccfc6d4b" outcome="Passed" testListId="8c84fa94-04c1-424b-9868-57a2d4851a1d" relativeResultsDirectory="35937262-e8f2-4aea-a82a-6ebeb2478c9d" />
    <UnitTestResult executionId="4880aeb7-8a25-4d61-a245-8b7f06205890" testId="1bc5c7fa-f56c-7a2a-1f34-514dc823bdf2" testName="GameBoy.Tests.Mbc5Tests.WriteRom_BoundaryAddresses_HandledCorrectly" computerName="pkrvm7jw40e0xgp" duration="00:00:00.0015129" startTime="2025-09-08T15:10:54.8370589+00:00" endTime="2025-09-08T15:10:54.8370590+00:00" testType="13cdc9d9-ddb5-4fa4-a97d-d965ccfc6d4b" outcome="Passed" testListId="8c84fa94-04c1-424b-9868-57a2d4851a1d" relativeResultsDirectory="4880aeb7-8a25-4d61-a245-8b7f06205890" />
    <UnitTestResult executionId="8b0f1848-f77b-4249-b475-f9619acb46c7" testId="13bdd754-9ad8-fe64-9252-9f4b326f20fb" testName="GameBoy.Tests.EmulatorTests.Reset_RestoresPostBiosState" computerName="pkrvm7jw40e0xgp" duration="00:00:00.0009235" startTime="2025-09-08T15:10:54.7238428+00:00" endTime="2025-09-08T15:10:54.7238428+00:00" testType="13cdc9d9-ddb5-4fa4-a97d-d965ccfc6d4b" outcome="Passed" testListId="8c84fa94-04c1-424b-9868-57a2d4851a1d" relativeResultsDirectory="8b0f1848-f77b-4249-b475-f9619acb46c7" />
    <UnitTestResult executionId="ac26285a-7e1c-4736-9ba4-58c9968423c0" testId="60cd86f6-c96f-cd67-eeb2-5447e53486ea" testName="GameBoy.Tests.EmulatorMbcIntegrationTests.Emulator_LoadRom_AllUnsupportedMbcTypes_ThrowsNotSupportedException(cartridgeType: 253, expectedMbcName: &quot;TAMA5&quot;)" computerName="pkrvm7jw40e0xgp" duration="00:00:00.0001087" startTime="2025-09-08T15:10:54.7177980+00:00" endTime="2025-09-08T15:10:54.7177980+00:00" testType="13cdc9d9-ddb5-4fa4-a97d-d965ccfc6d4b" outcome="Passed" testListId="8c84fa94-04c1-424b-9868-57a2d4851a1d" relativeResultsDirectory="ac26285a-7e1c-4736-9ba4-58c9968423c0" />
    <UnitTestResult executionId="8e8110f3-25f2-44ac-983f-ccb3d0e5b9e8" testId="72470a6e-848a-11e5-1aaa-9beee46b9e6a" testName="GameBoy.Tests.Mbc3Tests.BatteryInterface_LoadExternalRam_LoadsRamAndRtc" computerName="pkrvm7jw40e0xgp" duration="00:00:00.0021078" startTime="2025-09-08T15:10:54.7288004+00:00" endTime="2025-09-08T15:10:54.7288005+00:00" testType="13cdc9d9-ddb5-4fa4-a97d-d965ccfc6d4b" outcome="Passed" testListId="8c84fa94-04c1-424b-9868-57a2d4851a1d" relativeResultsDirectory="8e8110f3-25f2-44ac-983f-ccb3d0e5b9e8" />
    <UnitTestResult executionId="37a7821e-87b3-4b3a-a83e-8fc8894dd0f9" testId="1fc7f41c-b93d-2bb7-eebd-a1834947b44e" testName="GameBoy.Tests.AluTests.SubtractWithCarry_WithCarryIn_SubtractsOne" computerName="pkrvm7jw40e0xgp" duration="00:00:00.0029760" startTime="2025-09-08T15:10:54.7218001+00:00" endTime="2025-09-08T15:10:54.7218001+00:00" testType="13cdc9d9-ddb5-4fa4-a97d-d965ccfc6d4b" outcome="Passed" testListId="8c84fa94-04c1-424b-9868-57a2d4851a1d" relativeResultsDirectory="37a7821e-87b3-4b3a-a83e-8fc8894dd0f9" />
    <UnitTestResult executionId="0405963c-d9aa-47c1-abe3-7227ed3f1434" testId="98f535a4-7eca-3a3c-05e8-4b85d8edbbc1" testName="GameBoy.Tests.AluTests.Add_BasicOperation_CorrectResult" computerName="pkrvm7jw40e0xgp" duration="00:00:00.0001450" startTime="2025-09-08T15:10:54.7209749+00:00" endTime="2025-09-08T15:10:54.7209750+00:00" testType="13cdc9d9-ddb5-4fa4-a97d-d965ccfc6d4b" outcome="Passed" testListId="8c84fa94-04c1-424b-9868-57a2d4851a1d" relativeResultsDirectory="0405963c-d9aa-47c1-abe3-7227ed3f1434" />
    <UnitTestResult executionId="aebd0850-4bf4-4baf-99a4-660a5fe6a58e" testId="4fc84b54-a813-cee5-d67f-65285783f54a" testName="GameBoy.Tests.CartridgeHeaderTests.HasRtc_ReturnsCorrectValueForRtcTypes" computerName="pkrvm7jw40e0xgp" duration="00:00:00.0002099" startTime="2025-09-08T15:10:54.7118635+00:00" endTime="2025-09-08T15:10:54.7118636+00:00" testType="13cdc9d9-ddb5-4fa4-a97d-d965ccfc6d4b" outcome="Passed" testListId="8c84fa94-04c1-424b-9868-57a2d4851a1d" relativeResultsDirectory="aebd0850-4bf4-4baf-99a4-660a5fe6a58e" />
    <UnitTestResult executionId="c4769f36-fa3b-4456-9a0b-73dbfb1c04ee" testId="4d4917df-13af-b6db-e6aa-bf414105029e" testName="GameBoy.Tests.AluTests.And_NonZeroResult_CorrectFlags" computerName="pkrvm7jw40e0xgp" duration="00:00:00.0001403" startTime="2025-09-08T15:10:54.7228139+00:00" endTime="2025-09-08T15:10:54.7228140+00:00" testType="13cdc9d9-ddb5-4fa4-a97d-d965ccfc6d4b" outcome="Passed" testListId="8c84fa94-04c1-424b-9868-57a2d4851a1d" relativeResultsDirectory="c4769f36-fa3b-4456-9a0b-73dbfb1c04ee" />
    <UnitTestResult executionId="063bbe8d-3e71-4626-8f3a-c7a1e230fbe7" testId="1abc059c-0b2e-ebb8-ca54-938851accb3a" testName="GameBoy.Tests.Mbc1Tests.ExternalRam_AdvancedMode_EnablesBanking" computerName="pkrvm7jw40e0xgp" duration="00:00:00.0004212" startTime="2025-09-08T15:10:54.7307018+00:00" endTime="2025-09-08T15:10:54.7307019+00:00" testType="13cdc9d9-ddb5-4fa4-a97d-d965ccfc6d4b" outcome="Passed" testListId="8c84fa94-04c1-424b-9868-57a2d4851a1d" relativeResultsDirectory="063bbe8d-3e71-4626-8f3a-c7a1e230fbe7" />
    <UnitTestResult executionId="134b6ab0-dc2d-41ab-88e0-2dd7efc8152a" testId="6e5afcc8-80be-d362-e400-4655b22a1d7a" testName="GameBoy.Tests.CartridgeMmuIntegrationTests.Mmu_ExternalRam_DisabledByDefault" computerName="pkrvm7jw40e0xgp" duration="00:00:00.0002284" startTime="2025-09-08T15:10:54.7094670+00:00" endTime="2025-09-08T15:10:54.7094671+00:00" testType="13cdc9d9-ddb5-4fa4-a97d-d965ccfc6d4b" outcome="Passed" testListId="8c84fa94-04c1-424b-9868-57a2d4851a1d" relativeResultsDirectory="134b6ab0-dc2d-41ab-88e0-2dd7efc8152a" />
    <UnitTestResult executionId="256abc9f-3dc9-41ae-9b11-8b9ba9925642" testId="d7c472e1-68f0-98a1-9e95-1392afc79d31" testName="GameBoy.Tests.MmuTests.ReadWord_LittleEndian" computerName="pkrvm7jw40e0xgp" duration="00:00:00.0003143" startTime="2025-09-08T15:10:54.5416128+00:00" endTime="2025-09-08T15:10:54.5416128+00:00" testType="13cdc9d9-ddb5-4fa4-a97d-d965ccfc6d4b" outcome="Passed" testListId="8c84fa94-04c1-424b-9868-57a2d4851a1d" relativeResultsDirectory="256abc9f-3dc9-41ae-9b11-8b9ba9925642" />
    <UnitTestResult executionId="44245ead-f91e-4a3d-9fd9-27913205ec61" testId="51d07686-24c4-ee02-9f12-c31d909b6dbb" testName="GameBoy.Tests.AluTests.Add_EdgeCases_BehavesCorrectly(a: 128, operand: 128)" computerName="pkrvm7jw40e0xgp" duration="00:00:00.0016172" startTime="2025-09-08T15:10:54.7154839+00:00" endTime="2025-09-08T15:10:54.7154840+00:00" testType="13cdc9d9-ddb5-4fa4-a97d-d965ccfc6d4b" outcome="Passed" testListId="8c84fa94-04c1-424b-9868-57a2d4851a1d" relativeResultsDirectory="44245ead-f91e-4a3d-9fd9-27913205ec61" />
    <UnitTestResult executionId="2dbfe3c2-3416-4d92-912b-a0e3a5ccfb75" testId="c34393e5-11ff-d095-6271-fff69a281c2a" testName="GameBoy.Tests.CartridgeHeaderTests.RomSize_CalculatesCorrectSizeForStandardCodes(code: 0, expectedSize: 32768)" computerName="pkrvm7jw40e0xgp" duration="00:00:00.0000781" startTime="2025-09-08T15:10:54.7076428+00:00" endTime="2025-09-08T15:10:54.7076428+00:00" testType="13cdc9d9-ddb5-4fa4-a97d-d965ccfc6d4b" outcome="Passed" testListId="8c84fa94-04c1-424b-9868-57a2d4851a1d" relativeResultsDirectory="2dbfe3c2-3416-4d92-912b-a0e3a5ccfb75" />
    <UnitTestResult executionId="1d30a23b-76a6-4847-90d6-4071dc25bc00" testId="6fc09a62-c0e9-f33d-573b-10f9b8d9c5e4" testName="GameBoy.Tests.CartridgeTests.Detect_Mbc5Rom_ReturnsCorrectCartridge" computerName="pkrvm7jw40e0xgp" duration="00:00:00.0003586" startTime="2025-09-08T15:10:54.6993187+00:00" endTime="2025-09-08T15:10:54.6993188+00:00" testType="13cdc9d9-ddb5-4fa4-a97d-d965ccfc6d4b" outcome="Passed" testListId="8c84fa94-04c1-424b-9868-57a2d4851a1d" relativeResultsDirectory="1d30a23b-76a6-4847-90d6-4071dc25bc00" />
    <UnitTestResult executionId="8e3b0e32-e983-4bbe-a7c3-80921e0fcaae" testId="e6e8aab5-22e2-c84e-dced-9029f5c03e83" testName="GameBoy.Tests.IoRegsTests.Mmu_ShouldUseIoRegsConstants" computerName="pkrvm7jw40e0xgp" duration="00:00:00.0002192" startTime="2025-09-08T15:10:54.7249055+00:00" endTime="2025-09-08T15:10:54.7249056+00:00" testType="13cdc9d9-ddb5-4fa4-a97d-d965ccfc6d4b" outcome="Passed" testListId="8c84fa94-04c1-424b-9868-57a2d4851a1d" relativeResultsDirectory="8e3b0e32-e983-4bbe-a7c3-80921e0fcaae" />
    <UnitTestResult executionId="d7207dab-7b3f-4cf5-a180-034bb8e096e8" testId="273780bc-9d35-9771-839e-50ffbcedd9a6" testName="GameBoy.Tests.CartridgeTests.Detect_HuC1_ThrowsNotSupportedException" computerName="pkrvm7jw40e0xgp" duration="00:00:00.0004076" startTime="2025-09-08T15:10:54.7095345+00:00" endTime="2025-09-08T15:10:54.7095346+00:00" testType="13cdc9d9-ddb5-4fa4-a97d-d965ccfc6d4b" outcome="Passed" testListId="8c84fa94-04c1-424b-9868-57a2d4851a1d" relativeResultsDirectory="d7207dab-7b3f-4cf5-a180-034bb8e096e8" />
    <UnitTestResult executionId="98b8255c-5bb7-41d1-b222-c085c43c7a0c" testId="a3d01c83-e6c8-c87f-c8ab-1076eaff97bc" testName="GameBoy.Tests.CartridgeHeaderTests.RomSize_InvalidCodes_DefaultsTo32KB(code: 81)" computerName="pkrvm7jw40e0xgp" duration="00:00:00.0002101" startTime="2025-09-08T15:10:54.7040686+00:00" endTime="2025-09-08T15:10:54.7040687+00:00" testType="13cdc9d9-ddb5-4fa4-a97d-d965ccfc6d4b" outcome="Passed" testListId="8c84fa94-04c1-424b-9868-57a2d4851a1d" relativeResultsDirectory="98b8255c-5bb7-41d1-b222-c085c43c7a0c" />
    <UnitTestResult executionId="c10a1883-892b-4ae6-8d12-c7f88bbaf75a" testId="03998699-8804-fa46-2cf1-6fce64dedde7" testName="GameBoy.Tests.CartridgeMmuIntegrationTests.Mmu_ExternalRam_RoutesToCartridge" computerName="pkrvm7jw40e0xgp" duration="00:00:00.0003074" startTime="2025-09-08T15:10:54.7062596+00:00" endTime="2025-09-08T15:10:54.7062597+00:00" testType="13cdc9d9-ddb5-4fa4-a97d-d965ccfc6d4b" outcome="Passed" testListId="8c84fa94-04c1-424b-9868-57a2d4851a1d" relativeResultsDirectory="c10a1883-892b-4ae6-8d12-c7f88bbaf75a" />
    <UnitTestResult executionId="ec063684-5529-4e0e-aaf7-94bf4b1e5895" testId="42334b4e-a9e4-fed1-ce65-dd9bb063f4ff" testName="GameBoy.Tests.CpuAddressingTests.ReadImm16Addr_ReadsFromImmediateAddress" computerName="pkrvm7jw40e0xgp" duration="00:00:00.0003238" startTime="2025-09-08T15:10:54.7230542+00:00" endTime="2025-09-08T15:10:54.7230543+00:00" testType="13cdc9d9-ddb5-4fa4-a97d-d965ccfc6d4b" outcome="Passed" testListId="8c84fa94-04c1-424b-9868-57a2d4851a1d" relativeResultsDirectory="ec063684-5529-4e0e-aaf7-94bf4b1e5895" />
    <UnitTestResult executionId="c9566240-6424-4b38-8a53-8b4eb7f28e0b" testId="2688697e-d89d-3238-8e63-78a55baae666" testName="GameBoy.Tests.CartridgeTests.Detect_Tama5_ThrowsNotSupportedException" computerName="pkrvm7jw40e0xgp" duration="00:00:00.0004146" startTime="2025-09-08T15:10:54.7102101+00:00" endTime="2025-09-08T15:10:54.7102102+00:00" testType="13cdc9d9-ddb5-4fa4-a97d-d965ccfc6d4b" outcome="Passed" testListId="8c84fa94-04c1-424b-9868-57a2d4851a1d" relativeResultsDirectory="c9566240-6424-4b38-8a53-8b4eb7f28e0b" />
    <UnitTestResult executionId="1f9cd214-8f9e-469d-8033-f085ed912117" testId="874f25be-fa61-5df7-d30a-9840673a85ee" testName="GameBoy.Tests.CartridgeTests.Detect_Mbc1Rom_ReturnsCorrectCartridge" computerName="pkrvm7jw40e0xgp" duration="00:00:00.0001138" startTime="2025-09-08T15:10:54.7099803+00:00" endTime="2025-09-08T15:10:54.7099804+00:00" testType="13cdc9d9-ddb5-4fa4-a97d-d965ccfc6d4b" outcome="Passed" testListId="8c84fa94-04c1-424b-9868-57a2d4851a1d" relativeResultsDirectory="1f9cd214-8f9e-469d-8033-f085ed912117" />
    <UnitTestResult executionId="999f2725-d84f-4561-a61e-62ccb86aa71c" testId="f852aa46-1c23-85f8-8f34-1c64041782d8" testName="GameBoy.Tests.MmuTests.IE_Register_ReadWriteRoundTrip" computerName="pkrvm7jw40e0xgp" duration="00:00:00.0003794" startTime="2025-09-08T15:10:54.6897813+00:00" endTime="2025-09-08T15:10:54.6897813+00:00" testType="13cdc9d9-ddb5-4fa4-a97d-d965ccfc6d4b" outcome="Passed" testListId="8c84fa94-04c1-424b-9868-57a2d4851a1d" relativeResultsDirectory="999f2725-d84f-4561-a61e-62ccb86aa71c" />
    <UnitTestResult executionId="14a0d7f4-a2f7-4365-946d-5c8479612269" testId="4c340c87-3d3f-f687-2b3d-025b42c09c7e" testName="GameBoy.Tests.CpuAddressingTests.WriteHL_WritesToHLAddress" computerName="pkrvm7jw40e0xgp" duration="00:00:00.0002793" startTime="2025-09-08T15:10:54.7168083+00:00" endTime="2025-09-08T15:10:54.7168083+00:00" testType="13cdc9d9-ddb5-4fa4-a97d-d965ccfc6d4b" outcome="Passed" testListId="8c84fa94-04c1-424b-9868-57a2d4851a1d" relativeResultsDirectory="14a0d7f4-a2f7-4365-946d-5c8479612269" />
    <UnitTestResult executionId="0c0ac13e-66f2-4d6a-92c0-be9e4bdd0f6a" testId="2aec11aa-37a8-9a8f-0f87-0adecc796d0a" testName="GameBoy.Tests.CartridgeHeaderTests.RomSize_CalculatesCorrectSizeForStandardCodes(code: 3, expectedSize: 262144)" computerName="pkrvm7jw40e0xgp" duration="00:00:00.0000563" startTime="2025-09-08T15:10:54.7077008+00:00" endTime="2025-09-08T15:10:54.7077008+00:00" testType="13cdc9d9-ddb5-4fa4-a97d-d965ccfc6d4b" outcome="Passed" testListId="8c84fa94-04c1-424b-9868-57a2d4851a1d" relativeResultsDirectory="0c0ac13e-66f2-4d6a-92c0-be9e4bdd0f6a" />
    <UnitTestResult executionId="7f52fd08-59e2-4b34-8110-e21b4b0c9450" testId="dec00889-2e21-64f2-59d7-4a4cf95b0615" testName="GameBoy.Tests.CpuAddressingTests.ReadHighImm8_ReadsFromHighRAMPlusImmediateValue" computerName="pkrvm7jw40e0xgp" duration="00:00:00.0002070" startTime="2025-09-08T15:10:54.7233155+00:00" endTime="2025-09-08T15:10:54.7233156+00:00" testType="13cdc9d9-ddb5-4fa4-a97d-d965ccfc6d4b" outcome="Passed" testListId="8c84fa94-04c1-424b-9868-57a2d4851a1d" relativeResultsDirectory="7f52fd08-59e2-4b34-8110-e21b4b0c9450" />
    <UnitTestResult executionId="40a77cfd-7016-40eb-89f4-490fc7d2bf23" testId="de495bfb-e18f-7b3e-358c-ab844b968319" testName="GameBoy.Tests.EmulatorMbcIntegrationTests.Emulator_BatteryRam_ErrorHandling_EdgeCases" computerName="pkrvm7jw40e0xgp" duration="00:00:00.0005557" startTime="2025-09-08T15:10:54.7240258+00:00" endTime="2025-09-08T15:10:54.7240259+00:00" testType="13cdc9d9-ddb5-4fa4-a97d-d965ccfc6d4b" outcome="Passed" testListId="8c84fa94-04c1-424b-9868-57a2d4851a1d" relativeResultsDirectory="40a77cfd-7016-40eb-89f4-490fc7d2bf23" />
    <UnitTestResult executionId="5118a2ca-99b7-4193-bc8d-8c695f5c3b02" testId="50a9db97-c4ae-2cab-3c13-bfa335de1e80" testName="GameBoy.Tests.AluTests.AddWithCarry_CarryInCausesOverflow" computerName="pkrvm7jw40e0xgp" duration="00:00:00.0001436" startTime="2025-09-08T15:10:54.7220203+00:00" endTime="2025-09-08T15:10:54.7220204+00:00" testType="13cdc9d9-ddb5-4fa4-a97d-d965ccfc6d4b" outcome="Passed" testListId="8c84fa94-04c1-424b-9868-57a2d4851a1d" relativeResultsDirectory="5118a2ca-99b7-4193-bc8d-8c695f5c3b02" />
    <UnitTestResult executionId="b58eada3-698b-4734-8914-e154aa8eb299" testId="475d18e5-9db1-a092-702c-7aaa422889f3" testName="GameBoy.Tests.Mbc5Tests.WriteRom_StressTest_MultipleRapidSwitches" computerName="pkrvm7jw40e0xgp" duration="00:00:00.0078084" startTime="2025-09-08T15:10:54.8103158+00:00" endTime="2025-09-08T15:10:54.8103160+00:00" testType="13cdc9d9-ddb5-4fa4-a97d-d965ccfc6d4b" outcome="Passed" testListId="8c84fa94-04c1-424b-9868-57a2d4851a1d" relativeResultsDirectory="b58eada3-698b-4734-8914-e154aa8eb299" />
    <UnitTestResult executionId="26fbd2ed-bfaa-420f-8aa7-860c2421bf1c" testId="99cc3c43-4d2a-2e5c-c15d-54e63153c5aa" testName="GameBoy.Tests.Mbc1Tests.BatteryInterface_LoadExternalRam_LoadsSavedData" computerName="pkrvm7jw40e0xgp" duration="00:00:00.0002563" startTime="2025-09-08T15:10:54.7262745+00:00" endTime="2025-09-08T15:10:54.7262746+00:00" testType="13cdc9d9-ddb5-4fa4-a97d-d965ccfc6d4b" outcome="Passed" testListId="8c84fa94-04c1-424b-9868-57a2d4851a1d" relativeResultsDirectory="26fbd2ed-bfaa-420f-8aa7-860c2421bf1c" />
    <UnitTestResult executionId="f7771ff2-ae5e-46cb-9656-0a64324bdb0d" testId="31a2cd14-3018-c3a0-d56c-722448a85c38" testName="GameBoy.Tests.MmuTests.PPU_Registers_WriteAndRead" computerName="pkrvm7jw40e0xgp" duration="00:00:00.0003067" startTime="2025-09-08T15:10:54.6898546+00:00" endTime="2025-09-08T15:10:54.6898546+00:00" testType="13cdc9d9-ddb5-4fa4-a97d-d965ccfc6d4b" outcome="Passed" testListId="8c84fa94-04c1-424b-9868-57a2d4851a1d" relativeResultsDirectory="f7771ff2-ae5e-46cb-9656-0a64324bdb0d" />
    <UnitTestResult executionId="f85eb467-920c-4013-ac67-1eb3acbc4931" testId="cacebda4-2c80-c528-2f0b-83bab685baec" testName="GameBoy.Tests.AluTests.SubtractWithCarry_NoCarryIn_SameAsSub" computerName="pkrvm7jw40e0xgp" duration="00:00:00.0001996" startTime="2025-09-08T15:10:54.7219339+00:00" endTime="2025-09-08T15:10:54.7219339+00:00" testType="13cdc9d9-ddb5-4fa4-a97d-d965ccfc6d4b" outcome="Passed" testListId="8c84fa94-04c1-424b-9868-57a2d4851a1d" relativeResultsDirectory="f85eb467-920c-4013-ac67-1eb3acbc4931" />
    <UnitTestResult executionId="dea79093-23bc-40ac-8c87-11b49f8131fd" testId="f2f72251-7ff4-def6-c2fa-951bdc1f5ab8" testName="GameBoy.Tests.InstructionDecodingTests.SpecificInstructions_HaveCorrectMetadata(opcode: 70, expectedMnemonic: &quot;LD B,(HL)&quot;, expectedLength: 1, expectedCycles: 8, expectedOperandType: Memory)" computerName="pkrvm7jw40e0xgp" duration="00:00:00.0154720" startTime="2025-09-08T15:10:54.7085847+00:00" endTime="2025-09-08T15:10:54.7085848+00:00" testType="13cdc9d9-ddb5-4fa4-a97d-d965ccfc6d4b" outcome="Passed" testListId="8c84fa94-04c1-424b-9868-57a2d4851a1d" relativeResultsDirectory="dea79093-23bc-40ac-8c87-11b49f8131fd" />
    <UnitTestResult executionId="6c14e143-1df3-4cbd-a5aa-28328439c400" testId="a78bfd80-34fa-e94c-5a6c-332161625b79" testName="GameBoy.Tests.EmulatorMbcIntegrationTests.Emulator_LoadRom_Mbc5WithBattery_HasBatteryRam" computerName="pkrvm7jw40e0xgp" duration="00:00:00.0003059" startTime="2025-09-08T15:10:54.7241872+00:00" endTime="2025-09-08T15:10:54.7241873+00:00" testType="13cdc9d9-ddb5-4fa4-a97d-d965ccfc6d4b" outcome="Passed" testListId="8c84fa94-04c1-424b-9868-57a2d4851a1d" relativeResultsDirectory="6c14e143-1df3-4cbd-a5aa-28328439c400" />
    <UnitTestResult executionId="4426b40d-87be-4741-8417-cd88f56b0120" testId="4e34fb28-c0fe-9ad1-2f5a-0c2c79133b02" testName="GameBoy.Tests.Mbc1Tests.ExternalRam_MaxRamBanks_WorksCorrectly" computerName="pkrvm7jw40e0xgp" duration="00:00:00.0002817" startTime="2025-09-08T15:10:54.7287326+00:00" endTime="2025-09-08T15:10:54.7287326+00:00" testType="13cdc9d9-ddb5-4fa4-a97d-d965ccfc6d4b" outcome="Passed" testListId="8c84fa94-04c1-424b-9868-57a2d4851a1d" relativeResultsDirectory="4426b40d-87be-4741-8417-cd88f56b0120" />
    <UnitTestResult executionId="ce5a67f3-cec4-4756-af12-2c77ad11159b" testId="5964bdbb-4261-95b0-17a2-f655f9c5696d" testName="GameBoy.Tests.CpuAddressingTests.GetR8_ReturnsCorrectRegisterValues" computerName="pkrvm7jw40e0xgp" duration="00:00:00.0146236" startTime="2025-09-08T15:10:54.7155391+00:00" endTime="2025-09-08T15:10:54.7155391+00:00" testType="13cdc9d9-ddb5-4fa4-a97d-d965ccfc6d4b" outcome="Passed" testListId="8c84fa94-04c1-424b-9868-57a2d4851a1d" relativeResultsDirectory="ce5a67f3-cec4-4756-af12-2c77ad11159b" />
    <UnitTestResult executionId="00693504-d2ad-45ce-8b7d-cd05844f9ae8" testId="841327a6-4cac-5638-2ce1-ecbc848d0713" testName="GameBoy.Tests.Mbc3Tests.WriteRom_Bank0Selection_MapsToBank1" computerName="pkrvm7jw40e0xgp" duration="00:00:00.0005675" startTime="2025-09-08T15:10:54.7296691+00:00" endTime="2025-09-08T15:10:54.7296691+00:00" testType="13cdc9d9-ddb5-4fa4-a97d-d965ccfc6d4b" outcome="Passed" testListId="8c84fa94-04c1-424b-9868-57a2d4851a1d" relativeResultsDirectory="00693504-d2ad-45ce-8b7d-cd05844f9ae8" />
    <UnitTestResult executionId="877ecbe1-864b-489a-9dea-f2bf6f356c99" testId="8cda3782-137b-73f5-d8e8-1791e2c39181" testName="GameBoy.Tests.CartridgeHeaderTests.HasBattery_ReturnsCorrectValueForBatteryTypes" computerName="pkrvm7jw40e0xgp" duration="00:00:00.0002900" startTime="2025-09-08T15:10:54.7102798+00:00" endTime="2025-09-08T15:10:54.7102798+00:00" testType="13cdc9d9-ddb5-4fa4-a97d-d965ccfc6d4b" outcome="Passed" testListId="8c84fa94-04c1-424b-9868-57a2d4851a1d" relativeResultsDirectory="877ecbe1-864b-489a-9dea-f2bf6f356c99" />
    <UnitTestResult executionId="1ec95171-9f00-46ab-8670-48edb00483f9" testId="599718d7-ac06-0329-9b10-9b780bab0f8c" testName="GameBoy.Tests.Mbc3Tests.ExternalRam_MaxRamBanks_WorksCorrectly" computerName="pkrvm7jw40e0xgp" duration="00:00:00.0002764" startTime="2025-09-08T15:10:54.7295336+00:00" endTime="2025-09-08T15:10:54.7295337+00:00" testType="13cdc9d9-ddb5-4fa4-a97d-d965ccfc6d4b" outcome="Passed" testListId="8c84fa94-04c1-424b-9868-57a2d4851a1d" relativeResultsDirectory="1ec95171-9f00-46ab-8670-48edb00483f9" />
    <UnitTestResult executionId="189bb045-2d7f-4e97-a4eb-8e72ada1bf08" testId="34ba6aef-23b1-36de-6e3a-5dcc805b4fb9" testName="GameBoy.Tests.EmulatorMbcIntegrationTests.Emulator_LoadRom_AllUnsupportedMbcTypes_ThrowsNotSupportedException(cartridgeType: 254, expectedMbcName: &quot;HuC3&quot;)" computerName="pkrvm7jw40e0xgp" duration="00:00:00.0001151" startTime="2025-09-08T15:10:54.7175322+00:00" endTime="2025-09-08T15:10:54.7175323+00:00" testType="13cdc9d9-ddb5-4fa4-a97d-d965ccfc6d4b" outcome="Passed" testListId="8c84fa94-04c1-424b-9868-57a2d4851a1d" relativeResultsDirectory="189bb045-2d7f-4e97-a4eb-8e72ada1bf08" />
    <UnitTestResult executionId="8e9d2d23-57bf-4cbd-95e5-b2b4069e3dc7" testId="5860b7d3-064b-7580-7ff5-c38a3b9dbc98" testName="GameBoy.Tests.CpuAddressingTests.AddressingHelpers_BC_DE_WorksWithOpcodes" computerName="pkrvm7jw40e0xgp" duration="00:00:00.0004768" startTime="2025-09-08T15:10:54.7187417+00:00" endTime="2025-09-08T15:10:54.7187418+00:00" testType="13cdc9d9-ddb5-4fa4-a97d-d965ccfc6d4b" outcome="Passed" testListId="8c84fa94-04c1-424b-9868-57a2d4851a1d" relativeResultsDirectory="8e9d2d23-57bf-4cbd-95e5-b2b4069e3dc7" />
    <UnitTestResult executionId="0d0a109e-93d6-45a5-b13e-1bfdf2763ec7" testId="d2de1748-4cda-1283-f839-41f72f6fcc0b" testName="GameBoy.Tests.OpcodeTableCoverageTests.Opcode_Table_Should_Support_All_Game_Boy_Instruction_Categories" computerName="pkrvm7jw40e0xgp" duration="00:00:00.0128364" startTime="2025-09-08T15:10:54.7304028+00:00" endTime="2025-09-08T15:10:54.7304028+00:00" testType="13cdc9d9-ddb5-4fa4-a97d-d965ccfc6d4b" outcome="Passed" testListId="8c84fa94-04c1-424b-9868-57a2d4851a1d" relativeResultsDirectory="0d0a109e-93d6-45a5-b13e-1bfdf2763ec7" />
    <UnitTestResult executionId="a5152590-f003-454f-a9a8-0aa6bf73adf5" testId="aa868f13-f5bb-fc20-4fe5-4cc0d9310ff0" testName="GameBoy.Tests.CartridgeMmuIntegrationTests.Mmu_WordOperations_WorkWithCartridge" computerName="pkrvm7jw40e0xgp" duration="00:00:00.0009135" startTime="2025-09-08T15:10:54.6992457+00:00" endTime="2025-09-08T15:10:54.6992457+00:00" testType="13cdc9d9-ddb5-4fa4-a97d-d965ccfc6d4b" outcome="Passed" testListId="8c84fa94-04c1-424b-9868-57a2d4851a1d" relativeResultsDirectory="a5152590-f003-454f-a9a8-0aa6bf73adf5" />
    <UnitTestResult executionId="b568a754-d531-4aee-8277-31402246e17f" testId="71d4783d-8f76-fa0c-236a-d09af5d224bb" testName="GameBoy.Tests.CartridgeTests.Detect_AllMbc2Variants_ThrowsNotSupportedException(cartridgeType: 5)" computerName="pkrvm7jw40e0xgp" duration="00:00:00.0002754" startTime="2025-09-08T15:10:54.7055547+00:00" endTime="2025-09-08T15:10:54.7055548+00:00" testType="13cdc9d9-ddb5-4fa4-a97d-d965ccfc6d4b" outcome="Passed" testListId="8c84fa94-04c1-424b-9868-57a2d4851a1d" relativeResultsDirectory="b568a754-d531-4aee-8277-31402246e17f" />
    <UnitTestResult executionId="590e1a1d-fbeb-48c7-aff7-4c42642a0284" testId="13b2d5ab-a8d7-fa2d-5c45-a2159bda8e06" testName="GameBoy.Tests.Mbc3Tests.WriteRom_InvalidAddressRanges_Ignored" computerName="pkrvm7jw40e0xgp" duration="00:00:00.0006006" startTime="2025-09-08T15:10:54.7296010+00:00" endTime="2025-09-08T15:10:54.7296011+00:00" testType="13cdc9d9-ddb5-4fa4-a97d-d965ccfc6d4b" outcome="Passed" testListId="8c84fa94-04c1-424b-9868-57a2d4851a1d" relativeResultsDirectory="590e1a1d-fbeb-48c7-aff7-4c42642a0284" />
    <UnitTestResult executionId="0ecd01d7-c83e-45e7-8ace-8f3ffbf04c39" testId="49e42d62-0daf-f033-f1a3-4753a5cc45f0" testName="GameBoy.Tests.EmulatorMbcIntegrationTests.Emulator_LoadRom_AllUnsupportedMbcTypes_ThrowsNotSupportedException(cartridgeType: 21, expectedMbcName: &quot;MBC4&quot;)" computerName="pkrvm7jw40e0xgp" duration="00:00:00.0001129" startTime="2025-09-08T15:10:54.7176749+00:00" endTime="2025-09-08T15:10:54.7176750+00:00" testType="13cdc9d9-ddb5-4fa4-a97d-d965ccfc6d4b" outcome="Passed" testListId="8c84fa94-04c1-424b-9868-57a2d4851a1d" relativeResultsDirectory="0ecd01d7-c83e-45e7-8ace-8f3ffbf04c39" />
    <UnitTestResult executionId="438372b3-5f10-40b6-9e8d-0fdf7769bea2" testId="5525e27a-2b87-a233-5a11-e2cf4811b5ef" testName="GameBoy.Tests.AluTests.Add_EdgeCases_BehavesCorrectly(a: 255, operand: 255)" computerName="pkrvm7jw40e0xgp" duration="00:00:00.0000041" startTime="2025-09-08T15:10:54.7194666+00:00" endTime="2025-09-08T15:10:54.7194667+00:00" testType="13cdc9d9-ddb5-4fa4-a97d-d965ccfc6d4b" outcome="Passed" testListId="8c84fa94-04c1-424b-9868-57a2d4851a1d" relativeResultsDirectory="438372b3-5f10-40b6-9e8d-0fdf7769bea2" />
    <UnitTestResult executionId="c575c78d-564d-4d02-973d-85a44de3f320" testId="a0685b46-9ede-ed1a-9e00-40141b5825d3" testName="GameBoy.Tests.CpuTests.Add_SetsFlags_Correctly" computerName="pkrvm7jw40e0xgp" duration="00:00:00.0002792" startTime="2025-09-08T15:10:54.7268351+00:00" endTime="2025-09-08T15:10:54.7268352+00:00" testType="13cdc9d9-ddb5-4fa4-a97d-d965ccfc6d4b" outcome="Passed" testListId="8c84fa94-04c1-424b-9868-57a2d4851a1d" relativeResultsDirectory="c575c78d-564d-4d02-973d-85a44de3f320" />
    <UnitTestResult executionId="e431e776-33f2-4c3a-9e1f-051eb59fce95" testId="47f9bf91-a312-60de-4a04-0ac4673159a6" testName="GameBoy.Tests.MmuTests.DMA_WriteAndRead" computerName="pkrvm7jw40e0xgp" duration="00:00:00.0002497" startTime="2025-09-08T15:10:54.6894758+00:00" endTime="2025-09-08T15:10:54.6894759+00:00" testType="13cdc9d9-ddb5-4fa4-a97d-d965ccfc6d4b" outcome="Passed" testListId="8c84fa94-04c1-424b-9868-57a2d4851a1d" relativeResultsDirectory="e431e776-33f2-4c3a-9e1f-051eb59fce95" />
    <UnitTestResult executionId="253341db-f856-4d1d-9046-0ac45df1cc4c" testId="b150f0c7-fa26-71ca-4a24-1979b341f3ca" testName="GameBoy.Tests.AluTests.Add_HalfCarryOnly_SetsHalfCarryFlag" computerName="pkrvm7jw40e0xgp" duration="00:00:00.0001426" startTime="2025-09-08T15:10:54.7211412+00:00" endTime="2025-09-08T15:10:54.7211412+00:00" testType="13cdc9d9-ddb5-4fa4-a97d-d965ccfc6d4b" outcome="Passed" testListId="8c84fa94-04c1-424b-9868-57a2d4851a1d" relativeResultsDirectory="253341db-f856-4d1d-9046-0ac45df1cc4c" />
    <UnitTestResult executionId="e7d6f38b-5865-4eb6-9e1e-7de4893481fd" testId="26883bbb-ed62-9ce9-3caf-c0e39a2a600e" testName="GameBoy.Tests.Mbc1Tests.WriteRom_AdvancedBankingMode_Bank0AreaBanking" computerName="pkrvm7jw40e0xgp" duration="00:00:00.0117106" startTime="2025-09-08T15:10:54.7277723+00:00" endTime="2025-09-08T15:10:54.7277723+00:00" testType="13cdc9d9-ddb5-4fa4-a97d-d965ccfc6d4b" outcome="Passed" testListId="8c84fa94-04c1-424b-9868-57a2d4851a1d" relativeResultsDirectory="e7d6f38b-5865-4eb6-9e1e-7de4893481fd" />
    <UnitTestResult executionId="9971a1f3-806f-495f-a3f1-773daacc1fa3" testId="fc41b0d3-293c-7ed1-03db-0b90bf1e8d94" testName="GameBoy.Tests.Mbc5Tests.WriteRom_RamEnable_EnablesRamAccess" computerName="pkrvm7jw40e0xgp" duration="00:00:00.0002793" startTime="2025-09-08T15:10:54.7273349+00:00" endTime="2025-09-08T15:10:54.7273349+00:00" testType="13cdc9d9-ddb5-4fa4-a97d-d965ccfc6d4b" outcome="Passed" testListId="8c84fa94-04c1-424b-9868-57a2d4851a1d" relativeResultsDirectory="9971a1f3-806f-495f-a3f1-773daacc1fa3" />
    <UnitTestResult executionId="1b8c99ab-c7e4-486d-a045-4f77a9ba79db" testId="12094dc9-7f3b-3b43-56c7-cfacac39a0fa" testName="GameBoy.Tests.CartridgeHeaderTests.RomSize_CalculatesCorrectSizeForStandardCodes(code: 8, expectedSize: 8388608)" computerName="pkrvm7jw40e0xgp" duration="00:00:00.0000395" startTime="2025-09-08T15:10:54.7075866+00:00" endTime="2025-09-08T15:10:54.7075866+00:00" testType="13cdc9d9-ddb5-4fa4-a97d-d965ccfc6d4b" outcome="Passed" testListId="8c84fa94-04c1-424b-9868-57a2d4851a1d" relativeResultsDirectory="1b8c99ab-c7e4-486d-a045-4f77a9ba79db" />
    <UnitTestResult executionId="36d4b97d-1520-42ee-854b-b10bfea96f95" testId="c2ce2b0d-d6eb-905f-0cc0-9ac98a3b9437" testName="GameBoy.Tests.AluTests.Add_ZeroResult_SetsZeroFlag" computerName="pkrvm7jw40e0xgp" duration="00:00:00.0001379" startTime="2025-09-08T15:10:54.7213271+00:00" endTime="2025-09-08T15:10:54.7213272+00:00" testType="13cdc9d9-ddb5-4fa4-a97d-d965ccfc6d4b" outcome="Passed" testListId="8c84fa94-04c1-424b-9868-57a2d4851a1d" relativeResultsDirectory="36d4b97d-1520-42ee-854b-b10bfea96f95" />
    <UnitTestResult executionId="331be20a-f28b-4fc7-83ef-1beea69e632b" testId="cd72fd40-3c25-0508-1dbc-43cd674b13bb" testName="GameBoy.Tests.Mbc5Tests.BatteryInterface_NoBatteryCartridge_ReturnsNull" computerName="pkrvm7jw40e0xgp" duration="00:00:00.0002434" startTime="2025-09-08T15:10:54.7452935+00:00" endTime="2025-09-08T15:10:54.7452936+00:00" testType="13cdc9d9-ddb5-4fa4-a97d-d965ccfc6d4b" outcome="Passed" testListId="8c84fa94-04c1-424b-9868-57a2d4851a1d" relativeResultsDirectory="331be20a-f28b-4fc7-83ef-1beea69e632b" />
    <UnitTestResult executionId="8fd8238a-974f-4d34-a944-a212c0188e9d" testId="80e90cc0-268b-4732-33ce-b0e78ab64af9" testName="GameBoy.Tests.TimerTests.Step_DoesNotThrow" computerName="pkrvm7jw40e0xgp" duration="00:00:00.0002359" startTime="2025-09-08T15:10:54.7229586+00:00" endTime="2025-09-08T15:10:54.7229587+00:00" testType="13cdc9d9-ddb5-4fa4-a97d-d965ccfc6d4b" outcome="Passed" testListId="8c84fa94-04c1-424b-9868-57a2d4851a1d" relativeResultsDirectory="8fd8238a-974f-4d34-a944-a212c0188e9d" />
    <UnitTestResult executionId="2ed5e7b8-5e3f-4a3f-8065-55c194b7ed19" testId="1a99f535-58ef-5f45-a666-3cf07f572492" testName="GameBoy.Tests.CpuAddressingTests.AddressingHelpers_HL_IncrementDecrement_WorksWithOpcodes" computerName="pkrvm7jw40e0xgp" duration="00:00:00.0007155" startTime="2025-09-08T15:10:54.7166583+00:00" endTime="2025-09-08T15:10:54.7166584+00:00" testType="13cdc9d9-ddb5-4fa4-a97d-d965ccfc6d4b" outcome="Passed" testListId="8c84fa94-04c1-424b-9868-57a2d4851a1d" relativeResultsDirectory="2ed5e7b8-5e3f-4a3f-8065-55c194b7ed19" />
    <UnitTestResult executionId="d67f0628-1e03-4299-a8f3-7c17410db36f" testId="9e8a8bbb-0354-2079-c028-bce199135a45" testName="GameBoy.Tests.CartridgeHeaderTests.RomSize_CalculatesCorrectSizeForStandardCodes(code: 6, expectedSize: 2097152)" computerName="pkrvm7jw40e0xgp" duration="00:00:00.0000085" startTime="2025-09-08T15:10:54.7083767+00:00" endTime="2025-09-08T15:10:54.7083767+00:00" testType="13cdc9d9-ddb5-4fa4-a97d-d965ccfc6d4b" outcome="Passed" testListId="8c84fa94-04c1-424b-9868-57a2d4851a1d" relativeResultsDirectory="d67f0628-1e03-4299-a8f3-7c17410db36f" />
    <UnitTestResult executionId="d20baafb-9a91-4add-96a1-619395ea2a52" testId="4738d8ec-b32d-b8a3-e010-5e3023022f54" testName="GameBoy.Tests.CartridgeHeaderTests.IsValidHeader_InvalidRomSizeCodes_ReturnsFalse(romSizeCode: 9)" computerName="pkrvm7jw40e0xgp" duration="00:00:00.0059873" startTime="2025-09-08T15:10:54.7065030+00:00" endTime="2025-09-08T15:10:54.7065031+00:00" testType="13cdc9d9-ddb5-4fa4-a97d-d965ccfc6d4b" outcome="Passed" testListId="8c84fa94-04c1-424b-9868-57a2d4851a1d" relativeResultsDirectory="d20baafb-9a91-4add-96a1-619395ea2a52" />
    <UnitTestResult executionId="a8335399-2c7d-41b0-b0d8-5d3c353fe1cf" testId="f6a200d1-b9b8-5095-0a61-e8c0493b4264" testName="GameBoy.Tests.CartridgeHeaderTests.IsValidHeader_ValidHeader_ReturnsTrue" computerName="pkrvm7jw40e0xgp" duration="00:00:00.0001510" startTime="2025-09-08T15:10:54.7121160+00:00" endTime="2025-09-08T15:10:54.7121161+00:00" testType="13cdc9d9-ddb5-4fa4-a97d-d965ccfc6d4b" outcome="Passed" testListId="8c84fa94-04c1-424b-9868-57a2d4851a1d" relativeResultsDirectory="a8335399-2c7d-41b0-b0d8-5d3c353fe1cf" />
    <UnitTestResult executionId="199b3115-de2e-45c4-813c-f74eea50dede" testId="510961c9-0b2a-b981-7f3f-8c335fddabb1" testName="GameBoy.Tests.CartridgeHeaderTests.Parse_TooSmallRom_ThrowsException" computerName="pkrvm7jw40e0xgp" duration="00:00:00.0003884" startTime="2025-09-08T15:10:54.7120166+00:00" endTime="2025-09-08T15:10:54.7120166+00:00" testType="13cdc9d9-ddb5-4fa4-a97d-d965ccfc6d4b" outcome="Passed" testListId="8c84fa94-04c1-424b-9868-57a2d4851a1d" relativeResultsDirectory="199b3115-de2e-45c4-813c-f74eea50dede" />
    <UnitTestResult executionId="666ee8d4-76fa-412c-a53e-279d45c79163" testId="57bc568e-7665-04e8-5fdd-510df1b63c38" testName="GameBoy.Tests.CartridgeMmuIntegrationTests.Mmu_Reset_PreservesCartridge" computerName="pkrvm7jw40e0xgp" duration="00:00:00.0075596" startTime="2025-09-08T15:10:54.7131835+00:00" endTime="2025-09-08T15:10:54.7131836+00:00" testType="13cdc9d9-ddb5-4fa4-a97d-d965ccfc6d4b" outcome="Passed" testListId="8c84fa94-04c1-424b-9868-57a2d4851a1d" relativeResultsDirectory="666ee8d4-76fa-412c-a53e-279d45c79163" />
    <UnitTestResult executionId="59156530-e409-433b-99cb-2e4f5a369a80" testId="74132915-1155-a173-97ca-5489fb71d040" testName="GameBoy.Tests.AluTests.Subtract_Underflow_SetsCarryFlag" computerName="pkrvm7jw40e0xgp" duration="00:00:00.0001377" startTime="2025-09-08T15:10:54.7201913+00:00" endTime="2025-09-08T15:10:54.7201914+00:00" testType="13cdc9d9-ddb5-4fa4-a97d-d965ccfc6d4b" outcome="Passed" testListId="8c84fa94-04c1-424b-9868-57a2d4851a1d" relativeResultsDirectory="59156530-e409-433b-99cb-2e4f5a369a80" />
    <UnitTestResult executionId="c5a56905-e284-4567-8a4b-da152c99e56f" testId="c20216b8-3d53-870c-3d98-85b451f87145" testName="GameBoy.Tests.CpuAddressingTests.ReadHighC_ReadsFromHighRAMPlusCRegister" computerName="pkrvm7jw40e0xgp" duration="00:00:00.0001756" startTime="2025-09-08T15:10:54.7231701+00:00" endTime="2025-09-08T15:10:54.7231702+00:00" testType="13cdc9d9-ddb5-4fa4-a97d-d965ccfc6d4b" outcome="Passed" testListId="8c84fa94-04c1-424b-9868-57a2d4851a1d" relativeResultsDirectory="c5a56905-e284-4567-8a4b-da152c99e56f" />
    <UnitTestResult executionId="eccd9a7e-8285-4d83-bad5-d15d6f9ef2f4" testId="98ee9077-e403-a9b5-6b6c-2cf1d38f61f3" testName="GameBoy.Tests.AluTests.Compare_ASmaller_SetsCarryFlag" computerName="pkrvm7jw40e0xgp" duration="00:00:00.0002549" startTime="2025-09-08T15:10:54.7148215+00:00" endTime="2025-09-08T15:10:54.7148216+00:00" testType="13cdc9d9-ddb5-4fa4-a97d-d965ccfc6d4b" outcome="Passed" testListId="8c84fa94-04c1-424b-9868-57a2d4851a1d" relativeResultsDirectory="eccd9a7e-8285-4d83-bad5-d15d6f9ef2f4" />
    <UnitTestResult executionId="7fe762c0-8242-4095-8681-b61b9dc848cd" testId="adf23f40-2859-f79c-dec4-a4f9a98c1f87" testName="GameBoy.Tests.EmulatorMbcIntegrationTests.Emulator_LoadRom_Mbc1WithBattery_HasBatteryRam" computerName="pkrvm7jw40e0xgp" duration="00:00:00.0003904" startTime="2025-09-08T15:10:54.7165081+00:00" endTime="2025-09-08T15:10:54.7165082+00:00" testType="13cdc9d9-ddb5-4fa4-a97d-d965ccfc6d4b" outcome="Passed" testListId="8c84fa94-04c1-424b-9868-57a2d4851a1d" relativeResultsDirectory="7fe762c0-8242-4095-8681-b61b9dc848cd" />
    <UnitTestResult executionId="395157ff-561d-42b6-9e99-7e8f3b2df6f3" testId="06dbb17f-0a44-4522-049b-1c6cf3bf3755" testName="GameBoy.Tests.CartridgeHeaderTests.Title_ExtractsCorrectTitle" computerName="pkrvm7jw40e0xgp" duration="00:00:00.0002213" startTime="2025-09-08T15:10:54.7066449+00:00" endTime="2025-09-08T15:10:54.7066450+00:00" testType="13cdc9d9-ddb5-4fa4-a97d-d965ccfc6d4b" outcome="Passed" testListId="8c84fa94-04c1-424b-9868-57a2d4851a1d" relativeResultsDirectory="395157ff-561d-42b6-9e99-7e8f3b2df6f3" />
    <UnitTestResult executionId="df025a40-f0bd-4c31-9232-03a8186483d5" testId="892517e5-2cf5-e85a-1d55-05972719f450" testName="GameBoy.Tests.MmuTests.JOYP_WritesOnlyAffectBits4And5" computerName="pkrvm7jw40e0xgp" duration="00:00:00.0002743" startTime="2025-09-08T15:10:54.6896367+00:00" endTime="2025-09-08T15:10:54.6896368+00:00" testType="13cdc9d9-ddb5-4fa4-a97d-d965ccfc6d4b" outcome="Passed" testListId="8c84fa94-04c1-424b-9868-57a2d4851a1d" relativeResultsDirectory="df025a40-f0bd-4c31-9232-03a8186483d5" />
    <UnitTestResult executionId="50b6b0a9-fb6c-4158-a888-980da637089d" testId="925ace13-a21f-4713-d4c7-21a444f757ef" testName="GameBoy.Tests.MmuTests.WriteWord_LittleEndian" computerName="pkrvm7jw40e0xgp" duration="00:00:00.0002266" startTime="2025-09-08T15:10:54.6837289+00:00" endTime="2025-09-08T15:10:54.6837290+00:00" testType="13cdc9d9-ddb5-4fa4-a97d-d965ccfc6d4b" outcome="Passed" testListId="8c84fa94-04c1-424b-9868-57a2d4851a1d" relativeResultsDirectory="50b6b0a9-fb6c-4158-a888-980da637089d" />
    <UnitTestResult executionId="56cc6f3f-6096-400b-9346-b82f0118206f" testId="77182e8d-b8f8-e457-3fae-28dfdff8725f" testName="GameBoy.Tests.EmulatorMbcIntegrationTests.Emulator_BatteryRam_NonBatteryCartridge_ReturnsNull" computerName="pkrvm7jw40e0xgp" duration="00:00:00.0004838" startTime="2025-09-08T15:10:54.7210484+00:00" endTime="2025-09-08T15:10:54.7210485+00:00" testType="13cdc9d9-ddb5-4fa4-a97d-d965ccfc6d4b" outcome="Passed" testListId="8c84fa94-04c1-424b-9868-57a2d4851a1d" relativeResultsDirectory="56cc6f3f-6096-400b-9346-b82f0118206f" />
    <UnitTestResult executionId="7eca8178-928f-4d63-bc6c-ca1bed47d574" testId="e37e904c-e09a-b555-45f3-729984081eed" testName="GameBoy.Tests.InstructionDecodingTests.CPU_Step_HandlesKnownPrimaryOpcodes" computerName="pkrvm7jw40e0xgp" duration="00:00:00.0702714" startTime="2025-09-08T15:10:54.7063395+00:00" endTime="2025-09-08T15:10:54.7063396+00:00" testType="13cdc9d9-ddb5-4fa4-a97d-d965ccfc6d4b" outcome="Passed" testListId="8c84fa94-04c1-424b-9868-57a2d4851a1d" relativeResultsDirectory="7eca8178-928f-4d63-bc6c-ca1bed47d574" />
    <UnitTestResult executionId="1b151717-b4ce-4a30-811c-371cb97a773d" testId="83a2a8f8-10a0-63f7-9572-5acd26c91a73" testName="GameBoy.Tests.MmuTests.IE_RegisterSemantics_Full8BitReadWrite" computerName="pkrvm7jw40e0xgp" duration="00:00:00.0033183" startTime="2025-09-08T15:10:54.6891939+00:00" endTime="2025-09-08T15:10:54.6891939+00:00" testType="13cdc9d9-ddb5-4fa4-a97d-d965ccfc6d4b" outcome="Passed" testListId="8c84fa94-04c1-424b-9868-57a2d4851a1d" relativeResultsDirectory="1b151717-b4ce-4a30-811c-371cb97a773d" />
    <UnitTestResult executionId="3cb0ebf6-0310-47f4-b8b2-a69cd5f6620d" testId="8b6a2a0c-c8d5-5cee-bfdd-1ab4842e3690" testName="GameBoy.Tests.CartridgeTests.Detect_AllMbc5Variants_ReturnsCorrectCartridge(cartridgeType: 25)" computerName="pkrvm7jw40e0xgp" duration="00:00:00.0000451" startTime="2025-09-08T15:10:54.7050993+00:00" endTime="2025-09-08T15:10:54.7050993+00:00" testType="13cdc9d9-ddb5-4fa4-a97d-d965ccfc6d4b" outcome="Passed" testListId="8c84fa94-04c1-424b-9868-57a2d4851a1d" relativeResultsDirectory="3cb0ebf6-0310-47f4-b8b2-a69cd5f6620d" />
    <UnitTestResult executionId="d0e384d6-797d-4fde-9ad6-ab215739e1b7" testId="5924fbe0-0856-ba6d-5f56-bda58dc0f81a" testName="GameBoy.Tests.CpuTests.Add_A_d8_AddsImmediateByte" computerName="pkrvm7jw40e0xgp" duration="00:00:00.0005951" startTime="2025-09-08T15:10:54.7258699+00:00" endTime="2025-09-08T15:10:54.7258700+00:00" testType="13cdc9d9-ddb5-4fa4-a97d-d965ccfc6d4b" outcome="Passed" testListId="8c84fa94-04c1-424b-9868-57a2d4851a1d" relativeResultsDirectory="d0e384d6-797d-4fde-9ad6-ab215739e1b7" />
    <UnitTestResult executionId="6947c8b7-5933-4c8e-91c2-9d8fd19deffa" testId="8a920482-bb78-609e-ade1-d9fd2bf946ac" testName="GameBoy.Tests.CartridgeTests.Detect_AllMbc5Variants_ReturnsCorrectCartridge(cartridgeType: 27)" computerName="pkrvm7jw40e0xgp" duration="00:00:00.0002158" startTime="2025-09-08T15:10:54.7044364+00:00" endTime="2025-09-08T15:10:54.7044365+00:00" testType="13cdc9d9-ddb5-4fa4-a97d-d965ccfc6d4b" outcome="Passed" testListId="8c84fa94-04c1-424b-9868-57a2d4851a1d" relativeResultsDirectory="6947c8b7-5933-4c8e-91c2-9d8fd19deffa" />
    <UnitTestResult executionId="bf3c9b6f-a57f-4cdb-a670-92e05245e999" testId="3f0d6e46-8baa-f2a8-ffbe-169b35cd84a1" testName="GameBoy.Tests.MmuTests.ReadWrite_WorkInRamRegion" computerName="pkrvm7jw40e0xgp" duration="00:00:00.0143565" startTime="2025-09-08T15:10:54.5392135+00:00" endTime="2025-09-08T15:10:54.5392136+00:00" testType="13cdc9d9-ddb5-4fa4-a97d-d965ccfc6d4b" outcome="Passed" testListId="8c84fa94-04c1-424b-9868-57a2d4851a1d" relativeResultsDirectory="bf3c9b6f-a57f-4cdb-a670-92e05245e999" />
    <UnitTestResult executionId="813948f0-354e-493e-b90a-0bfbd3509865" testId="f875f231-3682-e917-5927-759456c2b78f" testName="GameBoy.Tests.AddressingHelpersExampleTests.Example_CopyArrayUsingHLIncrement" computerName="pkrvm7jw40e0xgp" duration="00:00:00.0064345" startTime="2025-09-08T15:10:54.7243478+00:00" endTime="2025-09-08T15:10:54.7243478+00:00" testType="13cdc9d9-ddb5-4fa4-a97d-d965ccfc6d4b" outcome="Passed" testListId="8c84fa94-04c1-424b-9868-57a2d4851a1d" relativeResultsDirectory="813948f0-354e-493e-b90a-0bfbd3509865" />
    <UnitTestResult executionId="00fa0993-6f9a-4923-8cb6-828fbe9fd714" testId="b09e3f56-27cc-ba83-332b-895d4fe4a28f" testName="GameBoy.Tests.CpuAddressingTests.WriteHighImm8_WritesToHighRAMPlusImmediateValue" computerName="pkrvm7jw40e0xgp" duration="00:00:00.0029126" startTime="2025-09-08T15:10:54.7212791+00:00" endTime="2025-09-08T15:10:54.7212791+00:00" testType="13cdc9d9-ddb5-4fa4-a97d-d965ccfc6d4b" outcome="Passed" testListId="8c84fa94-04c1-424b-9868-57a2d4851a1d" relativeResultsDirectory="00fa0993-6f9a-4923-8cb6-828fbe9fd714" />
    <UnitTestResult executionId="fe2a5c51-004c-4d3c-a065-0ae17ac3b255" testId="2c33bfb1-e133-563f-095d-da8765942f63" testName="GameBoy.Tests.InstructionDecodingTests.CPU_Step_HandlesUnknownPrimaryOpcodes" computerName="pkrvm7jw40e0xgp" duration="00:00:00.0002959" startTime="2025-09-08T15:10:54.7144976+00:00" endTime="2025-09-08T15:10:54.7144976+00:00" testType="13cdc9d9-ddb5-4fa4-a97d-d965ccfc6d4b" outcome="Passed" testListId="8c84fa94-04c1-424b-9868-57a2d4851a1d" relativeResultsDirectory="fe2a5c51-004c-4d3c-a065-0ae17ac3b255" />
    <UnitTestResult executionId="9ce6a7f8-3780-4ef6-af5d-0f97827ee08b" testId="b32aab51-13eb-6cd3-29c0-f36d5c586e8c" testName="GameBoy.Tests.CartridgeHeaderTests.RomSize_CalculatesCorrectSizeForSpecialCodes(code: 84, expectedSize: 1572864)" computerName="pkrvm7jw40e0xgp" duration="00:00:00.0000440" startTime="2025-09-08T15:10:54.6947742+00:00" endTime="2025-09-08T15:10:54.6947743+00:00" testType="13cdc9d9-ddb5-4fa4-a97d-d965ccfc6d4b" outcome="Passed" testListId="8c84fa94-04c1-424b-9868-57a2d4851a1d" relativeResultsDirectory="9ce6a7f8-3780-4ef6-af5d-0f97827ee08b" />
    <UnitTestResult executionId="c54cff77-8c34-4b52-9c54-a5969a3a98a9" testId="868c6e37-cda9-3454-52f1-7ea096cc11d1" testName="GameBoy.Tests.EmulatorMbcIntegrationTests.Emulator_LoadRom_AllUnsupportedMbcTypes_ThrowsNotSupportedException(cartridgeType: 255, expectedMbcName: &quot;HuC1&quot;)" computerName="pkrvm7jw40e0xgp" duration="00:00:00.0001078" startTime="2025-09-08T15:10:54.7177385+00:00" endTime="2025-09-08T15:10:54.7177386+00:00" testType="13cdc9d9-ddb5-4fa4-a97d-d965ccfc6d4b" outcome="Passed" testListId="8c84fa94-04c1-424b-9868-57a2d4851a1d" relativeResultsDirectory="c54cff77-8c34-4b52-9c54-a5969a3a98a9" />
    <UnitTestResult executionId="7c5ff150-ba54-4b66-8c4a-e91f6edb6385" testId="ef04f673-84e3-cd4d-2450-8c83069b10eb" testName="GameBoy.Tests.InstructionDecodingTests.OpcodeTable_CB_Has256Entries" computerName="pkrvm7jw40e0xgp" duration="00:00:00.0001006" startTime="2025-09-08T15:10:54.7111139+00:00" endTime="2025-09-08T15:10:54.7111139+00:00" testType="13cdc9d9-ddb5-4fa4-a97d-d965ccfc6d4b" outcome="Passed" testListId="8c84fa94-04c1-424b-9868-57a2d4851a1d" relativeResultsDirectory="7c5ff150-ba54-4b66-8c4a-e91f6edb6385" />
    <UnitTestResult executionId="64632eb6-a191-4206-8bb3-b416a45ef942" testId="11c3bd15-157d-e471-8c85-9eb9f45d7cdf" testName="GameBoy.Tests.CpuTests.Ld_r_d8_LoadsImmediateByte" computerName="pkrvm7jw40e0xgp" duration="00:00:00.0004276" startTime="2025-09-08T15:10:54.7252984+00:00" endTime="2025-09-08T15:10:54.7252985+00:00" testType="13cdc9d9-ddb5-4fa4-a97d-d965ccfc6d4b" outcome="Passed" testListId="8c84fa94-04c1-424b-9868-57a2d4851a1d" relativeResultsDirectory="64632eb6-a191-4206-8bb3-b416a45ef942" />
    <UnitTestResult executionId="346f5f60-9ea3-469c-ac21-5b08b2c4976f" testId="d29da4c8-84a1-5463-ad48-82a8fa5c6bd4" testName="GameBoy.Tests.Mbc5Tests.ExternalRam_BasicReadWrite" computerName="pkrvm7jw40e0xgp" duration="00:00:00.0002930" startTime="2025-09-08T15:10:54.7277000+00:00" endTime="2025-09-08T15:10:54.7277000+00:00" testType="13cdc9d9-ddb5-4fa4-a97d-d965ccfc6d4b" outcome="Passed" testListId="8c84fa94-04c1-424b-9868-57a2d4851a1d" relativeResultsDirectory="346f5f60-9ea3-469c-ac21-5b08b2c4976f" />
    <UnitTestResult executionId="fbc0c2e0-8948-4c27-be8a-d19dd954b7c3" testId="f8681056-21ff-2663-89c0-a8966f79df64" testName="GameBoy.Tests.CartridgeHeaderTests.GlobalChecksum_ParsedCorrectly" computerName="pkrvm7jw40e0xgp" duration="00:00:00.0002382" startTime="2025-09-08T15:10:54.7085148+00:00" endTime="2025-09-08T15:10:54.7085149+00:00" testType="13cdc9d9-ddb5-4fa4-a97d-d965ccfc6d4b" outcome="Passed" testListId="8c84fa94-04c1-424b-9868-57a2d4851a1d" relativeResultsDirectory="fbc0c2e0-8948-4c27-be8a-d19dd954b7c3" />
    <UnitTestResult executionId="2c3d7037-3980-4756-b4cf-ea9dffc10f3c" testId="34359d87-23c7-7196-73c9-e6741b1ffeff" testName="GameBoy.Tests.AluTests.Subtract_HalfCarryBorrow_SetsHalfCarryFlag" computerName="pkrvm7jw40e0xgp" duration="00:00:00.0001421" startTime="2025-09-08T15:10:54.7221713+00:00" endTime="2025-09-08T15:10:54.7221714+00:00" testType="13cdc9d9-ddb5-4fa4-a97d-d965ccfc6d4b" outcome="Passed" testListId="8c84fa94-04c1-424b-9868-57a2d4851a1d" relativeResultsDirectory="2c3d7037-3980-4756-b4cf-ea9dffc10f3c" />
    <UnitTestResult executionId="15a731ba-0824-4b05-af7d-71651c852888" testId="f4657047-c0dd-9134-5680-1706a8daf59b" testName="GameBoy.Tests.CartridgeHeaderTests.Title_HandlesNullTermination" computerName="pkrvm7jw40e0xgp" duration="00:00:00.0018763" startTime="2025-09-08T15:10:54.7003323+00:00" endTime="2025-09-08T15:10:54.7003323+00:00" testType="13cdc9d9-ddb5-4fa4-a97d-d965ccfc6d4b" outcome="Passed" testListId="8c84fa94-04c1-424b-9868-57a2d4851a1d" relativeResultsDirectory="15a731ba-0824-4b05-af7d-71651c852888" />
    <UnitTestResult executionId="831599c6-ff90-44e0-a517-2bfea3b92459" testId="e1aa7990-1da1-83da-996d-146c1ddd0d6c" testName="GameBoy.Tests.CpuTests.Nop_DoesNothing" computerName="pkrvm7jw40e0xgp" duration="00:00:00.0003345" startTime="2025-09-08T15:10:54.7260500+00:00" endTime="2025-09-08T15:10:54.7260501+00:00" testType="13cdc9d9-ddb5-4fa4-a97d-d965ccfc6d4b" outcome="Passed" testListId="8c84fa94-04c1-424b-9868-57a2d4851a1d" relativeResultsDirectory="831599c6-ff90-44e0-a517-2bfea3b92459" />
    <UnitTestResult executionId="edddfb40-e08b-4660-8c68-9c467e262222" testId="2f056f1e-d672-857f-c119-9a4b6216ba96" testName="GameBoy.Tests.CpuAddressingTests.ReadHLD_ReadsFromHLAddressThenDecrementsHL" computerName="pkrvm7jw40e0xgp" duration="00:00:00.0003423" startTime="2025-09-08T15:10:54.7128873+00:00" endTime="2025-09-08T15:10:54.7128873+00:00" testType="13cdc9d9-ddb5-4fa4-a97d-d965ccfc6d4b" outcome="Passed" testListId="8c84fa94-04c1-424b-9868-57a2d4851a1d" relativeResultsDirectory="edddfb40-e08b-4660-8c68-9c467e262222" />
    <UnitTestResult executionId="392a430e-0bef-4c12-9bc3-7616336d262b" testId="bfc9ef65-1a17-4d4d-44b1-60bb55d45a15" testName="GameBoy.Tests.CpuTests.Ld_r_r_CopiesRegister" computerName="pkrvm7jw40e0xgp" duration="00:00:00.0003049" startTime="2025-09-08T15:10:54.7254327+00:00" endTime="2025-09-08T15:10:54.7254327+00:00" testType="13cdc9d9-ddb5-4fa4-a97d-d965ccfc6d4b" outcome="Passed" testListId="8c84fa94-04c1-424b-9868-57a2d4851a1d" relativeResultsDirectory="392a430e-0bef-4c12-9bc3-7616336d262b" />
    <UnitTestResult executionId="fab1f681-9511-433d-82e2-b50c0dfa553c" testId="780e9802-fd3e-fb97-5165-36872cd7596d" testName="GameBoy.Tests.CartridgeTests.Detect_UnknownCartridgeTypes_ThrowsNotSupportedException(cartridgeType: 170)" computerName="pkrvm7jw40e0xgp" duration="00:00:00.0000654" startTime="2025-09-08T15:10:54.7054211+00:00" endTime="2025-09-08T15:10:54.7054211+00:00" testType="13cdc9d9-ddb5-4fa4-a97d-d965ccfc6d4b" outcome="Passed" testListId="8c84fa94-04c1-424b-9868-57a2d4851a1d" relativeResultsDirectory="fab1f681-9511-433d-82e2-b50c0dfa553c" />
    <UnitTestResult executionId="0c32c444-4ced-4018-b22c-f250ec722e0c" testId="693b087f-6635-45fa-1763-ca3dcb3bc156" testName="GameBoy.Tests.CpuAddressingTests.WriteHLI_WritesToHLAddressThenIncrementsHL" computerName="pkrvm7jw40e0xgp" duration="00:00:00.0005094" startTime="2025-09-08T15:10:54.7123395+00:00" endTime="2025-09-08T15:10:54.7123396+00:00" testType="13cdc9d9-ddb5-4fa4-a97d-d965ccfc6d4b" outcome="Passed" testListId="8c84fa94-04c1-424b-9868-57a2d4851a1d" relativeResultsDirectory="0c32c444-4ced-4018-b22c-f250ec722e0c" />
    <UnitTestResult executionId="7213a81d-d89c-4933-8835-9137763de23e" testId="5f331914-41b3-92d2-2fc0-87e754e4a46b" testName="GameBoy.Tests.InstructionDecodingTests.OpcodeTable_Primary_Has256Entries" computerName="pkrvm7jw40e0xgp" duration="00:00:00.0001100" startTime="2025-09-08T15:10:54.7110387+00:00" endTime="2025-09-08T15:10:54.7110388+00:00" testType="13cdc9d9-ddb5-4fa4-a97d-d965ccfc6d4b" outcome="Passed" testListId="8c84fa94-04c1-424b-9868-57a2d4851a1d" relativeResultsDirectory="7213a81d-d89c-4933-8835-9137763de23e" />
    <UnitTestResult executionId="909ce3bd-9b2f-4c32-bb8c-850154684a5b" testId="91f182fd-4e40-6cec-5612-56fc0376e781" testName="GameBoy.Tests.Mbc3Tests.ExternalRam_BeyondAvailableBanks_ReturnsFF" computerName="pkrvm7jw40e0xgp" duration="00:00:00.0010014" startTime="2025-09-08T15:10:54.7299382+00:00" endTime="2025-09-08T15:10:54.7299382+00:00" testType="13cdc9d9-ddb5-4fa4-a97d-d965ccfc6d4b" outcome="Passed" testListId="8c84fa94-04c1-424b-9868-57a2d4851a1d" relativeResultsDirectory="909ce3bd-9b2f-4c32-bb8c-850154684a5b" />
    <UnitTestResult executionId="356b6a3a-2ed9-4cf7-bb6a-c3d715957394" testId="7d6987f5-e6da-033a-8efe-53a51124e623" testName="GameBoy.Tests.AluTests.Xor_SameValues_ZeroResult" computerName="pkrvm7jw40e0xgp" duration="00:00:00.0001406" startTime="2025-09-08T15:10:54.7209035+00:00" endTime="2025-09-08T15:10:54.7209036+00:00" testType="13cdc9d9-ddb5-4fa4-a97d-d965ccfc6d4b" outcome="Passed" testListId="8c84fa94-04c1-424b-9868-57a2d4851a1d" relativeResultsDirectory="356b6a3a-2ed9-4cf7-bb6a-c3d715957394" />
    <UnitTestResult executionId="bb669e57-9be1-4945-9cd0-7b3fa2e3c10c" testId="686f0fc9-db03-2a97-46dc-d662120c4357" testName="GameBoy.Tests.CartridgeTests.Detect_UnknownCartridgeTypes_ThrowsNotSupportedException(cartridgeType: 153)" computerName="pkrvm7jw40e0xgp" duration="00:00:00.0000922" startTime="2025-09-08T15:10:54.7053616+00:00" endTime="2025-09-08T15:10:54.7053616+00:00" testType="13cdc9d9-ddb5-4fa4-a97d-d965ccfc6d4b" outcome="Passed" testListId="8c84fa94-04c1-424b-9868-57a2d4851a1d" relativeResultsDirectory="bb669e57-9be1-4945-9cd0-7b3fa2e3c10c" />
    <UnitTestResult executionId="05bdac69-722a-4420-b451-b6eb90f5d5a0" testId="84951c40-1d39-2cf1-7d54-c2c1cf7967b4" testName="GameBoy.Tests.IoRegionWiringTests.IoRegion_AllWrites_CallWriteIoRegister" computerName="pkrvm7jw40e0xgp" duration="00:00:00.0003441" startTime="2025-09-08T15:10:54.6834771+00:00" endTime="2025-09-08T15:10:54.6834772+00:00" testType="13cdc9d9-ddb5-4fa4-a97d-d965ccfc6d4b" outcome="Passed" testListId="8c84fa94-04c1-424b-9868-57a2d4851a1d" relativeResultsDirectory="05bdac69-722a-4420-b451-b6eb90f5d5a0" />
    <UnitTestResult executionId="69ee3f1d-228b-4f94-937a-705eb86d3e1e" testId="aa468564-3fed-7531-2863-b13b77656923" testName="GameBoy.Tests.CartridgeHeaderTests.RamSize_InvalidCodes_DefaultsToZero(code: 255)" computerName="pkrvm7jw40e0xgp" duration="00:00:00.0000455" startTime="2025-09-08T15:10:54.7005135+00:00" endTime="2025-09-08T15:10:54.7005135+00:00" testType="13cdc9d9-ddb5-4fa4-a97d-d965ccfc6d4b" outcome="Passed" testListId="8c84fa94-04c1-424b-9868-57a2d4851a1d" relativeResultsDirectory="69ee3f1d-228b-4f94-937a-705eb86d3e1e" />
    <UnitTestResult executionId="46b5b6cd-91e7-4473-ab87-4997f8d9f62f" testId="8ce87170-d45b-dd24-b50f-4a90bbbde208" testName="GameBoy.Tests.Mbc5Tests.ReadRom_LargeRomEdgeCases_HandledCorrectly" computerName="pkrvm7jw40e0xgp" duration="00:00:00.0347094" startTime="2025-09-08T15:10:54.7307469+00:00" endTime="2025-09-08T15:10:54.7307470+00:00" testType="13cdc9d9-ddb5-4fa4-a97d-d965ccfc6d4b" outcome="Passed" testListId="8c84fa94-04c1-424b-9868-57a2d4851a1d" relativeResultsDirectory="46b5b6cd-91e7-4473-ab87-4997f8d9f62f" />
    <UnitTestResult executionId="5e4bba09-aeac-4988-9662-42b783c34378" testId="5867821c-26ab-2d78-4bc5-e20dbefcbaf9" testName="GameBoy.Tests.EmulatorMbcIntegrationTests.Emulator_BatteryRam_NoCartridge_ReturnsNull" computerName="pkrvm7jw40e0xgp" duration="00:00:00.0003563" startTime="2025-09-08T15:10:54.7200479+00:00" endTime="2025-09-08T15:10:54.7200480+00:00" testType="13cdc9d9-ddb5-4fa4-a97d-d965ccfc6d4b" outcome="Passed" testListId="8c84fa94-04c1-424b-9868-57a2d4851a1d" relativeResultsDirectory="5e4bba09-aeac-4988-9662-42b783c34378" />
    <UnitTestResult executionId="35085be6-47a9-4b21-9c11-8efc72cf0f39" testId="0363a9ad-f5a9-fc63-7f70-ff763491ded3" testName="GameBoy.Tests.CartridgeMmuIntegrationTests.Mmu_BatteryBackedCartridge_ImplementsInterface" computerName="pkrvm7jw40e0xgp" duration="00:00:00.0153852" startTime="2025-09-08T15:10:54.7091714+00:00" endTime="2025-09-08T15:10:54.7091715+00:00" testType="13cdc9d9-ddb5-4fa4-a97d-d965ccfc6d4b" outcome="Passed" testListId="8c84fa94-04c1-424b-9868-57a2d4851a1d" relativeResultsDirectory="35085be6-47a9-4b21-9c11-8efc72cf0f39" />
    <UnitTestResult executionId="ec59c853-a552-45dd-b95a-afa54c31bcda" testId="b942a944-0529-1d1d-8c96-e0b3d1d7729e" testName="GameBoy.Tests.AluTests.Add_HalfCarryBoundary_CorrectFlags" computerName="pkrvm7jw40e0xgp" duration="00:00:00.0001488" startTime="2025-09-08T15:10:54.7227403+00:00" endTime="2025-09-08T15:10:54.7227403+00:00" testType="13cdc9d9-ddb5-4fa4-a97d-d965ccfc6d4b" outcome="Passed" testListId="8c84fa94-04c1-424b-9868-57a2d4851a1d" relativeResultsDirectory="ec59c853-a552-45dd-b95a-afa54c31bcda" />
    <UnitTestResult executionId="8692593c-aa74-4e44-8809-7ef3b8036d2e" testId="8cb0f3cb-85ff-d610-1cb2-ffb9ebd4ca3b" testName="GameBoy.Tests.AluTests.Compare_Equal_SetsZeroFlag" computerName="pkrvm7jw40e0xgp" duration="00:00:00.0001425" startTime="2025-09-08T15:10:54.7226614+00:00" endTime="2025-09-08T15:10:54.7226615+00:00" testType="13cdc9d9-ddb5-4fa4-a97d-d965ccfc6d4b" outcome="Passed" testListId="8c84fa94-04c1-424b-9868-57a2d4851a1d" relativeResultsDirectory="8692593c-aa74-4e44-8809-7ef3b8036d2e" />
    <UnitTestResult executionId="c63c2808-7fe8-476b-af5e-0dc18fba0b88" testId="5d9df125-8a39-59f2-6303-c01c771a22b9" testName="GameBoy.Tests.CartridgeTests.Detect_NullRom_ThrowsArgumentException" computerName="pkrvm7jw40e0xgp" duration="00:00:00.0004706" startTime="2025-09-08T15:10:54.7111917+00:00" endTime="2025-09-08T15:10:54.7111917+00:00" testType="13cdc9d9-ddb5-4fa4-a97d-d965ccfc6d4b" outcome="Passed" testListId="8c84fa94-04c1-424b-9868-57a2d4851a1d" relativeResultsDirectory="c63c2808-7fe8-476b-af5e-0dc18fba0b88" />
    <UnitTestResult executionId="25a96c10-812c-4598-b0a2-7d36274ebb5b" testId="ac5af315-790c-169b-481f-a8260b6ce215" testName="GameBoy.Tests.CartridgeHeaderTests.RamSize_CalculatesCorrectSizeForStandardCodes(code: 5, expectedSize: 65536)" computerName="pkrvm7jw40e0xgp" duration="00:00:00.0259383" startTime="2025-09-08T15:10:54.6943592+00:00" endTime="2025-09-08T15:10:54.6943593+00:00" testType="13cdc9d9-ddb5-4fa4-a97d-d965ccfc6d4b" outcome="Passed" testListId="8c84fa94-04c1-424b-9868-57a2d4851a1d" relativeResultsDirectory="25a96c10-812c-4598-b0a2-7d36274ebb5b" />
    <UnitTestResult executionId="df02e308-5f84-4c0e-be48-8cd93da13a17" testId="836481c2-6b48-55dc-f9b3-7b7da164df37" testName="GameBoy.Tests.CpuAddressingTests.WriteHighC_WritesToHighRAMPlusCRegister" computerName="pkrvm7jw40e0xgp" duration="00:00:00.0002719" startTime="2025-09-08T15:10:54.7130995+00:00" endTime="2025-09-08T15:10:54.7130996+00:00" testType="13cdc9d9-ddb5-4fa4-a97d-d965ccfc6d4b" outcome="Passed" testListId="8c84fa94-04c1-424b-9868-57a2d4851a1d" relativeResultsDirectory="df02e308-5f84-4c0e-be48-8cd93da13a17" />
    <UnitTestResult executionId="22427add-c9fe-45e3-bc94-b64706f0bdca" testId="8127ea1e-ba01-dcf8-29b0-bba331714c0f" testName="GameBoy.Tests.MmuTests.DIV_WriteResetsToZero" computerName="pkrvm7jw40e0xgp" duration="00:00:00.0002708" startTime="2025-09-08T15:10:54.6777140+00:00" endTime="2025-09-08T15:10:54.6777142+00:00" testType="13cdc9d9-ddb5-4fa4-a97d-d965ccfc6d4b" outcome="Passed" testListId="8c84fa94-04c1-424b-9868-57a2d4851a1d" relativeResultsDirectory="22427add-c9fe-45e3-bc94-b64706f0bdca" />
    <UnitTestResult executionId="63da5f57-d120-49ea-832d-6401030ec251" testId="ef71ee84-beba-bbc9-b32a-a2be75f08d25" testName="GameBoy.Tests.OpcodeTableCoverageTests.CB_Table_Should_Have_Complete_Coverage" computerName="pkrvm7jw40e0xgp" duration="00:00:00.0003701" startTime="2025-09-08T15:10:54.7279779+00:00" endTime="2025-09-08T15:10:54.7279779+00:00" testType="13cdc9d9-ddb5-4fa4-a97d-d965ccfc6d4b" outcome="Passed" testListId="8c84fa94-04c1-424b-9868-57a2d4851a1d" relativeResultsDirectory="63da5f57-d120-49ea-832d-6401030ec251" />
    <UnitTestResult executionId="1c1a1fd3-c6e0-4d5e-b923-97176ff14d67" testId="764ee583-306b-f915-490f-c76a102eeb43" testName="GameBoy.Tests.CartridgeTests.Detect_HuC3_ThrowsNotSupportedException" computerName="pkrvm7jw40e0xgp" duration="00:00:00.0004767" startTime="2025-09-08T15:10:54.6991060+00:00" endTime="2025-09-08T15:10:54.6991061+00:00" testType="13cdc9d9-ddb5-4fa4-a97d-d965ccfc6d4b" outcome="Passed" testListId="8c84fa94-04c1-424b-9868-57a2d4851a1d" relativeResultsDirectory="1c1a1fd3-c6e0-4d5e-b923-97176ff14d67" />
    <UnitTestResult executionId="d0d0b6fe-b2ee-45ad-9a75-82c5a9613689" testId="1dad59b4-c11d-f31e-82c8-045bd3ba0974" testName="GameBoy.Tests.AluTests.Subtract_EdgeCases_BehavesCorrectly(a: 16, operand: 1)" computerName="pkrvm7jw40e0xgp" duration="00:00:00.0000082" startTime="2025-09-08T15:10:54.7146951+00:00" endTime="2025-09-08T15:10:54.7146951+00:00" testType="13cdc9d9-ddb5-4fa4-a97d-d965ccfc6d4b" outcome="Passed" testListId="8c84fa94-04c1-424b-9868-57a2d4851a1d" relativeResultsDirectory="d0d0b6fe-b2ee-45ad-9a75-82c5a9613689" />
    <UnitTestResult executionId="dda3be9a-12b1-4907-a185-ea98c6c2b1bd" testId="826e93b1-4bba-1e1e-7e71-9795838b252f" testName="GameBoy.Tests.EmulatorMbcIntegrationTests.Emulator_LoadRom_AllUnsupportedMbcTypes_ThrowsNotSupportedException(cartridgeType: 34, expectedMbcName: &quot;MBC7&quot;)" computerName="pkrvm7jw40e0xgp" duration="00:00:00.0035965" startTime="2025-09-08T15:10:54.7173174+00:00" endTime="2025-09-08T15:10:54.7173174+00:00" testType="13cdc9d9-ddb5-4fa4-a97d-d965ccfc6d4b" outcome="Passed" testListId="8c84fa94-04c1-424b-9868-57a2d4851a1d" relativeResultsDirectory="dda3be9a-12b1-4907-a185-ea98c6c2b1bd" />
    <UnitTestResult executionId="3c07b253-2fa9-4226-84e8-ab4fa9fdf3e3" testId="c4d251ab-8bd3-a71a-db5b-5cdbf0f22bc3" testName="GameBoy.Tests.EmulatorMbcIntegrationTests.Emulator_LoadRom_InvalidRom_ThrowsException" computerName="pkrvm7jw40e0xgp" duration="00:00:00.0076162" startTime="2025-09-08T15:10:54.7140825+00:00" endTime="2025-09-08T15:10:54.7140825+00:00" testType="13cdc9d9-ddb5-4fa4-a97d-d965ccfc6d4b" outcome="Passed" testListId="8c84fa94-04c1-424b-9868-57a2d4851a1d" relativeResultsDirectory="3c07b253-2fa9-4226-84e8-ab4fa9fdf3e3" />
    <UnitTestResult executionId="ee236213-5ea9-4c24-80d5-49efa6334778" testId="0505824a-6d7b-eeba-4727-6fa79e2c56f3" testName="GameBoy.Tests.CartridgeTests.Detect_UnknownCartridgeTypes_ThrowsNotSupportedException(cartridgeType: 204)" computerName="pkrvm7jw40e0xgp" duration="00:00:00.0002685" startTime="2025-09-08T15:10:54.7052992+00:00" endTime="2025-09-08T15:10:54.7052993+00:00" testType="13cdc9d9-ddb5-4fa4-a97d-d965ccfc6d4b" outcome="Passed" testListId="8c84fa94-04c1-424b-9868-57a2d4851a1d" relativeResultsDirectory="ee236213-5ea9-4c24-80d5-49efa6334778" />
    <UnitTestResult executionId="f04c2577-a3ab-4140-bda4-73a07b06ced6" testId="3efe24c8-deb2-789b-440d-2c5eec635271" testName="GameBoy.Tests.AluTests.Add_EdgeCases_BehavesCorrectly(a: 0, operand: 0)" computerName="pkrvm7jw40e0xgp" duration="00:00:00.0124467" startTime="2025-09-08T15:10:54.7193557+00:00" endTime="2025-09-08T15:10:54.7193557+00:00" testType="13cdc9d9-ddb5-4fa4-a97d-d965ccfc6d4b" outcome="Passed" testListId="8c84fa94-04c1-424b-9868-57a2d4851a1d" relativeResultsDirectory="f04c2577-a3ab-4140-bda4-73a07b06ced6" />
    <UnitTestResult executionId="d8c97e6f-3a08-49db-80e7-248131da3dfe" testId="842372a3-4c75-5446-4153-0efabaa521b2" testName="GameBoy.Tests.CpuAddressingTests.SetR8_SetsCorrectRegisterValues" computerName="pkrvm7jw40e0xgp" duration="00:00:00.0005529" startTime="2025-09-08T15:10:54.7185782+00:00" endTime="2025-09-08T15:10:54.7185783+00:00" testType="13cdc9d9-ddb5-4fa4-a97d-d965ccfc6d4b" outcome="Passed" testListId="8c84fa94-04c1-424b-9868-57a2d4851a1d" relativeResultsDirectory="d8c97e6f-3a08-49db-80e7-248131da3dfe" />
    <UnitTestResult executionId="c98c7966-b34a-4f8d-af82-9dafc9fb4fbe" testId="fa39466d-d3ef-961a-befb-035a0c704616" testName="GameBoy.Tests.CartridgeHeaderTests.IsValidHeader_InvalidRomSize_ReturnsFalse" computerName="pkrvm7jw40e0xgp" duration="00:00:00.0001379" startTime="2025-09-08T15:10:54.7121945+00:00" endTime="2025-09-08T15:10:54.7121945+00:00" testType="13cdc9d9-ddb5-4fa4-a97d-d965ccfc6d4b" outcome="Passed" testListId="8c84fa94-04c1-424b-9868-57a2d4851a1d" relativeResultsDirectory="c98c7966-b34a-4f8d-af82-9dafc9fb4fbe" />
    <UnitTestResult executionId="171b5653-ba2b-450a-83d7-e76e9f1cbf80" testId="18c1654c-d336-2734-4751-d18553200a33" testName="GameBoy.Tests.CartridgeTests.Detect_Mbc7_ThrowsNotSupportedException" computerName="pkrvm7jw40e0xgp" duration="00:00:00.0003841" startTime="2025-09-08T15:10:54.7104848+00:00" endTime="2025-09-08T15:10:54.7104848+00:00" testType="13cdc9d9-ddb5-4fa4-a97d-d965ccfc6d4b" outcome="Passed" testListId="8c84fa94-04c1-424b-9868-57a2d4851a1d" relativeResultsDirectory="171b5653-ba2b-450a-83d7-e76e9f1cbf80" />
    <UnitTestResult executionId="dd770e53-2c19-484a-9002-009f82437580" testId="c3b4d50e-4599-dc93-f787-7e638b2db9f5" testName="GameBoy.Tests.CartridgeHeaderTests.IsValidHeader_InvalidRomSizeCodes_ReturnsFalse(romSizeCode: 85)" computerName="pkrvm7jw40e0xgp" duration="00:00:00.0000402" startTime="2025-09-08T15:10:54.7065674+00:00" endTime="2025-09-08T15:10:54.7065674+00:00" testType="13cdc9d9-ddb5-4fa4-a97d-d965ccfc6d4b" outcome="Passed" testListId="8c84fa94-04c1-424b-9868-57a2d4851a1d" relativeResultsDirectory="dd770e53-2c19-484a-9002-009f82437580" />
    <UnitTestResult executionId="30910988-f3a6-4cb3-b6d9-80cae98e829b" testId="c70ec96d-946c-5567-d811-dbaa8ae6512c" testName="GameBoy.Tests.Mbc5Tests.ReadRom_BeyondAvailableSize_ReturnsFF" computerName="pkrvm7jw40e0xgp" duration="00:00:00.0039153" startTime="2025-09-08T15:10:54.7312056+00:00" endTime="2025-09-08T15:10:54.7312057+00:00" testType="13cdc9d9-ddb5-4fa4-a97d-d965ccfc6d4b" outcome="Passed" testListId="8c84fa94-04c1-424b-9868-57a2d4851a1d" relativeResultsDirectory="30910988-f3a6-4cb3-b6d9-80cae98e829b" />
    <UnitTestResult executionId="de040586-d1e6-49df-8d9c-f12c06cd63f4" testId="41739f19-bfd4-11d4-c1e5-c65c24bff9df" testName="GameBoy.Tests.EmulatorMbcIntegrationTests.Emulator_LoadRom_Mbc0_NoBatteryRam" computerName="pkrvm7jw40e0xgp" duration="00:00:00.0002433" startTime="2025-09-08T15:10:54.7263334+00:00" endTime="2025-09-08T15:10:54.7263335+00:00" testType="13cdc9d9-ddb5-4fa4-a97d-d965ccfc6d4b" outcome="Passed" testListId="8c84fa94-04c1-424b-9868-57a2d4851a1d" relativeResultsDirectory="de040586-d1e6-49df-8d9c-f12c06cd63f4" />
    <UnitTestResult executionId="fbd0eab6-e315-4b32-812b-940668b390cf" testId="bb76f2bc-a20b-0d58-f6e1-710315d4679b" testName="GameBoy.Tests.MmuTests.PPU_Registers_ReadDefaultValues" computerName="pkrvm7jw40e0xgp" duration="00:00:00.0004289" startTime="2025-09-08T15:10:54.6931529+00:00" endTime="2025-09-08T15:10:54.6931530+00:00" testType="13cdc9d9-ddb5-4fa4-a97d-d965ccfc6d4b" outcome="Passed" testListId="8c84fa94-04c1-424b-9868-57a2d4851a1d" relativeResultsDirectory="fbd0eab6-e315-4b32-812b-940668b390cf" />
    <UnitTestResult executionId="2de04cca-daf8-4d0a-a346-81037309d016" testId="a34e537f-852d-b7b5-3ccb-cabf02fd880d" testName="GameBoy.Tests.EmulatorMbcIntegrationTests.Emulator_LoadRom_AllUnsupportedMbcTypes_ThrowsNotSupportedException(cartridgeType: 32, expectedMbcName: &quot;MBC6&quot;)" computerName="pkrvm7jw40e0xgp" duration="00:00:00.0003639" startTime="2025-09-08T15:10:54.7174628+00:00" endTime="2025-09-08T15:10:54.7174628+00:00" testType="13cdc9d9-ddb5-4fa4-a97d-d965ccfc6d4b" outcome="Passed" testListId="8c84fa94-04c1-424b-9868-57a2d4851a1d" relativeResultsDirectory="2de04cca-daf8-4d0a-a346-81037309d016" />
    <UnitTestResult executionId="20fefbf8-b208-4d6c-afb8-f6c7283cda5b" testId="ac5dac57-5554-f3f2-f689-14f493cf01cc" testName="GameBoy.Tests.CartridgeHeaderTests.Title_HandlesNonPrintableCharacters" computerName="pkrvm7jw40e0xgp" duration="00:00:00.0001692" startTime="2025-09-08T15:10:54.7122656+00:00" endTime="2025-09-08T15:10:54.7122656+00:00" testType="13cdc9d9-ddb5-4fa4-a97d-d965ccfc6d4b" outcome="Passed" testListId="8c84fa94-04c1-424b-9868-57a2d4851a1d" relativeResultsDirectory="20fefbf8-b208-4d6c-afb8-f6c7283cda5b" />
    <UnitTestResult executionId="aab6a39e-c27b-4c04-b706-867f8a0b888d" testId="046f238c-cb98-b705-1764-1dc8284e8326" testName="GameBoy.Tests.Mbc5Tests.WriteRom_9BitBanking_FullRangeTest" computerName="pkrvm7jw40e0xgp" duration="00:00:00.0237068" startTime="2025-09-08T15:10:54.8353634+00:00" endTime="2025-09-08T15:10:54.8353635+00:00" testType="13cdc9d9-ddb5-4fa4-a97d-d965ccfc6d4b" outcome="Passed" testListId="8c84fa94-04c1-424b-9868-57a2d4851a1d" relativeResultsDirectory="aab6a39e-c27b-4c04-b706-867f8a0b888d" />
    <UnitTestResult executionId="84593da2-dfd4-43ff-b0b7-c5663d8eb310" testId="2c025142-773c-e8f8-e1d2-3622f380673e" testName="GameBoy.Tests.CartridgeMmuIntegrationTests.Mmu_ReadByte_RoutesToCartridgeRom" computerName="pkrvm7jw40e0xgp" duration="00:00:00.0013991" startTime="2025-09-08T15:10:54.6984044+00:00" endTime="2025-09-08T15:10:54.6984045+00:00" testType="13cdc9d9-ddb5-4fa4-a97d-d965ccfc6d4b" outcome="Passed" testListId="8c84fa94-04c1-424b-9868-57a2d4851a1d" relativeResultsDirectory="84593da2-dfd4-43ff-b0b7-c5663d8eb310" />
    <UnitTestResult executionId="9a84efe3-1039-4f95-b1c7-17e517a4f961" testId="eb6b7236-545c-f4c6-b413-b1678db3c1b8" testName="GameBoy.Tests.CartridgeHeaderTests.Title_HandlesEmptyTitle" computerName="pkrvm7jw40e0xgp" duration="00:00:00.0001618" startTime="2025-09-08T15:10:54.7104148+00:00" endTime="2025-09-08T15:10:54.7104149+00:00" testType="13cdc9d9-ddb5-4fa4-a97d-d965ccfc6d4b" outcome="Passed" testListId="8c84fa94-04c1-424b-9868-57a2d4851a1d" relativeResultsDirectory="9a84efe3-1039-4f95-b1c7-17e517a4f961" />
    <UnitTestResult executionId="089be07d-2fa8-4810-9e1e-e55cd2ed2bf2" testId="0b730cc7-d231-f16e-3ff3-f528370de282" testName="GameBoy.Tests.CartridgeHeaderTests.RamSize_CalculatesCorrectSizeForStandardCodes(code: 3, expectedSize: 32768)" computerName="pkrvm7jw40e0xgp" duration="00:00:00.0000307" startTime="2025-09-08T15:10:54.6945381+00:00" endTime="2025-09-08T15:10:54.6945381+00:00" testType="13cdc9d9-ddb5-4fa4-a97d-d965ccfc6d4b" outcome="Passed" testListId="8c84fa94-04c1-424b-9868-57a2d4851a1d" relativeResultsDirectory="089be07d-2fa8-4810-9e1e-e55cd2ed2bf2" />
  </Results>
  <TestDefinitions>
    <UnitTest name="GameBoy.Tests.Mbc3Tests.WriteRom_InvalidAddressRanges_Ignored" storage="/home/runner/work/blazorboy/blazorboy/src/gameboy.tests/bin/debug/net8.0/gameboy.tests.dll" id="13b2d5ab-a8d7-fa2d-5c45-a2159bda8e06">
      <Execution id="590e1a1d-fbeb-48c7-aff7-4c42642a0284" />
      <TestMethod codeBase="/home/runner/work/BlazorBoy/BlazorBoy/src/GameBoy.Tests/bin/Debug/net8.0/GameBoy.Tests.dll" adapterTypeName="executor://xunit/VsTestRunner2/netcoreapp" className="GameBoy.Tests.Mbc3Tests" name="WriteRom_InvalidAddressRanges_Ignored" />
    </UnitTest>
    <UnitTest name="GameBoy.Tests.InstructionDecodingTests.Instruction_LengthMatchesOperandType" storage="/home/runner/work/blazorboy/blazorboy/src/gameboy.tests/bin/debug/net8.0/gameboy.tests.dll" id="a5e31c1c-3c8d-f59e-e67f-7323eceb767c">
      <Execution id="8b3372af-83b6-4cc2-be4a-3c73053619d1" />
      <TestMethod codeBase="/home/runner/work/BlazorBoy/BlazorBoy/src/GameBoy.Tests/bin/Debug/net8.0/GameBoy.Tests.dll" adapterTypeName="executor://xunit/VsTestRunner2/netcoreapp" className="GameBoy.Tests.InstructionDecodingTests" name="Instruction_LengthMatchesOperandType" />
    </UnitTest>
    <UnitTest name="GameBoy.Tests.InstructionDecodingTests.SpecificInstructions_HaveCorrectMetadata(opcode: 62, expectedMnemonic: &quot;LD A,d8&quot;, expectedLength: 2, expectedCycles: 8, expectedOperandType: Immediate8)" storage="/home/runner/work/blazorboy/blazorboy/src/gameboy.tests/bin/debug/net8.0/gameboy.tests.dll" id="4975102a-f160-878b-fb69-1ad64624b139">
      <Execution id="f8ec48c0-b468-4022-a2e6-bd090065b1ba" />
      <TestMethod codeBase="/home/runner/work/BlazorBoy/BlazorBoy/src/GameBoy.Tests/bin/Debug/net8.0/GameBoy.Tests.dll" adapterTypeName="executor://xunit/VsTestRunner2/netcoreapp" className="GameBoy.Tests.InstructionDecodingTests" name="SpecificInstructions_HaveCorrectMetadata" />
    </UnitTest>
    <UnitTest name="GameBoy.Tests.EmulatorMbcIntegrationTests.Emulator_LoadRom_Mbc5WithBattery_HasBatteryRam" storage="/home/runner/work/blazorboy/blazorboy/src/gameboy.tests/bin/debug/net8.0/gameboy.tests.dll" id="a78bfd80-34fa-e94c-5a6c-332161625b79">
      <Execution id="6c14e143-1df3-4cbd-a5aa-28328439c400" />
      <TestMethod codeBase="/home/runner/work/BlazorBoy/BlazorBoy/src/GameBoy.Tests/bin/Debug/net8.0/GameBoy.Tests.dll" adapterTypeName="executor://xunit/VsTestRunner2/netcoreapp" className="GameBoy.Tests.EmulatorMbcIntegrationTests" name="Emulator_LoadRom_Mbc5WithBattery_HasBatteryRam" />
    </UnitTest>
    <UnitTest name="GameBoy.Tests.CartridgeHeaderTests.GetMbcType_ReturnsCorrectMbcForKnownTypes" storage="/home/runner/work/blazorboy/blazorboy/src/gameboy.tests/bin/debug/net8.0/gameboy.tests.dll" id="1482e0f1-adca-ade8-b149-8abc934249b7">
      <Execution id="67f4124c-7587-4178-8edc-23198bc8a436" />
      <TestMethod codeBase="/home/runner/work/BlazorBoy/BlazorBoy/src/GameBoy.Tests/bin/Debug/net8.0/GameBoy.Tests.dll" adapterTypeName="executor://xunit/VsTestRunner2/netcoreapp" className="GameBoy.Tests.CartridgeHeaderTests" name="GetMbcType_ReturnsCorrectMbcForKnownTypes" />
    </UnitTest>
    <UnitTest name="GameBoy.Tests.Mbc1Tests.WriteRom_MaxBankNumber_WorksWithinLimits" storage="/home/runner/work/blazorboy/blazorboy/src/gameboy.tests/bin/debug/net8.0/gameboy.tests.dll" id="c5b4b13c-797f-5666-64b2-e0d6c527a5f7">
      <Execution id="02bc1b00-b58a-416e-85e8-d66a6d9a7be2" />
      <TestMethod codeBase="/home/runner/work/BlazorBoy/BlazorBoy/src/GameBoy.Tests/bin/Debug/net8.0/GameBoy.Tests.dll" adapterTypeName="executor://xunit/VsTestRunner2/netcoreapp" className="GameBoy.Tests.Mbc1Tests" name="WriteRom_MaxBankNumber_WorksWithinLimits" />
    </UnitTest>
    <UnitTest name="GameBoy.Tests.CartridgeHeaderTests.HasRtc_ReturnsCorrectValueForRtcTypes" storage="/home/runner/work/blazorboy/blazorboy/src/gameboy.tests/bin/debug/net8.0/gameboy.tests.dll" id="4fc84b54-a813-cee5-d67f-65285783f54a">
      <Execution id="aebd0850-4bf4-4baf-99a4-660a5fe6a58e" />
      <TestMethod codeBase="/home/runner/work/BlazorBoy/BlazorBoy/src/GameBoy.Tests/bin/Debug/net8.0/GameBoy.Tests.dll" adapterTypeName="executor://xunit/VsTestRunner2/netcoreapp" className="GameBoy.Tests.CartridgeHeaderTests" name="HasRtc_ReturnsCorrectValueForRtcTypes" />
    </UnitTest>
    <UnitTest name="GameBoy.Tests.CartridgeHeaderTests.Title_HandlesNonPrintableCharacters" storage="/home/runner/work/blazorboy/blazorboy/src/gameboy.tests/bin/debug/net8.0/gameboy.tests.dll" id="ac5dac57-5554-f3f2-f689-14f493cf01cc">
      <Execution id="20fefbf8-b208-4d6c-afb8-f6c7283cda5b" />
      <TestMethod codeBase="/home/runner/work/BlazorBoy/BlazorBoy/src/GameBoy.Tests/bin/Debug/net8.0/GameBoy.Tests.dll" adapterTypeName="executor://xunit/VsTestRunner2/netcoreapp" className="GameBoy.Tests.CartridgeHeaderTests" name="Title_HandlesNonPrintableCharacters" />
    </UnitTest>
    <UnitTest name="GameBoy.Tests.CartridgeHeaderTests.Title_WithSpecialCharacters_HandlesCorrectly" storage="/home/runner/work/blazorboy/blazorboy/src/gameboy.tests/bin/debug/net8.0/gameboy.tests.dll" id="4316baa3-f969-5699-9071-8d86a141c6c5">
      <Execution id="f6cc9a10-3020-4ab0-bd04-2d2cd741c7b9" />
      <TestMethod codeBase="/home/runner/work/BlazorBoy/BlazorBoy/src/GameBoy.Tests/bin/Debug/net8.0/GameBoy.Tests.dll" adapterTypeName="executor://xunit/VsTestRunner2/netcoreapp" className="GameBoy.Tests.CartridgeHeaderTests" name="Title_WithSpecialCharacters_HandlesCorrectly" />
    </UnitTest>
    <UnitTest name="GameBoy.Tests.AluTests.Xor_BasicOperation_CorrectResult" storage="/home/runner/work/blazorboy/blazorboy/src/gameboy.tests/bin/debug/net8.0/gameboy.tests.dll" id="bfb1d342-e7f4-aed9-f8c1-b4963cb41e12">
      <Execution id="c823cbe1-ffcb-4603-8ed5-64c0c499accf" />
      <TestMethod codeBase="/home/runner/work/BlazorBoy/BlazorBoy/src/GameBoy.Tests/bin/Debug/net8.0/GameBoy.Tests.dll" adapterTypeName="executor://xunit/VsTestRunner2/netcoreapp" className="GameBoy.Tests.AluTests" name="Xor_BasicOperation_CorrectResult" />
    </UnitTest>
    <UnitTest name="GameBoy.Tests.CartridgeTests.Detect_AllMbc5Variants_ReturnsCorrectCartridge(cartridgeType: 26)" storage="/home/runner/work/blazorboy/blazorboy/src/gameboy.tests/bin/debug/net8.0/gameboy.tests.dll" id="8f9f63db-2214-9cab-2eef-1fb3bb4b65a4">
      <Execution id="f46bc5a0-f82d-4373-bb1b-a2136ce8e32c" />
      <TestMethod codeBase="/home/runner/work/BlazorBoy/BlazorBoy/src/GameBoy.Tests/bin/Debug/net8.0/GameBoy.Tests.dll" adapterTypeName="executor://xunit/VsTestRunner2/netcoreapp" className="GameBoy.Tests.CartridgeTests" name="Detect_AllMbc5Variants_ReturnsCorrectCartridge" />
    </UnitTest>
    <UnitTest name="GameBoy.Tests.CartridgeTests.Detect_AllMbc2Variants_ThrowsNotSupportedException(cartridgeType: 5)" storage="/home/runner/work/blazorboy/blazorboy/src/gameboy.tests/bin/debug/net8.0/gameboy.tests.dll" id="71d4783d-8f76-fa0c-236a-d09af5d224bb">
      <Execution id="b568a754-d531-4aee-8277-31402246e17f" />
      <TestMethod codeBase="/home/runner/work/BlazorBoy/BlazorBoy/src/GameBoy.Tests/bin/Debug/net8.0/GameBoy.Tests.dll" adapterTypeName="executor://xunit/VsTestRunner2/netcoreapp" className="GameBoy.Tests.CartridgeTests" name="Detect_AllMbc2Variants_ThrowsNotSupportedException" />
    </UnitTest>
    <UnitTest name="GameBoy.Tests.CartridgeHeaderTests.RamSize_CalculatesCorrectSizeForStandardCodes(code: 0, expectedSize: 0)" storage="/home/runner/work/blazorboy/blazorboy/src/gameboy.tests/bin/debug/net8.0/gameboy.tests.dll" id="06119e69-dfbf-234b-b8b0-6197b791bb56">
      <Execution id="4915d1f4-3a12-4e3f-a506-c196676610cf" />
      <TestMethod codeBase="/home/runner/work/BlazorBoy/BlazorBoy/src/GameBoy.Tests/bin/Debug/net8.0/GameBoy.Tests.dll" adapterTypeName="executor://xunit/VsTestRunner2/netcoreapp" className="GameBoy.Tests.CartridgeHeaderTests" name="RamSize_CalculatesCorrectSizeForStandardCodes" />
    </UnitTest>
    <UnitTest name="GameBoy.Tests.CartridgeTests.Detect_AllMbc4Variants_ThrowsNotSupportedException(cartridgeType: 22)" storage="/home/runner/work/blazorboy/blazorboy/src/gameboy.tests/bin/debug/net8.0/gameboy.tests.dll" id="9e76cdfa-4287-5678-59bc-a2ef16368684">
      <Execution id="9cd31239-f63b-4d64-908b-c185fbf30fe6" />
      <TestMethod codeBase="/home/runner/work/BlazorBoy/BlazorBoy/src/GameBoy.Tests/bin/Debug/net8.0/GameBoy.Tests.dll" adapterTypeName="executor://xunit/VsTestRunner2/netcoreapp" className="GameBoy.Tests.CartridgeTests" name="Detect_AllMbc4Variants_ThrowsNotSupportedException" />
    </UnitTest>
    <UnitTest name="GameBoy.Tests.CpuAddressingTests.AddressingHelpers_BC_DE_WorksWithOpcodes" storage="/home/runner/work/blazorboy/blazorboy/src/gameboy.tests/bin/debug/net8.0/gameboy.tests.dll" id="5860b7d3-064b-7580-7ff5-c38a3b9dbc98">
      <Execution id="8e9d2d23-57bf-4cbd-95e5-b2b4069e3dc7" />
      <TestMethod codeBase="/home/runner/work/BlazorBoy/BlazorBoy/src/GameBoy.Tests/bin/Debug/net8.0/GameBoy.Tests.dll" adapterTypeName="executor://xunit/VsTestRunner2/netcoreapp" className="GameBoy.Tests.CpuAddressingTests" name="AddressingHelpers_BC_DE_WorksWithOpcodes" />
    </UnitTest>
    <UnitTest name="GameBoy.Tests.AluTests.Subtract_BasicOperation_CorrectResult" storage="/home/runner/work/blazorboy/blazorboy/src/gameboy.tests/bin/debug/net8.0/gameboy.tests.dll" id="9011e578-9021-2ea1-2f28-2ef9d7bf8f9d">
      <Execution id="56723aab-f6fb-4def-bd63-6cb56fed5c6a" />
      <TestMethod codeBase="/home/runner/work/BlazorBoy/BlazorBoy/src/GameBoy.Tests/bin/Debug/net8.0/GameBoy.Tests.dll" adapterTypeName="executor://xunit/VsTestRunner2/netcoreapp" className="GameBoy.Tests.AluTests" name="Subtract_BasicOperation_CorrectResult" />
    </UnitTest>
    <UnitTest name="GameBoy.Tests.OpcodeTableCoverageTests.CB_Table_Should_Have_Complete_Coverage" storage="/home/runner/work/blazorboy/blazorboy/src/gameboy.tests/bin/debug/net8.0/gameboy.tests.dll" id="ef71ee84-beba-bbc9-b32a-a2be75f08d25">
      <Execution id="63da5f57-d120-49ea-832d-6401030ec251" />
      <TestMethod codeBase="/home/runner/work/BlazorBoy/BlazorBoy/src/GameBoy.Tests/bin/Debug/net8.0/GameBoy.Tests.dll" adapterTypeName="executor://xunit/VsTestRunner2/netcoreapp" className="GameBoy.Tests.OpcodeTableCoverageTests" name="CB_Table_Should_Have_Complete_Coverage" />
    </UnitTest>
    <UnitTest name="GameBoy.Tests.Mbc5Tests.ExternalRam_4BitRamBanking_WorksCorrectly" storage="/home/runner/work/blazorboy/blazorboy/src/gameboy.tests/bin/debug/net8.0/gameboy.tests.dll" id="9eca94b8-e39f-4c3b-e39a-9ff33450cb46">
      <Execution id="76b6aa71-119c-4ec4-b74c-f46968f50874" />
      <TestMethod codeBase="/home/runner/work/BlazorBoy/BlazorBoy/src/GameBoy.Tests/bin/Debug/net8.0/GameBoy.Tests.dll" adapterTypeName="executor://xunit/VsTestRunner2/netcoreapp" className="GameBoy.Tests.Mbc5Tests" name="ExternalRam_4BitRamBanking_WorksCorrectly" />
    </UnitTest>
    <UnitTest name="GameBoy.Tests.AluTests.AddWithCarry_WithCarryIn_AddsOne" storage="/home/runner/work/blazorboy/blazorboy/src/gameboy.tests/bin/debug/net8.0/gameboy.tests.dll" id="bcd5ab7b-5b8c-0cc6-16bd-a266853b805c">
      <Execution id="29076837-c538-4662-a689-f44a54b7351f" />
      <TestMethod codeBase="/home/runner/work/BlazorBoy/BlazorBoy/src/GameBoy.Tests/bin/Debug/net8.0/GameBoy.Tests.dll" adapterTypeName="executor://xunit/VsTestRunner2/netcoreapp" className="GameBoy.Tests.AluTests" name="AddWithCarry_WithCarryIn_AddsOne" />
    </UnitTest>
    <UnitTest name="GameBoy.Tests.CartridgeHeaderTests.RamSize_InvalidCodes_DefaultsToZero(code: 6)" storage="/home/runner/work/blazorboy/blazorboy/src/gameboy.tests/bin/debug/net8.0/gameboy.tests.dll" id="481a9655-e6cf-cca5-fe8e-baa39a8def21">
      <Execution id="ba97f0a9-116d-41bb-a662-3fbc9d0a0eaf" />
      <TestMethod codeBase="/home/runner/work/BlazorBoy/BlazorBoy/src/GameBoy.Tests/bin/Debug/net8.0/GameBoy.Tests.dll" adapterTypeName="executor://xunit/VsTestRunner2/netcoreapp" className="GameBoy.Tests.CartridgeHeaderTests" name="RamSize_InvalidCodes_DefaultsToZero" />
    </UnitTest>
    <UnitTest name="GameBoy.Tests.CpuAddressingTests.GetR8_ReturnsCorrectRegisterValues" storage="/home/runner/work/blazorboy/blazorboy/src/gameboy.tests/bin/debug/net8.0/gameboy.tests.dll" id="5964bdbb-4261-95b0-17a2-f655f9c5696d">
      <Execution id="ce5a67f3-cec4-4756-af12-2c77ad11159b" />
      <TestMethod codeBase="/home/runner/work/BlazorBoy/BlazorBoy/src/GameBoy.Tests/bin/Debug/net8.0/GameBoy.Tests.dll" adapterTypeName="executor://xunit/VsTestRunner2/netcoreapp" className="GameBoy.Tests.CpuAddressingTests" name="GetR8_ReturnsCorrectRegisterValues" />
    </UnitTest>
    <UnitTest name="GameBoy.Tests.EmulatorMbcIntegrationTests.Emulator_LoadRom_AllUnsupportedMbcTypes_ThrowsNotSupportedException(cartridgeType: 255, expectedMbcName: &quot;HuC1&quot;)" storage="/home/runner/work/blazorboy/blazorboy/src/gameboy.tests/bin/debug/net8.0/gameboy.tests.dll" id="868c6e37-cda9-3454-52f1-7ea096cc11d1">
      <Execution id="c54cff77-8c34-4b52-9c54-a5969a3a98a9" />
      <TestMethod codeBase="/home/runner/work/BlazorBoy/BlazorBoy/src/GameBoy.Tests/bin/Debug/net8.0/GameBoy.Tests.dll" adapterTypeName="executor://xunit/VsTestRunner2/netcoreapp" className="GameBoy.Tests.EmulatorMbcIntegrationTests" name="Emulator_LoadRom_AllUnsupportedMbcTypes_ThrowsNotSupportedException" />
    </UnitTest>
    <UnitTest name="GameBoy.Tests.TimerTests.Step_DoesNotThrow" storage="/home/runner/work/blazorboy/blazorboy/src/gameboy.tests/bin/debug/net8.0/gameboy.tests.dll" id="80e90cc0-268b-4732-33ce-b0e78ab64af9">
      <Execution id="8fd8238a-974f-4d34-a944-a212c0188e9d" />
      <TestMethod codeBase="/home/runner/work/BlazorBoy/BlazorBoy/src/GameBoy.Tests/bin/Debug/net8.0/GameBoy.Tests.dll" adapterTypeName="executor://xunit/VsTestRunner2/netcoreapp" className="GameBoy.Tests.TimerTests" name="Step_DoesNotThrow" />
    </UnitTest>
    <UnitTest name="GameBoy.Tests.CartridgeMmuIntegrationTests.Mmu_ExternalRam_Mbc3WithRtc" storage="/home/runner/work/blazorboy/blazorboy/src/gameboy.tests/bin/debug/net8.0/gameboy.tests.dll" id="d3973571-32a8-c5e0-9b1c-cda06e91ccb3">
      <Execution id="97486ffd-9658-4540-81fe-8ce067d6e223" />
      <TestMethod codeBase="/home/runner/work/BlazorBoy/BlazorBoy/src/GameBoy.Tests/bin/Debug/net8.0/GameBoy.Tests.dll" adapterTypeName="executor://xunit/VsTestRunner2/netcoreapp" className="GameBoy.Tests.CartridgeMmuIntegrationTests" name="Mmu_ExternalRam_Mbc3WithRtc" />
    </UnitTest>
    <UnitTest name="GameBoy.Tests.Mbc3Tests.ExternalRam_BeyondAvailableBanks_ReturnsFF" storage="/home/runner/work/blazorboy/blazorboy/src/gameboy.tests/bin/debug/net8.0/gameboy.tests.dll" id="91f182fd-4e40-6cec-5612-56fc0376e781">
      <Execution id="909ce3bd-9b2f-4c32-bb8c-850154684a5b" />
      <TestMethod codeBase="/home/runner/work/BlazorBoy/BlazorBoy/src/GameBoy.Tests/bin/Debug/net8.0/GameBoy.Tests.dll" adapterTypeName="executor://xunit/VsTestRunner2/netcoreapp" className="GameBoy.Tests.Mbc3Tests" name="ExternalRam_BeyondAvailableBanks_ReturnsFF" />
    </UnitTest>
    <UnitTest name="GameBoy.Tests.MmuTests.ReadWrite_WorkInRamRegion" storage="/home/runner/work/blazorboy/blazorboy/src/gameboy.tests/bin/debug/net8.0/gameboy.tests.dll" id="3f0d6e46-8baa-f2a8-ffbe-169b35cd84a1">
      <Execution id="bf3c9b6f-a57f-4cdb-a670-92e05245e999" />
      <TestMethod codeBase="/home/runner/work/BlazorBoy/BlazorBoy/src/GameBoy.Tests/bin/Debug/net8.0/GameBoy.Tests.dll" adapterTypeName="executor://xunit/VsTestRunner2/netcoreapp" className="GameBoy.Tests.MmuTests" name="ReadWrite_WorkInRamRegion" />
    </UnitTest>
    <UnitTest name="GameBoy.Tests.Mbc3Tests.ExternalRam_RtcRegisters_AccessibleWhenEnabled" storage="/home/runner/work/blazorboy/blazorboy/src/gameboy.tests/bin/debug/net8.0/gameboy.tests.dll" id="d3d7520c-9946-57c4-5e03-6827c9a83283">
      <Execution id="58ec5ee3-f307-45eb-b34b-7250bf61883d" />
      <TestMethod codeBase="/home/runner/work/BlazorBoy/BlazorBoy/src/GameBoy.Tests/bin/Debug/net8.0/GameBoy.Tests.dll" adapterTypeName="executor://xunit/VsTestRunner2/netcoreapp" className="GameBoy.Tests.Mbc3Tests" name="ExternalRam_RtcRegisters_AccessibleWhenEnabled" />
    </UnitTest>
    <UnitTest name="GameBoy.Tests.CartridgeTests.Detect_UnknownCartridgeTypes_ThrowsNotSupportedException(cartridgeType: 153)" storage="/home/runner/work/blazorboy/blazorboy/src/gameboy.tests/bin/debug/net8.0/gameboy.tests.dll" id="686f0fc9-db03-2a97-46dc-d662120c4357">
      <Execution id="bb669e57-9be1-4945-9cd0-7b3fa2e3c10c" />
      <TestMethod codeBase="/home/runner/work/BlazorBoy/BlazorBoy/src/GameBoy.Tests/bin/Debug/net8.0/GameBoy.Tests.dll" adapterTypeName="executor://xunit/VsTestRunner2/netcoreapp" className="GameBoy.Tests.CartridgeTests" name="Detect_UnknownCartridgeTypes_ThrowsNotSupportedException" />
    </UnitTest>
    <UnitTest name="GameBoy.Tests.CartridgeHeaderTests.RomSize_CalculatesCorrectSizeForSpecialCodes(code: 82, expectedSize: 1179648)" storage="/home/runner/work/blazorboy/blazorboy/src/gameboy.tests/bin/debug/net8.0/gameboy.tests.dll" id="10536bfe-e475-8001-6d5c-9ccf57974d7a">
      <Execution id="b367d90a-4a93-4799-9331-2fb7d1fb583b" />
      <TestMethod codeBase="/home/runner/work/BlazorBoy/BlazorBoy/src/GameBoy.Tests/bin/Debug/net8.0/GameBoy.Tests.dll" adapterTypeName="executor://xunit/VsTestRunner2/netcoreapp" className="GameBoy.Tests.CartridgeHeaderTests" name="RomSize_CalculatesCorrectSizeForSpecialCodes" />
    </UnitTest>
    <UnitTest name="GameBoy.Tests.CartridgeTests.Detect_Mbc5Rom_ReturnsCorrectCartridge" storage="/home/runner/work/blazorboy/blazorboy/src/gameboy.tests/bin/debug/net8.0/gameboy.tests.dll" id="6fc09a62-c0e9-f33d-573b-10f9b8d9c5e4">
      <Execution id="1d30a23b-76a6-4847-90d6-4071dc25bc00" />
      <TestMethod codeBase="/home/runner/work/BlazorBoy/BlazorBoy/src/GameBoy.Tests/bin/Debug/net8.0/GameBoy.Tests.dll" adapterTypeName="executor://xunit/VsTestRunner2/netcoreapp" className="GameBoy.Tests.CartridgeTests" name="Detect_Mbc5Rom_ReturnsCorrectCartridge" />
    </UnitTest>
    <UnitTest name="GameBoy.Tests.Mbc1Tests.WriteRom_AdvancedBankingMode_SwitchesMode" storage="/home/runner/work/blazorboy/blazorboy/src/gameboy.tests/bin/debug/net8.0/gameboy.tests.dll" id="f5c487c0-bd35-fb9f-7c01-87de885468b0">
      <Execution id="d4e47e1c-ab42-41f0-ad75-dfc12079d62a" />
      <TestMethod codeBase="/home/runner/work/BlazorBoy/BlazorBoy/src/GameBoy.Tests/bin/Debug/net8.0/GameBoy.Tests.dll" adapterTypeName="executor://xunit/VsTestRunner2/netcoreapp" className="GameBoy.Tests.Mbc1Tests" name="WriteRom_AdvancedBankingMode_SwitchesMode" />
    </UnitTest>
    <UnitTest name="GameBoy.Tests.Mbc3Tests.WriteRom_Bank7BitLimit_OnlyLower7BitsUsed" storage="/home/runner/work/blazorboy/blazorboy/src/gameboy.tests/bin/debug/net8.0/gameboy.tests.dll" id="3b99c33c-b8ac-a228-4beb-830e9e783e7b">
      <Execution id="fef845af-3e82-4d3a-92d6-1c381a763886" />
      <TestMethod codeBase="/home/runner/work/BlazorBoy/BlazorBoy/src/GameBoy.Tests/bin/Debug/net8.0/GameBoy.Tests.dll" adapterTypeName="executor://xunit/VsTestRunner2/netcoreapp" className="GameBoy.Tests.Mbc3Tests" name="WriteRom_Bank7BitLimit_OnlyLower7BitsUsed" />
    </UnitTest>
    <UnitTest name="GameBoy.Tests.Mbc3Tests.BatteryInterface_LoadExternalRam_LoadsRamAndRtc" storage="/home/runner/work/blazorboy/blazorboy/src/gameboy.tests/bin/debug/net8.0/gameboy.tests.dll" id="72470a6e-848a-11e5-1aaa-9beee46b9e6a">
      <Execution id="8e8110f3-25f2-44ac-983f-ccb3d0e5b9e8" />
      <TestMethod codeBase="/home/runner/work/BlazorBoy/BlazorBoy/src/GameBoy.Tests/bin/Debug/net8.0/GameBoy.Tests.dll" adapterTypeName="executor://xunit/VsTestRunner2/netcoreapp" className="GameBoy.Tests.Mbc3Tests" name="BatteryInterface_LoadExternalRam_LoadsRamAndRtc" />
    </UnitTest>
    <UnitTest name="GameBoy.Tests.IoRegsTests.IoRegs_ShouldBeInCorrectRange" storage="/home/runner/work/blazorboy/blazorboy/src/gameboy.tests/bin/debug/net8.0/gameboy.tests.dll" id="56aa3417-1cf6-3110-e475-31df7cce1614">
      <Execution id="715a8395-5bd2-4657-8e79-15cb1619e4dc" />
      <TestMethod codeBase="/home/runner/work/BlazorBoy/BlazorBoy/src/GameBoy.Tests/bin/Debug/net8.0/GameBoy.Tests.dll" adapterTypeName="executor://xunit/VsTestRunner2/netcoreapp" className="GameBoy.Tests.IoRegsTests" name="IoRegs_ShouldBeInCorrectRange" />
    </UnitTest>
    <UnitTest name="GameBoy.Tests.CartridgeHeaderTests.RomSize_CalculatesCorrectSizeForSpecialCodes(code: 84, expectedSize: 1572864)" storage="/home/runner/work/blazorboy/blazorboy/src/gameboy.tests/bin/debug/net8.0/gameboy.tests.dll" id="b32aab51-13eb-6cd3-29c0-f36d5c586e8c">
      <Execution id="9ce6a7f8-3780-4ef6-af5d-0f97827ee08b" />
      <TestMethod codeBase="/home/runner/work/BlazorBoy/BlazorBoy/src/GameBoy.Tests/bin/Debug/net8.0/GameBoy.Tests.dll" adapterTypeName="executor://xunit/VsTestRunner2/netcoreapp" className="GameBoy.Tests.CartridgeHeaderTests" name="RomSize_CalculatesCorrectSizeForSpecialCodes" />
    </UnitTest>
    <UnitTest name="GameBoy.Tests.CartridgeTests.Detect_UnknownCartridgeType_ThrowsException" storage="/home/runner/work/blazorboy/blazorboy/src/gameboy.tests/bin/debug/net8.0/gameboy.tests.dll" id="2f7abec1-b7d5-acfa-5fa5-f750771cfe27">
      <Execution id="9854c1bf-32f5-48c2-9fef-aac704b66b28" />
      <TestMethod codeBase="/home/runner/work/BlazorBoy/BlazorBoy/src/GameBoy.Tests/bin/Debug/net8.0/GameBoy.Tests.dll" adapterTypeName="executor://xunit/VsTestRunner2/netcoreapp" className="GameBoy.Tests.CartridgeTests" name="Detect_UnknownCartridgeType_ThrowsException" />
    </UnitTest>
    <UnitTest name="GameBoy.Tests.CartridgeHeaderTests.RamSize_CalculatesCorrectSizeForStandardCodes(code: 3, expectedSize: 32768)" storage="/home/runner/work/blazorboy/blazorboy/src/gameboy.tests/bin/debug/net8.0/gameboy.tests.dll" id="0b730cc7-d231-f16e-3ff3-f528370de282">
      <Execution id="089be07d-2fa8-4810-9e1e-e55cd2ed2bf2" />
      <TestMethod codeBase="/home/runner/work/BlazorBoy/BlazorBoy/src/GameBoy.Tests/bin/Debug/net8.0/GameBoy.Tests.dll" adapterTypeName="executor://xunit/VsTestRunner2/netcoreapp" className="GameBoy.Tests.CartridgeHeaderTests" name="RamSize_CalculatesCorrectSizeForStandardCodes" />
    </UnitTest>
    <UnitTest name="GameBoy.Tests.Mbc1Tests.BatteryInterface_NoBatteryCartridge_ReturnsNull" storage="/home/runner/work/blazorboy/blazorboy/src/gameboy.tests/bin/debug/net8.0/gameboy.tests.dll" id="f506546c-55c3-226b-f092-bf46c3b0e995">
      <Execution id="4709c333-260f-49a7-ba3a-2ae8c7d1b6b2" />
      <TestMethod codeBase="/home/runner/work/BlazorBoy/BlazorBoy/src/GameBoy.Tests/bin/Debug/net8.0/GameBoy.Tests.dll" adapterTypeName="executor://xunit/VsTestRunner2/netcoreapp" className="GameBoy.Tests.Mbc1Tests" name="BatteryInterface_NoBatteryCartridge_ReturnsNull" />
    </UnitTest>
    <UnitTest name="GameBoy.Tests.MmuTests.Unstubbed_IORegisters_WritesIgnored" storage="/home/runner/work/blazorboy/blazorboy/src/gameboy.tests/bin/debug/net8.0/gameboy.tests.dll" id="c49e2d00-a0d3-4c30-1fc8-7297b872142a">
      <Execution id="0bae468f-bc16-4a5e-b3ed-fbd4487aa362" />
      <TestMethod codeBase="/home/runner/work/BlazorBoy/BlazorBoy/src/GameBoy.Tests/bin/Debug/net8.0/GameBoy.Tests.dll" adapterTypeName="executor://xunit/VsTestRunner2/netcoreapp" className="GameBoy.Tests.MmuTests" name="Unstubbed_IORegisters_WritesIgnored" />
    </UnitTest>
    <UnitTest name="GameBoy.Tests.EmulatorMbcIntegrationTests.Emulator_ExternalRamAccessibility_AllMbcTypes" storage="/home/runner/work/blazorboy/blazorboy/src/gameboy.tests/bin/debug/net8.0/gameboy.tests.dll" id="e5d42409-ac9d-df3e-a096-d0c7d1b4028f">
      <Execution id="e6e1f58d-2ce5-4a68-b673-79f0f6b08b96" />
      <TestMethod codeBase="/home/runner/work/BlazorBoy/BlazorBoy/src/GameBoy.Tests/bin/Debug/net8.0/GameBoy.Tests.dll" adapterTypeName="executor://xunit/VsTestRunner2/netcoreapp" className="GameBoy.Tests.EmulatorMbcIntegrationTests" name="Emulator_ExternalRamAccessibility_AllMbcTypes" />
    </UnitTest>
    <UnitTest name="GameBoy.Tests.InstructionDecodingTests.CPU_Step_HandlesKnownPrimaryOpcodes" storage="/home/runner/work/blazorboy/blazorboy/src/gameboy.tests/bin/debug/net8.0/gameboy.tests.dll" id="e37e904c-e09a-b555-45f3-729984081eed">
      <Execution id="7eca8178-928f-4d63-bc6c-ca1bed47d574" />
      <TestMethod codeBase="/home/runner/work/BlazorBoy/BlazorBoy/src/GameBoy.Tests/bin/Debug/net8.0/GameBoy.Tests.dll" adapterTypeName="executor://xunit/VsTestRunner2/netcoreapp" className="GameBoy.Tests.InstructionDecodingTests" name="CPU_Step_HandlesKnownPrimaryOpcodes" />
    </UnitTest>
    <UnitTest name="GameBoy.Tests.CartridgeHeaderTests.RomSize_CalculatesCorrectSizeForSpecialCodes(code: 83, expectedSize: 1310720)" storage="/home/runner/work/blazorboy/blazorboy/src/gameboy.tests/bin/debug/net8.0/gameboy.tests.dll" id="3dba4670-7f2d-7e97-581e-f31f7d603172">
      <Execution id="0ddde897-ef33-49f1-bd18-9c8f579d44bf" />
      <TestMethod codeBase="/home/runner/work/BlazorBoy/BlazorBoy/src/GameBoy.Tests/bin/Debug/net8.0/GameBoy.Tests.dll" adapterTypeName="executor://xunit/VsTestRunner2/netcoreapp" className="GameBoy.Tests.CartridgeHeaderTests" name="RomSize_CalculatesCorrectSizeForSpecialCodes" />
    </UnitTest>
    <UnitTest name="GameBoy.Tests.CpuAddressingTests.GetR8_ThrowsForReservedIndex" storage="/home/runner/work/blazorboy/blazorboy/src/gameboy.tests/bin/debug/net8.0/gameboy.tests.dll" id="8501c1ff-99df-e43e-04d1-1abd761272e3">
      <Execution id="00e1a52a-e79d-4c7b-bc7c-3967bd2d9671" />
      <TestMethod codeBase="/home/runner/work/BlazorBoy/BlazorBoy/src/GameBoy.Tests/bin/Debug/net8.0/GameBoy.Tests.dll" adapterTypeName="executor://xunit/VsTestRunner2/netcoreapp" className="GameBoy.Tests.CpuAddressingTests" name="GetR8_ThrowsForReservedIndex" />
    </UnitTest>
    <UnitTest name="GameBoy.Tests.CpuAddressingTests.HL_IncrementDecrement_HandlesOverflowCorrectly" storage="/home/runner/work/blazorboy/blazorboy/src/gameboy.tests/bin/debug/net8.0/gameboy.tests.dll" id="5d0d8ccb-a2bc-886d-beda-f4f6179b95cf">
      <Execution id="5c06e18b-e79c-464b-9e76-c4b5bff2aade" />
      <TestMethod codeBase="/home/runner/work/BlazorBoy/BlazorBoy/src/GameBoy.Tests/bin/Debug/net8.0/GameBoy.Tests.dll" adapterTypeName="executor://xunit/VsTestRunner2/netcoreapp" className="GameBoy.Tests.CpuAddressingTests" name="HL_IncrementDecrement_HandlesOverflowCorrectly" />
    </UnitTest>
    <UnitTest name="GameBoy.Tests.Mbc1Tests.ReadRom_BeyondAvailableSize_ReturnsFF" storage="/home/runner/work/blazorboy/blazorboy/src/gameboy.tests/bin/debug/net8.0/gameboy.tests.dll" id="800633a9-c281-8a02-ccd0-0706d0f50e41">
      <Execution id="00fae04f-6d58-4922-bbda-650f229175b4" />
      <TestMethod codeBase="/home/runner/work/BlazorBoy/BlazorBoy/src/GameBoy.Tests/bin/Debug/net8.0/GameBoy.Tests.dll" adapterTypeName="executor://xunit/VsTestRunner2/netcoreapp" className="GameBoy.Tests.Mbc1Tests" name="ReadRom_BeyondAvailableSize_ReturnsFF" />
    </UnitTest>
    <UnitTest name="GameBoy.Tests.Mbc5Tests.ExternalRam_BeyondAvailableBanks_HandledGracefully" storage="/home/runner/work/blazorboy/blazorboy/src/gameboy.tests/bin/debug/net8.0/gameboy.tests.dll" id="df87ea20-9c6b-8b54-5808-cc8e594491b2">
      <Execution id="dfa86a45-342b-4a33-88df-def00d3f4025" />
      <TestMethod codeBase="/home/runner/work/BlazorBoy/BlazorBoy/src/GameBoy.Tests/bin/Debug/net8.0/GameBoy.Tests.dll" adapterTypeName="executor://xunit/VsTestRunner2/netcoreapp" className="GameBoy.Tests.Mbc5Tests" name="ExternalRam_BeyondAvailableBanks_HandledGracefully" />
    </UnitTest>
    <UnitTest name="GameBoy.Tests.MmuTests.ReadWord_LittleEndian" storage="/home/runner/work/blazorboy/blazorboy/src/gameboy.tests/bin/debug/net8.0/gameboy.tests.dll" id="d7c472e1-68f0-98a1-9e95-1392afc79d31">
      <Execution id="256abc9f-3dc9-41ae-9b11-8b9ba9925642" />
      <TestMethod codeBase="/home/runner/work/BlazorBoy/BlazorBoy/src/GameBoy.Tests/bin/Debug/net8.0/GameBoy.Tests.dll" adapterTypeName="executor://xunit/VsTestRunner2/netcoreapp" className="GameBoy.Tests.MmuTests" name="ReadWord_LittleEndian" />
    </UnitTest>
    <UnitTest name="GameBoy.Tests.InstructionDecodingTests.SpecificInstructions_HaveCorrectMetadata(opcode: 64, expectedMnemonic: &quot;LD B,B&quot;, expectedLength: 1, expectedCycles: 4, expectedOperandType: Register)" storage="/home/runner/work/blazorboy/blazorboy/src/gameboy.tests/bin/debug/net8.0/gameboy.tests.dll" id="4ef83935-2c9d-9172-b02d-2e01d610b9a6">
      <Execution id="35c9930b-b2cd-4241-87d3-f098561372f0" />
      <TestMethod codeBase="/home/runner/work/BlazorBoy/BlazorBoy/src/GameBoy.Tests/bin/Debug/net8.0/GameBoy.Tests.dll" adapterTypeName="executor://xunit/VsTestRunner2/netcoreapp" className="GameBoy.Tests.InstructionDecodingTests" name="SpecificInstructions_HaveCorrectMetadata" />
    </UnitTest>
    <UnitTest name="GameBoy.Tests.AluTests.Xor_SameValues_ZeroResult" storage="/home/runner/work/blazorboy/blazorboy/src/gameboy.tests/bin/debug/net8.0/gameboy.tests.dll" id="7d6987f5-e6da-033a-8efe-53a51124e623">
      <Execution id="356b6a3a-2ed9-4cf7-bb6a-c3d715957394" />
      <TestMethod codeBase="/home/runner/work/BlazorBoy/BlazorBoy/src/GameBoy.Tests/bin/Debug/net8.0/GameBoy.Tests.dll" adapterTypeName="executor://xunit/VsTestRunner2/netcoreapp" className="GameBoy.Tests.AluTests" name="Xor_SameValues_ZeroResult" />
    </UnitTest>
    <UnitTest name="GameBoy.Tests.CartridgeTests.Detect_Mbc1Rom_ReturnsCorrectCartridge" storage="/home/runner/work/blazorboy/blazorboy/src/gameboy.tests/bin/debug/net8.0/gameboy.tests.dll" id="874f25be-fa61-5df7-d30a-9840673a85ee">
      <Execution id="1f9cd214-8f9e-469d-8033-f085ed912117" />
      <TestMethod codeBase="/home/runner/work/BlazorBoy/BlazorBoy/src/GameBoy.Tests/bin/Debug/net8.0/GameBoy.Tests.dll" adapterTypeName="executor://xunit/VsTestRunner2/netcoreapp" className="GameBoy.Tests.CartridgeTests" name="Detect_Mbc1Rom_ReturnsCorrectCartridge" />
    </UnitTest>
    <UnitTest name="GameBoy.Tests.InstructionDecodingTests.SpecificInstructions_HaveCorrectMetadata(opcode: 250, expectedMnemonic: &quot;LD A,(a16)&quot;, expectedLength: 3, expectedCycles: 16, expectedOperandType: MemoryImmediate16)" storage="/home/runner/work/blazorboy/blazorboy/src/gameboy.tests/bin/debug/net8.0/gameboy.tests.dll" id="97046c6a-6e81-8947-5978-8b6f728ddfb1">
      <Execution id="2877f84f-6ba2-4da3-9d98-2914739a1336" />
      <TestMethod codeBase="/home/runner/work/BlazorBoy/BlazorBoy/src/GameBoy.Tests/bin/Debug/net8.0/GameBoy.Tests.dll" adapterTypeName="executor://xunit/VsTestRunner2/netcoreapp" className="GameBoy.Tests.InstructionDecodingTests" name="SpecificInstructions_HaveCorrectMetadata" />
    </UnitTest>
    <UnitTest name="GameBoy.Tests.CartridgeHeaderTests.RomSize_CalculatesCorrectSizeForStandardCodes(code: 5, expectedSize: 1048576)" storage="/home/runner/work/blazorboy/blazorboy/src/gameboy.tests/bin/debug/net8.0/gameboy.tests.dll" id="de4e05da-3328-a544-d910-69d51975e04a">
      <Execution id="42bb33ba-cf42-43b5-9fe5-442eb53e11ea" />
      <TestMethod codeBase="/home/runner/work/BlazorBoy/BlazorBoy/src/GameBoy.Tests/bin/Debug/net8.0/GameBoy.Tests.dll" adapterTypeName="executor://xunit/VsTestRunner2/netcoreapp" className="GameBoy.Tests.CartridgeHeaderTests" name="RomSize_CalculatesCorrectSizeForStandardCodes" />
    </UnitTest>
    <UnitTest name="GameBoy.Tests.MmuTests.TimerRegisters_WriteAndRead" storage="/home/runner/work/blazorboy/blazorboy/src/gameboy.tests/bin/debug/net8.0/gameboy.tests.dll" id="6253cf50-e1ab-3483-14a2-b9d161ae849b">
      <Execution id="1e6c6492-9df6-4df8-9685-6f1e74c69467" />
      <TestMethod codeBase="/home/runner/work/BlazorBoy/BlazorBoy/src/GameBoy.Tests/bin/Debug/net8.0/GameBoy.Tests.dll" adapterTypeName="executor://xunit/VsTestRunner2/netcoreapp" className="GameBoy.Tests.MmuTests" name="TimerRegisters_WriteAndRead" />
    </UnitTest>
    <UnitTest name="GameBoy.Tests.Mbc5Tests.ReadRom_LargeRomEdgeCases_HandledCorrectly" storage="/home/runner/work/blazorboy/blazorboy/src/gameboy.tests/bin/debug/net8.0/gameboy.tests.dll" id="8ce87170-d45b-dd24-b50f-4a90bbbde208">
      <Execution id="46b5b6cd-91e7-4473-ab87-4997f8d9f62f" />
      <TestMethod codeBase="/home/runner/work/BlazorBoy/BlazorBoy/src/GameBoy.Tests/bin/Debug/net8.0/GameBoy.Tests.dll" adapterTypeName="executor://xunit/VsTestRunner2/netcoreapp" className="GameBoy.Tests.Mbc5Tests" name="ReadRom_LargeRomEdgeCases_HandledCorrectly" />
    </UnitTest>
    <UnitTest name="GameBoy.Tests.MmuTests.IF_WriteMasksToLower5Bits" storage="/home/runner/work/blazorboy/blazorboy/src/gameboy.tests/bin/debug/net8.0/gameboy.tests.dll" id="b9c40b62-f47a-cee1-575f-a163f569bddb">
      <Execution id="651293a8-cf3a-4680-ada4-489adc42b495" />
      <TestMethod codeBase="/home/runner/work/BlazorBoy/BlazorBoy/src/GameBoy.Tests/bin/Debug/net8.0/GameBoy.Tests.dll" adapterTypeName="executor://xunit/VsTestRunner2/netcoreapp" className="GameBoy.Tests.MmuTests" name="IF_WriteMasksToLower5Bits" />
    </UnitTest>
    <UnitTest name="GameBoy.Tests.EmulatorMbcIntegrationTests.Mmu_ErrorHandling_ExternalRamAccessibility" storage="/home/runner/work/blazorboy/blazorboy/src/gameboy.tests/bin/debug/net8.0/gameboy.tests.dll" id="60fe7012-5b2d-c287-e552-24c4866393ba">
      <Execution id="38b04e5d-7205-44ec-88e7-0f2ef70f9ec5" />
      <TestMethod codeBase="/home/runner/work/BlazorBoy/BlazorBoy/src/GameBoy.Tests/bin/Debug/net8.0/GameBoy.Tests.dll" adapterTypeName="executor://xunit/VsTestRunner2/netcoreapp" className="GameBoy.Tests.EmulatorMbcIntegrationTests" name="Mmu_ErrorHandling_ExternalRamAccessibility" />
    </UnitTest>
    <UnitTest name="GameBoy.Tests.CpuTests.Add_A_d8_AddsImmediateByte" storage="/home/runner/work/blazorboy/blazorboy/src/gameboy.tests/bin/debug/net8.0/gameboy.tests.dll" id="5924fbe0-0856-ba6d-5f56-bda58dc0f81a">
      <Execution id="d0e384d6-797d-4fde-9ad6-ab215739e1b7" />
      <TestMethod codeBase="/home/runner/work/BlazorBoy/BlazorBoy/src/GameBoy.Tests/bin/Debug/net8.0/GameBoy.Tests.dll" adapterTypeName="executor://xunit/VsTestRunner2/netcoreapp" className="GameBoy.Tests.CpuTests" name="Add_A_d8_AddsImmediateByte" />
    </UnitTest>
    <UnitTest name="GameBoy.Tests.CpuAddressingTests.ReadHL_ReadsFromHLAddress" storage="/home/runner/work/blazorboy/blazorboy/src/gameboy.tests/bin/debug/net8.0/gameboy.tests.dll" id="aa62db2f-bb74-b7aa-d62d-6596b839e885">
      <Execution id="e8ade6dd-acbc-4a9e-85c4-cf4d4daa72e5" />
      <TestMethod codeBase="/home/runner/work/BlazorBoy/BlazorBoy/src/GameBoy.Tests/bin/Debug/net8.0/GameBoy.Tests.dll" adapterTypeName="executor://xunit/VsTestRunner2/netcoreapp" className="GameBoy.Tests.CpuAddressingTests" name="ReadHL_ReadsFromHLAddress" />
    </UnitTest>
    <UnitTest name="GameBoy.Tests.CartridgeTests.Detect_TooSmallRom_ThrowsException" storage="/home/runner/work/blazorboy/blazorboy/src/gameboy.tests/bin/debug/net8.0/gameboy.tests.dll" id="858dcae1-c567-bff8-3421-4c4b006488f5">
      <Execution id="411d9150-6c3f-4c9d-b380-076b81a9439a" />
      <TestMethod codeBase="/home/runner/work/BlazorBoy/BlazorBoy/src/GameBoy.Tests/bin/Debug/net8.0/GameBoy.Tests.dll" adapterTypeName="executor://xunit/VsTestRunner2/netcoreapp" className="GameBoy.Tests.CartridgeTests" name="Detect_TooSmallRom_ThrowsException" />
    </UnitTest>
    <UnitTest name="GameBoy.Tests.CartridgeTests.Detect_AllMbc4Variants_ThrowsNotSupportedException(cartridgeType: 23)" storage="/home/runner/work/blazorboy/blazorboy/src/gameboy.tests/bin/debug/net8.0/gameboy.tests.dll" id="f91ff194-938d-3151-15ad-e1bedb725c08">
      <Execution id="5b084db5-c6c1-4d5a-ad45-9869a813cdc4" />
      <TestMethod codeBase="/home/runner/work/BlazorBoy/BlazorBoy/src/GameBoy.Tests/bin/Debug/net8.0/GameBoy.Tests.dll" adapterTypeName="executor://xunit/VsTestRunner2/netcoreapp" className="GameBoy.Tests.CartridgeTests" name="Detect_AllMbc4Variants_ThrowsNotSupportedException" />
    </UnitTest>
    <UnitTest name="GameBoy.Tests.CartridgeTests.Detect_AllMbc5Variants_ReturnsCorrectCartridge(cartridgeType: 28)" storage="/home/runner/work/blazorboy/blazorboy/src/gameboy.tests/bin/debug/net8.0/gameboy.tests.dll" id="1577a67b-c6e1-3fec-6f1a-e23b16f3c308">
      <Execution id="92b3b743-1aa1-4977-99f1-54e1e7d532ce" />
      <TestMethod codeBase="/home/runner/work/BlazorBoy/BlazorBoy/src/GameBoy.Tests/bin/Debug/net8.0/GameBoy.Tests.dll" adapterTypeName="executor://xunit/VsTestRunner2/netcoreapp" className="GameBoy.Tests.CartridgeTests" name="Detect_AllMbc5Variants_ReturnsCorrectCartridge" />
    </UnitTest>
    <UnitTest name="GameBoy.Tests.CpuAddressingTests.ReadBC_ReadsFromBCAddress" storage="/home/runner/work/blazorboy/blazorboy/src/gameboy.tests/bin/debug/net8.0/gameboy.tests.dll" id="dfa8f005-e088-66b0-9056-afac8b9a2771">
      <Execution id="21ea6c1f-3120-4118-9566-dd164fdddf14" />
      <TestMethod codeBase="/home/runner/work/BlazorBoy/BlazorBoy/src/GameBoy.Tests/bin/Debug/net8.0/GameBoy.Tests.dll" adapterTypeName="executor://xunit/VsTestRunner2/netcoreapp" className="GameBoy.Tests.CpuAddressingTests" name="ReadBC_ReadsFromBCAddress" />
    </UnitTest>
    <UnitTest name="GameBoy.Tests.AluTests.Subtract_ZeroResult_SetsZeroFlag" storage="/home/runner/work/blazorboy/blazorboy/src/gameboy.tests/bin/debug/net8.0/gameboy.tests.dll" id="520348a5-5e1d-29b0-157c-f566a371215e">
      <Execution id="b533a104-2ca0-48d2-8062-3feaadc847a6" />
      <TestMethod codeBase="/home/runner/work/BlazorBoy/BlazorBoy/src/GameBoy.Tests/bin/Debug/net8.0/GameBoy.Tests.dll" adapterTypeName="executor://xunit/VsTestRunner2/netcoreapp" className="GameBoy.Tests.AluTests" name="Subtract_ZeroResult_SetsZeroFlag" />
    </UnitTest>
    <UnitTest name="GameBoy.Tests.CartridgeHeaderTests.IsValidHeader_ValidHeader_ReturnsTrue" storage="/home/runner/work/blazorboy/blazorboy/src/gameboy.tests/bin/debug/net8.0/gameboy.tests.dll" id="f6a200d1-b9b8-5095-0a61-e8c0493b4264">
      <Execution id="a8335399-2c7d-41b0-b0d8-5d3c353fe1cf" />
      <TestMethod codeBase="/home/runner/work/BlazorBoy/BlazorBoy/src/GameBoy.Tests/bin/Debug/net8.0/GameBoy.Tests.dll" adapterTypeName="executor://xunit/VsTestRunner2/netcoreapp" className="GameBoy.Tests.CartridgeHeaderTests" name="IsValidHeader_ValidHeader_ReturnsTrue" />
    </UnitTest>
    <UnitTest name="GameBoy.Tests.IoRegionWiringTests.IoRegion_AllWrites_CallWriteIoRegister" storage="/home/runner/work/blazorboy/blazorboy/src/gameboy.tests/bin/debug/net8.0/gameboy.tests.dll" id="84951c40-1d39-2cf1-7d54-c2c1cf7967b4">
      <Execution id="05bdac69-722a-4420-b451-b6eb90f5d5a0" />
      <TestMethod codeBase="/home/runner/work/BlazorBoy/BlazorBoy/src/GameBoy.Tests/bin/Debug/net8.0/GameBoy.Tests.dll" adapterTypeName="executor://xunit/VsTestRunner2/netcoreapp" className="GameBoy.Tests.IoRegionWiringTests" name="IoRegion_AllWrites_CallWriteIoRegister" />
    </UnitTest>
    <UnitTest name="GameBoy.Tests.CartridgeHeaderTests.IsValidHeader_InvalidRomSizeCodes_ReturnsFalse(romSizeCode: 85)" storage="/home/runner/work/blazorboy/blazorboy/src/gameboy.tests/bin/debug/net8.0/gameboy.tests.dll" id="c3b4d50e-4599-dc93-f787-7e638b2db9f5">
      <Execution id="dd770e53-2c19-484a-9002-009f82437580" />
      <TestMethod codeBase="/home/runner/work/BlazorBoy/BlazorBoy/src/GameBoy.Tests/bin/Debug/net8.0/GameBoy.Tests.dll" adapterTypeName="executor://xunit/VsTestRunner2/netcoreapp" className="GameBoy.Tests.CartridgeHeaderTests" name="IsValidHeader_InvalidRomSizeCodes_ReturnsFalse" />
    </UnitTest>
    <UnitTest name="GameBoy.Tests.Mbc3Tests.ReadRom_BankX_ReadsFromSwitchableBank" storage="/home/runner/work/blazorboy/blazorboy/src/gameboy.tests/bin/debug/net8.0/gameboy.tests.dll" id="90078e20-c5de-cf76-870d-974d468f3e8d">
      <Execution id="367f5884-9228-464e-bf71-751633c41dab" />
      <TestMethod codeBase="/home/runner/work/BlazorBoy/BlazorBoy/src/GameBoy.Tests/bin/Debug/net8.0/GameBoy.Tests.dll" adapterTypeName="executor://xunit/VsTestRunner2/netcoreapp" className="GameBoy.Tests.Mbc3Tests" name="ReadRom_BankX_ReadsFromSwitchableBank" />
    </UnitTest>
    <UnitTest name="GameBoy.Tests.EmulatorMbcIntegrationTests.Emulator_BatteryRam_NonBatteryCartridge_ReturnsNull" storage="/home/runner/work/blazorboy/blazorboy/src/gameboy.tests/bin/debug/net8.0/gameboy.tests.dll" id="77182e8d-b8f8-e457-3fae-28dfdff8725f">
      <Execution id="56cc6f3f-6096-400b-9346-b82f0118206f" />
      <TestMethod codeBase="/home/runner/work/BlazorBoy/BlazorBoy/src/GameBoy.Tests/bin/Debug/net8.0/GameBoy.Tests.dll" adapterTypeName="executor://xunit/VsTestRunner2/netcoreapp" className="GameBoy.Tests.EmulatorMbcIntegrationTests" name="Emulator_BatteryRam_NonBatteryCartridge_ReturnsNull" />
    </UnitTest>
    <UnitTest name="GameBoy.Tests.CartridgeHeaderTests.Parse_TooSmallRom_ThrowsException" storage="/home/runner/work/blazorboy/blazorboy/src/gameboy.tests/bin/debug/net8.0/gameboy.tests.dll" id="510961c9-0b2a-b981-7f3f-8c335fddabb1">
      <Execution id="199b3115-de2e-45c4-813c-f74eea50dede" />
      <TestMethod codeBase="/home/runner/work/BlazorBoy/BlazorBoy/src/GameBoy.Tests/bin/Debug/net8.0/GameBoy.Tests.dll" adapterTypeName="executor://xunit/VsTestRunner2/netcoreapp" className="GameBoy.Tests.CartridgeHeaderTests" name="Parse_TooSmallRom_ThrowsException" />
    </UnitTest>
    <UnitTest name="GameBoy.Tests.MmuTests.Unstubbed_IORegisters_ReadAs0xFF" storage="/home/runner/work/blazorboy/blazorboy/src/gameboy.tests/bin/debug/net8.0/gameboy.tests.dll" id="3fce3dfd-c2dc-3773-5e41-3be0911fdc6e">
      <Execution id="27e2f51e-9049-4724-9863-127d5a43d097" />
      <TestMethod codeBase="/home/runner/work/BlazorBoy/BlazorBoy/src/GameBoy.Tests/bin/Debug/net8.0/GameBoy.Tests.dll" adapterTypeName="executor://xunit/VsTestRunner2/netcoreapp" className="GameBoy.Tests.MmuTests" name="Unstubbed_IORegisters_ReadAs0xFF" />
    </UnitTest>
    <UnitTest name="GameBoy.Tests.CartridgeTests.Detect_AllMbc5Variants_ReturnsCorrectCartridge(cartridgeType: 29)" storage="/home/runner/work/blazorboy/blazorboy/src/gameboy.tests/bin/debug/net8.0/gameboy.tests.dll" id="ce47119b-555f-ee65-92de-3bb15cab0644">
      <Execution id="bc0c6229-5360-4d6b-8ae7-5c95eb6e1f61" />
      <TestMethod codeBase="/home/runner/work/BlazorBoy/BlazorBoy/src/GameBoy.Tests/bin/Debug/net8.0/GameBoy.Tests.dll" adapterTypeName="executor://xunit/VsTestRunner2/netcoreapp" className="GameBoy.Tests.CartridgeTests" name="Detect_AllMbc5Variants_ReturnsCorrectCartridge" />
    </UnitTest>
    <UnitTest name="GameBoy.Tests.MmuTests.WriteWord_LittleEndian" storage="/home/runner/work/blazorboy/blazorboy/src/gameboy.tests/bin/debug/net8.0/gameboy.tests.dll" id="925ace13-a21f-4713-d4c7-21a444f757ef">
      <Execution id="50b6b0a9-fb6c-4158-a888-980da637089d" />
      <TestMethod codeBase="/home/runner/work/BlazorBoy/BlazorBoy/src/GameBoy.Tests/bin/Debug/net8.0/GameBoy.Tests.dll" adapterTypeName="executor://xunit/VsTestRunner2/netcoreapp" className="GameBoy.Tests.MmuTests" name="WriteWord_LittleEndian" />
    </UnitTest>
    <UnitTest name="GameBoy.Tests.EmulatorMbcIntegrationTests.Emulator_LoadRom_Mbc1WithBattery_HasBatteryRam" storage="/home/runner/work/blazorboy/blazorboy/src/gameboy.tests/bin/debug/net8.0/gameboy.tests.dll" id="adf23f40-2859-f79c-dec4-a4f9a98c1f87">
      <Execution id="7fe762c0-8242-4095-8681-b61b9dc848cd" />
      <TestMethod codeBase="/home/runner/work/BlazorBoy/BlazorBoy/src/GameBoy.Tests/bin/Debug/net8.0/GameBoy.Tests.dll" adapterTypeName="executor://xunit/VsTestRunner2/netcoreapp" className="GameBoy.Tests.EmulatorMbcIntegrationTests" name="Emulator_LoadRom_Mbc1WithBattery_HasBatteryRam" />
    </UnitTest>
    <UnitTest name="GameBoy.Tests.Mbc3Tests.ReadRom_BeyondAvailableSize_ReturnsFF" storage="/home/runner/work/blazorboy/blazorboy/src/gameboy.tests/bin/debug/net8.0/gameboy.tests.dll" id="b71c3882-879b-f996-c9ef-6e6f82095fa6">
      <Execution id="2b93f46e-70af-4d8b-b457-450c21000d5c" />
      <TestMethod codeBase="/home/runner/work/BlazorBoy/BlazorBoy/src/GameBoy.Tests/bin/Debug/net8.0/GameBoy.Tests.dll" adapterTypeName="executor://xunit/VsTestRunner2/netcoreapp" className="GameBoy.Tests.Mbc3Tests" name="ReadRom_BeyondAvailableSize_ReturnsFF" />
    </UnitTest>
    <UnitTest name="GameBoy.Tests.Mbc3Tests.ExternalRam_NonRtcCartridge_RtcRegistersInaccessible" storage="/home/runner/work/blazorboy/blazorboy/src/gameboy.tests/bin/debug/net8.0/gameboy.tests.dll" id="532941a8-1169-c422-cea9-1f67cb7d0ec7">
      <Execution id="abb5618c-aa03-4f83-a042-ed60570c532b" />
      <TestMethod codeBase="/home/runner/work/BlazorBoy/BlazorBoy/src/GameBoy.Tests/bin/Debug/net8.0/GameBoy.Tests.dll" adapterTypeName="executor://xunit/VsTestRunner2/netcoreapp" className="GameBoy.Tests.Mbc3Tests" name="ExternalRam_NonRtcCartridge_RtcRegistersInaccessible" />
    </UnitTest>
    <UnitTest name="GameBoy.Tests.AluTests.And_AllBitsSet_CorrectFlags" storage="/home/runner/work/blazorboy/blazorboy/src/gameboy.tests/bin/debug/net8.0/gameboy.tests.dll" id="c5d5dca8-20f3-03e1-200f-cb046ece2686">
      <Execution id="b3325315-47f4-4431-a1ad-a50330db5c87" />
      <TestMethod codeBase="/home/runner/work/BlazorBoy/BlazorBoy/src/GameBoy.Tests/bin/Debug/net8.0/GameBoy.Tests.dll" adapterTypeName="executor://xunit/VsTestRunner2/netcoreapp" className="GameBoy.Tests.AluTests" name="And_AllBitsSet_CorrectFlags" />
    </UnitTest>
    <UnitTest name="GameBoy.Tests.MmuTests.DMA_WriteAndRead" storage="/home/runner/work/blazorboy/blazorboy/src/gameboy.tests/bin/debug/net8.0/gameboy.tests.dll" id="47f9bf91-a312-60de-4a04-0ac4673159a6">
      <Execution id="e431e776-33f2-4c3a-9e1f-051eb59fce95" />
      <TestMethod codeBase="/home/runner/work/BlazorBoy/BlazorBoy/src/GameBoy.Tests/bin/Debug/net8.0/GameBoy.Tests.dll" adapterTypeName="executor://xunit/VsTestRunner2/netcoreapp" className="GameBoy.Tests.MmuTests" name="DMA_WriteAndRead" />
    </UnitTest>
    <UnitTest name="GameBoy.Tests.CartridgeMmuIntegrationTests.Mmu_LoadRom_DetectsCorrectCartridge" storage="/home/runner/work/blazorboy/blazorboy/src/gameboy.tests/bin/debug/net8.0/gameboy.tests.dll" id="b1a9a11f-fa15-53d6-5818-6df3c49e875c">
      <Execution id="9d48daf8-71cb-4910-9115-91acd4aaaeee" />
      <TestMethod codeBase="/home/runner/work/BlazorBoy/BlazorBoy/src/GameBoy.Tests/bin/Debug/net8.0/GameBoy.Tests.dll" adapterTypeName="executor://xunit/VsTestRunner2/netcoreapp" className="GameBoy.Tests.CartridgeMmuIntegrationTests" name="Mmu_LoadRom_DetectsCorrectCartridge" />
    </UnitTest>
    <UnitTest name="GameBoy.Tests.Mbc1Tests.ExternalRam_BeyondAvailableBanks_ReturnsFF" storage="/home/runner/work/blazorboy/blazorboy/src/gameboy.tests/bin/debug/net8.0/gameboy.tests.dll" id="78862126-efef-49da-6328-723a942c39d3">
      <Execution id="25d03b9f-a354-40c2-94a4-3bfc65fb5852" />
      <TestMethod codeBase="/home/runner/work/BlazorBoy/BlazorBoy/src/GameBoy.Tests/bin/Debug/net8.0/GameBoy.Tests.dll" adapterTypeName="executor://xunit/VsTestRunner2/netcoreapp" className="GameBoy.Tests.Mbc1Tests" name="ExternalRam_BeyondAvailableBanks_ReturnsFF" />
    </UnitTest>
    <UnitTest name="GameBoy.Tests.MmuTests.DIV_ReadsDefaultValue" storage="/home/runner/work/blazorboy/blazorboy/src/gameboy.tests/bin/debug/net8.0/gameboy.tests.dll" id="b4c8c3b9-a36c-6415-a70e-08ca70305f80">
      <Execution id="ad9dc7d8-6e18-44c7-8cd5-28ea4624e036" />
      <TestMethod codeBase="/home/runner/work/BlazorBoy/BlazorBoy/src/GameBoy.Tests/bin/Debug/net8.0/GameBoy.Tests.dll" adapterTypeName="executor://xunit/VsTestRunner2/netcoreapp" className="GameBoy.Tests.MmuTests" name="DIV_ReadsDefaultValue" />
    </UnitTest>
    <UnitTest name="GameBoy.Tests.CartridgeHeaderTests.Title_HandlesNullTermination" storage="/home/runner/work/blazorboy/blazorboy/src/gameboy.tests/bin/debug/net8.0/gameboy.tests.dll" id="f4657047-c0dd-9134-5680-1706a8daf59b">
      <Execution id="15a731ba-0824-4b05-af7d-71651c852888" />
      <TestMethod codeBase="/home/runner/work/BlazorBoy/BlazorBoy/src/GameBoy.Tests/bin/Debug/net8.0/GameBoy.Tests.dll" adapterTypeName="executor://xunit/VsTestRunner2/netcoreapp" className="GameBoy.Tests.CartridgeHeaderTests" name="Title_HandlesNullTermination" />
    </UnitTest>
    <UnitTest name="GameBoy.Tests.EmulatorMbcIntegrationTests.Emulator_BatteryRam_NoCartridge_ReturnsNull" storage="/home/runner/work/blazorboy/blazorboy/src/gameboy.tests/bin/debug/net8.0/gameboy.tests.dll" id="5867821c-26ab-2d78-4bc5-e20dbefcbaf9">
      <Execution id="5e4bba09-aeac-4988-9662-42b783c34378" />
      <TestMethod codeBase="/home/runner/work/BlazorBoy/BlazorBoy/src/GameBoy.Tests/bin/Debug/net8.0/GameBoy.Tests.dll" adapterTypeName="executor://xunit/VsTestRunner2/netcoreapp" className="GameBoy.Tests.EmulatorMbcIntegrationTests" name="Emulator_BatteryRam_NoCartridge_ReturnsNull" />
    </UnitTest>
    <UnitTest name="GameBoy.Tests.Mbc1Tests.WriteRom_InvalidAddressRanges_Ignored" storage="/home/runner/work/blazorboy/blazorboy/src/gameboy.tests/bin/debug/net8.0/gameboy.tests.dll" id="fdcebadb-0653-3b7a-1e44-b449ea53d695">
      <Execution id="1a6f59bf-41b6-4795-8cb5-cfe7e3f300c7" />
      <TestMethod codeBase="/home/runner/work/BlazorBoy/BlazorBoy/src/GameBoy.Tests/bin/Debug/net8.0/GameBoy.Tests.dll" adapterTypeName="executor://xunit/VsTestRunner2/netcoreapp" className="GameBoy.Tests.Mbc1Tests" name="WriteRom_InvalidAddressRanges_Ignored" />
    </UnitTest>
    <UnitTest name="GameBoy.Tests.EmulatorTests.Reset_RestoresPostBiosState" storage="/home/runner/work/blazorboy/blazorboy/src/gameboy.tests/bin/debug/net8.0/gameboy.tests.dll" id="13bdd754-9ad8-fe64-9252-9f4b326f20fb">
      <Execution id="8b0f1848-f77b-4249-b475-f9619acb46c7" />
      <TestMethod codeBase="/home/runner/work/BlazorBoy/BlazorBoy/src/GameBoy.Tests/bin/Debug/net8.0/GameBoy.Tests.dll" adapterTypeName="executor://xunit/VsTestRunner2/netcoreapp" className="GameBoy.Tests.EmulatorTests" name="Reset_RestoresPostBiosState" />
    </UnitTest>
    <UnitTest name="GameBoy.Tests.EmulatorMbcIntegrationTests.Mmu_ErrorHandling_InvalidRomAccess" storage="/home/runner/work/blazorboy/blazorboy/src/gameboy.tests/bin/debug/net8.0/gameboy.tests.dll" id="e573544f-8572-be64-00a7-7ee9438f0ddb">
      <Execution id="75b1e7c0-84d8-4648-bd06-4e3d69a69a5e" />
      <TestMethod codeBase="/home/runner/work/BlazorBoy/BlazorBoy/src/GameBoy.Tests/bin/Debug/net8.0/GameBoy.Tests.dll" adapterTypeName="executor://xunit/VsTestRunner2/netcoreapp" className="GameBoy.Tests.EmulatorMbcIntegrationTests" name="Mmu_ErrorHandling_InvalidRomAccess" />
    </UnitTest>
    <UnitTest name="GameBoy.Tests.Mbc3Tests.RtcLatch_LatchingBehavior_UpdatesRegisters" storage="/home/runner/work/blazorboy/blazorboy/src/gameboy.tests/bin/debug/net8.0/gameboy.tests.dll" id="b5f40ad3-582a-aeab-e8e8-850be670f750">
      <Execution id="3f5cbcdc-d243-484b-bfec-4090f1e5ee43" />
      <TestMethod codeBase="/home/runner/work/BlazorBoy/BlazorBoy/src/GameBoy.Tests/bin/Debug/net8.0/GameBoy.Tests.dll" adapterTypeName="executor://xunit/VsTestRunner2/netcoreapp" className="GameBoy.Tests.Mbc3Tests" name="RtcLatch_LatchingBehavior_UpdatesRegisters" />
    </UnitTest>
    <UnitTest name="GameBoy.Tests.Mbc3Tests.BatteryInterface_LargeRamSize_HandledCorrectly" storage="/home/runner/work/blazorboy/blazorboy/src/gameboy.tests/bin/debug/net8.0/gameboy.tests.dll" id="775f5db1-5f70-460a-b41a-0bd44483a2e8">
      <Execution id="bdfd8fd2-8d3a-40b3-b208-7dc1bdf82605" />
      <TestMethod codeBase="/home/runner/work/BlazorBoy/BlazorBoy/src/GameBoy.Tests/bin/Debug/net8.0/GameBoy.Tests.dll" adapterTypeName="executor://xunit/VsTestRunner2/netcoreapp" className="GameBoy.Tests.Mbc3Tests" name="BatteryInterface_LargeRamSize_HandledCorrectly" />
    </UnitTest>
    <UnitTest name="GameBoy.Tests.CpuAddressingTests.WriteBC_WritesToBCAddress" storage="/home/runner/work/blazorboy/blazorboy/src/gameboy.tests/bin/debug/net8.0/gameboy.tests.dll" id="9216678b-2400-5aed-087d-303a46d8d2e2">
      <Execution id="f9cbe84f-0029-4766-befa-b3424725e304" />
      <TestMethod codeBase="/home/runner/work/BlazorBoy/BlazorBoy/src/GameBoy.Tests/bin/Debug/net8.0/GameBoy.Tests.dll" adapterTypeName="executor://xunit/VsTestRunner2/netcoreapp" className="GameBoy.Tests.CpuAddressingTests" name="WriteBC_WritesToBCAddress" />
    </UnitTest>
    <UnitTest name="GameBoy.Tests.CartridgeHeaderTests.RomSize_CalculatesCorrectSizeForStandardCodes(code: 6, expectedSize: 2097152)" storage="/home/runner/work/blazorboy/blazorboy/src/gameboy.tests/bin/debug/net8.0/gameboy.tests.dll" id="9e8a8bbb-0354-2079-c028-bce199135a45">
      <Execution id="d67f0628-1e03-4299-a8f3-7c17410db36f" />
      <TestMethod codeBase="/home/runner/work/BlazorBoy/BlazorBoy/src/GameBoy.Tests/bin/Debug/net8.0/GameBoy.Tests.dll" adapterTypeName="executor://xunit/VsTestRunner2/netcoreapp" className="GameBoy.Tests.CartridgeHeaderTests" name="RomSize_CalculatesCorrectSizeForStandardCodes" />
    </UnitTest>
    <UnitTest name="GameBoy.Tests.Mbc5Tests.WriteRom_Bank0Selection_AllowsBank0" storage="/home/runner/work/blazorboy/blazorboy/src/gameboy.tests/bin/debug/net8.0/gameboy.tests.dll" id="eac1986f-bb1b-f50b-46b4-53e51dd584ab">
      <Execution id="96063236-ea6b-4250-a649-1bd99920aab8" />
      <TestMethod codeBase="/home/runner/work/BlazorBoy/BlazorBoy/src/GameBoy.Tests/bin/Debug/net8.0/GameBoy.Tests.dll" adapterTypeName="executor://xunit/VsTestRunner2/netcoreapp" className="GameBoy.Tests.Mbc5Tests" name="WriteRom_Bank0Selection_AllowsBank0" />
    </UnitTest>
    <UnitTest name="GameBoy.Tests.CartridgeTests.Detect_AllMbc2Variants_ThrowsNotSupportedException(cartridgeType: 6)" storage="/home/runner/work/blazorboy/blazorboy/src/gameboy.tests/bin/debug/net8.0/gameboy.tests.dll" id="0f6056d8-3f87-2ab3-889d-d689a2583254">
      <Execution id="da56683a-fb6f-4e53-865c-a5fcf331627b" />
      <TestMethod codeBase="/home/runner/work/BlazorBoy/BlazorBoy/src/GameBoy.Tests/bin/Debug/net8.0/GameBoy.Tests.dll" adapterTypeName="executor://xunit/VsTestRunner2/netcoreapp" className="GameBoy.Tests.CartridgeTests" name="Detect_AllMbc2Variants_ThrowsNotSupportedException" />
    </UnitTest>
    <UnitTest name="GameBoy.Tests.Mbc5Tests.ReadRom_Bank0_ReadsFromFixedBank" storage="/home/runner/work/blazorboy/blazorboy/src/gameboy.tests/bin/debug/net8.0/gameboy.tests.dll" id="5f20123c-8ed0-bc94-a059-9424476978ee">
      <Execution id="4649c0cf-8a67-46b7-a6ce-5cdf90090efe" />
      <TestMethod codeBase="/home/runner/work/BlazorBoy/BlazorBoy/src/GameBoy.Tests/bin/Debug/net8.0/GameBoy.Tests.dll" adapterTypeName="executor://xunit/VsTestRunner2/netcoreapp" className="GameBoy.Tests.Mbc5Tests" name="ReadRom_Bank0_ReadsFromFixedBank" />
    </UnitTest>
    <UnitTest name="GameBoy.Tests.CartridgeTests.Detect_AllMbc4Variants_ThrowsNotSupportedException(cartridgeType: 21)" storage="/home/runner/work/blazorboy/blazorboy/src/gameboy.tests/bin/debug/net8.0/gameboy.tests.dll" id="9a1c3e49-758a-f75c-8171-dfa25ad502c8">
      <Execution id="2c22f15a-8f37-4f94-9f11-60f55a1a51d7" />
      <TestMethod codeBase="/home/runner/work/BlazorBoy/BlazorBoy/src/GameBoy.Tests/bin/Debug/net8.0/GameBoy.Tests.dll" adapterTypeName="executor://xunit/VsTestRunner2/netcoreapp" className="GameBoy.Tests.CartridgeTests" name="Detect_AllMbc4Variants_ThrowsNotSupportedException" />
    </UnitTest>
    <UnitTest name="GameBoy.Tests.Mbc5Tests.BatteryInterface_NoBatteryCartridge_ReturnsNull" storage="/home/runner/work/blazorboy/blazorboy/src/gameboy.tests/bin/debug/net8.0/gameboy.tests.dll" id="cd72fd40-3c25-0508-1dbc-43cd674b13bb">
      <Execution id="331be20a-f28b-4fc7-83ef-1beea69e632b" />
      <TestMethod codeBase="/home/runner/work/BlazorBoy/BlazorBoy/src/GameBoy.Tests/bin/Debug/net8.0/GameBoy.Tests.dll" adapterTypeName="executor://xunit/VsTestRunner2/netcoreapp" className="GameBoy.Tests.Mbc5Tests" name="BatteryInterface_NoBatteryCartridge_ReturnsNull" />
    </UnitTest>
    <UnitTest name="GameBoy.Tests.Mbc1Tests.BatteryInterface_GetExternalRam_ReturnsDataIfModified" storage="/home/runner/work/blazorboy/blazorboy/src/gameboy.tests/bin/debug/net8.0/gameboy.tests.dll" id="d18c4703-5a96-82cc-bd1a-56ce1f6aeb61">
      <Execution id="0420df6f-e34b-4f80-9e02-61ac0121f8b6" />
      <TestMethod codeBase="/home/runner/work/BlazorBoy/BlazorBoy/src/GameBoy.Tests/bin/Debug/net8.0/GameBoy.Tests.dll" adapterTypeName="executor://xunit/VsTestRunner2/netcoreapp" className="GameBoy.Tests.Mbc1Tests" name="BatteryInterface_GetExternalRam_ReturnsDataIfModified" />
    </UnitTest>
    <UnitTest name="GameBoy.Tests.Mbc3Tests.ExternalRam_MaxRamBanks_WorksCorrectly" storage="/home/runner/work/blazorboy/blazorboy/src/gameboy.tests/bin/debug/net8.0/gameboy.tests.dll" id="599718d7-ac06-0329-9b10-9b780bab0f8c">
      <Execution id="1ec95171-9f00-46ab-8670-48edb00483f9" />
      <TestMethod codeBase="/home/runner/work/BlazorBoy/BlazorBoy/src/GameBoy.Tests/bin/Debug/net8.0/GameBoy.Tests.dll" adapterTypeName="executor://xunit/VsTestRunner2/netcoreapp" className="GameBoy.Tests.Mbc3Tests" name="ExternalRam_MaxRamBanks_WorksCorrectly" />
    </UnitTest>
    <UnitTest name="GameBoy.Tests.Mbc1Tests.ReadRom_Bank0_ReadsFromFixedBank" storage="/home/runner/work/blazorboy/blazorboy/src/gameboy.tests/bin/debug/net8.0/gameboy.tests.dll" id="9237a3ba-0ae3-e8c9-4a5e-4cfc59fd3dad">
      <Execution id="a3ac2ad7-fc62-4304-a559-31f9cbdfc5c8" />
      <TestMethod codeBase="/home/runner/work/BlazorBoy/BlazorBoy/src/GameBoy.Tests/bin/Debug/net8.0/GameBoy.Tests.dll" adapterTypeName="executor://xunit/VsTestRunner2/netcoreapp" className="GameBoy.Tests.Mbc1Tests" name="ReadRom_Bank0_ReadsFromFixedBank" />
    </UnitTest>
    <UnitTest name="GameBoy.Tests.AluTests.Subtract_Underflow_SetsCarryFlag" storage="/home/runner/work/blazorboy/blazorboy/src/gameboy.tests/bin/debug/net8.0/gameboy.tests.dll" id="74132915-1155-a173-97ca-5489fb71d040">
      <Execution id="59156530-e409-433b-99cb-2e4f5a369a80" />
      <TestMethod codeBase="/home/runner/work/BlazorBoy/BlazorBoy/src/GameBoy.Tests/bin/Debug/net8.0/GameBoy.Tests.dll" adapterTypeName="executor://xunit/VsTestRunner2/netcoreapp" className="GameBoy.Tests.AluTests" name="Subtract_Underflow_SetsCarryFlag" />
    </UnitTest>
    <UnitTest name="GameBoy.Tests.CartridgeMmuIntegrationTests.Mmu_ExternalRam_DisabledByDefault" storage="/home/runner/work/blazorboy/blazorboy/src/gameboy.tests/bin/debug/net8.0/gameboy.tests.dll" id="6e5afcc8-80be-d362-e400-4655b22a1d7a">
      <Execution id="134b6ab0-dc2d-41ab-88e0-2dd7efc8152a" />
      <TestMethod codeBase="/home/runner/work/BlazorBoy/BlazorBoy/src/GameBoy.Tests/bin/Debug/net8.0/GameBoy.Tests.dll" adapterTypeName="executor://xunit/VsTestRunner2/netcoreapp" className="GameBoy.Tests.CartridgeMmuIntegrationTests" name="Mmu_ExternalRam_DisabledByDefault" />
    </UnitTest>
    <UnitTest name="GameBoy.Tests.CartridgeHeaderTests.RomSize_CalculatesCorrectSizeForStandardCodes(code: 2, expectedSize: 131072)" storage="/home/runner/work/blazorboy/blazorboy/src/gameboy.tests/bin/debug/net8.0/gameboy.tests.dll" id="4f4a5c37-0801-c8cd-ca9d-3dd3c079ddeb">
      <Execution id="8cf1ff83-5422-492e-88c4-03fb07a69f0a" />
      <TestMethod codeBase="/home/runner/work/BlazorBoy/BlazorBoy/src/GameBoy.Tests/bin/Debug/net8.0/GameBoy.Tests.dll" adapterTypeName="executor://xunit/VsTestRunner2/netcoreapp" className="GameBoy.Tests.CartridgeHeaderTests" name="RomSize_CalculatesCorrectSizeForStandardCodes" />
    </UnitTest>
    <UnitTest name="GameBoy.Tests.Mbc1Tests.ExternalRam_BasicReadWrite" storage="/home/runner/work/blazorboy/blazorboy/src/gameboy.tests/bin/debug/net8.0/gameboy.tests.dll" id="a843a51a-9783-4af2-c639-b0c877e3f93a">
      <Execution id="1034dac1-3c72-430c-9c88-9952cd7b4cc0" />
      <TestMethod codeBase="/home/runner/work/BlazorBoy/BlazorBoy/src/GameBoy.Tests/bin/Debug/net8.0/GameBoy.Tests.dll" adapterTypeName="executor://xunit/VsTestRunner2/netcoreapp" className="GameBoy.Tests.Mbc1Tests" name="ExternalRam_BasicReadWrite" />
    </UnitTest>
    <UnitTest name="GameBoy.Tests.MmuTests.STAT_WritableBitsOnly" storage="/home/runner/work/blazorboy/blazorboy/src/gameboy.tests/bin/debug/net8.0/gameboy.tests.dll" id="995af1cd-c8d9-dbb3-07ce-6b441962f547">
      <Execution id="680f3f9b-3244-450a-bbe4-e60179a5c806" />
      <TestMethod codeBase="/home/runner/work/BlazorBoy/BlazorBoy/src/GameBoy.Tests/bin/Debug/net8.0/GameBoy.Tests.dll" adapterTypeName="executor://xunit/VsTestRunner2/netcoreapp" className="GameBoy.Tests.MmuTests" name="STAT_WritableBitsOnly" />
    </UnitTest>
    <UnitTest name="GameBoy.Tests.CpuAddressingTests.ReadHLI_ReadsFromHLAddressThenIncrementsHL" storage="/home/runner/work/blazorboy/blazorboy/src/gameboy.tests/bin/debug/net8.0/gameboy.tests.dll" id="5f28ed6a-b607-4244-c09c-ea41369ed866">
      <Execution id="1398bb4e-9c61-4267-92fe-bb6126bbdd97" />
      <TestMethod codeBase="/home/runner/work/BlazorBoy/BlazorBoy/src/GameBoy.Tests/bin/Debug/net8.0/GameBoy.Tests.dll" adapterTypeName="executor://xunit/VsTestRunner2/netcoreapp" className="GameBoy.Tests.CpuAddressingTests" name="ReadHLI_ReadsFromHLAddressThenIncrementsHL" />
    </UnitTest>
    <UnitTest name="GameBoy.Tests.CartridgeHeaderTests.RamSize_InvalidCodes_DefaultsToZero(code: 153)" storage="/home/runner/work/blazorboy/blazorboy/src/gameboy.tests/bin/debug/net8.0/gameboy.tests.dll" id="6c0464d1-fd5c-e555-4e7b-41995cb84088">
      <Execution id="2e51bbb3-42c2-4713-8ec3-b3a9b3feccec" />
      <TestMethod codeBase="/home/runner/work/BlazorBoy/BlazorBoy/src/GameBoy.Tests/bin/Debug/net8.0/GameBoy.Tests.dll" adapterTypeName="executor://xunit/VsTestRunner2/netcoreapp" className="GameBoy.Tests.CartridgeHeaderTests" name="RamSize_InvalidCodes_DefaultsToZero" />
    </UnitTest>
    <UnitTest name="GameBoy.Tests.InstructionDecodingTests.Primary_KnownOpcodes_AreNotNull" storage="/home/runner/work/blazorboy/blazorboy/src/gameboy.tests/bin/debug/net8.0/gameboy.tests.dll" id="736a4bef-bdb1-78f2-ba0b-46d191f101ec">
      <Execution id="d56e92ef-048c-489d-bc6e-ed333690eb0d" />
      <TestMethod codeBase="/home/runner/work/BlazorBoy/BlazorBoy/src/GameBoy.Tests/bin/Debug/net8.0/GameBoy.Tests.dll" adapterTypeName="executor://xunit/VsTestRunner2/netcoreapp" className="GameBoy.Tests.InstructionDecodingTests" name="Primary_KnownOpcodes_AreNotNull" />
    </UnitTest>
    <UnitTest name="GameBoy.Tests.Mbc5Tests.ReadRom_BeyondAvailableSize_ReturnsFF" storage="/home/runner/work/blazorboy/blazorboy/src/gameboy.tests/bin/debug/net8.0/gameboy.tests.dll" id="c70ec96d-946c-5567-d811-dbaa8ae6512c">
      <Execution id="30910988-f3a6-4cb3-b6d9-80cae98e829b" />
      <TestMethod codeBase="/home/runner/work/BlazorBoy/BlazorBoy/src/GameBoy.Tests/bin/Debug/net8.0/GameBoy.Tests.dll" adapterTypeName="executor://xunit/VsTestRunner2/netcoreapp" className="GameBoy.Tests.Mbc5Tests" name="ReadRom_BeyondAvailableSize_ReturnsFF" />
    </UnitTest>
    <UnitTest name="GameBoy.Tests.CartridgeTests.Detect_AllMbc3Variants_ReturnsCorrectCartridge(cartridgeType: 19)" storage="/home/runner/work/blazorboy/blazorboy/src/gameboy.tests/bin/debug/net8.0/gameboy.tests.dll" id="5fca08ae-038e-7ddb-042a-d45c775cc3a2">
      <Execution id="4751894a-ce18-4c8e-b239-0461602b257e" />
      <TestMethod codeBase="/home/runner/work/BlazorBoy/BlazorBoy/src/GameBoy.Tests/bin/Debug/net8.0/GameBoy.Tests.dll" adapterTypeName="executor://xunit/VsTestRunner2/netcoreapp" className="GameBoy.Tests.CartridgeTests" name="Detect_AllMbc3Variants_ReturnsCorrectCartridge" />
    </UnitTest>
    <UnitTest name="GameBoy.Tests.CartridgeTests.Detect_Mbc6_ThrowsNotSupportedException" storage="/home/runner/work/blazorboy/blazorboy/src/gameboy.tests/bin/debug/net8.0/gameboy.tests.dll" id="3ff5ba0f-280e-7578-da34-44c3b7dcff2f">
      <Execution id="a47eeee0-8f20-43d9-a342-0ac26472c51f" />
      <TestMethod codeBase="/home/runner/work/BlazorBoy/BlazorBoy/src/GameBoy.Tests/bin/Debug/net8.0/GameBoy.Tests.dll" adapterTypeName="executor://xunit/VsTestRunner2/netcoreapp" className="GameBoy.Tests.CartridgeTests" name="Detect_Mbc6_ThrowsNotSupportedException" />
    </UnitTest>
    <UnitTest name="GameBoy.Tests.EmulatorMbcIntegrationTests.Emulator_LoadRom_UnsupportedMbc_ThrowsNotSupportedException" storage="/home/runner/work/blazorboy/blazorboy/src/gameboy.tests/bin/debug/net8.0/gameboy.tests.dll" id="96977a3e-1a95-c780-8b0f-9b9e70addc86">
      <Execution id="b574d66f-7837-4e2b-ad89-4ad0bc23ca24" />
      <TestMethod codeBase="/home/runner/work/BlazorBoy/BlazorBoy/src/GameBoy.Tests/bin/Debug/net8.0/GameBoy.Tests.dll" adapterTypeName="executor://xunit/VsTestRunner2/netcoreapp" className="GameBoy.Tests.EmulatorMbcIntegrationTests" name="Emulator_LoadRom_UnsupportedMbc_ThrowsNotSupportedException" />
    </UnitTest>
    <UnitTest name="GameBoy.Tests.Mbc1Tests.WriteRom_RamEnable_EnablesRamAccess" storage="/home/runner/work/blazorboy/blazorboy/src/gameboy.tests/bin/debug/net8.0/gameboy.tests.dll" id="6ae15b65-ae4b-1bce-4c25-6a54788ea6c7">
      <Execution id="09640978-89ca-4a50-8bb8-746aea57e0b1" />
      <TestMethod codeBase="/home/runner/work/BlazorBoy/BlazorBoy/src/GameBoy.Tests/bin/Debug/net8.0/GameBoy.Tests.dll" adapterTypeName="executor://xunit/VsTestRunner2/netcoreapp" className="GameBoy.Tests.Mbc1Tests" name="WriteRom_RamEnable_EnablesRamAccess" />
    </UnitTest>
    <UnitTest name="GameBoy.Tests.Mbc5Tests.ExternalRam_Max16Banks_WorksCorrectly" storage="/home/runner/work/blazorboy/blazorboy/src/gameboy.tests/bin/debug/net8.0/gameboy.tests.dll" id="08d7c887-cfdb-91f7-a4d3-c86efbebb1e3">
      <Execution id="6ef47635-4022-4b97-83bb-a15f1d9763a1" />
      <TestMethod codeBase="/home/runner/work/BlazorBoy/BlazorBoy/src/GameBoy.Tests/bin/Debug/net8.0/GameBoy.Tests.dll" adapterTypeName="executor://xunit/VsTestRunner2/netcoreapp" className="GameBoy.Tests.Mbc5Tests" name="ExternalRam_Max16Banks_WorksCorrectly" />
    </UnitTest>
    <UnitTest name="GameBoy.Tests.CartridgeTests.Detect_UnknownCartridgeTypes_ThrowsNotSupportedException(cartridgeType: 170)" storage="/home/runner/work/blazorboy/blazorboy/src/gameboy.tests/bin/debug/net8.0/gameboy.tests.dll" id="780e9802-fd3e-fb97-5165-36872cd7596d">
      <Execution id="fab1f681-9511-433d-82e2-b50c0dfa553c" />
      <TestMethod codeBase="/home/runner/work/BlazorBoy/BlazorBoy/src/GameBoy.Tests/bin/Debug/net8.0/GameBoy.Tests.dll" adapterTypeName="executor://xunit/VsTestRunner2/netcoreapp" className="GameBoy.Tests.CartridgeTests" name="Detect_UnknownCartridgeTypes_ThrowsNotSupportedException" />
    </UnitTest>
    <UnitTest name="GameBoy.Tests.MmuTests.DIV_WriteResetsToZero" storage="/home/runner/work/blazorboy/blazorboy/src/gameboy.tests/bin/debug/net8.0/gameboy.tests.dll" id="8127ea1e-ba01-dcf8-29b0-bba331714c0f">
      <Execution id="22427add-c9fe-45e3-bc94-b64706f0bdca" />
      <TestMethod codeBase="/home/runner/work/BlazorBoy/BlazorBoy/src/GameBoy.Tests/bin/Debug/net8.0/GameBoy.Tests.dll" adapterTypeName="executor://xunit/VsTestRunner2/netcoreapp" className="GameBoy.Tests.MmuTests" name="DIV_WriteResetsToZero" />
    </UnitTest>
    <UnitTest name="GameBoy.Tests.MmuTests.PPU_Registers_ReadDefaultValues" storage="/home/runner/work/blazorboy/blazorboy/src/gameboy.tests/bin/debug/net8.0/gameboy.tests.dll" id="bb76f2bc-a20b-0d58-f6e1-710315d4679b">
      <Execution id="fbd0eab6-e315-4b32-812b-940668b390cf" />
      <TestMethod codeBase="/home/runner/work/BlazorBoy/BlazorBoy/src/GameBoy.Tests/bin/Debug/net8.0/GameBoy.Tests.dll" adapterTypeName="executor://xunit/VsTestRunner2/netcoreapp" className="GameBoy.Tests.MmuTests" name="PPU_Registers_ReadDefaultValues" />
    </UnitTest>
    <UnitTest name="GameBoy.Tests.CartridgeTests.Detect_HuC1_ThrowsNotSupportedException" storage="/home/runner/work/blazorboy/blazorboy/src/gameboy.tests/bin/debug/net8.0/gameboy.tests.dll" id="273780bc-9d35-9771-839e-50ffbcedd9a6">
      <Execution id="d7207dab-7b3f-4cf5-a180-034bb8e096e8" />
      <TestMethod codeBase="/home/runner/work/BlazorBoy/BlazorBoy/src/GameBoy.Tests/bin/Debug/net8.0/GameBoy.Tests.dll" adapterTypeName="executor://xunit/VsTestRunner2/netcoreapp" className="GameBoy.Tests.CartridgeTests" name="Detect_HuC1_ThrowsNotSupportedException" />
    </UnitTest>
    <UnitTest name="GameBoy.Tests.OpcodeTableCoverageTests.Primary_Table_Should_Have_Complete_Coverage" storage="/home/runner/work/blazorboy/blazorboy/src/gameboy.tests/bin/debug/net8.0/gameboy.tests.dll" id="947b70cd-4d84-9b6b-4580-d269db74ee3f">
      <Execution id="f790afd4-54b7-4cd9-a314-c963a58e43b8" />
      <TestMethod codeBase="/home/runner/work/BlazorBoy/BlazorBoy/src/GameBoy.Tests/bin/Debug/net8.0/GameBoy.Tests.dll" adapterTypeName="executor://xunit/VsTestRunner2/netcoreapp" className="GameBoy.Tests.OpcodeTableCoverageTests" name="Primary_Table_Should_Have_Complete_Coverage" />
    </UnitTest>
    <UnitTest name="GameBoy.Tests.CartridgeHeaderTests.Title_MaxLength16Characters_TruncatesCorrectly" storage="/home/runner/work/blazorboy/blazorboy/src/gameboy.tests/bin/debug/net8.0/gameboy.tests.dll" id="f160fd19-b7b2-9e51-f892-3fdf8189a922">
      <Execution id="ea0ef5fb-3537-45c5-8079-000a8c8292d4" />
      <TestMethod codeBase="/home/runner/work/BlazorBoy/BlazorBoy/src/GameBoy.Tests/bin/Debug/net8.0/GameBoy.Tests.dll" adapterTypeName="executor://xunit/VsTestRunner2/netcoreapp" className="GameBoy.Tests.CartridgeHeaderTests" name="Title_MaxLength16Characters_TruncatesCorrectly" />
    </UnitTest>
    <UnitTest name="GameBoy.Tests.AluTests.Add_EdgeCases_BehavesCorrectly(a: 255, operand: 255)" storage="/home/runner/work/blazorboy/blazorboy/src/gameboy.tests/bin/debug/net8.0/gameboy.tests.dll" id="5525e27a-2b87-a233-5a11-e2cf4811b5ef">
      <Execution id="438372b3-5f10-40b6-9e8d-0fdf7769bea2" />
      <TestMethod codeBase="/home/runner/work/BlazorBoy/BlazorBoy/src/GameBoy.Tests/bin/Debug/net8.0/GameBoy.Tests.dll" adapterTypeName="executor://xunit/VsTestRunner2/netcoreapp" className="GameBoy.Tests.AluTests" name="Add_EdgeCases_BehavesCorrectly" />
    </UnitTest>
    <UnitTest name="GameBoy.Tests.Mbc5Tests.BatteryInterface_MaxRamSize_HandledCorrectly" storage="/home/runner/work/blazorboy/blazorboy/src/gameboy.tests/bin/debug/net8.0/gameboy.tests.dll" id="abf8d7ba-f706-2765-abe8-1f16390792ce">
      <Execution id="dde7e41e-82ce-48a4-b29d-65e655a61a68" />
      <TestMethod codeBase="/home/runner/work/BlazorBoy/BlazorBoy/src/GameBoy.Tests/bin/Debug/net8.0/GameBoy.Tests.dll" adapterTypeName="executor://xunit/VsTestRunner2/netcoreapp" className="GameBoy.Tests.Mbc5Tests" name="BatteryInterface_MaxRamSize_HandledCorrectly" />
    </UnitTest>
    <UnitTest name="GameBoy.Tests.InstructionDecodingTests.SpecificInstructions_HaveCorrectMetadata(opcode: 70, expectedMnemonic: &quot;LD B,(HL)&quot;, expectedLength: 1, expectedCycles: 8, expectedOperandType: Memory)" storage="/home/runner/work/blazorboy/blazorboy/src/gameboy.tests/bin/debug/net8.0/gameboy.tests.dll" id="f2f72251-7ff4-def6-c2fa-951bdc1f5ab8">
      <Execution id="dea79093-23bc-40ac-8c87-11b49f8131fd" />
      <TestMethod codeBase="/home/runner/work/BlazorBoy/BlazorBoy/src/GameBoy.Tests/bin/Debug/net8.0/GameBoy.Tests.dll" adapterTypeName="executor://xunit/VsTestRunner2/netcoreapp" className="GameBoy.Tests.InstructionDecodingTests" name="SpecificInstructions_HaveCorrectMetadata" />
    </UnitTest>
    <UnitTest name="GameBoy.Tests.EmulatorMbcIntegrationTests.Emulator_BatteryRam_ErrorHandling_EdgeCases" storage="/home/runner/work/blazorboy/blazorboy/src/gameboy.tests/bin/debug/net8.0/gameboy.tests.dll" id="de495bfb-e18f-7b3e-358c-ab844b968319">
      <Execution id="40a77cfd-7016-40eb-89f4-490fc7d2bf23" />
      <TestMethod codeBase="/home/runner/work/BlazorBoy/BlazorBoy/src/GameBoy.Tests/bin/Debug/net8.0/GameBoy.Tests.dll" adapterTypeName="executor://xunit/VsTestRunner2/netcoreapp" className="GameBoy.Tests.EmulatorMbcIntegrationTests" name="Emulator_BatteryRam_ErrorHandling_EdgeCases" />
    </UnitTest>
    <UnitTest name="GameBoy.Tests.CartridgeTests.Detect_UnsupportedMbc_ThrowsException" storage="/home/runner/work/blazorboy/blazorboy/src/gameboy.tests/bin/debug/net8.0/gameboy.tests.dll" id="7d9a2542-8cef-fad7-de35-9026b458bae7">
      <Execution id="1ef77cf6-15da-4587-8541-ef2c50b6292e" />
      <TestMethod codeBase="/home/runner/work/BlazorBoy/BlazorBoy/src/GameBoy.Tests/bin/Debug/net8.0/GameBoy.Tests.dll" adapterTypeName="executor://xunit/VsTestRunner2/netcoreapp" className="GameBoy.Tests.CartridgeTests" name="Detect_UnsupportedMbc_ThrowsException" />
    </UnitTest>
    <UnitTest name="GameBoy.Tests.EmulatorMbcIntegrationTests.Emulator_LoadRom_AllUnsupportedMbcTypes_ThrowsNotSupportedException(cartridgeType: 21, expectedMbcName: &quot;MBC4&quot;)" storage="/home/runner/work/blazorboy/blazorboy/src/gameboy.tests/bin/debug/net8.0/gameboy.tests.dll" id="49e42d62-0daf-f033-f1a3-4753a5cc45f0">
      <Execution id="0ecd01d7-c83e-45e7-8ace-8f3ffbf04c39" />
      <TestMethod codeBase="/home/runner/work/BlazorBoy/BlazorBoy/src/GameBoy.Tests/bin/Debug/net8.0/GameBoy.Tests.dll" adapterTypeName="executor://xunit/VsTestRunner2/netcoreapp" className="GameBoy.Tests.EmulatorMbcIntegrationTests" name="Emulator_LoadRom_AllUnsupportedMbcTypes_ThrowsNotSupportedException" />
    </UnitTest>
    <UnitTest name="GameBoy.Tests.Mbc5Tests.WriteRom_9BitRomBanking_WorksCorrectly" storage="/home/runner/work/blazorboy/blazorboy/src/gameboy.tests/bin/debug/net8.0/gameboy.tests.dll" id="09386e45-a168-c5b0-e7b9-c1cd8eb70456">
      <Execution id="56baf300-7baa-41cd-9107-0528731c2c75" />
      <TestMethod codeBase="/home/runner/work/BlazorBoy/BlazorBoy/src/GameBoy.Tests/bin/Debug/net8.0/GameBoy.Tests.dll" adapterTypeName="executor://xunit/VsTestRunner2/netcoreapp" className="GameBoy.Tests.Mbc5Tests" name="WriteRom_9BitRomBanking_WorksCorrectly" />
    </UnitTest>
    <UnitTest name="GameBoy.Tests.EmulatorMbcIntegrationTests.Emulator_LoadRom_AllUnsupportedMbcTypes_ThrowsNotSupportedException(cartridgeType: 34, expectedMbcName: &quot;MBC7&quot;)" storage="/home/runner/work/blazorboy/blazorboy/src/gameboy.tests/bin/debug/net8.0/gameboy.tests.dll" id="826e93b1-4bba-1e1e-7e71-9795838b252f">
      <Execution id="dda3be9a-12b1-4907-a185-ea98c6c2b1bd" />
      <TestMethod codeBase="/home/runner/work/BlazorBoy/BlazorBoy/src/GameBoy.Tests/bin/Debug/net8.0/GameBoy.Tests.dll" adapterTypeName="executor://xunit/VsTestRunner2/netcoreapp" className="GameBoy.Tests.EmulatorMbcIntegrationTests" name="Emulator_LoadRom_AllUnsupportedMbcTypes_ThrowsNotSupportedException" />
    </UnitTest>
    <UnitTest name="GameBoy.Tests.CartridgeMmuIntegrationTests.Mmu_BatteryBackedCartridge_ImplementsInterface" storage="/home/runner/work/blazorboy/blazorboy/src/gameboy.tests/bin/debug/net8.0/gameboy.tests.dll" id="0363a9ad-f5a9-fc63-7f70-ff763491ded3">
      <Execution id="35085be6-47a9-4b21-9c11-8efc72cf0f39" />
      <TestMethod codeBase="/home/runner/work/BlazorBoy/BlazorBoy/src/GameBoy.Tests/bin/Debug/net8.0/GameBoy.Tests.dll" adapterTypeName="executor://xunit/VsTestRunner2/netcoreapp" className="GameBoy.Tests.CartridgeMmuIntegrationTests" name="Mmu_BatteryBackedCartridge_ImplementsInterface" />
    </UnitTest>
    <UnitTest name="GameBoy.Tests.MmuTests.UnusableRegion_WritesIgnored" storage="/home/runner/work/blazorboy/blazorboy/src/gameboy.tests/bin/debug/net8.0/gameboy.tests.dll" id="5ae6f225-fd3d-b9aa-d3bf-ff8feb208f3b">
      <Execution id="4ab5d72c-aee9-4042-9dfe-9d82a2740bb6" />
      <TestMethod codeBase="/home/runner/work/BlazorBoy/BlazorBoy/src/GameBoy.Tests/bin/Debug/net8.0/GameBoy.Tests.dll" adapterTypeName="executor://xunit/VsTestRunner2/netcoreapp" className="GameBoy.Tests.MmuTests" name="UnusableRegion_WritesIgnored" />
    </UnitTest>
    <UnitTest name="GameBoy.Tests.CartridgeTests.Detect_AllMbc5Variants_ReturnsCorrectCartridge(cartridgeType: 30)" storage="/home/runner/work/blazorboy/blazorboy/src/gameboy.tests/bin/debug/net8.0/gameboy.tests.dll" id="6582d5da-7575-b5da-765c-6bd7f2c3c453">
      <Execution id="267a6e92-c236-4eb3-a995-953b91f6eb08" />
      <TestMethod codeBase="/home/runner/work/BlazorBoy/BlazorBoy/src/GameBoy.Tests/bin/Debug/net8.0/GameBoy.Tests.dll" adapterTypeName="executor://xunit/VsTestRunner2/netcoreapp" className="GameBoy.Tests.CartridgeTests" name="Detect_AllMbc5Variants_ReturnsCorrectCartridge" />
    </UnitTest>
    <UnitTest name="GameBoy.Tests.MmuTests.PPU_Registers_WriteAndRead" storage="/home/runner/work/blazorboy/blazorboy/src/gameboy.tests/bin/debug/net8.0/gameboy.tests.dll" id="31a2cd14-3018-c3a0-d56c-722448a85c38">
      <Execution id="f7771ff2-ae5e-46cb-9656-0a64324bdb0d" />
      <TestMethod codeBase="/home/runner/work/BlazorBoy/BlazorBoy/src/GameBoy.Tests/bin/Debug/net8.0/GameBoy.Tests.dll" adapterTypeName="executor://xunit/VsTestRunner2/netcoreapp" className="GameBoy.Tests.MmuTests" name="PPU_Registers_WriteAndRead" />
    </UnitTest>
    <UnitTest name="GameBoy.Tests.CartridgeHeaderTests.RamSize_CalculatesCorrectSizeForStandardCodes(code: 2, expectedSize: 8192)" storage="/home/runner/work/blazorboy/blazorboy/src/gameboy.tests/bin/debug/net8.0/gameboy.tests.dll" id="3bd37e17-a357-dd0e-5c35-ff1e954d110b">
      <Execution id="18e82e2d-d83a-4e3e-84ea-a138b0884261" />
      <TestMethod codeBase="/home/runner/work/BlazorBoy/BlazorBoy/src/GameBoy.Tests/bin/Debug/net8.0/GameBoy.Tests.dll" adapterTypeName="executor://xunit/VsTestRunner2/netcoreapp" className="GameBoy.Tests.CartridgeHeaderTests" name="RamSize_CalculatesCorrectSizeForStandardCodes" />
    </UnitTest>
    <UnitTest name="GameBoy.Tests.EmulatorMbcIntegrationTests.Emulator_LoadRom_InvalidRom_ThrowsException" storage="/home/runner/work/blazorboy/blazorboy/src/gameboy.tests/bin/debug/net8.0/gameboy.tests.dll" id="c4d251ab-8bd3-a71a-db5b-5cdbf0f22bc3">
      <Execution id="3c07b253-2fa9-4226-84e8-ab4fa9fdf3e3" />
      <TestMethod codeBase="/home/runner/work/BlazorBoy/BlazorBoy/src/GameBoy.Tests/bin/Debug/net8.0/GameBoy.Tests.dll" adapterTypeName="executor://xunit/VsTestRunner2/netcoreapp" className="GameBoy.Tests.EmulatorMbcIntegrationTests" name="Emulator_LoadRom_InvalidRom_ThrowsException" />
    </UnitTest>
    <UnitTest name="GameBoy.Tests.CartridgeTests.Detect_Mbc3Rom_ReturnsCorrectCartridge" storage="/home/runner/work/blazorboy/blazorboy/src/gameboy.tests/bin/debug/net8.0/gameboy.tests.dll" id="7d3ff08e-32d6-15e7-2b0a-f19eaaa9140e">
      <Execution id="f301f769-655b-4d37-b98a-1f6ebc5c4280" />
      <TestMethod codeBase="/home/runner/work/BlazorBoy/BlazorBoy/src/GameBoy.Tests/bin/Debug/net8.0/GameBoy.Tests.dll" adapterTypeName="executor://xunit/VsTestRunner2/netcoreapp" className="GameBoy.Tests.CartridgeTests" name="Detect_Mbc3Rom_ReturnsCorrectCartridge" />
    </UnitTest>
    <UnitTest name="GameBoy.Tests.CartridgeTests.Detect_Mbc0Rom_ReturnsCorrectCartridge" storage="/home/runner/work/blazorboy/blazorboy/src/gameboy.tests/bin/debug/net8.0/gameboy.tests.dll" id="84ded9fb-ede0-3dc1-80e9-1a25585c6b33">
      <Execution id="9fbdb845-5ddb-45e1-adcc-678601226869" />
      <TestMethod codeBase="/home/runner/work/BlazorBoy/BlazorBoy/src/GameBoy.Tests/bin/Debug/net8.0/GameBoy.Tests.dll" adapterTypeName="executor://xunit/VsTestRunner2/netcoreapp" className="GameBoy.Tests.CartridgeTests" name="Detect_Mbc0Rom_ReturnsCorrectCartridge" />
    </UnitTest>
    <UnitTest name="GameBoy.Tests.EmulatorMbcIntegrationTests.Emulator_BatteryRam_SaveLoad_Mbc5RamBanking" storage="/home/runner/work/blazorboy/blazorboy/src/gameboy.tests/bin/debug/net8.0/gameboy.tests.dll" id="dae4ed5e-68f7-ae13-06ad-634f1ae3e185">
      <Execution id="c988905c-cfb0-430f-802b-977cab8e5775" />
      <TestMethod codeBase="/home/runner/work/BlazorBoy/BlazorBoy/src/GameBoy.Tests/bin/Debug/net8.0/GameBoy.Tests.dll" adapterTypeName="executor://xunit/VsTestRunner2/netcoreapp" className="GameBoy.Tests.EmulatorMbcIntegrationTests" name="Emulator_BatteryRam_SaveLoad_Mbc5RamBanking" />
    </UnitTest>
    <UnitTest name="GameBoy.Tests.CpuAddressingTests.WriteHLD_WritesToHLAddressThenDecrementsHL" storage="/home/runner/work/blazorboy/blazorboy/src/gameboy.tests/bin/debug/net8.0/gameboy.tests.dll" id="2c628e7d-7b5c-b3e1-9694-ce7025fafa07">
      <Execution id="67409a48-1dbc-463f-8c12-43cdb6408c11" />
      <TestMethod codeBase="/home/runner/work/BlazorBoy/BlazorBoy/src/GameBoy.Tests/bin/Debug/net8.0/GameBoy.Tests.dll" adapterTypeName="executor://xunit/VsTestRunner2/netcoreapp" className="GameBoy.Tests.CpuAddressingTests" name="WriteHLD_WritesToHLAddressThenDecrementsHL" />
    </UnitTest>
    <UnitTest name="GameBoy.Tests.CartridgeHeaderTests.RomSize_CalculatesCorrectSizeForStandardCodes(code: 7, expectedSize: 4194304)" storage="/home/runner/work/blazorboy/blazorboy/src/gameboy.tests/bin/debug/net8.0/gameboy.tests.dll" id="b402c6ca-9fa9-2358-e802-fe13886feb8b">
      <Execution id="79e3aef0-968a-4470-b22a-ffc5584425a2" />
      <TestMethod codeBase="/home/runner/work/BlazorBoy/BlazorBoy/src/GameBoy.Tests/bin/Debug/net8.0/GameBoy.Tests.dll" adapterTypeName="executor://xunit/VsTestRunner2/netcoreapp" className="GameBoy.Tests.CartridgeHeaderTests" name="RomSize_CalculatesCorrectSizeForStandardCodes" />
    </UnitTest>
    <UnitTest name="GameBoy.Tests.InstructionDecodingTests.OpcodeTable_CB_Has256Entries" storage="/home/runner/work/blazorboy/blazorboy/src/gameboy.tests/bin/debug/net8.0/gameboy.tests.dll" id="ef04f673-84e3-cd4d-2450-8c83069b10eb">
      <Execution id="7c5ff150-ba54-4b66-8c4a-e91f6edb6385" />
      <TestMethod codeBase="/home/runner/work/BlazorBoy/BlazorBoy/src/GameBoy.Tests/bin/Debug/net8.0/GameBoy.Tests.dll" adapterTypeName="executor://xunit/VsTestRunner2/netcoreapp" className="GameBoy.Tests.InstructionDecodingTests" name="OpcodeTable_CB_Has256Entries" />
    </UnitTest>
    <UnitTest name="GameBoy.Tests.Mbc5Tests.ExternalRam_4BitBankMasking_OnlyLower4BitsUsed" storage="/home/runner/work/blazorboy/blazorboy/src/gameboy.tests/bin/debug/net8.0/gameboy.tests.dll" id="9c76c2d4-6c77-4aca-32f2-bc9af242acb9">
      <Execution id="2d9c49f0-ec16-4cd7-bb8a-bb8b2f6e7627" />
      <TestMethod codeBase="/home/runner/work/BlazorBoy/BlazorBoy/src/GameBoy.Tests/bin/Debug/net8.0/GameBoy.Tests.dll" adapterTypeName="executor://xunit/VsTestRunner2/netcoreapp" className="GameBoy.Tests.Mbc5Tests" name="ExternalRam_4BitBankMasking_OnlyLower4BitsUsed" />
    </UnitTest>
    <UnitTest name="GameBoy.Tests.AddressingHelpersExampleTests.Example_HighRAMAccess" storage="/home/runner/work/blazorboy/blazorboy/src/gameboy.tests/bin/debug/net8.0/gameboy.tests.dll" id="4b1efd1d-1820-03cc-1d36-d771cb4401fa">
      <Execution id="5cd37cb4-7fec-41fa-bda1-d20c2ab21c9e" />
      <TestMethod codeBase="/home/runner/work/BlazorBoy/BlazorBoy/src/GameBoy.Tests/bin/Debug/net8.0/GameBoy.Tests.dll" adapterTypeName="executor://xunit/VsTestRunner2/netcoreapp" className="GameBoy.Tests.AddressingHelpersExampleTests" name="Example_HighRAMAccess" />
    </UnitTest>
    <UnitTest name="GameBoy.Tests.CartridgeHeaderTests.GlobalChecksum_ParsedCorrectly" storage="/home/runner/work/blazorboy/blazorboy/src/gameboy.tests/bin/debug/net8.0/gameboy.tests.dll" id="f8681056-21ff-2663-89c0-a8966f79df64">
      <Execution id="fbc0c2e0-8948-4c27-be8a-d19dd954b7c3" />
      <TestMethod codeBase="/home/runner/work/BlazorBoy/BlazorBoy/src/GameBoy.Tests/bin/Debug/net8.0/GameBoy.Tests.dll" adapterTypeName="executor://xunit/VsTestRunner2/netcoreapp" className="GameBoy.Tests.CartridgeHeaderTests" name="GlobalChecksum_ParsedCorrectly" />
    </UnitTest>
    <UnitTest name="GameBoy.Tests.Mbc3Tests.RtcRegisters_BoundaryValues_HandledCorrectly" storage="/home/runner/work/blazorboy/blazorboy/src/gameboy.tests/bin/debug/net8.0/gameboy.tests.dll" id="e7e04a3e-1ec2-ba48-ac24-a7974f765367">
      <Execution id="99690c11-1b8e-4bd5-83ed-3f1b56fffe79" />
      <TestMethod codeBase="/home/runner/work/BlazorBoy/BlazorBoy/src/GameBoy.Tests/bin/Debug/net8.0/GameBoy.Tests.dll" adapterTypeName="executor://xunit/VsTestRunner2/netcoreapp" className="GameBoy.Tests.Mbc3Tests" name="RtcRegisters_BoundaryValues_HandledCorrectly" />
    </UnitTest>
    <UnitTest name="GameBoy.Tests.AluTests.Add_EdgeCases_BehavesCorrectly(a: 0, operand: 0)" storage="/home/runner/work/blazorboy/blazorboy/src/gameboy.tests/bin/debug/net8.0/gameboy.tests.dll" id="3efe24c8-deb2-789b-440d-2c5eec635271">
      <Execution id="f04c2577-a3ab-4140-bda4-73a07b06ced6" />
      <TestMethod codeBase="/home/runner/work/BlazorBoy/BlazorBoy/src/GameBoy.Tests/bin/Debug/net8.0/GameBoy.Tests.dll" adapterTypeName="executor://xunit/VsTestRunner2/netcoreapp" className="GameBoy.Tests.AluTests" name="Add_EdgeCases_BehavesCorrectly" />
    </UnitTest>
    <UnitTest name="GameBoy.Tests.CartridgeHeaderTests.RomSize_CalculatesCorrectSizeForStandardCodes(code: 3, expectedSize: 262144)" storage="/home/runner/work/blazorboy/blazorboy/src/gameboy.tests/bin/debug/net8.0/gameboy.tests.dll" id="2aec11aa-37a8-9a8f-0f87-0adecc796d0a">
      <Execution id="0c0ac13e-66f2-4d6a-92c0-be9e4bdd0f6a" />
      <TestMethod codeBase="/home/runner/work/BlazorBoy/BlazorBoy/src/GameBoy.Tests/bin/Debug/net8.0/GameBoy.Tests.dll" adapterTypeName="executor://xunit/VsTestRunner2/netcoreapp" className="GameBoy.Tests.CartridgeHeaderTests" name="RomSize_CalculatesCorrectSizeForStandardCodes" />
    </UnitTest>
    <UnitTest name="GameBoy.Tests.CartridgeHeaderTests.Title_HandlesEmptyTitle" storage="/home/runner/work/blazorboy/blazorboy/src/gameboy.tests/bin/debug/net8.0/gameboy.tests.dll" id="eb6b7236-545c-f4c6-b413-b1678db3c1b8">
      <Execution id="9a84efe3-1039-4f95-b1c7-17e517a4f961" />
      <TestMethod codeBase="/home/runner/work/BlazorBoy/BlazorBoy/src/GameBoy.Tests/bin/Debug/net8.0/GameBoy.Tests.dll" adapterTypeName="executor://xunit/VsTestRunner2/netcoreapp" className="GameBoy.Tests.CartridgeHeaderTests" name="Title_HandlesEmptyTitle" />
    </UnitTest>
    <UnitTest name="GameBoy.Tests.CpuAddressingTests.WriteDE_WritesToDEAddress" storage="/home/runner/work/blazorboy/blazorboy/src/gameboy.tests/bin/debug/net8.0/gameboy.tests.dll" id="c487837f-bc02-4b5c-1084-74141b7cd152">
      <Execution id="757c9168-64bc-4975-a6a3-9428f9e58fa7" />
      <TestMethod codeBase="/home/runner/work/BlazorBoy/BlazorBoy/src/GameBoy.Tests/bin/Debug/net8.0/GameBoy.Tests.dll" adapterTypeName="executor://xunit/VsTestRunner2/netcoreapp" className="GameBoy.Tests.CpuAddressingTests" name="WriteDE_WritesToDEAddress" />
    </UnitTest>
    <UnitTest name="GameBoy.Tests.Mbc5Tests.ExternalRam_OutOfBounds_ReturnsFF" storage="/home/runner/work/blazorboy/blazorboy/src/gameboy.tests/bin/debug/net8.0/gameboy.tests.dll" id="761e19f4-3a0f-4f27-9f65-eb8b8251edf9">
      <Execution id="f05bddcb-96cd-44f7-87e6-00110c504543" />
      <TestMethod codeBase="/home/runner/work/BlazorBoy/BlazorBoy/src/GameBoy.Tests/bin/Debug/net8.0/GameBoy.Tests.dll" adapterTypeName="executor://xunit/VsTestRunner2/netcoreapp" className="GameBoy.Tests.Mbc5Tests" name="ExternalRam_OutOfBounds_ReturnsFF" />
    </UnitTest>
    <UnitTest name="GameBoy.Tests.Mbc1Tests.ExternalRam_MaxRamBanks_WorksCorrectly" storage="/home/runner/work/blazorboy/blazorboy/src/gameboy.tests/bin/debug/net8.0/gameboy.tests.dll" id="4e34fb28-c0fe-9ad1-2f5a-0c2c79133b02">
      <Execution id="4426b40d-87be-4741-8417-cd88f56b0120" />
      <TestMethod codeBase="/home/runner/work/BlazorBoy/BlazorBoy/src/GameBoy.Tests/bin/Debug/net8.0/GameBoy.Tests.dll" adapterTypeName="executor://xunit/VsTestRunner2/netcoreapp" className="GameBoy.Tests.Mbc1Tests" name="ExternalRam_MaxRamBanks_WorksCorrectly" />
    </UnitTest>
    <UnitTest name="GameBoy.Tests.CartridgeHeaderTests.RomSize_InvalidCodes_DefaultsTo32KB(code: 9)" storage="/home/runner/work/blazorboy/blazorboy/src/gameboy.tests/bin/debug/net8.0/gameboy.tests.dll" id="16ac6d48-3c29-1113-a2f2-ffb9acaad24b">
      <Execution id="6113f7ec-9f3c-44af-a8ab-77587eee36e2" />
      <TestMethod codeBase="/home/runner/work/BlazorBoy/BlazorBoy/src/GameBoy.Tests/bin/Debug/net8.0/GameBoy.Tests.dll" adapterTypeName="executor://xunit/VsTestRunner2/netcoreapp" className="GameBoy.Tests.CartridgeHeaderTests" name="RomSize_InvalidCodes_DefaultsTo32KB" />
    </UnitTest>
    <UnitTest name="GameBoy.Tests.Mbc3Tests.ReadRom_Bank0_ReadsFromFixedBank" storage="/home/runner/work/blazorboy/blazorboy/src/gameboy.tests/bin/debug/net8.0/gameboy.tests.dll" id="d52bd06f-905d-5b25-a3dc-e931e3543ff5">
      <Execution id="9c791428-7539-4a3e-b77a-3f1f456af484" />
      <TestMethod codeBase="/home/runner/work/BlazorBoy/BlazorBoy/src/GameBoy.Tests/bin/Debug/net8.0/GameBoy.Tests.dll" adapterTypeName="executor://xunit/VsTestRunner2/netcoreapp" className="GameBoy.Tests.Mbc3Tests" name="ReadRom_Bank0_ReadsFromFixedBank" />
    </UnitTest>
    <UnitTest name="GameBoy.Tests.Mbc5Tests.WriteRom_9BitBanking_FullRangeTest" storage="/home/runner/work/blazorboy/blazorboy/src/gameboy.tests/bin/debug/net8.0/gameboy.tests.dll" id="046f238c-cb98-b705-1764-1dc8284e8326">
      <Execution id="aab6a39e-c27b-4c04-b706-867f8a0b888d" />
      <TestMethod codeBase="/home/runner/work/BlazorBoy/BlazorBoy/src/GameBoy.Tests/bin/Debug/net8.0/GameBoy.Tests.dll" adapterTypeName="executor://xunit/VsTestRunner2/netcoreapp" className="GameBoy.Tests.Mbc5Tests" name="WriteRom_9BitBanking_FullRangeTest" />
    </UnitTest>
    <UnitTest name="GameBoy.Tests.CartridgeMmuIntegrationTests.Mmu_Reset_PreservesCartridge" storage="/home/runner/work/blazorboy/blazorboy/src/gameboy.tests/bin/debug/net8.0/gameboy.tests.dll" id="57bc568e-7665-04e8-5fdd-510df1b63c38">
      <Execution id="666ee8d4-76fa-412c-a53e-279d45c79163" />
      <TestMethod codeBase="/home/runner/work/BlazorBoy/BlazorBoy/src/GameBoy.Tests/bin/Debug/net8.0/GameBoy.Tests.dll" adapterTypeName="executor://xunit/VsTestRunner2/netcoreapp" className="GameBoy.Tests.CartridgeMmuIntegrationTests" name="Mmu_Reset_PreservesCartridge" />
    </UnitTest>
    <UnitTest name="GameBoy.Tests.CpuAddressingTests.SetR16_SetsCorrectRegisterPairValues" storage="/home/runner/work/blazorboy/blazorboy/src/gameboy.tests/bin/debug/net8.0/gameboy.tests.dll" id="1b9d65b8-139a-a2f4-8cd6-e1438d583a82">
      <Execution id="df953f51-b3cd-4d6c-86df-d2cdc470702a" />
      <TestMethod codeBase="/home/runner/work/BlazorBoy/BlazorBoy/src/GameBoy.Tests/bin/Debug/net8.0/GameBoy.Tests.dll" adapterTypeName="executor://xunit/VsTestRunner2/netcoreapp" className="GameBoy.Tests.CpuAddressingTests" name="SetR16_SetsCorrectRegisterPairValues" />
    </UnitTest>
    <UnitTest name="GameBoy.Tests.MmuTests.JOYP_ReadsDefaultValue" storage="/home/runner/work/blazorboy/blazorboy/src/gameboy.tests/bin/debug/net8.0/gameboy.tests.dll" id="8bfece45-cbf5-9388-84d8-62236ca62ffd">
      <Execution id="babe8122-1bf1-48ee-b75d-702ae2617ca7" />
      <TestMethod codeBase="/home/runner/work/BlazorBoy/BlazorBoy/src/GameBoy.Tests/bin/Debug/net8.0/GameBoy.Tests.dll" adapterTypeName="executor://xunit/VsTestRunner2/netcoreapp" className="GameBoy.Tests.MmuTests" name="JOYP_ReadsDefaultValue" />
    </UnitTest>
    <UnitTest name="GameBoy.Tests.AluTests.Add_ZeroResult_SetsZeroFlag" storage="/home/runner/work/blazorboy/blazorboy/src/gameboy.tests/bin/debug/net8.0/gameboy.tests.dll" id="c2ce2b0d-d6eb-905f-0cc0-9ac98a3b9437">
      <Execution id="36d4b97d-1520-42ee-854b-b10bfea96f95" />
      <TestMethod codeBase="/home/runner/work/BlazorBoy/BlazorBoy/src/GameBoy.Tests/bin/Debug/net8.0/GameBoy.Tests.dll" adapterTypeName="executor://xunit/VsTestRunner2/netcoreapp" className="GameBoy.Tests.AluTests" name="Add_ZeroResult_SetsZeroFlag" />
    </UnitTest>
    <UnitTest name="GameBoy.Tests.CartridgeHeaderTests.IsValidHeader_InvalidDestinationCodes_ReturnsFalse(destinationCode: 255)" storage="/home/runner/work/blazorboy/blazorboy/src/gameboy.tests/bin/debug/net8.0/gameboy.tests.dll" id="bcb080de-7b48-8b9a-c3cc-d1356e3215db">
      <Execution id="f0e8df3b-a731-4b2c-acbb-1b2c86002282" />
      <TestMethod codeBase="/home/runner/work/BlazorBoy/BlazorBoy/src/GameBoy.Tests/bin/Debug/net8.0/GameBoy.Tests.dll" adapterTypeName="executor://xunit/VsTestRunner2/netcoreapp" className="GameBoy.Tests.CartridgeHeaderTests" name="IsValidHeader_InvalidDestinationCodes_ReturnsFalse" />
    </UnitTest>
    <UnitTest name="GameBoy.Tests.MmuTests.TimerRegisters_ReadDefaultValues" storage="/home/runner/work/blazorboy/blazorboy/src/gameboy.tests/bin/debug/net8.0/gameboy.tests.dll" id="7ab97aaf-c2f9-6a53-5c4f-3d5be7afbb5f">
      <Execution id="73297f72-c391-45b8-b33a-ee03c7e7eb55" />
      <TestMethod codeBase="/home/runner/work/BlazorBoy/BlazorBoy/src/GameBoy.Tests/bin/Debug/net8.0/GameBoy.Tests.dll" adapterTypeName="executor://xunit/VsTestRunner2/netcoreapp" className="GameBoy.Tests.MmuTests" name="TimerRegisters_ReadDefaultValues" />
    </UnitTest>
    <UnitTest name="GameBoy.Tests.CartridgeTests.Detect_AllMbc3Variants_ReturnsCorrectCartridge(cartridgeType: 16)" storage="/home/runner/work/blazorboy/blazorboy/src/gameboy.tests/bin/debug/net8.0/gameboy.tests.dll" id="4db70ec8-8593-e07c-5b11-0ae3c0462841">
      <Execution id="14a123db-2c8c-4616-843e-a96531688ac3" />
      <TestMethod codeBase="/home/runner/work/BlazorBoy/BlazorBoy/src/GameBoy.Tests/bin/Debug/net8.0/GameBoy.Tests.dll" adapterTypeName="executor://xunit/VsTestRunner2/netcoreapp" className="GameBoy.Tests.CartridgeTests" name="Detect_AllMbc3Variants_ReturnsCorrectCartridge" />
    </UnitTest>
    <UnitTest name="GameBoy.Tests.Mbc5Tests.ReadRom_BankX_ReadsFromSwitchableBank" storage="/home/runner/work/blazorboy/blazorboy/src/gameboy.tests/bin/debug/net8.0/gameboy.tests.dll" id="ce4c3f67-03df-f1e7-4c97-b130cbc4cb00">
      <Execution id="56c12066-aae2-4669-9d41-1b6d71b4e1e4" />
      <TestMethod codeBase="/home/runner/work/BlazorBoy/BlazorBoy/src/GameBoy.Tests/bin/Debug/net8.0/GameBoy.Tests.dll" adapterTypeName="executor://xunit/VsTestRunner2/netcoreapp" className="GameBoy.Tests.Mbc5Tests" name="ReadRom_BankX_ReadsFromSwitchableBank" />
    </UnitTest>
    <UnitTest name="GameBoy.Tests.CartridgeTests.Detect_AllMbc3Variants_ReturnsCorrectCartridge(cartridgeType: 17)" storage="/home/runner/work/blazorboy/blazorboy/src/gameboy.tests/bin/debug/net8.0/gameboy.tests.dll" id="978040fa-4f8b-36da-ab29-4799df628420">
      <Execution id="90ea8f9f-3826-4cc0-8872-27e7d52fd1c3" />
      <TestMethod codeBase="/home/runner/work/BlazorBoy/BlazorBoy/src/GameBoy.Tests/bin/Debug/net8.0/GameBoy.Tests.dll" adapterTypeName="executor://xunit/VsTestRunner2/netcoreapp" className="GameBoy.Tests.CartridgeTests" name="Detect_AllMbc3Variants_ReturnsCorrectCartridge" />
    </UnitTest>
    <UnitTest name="GameBoy.Tests.EmulatorMbcIntegrationTests.Emulator_LoadRom_Mbc0_NoBatteryRam" storage="/home/runner/work/blazorboy/blazorboy/src/gameboy.tests/bin/debug/net8.0/gameboy.tests.dll" id="41739f19-bfd4-11d4-c1e5-c65c24bff9df">
      <Execution id="de040586-d1e6-49df-8d9c-f12c06cd63f4" />
      <TestMethod codeBase="/home/runner/work/BlazorBoy/BlazorBoy/src/GameBoy.Tests/bin/Debug/net8.0/GameBoy.Tests.dll" adapterTypeName="executor://xunit/VsTestRunner2/netcoreapp" className="GameBoy.Tests.EmulatorMbcIntegrationTests" name="Emulator_LoadRom_Mbc0_NoBatteryRam" />
    </UnitTest>
    <UnitTest name="GameBoy.Tests.CartridgeHeaderTests.IsValidHeader_InvalidDestinationCode_ReturnsFalse" storage="/home/runner/work/blazorboy/blazorboy/src/gameboy.tests/bin/debug/net8.0/gameboy.tests.dll" id="c16dde80-73df-e503-e4c5-5ac4986a1dbe">
      <Execution id="418c5ae8-549c-4c3c-b1d7-63f2dd50e8e7" />
      <TestMethod codeBase="/home/runner/work/BlazorBoy/BlazorBoy/src/GameBoy.Tests/bin/Debug/net8.0/GameBoy.Tests.dll" adapterTypeName="executor://xunit/VsTestRunner2/netcoreapp" className="GameBoy.Tests.CartridgeHeaderTests" name="IsValidHeader_InvalidDestinationCode_ReturnsFalse" />
    </UnitTest>
    <UnitTest name="GameBoy.Tests.AluTests.Or_ZeroResult_SetsZeroFlag" storage="/home/runner/work/blazorboy/blazorboy/src/gameboy.tests/bin/debug/net8.0/gameboy.tests.dll" id="c0db7c81-a881-e4f5-0ea7-cff88ddfe178">
      <Execution id="4d7b2bde-b3f4-4b7f-af0e-eef3605d4728" />
      <TestMethod codeBase="/home/runner/work/BlazorBoy/BlazorBoy/src/GameBoy.Tests/bin/Debug/net8.0/GameBoy.Tests.dll" adapterTypeName="executor://xunit/VsTestRunner2/netcoreapp" className="GameBoy.Tests.AluTests" name="Or_ZeroResult_SetsZeroFlag" />
    </UnitTest>
    <UnitTest name="GameBoy.Tests.AluTests.Compare_ASmaller_SetsCarryFlag" storage="/home/runner/work/blazorboy/blazorboy/src/gameboy.tests/bin/debug/net8.0/gameboy.tests.dll" id="98ee9077-e403-a9b5-6b6c-2cf1d38f61f3">
      <Execution id="eccd9a7e-8285-4d83-bad5-d15d6f9ef2f4" />
      <TestMethod codeBase="/home/runner/work/BlazorBoy/BlazorBoy/src/GameBoy.Tests/bin/Debug/net8.0/GameBoy.Tests.dll" adapterTypeName="executor://xunit/VsTestRunner2/netcoreapp" className="GameBoy.Tests.AluTests" name="Compare_ASmaller_SetsCarryFlag" />
    </UnitTest>
    <UnitTest name="GameBoy.Tests.AluTests.AddWithCarry_CarryInCausesOverflow" storage="/home/runner/work/blazorboy/blazorboy/src/gameboy.tests/bin/debug/net8.0/gameboy.tests.dll" id="50a9db97-c4ae-2cab-3c13-bfa335de1e80">
      <Execution id="5118a2ca-99b7-4193-bc8d-8c695f5c3b02" />
      <TestMethod codeBase="/home/runner/work/BlazorBoy/BlazorBoy/src/GameBoy.Tests/bin/Debug/net8.0/GameBoy.Tests.dll" adapterTypeName="executor://xunit/VsTestRunner2/netcoreapp" className="GameBoy.Tests.AluTests" name="AddWithCarry_CarryInCausesOverflow" />
    </UnitTest>
    <UnitTest name="GameBoy.Tests.CartridgeTests.Detect_AllMbc1Variants_ReturnsCorrectCartridge(cartridgeType: 2)" storage="/home/runner/work/blazorboy/blazorboy/src/gameboy.tests/bin/debug/net8.0/gameboy.tests.dll" id="6f2ac7de-8e4f-7e79-2f26-32c891a5f0db">
      <Execution id="18c41099-9c90-4d00-b51d-69c9a7440b14" />
      <TestMethod codeBase="/home/runner/work/BlazorBoy/BlazorBoy/src/GameBoy.Tests/bin/Debug/net8.0/GameBoy.Tests.dll" adapterTypeName="executor://xunit/VsTestRunner2/netcoreapp" className="GameBoy.Tests.CartridgeTests" name="Detect_AllMbc1Variants_ReturnsCorrectCartridge" />
    </UnitTest>
    <UnitTest name="GameBoy.Tests.CartridgeHeaderTests.IsValidHeader_InvalidRomSizeCodes_ReturnsFalse(romSizeCode: 81)" storage="/home/runner/work/blazorboy/blazorboy/src/gameboy.tests/bin/debug/net8.0/gameboy.tests.dll" id="ef6c030d-e675-ebed-ffa8-ce7bf5feed31">
      <Execution id="50947b37-af53-42de-bd05-4214b32df9f6" />
      <TestMethod codeBase="/home/runner/work/BlazorBoy/BlazorBoy/src/GameBoy.Tests/bin/Debug/net8.0/GameBoy.Tests.dll" adapterTypeName="executor://xunit/VsTestRunner2/netcoreapp" className="GameBoy.Tests.CartridgeHeaderTests" name="IsValidHeader_InvalidRomSizeCodes_ReturnsFalse" />
    </UnitTest>
    <UnitTest name="GameBoy.Tests.AluTests.And_BasicOperation_CorrectResult" storage="/home/runner/work/blazorboy/blazorboy/src/gameboy.tests/bin/debug/net8.0/gameboy.tests.dll" id="d9602e59-b78b-59fb-0ce2-40e1df8134c9">
      <Execution id="089368ee-1e45-4dc5-bfd4-290196bfb672" />
      <TestMethod codeBase="/home/runner/work/BlazorBoy/BlazorBoy/src/GameBoy.Tests/bin/Debug/net8.0/GameBoy.Tests.dll" adapterTypeName="executor://xunit/VsTestRunner2/netcoreapp" className="GameBoy.Tests.AluTests" name="And_BasicOperation_CorrectResult" />
    </UnitTest>
    <UnitTest name="GameBoy.Tests.AluTests.Add_EdgeCases_BehavesCorrectly(a: 128, operand: 128)" storage="/home/runner/work/blazorboy/blazorboy/src/gameboy.tests/bin/debug/net8.0/gameboy.tests.dll" id="51d07686-24c4-ee02-9f12-c31d909b6dbb">
      <Execution id="44245ead-f91e-4a3d-9fd9-27913205ec61" />
      <TestMethod codeBase="/home/runner/work/BlazorBoy/BlazorBoy/src/GameBoy.Tests/bin/Debug/net8.0/GameBoy.Tests.dll" adapterTypeName="executor://xunit/VsTestRunner2/netcoreapp" className="GameBoy.Tests.AluTests" name="Add_EdgeCases_BehavesCorrectly" />
    </UnitTest>
    <UnitTest name="GameBoy.Tests.OpcodeTableCoverageTests.Opcode_Table_Should_Support_All_Game_Boy_Instruction_Categories" storage="/home/runner/work/blazorboy/blazorboy/src/gameboy.tests/bin/debug/net8.0/gameboy.tests.dll" id="d2de1748-4cda-1283-f839-41f72f6fcc0b">
      <Execution id="0d0a109e-93d6-45a5-b13e-1bfdf2763ec7" />
      <TestMethod codeBase="/home/runner/work/BlazorBoy/BlazorBoy/src/GameBoy.Tests/bin/Debug/net8.0/GameBoy.Tests.dll" adapterTypeName="executor://xunit/VsTestRunner2/netcoreapp" className="GameBoy.Tests.OpcodeTableCoverageTests" name="Opcode_Table_Should_Support_All_Game_Boy_Instruction_Categories" />
    </UnitTest>
    <UnitTest name="GameBoy.Tests.InstructionDecodingTests.Instruction_OperandTypes_AreCorrectlyDeduced" storage="/home/runner/work/blazorboy/blazorboy/src/gameboy.tests/bin/debug/net8.0/gameboy.tests.dll" id="e8e929bb-1529-0802-d2a3-a25e16295f97">
      <Execution id="4f0e8581-9054-4029-968e-ef9319b2ccc5" />
      <TestMethod codeBase="/home/runner/work/BlazorBoy/BlazorBoy/src/GameBoy.Tests/bin/Debug/net8.0/GameBoy.Tests.dll" adapterTypeName="executor://xunit/VsTestRunner2/netcoreapp" className="GameBoy.Tests.InstructionDecodingTests" name="Instruction_OperandTypes_AreCorrectlyDeduced" />
    </UnitTest>
    <UnitTest name="GameBoy.Tests.CpuTests.Ld_r_d8_LoadsImmediateByte" storage="/home/runner/work/blazorboy/blazorboy/src/gameboy.tests/bin/debug/net8.0/gameboy.tests.dll" id="11c3bd15-157d-e471-8c85-9eb9f45d7cdf">
      <Execution id="64632eb6-a191-4206-8bb3-b416a45ef942" />
      <TestMethod codeBase="/home/runner/work/BlazorBoy/BlazorBoy/src/GameBoy.Tests/bin/Debug/net8.0/GameBoy.Tests.dll" adapterTypeName="executor://xunit/VsTestRunner2/netcoreapp" className="GameBoy.Tests.CpuTests" name="Ld_r_d8_LoadsImmediateByte" />
    </UnitTest>
    <UnitTest name="GameBoy.Tests.AluTests.Compare_ALarger_NoFlags" storage="/home/runner/work/blazorboy/blazorboy/src/gameboy.tests/bin/debug/net8.0/gameboy.tests.dll" id="3a29f211-7674-9650-3e55-43bb4ee5e34c">
      <Execution id="35937262-e8f2-4aea-a82a-6ebeb2478c9d" />
      <TestMethod codeBase="/home/runner/work/BlazorBoy/BlazorBoy/src/GameBoy.Tests/bin/Debug/net8.0/GameBoy.Tests.dll" adapterTypeName="executor://xunit/VsTestRunner2/netcoreapp" className="GameBoy.Tests.AluTests" name="Compare_ALarger_NoFlags" />
    </UnitTest>
    <UnitTest name="GameBoy.Tests.CartridgeTests.Detect_AllMbc3Variants_ReturnsCorrectCartridge(cartridgeType: 18)" storage="/home/runner/work/blazorboy/blazorboy/src/gameboy.tests/bin/debug/net8.0/gameboy.tests.dll" id="2411ca0c-8c7b-b2d3-9dda-1876da4ce09e">
      <Execution id="f44229fc-d319-4cc3-98de-d676179c683e" />
      <TestMethod codeBase="/home/runner/work/BlazorBoy/BlazorBoy/src/GameBoy.Tests/bin/Debug/net8.0/GameBoy.Tests.dll" adapterTypeName="executor://xunit/VsTestRunner2/netcoreapp" className="GameBoy.Tests.CartridgeTests" name="Detect_AllMbc3Variants_ReturnsCorrectCartridge" />
    </UnitTest>
    <UnitTest name="GameBoy.Tests.IoRegionWiringTests.IoRegion_AllReads_CallReadIoRegister" storage="/home/runner/work/blazorboy/blazorboy/src/gameboy.tests/bin/debug/net8.0/gameboy.tests.dll" id="35a43724-bb7a-aa6d-ce4d-11f4892a4d02">
      <Execution id="f8de30e7-e429-4f28-b332-8ab97df845b2" />
      <TestMethod codeBase="/home/runner/work/BlazorBoy/BlazorBoy/src/GameBoy.Tests/bin/Debug/net8.0/GameBoy.Tests.dll" adapterTypeName="executor://xunit/VsTestRunner2/netcoreapp" className="GameBoy.Tests.IoRegionWiringTests" name="IoRegion_AllReads_CallReadIoRegister" />
    </UnitTest>
    <UnitTest name="GameBoy.Tests.Mbc1Tests.WriteRom_Bank0Selection_MapsToBank1" storage="/home/runner/work/blazorboy/blazorboy/src/gameboy.tests/bin/debug/net8.0/gameboy.tests.dll" id="a7bf5563-2cb2-c215-2dac-5d52641bf01d">
      <Execution id="0340701e-2de6-4de4-9d4d-290b9a7a4159" />
      <TestMethod codeBase="/home/runner/work/BlazorBoy/BlazorBoy/src/GameBoy.Tests/bin/Debug/net8.0/GameBoy.Tests.dll" adapterTypeName="executor://xunit/VsTestRunner2/netcoreapp" className="GameBoy.Tests.Mbc1Tests" name="WriteRom_Bank0Selection_MapsToBank1" />
    </UnitTest>
    <UnitTest name="GameBoy.Tests.CartridgeMmuIntegrationTests.Mmu_ReadByte_RoutesToCartridgeRom" storage="/home/runner/work/blazorboy/blazorboy/src/gameboy.tests/bin/debug/net8.0/gameboy.tests.dll" id="2c025142-773c-e8f8-e1d2-3622f380673e">
      <Execution id="84593da2-dfd4-43ff-b0b7-c5663d8eb310" />
      <TestMethod codeBase="/home/runner/work/BlazorBoy/BlazorBoy/src/GameBoy.Tests/bin/Debug/net8.0/GameBoy.Tests.dll" adapterTypeName="executor://xunit/VsTestRunner2/netcoreapp" className="GameBoy.Tests.CartridgeMmuIntegrationTests" name="Mmu_ReadByte_RoutesToCartridgeRom" />
    </UnitTest>
    <UnitTest name="GameBoy.Tests.CartridgeTests.Detect_AllMbc1Variants_ReturnsCorrectCartridge(cartridgeType: 1)" storage="/home/runner/work/blazorboy/blazorboy/src/gameboy.tests/bin/debug/net8.0/gameboy.tests.dll" id="549f0cfe-5be8-1f18-0e68-76f3843fd943">
      <Execution id="fb7f2e73-a4c9-4ba7-b53f-4d6a16ef989c" />
      <TestMethod codeBase="/home/runner/work/BlazorBoy/BlazorBoy/src/GameBoy.Tests/bin/Debug/net8.0/GameBoy.Tests.dll" adapterTypeName="executor://xunit/VsTestRunner2/netcoreapp" className="GameBoy.Tests.CartridgeTests" name="Detect_AllMbc1Variants_ReturnsCorrectCartridge" />
    </UnitTest>
    <UnitTest name="GameBoy.Tests.CartridgeTests.Detect_AllMbc3Variants_ReturnsCorrectCartridge(cartridgeType: 15)" storage="/home/runner/work/blazorboy/blazorboy/src/gameboy.tests/bin/debug/net8.0/gameboy.tests.dll" id="fb14dbd9-3f14-990f-c390-f23538e326aa">
      <Execution id="5b5212c6-06e4-43d6-bb42-8e29a4ff74dd" />
      <TestMethod codeBase="/home/runner/work/BlazorBoy/BlazorBoy/src/GameBoy.Tests/bin/Debug/net8.0/GameBoy.Tests.dll" adapterTypeName="executor://xunit/VsTestRunner2/netcoreapp" className="GameBoy.Tests.CartridgeTests" name="Detect_AllMbc3Variants_ReturnsCorrectCartridge" />
    </UnitTest>
    <UnitTest name="GameBoy.Tests.CartridgeHeaderTests.RamSize_CalculatesCorrectSizeForStandardCodes(code: 1, expectedSize: 2048)" storage="/home/runner/work/blazorboy/blazorboy/src/gameboy.tests/bin/debug/net8.0/gameboy.tests.dll" id="0418c0ca-be89-efe9-cf33-636433afc0f8">
      <Execution id="2d7232ff-1271-477d-a39c-4bd2bfb4df0a" />
      <TestMethod codeBase="/home/runner/work/BlazorBoy/BlazorBoy/src/GameBoy.Tests/bin/Debug/net8.0/GameBoy.Tests.dll" adapterTypeName="executor://xunit/VsTestRunner2/netcoreapp" className="GameBoy.Tests.CartridgeHeaderTests" name="RamSize_CalculatesCorrectSizeForStandardCodes" />
    </UnitTest>
    <UnitTest name="GameBoy.Tests.Mbc3Tests.WriteRom_Bank0Selection_MapsToBank1" storage="/home/runner/work/blazorboy/blazorboy/src/gameboy.tests/bin/debug/net8.0/gameboy.tests.dll" id="841327a6-4cac-5638-2ce1-ecbc848d0713">
      <Execution id="00693504-d2ad-45ce-8b7d-cd05844f9ae8" />
      <TestMethod codeBase="/home/runner/work/BlazorBoy/BlazorBoy/src/GameBoy.Tests/bin/Debug/net8.0/GameBoy.Tests.dll" adapterTypeName="executor://xunit/VsTestRunner2/netcoreapp" className="GameBoy.Tests.Mbc3Tests" name="WriteRom_Bank0Selection_MapsToBank1" />
    </UnitTest>
    <UnitTest name="GameBoy.Tests.IoRegionWiringTests.UnusedIoRegisters_IgnoreWrites" storage="/home/runner/work/blazorboy/blazorboy/src/gameboy.tests/bin/debug/net8.0/gameboy.tests.dll" id="4fce3a6f-33cf-35ce-a94c-5813500576ce">
      <Execution id="e7537cb2-801e-43a3-ba7f-b9f51a0218b6" />
      <TestMethod codeBase="/home/runner/work/BlazorBoy/BlazorBoy/src/GameBoy.Tests/bin/Debug/net8.0/GameBoy.Tests.dll" adapterTypeName="executor://xunit/VsTestRunner2/netcoreapp" className="GameBoy.Tests.IoRegionWiringTests" name="UnusedIoRegisters_IgnoreWrites" />
    </UnitTest>
    <UnitTest name="GameBoy.Tests.EmulatorMbcIntegrationTests.Emulator_BatteryRam_SaveLoad_Mbc3WithRtc" storage="/home/runner/work/blazorboy/blazorboy/src/gameboy.tests/bin/debug/net8.0/gameboy.tests.dll" id="6453f326-eec3-69c8-c371-8a4d45690011">
      <Execution id="c0dfd2a0-6d96-4c60-b636-83cbf06d636f" />
      <TestMethod codeBase="/home/runner/work/BlazorBoy/BlazorBoy/src/GameBoy.Tests/bin/Debug/net8.0/GameBoy.Tests.dll" adapterTypeName="executor://xunit/VsTestRunner2/netcoreapp" className="GameBoy.Tests.EmulatorMbcIntegrationTests" name="Emulator_BatteryRam_SaveLoad_Mbc3WithRtc" />
    </UnitTest>
    <UnitTest name="GameBoy.Tests.CpuAddressingTests.WriteHLI_WritesToHLAddressThenIncrementsHL" storage="/home/runner/work/blazorboy/blazorboy/src/gameboy.tests/bin/debug/net8.0/gameboy.tests.dll" id="693b087f-6635-45fa-1763-ca3dcb3bc156">
      <Execution id="0c32c444-4ced-4018-b22c-f250ec722e0c" />
      <TestMethod codeBase="/home/runner/work/BlazorBoy/BlazorBoy/src/GameBoy.Tests/bin/Debug/net8.0/GameBoy.Tests.dll" adapterTypeName="executor://xunit/VsTestRunner2/netcoreapp" className="GameBoy.Tests.CpuAddressingTests" name="WriteHLI_WritesToHLAddressThenIncrementsHL" />
    </UnitTest>
    <UnitTest name="GameBoy.Tests.AluTests.Add_Overflow_SetsCarryFlag" storage="/home/runner/work/blazorboy/blazorboy/src/gameboy.tests/bin/debug/net8.0/gameboy.tests.dll" id="c23f992b-b22d-866c-b429-ddd8381c37c6">
      <Execution id="019cd4d8-187d-40d1-9767-9df66f6e9174" />
      <TestMethod codeBase="/home/runner/work/BlazorBoy/BlazorBoy/src/GameBoy.Tests/bin/Debug/net8.0/GameBoy.Tests.dll" adapterTypeName="executor://xunit/VsTestRunner2/netcoreapp" className="GameBoy.Tests.AluTests" name="Add_Overflow_SetsCarryFlag" />
    </UnitTest>
    <UnitTest name="GameBoy.Tests.AluTests.AddWithCarry_NoCarryIn_SameAsAdd" storage="/home/runner/work/blazorboy/blazorboy/src/gameboy.tests/bin/debug/net8.0/gameboy.tests.dll" id="df1a0b85-3fcf-73cc-b0eb-77a8095511aa">
      <Execution id="e721eeb6-49c9-4a46-b229-f3aaf3b831df" />
      <TestMethod codeBase="/home/runner/work/BlazorBoy/BlazorBoy/src/GameBoy.Tests/bin/Debug/net8.0/GameBoy.Tests.dll" adapterTypeName="executor://xunit/VsTestRunner2/netcoreapp" className="GameBoy.Tests.AluTests" name="AddWithCarry_NoCarryIn_SameAsAdd" />
    </UnitTest>
    <UnitTest name="GameBoy.Tests.EmulatorMbcIntegrationTests.Emulator_LoadRom_Mbc3WithBattery_HasBatteryRam" storage="/home/runner/work/blazorboy/blazorboy/src/gameboy.tests/bin/debug/net8.0/gameboy.tests.dll" id="41624f13-3643-f362-2897-db328849f012">
      <Execution id="be759e96-b7bb-4060-a77e-315be11965ea" />
      <TestMethod codeBase="/home/runner/work/BlazorBoy/BlazorBoy/src/GameBoy.Tests/bin/Debug/net8.0/GameBoy.Tests.dll" adapterTypeName="executor://xunit/VsTestRunner2/netcoreapp" className="GameBoy.Tests.EmulatorMbcIntegrationTests" name="Emulator_LoadRom_Mbc3WithBattery_HasBatteryRam" />
    </UnitTest>
    <UnitTest name="GameBoy.Tests.Mbc5Tests.WriteRom_RamEnable_EnablesRamAccess" storage="/home/runner/work/blazorboy/blazorboy/src/gameboy.tests/bin/debug/net8.0/gameboy.tests.dll" id="fc41b0d3-293c-7ed1-03db-0b90bf1e8d94">
      <Execution id="9971a1f3-806f-495f-a3f1-773daacc1fa3" />
      <TestMethod codeBase="/home/runner/work/BlazorBoy/BlazorBoy/src/GameBoy.Tests/bin/Debug/net8.0/GameBoy.Tests.dll" adapterTypeName="executor://xunit/VsTestRunner2/netcoreapp" className="GameBoy.Tests.Mbc5Tests" name="WriteRom_RamEnable_EnablesRamAccess" />
    </UnitTest>
    <UnitTest name="GameBoy.Tests.IoRegionWiringTests.UnusedIoRegisters_ReturnOxFFOnRead" storage="/home/runner/work/blazorboy/blazorboy/src/gameboy.tests/bin/debug/net8.0/gameboy.tests.dll" id="ee26ecca-a807-3cac-eb05-97de07cb7248">
      <Execution id="d6db5121-0a34-493a-8fb3-e3556d240cab" />
      <TestMethod codeBase="/home/runner/work/BlazorBoy/BlazorBoy/src/GameBoy.Tests/bin/Debug/net8.0/GameBoy.Tests.dll" adapterTypeName="executor://xunit/VsTestRunner2/netcoreapp" className="GameBoy.Tests.IoRegionWiringTests" name="UnusedIoRegisters_ReturnOxFFOnRead" />
    </UnitTest>
    <UnitTest name="GameBoy.Tests.CartridgeHeaderTests.IsValidHeader_InvalidRomSize_ReturnsFalse" storage="/home/runner/work/blazorboy/blazorboy/src/gameboy.tests/bin/debug/net8.0/gameboy.tests.dll" id="fa39466d-d3ef-961a-befb-035a0c704616">
      <Execution id="c98c7966-b34a-4f8d-af82-9dafc9fb4fbe" />
      <TestMethod codeBase="/home/runner/work/BlazorBoy/BlazorBoy/src/GameBoy.Tests/bin/Debug/net8.0/GameBoy.Tests.dll" adapterTypeName="executor://xunit/VsTestRunner2/netcoreapp" className="GameBoy.Tests.CartridgeHeaderTests" name="IsValidHeader_InvalidRomSize_ReturnsFalse" />
    </UnitTest>
    <UnitTest name="GameBoy.Tests.TestResetBehavior.Reset_RestoresAllIORegisterDefaults" storage="/home/runner/work/blazorboy/blazorboy/src/gameboy.tests/bin/debug/net8.0/gameboy.tests.dll" id="0ef137cf-3441-6ca1-8a80-9137dfd5bd2c">
      <Execution id="058e411d-c815-43e2-a4ff-5d8cf0730d18" />
      <TestMethod codeBase="/home/runner/work/BlazorBoy/BlazorBoy/src/GameBoy.Tests/bin/Debug/net8.0/GameBoy.Tests.dll" adapterTypeName="executor://xunit/VsTestRunner2/netcoreapp" className="GameBoy.Tests.TestResetBehavior" name="Reset_RestoresAllIORegisterDefaults" />
    </UnitTest>
    <UnitTest name="GameBoy.Tests.InstructionDecodingTests.CPU_Step_HandlesCBPrefixedOpcodes" storage="/home/runner/work/blazorboy/blazorboy/src/gameboy.tests/bin/debug/net8.0/gameboy.tests.dll" id="0601d065-bb56-7b28-9b46-f6b4ea60b390">
      <Execution id="2662bb5b-4eb7-4875-8f7e-b35d4797ed66" />
      <TestMethod codeBase="/home/runner/work/BlazorBoy/BlazorBoy/src/GameBoy.Tests/bin/Debug/net8.0/GameBoy.Tests.dll" adapterTypeName="executor://xunit/VsTestRunner2/netcoreapp" className="GameBoy.Tests.InstructionDecodingTests" name="CPU_Step_HandlesCBPrefixedOpcodes" />
    </UnitTest>
    <UnitTest name="GameBoy.Tests.CartridgeMmuIntegrationTests.Mmu_ExternalRam_RoutesToCartridge" storage="/home/runner/work/blazorboy/blazorboy/src/gameboy.tests/bin/debug/net8.0/gameboy.tests.dll" id="03998699-8804-fa46-2cf1-6fce64dedde7">
      <Execution id="c10a1883-892b-4ae6-8d12-c7f88bbaf75a" />
      <TestMethod codeBase="/home/runner/work/BlazorBoy/BlazorBoy/src/GameBoy.Tests/bin/Debug/net8.0/GameBoy.Tests.dll" adapterTypeName="executor://xunit/VsTestRunner2/netcoreapp" className="GameBoy.Tests.CartridgeMmuIntegrationTests" name="Mmu_ExternalRam_RoutesToCartridge" />
    </UnitTest>
    <UnitTest name="GameBoy.Tests.InstructionDecodingTests.SpecificInstructions_HaveCorrectMetadata(opcode: 0, expectedMnemonic: &quot;NOP&quot;, expectedLength: 1, expectedCycles: 4, expectedOperandType: None)" storage="/home/runner/work/blazorboy/blazorboy/src/gameboy.tests/bin/debug/net8.0/gameboy.tests.dll" id="62a8df81-eb0e-4ba0-2cc2-7f26d95f0c42">
      <Execution id="e3908ae1-06bd-40a3-ac89-bbf8f2023e82" />
      <TestMethod codeBase="/home/runner/work/BlazorBoy/BlazorBoy/src/GameBoy.Tests/bin/Debug/net8.0/GameBoy.Tests.dll" adapterTypeName="executor://xunit/VsTestRunner2/netcoreapp" className="GameBoy.Tests.InstructionDecodingTests" name="SpecificInstructions_HaveCorrectMetadata" />
    </UnitTest>
    <UnitTest name="GameBoy.Tests.MmuTests.LY_WriteIsIgnored" storage="/home/runner/work/blazorboy/blazorboy/src/gameboy.tests/bin/debug/net8.0/gameboy.tests.dll" id="d82818a2-475e-d90c-5900-07e1dfae2d4d">
      <Execution id="34e8ee37-b15c-406c-a7aa-bf3f5bbd04eb" />
      <TestMethod codeBase="/home/runner/work/BlazorBoy/BlazorBoy/src/GameBoy.Tests/bin/Debug/net8.0/GameBoy.Tests.dll" adapterTypeName="executor://xunit/VsTestRunner2/netcoreapp" className="GameBoy.Tests.MmuTests" name="LY_WriteIsIgnored" />
    </UnitTest>
    <UnitTest name="GameBoy.Tests.CartridgeMmuIntegrationTests.Mmu_NoCartridge_ExternalRamReturnsFF" storage="/home/runner/work/blazorboy/blazorboy/src/gameboy.tests/bin/debug/net8.0/gameboy.tests.dll" id="4501750c-47b1-1500-d12b-8c4255549279">
      <Execution id="65385c50-8368-40b5-a46f-8fb15ad2f635" />
      <TestMethod codeBase="/home/runner/work/BlazorBoy/BlazorBoy/src/GameBoy.Tests/bin/Debug/net8.0/GameBoy.Tests.dll" adapterTypeName="executor://xunit/VsTestRunner2/netcoreapp" className="GameBoy.Tests.CartridgeMmuIntegrationTests" name="Mmu_NoCartridge_ExternalRamReturnsFF" />
    </UnitTest>
    <UnitTest name="GameBoy.Tests.CpuTests.Add_A_r_AddsToRegisterA" storage="/home/runner/work/blazorboy/blazorboy/src/gameboy.tests/bin/debug/net8.0/gameboy.tests.dll" id="316e284d-edd5-4bd1-fc45-78d929242d67">
      <Execution id="da6ce74e-d224-4fa2-8ccf-fa29f8bff8f5" />
      <TestMethod codeBase="/home/runner/work/BlazorBoy/BlazorBoy/src/GameBoy.Tests/bin/Debug/net8.0/GameBoy.Tests.dll" adapterTypeName="executor://xunit/VsTestRunner2/netcoreapp" className="GameBoy.Tests.CpuTests" name="Add_A_r_AddsToRegisterA" />
    </UnitTest>
    <UnitTest name="GameBoy.Tests.CartridgeHeaderTests.Parse_ValidRom_ParsesHeaderCorrectly" storage="/home/runner/work/blazorboy/blazorboy/src/gameboy.tests/bin/debug/net8.0/gameboy.tests.dll" id="a6121617-b4c3-5aa2-fa38-ce9a01f41108">
      <Execution id="586bb6f1-789c-42cc-92bd-9404650b6569" />
      <TestMethod codeBase="/home/runner/work/BlazorBoy/BlazorBoy/src/GameBoy.Tests/bin/Debug/net8.0/GameBoy.Tests.dll" adapterTypeName="executor://xunit/VsTestRunner2/netcoreapp" className="GameBoy.Tests.CartridgeHeaderTests" name="Parse_ValidRom_ParsesHeaderCorrectly" />
    </UnitTest>
    <UnitTest name="GameBoy.Tests.IoRegsTests.IoRegs_ShouldHaveCorrectAddresses" storage="/home/runner/work/blazorboy/blazorboy/src/gameboy.tests/bin/debug/net8.0/gameboy.tests.dll" id="d762547f-1f34-4efc-725e-aa84742baa26">
      <Execution id="221770c1-c76a-4a9f-96ca-6620647fe9d9" />
      <TestMethod codeBase="/home/runner/work/BlazorBoy/BlazorBoy/src/GameBoy.Tests/bin/Debug/net8.0/GameBoy.Tests.dll" adapterTypeName="executor://xunit/VsTestRunner2/netcoreapp" className="GameBoy.Tests.IoRegsTests" name="IoRegs_ShouldHaveCorrectAddresses" />
    </UnitTest>
    <UnitTest name="GameBoy.Tests.OpcodeTableCoverageTests.All_Instructions_Have_Valid_Metadata" storage="/home/runner/work/blazorboy/blazorboy/src/gameboy.tests/bin/debug/net8.0/gameboy.tests.dll" id="2253dbcc-beb1-a746-2e75-11e807c17d82">
      <Execution id="178ce003-ad83-4ecb-b629-77fcac19e1e2" />
      <TestMethod codeBase="/home/runner/work/BlazorBoy/BlazorBoy/src/GameBoy.Tests/bin/Debug/net8.0/GameBoy.Tests.dll" adapterTypeName="executor://xunit/VsTestRunner2/netcoreapp" className="GameBoy.Tests.OpcodeTableCoverageTests" name="All_Instructions_Have_Valid_Metadata" />
    </UnitTest>
    <UnitTest name="GameBoy.Tests.Mbc5Tests.BatteryInterface_LoadExternalRam_LoadsSavedData" storage="/home/runner/work/blazorboy/blazorboy/src/gameboy.tests/bin/debug/net8.0/gameboy.tests.dll" id="4f41d852-180f-2523-dd4d-7c6a551e0868">
      <Execution id="1f7e28b7-fe41-416f-826b-758ee6b9c32b" />
      <TestMethod codeBase="/home/runner/work/BlazorBoy/BlazorBoy/src/GameBoy.Tests/bin/Debug/net8.0/GameBoy.Tests.dll" adapterTypeName="executor://xunit/VsTestRunner2/netcoreapp" className="GameBoy.Tests.Mbc5Tests" name="BatteryInterface_LoadExternalRam_LoadsSavedData" />
    </UnitTest>
    <UnitTest name="GameBoy.Tests.EmulatorMbcIntegrationTests.Emulator_LoadRom_AllUnsupportedMbcTypes_ThrowsNotSupportedException(cartridgeType: 32, expectedMbcName: &quot;MBC6&quot;)" storage="/home/runner/work/blazorboy/blazorboy/src/gameboy.tests/bin/debug/net8.0/gameboy.tests.dll" id="a34e537f-852d-b7b5-3ccb-cabf02fd880d">
      <Execution id="2de04cca-daf8-4d0a-a346-81037309d016" />
      <TestMethod codeBase="/home/runner/work/BlazorBoy/BlazorBoy/src/GameBoy.Tests/bin/Debug/net8.0/GameBoy.Tests.dll" adapterTypeName="executor://xunit/VsTestRunner2/netcoreapp" className="GameBoy.Tests.EmulatorMbcIntegrationTests" name="Emulator_LoadRom_AllUnsupportedMbcTypes_ThrowsNotSupportedException" />
    </UnitTest>
    <UnitTest name="GameBoy.Tests.CartridgeTests.Detect_Tama5_ThrowsNotSupportedException" storage="/home/runner/work/blazorboy/blazorboy/src/gameboy.tests/bin/debug/net8.0/gameboy.tests.dll" id="2688697e-d89d-3238-8e63-78a55baae666">
      <Execution id="c9566240-6424-4b38-8a53-8b4eb7f28e0b" />
      <TestMethod codeBase="/home/runner/work/BlazorBoy/BlazorBoy/src/GameBoy.Tests/bin/Debug/net8.0/GameBoy.Tests.dll" adapterTypeName="executor://xunit/VsTestRunner2/netcoreapp" className="GameBoy.Tests.CartridgeTests" name="Detect_Tama5_ThrowsNotSupportedException" />
    </UnitTest>
    <UnitTest name="GameBoy.Tests.EmulatorMbcIntegrationTests.Emulator_LoadRom_AllUnsupportedMbcTypes_ThrowsNotSupportedException(cartridgeType: 253, expectedMbcName: &quot;TAMA5&quot;)" storage="/home/runner/work/blazorboy/blazorboy/src/gameboy.tests/bin/debug/net8.0/gameboy.tests.dll" id="60cd86f6-c96f-cd67-eeb2-5447e53486ea">
      <Execution id="ac26285a-7e1c-4736-9ba4-58c9968423c0" />
      <TestMethod codeBase="/home/runner/work/BlazorBoy/BlazorBoy/src/GameBoy.Tests/bin/Debug/net8.0/GameBoy.Tests.dll" adapterTypeName="executor://xunit/VsTestRunner2/netcoreapp" className="GameBoy.Tests.EmulatorMbcIntegrationTests" name="Emulator_LoadRom_AllUnsupportedMbcTypes_ThrowsNotSupportedException" />
    </UnitTest>
    <UnitTest name="GameBoy.Tests.CpuAddressingTests.AddressingHelpers_HL_IncrementDecrement_WorksWithOpcodes" storage="/home/runner/work/blazorboy/blazorboy/src/gameboy.tests/bin/debug/net8.0/gameboy.tests.dll" id="1a99f535-58ef-5f45-a666-3cf07f572492">
      <Execution id="2ed5e7b8-5e3f-4a3f-8065-55c194b7ed19" />
      <TestMethod codeBase="/home/runner/work/BlazorBoy/BlazorBoy/src/GameBoy.Tests/bin/Debug/net8.0/GameBoy.Tests.dll" adapterTypeName="executor://xunit/VsTestRunner2/netcoreapp" className="GameBoy.Tests.CpuAddressingTests" name="AddressingHelpers_HL_IncrementDecrement_WorksWithOpcodes" />
    </UnitTest>
    <UnitTest name="GameBoy.Tests.AluTests.Subtract_EdgeCases_BehavesCorrectly(a: 0, operand: 255)" storage="/home/runner/work/blazorboy/blazorboy/src/gameboy.tests/bin/debug/net8.0/gameboy.tests.dll" id="1a2804a3-0827-2fcc-b4ad-1813e1e03c9f">
      <Execution id="64839839-9417-416e-8be8-742d182476a2" />
      <TestMethod codeBase="/home/runner/work/BlazorBoy/BlazorBoy/src/GameBoy.Tests/bin/Debug/net8.0/GameBoy.Tests.dll" adapterTypeName="executor://xunit/VsTestRunner2/netcoreapp" className="GameBoy.Tests.AluTests" name="Subtract_EdgeCases_BehavesCorrectly" />
    </UnitTest>
    <UnitTest name="GameBoy.Tests.CartridgeHeaderTests.IsHeaderChecksumValid_InvalidChecksum_ReturnsFalse" storage="/home/runner/work/blazorboy/blazorboy/src/gameboy.tests/bin/debug/net8.0/gameboy.tests.dll" id="683cdc6c-aca6-240b-2899-0536960988c5">
      <Execution id="8832b754-f921-4f4b-94cb-354d9d9bc7f6" />
      <TestMethod codeBase="/home/runner/work/BlazorBoy/BlazorBoy/src/GameBoy.Tests/bin/Debug/net8.0/GameBoy.Tests.dll" adapterTypeName="executor://xunit/VsTestRunner2/netcoreapp" className="GameBoy.Tests.CartridgeHeaderTests" name="IsHeaderChecksumValid_InvalidChecksum_ReturnsFalse" />
    </UnitTest>
    <UnitTest name="GameBoy.Tests.CartridgeTests.Detect_UnknownCartridgeTypes_ThrowsNotSupportedException(cartridgeType: 204)" storage="/home/runner/work/blazorboy/blazorboy/src/gameboy.tests/bin/debug/net8.0/gameboy.tests.dll" id="0505824a-6d7b-eeba-4727-6fa79e2c56f3">
      <Execution id="ee236213-5ea9-4c24-80d5-49efa6334778" />
      <TestMethod codeBase="/home/runner/work/BlazorBoy/BlazorBoy/src/GameBoy.Tests/bin/Debug/net8.0/GameBoy.Tests.dll" adapterTypeName="executor://xunit/VsTestRunner2/netcoreapp" className="GameBoy.Tests.CartridgeTests" name="Detect_UnknownCartridgeTypes_ThrowsNotSupportedException" />
    </UnitTest>
    <UnitTest name="GameBoy.Tests.TestResetBehavior.InitializePostBiosDefaults_ConsistentWithReadBehavior" storage="/home/runner/work/blazorboy/blazorboy/src/gameboy.tests/bin/debug/net8.0/gameboy.tests.dll" id="ed5cd5b1-d1f5-e057-68bb-f73e10f36c84">
      <Execution id="ab71acd0-a68c-4ffd-9517-86fe40ffc339" />
      <TestMethod codeBase="/home/runner/work/BlazorBoy/BlazorBoy/src/GameBoy.Tests/bin/Debug/net8.0/GameBoy.Tests.dll" adapterTypeName="executor://xunit/VsTestRunner2/netcoreapp" className="GameBoy.Tests.TestResetBehavior" name="InitializePostBiosDefaults_ConsistentWithReadBehavior" />
    </UnitTest>
    <UnitTest name="GameBoy.Tests.AluTests.Subtract_HalfCarryBorrow_SetsHalfCarryFlag" storage="/home/runner/work/blazorboy/blazorboy/src/gameboy.tests/bin/debug/net8.0/gameboy.tests.dll" id="34359d87-23c7-7196-73c9-e6741b1ffeff">
      <Execution id="2c3d7037-3980-4756-b4cf-ea9dffc10f3c" />
      <TestMethod codeBase="/home/runner/work/BlazorBoy/BlazorBoy/src/GameBoy.Tests/bin/Debug/net8.0/GameBoy.Tests.dll" adapterTypeName="executor://xunit/VsTestRunner2/netcoreapp" className="GameBoy.Tests.AluTests" name="Subtract_HalfCarryBorrow_SetsHalfCarryFlag" />
    </UnitTest>
    <UnitTest name="GameBoy.Tests.AluTests.Or_BasicOperation_CorrectResult" storage="/home/runner/work/blazorboy/blazorboy/src/gameboy.tests/bin/debug/net8.0/gameboy.tests.dll" id="35afbf55-0088-9a3d-88af-fa24445977ec">
      <Execution id="08d87677-5550-4540-b3d5-f6d8122ffa9e" />
      <TestMethod codeBase="/home/runner/work/BlazorBoy/BlazorBoy/src/GameBoy.Tests/bin/Debug/net8.0/GameBoy.Tests.dll" adapterTypeName="executor://xunit/VsTestRunner2/netcoreapp" className="GameBoy.Tests.AluTests" name="Or_BasicOperation_CorrectResult" />
    </UnitTest>
    <UnitTest name="GameBoy.Tests.CartridgeTests.Detect_HuC3_ThrowsNotSupportedException" storage="/home/runner/work/blazorboy/blazorboy/src/gameboy.tests/bin/debug/net8.0/gameboy.tests.dll" id="764ee583-306b-f915-490f-c76a102eeb43">
      <Execution id="1c1a1fd3-c6e0-4d5e-b923-97176ff14d67" />
      <TestMethod codeBase="/home/runner/work/BlazorBoy/BlazorBoy/src/GameBoy.Tests/bin/Debug/net8.0/GameBoy.Tests.dll" adapterTypeName="executor://xunit/VsTestRunner2/netcoreapp" className="GameBoy.Tests.CartridgeTests" name="Detect_HuC3_ThrowsNotSupportedException" />
    </UnitTest>
    <UnitTest name="GameBoy.Tests.AluTests.SubtractWithCarry_WithCarryIn_SubtractsOne" storage="/home/runner/work/blazorboy/blazorboy/src/gameboy.tests/bin/debug/net8.0/gameboy.tests.dll" id="1fc7f41c-b93d-2bb7-eebd-a1834947b44e">
      <Execution id="37a7821e-87b3-4b3a-a83e-8fc8894dd0f9" />
      <TestMethod codeBase="/home/runner/work/BlazorBoy/BlazorBoy/src/GameBoy.Tests/bin/Debug/net8.0/GameBoy.Tests.dll" adapterTypeName="executor://xunit/VsTestRunner2/netcoreapp" className="GameBoy.Tests.AluTests" name="SubtractWithCarry_WithCarryIn_SubtractsOne" />
    </UnitTest>
    <UnitTest name="GameBoy.Tests.Mbc3Tests.BatteryInterface_GetExternalRam_IncludesRamAndRtc" storage="/home/runner/work/blazorboy/blazorboy/src/gameboy.tests/bin/debug/net8.0/gameboy.tests.dll" id="d0edd84d-2f50-3142-246d-c739cb00af81">
      <Execution id="91d02dae-0af8-4835-a476-caf6780ab58d" />
      <TestMethod codeBase="/home/runner/work/BlazorBoy/BlazorBoy/src/GameBoy.Tests/bin/Debug/net8.0/GameBoy.Tests.dll" adapterTypeName="executor://xunit/VsTestRunner2/netcoreapp" className="GameBoy.Tests.Mbc3Tests" name="BatteryInterface_GetExternalRam_IncludesRamAndRtc" />
    </UnitTest>
    <UnitTest name="GameBoy.Tests.AluTests.And_NonZeroResult_CorrectFlags" storage="/home/runner/work/blazorboy/blazorboy/src/gameboy.tests/bin/debug/net8.0/gameboy.tests.dll" id="4d4917df-13af-b6db-e6aa-bf414105029e">
      <Execution id="c4769f36-fa3b-4456-9a0b-73dbfb1c04ee" />
      <TestMethod codeBase="/home/runner/work/BlazorBoy/BlazorBoy/src/GameBoy.Tests/bin/Debug/net8.0/GameBoy.Tests.dll" adapterTypeName="executor://xunit/VsTestRunner2/netcoreapp" className="GameBoy.Tests.AluTests" name="And_NonZeroResult_CorrectFlags" />
    </UnitTest>
    <UnitTest name="GameBoy.Tests.CartridgeHeaderTests.RomSize_InvalidCodes_DefaultsTo32KB(code: 81)" storage="/home/runner/work/blazorboy/blazorboy/src/gameboy.tests/bin/debug/net8.0/gameboy.tests.dll" id="a3d01c83-e6c8-c87f-c8ab-1076eaff97bc">
      <Execution id="98b8255c-5bb7-41d1-b222-c085c43c7a0c" />
      <TestMethod codeBase="/home/runner/work/BlazorBoy/BlazorBoy/src/GameBoy.Tests/bin/Debug/net8.0/GameBoy.Tests.dll" adapterTypeName="executor://xunit/VsTestRunner2/netcoreapp" className="GameBoy.Tests.CartridgeHeaderTests" name="RomSize_InvalidCodes_DefaultsTo32KB" />
    </UnitTest>
    <UnitTest name="GameBoy.Tests.Mbc5Tests.ExternalRam_BasicReadWrite" storage="/home/runner/work/blazorboy/blazorboy/src/gameboy.tests/bin/debug/net8.0/gameboy.tests.dll" id="d29da4c8-84a1-5463-ad48-82a8fa5c6bd4">
      <Execution id="346f5f60-9ea3-469c-ac21-5b08b2c4976f" />
      <TestMethod codeBase="/home/runner/work/BlazorBoy/BlazorBoy/src/GameBoy.Tests/bin/Debug/net8.0/GameBoy.Tests.dll" adapterTypeName="executor://xunit/VsTestRunner2/netcoreapp" className="GameBoy.Tests.Mbc5Tests" name="ExternalRam_BasicReadWrite" />
    </UnitTest>
    <UnitTest name="GameBoy.Tests.CartridgeMmuIntegrationTests.Mmu_ExternalRam_Mbc5Banking" storage="/home/runner/work/blazorboy/blazorboy/src/gameboy.tests/bin/debug/net8.0/gameboy.tests.dll" id="9254af5a-af8d-f19f-0feb-43b5eb588fad">
      <Execution id="5007f169-42db-40e4-8750-73bab77492e3" />
      <TestMethod codeBase="/home/runner/work/BlazorBoy/BlazorBoy/src/GameBoy.Tests/bin/Debug/net8.0/GameBoy.Tests.dll" adapterTypeName="executor://xunit/VsTestRunner2/netcoreapp" className="GameBoy.Tests.CartridgeMmuIntegrationTests" name="Mmu_ExternalRam_Mbc5Banking" />
    </UnitTest>
    <UnitTest name="GameBoy.Tests.CartridgeHeaderTests.HasBattery_ReturnsCorrectValueForBatteryTypes" storage="/home/runner/work/blazorboy/blazorboy/src/gameboy.tests/bin/debug/net8.0/gameboy.tests.dll" id="8cda3782-137b-73f5-d8e8-1791e2c39181">
      <Execution id="877ecbe1-864b-489a-9dea-f2bf6f356c99" />
      <TestMethod codeBase="/home/runner/work/BlazorBoy/BlazorBoy/src/GameBoy.Tests/bin/Debug/net8.0/GameBoy.Tests.dll" adapterTypeName="executor://xunit/VsTestRunner2/netcoreapp" className="GameBoy.Tests.CartridgeHeaderTests" name="HasBattery_ReturnsCorrectValueForBatteryTypes" />
    </UnitTest>
    <UnitTest name="GameBoy.Tests.CartridgeHeaderTests.IsValidHeader_InvalidRomSizeCodes_ReturnsFalse(romSizeCode: 9)" storage="/home/runner/work/blazorboy/blazorboy/src/gameboy.tests/bin/debug/net8.0/gameboy.tests.dll" id="4738d8ec-b32d-b8a3-e010-5e3023022f54">
      <Execution id="d20baafb-9a91-4add-96a1-619395ea2a52" />
      <TestMethod codeBase="/home/runner/work/BlazorBoy/BlazorBoy/src/GameBoy.Tests/bin/Debug/net8.0/GameBoy.Tests.dll" adapterTypeName="executor://xunit/VsTestRunner2/netcoreapp" className="GameBoy.Tests.CartridgeHeaderTests" name="IsValidHeader_InvalidRomSizeCodes_ReturnsFalse" />
    </UnitTest>
    <UnitTest name="GameBoy.Tests.CpuAddressingTests.ReadDE_ReadsFromDEAddress" storage="/home/runner/work/blazorboy/blazorboy/src/gameboy.tests/bin/debug/net8.0/gameboy.tests.dll" id="7d42feb9-bbac-5e95-7966-4598ed6ca7c8">
      <Execution id="85a1af8a-3235-46f5-a6a4-1015363bf3dc" />
      <TestMethod codeBase="/home/runner/work/BlazorBoy/BlazorBoy/src/GameBoy.Tests/bin/Debug/net8.0/GameBoy.Tests.dll" adapterTypeName="executor://xunit/VsTestRunner2/netcoreapp" className="GameBoy.Tests.CpuAddressingTests" name="ReadDE_ReadsFromDEAddress" />
    </UnitTest>
    <UnitTest name="GameBoy.Tests.IoRegsTests.Mmu_ShouldUseIoRegsConstants" storage="/home/runner/work/blazorboy/blazorboy/src/gameboy.tests/bin/debug/net8.0/gameboy.tests.dll" id="e6e8aab5-22e2-c84e-dced-9029f5c03e83">
      <Execution id="8e3b0e32-e983-4bbe-a7c3-80921e0fcaae" />
      <TestMethod codeBase="/home/runner/work/BlazorBoy/BlazorBoy/src/GameBoy.Tests/bin/Debug/net8.0/GameBoy.Tests.dll" adapterTypeName="executor://xunit/VsTestRunner2/netcoreapp" className="GameBoy.Tests.IoRegsTests" name="Mmu_ShouldUseIoRegsConstants" />
    </UnitTest>
    <UnitTest name="GameBoy.Tests.CpuAddressingTests.GetR8_ThrowsForInvalidIndex" storage="/home/runner/work/blazorboy/blazorboy/src/gameboy.tests/bin/debug/net8.0/gameboy.tests.dll" id="81e9898a-dae0-2d9c-2628-6c8ec1abaae7">
      <Execution id="5152bda7-70c0-4b4c-9eb3-2e9e2d944589" />
      <TestMethod codeBase="/home/runner/work/BlazorBoy/BlazorBoy/src/GameBoy.Tests/bin/Debug/net8.0/GameBoy.Tests.dll" adapterTypeName="executor://xunit/VsTestRunner2/netcoreapp" className="GameBoy.Tests.CpuAddressingTests" name="GetR8_ThrowsForInvalidIndex" />
    </UnitTest>
    <UnitTest name="GameBoy.Tests.CartridgeHeaderTests.Parse_NullRom_ThrowsArgumentException" storage="/home/runner/work/blazorboy/blazorboy/src/gameboy.tests/bin/debug/net8.0/gameboy.tests.dll" id="1a8dd309-1dfe-104c-e9ff-1695c90fcd4e">
      <Execution id="9c0e96c0-4a33-4e85-831a-0a1691ffbedd" />
      <TestMethod codeBase="/home/runner/work/BlazorBoy/BlazorBoy/src/GameBoy.Tests/bin/Debug/net8.0/GameBoy.Tests.dll" adapterTypeName="executor://xunit/VsTestRunner2/netcoreapp" className="GameBoy.Tests.CartridgeHeaderTests" name="Parse_NullRom_ThrowsArgumentException" />
    </UnitTest>
    <UnitTest name="GameBoy.Tests.AluTests.Subtract_EdgeCases_BehavesCorrectly(a: 16, operand: 1)" storage="/home/runner/work/blazorboy/blazorboy/src/gameboy.tests/bin/debug/net8.0/gameboy.tests.dll" id="1dad59b4-c11d-f31e-82c8-045bd3ba0974">
      <Execution id="d0d0b6fe-b2ee-45ad-9a75-82c5a9613689" />
      <TestMethod codeBase="/home/runner/work/BlazorBoy/BlazorBoy/src/GameBoy.Tests/bin/Debug/net8.0/GameBoy.Tests.dll" adapterTypeName="executor://xunit/VsTestRunner2/netcoreapp" className="GameBoy.Tests.AluTests" name="Subtract_EdgeCases_BehavesCorrectly" />
    </UnitTest>
    <UnitTest name="GameBoy.Tests.AluTests.Add_BasicOperation_CorrectResult" storage="/home/runner/work/blazorboy/blazorboy/src/gameboy.tests/bin/debug/net8.0/gameboy.tests.dll" id="98f535a4-7eca-3a3c-05e8-4b85d8edbbc1">
      <Execution id="0405963c-d9aa-47c1-abe3-7227ed3f1434" />
      <TestMethod codeBase="/home/runner/work/BlazorBoy/BlazorBoy/src/GameBoy.Tests/bin/Debug/net8.0/GameBoy.Tests.dll" adapterTypeName="executor://xunit/VsTestRunner2/netcoreapp" className="GameBoy.Tests.AluTests" name="Add_BasicOperation_CorrectResult" />
    </UnitTest>
    <UnitTest name="GameBoy.Tests.AluTests.AddWithCarry_CarryInCausesHalfCarry" storage="/home/runner/work/blazorboy/blazorboy/src/gameboy.tests/bin/debug/net8.0/gameboy.tests.dll" id="952e2890-324a-d838-d4b1-84d5ed86c944">
      <Execution id="ea23baa5-7dcf-4a30-be1e-00540a8daa0e" />
      <TestMethod codeBase="/home/runner/work/BlazorBoy/BlazorBoy/src/GameBoy.Tests/bin/Debug/net8.0/GameBoy.Tests.dll" adapterTypeName="executor://xunit/VsTestRunner2/netcoreapp" className="GameBoy.Tests.AluTests" name="AddWithCarry_CarryInCausesHalfCarry" />
    </UnitTest>
    <UnitTest name="GameBoy.Tests.CpuAddressingTests.ReadHighC_ReadsFromHighRAMPlusCRegister" storage="/home/runner/work/blazorboy/blazorboy/src/gameboy.tests/bin/debug/net8.0/gameboy.tests.dll" id="c20216b8-3d53-870c-3d98-85b451f87145">
      <Execution id="c5a56905-e284-4567-8a4b-da152c99e56f" />
      <TestMethod codeBase="/home/runner/work/BlazorBoy/BlazorBoy/src/GameBoy.Tests/bin/Debug/net8.0/GameBoy.Tests.dll" adapterTypeName="executor://xunit/VsTestRunner2/netcoreapp" className="GameBoy.Tests.CpuAddressingTests" name="ReadHighC_ReadsFromHighRAMPlusCRegister" />
    </UnitTest>
    <UnitTest name="GameBoy.Tests.CartridgeHeaderTests.RamSize_CalculatesCorrectSizeForStandardCodes(code: 5, expectedSize: 65536)" storage="/home/runner/work/blazorboy/blazorboy/src/gameboy.tests/bin/debug/net8.0/gameboy.tests.dll" id="ac5af315-790c-169b-481f-a8260b6ce215">
      <Execution id="25a96c10-812c-4598-b0a2-7d36274ebb5b" />
      <TestMethod codeBase="/home/runner/work/BlazorBoy/BlazorBoy/src/GameBoy.Tests/bin/Debug/net8.0/GameBoy.Tests.dll" adapterTypeName="executor://xunit/VsTestRunner2/netcoreapp" className="GameBoy.Tests.CartridgeHeaderTests" name="RamSize_CalculatesCorrectSizeForStandardCodes" />
    </UnitTest>
    <UnitTest name="GameBoy.Tests.Mbc5Tests.WriteRom_BoundaryAddresses_HandledCorrectly" storage="/home/runner/work/blazorboy/blazorboy/src/gameboy.tests/bin/debug/net8.0/gameboy.tests.dll" id="1bc5c7fa-f56c-7a2a-1f34-514dc823bdf2">
      <Execution id="4880aeb7-8a25-4d61-a245-8b7f06205890" />
      <TestMethod codeBase="/home/runner/work/BlazorBoy/BlazorBoy/src/GameBoy.Tests/bin/Debug/net8.0/GameBoy.Tests.dll" adapterTypeName="executor://xunit/VsTestRunner2/netcoreapp" className="GameBoy.Tests.Mbc5Tests" name="WriteRom_BoundaryAddresses_HandledCorrectly" />
    </UnitTest>
    <UnitTest name="GameBoy.Tests.CartridgeHeaderTests.Title_ExtractsCorrectTitle" storage="/home/runner/work/blazorboy/blazorboy/src/gameboy.tests/bin/debug/net8.0/gameboy.tests.dll" id="06dbb17f-0a44-4522-049b-1c6cf3bf3755">
      <Execution id="395157ff-561d-42b6-9e99-7e8f3b2df6f3" />
      <TestMethod codeBase="/home/runner/work/BlazorBoy/BlazorBoy/src/GameBoy.Tests/bin/Debug/net8.0/GameBoy.Tests.dll" adapterTypeName="executor://xunit/VsTestRunner2/netcoreapp" className="GameBoy.Tests.CartridgeHeaderTests" name="Title_ExtractsCorrectTitle" />
    </UnitTest>
    <UnitTest name="GameBoy.Tests.CpuAddressingTests.WriteHighImm8_WritesToHighRAMPlusImmediateValue" storage="/home/runner/work/blazorboy/blazorboy/src/gameboy.tests/bin/debug/net8.0/gameboy.tests.dll" id="b09e3f56-27cc-ba83-332b-895d4fe4a28f">
      <Execution id="00fa0993-6f9a-4923-8cb6-828fbe9fd714" />
      <TestMethod codeBase="/home/runner/work/BlazorBoy/BlazorBoy/src/GameBoy.Tests/bin/Debug/net8.0/GameBoy.Tests.dll" adapterTypeName="executor://xunit/VsTestRunner2/netcoreapp" className="GameBoy.Tests.CpuAddressingTests" name="WriteHighImm8_WritesToHighRAMPlusImmediateValue" />
    </UnitTest>
    <UnitTest name="GameBoy.Tests.Mbc5Tests.WriteRom_UnusedRanges_IgnoredCorrectly" storage="/home/runner/work/blazorboy/blazorboy/src/gameboy.tests/bin/debug/net8.0/gameboy.tests.dll" id="0d5a7d16-1b49-533d-395a-8b9c7d4f8bf2">
      <Execution id="eea7919d-ab10-486b-baee-ff8eeaf27a50" />
      <TestMethod codeBase="/home/runner/work/BlazorBoy/BlazorBoy/src/GameBoy.Tests/bin/Debug/net8.0/GameBoy.Tests.dll" adapterTypeName="executor://xunit/VsTestRunner2/netcoreapp" className="GameBoy.Tests.Mbc5Tests" name="WriteRom_UnusedRanges_IgnoredCorrectly" />
    </UnitTest>
    <UnitTest name="GameBoy.Tests.CartridgeMmuIntegrationTests.Mmu_WordOperations_WorkWithCartridge" storage="/home/runner/work/blazorboy/blazorboy/src/gameboy.tests/bin/debug/net8.0/gameboy.tests.dll" id="aa868f13-f5bb-fc20-4fe5-4cc0d9310ff0">
      <Execution id="a5152590-f003-454f-a9a8-0aa6bf73adf5" />
      <TestMethod codeBase="/home/runner/work/BlazorBoy/BlazorBoy/src/GameBoy.Tests/bin/Debug/net8.0/GameBoy.Tests.dll" adapterTypeName="executor://xunit/VsTestRunner2/netcoreapp" className="GameBoy.Tests.CartridgeMmuIntegrationTests" name="Mmu_WordOperations_WorkWithCartridge" />
    </UnitTest>
    <UnitTest name="GameBoy.Tests.CartridgeTests.Detect_AllMbc1Variants_ReturnsCorrectCartridge(cartridgeType: 3)" storage="/home/runner/work/blazorboy/blazorboy/src/gameboy.tests/bin/debug/net8.0/gameboy.tests.dll" id="e9dd6e02-63bd-b5c1-f963-b4c256130de1">
      <Execution id="780257fd-3226-4f52-8942-9c58b0cd4af7" />
      <TestMethod codeBase="/home/runner/work/BlazorBoy/BlazorBoy/src/GameBoy.Tests/bin/Debug/net8.0/GameBoy.Tests.dll" adapterTypeName="executor://xunit/VsTestRunner2/netcoreapp" className="GameBoy.Tests.CartridgeTests" name="Detect_AllMbc1Variants_ReturnsCorrectCartridge" />
    </UnitTest>
    <UnitTest name="GameBoy.Tests.MmuTests.IE_RegisterSemantics_Full8BitReadWrite" storage="/home/runner/work/blazorboy/blazorboy/src/gameboy.tests/bin/debug/net8.0/gameboy.tests.dll" id="83a2a8f8-10a0-63f7-9572-5acd26c91a73">
      <Execution id="1b151717-b4ce-4a30-811c-371cb97a773d" />
      <TestMethod codeBase="/home/runner/work/BlazorBoy/BlazorBoy/src/GameBoy.Tests/bin/Debug/net8.0/GameBoy.Tests.dll" adapterTypeName="executor://xunit/VsTestRunner2/netcoreapp" className="GameBoy.Tests.MmuTests" name="IE_RegisterSemantics_Full8BitReadWrite" />
    </UnitTest>
    <UnitTest name="GameBoy.Tests.CpuTests.Add_SetsFlags_Correctly" storage="/home/runner/work/blazorboy/blazorboy/src/gameboy.tests/bin/debug/net8.0/gameboy.tests.dll" id="a0685b46-9ede-ed1a-9e00-40141b5825d3">
      <Execution id="c575c78d-564d-4d02-973d-85a44de3f320" />
      <TestMethod codeBase="/home/runner/work/BlazorBoy/BlazorBoy/src/GameBoy.Tests/bin/Debug/net8.0/GameBoy.Tests.dll" adapterTypeName="executor://xunit/VsTestRunner2/netcoreapp" className="GameBoy.Tests.CpuTests" name="Add_SetsFlags_Correctly" />
    </UnitTest>
    <UnitTest name="GameBoy.Tests.Mbc1Tests.BatteryInterface_LoadExternalRam_LoadsSavedData" storage="/home/runner/work/blazorboy/blazorboy/src/gameboy.tests/bin/debug/net8.0/gameboy.tests.dll" id="99cc3c43-4d2a-2e5c-c15d-54e63153c5aa">
      <Execution id="26fbd2ed-bfaa-420f-8aa7-860c2421bf1c" />
      <TestMethod codeBase="/home/runner/work/BlazorBoy/BlazorBoy/src/GameBoy.Tests/bin/Debug/net8.0/GameBoy.Tests.dll" adapterTypeName="executor://xunit/VsTestRunner2/netcoreapp" className="GameBoy.Tests.Mbc1Tests" name="BatteryInterface_LoadExternalRam_LoadsSavedData" />
    </UnitTest>
    <UnitTest name="GameBoy.Tests.CpuTests.Ld_r_r_CopiesRegister" storage="/home/runner/work/blazorboy/blazorboy/src/gameboy.tests/bin/debug/net8.0/gameboy.tests.dll" id="bfc9ef65-1a17-4d4d-44b1-60bb55d45a15">
      <Execution id="392a430e-0bef-4c12-9bc3-7616336d262b" />
      <TestMethod codeBase="/home/runner/work/BlazorBoy/BlazorBoy/src/GameBoy.Tests/bin/Debug/net8.0/GameBoy.Tests.dll" adapterTypeName="executor://xunit/VsTestRunner2/netcoreapp" className="GameBoy.Tests.CpuTests" name="Ld_r_r_CopiesRegister" />
    </UnitTest>
    <UnitTest name="GameBoy.Tests.CartridgeTests.Detect_AllMbc5Variants_ReturnsCorrectCartridge(cartridgeType: 25)" storage="/home/runner/work/blazorboy/blazorboy/src/gameboy.tests/bin/debug/net8.0/gameboy.tests.dll" id="8b6a2a0c-c8d5-5cee-bfdd-1ab4842e3690">
      <Execution id="3cb0ebf6-0310-47f4-b8b2-a69cd5f6620d" />
      <TestMethod codeBase="/home/runner/work/BlazorBoy/BlazorBoy/src/GameBoy.Tests/bin/Debug/net8.0/GameBoy.Tests.dll" adapterTypeName="executor://xunit/VsTestRunner2/netcoreapp" className="GameBoy.Tests.CartridgeTests" name="Detect_AllMbc5Variants_ReturnsCorrectCartridge" />
    </UnitTest>
    <UnitTest name="GameBoy.Tests.CartridgeHeaderTests.RomSize_CalculatesCorrectSizeForStandardCodes(code: 8, expectedSize: 8388608)" storage="/home/runner/work/blazorboy/blazorboy/src/gameboy.tests/bin/debug/net8.0/gameboy.tests.dll" id="12094dc9-7f3b-3b43-56c7-cfacac39a0fa">
      <Execution id="1b8c99ab-c7e4-486d-a045-4f77a9ba79db" />
      <TestMethod codeBase="/home/runner/work/BlazorBoy/BlazorBoy/src/GameBoy.Tests/bin/Debug/net8.0/GameBoy.Tests.dll" adapterTypeName="executor://xunit/VsTestRunner2/netcoreapp" className="GameBoy.Tests.CartridgeHeaderTests" name="RomSize_CalculatesCorrectSizeForStandardCodes" />
    </UnitTest>
    <UnitTest name="GameBoy.Tests.InstructionDecodingTests.SpecificInstructions_HaveCorrectMetadata(opcode: 6, expectedMnemonic: &quot;LD B,d8&quot;, expectedLength: 2, expectedCycles: 8, expectedOperandType: Immediate8)" storage="/home/runner/work/blazorboy/blazorboy/src/gameboy.tests/bin/debug/net8.0/gameboy.tests.dll" id="c1b5930e-abc0-c16e-85c6-cd5ff1cb4510">
      <Execution id="1e1398f2-08b1-4fc6-8c81-c5f69f26916b" />
      <TestMethod codeBase="/home/runner/work/BlazorBoy/BlazorBoy/src/GameBoy.Tests/bin/Debug/net8.0/GameBoy.Tests.dll" adapterTypeName="executor://xunit/VsTestRunner2/netcoreapp" className="GameBoy.Tests.InstructionDecodingTests" name="SpecificInstructions_HaveCorrectMetadata" />
    </UnitTest>
    <UnitTest name="GameBoy.Tests.CartridgeTests.Detect_Mbc7_ThrowsNotSupportedException" storage="/home/runner/work/blazorboy/blazorboy/src/gameboy.tests/bin/debug/net8.0/gameboy.tests.dll" id="18c1654c-d336-2734-4751-d18553200a33">
      <Execution id="171b5653-ba2b-450a-83d7-e76e9f1cbf80" />
      <TestMethod codeBase="/home/runner/work/BlazorBoy/BlazorBoy/src/GameBoy.Tests/bin/Debug/net8.0/GameBoy.Tests.dll" adapterTypeName="executor://xunit/VsTestRunner2/netcoreapp" className="GameBoy.Tests.CartridgeTests" name="Detect_Mbc7_ThrowsNotSupportedException" />
    </UnitTest>
    <UnitTest name="GameBoy.Tests.CartridgeTests.Detect_UnknownCartridgeTypes_ThrowsNotSupportedException(cartridgeType: 187)" storage="/home/runner/work/blazorboy/blazorboy/src/gameboy.tests/bin/debug/net8.0/gameboy.tests.dll" id="5b470fa9-7bb8-c70a-13cd-6b0c5673a526">
      <Execution id="3a148cd7-aa71-407a-8e11-fc70b1afdd22" />
      <TestMethod codeBase="/home/runner/work/BlazorBoy/BlazorBoy/src/GameBoy.Tests/bin/Debug/net8.0/GameBoy.Tests.dll" adapterTypeName="executor://xunit/VsTestRunner2/netcoreapp" className="GameBoy.Tests.CartridgeTests" name="Detect_UnknownCartridgeTypes_ThrowsNotSupportedException" />
    </UnitTest>
    <UnitTest name="GameBoy.Tests.MmuTests.ReadWriteWord_CrossesRegionBoundaries" storage="/home/runner/work/blazorboy/blazorboy/src/gameboy.tests/bin/debug/net8.0/gameboy.tests.dll" id="384b0a87-c0a9-5807-477b-a9400dded61d">
      <Execution id="64a5bbca-b551-43d6-8f6e-7e5cc25b8b18" />
      <TestMethod codeBase="/home/runner/work/BlazorBoy/BlazorBoy/src/GameBoy.Tests/bin/Debug/net8.0/GameBoy.Tests.dll" adapterTypeName="executor://xunit/VsTestRunner2/netcoreapp" className="GameBoy.Tests.MmuTests" name="ReadWriteWord_CrossesRegionBoundaries" />
    </UnitTest>
    <UnitTest name="GameBoy.Tests.Mbc3Tests.ExternalRam_RamBanking_WorksCorrectly" storage="/home/runner/work/blazorboy/blazorboy/src/gameboy.tests/bin/debug/net8.0/gameboy.tests.dll" id="e0a8665e-5aca-ffd8-10a2-2a5ee0aa5dd8">
      <Execution id="05be366c-d67c-4b05-bab8-61f13a9b1670" />
      <TestMethod codeBase="/home/runner/work/BlazorBoy/BlazorBoy/src/GameBoy.Tests/bin/Debug/net8.0/GameBoy.Tests.dll" adapterTypeName="executor://xunit/VsTestRunner2/netcoreapp" className="GameBoy.Tests.Mbc3Tests" name="ExternalRam_RamBanking_WorksCorrectly" />
    </UnitTest>
    <UnitTest name="GameBoy.Tests.AluTests.Subtract_EdgeCases_BehavesCorrectly(a: 255, operand: 1)" storage="/home/runner/work/blazorboy/blazorboy/src/gameboy.tests/bin/debug/net8.0/gameboy.tests.dll" id="632b4574-536b-363d-b3df-3cea0d75d690">
      <Execution id="9fc405bb-2d30-4d12-bd2a-68b81a6ae2cf" />
      <TestMethod codeBase="/home/runner/work/BlazorBoy/BlazorBoy/src/GameBoy.Tests/bin/Debug/net8.0/GameBoy.Tests.dll" adapterTypeName="executor://xunit/VsTestRunner2/netcoreapp" className="GameBoy.Tests.AluTests" name="Subtract_EdgeCases_BehavesCorrectly" />
    </UnitTest>
    <UnitTest name="GameBoy.Tests.Mbc1Tests.WriteRom_BankBitsIgnored_OnlyLower5BitsUsed" storage="/home/runner/work/blazorboy/blazorboy/src/gameboy.tests/bin/debug/net8.0/gameboy.tests.dll" id="9dbf0ab8-0850-9f84-3b93-061020f06f9a">
      <Execution id="bfda84a2-b7b0-425c-97b1-464bbfe8477a" />
      <TestMethod codeBase="/home/runner/work/BlazorBoy/BlazorBoy/src/GameBoy.Tests/bin/Debug/net8.0/GameBoy.Tests.dll" adapterTypeName="executor://xunit/VsTestRunner2/netcoreapp" className="GameBoy.Tests.Mbc1Tests" name="WriteRom_BankBitsIgnored_OnlyLower5BitsUsed" />
    </UnitTest>
    <UnitTest name="GameBoy.Tests.CartridgeHeaderTests.RomSize_CalculatesCorrectSizeForStandardCodes(code: 1, expectedSize: 65536)" storage="/home/runner/work/blazorboy/blazorboy/src/gameboy.tests/bin/debug/net8.0/gameboy.tests.dll" id="e0bae790-fddb-006d-e831-2cde76b6368e">
      <Execution id="d8f4cdab-302b-40f1-b461-5ce784a3bed6" />
      <TestMethod codeBase="/home/runner/work/BlazorBoy/BlazorBoy/src/GameBoy.Tests/bin/Debug/net8.0/GameBoy.Tests.dll" adapterTypeName="executor://xunit/VsTestRunner2/netcoreapp" className="GameBoy.Tests.CartridgeHeaderTests" name="RomSize_CalculatesCorrectSizeForStandardCodes" />
    </UnitTest>
    <UnitTest name="GameBoy.Tests.CartridgeTests.Detect_AllMbc5Variants_ReturnsCorrectCartridge(cartridgeType: 27)" storage="/home/runner/work/blazorboy/blazorboy/src/gameboy.tests/bin/debug/net8.0/gameboy.tests.dll" id="8a920482-bb78-609e-ade1-d9fd2bf946ac">
      <Execution id="6947c8b7-5933-4c8e-91c2-9d8fd19deffa" />
      <TestMethod codeBase="/home/runner/work/BlazorBoy/BlazorBoy/src/GameBoy.Tests/bin/Debug/net8.0/GameBoy.Tests.dll" adapterTypeName="executor://xunit/VsTestRunner2/netcoreapp" className="GameBoy.Tests.CartridgeTests" name="Detect_AllMbc5Variants_ReturnsCorrectCartridge" />
    </UnitTest>
    <UnitTest name="GameBoy.Tests.Mbc1Tests.ExternalRam_AdvancedMode_EnablesBanking" storage="/home/runner/work/blazorboy/blazorboy/src/gameboy.tests/bin/debug/net8.0/gameboy.tests.dll" id="1abc059c-0b2e-ebb8-ca54-938851accb3a">
      <Execution id="063bbe8d-3e71-4626-8f3a-c7a1e230fbe7" />
      <TestMethod codeBase="/home/runner/work/BlazorBoy/BlazorBoy/src/GameBoy.Tests/bin/Debug/net8.0/GameBoy.Tests.dll" adapterTypeName="executor://xunit/VsTestRunner2/netcoreapp" className="GameBoy.Tests.Mbc1Tests" name="ExternalRam_AdvancedMode_EnablesBanking" />
    </UnitTest>
    <UnitTest name="GameBoy.Tests.CpuAddressingTests.WriteHL_WritesToHLAddress" storage="/home/runner/work/blazorboy/blazorboy/src/gameboy.tests/bin/debug/net8.0/gameboy.tests.dll" id="4c340c87-3d3f-f687-2b3d-025b42c09c7e">
      <Execution id="14a0d7f4-a2f7-4365-946d-5c8479612269" />
      <TestMethod codeBase="/home/runner/work/BlazorBoy/BlazorBoy/src/GameBoy.Tests/bin/Debug/net8.0/GameBoy.Tests.dll" adapterTypeName="executor://xunit/VsTestRunner2/netcoreapp" className="GameBoy.Tests.CpuAddressingTests" name="WriteHL_WritesToHLAddress" />
    </UnitTest>
    <UnitTest name="GameBoy.Tests.Mbc3Tests.WriteRom_RamAndTimerEnable_EnablesAccess" storage="/home/runner/work/blazorboy/blazorboy/src/gameboy.tests/bin/debug/net8.0/gameboy.tests.dll" id="42b1165a-c412-4f02-26e5-5e4d767a8d9f">
      <Execution id="1e2d263d-adff-4185-a52f-237994226d24" />
      <TestMethod codeBase="/home/runner/work/BlazorBoy/BlazorBoy/src/GameBoy.Tests/bin/Debug/net8.0/GameBoy.Tests.dll" adapterTypeName="executor://xunit/VsTestRunner2/netcoreapp" className="GameBoy.Tests.Mbc3Tests" name="WriteRom_RamAndTimerEnable_EnablesAccess" />
    </UnitTest>
    <UnitTest name="GameBoy.Tests.MmuTests.IF_ReadsDefaultValue" storage="/home/runner/work/blazorboy/blazorboy/src/gameboy.tests/bin/debug/net8.0/gameboy.tests.dll" id="af249e2c-5143-e89b-5b70-06a4d6e94623">
      <Execution id="c73c9b95-5f19-4ec3-be68-d5dfcde75b35" />
      <TestMethod codeBase="/home/runner/work/BlazorBoy/BlazorBoy/src/GameBoy.Tests/bin/Debug/net8.0/GameBoy.Tests.dll" adapterTypeName="executor://xunit/VsTestRunner2/netcoreapp" className="GameBoy.Tests.MmuTests" name="IF_ReadsDefaultValue" />
    </UnitTest>
    <UnitTest name="GameBoy.Tests.MmuTests.IF_RegisterSemantics_UpperBitsAlwaysSetOnRead" storage="/home/runner/work/blazorboy/blazorboy/src/gameboy.tests/bin/debug/net8.0/gameboy.tests.dll" id="b60c5050-48cc-a513-8c20-d39039775d13">
      <Execution id="aa226a3a-4d0c-4f14-8675-5310e57e43dd" />
      <TestMethod codeBase="/home/runner/work/BlazorBoy/BlazorBoy/src/GameBoy.Tests/bin/Debug/net8.0/GameBoy.Tests.dll" adapterTypeName="executor://xunit/VsTestRunner2/netcoreapp" className="GameBoy.Tests.MmuTests" name="IF_RegisterSemantics_UpperBitsAlwaysSetOnRead" />
    </UnitTest>
    <UnitTest name="GameBoy.Tests.CpuAddressingTests.ReadHLD_ReadsFromHLAddressThenDecrementsHL" storage="/home/runner/work/blazorboy/blazorboy/src/gameboy.tests/bin/debug/net8.0/gameboy.tests.dll" id="2f056f1e-d672-857f-c119-9a4b6216ba96">
      <Execution id="edddfb40-e08b-4660-8c68-9c467e262222" />
      <TestMethod codeBase="/home/runner/work/BlazorBoy/BlazorBoy/src/GameBoy.Tests/bin/Debug/net8.0/GameBoy.Tests.dll" adapterTypeName="executor://xunit/VsTestRunner2/netcoreapp" className="GameBoy.Tests.CpuAddressingTests" name="ReadHLD_ReadsFromHLAddressThenDecrementsHL" />
    </UnitTest>
    <UnitTest name="GameBoy.Tests.InstructionDecodingTests.Instruction_Properties_AreValid" storage="/home/runner/work/blazorboy/blazorboy/src/gameboy.tests/bin/debug/net8.0/gameboy.tests.dll" id="4d528ee0-dbe1-ded6-1a29-cd26c37e4512">
      <Execution id="16c31bf1-9993-4837-b260-d99446c8d3e8" />
      <TestMethod codeBase="/home/runner/work/BlazorBoy/BlazorBoy/src/GameBoy.Tests/bin/Debug/net8.0/GameBoy.Tests.dll" adapterTypeName="executor://xunit/VsTestRunner2/netcoreapp" className="GameBoy.Tests.InstructionDecodingTests" name="Instruction_Properties_AreValid" />
    </UnitTest>
    <UnitTest name="GameBoy.Tests.CpuAddressingTests.WriteHighC_WritesToHighRAMPlusCRegister" storage="/home/runner/work/blazorboy/blazorboy/src/gameboy.tests/bin/debug/net8.0/gameboy.tests.dll" id="836481c2-6b48-55dc-f9b3-7b7da164df37">
      <Execution id="df02e308-5f84-4c0e-be48-8cd93da13a17" />
      <TestMethod codeBase="/home/runner/work/BlazorBoy/BlazorBoy/src/GameBoy.Tests/bin/Debug/net8.0/GameBoy.Tests.dll" adapterTypeName="executor://xunit/VsTestRunner2/netcoreapp" className="GameBoy.Tests.CpuAddressingTests" name="WriteHighC_WritesToHighRAMPlusCRegister" />
    </UnitTest>
    <UnitTest name="GameBoy.Tests.CpuAddressingTests.WriteImm16Addr_WritesToImmediateAddress" storage="/home/runner/work/blazorboy/blazorboy/src/gameboy.tests/bin/debug/net8.0/gameboy.tests.dll" id="34179792-2372-f1a4-bfa2-c71419beeb96">
      <Execution id="3ecec2c3-d9d4-493f-9b08-b1b3af168c15" />
      <TestMethod codeBase="/home/runner/work/BlazorBoy/BlazorBoy/src/GameBoy.Tests/bin/Debug/net8.0/GameBoy.Tests.dll" adapterTypeName="executor://xunit/VsTestRunner2/netcoreapp" className="GameBoy.Tests.CpuAddressingTests" name="WriteImm16Addr_WritesToImmediateAddress" />
    </UnitTest>
    <UnitTest name="GameBoy.Tests.MmuTests.UnusableRegion_ReadsReturn0xFF" storage="/home/runner/work/blazorboy/blazorboy/src/gameboy.tests/bin/debug/net8.0/gameboy.tests.dll" id="d345d1bd-f78e-8ab1-56d8-a66e5b9e192c">
      <Execution id="2bcf1cfa-b6a1-477b-8b7c-6615da701118" />
      <TestMethod codeBase="/home/runner/work/BlazorBoy/BlazorBoy/src/GameBoy.Tests/bin/Debug/net8.0/GameBoy.Tests.dll" adapterTypeName="executor://xunit/VsTestRunner2/netcoreapp" className="GameBoy.Tests.MmuTests" name="UnusableRegion_ReadsReturn0xFF" />
    </UnitTest>
    <UnitTest name="GameBoy.Tests.CartridgeHeaderTests.IsValidHeader_InvalidRamSize_ReturnsFalse" storage="/home/runner/work/blazorboy/blazorboy/src/gameboy.tests/bin/debug/net8.0/gameboy.tests.dll" id="15e035ed-afb8-5321-580b-fab9257f66ce">
      <Execution id="7a27b55c-12d0-4abb-a9d6-362eed2e6851" />
      <TestMethod codeBase="/home/runner/work/BlazorBoy/BlazorBoy/src/GameBoy.Tests/bin/Debug/net8.0/GameBoy.Tests.dll" adapterTypeName="executor://xunit/VsTestRunner2/netcoreapp" className="GameBoy.Tests.CartridgeHeaderTests" name="IsValidHeader_InvalidRamSize_ReturnsFalse" />
    </UnitTest>
    <UnitTest name="GameBoy.Tests.InstructionDecodingTests.CPU_Step_HandlesUnknownPrimaryOpcodes" storage="/home/runner/work/blazorboy/blazorboy/src/gameboy.tests/bin/debug/net8.0/gameboy.tests.dll" id="2c33bfb1-e133-563f-095d-da8765942f63">
      <Execution id="fe2a5c51-004c-4d3c-a065-0ae17ac3b255" />
      <TestMethod codeBase="/home/runner/work/BlazorBoy/BlazorBoy/src/GameBoy.Tests/bin/Debug/net8.0/GameBoy.Tests.dll" adapterTypeName="executor://xunit/VsTestRunner2/netcoreapp" className="GameBoy.Tests.InstructionDecodingTests" name="CPU_Step_HandlesUnknownPrimaryOpcodes" />
    </UnitTest>
    <UnitTest name="GameBoy.Tests.AluTests.SubtractWithCarry_NoCarryIn_SameAsSub" storage="/home/runner/work/blazorboy/blazorboy/src/gameboy.tests/bin/debug/net8.0/gameboy.tests.dll" id="cacebda4-2c80-c528-2f0b-83bab685baec">
      <Execution id="f85eb467-920c-4013-ac67-1eb3acbc4931" />
      <TestMethod codeBase="/home/runner/work/BlazorBoy/BlazorBoy/src/GameBoy.Tests/bin/Debug/net8.0/GameBoy.Tests.dll" adapterTypeName="executor://xunit/VsTestRunner2/netcoreapp" className="GameBoy.Tests.AluTests" name="SubtractWithCarry_NoCarryIn_SameAsSub" />
    </UnitTest>
    <UnitTest name="GameBoy.Tests.Mbc5Tests.WriteRom_UpperBitMasking_OnlyBit0Used" storage="/home/runner/work/blazorboy/blazorboy/src/gameboy.tests/bin/debug/net8.0/gameboy.tests.dll" id="79ae824d-ef28-8a08-b47a-078c5e79a094">
      <Execution id="88150f94-8f58-40fd-8ca3-7a3403e42d66" />
      <TestMethod codeBase="/home/runner/work/BlazorBoy/BlazorBoy/src/GameBoy.Tests/bin/Debug/net8.0/GameBoy.Tests.dll" adapterTypeName="executor://xunit/VsTestRunner2/netcoreapp" className="GameBoy.Tests.Mbc5Tests" name="WriteRom_UpperBitMasking_OnlyBit0Used" />
    </UnitTest>
    <UnitTest name="GameBoy.Tests.Mbc5Tests.WriteRom_MaxBankNumber_WorksAtLimits" storage="/home/runner/work/blazorboy/blazorboy/src/gameboy.tests/bin/debug/net8.0/gameboy.tests.dll" id="2f0ddee0-7fdb-c7a4-59d6-c0c2dfc9450d">
      <Execution id="66df73fa-ad97-45a0-b157-d6fd85f2865c" />
      <TestMethod codeBase="/home/runner/work/BlazorBoy/BlazorBoy/src/GameBoy.Tests/bin/Debug/net8.0/GameBoy.Tests.dll" adapterTypeName="executor://xunit/VsTestRunner2/netcoreapp" className="GameBoy.Tests.Mbc5Tests" name="WriteRom_MaxBankNumber_WorksAtLimits" />
    </UnitTest>
    <UnitTest name="GameBoy.Tests.AddressingHelpersExampleTests.Example_CopyArrayUsingHLIncrement" storage="/home/runner/work/blazorboy/blazorboy/src/gameboy.tests/bin/debug/net8.0/gameboy.tests.dll" id="f875f231-3682-e917-5927-759456c2b78f">
      <Execution id="813948f0-354e-493e-b90a-0bfbd3509865" />
      <TestMethod codeBase="/home/runner/work/BlazorBoy/BlazorBoy/src/GameBoy.Tests/bin/Debug/net8.0/GameBoy.Tests.dll" adapterTypeName="executor://xunit/VsTestRunner2/netcoreapp" className="GameBoy.Tests.AddressingHelpersExampleTests" name="Example_CopyArrayUsingHLIncrement" />
    </UnitTest>
    <UnitTest name="GameBoy.Tests.Mbc3Tests.RtcRegisters_InvalidRegisterAccess_ReturnsFF" storage="/home/runner/work/blazorboy/blazorboy/src/gameboy.tests/bin/debug/net8.0/gameboy.tests.dll" id="57d568c1-bd70-919f-3764-999333747a26">
      <Execution id="3a09af53-2551-4323-a68e-f84caa2476a0" />
      <TestMethod codeBase="/home/runner/work/BlazorBoy/BlazorBoy/src/GameBoy.Tests/bin/Debug/net8.0/GameBoy.Tests.dll" adapterTypeName="executor://xunit/VsTestRunner2/netcoreapp" className="GameBoy.Tests.Mbc3Tests" name="RtcRegisters_InvalidRegisterAccess_ReturnsFF" />
    </UnitTest>
    <UnitTest name="GameBoy.Tests.EmulatorMbcIntegrationTests.Emulator_BatteryRam_SaveLoad_Mbc1" storage="/home/runner/work/blazorboy/blazorboy/src/gameboy.tests/bin/debug/net8.0/gameboy.tests.dll" id="6336ba2d-9125-3123-2fea-5b0f73d2d9dd">
      <Execution id="cc8738a2-809e-44a3-b141-84390d7bb5e6" />
      <TestMethod codeBase="/home/runner/work/BlazorBoy/BlazorBoy/src/GameBoy.Tests/bin/Debug/net8.0/GameBoy.Tests.dll" adapterTypeName="executor://xunit/VsTestRunner2/netcoreapp" className="GameBoy.Tests.EmulatorMbcIntegrationTests" name="Emulator_BatteryRam_SaveLoad_Mbc1" />
    </UnitTest>
    <UnitTest name="GameBoy.Tests.CartridgeHeaderTests.IsValidHeader_InvalidDestinationCodes_ReturnsFalse(destinationCode: 2)" storage="/home/runner/work/blazorboy/blazorboy/src/gameboy.tests/bin/debug/net8.0/gameboy.tests.dll" id="483dad49-7b52-916d-7992-3c95f47febbb">
      <Execution id="3a6177b4-3636-49a1-ba30-d26bdbea3bf8" />
      <TestMethod codeBase="/home/runner/work/BlazorBoy/BlazorBoy/src/GameBoy.Tests/bin/Debug/net8.0/GameBoy.Tests.dll" adapterTypeName="executor://xunit/VsTestRunner2/netcoreapp" className="GameBoy.Tests.CartridgeHeaderTests" name="IsValidHeader_InvalidDestinationCodes_ReturnsFalse" />
    </UnitTest>
    <UnitTest name="GameBoy.Tests.CpuAddressingTests.ReadHighImm8_ReadsFromHighRAMPlusImmediateValue" storage="/home/runner/work/blazorboy/blazorboy/src/gameboy.tests/bin/debug/net8.0/gameboy.tests.dll" id="dec00889-2e21-64f2-59d7-4a4cf95b0615">
      <Execution id="7f52fd08-59e2-4b34-8110-e21b4b0c9450" />
      <TestMethod codeBase="/home/runner/work/BlazorBoy/BlazorBoy/src/GameBoy.Tests/bin/Debug/net8.0/GameBoy.Tests.dll" adapterTypeName="executor://xunit/VsTestRunner2/netcoreapp" className="GameBoy.Tests.CpuAddressingTests" name="ReadHighImm8_ReadsFromHighRAMPlusImmediateValue" />
    </UnitTest>
    <UnitTest name="GameBoy.Tests.CpuAddressingTests.ReadImm16Addr_ReadsFromImmediateAddress" storage="/home/runner/work/blazorboy/blazorboy/src/gameboy.tests/bin/debug/net8.0/gameboy.tests.dll" id="42334b4e-a9e4-fed1-ce65-dd9bb063f4ff">
      <Execution id="ec063684-5529-4e0e-aaf7-94bf4b1e5895" />
      <TestMethod codeBase="/home/runner/work/BlazorBoy/BlazorBoy/src/GameBoy.Tests/bin/Debug/net8.0/GameBoy.Tests.dll" adapterTypeName="executor://xunit/VsTestRunner2/netcoreapp" className="GameBoy.Tests.CpuAddressingTests" name="ReadImm16Addr_ReadsFromImmediateAddress" />
    </UnitTest>
    <UnitTest name="GameBoy.Tests.IoRegionWiringTests.StubbedIoRegisters_PreserveBehavior" storage="/home/runner/work/blazorboy/blazorboy/src/gameboy.tests/bin/debug/net8.0/gameboy.tests.dll" id="5d0681c7-3e5a-5897-1e98-fc50e07cb646">
      <Execution id="149a9d5a-d65f-4c06-9ab4-37ce30837718" />
      <TestMethod codeBase="/home/runner/work/BlazorBoy/BlazorBoy/src/GameBoy.Tests/bin/Debug/net8.0/GameBoy.Tests.dll" adapterTypeName="executor://xunit/VsTestRunner2/netcoreapp" className="GameBoy.Tests.IoRegionWiringTests" name="StubbedIoRegisters_PreserveBehavior" />
    </UnitTest>
    <UnitTest name="GameBoy.Tests.Mbc5Tests.WriteRom_StressTest_MultipleRapidSwitches" storage="/home/runner/work/blazorboy/blazorboy/src/gameboy.tests/bin/debug/net8.0/gameboy.tests.dll" id="475d18e5-9db1-a092-702c-7aaa422889f3">
      <Execution id="b58eada3-698b-4734-8914-e154aa8eb299" />
      <TestMethod codeBase="/home/runner/work/BlazorBoy/BlazorBoy/src/GameBoy.Tests/bin/Debug/net8.0/GameBoy.Tests.dll" adapterTypeName="executor://xunit/VsTestRunner2/netcoreapp" className="GameBoy.Tests.Mbc5Tests" name="WriteRom_StressTest_MultipleRapidSwitches" />
    </UnitTest>
    <UnitTest name="GameBoy.Tests.CartridgeHeaderTests.RamSize_InvalidCodes_DefaultsToZero(code: 255)" storage="/home/runner/work/blazorboy/blazorboy/src/gameboy.tests/bin/debug/net8.0/gameboy.tests.dll" id="aa468564-3fed-7531-2863-b13b77656923">
      <Execution id="69ee3f1d-228b-4f94-937a-705eb86d3e1e" />
      <TestMethod codeBase="/home/runner/work/BlazorBoy/BlazorBoy/src/GameBoy.Tests/bin/Debug/net8.0/GameBoy.Tests.dll" adapterTypeName="executor://xunit/VsTestRunner2/netcoreapp" className="GameBoy.Tests.CartridgeHeaderTests" name="RamSize_InvalidCodes_DefaultsToZero" />
    </UnitTest>
    <UnitTest name="GameBoy.Tests.InstructionDecodingTests.Instruction_ExplicitOperandType_OverridesDeduction" storage="/home/runner/work/blazorboy/blazorboy/src/gameboy.tests/bin/debug/net8.0/gameboy.tests.dll" id="9a193880-0dbc-0c20-4bde-874bbeb0b7c0">
      <Execution id="95fa103d-fe14-4924-8f77-54377747da7f" />
      <TestMethod codeBase="/home/runner/work/BlazorBoy/BlazorBoy/src/GameBoy.Tests/bin/Debug/net8.0/GameBoy.Tests.dll" adapterTypeName="executor://xunit/VsTestRunner2/netcoreapp" className="GameBoy.Tests.InstructionDecodingTests" name="Instruction_ExplicitOperandType_OverridesDeduction" />
    </UnitTest>
    <UnitTest name="GameBoy.Tests.InstructionDecodingTests.SpecificInstructions_HaveCorrectMetadata(opcode: 240, expectedMnemonic: &quot;LDH A,(a8)&quot;, expectedLength: 2, expectedCycles: 12, expectedOperandType: MemoryImmediate8)" storage="/home/runner/work/blazorboy/blazorboy/src/gameboy.tests/bin/debug/net8.0/gameboy.tests.dll" id="ab6aa2e3-320c-8f7b-e9af-5c9d131cbb2d">
      <Execution id="bc19199a-0e71-45fd-bdfd-7e6214b28039" />
      <TestMethod codeBase="/home/runner/work/BlazorBoy/BlazorBoy/src/GameBoy.Tests/bin/Debug/net8.0/GameBoy.Tests.dll" adapterTypeName="executor://xunit/VsTestRunner2/netcoreapp" className="GameBoy.Tests.InstructionDecodingTests" name="SpecificInstructions_HaveCorrectMetadata" />
    </UnitTest>
    <UnitTest name="GameBoy.Tests.MmuTests.JOYP_WritesOnlyAffectBits4And5" storage="/home/runner/work/blazorboy/blazorboy/src/gameboy.tests/bin/debug/net8.0/gameboy.tests.dll" id="892517e5-2cf5-e85a-1d55-05972719f450">
      <Execution id="df025a40-f0bd-4c31-9232-03a8186483d5" />
      <TestMethod codeBase="/home/runner/work/BlazorBoy/BlazorBoy/src/GameBoy.Tests/bin/Debug/net8.0/GameBoy.Tests.dll" adapterTypeName="executor://xunit/VsTestRunner2/netcoreapp" className="GameBoy.Tests.MmuTests" name="JOYP_WritesOnlyAffectBits4And5" />
    </UnitTest>
    <UnitTest name="GameBoy.Tests.CartridgeHeaderTests.IsHeaderChecksumValid_ValidChecksum_ReturnsTrue" storage="/home/runner/work/blazorboy/blazorboy/src/gameboy.tests/bin/debug/net8.0/gameboy.tests.dll" id="1656c5e4-914c-d7f9-cac2-f94c3ce82834">
      <Execution id="63f8f4df-08ba-4d2e-a2b7-ac210706035c" />
      <TestMethod codeBase="/home/runner/work/BlazorBoy/BlazorBoy/src/GameBoy.Tests/bin/Debug/net8.0/GameBoy.Tests.dll" adapterTypeName="executor://xunit/VsTestRunner2/netcoreapp" className="GameBoy.Tests.CartridgeHeaderTests" name="IsHeaderChecksumValid_ValidChecksum_ReturnsTrue" />
    </UnitTest>
    <UnitTest name="GameBoy.Tests.MmuTests.EchoRam_MirrorsWorkRam" storage="/home/runner/work/blazorboy/blazorboy/src/gameboy.tests/bin/debug/net8.0/gameboy.tests.dll" id="7228e315-3e10-614e-b4d8-f5be940bd300">
      <Execution id="4abbbd4c-edf8-40c0-bad1-91d3e8b2fe8b" />
      <TestMethod codeBase="/home/runner/work/BlazorBoy/BlazorBoy/src/GameBoy.Tests/bin/Debug/net8.0/GameBoy.Tests.dll" adapterTypeName="executor://xunit/VsTestRunner2/netcoreapp" className="GameBoy.Tests.MmuTests" name="EchoRam_MirrorsWorkRam" />
    </UnitTest>
    <UnitTest name="GameBoy.Tests.CartridgeHeaderTests.RamSize_CalculatesCorrectSizeForStandardCodes(code: 4, expectedSize: 131072)" storage="/home/runner/work/blazorboy/blazorboy/src/gameboy.tests/bin/debug/net8.0/gameboy.tests.dll" id="534c64a1-8930-aca9-d3cf-404328265340">
      <Execution id="34474dfc-7da9-471b-821a-a4413c75e447" />
      <TestMethod codeBase="/home/runner/work/BlazorBoy/BlazorBoy/src/GameBoy.Tests/bin/Debug/net8.0/GameBoy.Tests.dll" adapterTypeName="executor://xunit/VsTestRunner2/netcoreapp" className="GameBoy.Tests.CartridgeHeaderTests" name="RamSize_CalculatesCorrectSizeForStandardCodes" />
    </UnitTest>
    <UnitTest name="GameBoy.Tests.Mbc5Tests.BatteryInterface_GetExternalRam_ReturnsDataIfModified" storage="/home/runner/work/blazorboy/blazorboy/src/gameboy.tests/bin/debug/net8.0/gameboy.tests.dll" id="33e21037-951c-3984-e25a-6ac5be42e655">
      <Execution id="324a3b85-00b1-442b-9b12-e2ca23abdce7" />
      <TestMethod codeBase="/home/runner/work/BlazorBoy/BlazorBoy/src/GameBoy.Tests/bin/Debug/net8.0/GameBoy.Tests.dll" adapterTypeName="executor://xunit/VsTestRunner2/netcoreapp" className="GameBoy.Tests.Mbc5Tests" name="BatteryInterface_GetExternalRam_ReturnsDataIfModified" />
    </UnitTest>
    <UnitTest name="GameBoy.Tests.CartridgeMmuIntegrationTests.Mmu_WriteByte_RoutesToCartridgeRom" storage="/home/runner/work/blazorboy/blazorboy/src/gameboy.tests/bin/debug/net8.0/gameboy.tests.dll" id="00713273-ffaf-eabf-2926-cb2bda7c8482">
      <Execution id="47f3c47b-5dc5-4e49-914c-7405ad6ef8cd" />
      <TestMethod codeBase="/home/runner/work/BlazorBoy/BlazorBoy/src/GameBoy.Tests/bin/Debug/net8.0/GameBoy.Tests.dll" adapterTypeName="executor://xunit/VsTestRunner2/netcoreapp" className="GameBoy.Tests.CartridgeMmuIntegrationTests" name="Mmu_WriteByte_RoutesToCartridgeRom" />
    </UnitTest>
    <UnitTest name="GameBoy.Tests.AluTests.SubtractWithCarry_CarryInCausesUnderflow" storage="/home/runner/work/blazorboy/blazorboy/src/gameboy.tests/bin/debug/net8.0/gameboy.tests.dll" id="04567a99-31ad-e68c-43f8-bafe9bfa1d3d">
      <Execution id="00c060d0-05c2-4515-9e01-3f84c08dccc8" />
      <TestMethod codeBase="/home/runner/work/BlazorBoy/BlazorBoy/src/GameBoy.Tests/bin/Debug/net8.0/GameBoy.Tests.dll" adapterTypeName="executor://xunit/VsTestRunner2/netcoreapp" className="GameBoy.Tests.AluTests" name="SubtractWithCarry_CarryInCausesUnderflow" />
    </UnitTest>
    <UnitTest name="GameBoy.Tests.AluTests.Add_HalfCarryOnly_SetsHalfCarryFlag" storage="/home/runner/work/blazorboy/blazorboy/src/gameboy.tests/bin/debug/net8.0/gameboy.tests.dll" id="b150f0c7-fa26-71ca-4a24-1979b341f3ca">
      <Execution id="253341db-f856-4d1d-9046-0ac45df1cc4c" />
      <TestMethod codeBase="/home/runner/work/BlazorBoy/BlazorBoy/src/GameBoy.Tests/bin/Debug/net8.0/GameBoy.Tests.dll" adapterTypeName="executor://xunit/VsTestRunner2/netcoreapp" className="GameBoy.Tests.AluTests" name="Add_HalfCarryOnly_SetsHalfCarryFlag" />
    </UnitTest>
    <UnitTest name="GameBoy.Tests.CartridgeHeaderTests.RomSize_CalculatesCorrectSizeForStandardCodes(code: 4, expectedSize: 524288)" storage="/home/runner/work/blazorboy/blazorboy/src/gameboy.tests/bin/debug/net8.0/gameboy.tests.dll" id="0e1a1065-5acf-b7b2-59dc-9aa570229662">
      <Execution id="2b9ce123-bfff-4b8d-a035-73495bcfa0d1" />
      <TestMethod codeBase="/home/runner/work/BlazorBoy/BlazorBoy/src/GameBoy.Tests/bin/Debug/net8.0/GameBoy.Tests.dll" adapterTypeName="executor://xunit/VsTestRunner2/netcoreapp" className="GameBoy.Tests.CartridgeHeaderTests" name="RomSize_CalculatesCorrectSizeForStandardCodes" />
    </UnitTest>
    <UnitTest name="GameBoy.Tests.AluTests.Compare_Equal_SetsZeroFlag" storage="/home/runner/work/blazorboy/blazorboy/src/gameboy.tests/bin/debug/net8.0/gameboy.tests.dll" id="8cb0f3cb-85ff-d610-1cb2-ffb9ebd4ca3b">
      <Execution id="8692593c-aa74-4e44-8809-7ef3b8036d2e" />
      <TestMethod codeBase="/home/runner/work/BlazorBoy/BlazorBoy/src/GameBoy.Tests/bin/Debug/net8.0/GameBoy.Tests.dll" adapterTypeName="executor://xunit/VsTestRunner2/netcoreapp" className="GameBoy.Tests.AluTests" name="Compare_Equal_SetsZeroFlag" />
    </UnitTest>
    <UnitTest name="GameBoy.Tests.MmuTests.IE_Register_ReadWriteRoundTrip" storage="/home/runner/work/blazorboy/blazorboy/src/gameboy.tests/bin/debug/net8.0/gameboy.tests.dll" id="f852aa46-1c23-85f8-8f34-1c64041782d8">
      <Execution id="999f2725-d84f-4561-a61e-62ccb86aa71c" />
      <TestMethod codeBase="/home/runner/work/BlazorBoy/BlazorBoy/src/GameBoy.Tests/bin/Debug/net8.0/GameBoy.Tests.dll" adapterTypeName="executor://xunit/VsTestRunner2/netcoreapp" className="GameBoy.Tests.MmuTests" name="IE_Register_ReadWriteRoundTrip" />
    </UnitTest>
    <UnitTest name="GameBoy.Tests.Mbc3Tests.WriteRom_MaxBankNumber_WorksWithinLimits" storage="/home/runner/work/blazorboy/blazorboy/src/gameboy.tests/bin/debug/net8.0/gameboy.tests.dll" id="29e27428-df27-a7d3-6aa8-6bd0e60a4af9">
      <Execution id="6165b427-fba0-4cbc-a21c-dc9a516625f6" />
      <TestMethod codeBase="/home/runner/work/BlazorBoy/BlazorBoy/src/GameBoy.Tests/bin/Debug/net8.0/GameBoy.Tests.dll" adapterTypeName="executor://xunit/VsTestRunner2/netcoreapp" className="GameBoy.Tests.Mbc3Tests" name="WriteRom_MaxBankNumber_WorksWithinLimits" />
    </UnitTest>
    <UnitTest name="GameBoy.Tests.CpuTests.Nop_DoesNothing" storage="/home/runner/work/blazorboy/blazorboy/src/gameboy.tests/bin/debug/net8.0/gameboy.tests.dll" id="e1aa7990-1da1-83da-996d-146c1ddd0d6c">
      <Execution id="831599c6-ff90-44e0-a517-2bfea3b92459" />
      <TestMethod codeBase="/home/runner/work/BlazorBoy/BlazorBoy/src/GameBoy.Tests/bin/Debug/net8.0/GameBoy.Tests.dll" adapterTypeName="executor://xunit/VsTestRunner2/netcoreapp" className="GameBoy.Tests.CpuTests" name="Nop_DoesNothing" />
    </UnitTest>
    <UnitTest name="GameBoy.Tests.CpuAddressingTests.SetR8_SetsCorrectRegisterValues" storage="/home/runner/work/blazorboy/blazorboy/src/gameboy.tests/bin/debug/net8.0/gameboy.tests.dll" id="842372a3-4c75-5446-4153-0efabaa521b2">
      <Execution id="d8c97e6f-3a08-49db-80e7-248131da3dfe" />
      <TestMethod codeBase="/home/runner/work/BlazorBoy/BlazorBoy/src/GameBoy.Tests/bin/Debug/net8.0/GameBoy.Tests.dll" adapterTypeName="executor://xunit/VsTestRunner2/netcoreapp" className="GameBoy.Tests.CpuAddressingTests" name="SetR8_SetsCorrectRegisterValues" />
    </UnitTest>
    <UnitTest name="GameBoy.Tests.CartridgeTests.Detect_NullRom_ThrowsArgumentException" storage="/home/runner/work/blazorboy/blazorboy/src/gameboy.tests/bin/debug/net8.0/gameboy.tests.dll" id="5d9df125-8a39-59f2-6303-c01c771a22b9">
      <Execution id="c63c2808-7fe8-476b-af5e-0dc18fba0b88" />
      <TestMethod codeBase="/home/runner/work/BlazorBoy/BlazorBoy/src/GameBoy.Tests/bin/Debug/net8.0/GameBoy.Tests.dll" adapterTypeName="executor://xunit/VsTestRunner2/netcoreapp" className="GameBoy.Tests.CartridgeTests" name="Detect_NullRom_ThrowsArgumentException" />
    </UnitTest>
    <UnitTest name="GameBoy.Tests.AluTests.Add_HalfCarryBoundary_CorrectFlags" storage="/home/runner/work/blazorboy/blazorboy/src/gameboy.tests/bin/debug/net8.0/gameboy.tests.dll" id="b942a944-0529-1d1d-8c96-e0b3d1d7729e">
      <Execution id="ec59c853-a552-45dd-b95a-afa54c31bcda" />
      <TestMethod codeBase="/home/runner/work/BlazorBoy/BlazorBoy/src/GameBoy.Tests/bin/Debug/net8.0/GameBoy.Tests.dll" adapterTypeName="executor://xunit/VsTestRunner2/netcoreapp" className="GameBoy.Tests.AluTests" name="Add_HalfCarryBoundary_CorrectFlags" />
    </UnitTest>
    <UnitTest name="GameBoy.Tests.CartridgeHeaderTests.RomSize_InvalidCodes_DefaultsTo32KB(code: 85)" storage="/home/runner/work/blazorboy/blazorboy/src/gameboy.tests/bin/debug/net8.0/gameboy.tests.dll" id="bb65a884-d37a-bdc9-a63d-7b9d786807d1">
      <Execution id="cf801777-5f3b-459d-aa84-0fdf296c4a85" />
      <TestMethod codeBase="/home/runner/work/BlazorBoy/BlazorBoy/src/GameBoy.Tests/bin/Debug/net8.0/GameBoy.Tests.dll" adapterTypeName="executor://xunit/VsTestRunner2/netcoreapp" className="GameBoy.Tests.CartridgeHeaderTests" name="RomSize_InvalidCodes_DefaultsTo32KB" />
    </UnitTest>
    <UnitTest name="GameBoy.Tests.AluTests.Add_EdgeCases_BehavesCorrectly(a: 127, operand: 1)" storage="/home/runner/work/blazorboy/blazorboy/src/gameboy.tests/bin/debug/net8.0/gameboy.tests.dll" id="854906ef-44e3-5671-1b10-24de982401a2">
      <Execution id="4be38433-4f6d-49d0-9a09-649647c8b2ed" />
      <TestMethod codeBase="/home/runner/work/BlazorBoy/BlazorBoy/src/GameBoy.Tests/bin/Debug/net8.0/GameBoy.Tests.dll" adapterTypeName="executor://xunit/VsTestRunner2/netcoreapp" className="GameBoy.Tests.AluTests" name="Add_EdgeCases_BehavesCorrectly" />
    </UnitTest>
    <UnitTest name="GameBoy.Tests.CartridgeHeaderTests.RomSize_InvalidCodes_DefaultsTo32KB(code: 255)" storage="/home/runner/work/blazorboy/blazorboy/src/gameboy.tests/bin/debug/net8.0/gameboy.tests.dll" id="6a0c53f0-2c18-115f-f674-49a785fc4aaf">
      <Execution id="25b7b043-6867-4407-a431-87a116f680df" />
      <TestMethod codeBase="/home/runner/work/BlazorBoy/BlazorBoy/src/GameBoy.Tests/bin/Debug/net8.0/GameBoy.Tests.dll" adapterTypeName="executor://xunit/VsTestRunner2/netcoreapp" className="GameBoy.Tests.CartridgeHeaderTests" name="RomSize_InvalidCodes_DefaultsTo32KB" />
    </UnitTest>
    <UnitTest name="GameBoy.Tests.CpuAddressingTests.SetR8_ThrowsForReservedIndex" storage="/home/runner/work/blazorboy/blazorboy/src/gameboy.tests/bin/debug/net8.0/gameboy.tests.dll" id="bb6d6d49-b42d-12b0-93af-94d6a5818cca">
      <Execution id="fae9835d-6a88-4f2a-8f6b-2213f0dd7443" />
      <TestMethod codeBase="/home/runner/work/BlazorBoy/BlazorBoy/src/GameBoy.Tests/bin/Debug/net8.0/GameBoy.Tests.dll" adapterTypeName="executor://xunit/VsTestRunner2/netcoreapp" className="GameBoy.Tests.CpuAddressingTests" name="SetR8_ThrowsForReservedIndex" />
    </UnitTest>
    <UnitTest name="GameBoy.Tests.Mbc1Tests.ReadRom_BankX_ReadsFromSwitchableBank" storage="/home/runner/work/blazorboy/blazorboy/src/gameboy.tests/bin/debug/net8.0/gameboy.tests.dll" id="4cabacea-653b-d135-c20d-4b3c21639445">
      <Execution id="3e6ca73d-3cb4-440a-b951-0ba5237c3b21" />
      <TestMethod codeBase="/home/runner/work/BlazorBoy/BlazorBoy/src/GameBoy.Tests/bin/Debug/net8.0/GameBoy.Tests.dll" adapterTypeName="executor://xunit/VsTestRunner2/netcoreapp" className="GameBoy.Tests.Mbc1Tests" name="ReadRom_BankX_ReadsFromSwitchableBank" />
    </UnitTest>
    <UnitTest name="GameBoy.Tests.EmulatorMbcIntegrationTests.Emulator_LoadRom_AllUnsupportedMbcTypes_ThrowsNotSupportedException(cartridgeType: 254, expectedMbcName: &quot;HuC3&quot;)" storage="/home/runner/work/blazorboy/blazorboy/src/gameboy.tests/bin/debug/net8.0/gameboy.tests.dll" id="34ba6aef-23b1-36de-6e3a-5dcc805b4fb9">
      <Execution id="189bb045-2d7f-4e97-a4eb-8e72ada1bf08" />
      <TestMethod codeBase="/home/runner/work/BlazorBoy/BlazorBoy/src/GameBoy.Tests/bin/Debug/net8.0/GameBoy.Tests.dll" adapterTypeName="executor://xunit/VsTestRunner2/netcoreapp" className="GameBoy.Tests.EmulatorMbcIntegrationTests" name="Emulator_LoadRom_AllUnsupportedMbcTypes_ThrowsNotSupportedException" />
    </UnitTest>
    <UnitTest name="GameBoy.Tests.InstructionDecodingTests.OpcodeTable_Primary_Has256Entries" storage="/home/runner/work/blazorboy/blazorboy/src/gameboy.tests/bin/debug/net8.0/gameboy.tests.dll" id="5f331914-41b3-92d2-2fc0-87e754e4a46b">
      <Execution id="7213a81d-d89c-4933-8835-9137763de23e" />
      <TestMethod codeBase="/home/runner/work/BlazorBoy/BlazorBoy/src/GameBoy.Tests/bin/Debug/net8.0/GameBoy.Tests.dll" adapterTypeName="executor://xunit/VsTestRunner2/netcoreapp" className="GameBoy.Tests.InstructionDecodingTests" name="OpcodeTable_Primary_Has256Entries" />
    </UnitTest>
    <UnitTest name="GameBoy.Tests.EmulatorTests.Constructor_InitializesPostBiosState" storage="/home/runner/work/blazorboy/blazorboy/src/gameboy.tests/bin/debug/net8.0/gameboy.tests.dll" id="6e54a05e-b477-f829-bb5e-dcbef35d8f59">
      <Execution id="8582e662-8686-491b-8441-9eeaae0a5a96" />
      <TestMethod codeBase="/home/runner/work/BlazorBoy/BlazorBoy/src/GameBoy.Tests/bin/Debug/net8.0/GameBoy.Tests.dll" adapterTypeName="executor://xunit/VsTestRunner2/netcoreapp" className="GameBoy.Tests.EmulatorTests" name="Constructor_InitializesPostBiosState" />
    </UnitTest>
    <UnitTest name="GameBoy.Tests.CpuAddressingTests.AddressingHelpers_HighRAM_WorksWithOpcodes" storage="/home/runner/work/blazorboy/blazorboy/src/gameboy.tests/bin/debug/net8.0/gameboy.tests.dll" id="1ce02f8c-966b-9d03-e6ad-81a3ad8ee1c4">
      <Execution id="548d3503-2a9c-4faa-a40a-1c77571dc3a1" />
      <TestMethod codeBase="/home/runner/work/BlazorBoy/BlazorBoy/src/GameBoy.Tests/bin/Debug/net8.0/GameBoy.Tests.dll" adapterTypeName="executor://xunit/VsTestRunner2/netcoreapp" className="GameBoy.Tests.CpuAddressingTests" name="AddressingHelpers_HighRAM_WorksWithOpcodes" />
    </UnitTest>
    <UnitTest name="GameBoy.Tests.Mbc1Tests.WriteRom_AdvancedBankingMode_Bank0AreaBanking" storage="/home/runner/work/blazorboy/blazorboy/src/gameboy.tests/bin/debug/net8.0/gameboy.tests.dll" id="26883bbb-ed62-9ce9-3caf-c0e39a2a600e">
      <Execution id="e7d6f38b-5865-4eb6-9e1e-7de4893481fd" />
      <TestMethod codeBase="/home/runner/work/BlazorBoy/BlazorBoy/src/GameBoy.Tests/bin/Debug/net8.0/GameBoy.Tests.dll" adapterTypeName="executor://xunit/VsTestRunner2/netcoreapp" className="GameBoy.Tests.Mbc1Tests" name="WriteRom_AdvancedBankingMode_Bank0AreaBanking" />
    </UnitTest>
    <UnitTest name="GameBoy.Tests.CpuAddressingTests.GetR16_ReturnsCorrectRegisterPairValues" storage="/home/runner/work/blazorboy/blazorboy/src/gameboy.tests/bin/debug/net8.0/gameboy.tests.dll" id="1ecaf514-8cf2-6903-aa03-cbaa2bca845b">
      <Execution id="9bdf8a94-04e6-4a9e-813e-a52f99b7c92d" />
      <TestMethod codeBase="/home/runner/work/BlazorBoy/BlazorBoy/src/GameBoy.Tests/bin/Debug/net8.0/GameBoy.Tests.dll" adapterTypeName="executor://xunit/VsTestRunner2/netcoreapp" className="GameBoy.Tests.CpuAddressingTests" name="GetR16_ReturnsCorrectRegisterPairValues" />
    </UnitTest>
    <UnitTest name="GameBoy.Tests.Mbc3Tests.RtcLatch_ExtremeValues_HandledGracefully" storage="/home/runner/work/blazorboy/blazorboy/src/gameboy.tests/bin/debug/net8.0/gameboy.tests.dll" id="17117808-92f4-a49f-104a-27c2dae91b62">
      <Execution id="305205d1-c8e3-4647-bd00-27fda3e715e5" />
      <TestMethod codeBase="/home/runner/work/BlazorBoy/BlazorBoy/src/GameBoy.Tests/bin/Debug/net8.0/GameBoy.Tests.dll" adapterTypeName="executor://xunit/VsTestRunner2/netcoreapp" className="GameBoy.Tests.Mbc3Tests" name="RtcLatch_ExtremeValues_HandledGracefully" />
    </UnitTest>
    <UnitTest name="GameBoy.Tests.CartridgeHeaderTests.RomSize_CalculatesCorrectSizeForStandardCodes(code: 0, expectedSize: 32768)" storage="/home/runner/work/blazorboy/blazorboy/src/gameboy.tests/bin/debug/net8.0/gameboy.tests.dll" id="c34393e5-11ff-d095-6271-fff69a281c2a">
      <Execution id="2dbfe3c2-3416-4d92-912b-a0e3a5ccfb75" />
      <TestMethod codeBase="/home/runner/work/BlazorBoy/BlazorBoy/src/GameBoy.Tests/bin/Debug/net8.0/GameBoy.Tests.dll" adapterTypeName="executor://xunit/VsTestRunner2/netcoreapp" className="GameBoy.Tests.CartridgeHeaderTests" name="RomSize_CalculatesCorrectSizeForStandardCodes" />
    </UnitTest>
    <UnitTest name="GameBoy.Tests.AluTests.Subtract_EdgeCases_BehavesCorrectly(a: 0, operand: 0)" storage="/home/runner/work/blazorboy/blazorboy/src/gameboy.tests/bin/debug/net8.0/gameboy.tests.dll" id="beeaf338-08db-958d-aa1f-1ee2f061ec4b">
      <Execution id="caa1f471-f663-4e21-8c93-e6d8853aab60" />
      <TestMethod codeBase="/home/runner/work/BlazorBoy/BlazorBoy/src/GameBoy.Tests/bin/Debug/net8.0/GameBoy.Tests.dll" adapterTypeName="executor://xunit/VsTestRunner2/netcoreapp" className="GameBoy.Tests.AluTests" name="Subtract_EdgeCases_BehavesCorrectly" />
    </UnitTest>
    <UnitTest name="GameBoy.Tests.CpuAddressingTests.AddressingHelpers_WorkWithOpcodeExecution" storage="/home/runner/work/blazorboy/blazorboy/src/gameboy.tests/bin/debug/net8.0/gameboy.tests.dll" id="fdb2cf0c-963b-0925-7ea4-74bfa1abb27b">
      <Execution id="8d9b90c6-73be-4e4a-a8be-3619760da70f" />
      <TestMethod codeBase="/home/runner/work/BlazorBoy/BlazorBoy/src/GameBoy.Tests/bin/Debug/net8.0/GameBoy.Tests.dll" adapterTypeName="executor://xunit/VsTestRunner2/netcoreapp" className="GameBoy.Tests.CpuAddressingTests" name="AddressingHelpers_WorkWithOpcodeExecution" />
    </UnitTest>
  </TestDefinitions>
  <TestEntries>
    <TestEntry testId="97046c6a-6e81-8947-5978-8b6f728ddfb1" executionId="2877f84f-6ba2-4da3-9d98-2914739a1336" testListId="8c84fa94-04c1-424b-9868-57a2d4851a1d" />
    <TestEntry testId="947b70cd-4d84-9b6b-4580-d269db74ee3f" executionId="f790afd4-54b7-4cd9-a314-c963a58e43b8" testListId="8c84fa94-04c1-424b-9868-57a2d4851a1d" />
    <TestEntry testId="9254af5a-af8d-f19f-0feb-43b5eb588fad" executionId="5007f169-42db-40e4-8750-73bab77492e3" testListId="8c84fa94-04c1-424b-9868-57a2d4851a1d" />
    <TestEntry testId="00713273-ffaf-eabf-2926-cb2bda7c8482" executionId="47f3c47b-5dc5-4e49-914c-7405ad6ef8cd" testListId="8c84fa94-04c1-424b-9868-57a2d4851a1d" />
    <TestEntry testId="41624f13-3643-f362-2897-db328849f012" executionId="be759e96-b7bb-4060-a77e-315be11965ea" testListId="8c84fa94-04c1-424b-9868-57a2d4851a1d" />
    <TestEntry testId="5ae6f225-fd3d-b9aa-d3bf-ff8feb208f3b" executionId="4ab5d72c-aee9-4042-9dfe-9d82a2740bb6" testListId="8c84fa94-04c1-424b-9868-57a2d4851a1d" />
    <TestEntry testId="d3d7520c-9946-57c4-5e03-6827c9a83283" executionId="58ec5ee3-f307-45eb-b34b-7250bf61883d" testListId="8c84fa94-04c1-424b-9868-57a2d4851a1d" />
    <TestEntry testId="3ff5ba0f-280e-7578-da34-44c3b7dcff2f" executionId="a47eeee0-8f20-43d9-a342-0ac26472c51f" testListId="8c84fa94-04c1-424b-9868-57a2d4851a1d" />
    <TestEntry testId="5d0681c7-3e5a-5897-1e98-fc50e07cb646" executionId="149a9d5a-d65f-4c06-9ab4-37ce30837718" testListId="8c84fa94-04c1-424b-9868-57a2d4851a1d" />
    <TestEntry testId="9eca94b8-e39f-4c3b-e39a-9ff33450cb46" executionId="76b6aa71-119c-4ec4-b74c-f46968f50874" testListId="8c84fa94-04c1-424b-9868-57a2d4851a1d" />
    <TestEntry testId="a843a51a-9783-4af2-c639-b0c877e3f93a" executionId="1034dac1-3c72-430c-9c88-9952cd7b4cc0" testListId="8c84fa94-04c1-424b-9868-57a2d4851a1d" />
    <TestEntry testId="b71c3882-879b-f996-c9ef-6e6f82095fa6" executionId="2b93f46e-70af-4d8b-b457-450c21000d5c" testListId="8c84fa94-04c1-424b-9868-57a2d4851a1d" />
    <TestEntry testId="b1a9a11f-fa15-53d6-5818-6df3c49e875c" executionId="9d48daf8-71cb-4910-9115-91acd4aaaeee" testListId="8c84fa94-04c1-424b-9868-57a2d4851a1d" />
    <TestEntry testId="3bd37e17-a357-dd0e-5c35-ff1e954d110b" executionId="18e82e2d-d83a-4e3e-84ea-a138b0884261" testListId="8c84fa94-04c1-424b-9868-57a2d4851a1d" />
    <TestEntry testId="c49e2d00-a0d3-4c30-1fc8-7297b872142a" executionId="0bae468f-bc16-4a5e-b3ed-fbd4487aa362" testListId="8c84fa94-04c1-424b-9868-57a2d4851a1d" />
    <TestEntry testId="aa62db2f-bb74-b7aa-d62d-6596b839e885" executionId="e8ade6dd-acbc-4a9e-85c4-cf4d4daa72e5" testListId="8c84fa94-04c1-424b-9868-57a2d4851a1d" />
    <TestEntry testId="c1b5930e-abc0-c16e-85c6-cd5ff1cb4510" executionId="1e1398f2-08b1-4fc6-8c81-c5f69f26916b" testListId="8c84fa94-04c1-424b-9868-57a2d4851a1d" />
    <TestEntry testId="ef6c030d-e675-ebed-ffa8-ce7bf5feed31" executionId="50947b37-af53-42de-bd05-4214b32df9f6" testListId="8c84fa94-04c1-424b-9868-57a2d4851a1d" />
    <TestEntry testId="ed5cd5b1-d1f5-e057-68bb-f73e10f36c84" executionId="ab71acd0-a68c-4ffd-9517-86fe40ffc339" testListId="8c84fa94-04c1-424b-9868-57a2d4851a1d" />
    <TestEntry testId="a7bf5563-2cb2-c215-2dac-5d52641bf01d" executionId="0340701e-2de6-4de4-9d4d-290b9a7a4159" testListId="8c84fa94-04c1-424b-9868-57a2d4851a1d" />
    <TestEntry testId="96977a3e-1a95-c780-8b0f-9b9e70addc86" executionId="b574d66f-7837-4e2b-ad89-4ad0bc23ca24" testListId="8c84fa94-04c1-424b-9868-57a2d4851a1d" />
    <TestEntry testId="6e54a05e-b477-f829-bb5e-dcbef35d8f59" executionId="8582e662-8686-491b-8441-9eeaae0a5a96" testListId="8c84fa94-04c1-424b-9868-57a2d4851a1d" />
    <TestEntry testId="e0bae790-fddb-006d-e831-2cde76b6368e" executionId="d8f4cdab-302b-40f1-b461-5ce784a3bed6" testListId="8c84fa94-04c1-424b-9868-57a2d4851a1d" />
    <TestEntry testId="9e76cdfa-4287-5678-59bc-a2ef16368684" executionId="9cd31239-f63b-4d64-908b-c185fbf30fe6" testListId="8c84fa94-04c1-424b-9868-57a2d4851a1d" />
    <TestEntry testId="d345d1bd-f78e-8ab1-56d8-a66e5b9e192c" executionId="2bcf1cfa-b6a1-477b-8b7c-6615da701118" testListId="8c84fa94-04c1-424b-9868-57a2d4851a1d" />
    <TestEntry testId="1ce02f8c-966b-9d03-e6ad-81a3ad8ee1c4" executionId="548d3503-2a9c-4faa-a40a-1c77571dc3a1" testListId="8c84fa94-04c1-424b-9868-57a2d4851a1d" />
    <TestEntry testId="5b470fa9-7bb8-c70a-13cd-6b0c5673a526" executionId="3a148cd7-aa71-407a-8e11-fc70b1afdd22" testListId="8c84fa94-04c1-424b-9868-57a2d4851a1d" />
    <TestEntry testId="c23f992b-b22d-866c-b429-ddd8381c37c6" executionId="019cd4d8-187d-40d1-9767-9df66f6e9174" testListId="8c84fa94-04c1-424b-9868-57a2d4851a1d" />
    <TestEntry testId="9dbf0ab8-0850-9f84-3b93-061020f06f9a" executionId="bfda84a2-b7b0-425c-97b1-464bbfe8477a" testListId="8c84fa94-04c1-424b-9868-57a2d4851a1d" />
    <TestEntry testId="5fca08ae-038e-7ddb-042a-d45c775cc3a2" executionId="4751894a-ce18-4c8e-b239-0461602b257e" testListId="8c84fa94-04c1-424b-9868-57a2d4851a1d" />
    <TestEntry testId="1ecaf514-8cf2-6903-aa03-cbaa2bca845b" executionId="9bdf8a94-04e6-4a9e-813e-a52f99b7c92d" testListId="8c84fa94-04c1-424b-9868-57a2d4851a1d" />
    <TestEntry testId="eac1986f-bb1b-f50b-46b4-53e51dd584ab" executionId="96063236-ea6b-4250-a649-1bd99920aab8" testListId="8c84fa94-04c1-424b-9868-57a2d4851a1d" />
    <TestEntry testId="6f2ac7de-8e4f-7e79-2f26-32c891a5f0db" executionId="18c41099-9c90-4d00-b51d-69c9a7440b14" testListId="8c84fa94-04c1-424b-9868-57a2d4851a1d" />
    <TestEntry testId="f91ff194-938d-3151-15ad-e1bedb725c08" executionId="5b084db5-c6c1-4d5a-ad45-9869a813cdc4" testListId="8c84fa94-04c1-424b-9868-57a2d4851a1d" />
    <TestEntry testId="ce4c3f67-03df-f1e7-4c97-b130cbc4cb00" executionId="56c12066-aae2-4669-9d41-1b6d71b4e1e4" testListId="8c84fa94-04c1-424b-9868-57a2d4851a1d" />
    <TestEntry testId="1656c5e4-914c-d7f9-cac2-f94c3ce82834" executionId="63f8f4df-08ba-4d2e-a2b7-ac210706035c" testListId="8c84fa94-04c1-424b-9868-57a2d4851a1d" />
    <TestEntry testId="79ae824d-ef28-8a08-b47a-078c5e79a094" executionId="88150f94-8f58-40fd-8ca3-7a3403e42d66" testListId="8c84fa94-04c1-424b-9868-57a2d4851a1d" />
    <TestEntry testId="b9c40b62-f47a-cee1-575f-a163f569bddb" executionId="651293a8-cf3a-4680-ada4-489adc42b495" testListId="8c84fa94-04c1-424b-9868-57a2d4851a1d" />
    <TestEntry testId="e8e929bb-1529-0802-d2a3-a25e16295f97" executionId="4f0e8581-9054-4029-968e-ef9319b2ccc5" testListId="8c84fa94-04c1-424b-9868-57a2d4851a1d" />
    <TestEntry testId="854906ef-44e3-5671-1b10-24de982401a2" executionId="4be38433-4f6d-49d0-9a09-649647c8b2ed" testListId="8c84fa94-04c1-424b-9868-57a2d4851a1d" />
    <TestEntry testId="b60c5050-48cc-a513-8c20-d39039775d13" executionId="aa226a3a-4d0c-4f14-8675-5310e57e43dd" testListId="8c84fa94-04c1-424b-9868-57a2d4851a1d" />
    <TestEntry testId="b5f40ad3-582a-aeab-e8e8-850be670f750" executionId="3f5cbcdc-d243-484b-bfec-4090f1e5ee43" testListId="8c84fa94-04c1-424b-9868-57a2d4851a1d" />
    <TestEntry testId="800633a9-c281-8a02-ccd0-0706d0f50e41" executionId="00fae04f-6d58-4922-bbda-650f229175b4" testListId="8c84fa94-04c1-424b-9868-57a2d4851a1d" />
    <TestEntry testId="d0edd84d-2f50-3142-246d-c739cb00af81" executionId="91d02dae-0af8-4835-a476-caf6780ab58d" testListId="8c84fa94-04c1-424b-9868-57a2d4851a1d" />
    <TestEntry testId="632b4574-536b-363d-b3df-3cea0d75d690" executionId="9fc405bb-2d30-4d12-bd2a-68b81a6ae2cf" testListId="8c84fa94-04c1-424b-9868-57a2d4851a1d" />
    <TestEntry testId="15e035ed-afb8-5321-580b-fab9257f66ce" executionId="7a27b55c-12d0-4abb-a9d6-362eed2e6851" testListId="8c84fa94-04c1-424b-9868-57a2d4851a1d" />
    <TestEntry testId="e5d42409-ac9d-df3e-a096-d0c7d1b4028f" executionId="e6e1f58d-2ce5-4a68-b673-79f0f6b08b96" testListId="8c84fa94-04c1-424b-9868-57a2d4851a1d" />
    <TestEntry testId="316e284d-edd5-4bd1-fc45-78d929242d67" executionId="da6ce74e-d224-4fa2-8ccf-fa29f8bff8f5" testListId="8c84fa94-04c1-424b-9868-57a2d4851a1d" />
    <TestEntry testId="dfa8f005-e088-66b0-9056-afac8b9a2771" executionId="21ea6c1f-3120-4118-9566-dd164fdddf14" testListId="8c84fa94-04c1-424b-9868-57a2d4851a1d" />
    <TestEntry testId="f5c487c0-bd35-fb9f-7c01-87de885468b0" executionId="d4e47e1c-ab42-41f0-ad75-dfc12079d62a" testListId="8c84fa94-04c1-424b-9868-57a2d4851a1d" />
    <TestEntry testId="fb14dbd9-3f14-990f-c390-f23538e326aa" executionId="5b5212c6-06e4-43d6-bb42-8e29a4ff74dd" testListId="8c84fa94-04c1-424b-9868-57a2d4851a1d" />
    <TestEntry testId="d9602e59-b78b-59fb-0ce2-40e1df8134c9" executionId="089368ee-1e45-4dc5-bfd4-290196bfb672" testListId="8c84fa94-04c1-424b-9868-57a2d4851a1d" />
    <TestEntry testId="8f9f63db-2214-9cab-2eef-1fb3bb4b65a4" executionId="f46bc5a0-f82d-4373-bb1b-a2136ce8e32c" testListId="8c84fa94-04c1-424b-9868-57a2d4851a1d" />
    <TestEntry testId="6ae15b65-ae4b-1bce-4c25-6a54788ea6c7" executionId="09640978-89ca-4a50-8bb8-746aea57e0b1" testListId="8c84fa94-04c1-424b-9868-57a2d4851a1d" />
    <TestEntry testId="4fce3a6f-33cf-35ce-a94c-5813500576ce" executionId="e7537cb2-801e-43a3-ba7f-b9f51a0218b6" testListId="8c84fa94-04c1-424b-9868-57a2d4851a1d" />
    <TestEntry testId="1577a67b-c6e1-3fec-6f1a-e23b16f3c308" executionId="92b3b743-1aa1-4977-99f1-54e1e7d532ce" testListId="8c84fa94-04c1-424b-9868-57a2d4851a1d" />
    <TestEntry testId="17117808-92f4-a49f-104a-27c2dae91b62" executionId="305205d1-c8e3-4647-bd00-27fda3e715e5" testListId="8c84fa94-04c1-424b-9868-57a2d4851a1d" />
    <TestEntry testId="78862126-efef-49da-6328-723a942c39d3" executionId="25d03b9f-a354-40c2-94a4-3bfc65fb5852" testListId="8c84fa94-04c1-424b-9868-57a2d4851a1d" />
    <TestEntry testId="978040fa-4f8b-36da-ab29-4799df628420" executionId="90ea8f9f-3826-4cc0-8872-27e7d52fd1c3" testListId="8c84fa94-04c1-424b-9868-57a2d4851a1d" />
    <TestEntry testId="dae4ed5e-68f7-ae13-06ad-634f1ae3e185" executionId="c988905c-cfb0-430f-802b-977cab8e5775" testListId="8c84fa94-04c1-424b-9868-57a2d4851a1d" />
    <TestEntry testId="0601d065-bb56-7b28-9b46-f6b4ea60b390" executionId="2662bb5b-4eb7-4875-8f7e-b35d4797ed66" testListId="8c84fa94-04c1-424b-9868-57a2d4851a1d" />
    <TestEntry testId="f506546c-55c3-226b-f092-bf46c3b0e995" executionId="4709c333-260f-49a7-ba3a-2ae8c7d1b6b2" testListId="8c84fa94-04c1-424b-9868-57a2d4851a1d" />
    <TestEntry testId="858dcae1-c567-bff8-3421-4c4b006488f5" executionId="411d9150-6c3f-4c9d-b380-076b81a9439a" testListId="8c84fa94-04c1-424b-9868-57a2d4851a1d" />
    <TestEntry testId="4ef83935-2c9d-9172-b02d-2e01d610b9a6" executionId="35c9930b-b2cd-4241-87d3-f098561372f0" testListId="8c84fa94-04c1-424b-9868-57a2d4851a1d" />
    <TestEntry testId="b402c6ca-9fa9-2358-e802-fe13886feb8b" executionId="79e3aef0-968a-4470-b22a-ffc5584425a2" testListId="8c84fa94-04c1-424b-9868-57a2d4851a1d" />
    <TestEntry testId="6453f326-eec3-69c8-c371-8a4d45690011" executionId="c0dfd2a0-6d96-4c60-b636-83cbf06d636f" testListId="8c84fa94-04c1-424b-9868-57a2d4851a1d" />
    <TestEntry testId="bb6d6d49-b42d-12b0-93af-94d6a5818cca" executionId="fae9835d-6a88-4f2a-8f6b-2213f0dd7443" testListId="8c84fa94-04c1-424b-9868-57a2d4851a1d" />
    <TestEntry testId="de4e05da-3328-a544-d910-69d51975e04a" executionId="42bb33ba-cf42-43b5-9fe5-442eb53e11ea" testListId="8c84fa94-04c1-424b-9868-57a2d4851a1d" />
    <TestEntry testId="34179792-2372-f1a4-bfa2-c71419beeb96" executionId="3ecec2c3-d9d4-493f-9b08-b1b3af168c15" testListId="8c84fa94-04c1-424b-9868-57a2d4851a1d" />
    <TestEntry testId="736a4bef-bdb1-78f2-ba0b-46d191f101ec" executionId="d56e92ef-048c-489d-bc6e-ed333690eb0d" testListId="8c84fa94-04c1-424b-9868-57a2d4851a1d" />
    <TestEntry testId="1482e0f1-adca-ade8-b149-8abc934249b7" executionId="67f4124c-7587-4178-8edc-23198bc8a436" testListId="8c84fa94-04c1-424b-9868-57a2d4851a1d" />
    <TestEntry testId="6582d5da-7575-b5da-765c-6bd7f2c3c453" executionId="267a6e92-c236-4eb3-a995-953b91f6eb08" testListId="8c84fa94-04c1-424b-9868-57a2d4851a1d" />
    <TestEntry testId="60fe7012-5b2d-c287-e552-24c4866393ba" executionId="38b04e5d-7205-44ec-88e7-0f2ef70f9ec5" testListId="8c84fa94-04c1-424b-9868-57a2d4851a1d" />
    <TestEntry testId="08d7c887-cfdb-91f7-a4d3-c86efbebb1e3" executionId="6ef47635-4022-4b97-83bb-a15f1d9763a1" testListId="8c84fa94-04c1-424b-9868-57a2d4851a1d" />
    <TestEntry testId="06119e69-dfbf-234b-b8b0-6197b791bb56" executionId="4915d1f4-3a12-4e3f-a506-c196676610cf" testListId="8c84fa94-04c1-424b-9868-57a2d4851a1d" />
    <TestEntry testId="7d42feb9-bbac-5e95-7966-4598ed6ca7c8" executionId="85a1af8a-3235-46f5-a6a4-1015363bf3dc" testListId="8c84fa94-04c1-424b-9868-57a2d4851a1d" />
    <TestEntry testId="a6121617-b4c3-5aa2-fa38-ce9a01f41108" executionId="586bb6f1-789c-42cc-92bd-9404650b6569" testListId="8c84fa94-04c1-424b-9868-57a2d4851a1d" />
    <TestEntry testId="7d3ff08e-32d6-15e7-2b0a-f19eaaa9140e" executionId="f301f769-655b-4d37-b98a-1f6ebc5c4280" testListId="8c84fa94-04c1-424b-9868-57a2d4851a1d" />
    <TestEntry testId="35afbf55-0088-9a3d-88af-fa24445977ec" executionId="08d87677-5550-4540-b3d5-f6d8122ffa9e" testListId="8c84fa94-04c1-424b-9868-57a2d4851a1d" />
    <TestEntry testId="ab6aa2e3-320c-8f7b-e9af-5c9d131cbb2d" executionId="bc19199a-0e71-45fd-bdfd-7e6214b28039" testListId="8c84fa94-04c1-424b-9868-57a2d4851a1d" />
    <TestEntry testId="775f5db1-5f70-460a-b41a-0bd44483a2e8" executionId="bdfd8fd2-8d3a-40b3-b208-7dc1bdf82605" testListId="8c84fa94-04c1-424b-9868-57a2d4851a1d" />
    <TestEntry testId="bfb1d342-e7f4-aed9-f8c1-b4963cb41e12" executionId="c823cbe1-ffcb-4603-8ed5-64c0c499accf" testListId="8c84fa94-04c1-424b-9868-57a2d4851a1d" />
    <TestEntry testId="2f0ddee0-7fdb-c7a4-59d6-c0c2dfc9450d" executionId="66df73fa-ad97-45a0-b157-d6fd85f2865c" testListId="8c84fa94-04c1-424b-9868-57a2d4851a1d" />
    <TestEntry testId="16ac6d48-3c29-1113-a2f2-ffb9acaad24b" executionId="6113f7ec-9f3c-44af-a8ab-77587eee36e2" testListId="8c84fa94-04c1-424b-9868-57a2d4851a1d" />
    <TestEntry testId="4f4a5c37-0801-c8cd-ca9d-3dd3c079ddeb" executionId="8cf1ff83-5422-492e-88c4-03fb07a69f0a" testListId="8c84fa94-04c1-424b-9868-57a2d4851a1d" />
    <TestEntry testId="d3973571-32a8-c5e0-9b1c-cda06e91ccb3" executionId="97486ffd-9658-4540-81fe-8ce067d6e223" testListId="8c84fa94-04c1-424b-9868-57a2d4851a1d" />
    <TestEntry testId="0ef137cf-3441-6ca1-8a80-9137dfd5bd2c" executionId="058e411d-c815-43e2-a4ff-5d8cf0730d18" testListId="8c84fa94-04c1-424b-9868-57a2d4851a1d" />
    <TestEntry testId="d762547f-1f34-4efc-725e-aa84742baa26" executionId="221770c1-c76a-4a9f-96ca-6620647fe9d9" testListId="8c84fa94-04c1-424b-9868-57a2d4851a1d" />
    <TestEntry testId="bcb080de-7b48-8b9a-c3cc-d1356e3215db" executionId="f0e8df3b-a731-4b2c-acbb-1b2c86002282" testListId="8c84fa94-04c1-424b-9868-57a2d4851a1d" />
    <TestEntry testId="84ded9fb-ede0-3dc1-80e9-1a25585c6b33" executionId="9fbdb845-5ddb-45e1-adcc-678601226869" testListId="8c84fa94-04c1-424b-9868-57a2d4851a1d" />
    <TestEntry testId="81e9898a-dae0-2d9c-2628-6c8ec1abaae7" executionId="5152bda7-70c0-4b4c-9eb3-2e9e2d944589" testListId="8c84fa94-04c1-424b-9868-57a2d4851a1d" />
    <TestEntry testId="33e21037-951c-3984-e25a-6ac5be42e655" executionId="324a3b85-00b1-442b-9b12-e2ca23abdce7" testListId="8c84fa94-04c1-424b-9868-57a2d4851a1d" />
    <TestEntry testId="ce47119b-555f-ee65-92de-3bb15cab0644" executionId="bc0c6229-5360-4d6b-8ae7-5c95eb6e1f61" testListId="8c84fa94-04c1-424b-9868-57a2d4851a1d" />
    <TestEntry testId="c0db7c81-a881-e4f5-0ea7-cff88ddfe178" executionId="4d7b2bde-b3f4-4b7f-af0e-eef3605d4728" testListId="8c84fa94-04c1-424b-9868-57a2d4851a1d" />
    <TestEntry testId="c487837f-bc02-4b5c-1084-74141b7cd152" executionId="757c9168-64bc-4975-a6a3-9428f9e58fa7" testListId="8c84fa94-04c1-424b-9868-57a2d4851a1d" />
    <TestEntry testId="af249e2c-5143-e89b-5b70-06a4d6e94623" executionId="c73c9b95-5f19-4ec3-be68-d5dfcde75b35" testListId="8c84fa94-04c1-424b-9868-57a2d4851a1d" />
    <TestEntry testId="abf8d7ba-f706-2765-abe8-1f16390792ce" executionId="dde7e41e-82ce-48a4-b29d-65e655a61a68" testListId="8c84fa94-04c1-424b-9868-57a2d4851a1d" />
    <TestEntry testId="1b9d65b8-139a-a2f4-8cd6-e1438d583a82" executionId="df953f51-b3cd-4d6c-86df-d2cdc470702a" testListId="8c84fa94-04c1-424b-9868-57a2d4851a1d" />
    <TestEntry testId="5d0d8ccb-a2bc-886d-beda-f4f6179b95cf" executionId="5c06e18b-e79c-464b-9e76-c4b5bff2aade" testListId="8c84fa94-04c1-424b-9868-57a2d4851a1d" />
    <TestEntry testId="4501750c-47b1-1500-d12b-8c4255549279" executionId="65385c50-8368-40b5-a46f-8fb15ad2f635" testListId="8c84fa94-04c1-424b-9868-57a2d4851a1d" />
    <TestEntry testId="2c628e7d-7b5c-b3e1-9694-ce7025fafa07" executionId="67409a48-1dbc-463f-8c12-43cdb6408c11" testListId="8c84fa94-04c1-424b-9868-57a2d4851a1d" />
    <TestEntry testId="4cabacea-653b-d135-c20d-4b3c21639445" executionId="3e6ca73d-3cb4-440a-b951-0ba5237c3b21" testListId="8c84fa94-04c1-424b-9868-57a2d4851a1d" />
    <TestEntry testId="42b1165a-c412-4f02-26e5-5e4d767a8d9f" executionId="1e2d263d-adff-4185-a52f-237994226d24" testListId="8c84fa94-04c1-424b-9868-57a2d4851a1d" />
    <TestEntry testId="4f41d852-180f-2523-dd4d-7c6a551e0868" executionId="1f7e28b7-fe41-416f-826b-758ee6b9c32b" testListId="8c84fa94-04c1-424b-9868-57a2d4851a1d" />
    <TestEntry testId="9011e578-9021-2ea1-2f28-2ef9d7bf8f9d" executionId="56723aab-f6fb-4def-bd63-6cb56fed5c6a" testListId="8c84fa94-04c1-424b-9868-57a2d4851a1d" />
    <TestEntry testId="e7e04a3e-1ec2-ba48-ac24-a7974f765367" executionId="99690c11-1b8e-4bd5-83ed-3f1b56fffe79" testListId="8c84fa94-04c1-424b-9868-57a2d4851a1d" />
    <TestEntry testId="fdcebadb-0653-3b7a-1e44-b449ea53d695" executionId="1a6f59bf-41b6-4795-8cb5-cfe7e3f300c7" testListId="8c84fa94-04c1-424b-9868-57a2d4851a1d" />
    <TestEntry testId="9a193880-0dbc-0c20-4bde-874bbeb0b7c0" executionId="95fa103d-fe14-4924-8f77-54377747da7f" testListId="8c84fa94-04c1-424b-9868-57a2d4851a1d" />
    <TestEntry testId="fdb2cf0c-963b-0925-7ea4-74bfa1abb27b" executionId="8d9b90c6-73be-4e4a-a8be-3619760da70f" testListId="8c84fa94-04c1-424b-9868-57a2d4851a1d" />
    <TestEntry testId="6a0c53f0-2c18-115f-f674-49a785fc4aaf" executionId="25b7b043-6867-4407-a431-87a116f680df" testListId="8c84fa94-04c1-424b-9868-57a2d4851a1d" />
    <TestEntry testId="3b99c33c-b8ac-a228-4beb-830e9e783e7b" executionId="fef845af-3e82-4d3a-92d6-1c381a763886" testListId="8c84fa94-04c1-424b-9868-57a2d4851a1d" />
    <TestEntry testId="35a43724-bb7a-aa6d-ce4d-11f4892a4d02" executionId="f8de30e7-e429-4f28-b332-8ab97df845b2" testListId="8c84fa94-04c1-424b-9868-57a2d4851a1d" />
    <TestEntry testId="e9dd6e02-63bd-b5c1-f963-b4c256130de1" executionId="780257fd-3226-4f52-8942-9c58b0cd4af7" testListId="8c84fa94-04c1-424b-9868-57a2d4851a1d" />
    <TestEntry testId="9237a3ba-0ae3-e8c9-4a5e-4cfc59fd3dad" executionId="a3ac2ad7-fc62-4304-a559-31f9cbdfc5c8" testListId="8c84fa94-04c1-424b-9868-57a2d4851a1d" />
    <TestEntry testId="8501c1ff-99df-e43e-04d1-1abd761272e3" executionId="00e1a52a-e79d-4c7b-bc7c-3967bd2d9671" testListId="8c84fa94-04c1-424b-9868-57a2d4851a1d" />
    <TestEntry testId="384b0a87-c0a9-5807-477b-a9400dded61d" executionId="64a5bbca-b551-43d6-8f6e-7e5cc25b8b18" testListId="8c84fa94-04c1-424b-9868-57a2d4851a1d" />
    <TestEntry testId="b4c8c3b9-a36c-6415-a70e-08ca70305f80" executionId="ad9dc7d8-6e18-44c7-8cd5-28ea4624e036" testListId="8c84fa94-04c1-424b-9868-57a2d4851a1d" />
    <TestEntry testId="534c64a1-8930-aca9-d3cf-404328265340" executionId="34474dfc-7da9-471b-821a-a4413c75e447" testListId="8c84fa94-04c1-424b-9868-57a2d4851a1d" />
    <TestEntry testId="4b1efd1d-1820-03cc-1d36-d771cb4401fa" executionId="5cd37cb4-7fec-41fa-bda1-d20c2ab21c9e" testListId="8c84fa94-04c1-424b-9868-57a2d4851a1d" />
    <TestEntry testId="0d5a7d16-1b49-533d-395a-8b9c7d4f8bf2" executionId="eea7919d-ab10-486b-baee-ff8eeaf27a50" testListId="8c84fa94-04c1-424b-9868-57a2d4851a1d" />
    <TestEntry testId="df1a0b85-3fcf-73cc-b0eb-77a8095511aa" executionId="e721eeb6-49c9-4a46-b229-f3aaf3b831df" testListId="8c84fa94-04c1-424b-9868-57a2d4851a1d" />
    <TestEntry testId="952e2890-324a-d838-d4b1-84d5ed86c944" executionId="ea23baa5-7dcf-4a30-be1e-00540a8daa0e" testListId="8c84fa94-04c1-424b-9868-57a2d4851a1d" />
    <TestEntry testId="0e1a1065-5acf-b7b2-59dc-9aa570229662" executionId="2b9ce123-bfff-4b8d-a035-73495bcfa0d1" testListId="8c84fa94-04c1-424b-9868-57a2d4851a1d" />
    <TestEntry testId="c16dde80-73df-e503-e4c5-5ac4986a1dbe" executionId="418c5ae8-549c-4c3c-b1d7-63f2dd50e8e7" testListId="8c84fa94-04c1-424b-9868-57a2d4851a1d" />
    <TestEntry testId="57d568c1-bd70-919f-3764-999333747a26" executionId="3a09af53-2551-4323-a68e-f84caa2476a0" testListId="8c84fa94-04c1-424b-9868-57a2d4851a1d" />
    <TestEntry testId="6336ba2d-9125-3123-2fea-5b0f73d2d9dd" executionId="cc8738a2-809e-44a3-b141-84390d7bb5e6" testListId="8c84fa94-04c1-424b-9868-57a2d4851a1d" />
    <TestEntry testId="9c76c2d4-6c77-4aca-32f2-bc9af242acb9" executionId="2d9c49f0-ec16-4cd7-bb8a-bb8b2f6e7627" testListId="8c84fa94-04c1-424b-9868-57a2d4851a1d" />
    <TestEntry testId="e0a8665e-5aca-ffd8-10a2-2a5ee0aa5dd8" executionId="05be366c-d67c-4b05-bab8-61f13a9b1670" testListId="8c84fa94-04c1-424b-9868-57a2d4851a1d" />
    <TestEntry testId="4316baa3-f969-5699-9071-8d86a141c6c5" executionId="f6cc9a10-3020-4ab0-bd04-2d2cd741c7b9" testListId="8c84fa94-04c1-424b-9868-57a2d4851a1d" />
    <TestEntry testId="481a9655-e6cf-cca5-fe8e-baa39a8def21" executionId="ba97f0a9-116d-41bb-a662-3fbc9d0a0eaf" testListId="8c84fa94-04c1-424b-9868-57a2d4851a1d" />
    <TestEntry testId="761e19f4-3a0f-4f27-9f65-eb8b8251edf9" executionId="f05bddcb-96cd-44f7-87e6-00110c504543" testListId="8c84fa94-04c1-424b-9868-57a2d4851a1d" />
    <TestEntry testId="0f6056d8-3f87-2ab3-889d-d689a2583254" executionId="da56683a-fb6f-4e53-865c-a5fcf331627b" testListId="8c84fa94-04c1-424b-9868-57a2d4851a1d" />
    <TestEntry testId="04567a99-31ad-e68c-43f8-bafe9bfa1d3d" executionId="00c060d0-05c2-4515-9e01-3f84c08dccc8" testListId="8c84fa94-04c1-424b-9868-57a2d4851a1d" />
    <TestEntry testId="a5e31c1c-3c8d-f59e-e67f-7323eceb767c" executionId="8b3372af-83b6-4cc2-be4a-3c73053619d1" testListId="8c84fa94-04c1-424b-9868-57a2d4851a1d" />
    <TestEntry testId="7ab97aaf-c2f9-6a53-5c4f-3d5be7afbb5f" executionId="73297f72-c391-45b8-b33a-ee03c7e7eb55" testListId="8c84fa94-04c1-424b-9868-57a2d4851a1d" />
    <TestEntry testId="4975102a-f160-878b-fb69-1ad64624b139" executionId="f8ec48c0-b468-4022-a2e6-bd090065b1ba" testListId="8c84fa94-04c1-424b-9868-57a2d4851a1d" />
    <TestEntry testId="df87ea20-9c6b-8b54-5808-cc8e594491b2" executionId="dfa86a45-342b-4a33-88df-def00d3f4025" testListId="8c84fa94-04c1-424b-9868-57a2d4851a1d" />
    <TestEntry testId="ee26ecca-a807-3cac-eb05-97de07cb7248" executionId="d6db5121-0a34-493a-8fb3-e3556d240cab" testListId="8c84fa94-04c1-424b-9868-57a2d4851a1d" />
    <TestEntry testId="d18c4703-5a96-82cc-bd1a-56ce1f6aeb61" executionId="0420df6f-e34b-4f80-9e02-61ac0121f8b6" testListId="8c84fa94-04c1-424b-9868-57a2d4851a1d" />
    <TestEntry testId="4d528ee0-dbe1-ded6-1a29-cd26c37e4512" executionId="16c31bf1-9993-4837-b260-d99446c8d3e8" testListId="8c84fa94-04c1-424b-9868-57a2d4851a1d" />
    <TestEntry testId="bcd5ab7b-5b8c-0cc6-16bd-a266853b805c" executionId="29076837-c538-4662-a689-f44a54b7351f" testListId="8c84fa94-04c1-424b-9868-57a2d4851a1d" />
    <TestEntry testId="bb65a884-d37a-bdc9-a63d-7b9d786807d1" executionId="cf801777-5f3b-459d-aa84-0fdf296c4a85" testListId="8c84fa94-04c1-424b-9868-57a2d4851a1d" />
    <TestEntry testId="e573544f-8572-be64-00a7-7ee9438f0ddb" executionId="75b1e7c0-84d8-4648-bd06-4e3d69a69a5e" testListId="8c84fa94-04c1-424b-9868-57a2d4851a1d" />
    <TestEntry testId="7228e315-3e10-614e-b4d8-f5be940bd300" executionId="4abbbd4c-edf8-40c0-bad1-91d3e8b2fe8b" testListId="8c84fa94-04c1-424b-9868-57a2d4851a1d" />
    <TestEntry testId="3fce3dfd-c2dc-3773-5e41-3be0911fdc6e" executionId="27e2f51e-9049-4724-9863-127d5a43d097" testListId="8c84fa94-04c1-424b-9868-57a2d4851a1d" />
    <TestEntry testId="683cdc6c-aca6-240b-2899-0536960988c5" executionId="8832b754-f921-4f4b-94cb-354d9d9bc7f6" testListId="8c84fa94-04c1-424b-9868-57a2d4851a1d" />
    <TestEntry testId="d52bd06f-905d-5b25-a3dc-e931e3543ff5" executionId="9c791428-7539-4a3e-b77a-3f1f456af484" testListId="8c84fa94-04c1-424b-9868-57a2d4851a1d" />
    <TestEntry testId="6253cf50-e1ab-3483-14a2-b9d161ae849b" executionId="1e6c6492-9df6-4df8-9685-6f1e74c69467" testListId="8c84fa94-04c1-424b-9868-57a2d4851a1d" />
    <TestEntry testId="6c0464d1-fd5c-e555-4e7b-41995cb84088" executionId="2e51bbb3-42c2-4713-8ec3-b3a9b3feccec" testListId="8c84fa94-04c1-424b-9868-57a2d4851a1d" />
    <TestEntry testId="995af1cd-c8d9-dbb3-07ce-6b441962f547" executionId="680f3f9b-3244-450a-bbe4-e60179a5c806" testListId="8c84fa94-04c1-424b-9868-57a2d4851a1d" />
    <TestEntry testId="3dba4670-7f2d-7e97-581e-f31f7d603172" executionId="0ddde897-ef33-49f1-bd18-9c8f579d44bf" testListId="8c84fa94-04c1-424b-9868-57a2d4851a1d" />
    <TestEntry testId="5f20123c-8ed0-bc94-a059-9424476978ee" executionId="4649c0cf-8a67-46b7-a6ce-5cdf90090efe" testListId="8c84fa94-04c1-424b-9868-57a2d4851a1d" />
    <TestEntry testId="c5b4b13c-797f-5666-64b2-e0d6c527a5f7" executionId="02bc1b00-b58a-416e-85e8-d66a6d9a7be2" testListId="8c84fa94-04c1-424b-9868-57a2d4851a1d" />
    <TestEntry testId="1a2804a3-0827-2fcc-b4ad-1813e1e03c9f" executionId="64839839-9417-416e-8be8-742d182476a2" testListId="8c84fa94-04c1-424b-9868-57a2d4851a1d" />
    <TestEntry testId="62a8df81-eb0e-4ba0-2cc2-7f26d95f0c42" executionId="e3908ae1-06bd-40a3-ac89-bbf8f2023e82" testListId="8c84fa94-04c1-424b-9868-57a2d4851a1d" />
    <TestEntry testId="2f7abec1-b7d5-acfa-5fa5-f750771cfe27" executionId="9854c1bf-32f5-48c2-9fef-aac704b66b28" testListId="8c84fa94-04c1-424b-9868-57a2d4851a1d" />
    <TestEntry testId="7d9a2542-8cef-fad7-de35-9026b458bae7" executionId="1ef77cf6-15da-4587-8541-ef2c50b6292e" testListId="8c84fa94-04c1-424b-9868-57a2d4851a1d" />
    <TestEntry testId="8bfece45-cbf5-9388-84d8-62236ca62ffd" executionId="babe8122-1bf1-48ee-b75d-702ae2617ca7" testListId="8c84fa94-04c1-424b-9868-57a2d4851a1d" />
    <TestEntry testId="c5d5dca8-20f3-03e1-200f-cb046ece2686" executionId="b3325315-47f4-4431-a1ad-a50330db5c87" testListId="8c84fa94-04c1-424b-9868-57a2d4851a1d" />
    <TestEntry testId="29e27428-df27-a7d3-6aa8-6bd0e60a4af9" executionId="6165b427-fba0-4cbc-a21c-dc9a516625f6" testListId="8c84fa94-04c1-424b-9868-57a2d4851a1d" />
    <TestEntry testId="1a8dd309-1dfe-104c-e9ff-1695c90fcd4e" executionId="9c0e96c0-4a33-4e85-831a-0a1691ffbedd" testListId="8c84fa94-04c1-424b-9868-57a2d4851a1d" />
    <TestEntry testId="0418c0ca-be89-efe9-cf33-636433afc0f8" executionId="2d7232ff-1271-477d-a39c-4bd2bfb4df0a" testListId="8c84fa94-04c1-424b-9868-57a2d4851a1d" />
    <TestEntry testId="90078e20-c5de-cf76-870d-974d468f3e8d" executionId="367f5884-9228-464e-bf71-751633c41dab" testListId="8c84fa94-04c1-424b-9868-57a2d4851a1d" />
    <TestEntry testId="549f0cfe-5be8-1f18-0e68-76f3843fd943" executionId="fb7f2e73-a4c9-4ba7-b53f-4d6a16ef989c" testListId="8c84fa94-04c1-424b-9868-57a2d4851a1d" />
    <TestEntry testId="2411ca0c-8c7b-b2d3-9dda-1876da4ce09e" executionId="f44229fc-d319-4cc3-98de-d676179c683e" testListId="8c84fa94-04c1-424b-9868-57a2d4851a1d" />
    <TestEntry testId="532941a8-1169-c422-cea9-1f67cb7d0ec7" executionId="abb5618c-aa03-4f83-a042-ed60570c532b" testListId="8c84fa94-04c1-424b-9868-57a2d4851a1d" />
    <TestEntry testId="4db70ec8-8593-e07c-5b11-0ae3c0462841" executionId="14a123db-2c8c-4616-843e-a96531688ac3" testListId="8c84fa94-04c1-424b-9868-57a2d4851a1d" />
    <TestEntry testId="09386e45-a168-c5b0-e7b9-c1cd8eb70456" executionId="56baf300-7baa-41cd-9107-0528731c2c75" testListId="8c84fa94-04c1-424b-9868-57a2d4851a1d" />
    <TestEntry testId="56aa3417-1cf6-3110-e475-31df7cce1614" executionId="715a8395-5bd2-4657-8e79-15cb1619e4dc" testListId="8c84fa94-04c1-424b-9868-57a2d4851a1d" />
    <TestEntry testId="5f28ed6a-b607-4244-c09c-ea41369ed866" executionId="1398bb4e-9c61-4267-92fe-bb6126bbdd97" testListId="8c84fa94-04c1-424b-9868-57a2d4851a1d" />
    <TestEntry testId="483dad49-7b52-916d-7992-3c95f47febbb" executionId="3a6177b4-3636-49a1-ba30-d26bdbea3bf8" testListId="8c84fa94-04c1-424b-9868-57a2d4851a1d" />
    <TestEntry testId="f160fd19-b7b2-9e51-f892-3fdf8189a922" executionId="ea0ef5fb-3537-45c5-8079-000a8c8292d4" testListId="8c84fa94-04c1-424b-9868-57a2d4851a1d" />
    <TestEntry testId="d82818a2-475e-d90c-5900-07e1dfae2d4d" executionId="34e8ee37-b15c-406c-a7aa-bf3f5bbd04eb" testListId="8c84fa94-04c1-424b-9868-57a2d4851a1d" />
    <TestEntry testId="9a1c3e49-758a-f75c-8171-dfa25ad502c8" executionId="2c22f15a-8f37-4f94-9f11-60f55a1a51d7" testListId="8c84fa94-04c1-424b-9868-57a2d4851a1d" />
    <TestEntry testId="10536bfe-e475-8001-6d5c-9ccf57974d7a" executionId="b367d90a-4a93-4799-9331-2fb7d1fb583b" testListId="8c84fa94-04c1-424b-9868-57a2d4851a1d" />
    <TestEntry testId="2253dbcc-beb1-a746-2e75-11e807c17d82" executionId="178ce003-ad83-4ecb-b629-77fcac19e1e2" testListId="8c84fa94-04c1-424b-9868-57a2d4851a1d" />
    <TestEntry testId="520348a5-5e1d-29b0-157c-f566a371215e" executionId="b533a104-2ca0-48d2-8062-3feaadc847a6" testListId="8c84fa94-04c1-424b-9868-57a2d4851a1d" />
    <TestEntry testId="beeaf338-08db-958d-aa1f-1ee2f061ec4b" executionId="caa1f471-f663-4e21-8c93-e6d8853aab60" testListId="8c84fa94-04c1-424b-9868-57a2d4851a1d" />
    <TestEntry testId="9216678b-2400-5aed-087d-303a46d8d2e2" executionId="f9cbe84f-0029-4766-befa-b3424725e304" testListId="8c84fa94-04c1-424b-9868-57a2d4851a1d" />
    <TestEntry testId="3a29f211-7674-9650-3e55-43bb4ee5e34c" executionId="35937262-e8f2-4aea-a82a-6ebeb2478c9d" testListId="8c84fa94-04c1-424b-9868-57a2d4851a1d" />
    <TestEntry testId="1bc5c7fa-f56c-7a2a-1f34-514dc823bdf2" executionId="4880aeb7-8a25-4d61-a245-8b7f06205890" testListId="8c84fa94-04c1-424b-9868-57a2d4851a1d" />
    <TestEntry testId="13bdd754-9ad8-fe64-9252-9f4b326f20fb" executionId="8b0f1848-f77b-4249-b475-f9619acb46c7" testListId="8c84fa94-04c1-424b-9868-57a2d4851a1d" />
    <TestEntry testId="60cd86f6-c96f-cd67-eeb2-5447e53486ea" executionId="ac26285a-7e1c-4736-9ba4-58c9968423c0" testListId="8c84fa94-04c1-424b-9868-57a2d4851a1d" />
    <TestEntry testId="72470a6e-848a-11e5-1aaa-9beee46b9e6a" executionId="8e8110f3-25f2-44ac-983f-ccb3d0e5b9e8" testListId="8c84fa94-04c1-424b-9868-57a2d4851a1d" />
    <TestEntry testId="1fc7f41c-b93d-2bb7-eebd-a1834947b44e" executionId="37a7821e-87b3-4b3a-a83e-8fc8894dd0f9" testListId="8c84fa94-04c1-424b-9868-57a2d4851a1d" />
    <TestEntry testId="98f535a4-7eca-3a3c-05e8-4b85d8edbbc1" executionId="0405963c-d9aa-47c1-abe3-7227ed3f1434" testListId="8c84fa94-04c1-424b-9868-57a2d4851a1d" />
    <TestEntry testId="4fc84b54-a813-cee5-d67f-65285783f54a" executionId="aebd0850-4bf4-4baf-99a4-660a5fe6a58e" testListId="8c84fa94-04c1-424b-9868-57a2d4851a1d" />
    <TestEntry testId="4d4917df-13af-b6db-e6aa-bf414105029e" executionId="c4769f36-fa3b-4456-9a0b-73dbfb1c04ee" testListId="8c84fa94-04c1-424b-9868-57a2d4851a1d" />
    <TestEntry testId="1abc059c-0b2e-ebb8-ca54-938851accb3a" executionId="063bbe8d-3e71-4626-8f3a-c7a1e230fbe7" testListId="8c84fa94-04c1-424b-9868-57a2d4851a1d" />
    <TestEntry testId="6e5afcc8-80be-d362-e400-4655b22a1d7a" executionId="134b6ab0-dc2d-41ab-88e0-2dd7efc8152a" testListId="8c84fa94-04c1-424b-9868-57a2d4851a1d" />
    <TestEntry testId="d7c472e1-68f0-98a1-9e95-1392afc79d31" executionId="256abc9f-3dc9-41ae-9b11-8b9ba9925642" testListId="8c84fa94-04c1-424b-9868-57a2d4851a1d" />
    <TestEntry testId="51d07686-24c4-ee02-9f12-c31d909b6dbb" executionId="44245ead-f91e-4a3d-9fd9-27913205ec61" testListId="8c84fa94-04c1-424b-9868-57a2d4851a1d" />
    <TestEntry testId="c34393e5-11ff-d095-6271-fff69a281c2a" executionId="2dbfe3c2-3416-4d92-912b-a0e3a5ccfb75" testListId="8c84fa94-04c1-424b-9868-57a2d4851a1d" />
    <TestEntry testId="6fc09a62-c0e9-f33d-573b-10f9b8d9c5e4" executionId="1d30a23b-76a6-4847-90d6-4071dc25bc00" testListId="8c84fa94-04c1-424b-9868-57a2d4851a1d" />
    <TestEntry testId="e6e8aab5-22e2-c84e-dced-9029f5c03e83" executionId="8e3b0e32-e983-4bbe-a7c3-80921e0fcaae" testListId="8c84fa94-04c1-424b-9868-57a2d4851a1d" />
    <TestEntry testId="273780bc-9d35-9771-839e-50ffbcedd9a6" executionId="d7207dab-7b3f-4cf5-a180-034bb8e096e8" testListId="8c84fa94-04c1-424b-9868-57a2d4851a1d" />
    <TestEntry testId="a3d01c83-e6c8-c87f-c8ab-1076eaff97bc" executionId="98b8255c-5bb7-41d1-b222-c085c43c7a0c" testListId="8c84fa94-04c1-424b-9868-57a2d4851a1d" />
    <TestEntry testId="03998699-8804-fa46-2cf1-6fce64dedde7" executionId="c10a1883-892b-4ae6-8d12-c7f88bbaf75a" testListId="8c84fa94-04c1-424b-9868-57a2d4851a1d" />
    <TestEntry testId="42334b4e-a9e4-fed1-ce65-dd9bb063f4ff" executionId="ec063684-5529-4e0e-aaf7-94bf4b1e5895" testListId="8c84fa94-04c1-424b-9868-57a2d4851a1d" />
    <TestEntry testId="2688697e-d89d-3238-8e63-78a55baae666" executionId="c9566240-6424-4b38-8a53-8b4eb7f28e0b" testListId="8c84fa94-04c1-424b-9868-57a2d4851a1d" />
    <TestEntry testId="874f25be-fa61-5df7-d30a-9840673a85ee" executionId="1f9cd214-8f9e-469d-8033-f085ed912117" testListId="8c84fa94-04c1-424b-9868-57a2d4851a1d" />
    <TestEntry testId="f852aa46-1c23-85f8-8f34-1c64041782d8" executionId="999f2725-d84f-4561-a61e-62ccb86aa71c" testListId="8c84fa94-04c1-424b-9868-57a2d4851a1d" />
    <TestEntry testId="4c340c87-3d3f-f687-2b3d-025b42c09c7e" executionId="14a0d7f4-a2f7-4365-946d-5c8479612269" testListId="8c84fa94-04c1-424b-9868-57a2d4851a1d" />
    <TestEntry testId="2aec11aa-37a8-9a8f-0f87-0adecc796d0a" executionId="0c0ac13e-66f2-4d6a-92c0-be9e4bdd0f6a" testListId="8c84fa94-04c1-424b-9868-57a2d4851a1d" />
    <TestEntry testId="dec00889-2e21-64f2-59d7-4a4cf95b0615" executionId="7f52fd08-59e2-4b34-8110-e21b4b0c9450" testListId="8c84fa94-04c1-424b-9868-57a2d4851a1d" />
    <TestEntry testId="de495bfb-e18f-7b3e-358c-ab844b968319" executionId="40a77cfd-7016-40eb-89f4-490fc7d2bf23" testListId="8c84fa94-04c1-424b-9868-57a2d4851a1d" />
    <TestEntry testId="50a9db97-c4ae-2cab-3c13-bfa335de1e80" executionId="5118a2ca-99b7-4193-bc8d-8c695f5c3b02" testListId="8c84fa94-04c1-424b-9868-57a2d4851a1d" />
    <TestEntry testId="475d18e5-9db1-a092-702c-7aaa422889f3" executionId="b58eada3-698b-4734-8914-e154aa8eb299" testListId="8c84fa94-04c1-424b-9868-57a2d4851a1d" />
    <TestEntry testId="99cc3c43-4d2a-2e5c-c15d-54e63153c5aa" executionId="26fbd2ed-bfaa-420f-8aa7-860c2421bf1c" testListId="8c84fa94-04c1-424b-9868-57a2d4851a1d" />
    <TestEntry testId="31a2cd14-3018-c3a0-d56c-722448a85c38" executionId="f7771ff2-ae5e-46cb-9656-0a64324bdb0d" testListId="8c84fa94-04c1-424b-9868-57a2d4851a1d" />
    <TestEntry testId="cacebda4-2c80-c528-2f0b-83bab685baec" executionId="f85eb467-920c-4013-ac67-1eb3acbc4931" testListId="8c84fa94-04c1-424b-9868-57a2d4851a1d" />
    <TestEntry testId="f2f72251-7ff4-def6-c2fa-951bdc1f5ab8" executionId="dea79093-23bc-40ac-8c87-11b49f8131fd" testListId="8c84fa94-04c1-424b-9868-57a2d4851a1d" />
    <TestEntry testId="a78bfd80-34fa-e94c-5a6c-332161625b79" executionId="6c14e143-1df3-4cbd-a5aa-28328439c400" testListId="8c84fa94-04c1-424b-9868-57a2d4851a1d" />
    <TestEntry testId="4e34fb28-c0fe-9ad1-2f5a-0c2c79133b02" executionId="4426b40d-87be-4741-8417-cd88f56b0120" testListId="8c84fa94-04c1-424b-9868-57a2d4851a1d" />
    <TestEntry testId="5964bdbb-4261-95b0-17a2-f655f9c5696d" executionId="ce5a67f3-cec4-4756-af12-2c77ad11159b" testListId="8c84fa94-04c1-424b-9868-57a2d4851a1d" />
    <TestEntry testId="841327a6-4cac-5638-2ce1-ecbc848d0713" executionId="00693504-d2ad-45ce-8b7d-cd05844f9ae8" testListId="8c84fa94-04c1-424b-9868-57a2d4851a1d" />
    <TestEntry testId="8cda3782-137b-73f5-d8e8-1791e2c39181" executionId="877ecbe1-864b-489a-9dea-f2bf6f356c99" testListId="8c84fa94-04c1-424b-9868-57a2d4851a1d" />
    <TestEntry testId="599718d7-ac06-0329-9b10-9b780bab0f8c" executionId="1ec95171-9f00-46ab-8670-48edb00483f9" testListId="8c84fa94-04c1-424b-9868-57a2d4851a1d" />
    <TestEntry testId="34ba6aef-23b1-36de-6e3a-5dcc805b4fb9" executionId="189bb045-2d7f-4e97-a4eb-8e72ada1bf08" testListId="8c84fa94-04c1-424b-9868-57a2d4851a1d" />
    <TestEntry testId="5860b7d3-064b-7580-7ff5-c38a3b9dbc98" executionId="8e9d2d23-57bf-4cbd-95e5-b2b4069e3dc7" testListId="8c84fa94-04c1-424b-9868-57a2d4851a1d" />
    <TestEntry testId="d2de1748-4cda-1283-f839-41f72f6fcc0b" executionId="0d0a109e-93d6-45a5-b13e-1bfdf2763ec7" testListId="8c84fa94-04c1-424b-9868-57a2d4851a1d" />
    <TestEntry testId="aa868f13-f5bb-fc20-4fe5-4cc0d9310ff0" executionId="a5152590-f003-454f-a9a8-0aa6bf73adf5" testListId="8c84fa94-04c1-424b-9868-57a2d4851a1d" />
    <TestEntry testId="71d4783d-8f76-fa0c-236a-d09af5d224bb" executionId="b568a754-d531-4aee-8277-31402246e17f" testListId="8c84fa94-04c1-424b-9868-57a2d4851a1d" />
    <TestEntry testId="13b2d5ab-a8d7-fa2d-5c45-a2159bda8e06" executionId="590e1a1d-fbeb-48c7-aff7-4c42642a0284" testListId="8c84fa94-04c1-424b-9868-57a2d4851a1d" />
    <TestEntry testId="49e42d62-0daf-f033-f1a3-4753a5cc45f0" executionId="0ecd01d7-c83e-45e7-8ace-8f3ffbf04c39" testListId="8c84fa94-04c1-424b-9868-57a2d4851a1d" />
    <TestEntry testId="5525e27a-2b87-a233-5a11-e2cf4811b5ef" executionId="438372b3-5f10-40b6-9e8d-0fdf7769bea2" testListId="8c84fa94-04c1-424b-9868-57a2d4851a1d" />
    <TestEntry testId="a0685b46-9ede-ed1a-9e00-40141b5825d3" executionId="c575c78d-564d-4d02-973d-85a44de3f320" testListId="8c84fa94-04c1-424b-9868-57a2d4851a1d" />
    <TestEntry testId="47f9bf91-a312-60de-4a04-0ac4673159a6" executionId="e431e776-33f2-4c3a-9e1f-051eb59fce95" testListId="8c84fa94-04c1-424b-9868-57a2d4851a1d" />
    <TestEntry testId="b150f0c7-fa26-71ca-4a24-1979b341f3ca" executionId="253341db-f856-4d1d-9046-0ac45df1cc4c" testListId="8c84fa94-04c1-424b-9868-57a2d4851a1d" />
    <TestEntry testId="26883bbb-ed62-9ce9-3caf-c0e39a2a600e" executionId="e7d6f38b-5865-4eb6-9e1e-7de4893481fd" testListId="8c84fa94-04c1-424b-9868-57a2d4851a1d" />
    <TestEntry testId="fc41b0d3-293c-7ed1-03db-0b90bf1e8d94" executionId="9971a1f3-806f-495f-a3f1-773daacc1fa3" testListId="8c84fa94-04c1-424b-9868-57a2d4851a1d" />
    <TestEntry testId="12094dc9-7f3b-3b43-56c7-cfacac39a0fa" executionId="1b8c99ab-c7e4-486d-a045-4f77a9ba79db" testListId="8c84fa94-04c1-424b-9868-57a2d4851a1d" />
    <TestEntry testId="c2ce2b0d-d6eb-905f-0cc0-9ac98a3b9437" executionId="36d4b97d-1520-42ee-854b-b10bfea96f95" testListId="8c84fa94-04c1-424b-9868-57a2d4851a1d" />
    <TestEntry testId="cd72fd40-3c25-0508-1dbc-43cd674b13bb" executionId="331be20a-f28b-4fc7-83ef-1beea69e632b" testListId="8c84fa94-04c1-424b-9868-57a2d4851a1d" />
    <TestEntry testId="80e90cc0-268b-4732-33ce-b0e78ab64af9" executionId="8fd8238a-974f-4d34-a944-a212c0188e9d" testListId="8c84fa94-04c1-424b-9868-57a2d4851a1d" />
    <TestEntry testId="1a99f535-58ef-5f45-a666-3cf07f572492" executionId="2ed5e7b8-5e3f-4a3f-8065-55c194b7ed19" testListId="8c84fa94-04c1-424b-9868-57a2d4851a1d" />
    <TestEntry testId="9e8a8bbb-0354-2079-c028-bce199135a45" executionId="d67f0628-1e03-4299-a8f3-7c17410db36f" testListId="8c84fa94-04c1-424b-9868-57a2d4851a1d" />
    <TestEntry testId="4738d8ec-b32d-b8a3-e010-5e3023022f54" executionId="d20baafb-9a91-4add-96a1-619395ea2a52" testListId="8c84fa94-04c1-424b-9868-57a2d4851a1d" />
    <TestEntry testId="f6a200d1-b9b8-5095-0a61-e8c0493b4264" executionId="a8335399-2c7d-41b0-b0d8-5d3c353fe1cf" testListId="8c84fa94-04c1-424b-9868-57a2d4851a1d" />
    <TestEntry testId="510961c9-0b2a-b981-7f3f-8c335fddabb1" executionId="199b3115-de2e-45c4-813c-f74eea50dede" testListId="8c84fa94-04c1-424b-9868-57a2d4851a1d" />
    <TestEntry testId="57bc568e-7665-04e8-5fdd-510df1b63c38" executionId="666ee8d4-76fa-412c-a53e-279d45c79163" testListId="8c84fa94-04c1-424b-9868-57a2d4851a1d" />
    <TestEntry testId="74132915-1155-a173-97ca-5489fb71d040" executionId="59156530-e409-433b-99cb-2e4f5a369a80" testListId="8c84fa94-04c1-424b-9868-57a2d4851a1d" />
    <TestEntry testId="c20216b8-3d53-870c-3d98-85b451f87145" executionId="c5a56905-e284-4567-8a4b-da152c99e56f" testListId="8c84fa94-04c1-424b-9868-57a2d4851a1d" />
    <TestEntry testId="98ee9077-e403-a9b5-6b6c-2cf1d38f61f3" executionId="eccd9a7e-8285-4d83-bad5-d15d6f9ef2f4" testListId="8c84fa94-04c1-424b-9868-57a2d4851a1d" />
    <TestEntry testId="adf23f40-2859-f79c-dec4-a4f9a98c1f87" executionId="7fe762c0-8242-4095-8681-b61b9dc848cd" testListId="8c84fa94-04c1-424b-9868-57a2d4851a1d" />
    <TestEntry testId="06dbb17f-0a44-4522-049b-1c6cf3bf3755" executionId="395157ff-561d-42b6-9e99-7e8f3b2df6f3" testListId="8c84fa94-04c1-424b-9868-57a2d4851a1d" />
    <TestEntry testId="892517e5-2cf5-e85a-1d55-05972719f450" executionId="df025a40-f0bd-4c31-9232-03a8186483d5" testListId="8c84fa94-04c1-424b-9868-57a2d4851a1d" />
    <TestEntry testId="925ace13-a21f-4713-d4c7-21a444f757ef" executionId="50b6b0a9-fb6c-4158-a888-980da637089d" testListId="8c84fa94-04c1-424b-9868-57a2d4851a1d" />
    <TestEntry testId="77182e8d-b8f8-e457-3fae-28dfdff8725f" executionId="56cc6f3f-6096-400b-9346-b82f0118206f" testListId="8c84fa94-04c1-424b-9868-57a2d4851a1d" />
    <TestEntry testId="e37e904c-e09a-b555-45f3-729984081eed" executionId="7eca8178-928f-4d63-bc6c-ca1bed47d574" testListId="8c84fa94-04c1-424b-9868-57a2d4851a1d" />
    <TestEntry testId="83a2a8f8-10a0-63f7-9572-5acd26c91a73" executionId="1b151717-b4ce-4a30-811c-371cb97a773d" testListId="8c84fa94-04c1-424b-9868-57a2d4851a1d" />
    <TestEntry testId="8b6a2a0c-c8d5-5cee-bfdd-1ab4842e3690" executionId="3cb0ebf6-0310-47f4-b8b2-a69cd5f6620d" testListId="8c84fa94-04c1-424b-9868-57a2d4851a1d" />
    <TestEntry testId="5924fbe0-0856-ba6d-5f56-bda58dc0f81a" executionId="d0e384d6-797d-4fde-9ad6-ab215739e1b7" testListId="8c84fa94-04c1-424b-9868-57a2d4851a1d" />
    <TestEntry testId="8a920482-bb78-609e-ade1-d9fd2bf946ac" executionId="6947c8b7-5933-4c8e-91c2-9d8fd19deffa" testListId="8c84fa94-04c1-424b-9868-57a2d4851a1d" />
    <TestEntry testId="3f0d6e46-8baa-f2a8-ffbe-169b35cd84a1" executionId="bf3c9b6f-a57f-4cdb-a670-92e05245e999" testListId="8c84fa94-04c1-424b-9868-57a2d4851a1d" />
    <TestEntry testId="f875f231-3682-e917-5927-759456c2b78f" executionId="813948f0-354e-493e-b90a-0bfbd3509865" testListId="8c84fa94-04c1-424b-9868-57a2d4851a1d" />
    <TestEntry testId="b09e3f56-27cc-ba83-332b-895d4fe4a28f" executionId="00fa0993-6f9a-4923-8cb6-828fbe9fd714" testListId="8c84fa94-04c1-424b-9868-57a2d4851a1d" />
    <TestEntry testId="2c33bfb1-e133-563f-095d-da8765942f63" executionId="fe2a5c51-004c-4d3c-a065-0ae17ac3b255" testListId="8c84fa94-04c1-424b-9868-57a2d4851a1d" />
    <TestEntry testId="b32aab51-13eb-6cd3-29c0-f36d5c586e8c" executionId="9ce6a7f8-3780-4ef6-af5d-0f97827ee08b" testListId="8c84fa94-04c1-424b-9868-57a2d4851a1d" />
    <TestEntry testId="868c6e37-cda9-3454-52f1-7ea096cc11d1" executionId="c54cff77-8c34-4b52-9c54-a5969a3a98a9" testListId="8c84fa94-04c1-424b-9868-57a2d4851a1d" />
    <TestEntry testId="ef04f673-84e3-cd4d-2450-8c83069b10eb" executionId="7c5ff150-ba54-4b66-8c4a-e91f6edb6385" testListId="8c84fa94-04c1-424b-9868-57a2d4851a1d" />
    <TestEntry testId="11c3bd15-157d-e471-8c85-9eb9f45d7cdf" executionId="64632eb6-a191-4206-8bb3-b416a45ef942" testListId="8c84fa94-04c1-424b-9868-57a2d4851a1d" />
    <TestEntry testId="d29da4c8-84a1-5463-ad48-82a8fa5c6bd4" executionId="346f5f60-9ea3-469c-ac21-5b08b2c4976f" testListId="8c84fa94-04c1-424b-9868-57a2d4851a1d" />
    <TestEntry testId="f8681056-21ff-2663-89c0-a8966f79df64" executionId="fbc0c2e0-8948-4c27-be8a-d19dd954b7c3" testListId="8c84fa94-04c1-424b-9868-57a2d4851a1d" />
    <TestEntry testId="34359d87-23c7-7196-73c9-e6741b1ffeff" executionId="2c3d7037-3980-4756-b4cf-ea9dffc10f3c" testListId="8c84fa94-04c1-424b-9868-57a2d4851a1d" />
    <TestEntry testId="f4657047-c0dd-9134-5680-1706a8daf59b" executionId="15a731ba-0824-4b05-af7d-71651c852888" testListId="8c84fa94-04c1-424b-9868-57a2d4851a1d" />
    <TestEntry testId="e1aa7990-1da1-83da-996d-146c1ddd0d6c" executionId="831599c6-ff90-44e0-a517-2bfea3b92459" testListId="8c84fa94-04c1-424b-9868-57a2d4851a1d" />
    <TestEntry testId="2f056f1e-d672-857f-c119-9a4b6216ba96" executionId="edddfb40-e08b-4660-8c68-9c467e262222" testListId="8c84fa94-04c1-424b-9868-57a2d4851a1d" />
    <TestEntry testId="bfc9ef65-1a17-4d4d-44b1-60bb55d45a15" executionId="392a430e-0bef-4c12-9bc3-7616336d262b" testListId="8c84fa94-04c1-424b-9868-57a2d4851a1d" />
    <TestEntry testId="780e9802-fd3e-fb97-5165-36872cd7596d" executionId="fab1f681-9511-433d-82e2-b50c0dfa553c" testListId="8c84fa94-04c1-424b-9868-57a2d4851a1d" />
    <TestEntry testId="693b087f-6635-45fa-1763-ca3dcb3bc156" executionId="0c32c444-4ced-4018-b22c-f250ec722e0c" testListId="8c84fa94-04c1-424b-9868-57a2d4851a1d" />
    <TestEntry testId="5f331914-41b3-92d2-2fc0-87e754e4a46b" executionId="7213a81d-d89c-4933-8835-9137763de23e" testListId="8c84fa94-04c1-424b-9868-57a2d4851a1d" />
    <TestEntry testId="91f182fd-4e40-6cec-5612-56fc0376e781" executionId="909ce3bd-9b2f-4c32-bb8c-850154684a5b" testListId="8c84fa94-04c1-424b-9868-57a2d4851a1d" />
    <TestEntry testId="7d6987f5-e6da-033a-8efe-53a51124e623" executionId="356b6a3a-2ed9-4cf7-bb6a-c3d715957394" testListId="8c84fa94-04c1-424b-9868-57a2d4851a1d" />
    <TestEntry testId="686f0fc9-db03-2a97-46dc-d662120c4357" executionId="bb669e57-9be1-4945-9cd0-7b3fa2e3c10c" testListId="8c84fa94-04c1-424b-9868-57a2d4851a1d" />
    <TestEntry testId="84951c40-1d39-2cf1-7d54-c2c1cf7967b4" executionId="05bdac69-722a-4420-b451-b6eb90f5d5a0" testListId="8c84fa94-04c1-424b-9868-57a2d4851a1d" />
    <TestEntry testId="aa468564-3fed-7531-2863-b13b77656923" executionId="69ee3f1d-228b-4f94-937a-705eb86d3e1e" testListId="8c84fa94-04c1-424b-9868-57a2d4851a1d" />
    <TestEntry testId="8ce87170-d45b-dd24-b50f-4a90bbbde208" executionId="46b5b6cd-91e7-4473-ab87-4997f8d9f62f" testListId="8c84fa94-04c1-424b-9868-57a2d4851a1d" />
    <TestEntry testId="5867821c-26ab-2d78-4bc5-e20dbefcbaf9" executionId="5e4bba09-aeac-4988-9662-42b783c34378" testListId="8c84fa94-04c1-424b-9868-57a2d4851a1d" />
    <TestEntry testId="0363a9ad-f5a9-fc63-7f70-ff763491ded3" executionId="35085be6-47a9-4b21-9c11-8efc72cf0f39" testListId="8c84fa94-04c1-424b-9868-57a2d4851a1d" />
    <TestEntry testId="b942a944-0529-1d1d-8c96-e0b3d1d7729e" executionId="ec59c853-a552-45dd-b95a-afa54c31bcda" testListId="8c84fa94-04c1-424b-9868-57a2d4851a1d" />
    <TestEntry testId="8cb0f3cb-85ff-d610-1cb2-ffb9ebd4ca3b" executionId="8692593c-aa74-4e44-8809-7ef3b8036d2e" testListId="8c84fa94-04c1-424b-9868-57a2d4851a1d" />
    <TestEntry testId="5d9df125-8a39-59f2-6303-c01c771a22b9" executionId="c63c2808-7fe8-476b-af5e-0dc18fba0b88" testListId="8c84fa94-04c1-424b-9868-57a2d4851a1d" />
    <TestEntry testId="ac5af315-790c-169b-481f-a8260b6ce215" executionId="25a96c10-812c-4598-b0a2-7d36274ebb5b" testListId="8c84fa94-04c1-424b-9868-57a2d4851a1d" />
    <TestEntry testId="836481c2-6b48-55dc-f9b3-7b7da164df37" executionId="df02e308-5f84-4c0e-be48-8cd93da13a17" testListId="8c84fa94-04c1-424b-9868-57a2d4851a1d" />
    <TestEntry testId="8127ea1e-ba01-dcf8-29b0-bba331714c0f" executionId="22427add-c9fe-45e3-bc94-b64706f0bdca" testListId="8c84fa94-04c1-424b-9868-57a2d4851a1d" />
    <TestEntry testId="ef71ee84-beba-bbc9-b32a-a2be75f08d25" executionId="63da5f57-d120-49ea-832d-6401030ec251" testListId="8c84fa94-04c1-424b-9868-57a2d4851a1d" />
    <TestEntry testId="764ee583-306b-f915-490f-c76a102eeb43" executionId="1c1a1fd3-c6e0-4d5e-b923-97176ff14d67" testListId="8c84fa94-04c1-424b-9868-57a2d4851a1d" />
    <TestEntry testId="1dad59b4-c11d-f31e-82c8-045bd3ba0974" executionId="d0d0b6fe-b2ee-45ad-9a75-82c5a9613689" testListId="8c84fa94-04c1-424b-9868-57a2d4851a1d" />
    <TestEntry testId="826e93b1-4bba-1e1e-7e71-9795838b252f" executionId="dda3be9a-12b1-4907-a185-ea98c6c2b1bd" testListId="8c84fa94-04c1-424b-9868-57a2d4851a1d" />
    <TestEntry testId="c4d251ab-8bd3-a71a-db5b-5cdbf0f22bc3" executionId="3c07b253-2fa9-4226-84e8-ab4fa9fdf3e3" testListId="8c84fa94-04c1-424b-9868-57a2d4851a1d" />
    <TestEntry testId="0505824a-6d7b-eeba-4727-6fa79e2c56f3" executionId="ee236213-5ea9-4c24-80d5-49efa6334778" testListId="8c84fa94-04c1-424b-9868-57a2d4851a1d" />
    <TestEntry testId="3efe24c8-deb2-789b-440d-2c5eec635271" executionId="f04c2577-a3ab-4140-bda4-73a07b06ced6" testListId="8c84fa94-04c1-424b-9868-57a2d4851a1d" />
    <TestEntry testId="842372a3-4c75-5446-4153-0efabaa521b2" executionId="d8c97e6f-3a08-49db-80e7-248131da3dfe" testListId="8c84fa94-04c1-424b-9868-57a2d4851a1d" />
    <TestEntry testId="fa39466d-d3ef-961a-befb-035a0c704616" executionId="c98c7966-b34a-4f8d-af82-9dafc9fb4fbe" testListId="8c84fa94-04c1-424b-9868-57a2d4851a1d" />
    <TestEntry testId="18c1654c-d336-2734-4751-d18553200a33" executionId="171b5653-ba2b-450a-83d7-e76e9f1cbf80" testListId="8c84fa94-04c1-424b-9868-57a2d4851a1d" />
    <TestEntry testId="c3b4d50e-4599-dc93-f787-7e638b2db9f5" executionId="dd770e53-2c19-484a-9002-009f82437580" testListId="8c84fa94-04c1-424b-9868-57a2d4851a1d" />
    <TestEntry testId="c70ec96d-946c-5567-d811-dbaa8ae6512c" executionId="30910988-f3a6-4cb3-b6d9-80cae98e829b" testListId="8c84fa94-04c1-424b-9868-57a2d4851a1d" />
    <TestEntry testId="41739f19-bfd4-11d4-c1e5-c65c24bff9df" executionId="de040586-d1e6-49df-8d9c-f12c06cd63f4" testListId="8c84fa94-04c1-424b-9868-57a2d4851a1d" />
    <TestEntry testId="bb76f2bc-a20b-0d58-f6e1-710315d4679b" executionId="fbd0eab6-e315-4b32-812b-940668b390cf" testListId="8c84fa94-04c1-424b-9868-57a2d4851a1d" />
    <TestEntry testId="a34e537f-852d-b7b5-3ccb-cabf02fd880d" executionId="2de04cca-daf8-4d0a-a346-81037309d016" testListId="8c84fa94-04c1-424b-9868-57a2d4851a1d" />
    <TestEntry testId="ac5dac57-5554-f3f2-f689-14f493cf01cc" executionId="20fefbf8-b208-4d6c-afb8-f6c7283cda5b" testListId="8c84fa94-04c1-424b-9868-57a2d4851a1d" />
    <TestEntry testId="046f238c-cb98-b705-1764-1dc8284e8326" executionId="aab6a39e-c27b-4c04-b706-867f8a0b888d" testListId="8c84fa94-04c1-424b-9868-57a2d4851a1d" />
    <TestEntry testId="2c025142-773c-e8f8-e1d2-3622f380673e" executionId="84593da2-dfd4-43ff-b0b7-c5663d8eb310" testListId="8c84fa94-04c1-424b-9868-57a2d4851a1d" />
    <TestEntry testId="eb6b7236-545c-f4c6-b413-b1678db3c1b8" executionId="9a84efe3-1039-4f95-b1c7-17e517a4f961" testListId="8c84fa94-04c1-424b-9868-57a2d4851a1d" />
    <TestEntry testId="0b730cc7-d231-f16e-3ff3-f528370de282" executionId="089be07d-2fa8-4810-9e1e-e55cd2ed2bf2" testListId="8c84fa94-04c1-424b-9868-57a2d4851a1d" />
  </TestEntries>
  <TestLists>
    <TestList name="Results Not in a List" id="8c84fa94-04c1-424b-9868-57a2d4851a1d" />
    <TestList name="All Loaded Results" id="19431567-8539-422a-85d7-44ee4e166bda" />
  </TestLists>
  <ResultSummary outcome="Completed">
    <Counters total="306" executed="306" passed="306" failed="0" error="0" timeout="0" aborted="0" inconclusive="0" passedButRunAborted="0" notRunnable="0" notExecuted="0" disconnected="0" warning="0" completed="0" inProgress="0" pending="0" />
    <Output>
      <StdOut>[xUnit.net 00:00:00.00] xUnit.net VSTest Adapter v2.8.2+699d445a1a (64-bit .NET 8.0.19)
[xUnit.net 00:00:00.12]   Discovering: GameBoy.Tests
[xUnit.net 00:00:00.26]   Discovered:  GameBoy.Tests
[xUnit.net 00:00:00.26]   Starting:    GameBoy.Tests
[xUnit.net 00:00:00.68]   Finished:    GameBoy.Tests
</StdOut>
    </Output>
  </ResultSummary>
</TestRun>