<?xml version="1.0" encoding="utf-8"?>
<TestRun id="f2f4d07c-66cc-4b33-887b-daa4112a6b0e" name="@pkrvm7jw40e0xgp 2025-09-08 21:55:52" xmlns="http://microsoft.com/schemas/VisualStudio/TeamTest/2010">
  <Times creation="2025-09-08T21:55:52.3854257+00:00" queuing="2025-09-08T21:55:52.3854259+00:00" start="2025-09-08T21:55:50.8213944+00:00" finish="2025-09-08T21:55:52.7328262+00:00" />
  <TestSettings name="default" id="499397fd-9e53-44ba-aa32-e4ca45b35c72">
    <Deployment runDeploymentRoot="_pkrvm7jw40e0xgp_2025-09-08_21_55_52" />
  </TestSettings>
  <Results>
    <UnitTestResult executionId="b32eb742-aafc-43d0-9b67-b9b2221147cb" testId="978040fa-4f8b-36da-ab29-4799df628420" testName="GameBoy.Tests.CartridgeTests.Detect_AllMbc3Variants_ReturnsCorrectCartridge(cartridgeType: 17)" computerName="pkrvm7jw40e0xgp" duration="00:00:00.0000638" startTime="2025-09-08T21:55:52.5198255+00:00" endTime="2025-09-08T21:55:52.5198256+00:00" testType="13cdc9d9-ddb5-4fa4-a97d-d965ccfc6d4b" outcome="Passed" testListId="8c84fa94-04c1-424b-9868-57a2d4851a1d" relativeResultsDirectory="b32eb742-aafc-43d0-9b67-b9b2221147cb" />
    <UnitTestResult executionId="614e6c99-1bfd-4dd6-87f5-3e7906e4fc04" testId="b9c40b62-f47a-cee1-575f-a163f569bddb" testName="GameBoy.Tests.MmuTests.IF_WriteMasksToLower5Bits" computerName="pkrvm7jw40e0xgp" duration="00:00:00.0001845" startTime="2025-09-08T21:55:52.3899370+00:00" endTime="2025-09-08T21:55:52.3899370+00:00" testType="13cdc9d9-ddb5-4fa4-a97d-d965ccfc6d4b" outcome="Passed" testListId="8c84fa94-04c1-424b-9868-57a2d4851a1d" relativeResultsDirectory="614e6c99-1bfd-4dd6-87f5-3e7906e4fc04" />
    <UnitTestResult executionId="2c4947f5-699c-488c-9c4a-0b8cfe61365d" testId="6c0464d1-fd5c-e555-4e7b-41995cb84088" testName="GameBoy.Tests.CartridgeHeaderTests.RamSize_InvalidCodes_DefaultsToZero(code: 153)" computerName="pkrvm7jw40e0xgp" duration="00:00:00.0134892" startTime="2025-09-08T21:55:52.5404869+00:00" endTime="2025-09-08T21:55:52.5404869+00:00" testType="13cdc9d9-ddb5-4fa4-a97d-d965ccfc6d4b" outcome="Passed" testListId="8c84fa94-04c1-424b-9868-57a2d4851a1d" relativeResultsDirectory="2c4947f5-699c-488c-9c4a-0b8cfe61365d" />
    <UnitTestResult executionId="7b9deb4a-3fc5-4e2a-89ec-4e427bc2e669" testId="b0362321-4e5e-da8a-2a98-f400a3bb5b31" testName="GameBoy.Tests.InterruptServiceRoutineTests.HALT_WakesUpOnInterrupt_EvenIfIMEDisabled" computerName="pkrvm7jw40e0xgp" duration="00:00:00.0006772" startTime="2025-09-08T21:55:52.4323185+00:00" endTime="2025-09-08T21:55:52.4323186+00:00" testType="13cdc9d9-ddb5-4fa4-a97d-d965ccfc6d4b" outcome="Failed" testListId="8c84fa94-04c1-424b-9868-57a2d4851a1d" relativeResultsDirectory="7b9deb4a-3fc5-4e2a-89ec-4e427bc2e669">
      <Output>
        <ErrorInfo>
          <Message>Assert.True() Failure
Expected: True
Actual:   False</Message>
          <StackTrace>   at GameBoy.Tests.InterruptServiceRoutineTests.HALT_WakesUpOnInterrupt_EvenIfIMEDisabled() in /home/runner/work/BlazorBoy/BlazorBoy/src/GameBoy.Tests/InterruptServiceRoutineTests.cs:line 174
   at System.RuntimeMethodHandle.InvokeMethod(Object target, Void** arguments, Signature sig, Boolean isConstructor)
   at System.Reflection.MethodBaseInvoker.InvokeWithNoArgs(Object obj, BindingFlags invokeAttr)</StackTrace>
        </ErrorInfo>
      </Output>
    </UnitTestResult>
    <UnitTestResult executionId="5930ef11-250a-4741-bd59-f4c6e8d4a6c6" testId="6f2ac7de-8e4f-7e79-2f26-32c891a5f0db" testName="GameBoy.Tests.CartridgeTests.Detect_AllMbc1Variants_ReturnsCorrectCartridge(cartridgeType: 2)" computerName="pkrvm7jw40e0xgp" duration="00:00:00.0003805" startTime="2025-09-08T21:55:52.5073630+00:00" endTime="2025-09-08T21:55:52.5073631+00:00" testType="13cdc9d9-ddb5-4fa4-a97d-d965ccfc6d4b" outcome="Passed" testListId="8c84fa94-04c1-424b-9868-57a2d4851a1d" relativeResultsDirectory="5930ef11-250a-4741-bd59-f4c6e8d4a6c6" />
    <UnitTestResult executionId="11a70712-06c5-4aaf-b299-c78987daadc6" testId="0ca4a099-52fa-db95-ae06-48156ea50b6d" testName="GameBoy.Tests.Integration.BlarggInterruptTests.Blargg_InterruptTiming_ExecutesSuccessfully" computerName="pkrvm7jw40e0xgp" duration="00:00:00.0083106" startTime="2025-09-08T21:55:52.4424922+00:00" endTime="2025-09-08T21:55:52.4424922+00:00" testType="13cdc9d9-ddb5-4fa4-a97d-d965ccfc6d4b" outcome="Passed" testListId="8c84fa94-04c1-424b-9868-57a2d4851a1d" relativeResultsDirectory="11a70712-06c5-4aaf-b299-c78987daadc6" />
    <UnitTestResult executionId="5a1c67a8-c55c-4aa6-805d-6b32e8368ece" testId="969404f2-e421-5400-92f3-faaa94d653b7" testName="GameBoy.Tests.TimerTests.Reset_RestoresDefaultValues" computerName="pkrvm7jw40e0xgp" duration="00:00:00.0003311" startTime="2025-09-08T21:55:52.3140535+00:00" endTime="2025-09-08T21:55:52.3140536+00:00" testType="13cdc9d9-ddb5-4fa4-a97d-d965ccfc6d4b" outcome="Passed" testListId="8c84fa94-04c1-424b-9868-57a2d4851a1d" relativeResultsDirectory="5a1c67a8-c55c-4aa6-805d-6b32e8368ece" />
    <UnitTestResult executionId="efeb9784-c84e-494f-871b-49ec107277e3" testId="8ca24740-dcec-a0e9-0e2c-0ef6c3b961f4" testName="GameBoy.Tests.TimerTests.TIMA_DoesNotIncrementWhenTimerDisabled" computerName="pkrvm7jw40e0xgp" duration="00:00:00.0002458" startTime="2025-09-08T21:55:52.3134439+00:00" endTime="2025-09-08T21:55:52.3134440+00:00" testType="13cdc9d9-ddb5-4fa4-a97d-d965ccfc6d4b" outcome="Passed" testListId="8c84fa94-04c1-424b-9868-57a2d4851a1d" relativeResultsDirectory="efeb9784-c84e-494f-871b-49ec107277e3" />
    <UnitTestResult executionId="207a3af2-fc82-44e9-9583-b03a892630f0" testId="67fe01af-7e43-78d7-3a72-7d215aca5c1a" testName="GameBoy.Tests.Integration.CpuInstructionTests.JP_a16_JumpsToAbsoluteAddress" computerName="pkrvm7jw40e0xgp" duration="00:00:00.0001692" startTime="2025-09-08T21:55:52.4680283+00:00" endTime="2025-09-08T21:55:52.4680283+00:00" testType="13cdc9d9-ddb5-4fa4-a97d-d965ccfc6d4b" outcome="Passed" testListId="8c84fa94-04c1-424b-9868-57a2d4851a1d" relativeResultsDirectory="207a3af2-fc82-44e9-9583-b03a892630f0" />
    <UnitTestResult executionId="e56c4173-d04a-4acf-a7dd-0b1268caafa5" testId="d0edd84d-2f50-3142-246d-c739cb00af81" testName="GameBoy.Tests.Mbc3Tests.BatteryInterface_GetExternalRam_IncludesRamAndRtc" computerName="pkrvm7jw40e0xgp" duration="00:00:00.0003106" startTime="2025-09-08T21:55:52.4667802+00:00" endTime="2025-09-08T21:55:52.4667803+00:00" testType="13cdc9d9-ddb5-4fa4-a97d-d965ccfc6d4b" outcome="Passed" testListId="8c84fa94-04c1-424b-9868-57a2d4851a1d" relativeResultsDirectory="e56c4173-d04a-4acf-a7dd-0b1268caafa5" />
    <UnitTestResult executionId="4eb1c4d8-0068-4970-beee-9629ee3130e7" testId="102b6154-19f2-4e25-10de-c96e85d6fba1" testName="GameBoy.Tests.InterruptControllerTests.Service_ClearsCorrectIFBit(interruptType: LCDStat, bitMask: 2)" computerName="pkrvm7jw40e0xgp" duration="00:00:00.0000048" startTime="2025-09-08T21:55:52.4641774+00:00" endTime="2025-09-08T21:55:52.4641775+00:00" testType="13cdc9d9-ddb5-4fa4-a97d-d965ccfc6d4b" outcome="Passed" testListId="8c84fa94-04c1-424b-9868-57a2d4851a1d" relativeResultsDirectory="4eb1c4d8-0068-4970-beee-9629ee3130e7" />
    <UnitTestResult executionId="c6731386-0ec3-4cc0-9a54-dcb536262d96" testId="d567076a-3ac5-41ab-0198-cd65adda5111" testName="GameBoy.Tests.InstructionGroupTests.INC_HL_Memory_IncrementsMemoryValue" computerName="pkrvm7jw40e0xgp" duration="00:00:00.0006868" startTime="2025-09-08T21:55:52.3286146+00:00" endTime="2025-09-08T21:55:52.3286147+00:00" testType="13cdc9d9-ddb5-4fa4-a97d-d965ccfc6d4b" outcome="Passed" testListId="8c84fa94-04c1-424b-9868-57a2d4851a1d" relativeResultsDirectory="c6731386-0ec3-4cc0-9a54-dcb536262d96" />
    <UnitTestResult executionId="77e8d779-ea53-4669-805b-523342b92bb7" testId="bcb080de-7b48-8b9a-c3cc-d1356e3215db" testName="GameBoy.Tests.CartridgeHeaderTests.IsValidHeader_InvalidDestinationCodes_ReturnsFalse(destinationCode: 255)" computerName="pkrvm7jw40e0xgp" duration="00:00:00.0001813" startTime="2025-09-08T21:55:52.5418637+00:00" endTime="2025-09-08T21:55:52.5418637+00:00" testType="13cdc9d9-ddb5-4fa4-a97d-d965ccfc6d4b" outcome="Passed" testListId="8c84fa94-04c1-424b-9868-57a2d4851a1d" relativeResultsDirectory="77e8d779-ea53-4669-805b-523342b92bb7" />
    <UnitTestResult executionId="74b1ae6f-1d80-4cdc-ad54-98fb7910200b" testId="384b0a87-c0a9-5807-477b-a9400dded61d" testName="GameBoy.Tests.MmuTests.ReadWriteWord_CrossesRegionBoundaries" computerName="pkrvm7jw40e0xgp" duration="00:00:00.0002435" startTime="2025-09-08T21:55:52.3691389+00:00" endTime="2025-09-08T21:55:52.3691390+00:00" testType="13cdc9d9-ddb5-4fa4-a97d-d965ccfc6d4b" outcome="Passed" testListId="8c84fa94-04c1-424b-9868-57a2d4851a1d" relativeResultsDirectory="74b1ae6f-1d80-4cdc-ad54-98fb7910200b" />
    <UnitTestResult executionId="9ca32eae-4fe3-4665-a4e9-987d6cbafe20" testId="df4259e9-1fe9-6097-1fce-64f0c284fc13" testName="GameBoy.Tests.CpuMmuIntegrationTests.Opcode_Execution_UsesMmuForAllMemoryAccess" computerName="pkrvm7jw40e0xgp" duration="00:00:00.0002844" startTime="2025-09-08T21:55:52.4013070+00:00" endTime="2025-09-08T21:55:52.4013070+00:00" testType="13cdc9d9-ddb5-4fa4-a97d-d965ccfc6d4b" outcome="Passed" testListId="8c84fa94-04c1-424b-9868-57a2d4851a1d" relativeResultsDirectory="9ca32eae-4fe3-4665-a4e9-987d6cbafe20" />
    <UnitTestResult executionId="6664a610-da0f-498c-843d-8917708f4f4f" testId="314fc61e-cee9-af41-dc81-47202c7d18ce" testName="GameBoy.Tests.InstructionGroupTests.CB_BIT_7_A_TestsBitCorrectly" computerName="pkrvm7jw40e0xgp" duration="00:00:00.0065016" startTime="2025-09-08T21:55:52.3457443+00:00" endTime="2025-09-08T21:55:52.3457443+00:00" testType="13cdc9d9-ddb5-4fa4-a97d-d965ccfc6d4b" outcome="Passed" testListId="8c84fa94-04c1-424b-9868-57a2d4851a1d" relativeResultsDirectory="6664a610-da0f-498c-843d-8917708f4f4f" />
    <UnitTestResult executionId="8b01b6f3-5c47-46a6-a87b-86f7982e60ed" testId="bdd2e866-be7e-43c1-5732-462b63d4bccc" testName="GameBoy.Tests.SpriteTests.ScreenX_ReturnsCorrectPosition(x: 0, expectedScreenX: -8)" computerName="pkrvm7jw40e0xgp" duration="00:00:00.0002156" startTime="2025-09-08T21:55:52.3471601+00:00" endTime="2025-09-08T21:55:52.3471602+00:00" testType="13cdc9d9-ddb5-4fa4-a97d-d965ccfc6d4b" outcome="Passed" testListId="8c84fa94-04c1-424b-9868-57a2d4851a1d" relativeResultsDirectory="8b01b6f3-5c47-46a6-a87b-86f7982e60ed" />
    <UnitTestResult executionId="105eb534-85f1-4444-b3a9-b3b62b1ffded" testId="64baf44e-c4ca-0761-f8bc-2b95631f9f67" testName="GameBoy.Tests.Integration.BlarggIntegrationTests.CpuInstrs_ExecutesSuccessfully" computerName="pkrvm7jw40e0xgp" duration="00:00:00.0032192" startTime="2025-09-08T21:55:52.4014493+00:00" endTime="2025-09-08T21:55:52.4014493+00:00" testType="13cdc9d9-ddb5-4fa4-a97d-d965ccfc6d4b" outcome="Passed" testListId="8c84fa94-04c1-424b-9868-57a2d4851a1d" relativeResultsDirectory="105eb534-85f1-4444-b3a9-b3b62b1ffded" />
    <UnitTestResult executionId="94c63ba4-94c7-4715-9f81-e1d96abc9aa2" testId="659ecd98-a5e7-1e66-839c-37373bcb6fc9" testName="GameBoy.Tests.DmaTests.DMA_InvalidSources_HandledGracefully(dmaValue: 224)" computerName="pkrvm7jw40e0xgp" duration="00:00:00.0000970" startTime="2025-09-08T21:55:52.4079859+00:00" endTime="2025-09-08T21:55:52.4079860+00:00" testType="13cdc9d9-ddb5-4fa4-a97d-d965ccfc6d4b" outcome="Passed" testListId="8c84fa94-04c1-424b-9868-57a2d4851a1d" relativeResultsDirectory="94c63ba4-94c7-4715-9f81-e1d96abc9aa2" />
    <UnitTestResult executionId="f772857d-01b7-4871-8436-aa73865698d2" testId="e3765827-2a9c-b31f-8012-84446cac41a0" testName="GameBoy.Tests.InstructionTimingTests.RelativeJumpNotTaken_Takes8Cycles" computerName="pkrvm7jw40e0xgp" duration="00:00:00.0002976" startTime="2025-09-08T21:55:52.4229047+00:00" endTime="2025-09-08T21:55:52.4229048+00:00" testType="13cdc9d9-ddb5-4fa4-a97d-d965ccfc6d4b" outcome="Passed" testListId="8c84fa94-04c1-424b-9868-57a2d4851a1d" relativeResultsDirectory="f772857d-01b7-4871-8436-aa73865698d2" />
    <UnitTestResult executionId="e9bc445b-ac06-4927-9ac3-dc92714e3c23" testId="a933aee1-bc53-9931-a375-903234ff4042" testName="GameBoy.Tests.Integration.MooneyeInterruptTests.Mooneye_InterruptTests_ExecuteSuccessfully(category: &quot;interrupts&quot;, romFile: &quot;halt_ime1_timing.gb&quot;, description: &quot;HALT with IME=1 timing test&quot;)" computerName="pkrvm7jw40e0xgp" duration="00:00:00.0000176" startTime="2025-09-08T21:55:52.2986583+00:00" endTime="2025-09-08T21:55:52.2986583+00:00" testType="13cdc9d9-ddb5-4fa4-a97d-d965ccfc6d4b" outcome="Passed" testListId="8c84fa94-04c1-424b-9868-57a2d4851a1d" relativeResultsDirectory="e9bc445b-ac06-4927-9ac3-dc92714e3c23" />
    <UnitTestResult executionId="6958b139-f767-4ef0-bb2d-a219f1df4d60" testId="830e9c75-a696-61f0-53b1-886f7b1a4eee" testName="GameBoy.Tests.PpuTests.Constructor_InitializesWithCorrectDefaults" computerName="pkrvm7jw40e0xgp" duration="00:00:00.0003002" startTime="2025-09-08T21:55:52.5483993+00:00" endTime="2025-09-08T21:55:52.5483994+00:00" testType="13cdc9d9-ddb5-4fa4-a97d-d965ccfc6d4b" outcome="Passed" testListId="8c84fa94-04c1-424b-9868-57a2d4851a1d" relativeResultsDirectory="6958b139-f767-4ef0-bb2d-a219f1df4d60" />
    <UnitTestResult executionId="0a34ee40-366f-4792-85a5-50d1188c17a1" testId="a431d698-896f-fd21-1f20-33ca0bb9453f" testName="GameBoy.Tests.LcdcTests.BgTileMapArea_ReturnsCorrectValue(value: 0, expected: False)" computerName="pkrvm7jw40e0xgp" duration="00:00:00.0002240" startTime="2025-09-08T21:55:52.4233693+00:00" endTime="2025-09-08T21:55:52.4233694+00:00" testType="13cdc9d9-ddb5-4fa4-a97d-d965ccfc6d4b" outcome="Passed" testListId="8c84fa94-04c1-424b-9868-57a2d4851a1d" relativeResultsDirectory="0a34ee40-366f-4792-85a5-50d1188c17a1" />
    <UnitTestResult executionId="aec21243-71be-487b-a4af-bcfb8314cdba" testId="4975102a-f160-878b-fb69-1ad64624b139" testName="GameBoy.Tests.InstructionDecodingTests.SpecificInstructions_HaveCorrectMetadata(opcode: 62, expectedMnemonic: &quot;LD A,d8&quot;, expectedLength: 2, expectedCycles: 8, expectedOperandType: Immediate8)" computerName="pkrvm7jw40e0xgp" duration="00:00:00.0000052" startTime="2025-09-08T21:55:52.4769139+00:00" endTime="2025-09-08T21:55:52.4769139+00:00" testType="13cdc9d9-ddb5-4fa4-a97d-d965ccfc6d4b" outcome="Passed" testListId="8c84fa94-04c1-424b-9868-57a2d4851a1d" relativeResultsDirectory="aec21243-71be-487b-a4af-bcfb8314cdba" />
    <UnitTestResult executionId="eb7c533c-c8be-4e42-be66-2cc4e92c7f22" testId="f875f231-3682-e917-5927-759456c2b78f" testName="GameBoy.Tests.AddressingHelpersExampleTests.Example_CopyArrayUsingHLIncrement" computerName="pkrvm7jw40e0xgp" duration="00:00:00.0197541" startTime="2025-09-08T21:55:52.4076806+00:00" endTime="2025-09-08T21:55:52.4076807+00:00" testType="13cdc9d9-ddb5-4fa4-a97d-d965ccfc6d4b" outcome="Passed" testListId="8c84fa94-04c1-424b-9868-57a2d4851a1d" relativeResultsDirectory="eb7c533c-c8be-4e42-be66-2cc4e92c7f22" />
    <UnitTestResult executionId="b498562a-d7e8-4590-b6ba-6f2ee90997ba" testId="6a2d5ec1-c667-fd32-d169-2da28f3dca5a" testName="GameBoy.Tests.InstructionGroupTests.INC_B_IncrementsRegister" computerName="pkrvm7jw40e0xgp" duration="00:00:00.0004362" startTime="2025-09-08T21:55:52.3562267+00:00" endTime="2025-09-08T21:55:52.3562268+00:00" testType="13cdc9d9-ddb5-4fa4-a97d-d965ccfc6d4b" outcome="Passed" testListId="8c84fa94-04c1-424b-9868-57a2d4851a1d" relativeResultsDirectory="b498562a-d7e8-4590-b6ba-6f2ee90997ba" />
    <UnitTestResult executionId="31fad51a-a3c9-459b-8a7e-92add2a330b9" testId="00f1c6c9-7444-bdfe-8b60-29c43865e046" testName="GameBoy.Tests.AdvancedTimingTests.StoreHLD_Takes8Cycles" computerName="pkrvm7jw40e0xgp" duration="00:00:00.0004838" startTime="2025-09-08T21:55:52.4979986+00:00" endTime="2025-09-08T21:55:52.4979987+00:00" testType="13cdc9d9-ddb5-4fa4-a97d-d965ccfc6d4b" outcome="Passed" testListId="8c84fa94-04c1-424b-9868-57a2d4851a1d" relativeResultsDirectory="31fad51a-a3c9-459b-8a7e-92add2a330b9" />
    <UnitTestResult executionId="a62ff578-8db2-401d-84b9-0d528acb87eb" testId="50a9db97-c4ae-2cab-3c13-bfa335de1e80" testName="GameBoy.Tests.AluTests.AddWithCarry_CarryInCausesOverflow" computerName="pkrvm7jw40e0xgp" duration="00:00:00.0001453" startTime="2025-09-08T21:55:52.5493818+00:00" endTime="2025-09-08T21:55:52.5493819+00:00" testType="13cdc9d9-ddb5-4fa4-a97d-d965ccfc6d4b" outcome="Passed" testListId="8c84fa94-04c1-424b-9868-57a2d4851a1d" relativeResultsDirectory="a62ff578-8db2-401d-84b9-0d528acb87eb" />
    <UnitTestResult executionId="d4449296-5555-436e-a501-15723b7a5626" testId="b8ba0933-34a5-8575-0c62-1197e261e907" testName="GameBoy.Tests.Integration.MooneyeInterruptTests.Mooneye_PPUInterruptTests_ExecuteSuccessfully(category: &quot;ppu&quot;, romFile: &quot;stat_lyc_onoff.gb&quot;, description: &quot;STAT LYC on/off interrupt test&quot;)" computerName="pkrvm7jw40e0xgp" duration="00:00:00.0000192" startTime="2025-09-08T21:55:52.3109288+00:00" endTime="2025-09-08T21:55:52.3109288+00:00" testType="13cdc9d9-ddb5-4fa4-a97d-d965ccfc6d4b" outcome="Passed" testListId="8c84fa94-04c1-424b-9868-57a2d4851a1d" relativeResultsDirectory="d4449296-5555-436e-a501-15723b7a5626" />
    <UnitTestResult executionId="b3b1049e-18c4-421b-b6e2-39fa42c70eb7" testId="006feed1-c1a5-c6d9-aab7-b3ef84dc5ab5" testName="GameBoy.Tests.InstructionTimingTests.Nop_Takes4Cycles" computerName="pkrvm7jw40e0xgp" duration="00:00:00.0001808" startTime="2025-09-08T21:55:52.4580682+00:00" endTime="2025-09-08T21:55:52.4580683+00:00" testType="13cdc9d9-ddb5-4fa4-a97d-d965ccfc6d4b" outcome="Passed" testListId="8c84fa94-04c1-424b-9868-57a2d4851a1d" relativeResultsDirectory="b3b1049e-18c4-421b-b6e2-39fa42c70eb7" />
    <UnitTestResult executionId="51672978-e1c4-4e17-a63b-0e445ccb6644" testId="97f93f6c-0ec8-e7ad-10f6-dbfa65c7f1be" testName="GameBoy.Tests.InterruptIntegrationTests.Timer_Step_RequestsTimerInterrupt" computerName="pkrvm7jw40e0xgp" duration="00:00:00.0170055" startTime="2025-09-08T21:55:52.3035194+00:00" endTime="2025-09-08T21:55:52.3035194+00:00" testType="13cdc9d9-ddb5-4fa4-a97d-d965ccfc6d4b" outcome="Passed" testListId="8c84fa94-04c1-424b-9868-57a2d4851a1d" relativeResultsDirectory="51672978-e1c4-4e17-a63b-0e445ccb6644" />
    <UnitTestResult executionId="2b1ad342-f1ff-4f3c-8623-f24a09342215" testId="8165c2c7-6f08-bba5-9a7f-d46c7726b42e" testName="GameBoy.Tests.DmaTests.DMA_Timing_Activates640Cycles" computerName="pkrvm7jw40e0xgp" duration="00:00:00.0034707" startTime="2025-09-08T21:55:52.4304439+00:00" endTime="2025-09-08T21:55:52.4304439+00:00" testType="13cdc9d9-ddb5-4fa4-a97d-d965ccfc6d4b" outcome="Passed" testListId="8c84fa94-04c1-424b-9868-57a2d4851a1d" relativeResultsDirectory="2b1ad342-f1ff-4f3c-8623-f24a09342215" />
    <UnitTestResult executionId="d6dd803d-3ad7-4c5d-a087-02555583fedd" testId="16df559d-4354-a940-518b-fbb0a6510c9a" testName="GameBoy.Tests.SpriteTests.GetRelativeY16_ReturnsCorrectValueFor8x16Sprites(y: 80, scanline: 68, attributes: 64, expected: 11)" computerName="pkrvm7jw40e0xgp" duration="00:00:00.0003377" startTime="2025-09-08T21:55:52.3235635+00:00" endTime="2025-09-08T21:55:52.3235636+00:00" testType="13cdc9d9-ddb5-4fa4-a97d-d965ccfc6d4b" outcome="Passed" testListId="8c84fa94-04c1-424b-9868-57a2d4851a1d" relativeResultsDirectory="d6dd803d-3ad7-4c5d-a087-02555583fedd" />
    <UnitTestResult executionId="d3636d3f-4f67-4521-ba03-f9d5257e08ef" testId="542e7ba1-0d64-c9c9-5e5e-a4769e37178b" testName="GameBoy.Tests.Integration.CpuInstructionTests.EI_EnablesInterrupts" computerName="pkrvm7jw40e0xgp" duration="00:00:00.0002020" startTime="2025-09-08T21:55:52.4682031+00:00" endTime="2025-09-08T21:55:52.4682032+00:00" testType="13cdc9d9-ddb5-4fa4-a97d-d965ccfc6d4b" outcome="Passed" testListId="8c84fa94-04c1-424b-9868-57a2d4851a1d" relativeResultsDirectory="d3636d3f-4f67-4521-ba03-f9d5257e08ef" />
    <UnitTestResult executionId="31c2b700-85ed-48e1-ada6-88b7277ecb0a" testId="10536bfe-e475-8001-6d5c-9ccf57974d7a" testName="GameBoy.Tests.CartridgeHeaderTests.RomSize_CalculatesCorrectSizeForSpecialCodes(code: 82, expectedSize: 1179648)" computerName="pkrvm7jw40e0xgp" duration="00:00:00.0002291" startTime="2025-09-08T21:55:52.5368248+00:00" endTime="2025-09-08T21:55:52.5368249+00:00" testType="13cdc9d9-ddb5-4fa4-a97d-d965ccfc6d4b" outcome="Passed" testListId="8c84fa94-04c1-424b-9868-57a2d4851a1d" relativeResultsDirectory="31c2b700-85ed-48e1-ada6-88b7277ecb0a" />
    <UnitTestResult executionId="9122a724-8db9-44b4-ba2b-51f72e05324e" testId="4ee41f3a-c109-c2d0-5e63-82bff5814980" testName="GameBoy.Tests.TimerBlarggTests.BlarggTimer_Test02_TimerOn" computerName="pkrvm7jw40e0xgp" duration="00:00:00.0010000" startTime="2025-09-08T21:55:52.3205452+00:00" endTime="2025-09-08T21:55:52.3205453+00:00" testType="13cdc9d9-ddb5-4fa4-a97d-d965ccfc6d4b" outcome="NotExecuted" testListId="8c84fa94-04c1-424b-9868-57a2d4851a1d" relativeResultsDirectory="9122a724-8db9-44b4-ba2b-51f72e05324e">
      <Output>
        <ErrorInfo>
          <Message>Blargg timer ROM not found</Message>
        </ErrorInfo>
      </Output>
    </UnitTestResult>
    <UnitTestResult executionId="0dbfd878-f18f-4d3e-9a12-82f68add4640" testId="bf02038f-adfc-2555-62df-acc3bd9eb0fe" testName="GameBoy.Tests.InstructionGroupTests.LD_A_HL_LoadsFromMemory" computerName="pkrvm7jw40e0xgp" duration="00:00:00.0005141" startTime="2025-09-08T21:55:52.3276671+00:00" endTime="2025-09-08T21:55:52.3276672+00:00" testType="13cdc9d9-ddb5-4fa4-a97d-d965ccfc6d4b" outcome="Passed" testListId="8c84fa94-04c1-424b-9868-57a2d4851a1d" relativeResultsDirectory="0dbfd878-f18f-4d3e-9a12-82f68add4640" />
    <UnitTestResult executionId="8385e7ea-c8f8-4579-ad6c-a352e1bd4abd" testId="248c99f5-60f8-787d-b9e1-864b0079f278" testName="GameBoy.Tests.InterruptControllerTests.Service_ClearsCorrectIFBit(interruptType: Joypad, bitMask: 16)" computerName="pkrvm7jw40e0xgp" duration="00:00:00.0002364" startTime="2025-09-08T21:55:52.4639833+00:00" endTime="2025-09-08T21:55:52.4639834+00:00" testType="13cdc9d9-ddb5-4fa4-a97d-d965ccfc6d4b" outcome="Passed" testListId="8c84fa94-04c1-424b-9868-57a2d4851a1d" relativeResultsDirectory="8385e7ea-c8f8-4579-ad6c-a352e1bd4abd" />
    <UnitTestResult executionId="bc0635df-51b6-4009-9178-67b3d127d342" testId="681c47c3-37e7-3071-42fb-849589f54bf3" testName="GameBoy.Tests.SpriteTests.FlipY_ReturnsCorrectValue(attributes: 191, expected: False)" computerName="pkrvm7jw40e0xgp" duration="00:00:00.0001295" startTime="2025-09-08T21:55:52.3301196+00:00" endTime="2025-09-08T21:55:52.3301197+00:00" testType="13cdc9d9-ddb5-4fa4-a97d-d965ccfc6d4b" outcome="Passed" testListId="8c84fa94-04c1-424b-9868-57a2d4851a1d" relativeResultsDirectory="bc0635df-51b6-4009-9178-67b3d127d342" />
    <UnitTestResult executionId="c0f44402-d4d8-4aa3-bb6f-e5f08ec5a801" testId="a9f9612f-fc1d-fb62-4511-e453808e0866" testName="GameBoy.Tests.LcdcTests.WindowTileMapArea_ReturnsCorrectValue(value: 0, expected: False)" computerName="pkrvm7jw40e0xgp" duration="00:00:00.0005645" startTime="2025-09-08T21:55:52.4282078+00:00" endTime="2025-09-08T21:55:52.4282078+00:00" testType="13cdc9d9-ddb5-4fa4-a97d-d965ccfc6d4b" outcome="Passed" testListId="8c84fa94-04c1-424b-9868-57a2d4851a1d" relativeResultsDirectory="c0f44402-d4d8-4aa3-bb6f-e5f08ec5a801" />
    <UnitTestResult executionId="0a6160a9-3443-449f-ac4f-0c537ec367a8" testId="7d58d65d-bd82-9d12-122d-6184650a94c1" testName="GameBoy.Tests.PpuTests.Step_WithMmuIntegration_UpdatesRegistersCorrectly" computerName="pkrvm7jw40e0xgp" duration="00:00:00.0003500" startTime="2025-09-08T21:55:52.5461291+00:00" endTime="2025-09-08T21:55:52.5461292+00:00" testType="13cdc9d9-ddb5-4fa4-a97d-d965ccfc6d4b" outcome="Passed" testListId="8c84fa94-04c1-424b-9868-57a2d4851a1d" relativeResultsDirectory="0a6160a9-3443-449f-ac4f-0c537ec367a8" />
    <UnitTestResult executionId="567d3f29-2a1c-4fd1-a244-c7c14fd8caaa" testId="cacebda4-2c80-c528-2f0b-83bab685baec" testName="GameBoy.Tests.AluTests.SubtractWithCarry_NoCarryIn_SameAsSub" computerName="pkrvm7jw40e0xgp" duration="00:00:00.0002035" startTime="2025-09-08T21:55:52.5493167+00:00" endTime="2025-09-08T21:55:52.5493167+00:00" testType="13cdc9d9-ddb5-4fa4-a97d-d965ccfc6d4b" outcome="Passed" testListId="8c84fa94-04c1-424b-9868-57a2d4851a1d" relativeResultsDirectory="567d3f29-2a1c-4fd1-a244-c7c14fd8caaa" />
    <UnitTestResult executionId="dbf92c1f-e9e5-4e4c-971c-7bbbd98e1e28" testId="ba831c1d-1242-53c9-e884-46cecf1464da" testName="GameBoy.Tests.InterruptServiceRoutineTests.HALT_Bug_ExecutesNextInstructionTwice" computerName="pkrvm7jw40e0xgp" duration="00:00:00.0003244" startTime="2025-09-08T21:55:52.4459931+00:00" endTime="2025-09-08T21:55:52.4459932+00:00" testType="13cdc9d9-ddb5-4fa4-a97d-d965ccfc6d4b" outcome="Passed" testListId="8c84fa94-04c1-424b-9868-57a2d4851a1d" relativeResultsDirectory="dbf92c1f-e9e5-4e4c-971c-7bbbd98e1e28" />
    <UnitTestResult executionId="c518aabd-7ee7-4995-b306-4d199ee56623" testId="9c3c88a5-56a3-3030-7762-5a115c595da1" testName="GameBoy.Tests.SpriteTests.GetBottomTileIndex_ReturnsOddIndex(tileIndex: 2, expected: 3)" computerName="pkrvm7jw40e0xgp" duration="00:00:00.0000148" startTime="2025-09-08T21:55:52.3571203+00:00" endTime="2025-09-08T21:55:52.3571204+00:00" testType="13cdc9d9-ddb5-4fa4-a97d-d965ccfc6d4b" outcome="Passed" testListId="8c84fa94-04c1-424b-9868-57a2d4851a1d" relativeResultsDirectory="c518aabd-7ee7-4995-b306-4d199ee56623" />
    <UnitTestResult executionId="6ebf2dea-0a73-42be-b207-9942f7127f95" testId="3e1cca0a-2970-4dbc-2731-d455fe03be95" testName="GameBoy.Tests.CpuMmuIntegrationTests.Memory_Access_HandlesMmuBehaviorCorrectly" computerName="pkrvm7jw40e0xgp" duration="00:00:00.0002857" startTime="2025-09-08T21:55:52.4004680+00:00" endTime="2025-09-08T21:55:52.4004681+00:00" testType="13cdc9d9-ddb5-4fa4-a97d-d965ccfc6d4b" outcome="Passed" testListId="8c84fa94-04c1-424b-9868-57a2d4851a1d" relativeResultsDirectory="6ebf2dea-0a73-42be-b207-9942f7127f95" />
    <UnitTestResult executionId="23416753-eae8-4c42-b4fc-8aff2448c390" testId="af249e2c-5143-e89b-5b70-06a4d6e94623" testName="GameBoy.Tests.MmuTests.IF_ReadsDefaultValue" computerName="pkrvm7jw40e0xgp" duration="00:00:00.0001251" startTime="2025-09-08T21:55:52.3701474+00:00" endTime="2025-09-08T21:55:52.3701475+00:00" testType="13cdc9d9-ddb5-4fa4-a97d-d965ccfc6d4b" outcome="Passed" testListId="8c84fa94-04c1-424b-9868-57a2d4851a1d" relativeResultsDirectory="23416753-eae8-4c42-b4fc-8aff2448c390" />
    <UnitTestResult executionId="2ea99f84-b5a7-4b1e-8f97-65690ee3be75" testId="c809f173-f11b-869a-6b1a-1f70886f8fe0" testName="GameBoy.Tests.Integration.MooneyeInterruptTests.Mooneye_TimerInterruptTests_ExecuteSuccessfully(category: &quot;timer&quot;, romFile: &quot;tim00_div_trigger.gb&quot;, description: &quot;Timer 00 DIV trigger interrupt&quot;)" computerName="pkrvm7jw40e0xgp" duration="00:00:00.0000083" startTime="2025-09-08T21:55:52.3106345+00:00" endTime="2025-09-08T21:55:52.3106347+00:00" testType="13cdc9d9-ddb5-4fa4-a97d-d965ccfc6d4b" outcome="Passed" testListId="8c84fa94-04c1-424b-9868-57a2d4851a1d" relativeResultsDirectory="2ea99f84-b5a7-4b1e-8f97-65690ee3be75" />
    <UnitTestResult executionId="229d8d24-791e-48cc-803b-9122bd0ca953" testId="c861d3dc-43bf-697e-aa73-eba83510393a" testName="GameBoy.Tests.Integration.MooneyeInterruptTests.Mooneye_InterruptTests_ExecuteSuccessfully(category: &quot;interrupts&quot;, romFile: &quot;jp_cc_timing.gb&quot;, description: &quot;Jump condition code timing with interrupts&quot;)" computerName="pkrvm7jw40e0xgp" duration="00:00:00.0000113" startTime="2025-09-08T21:55:52.3032526+00:00" endTime="2025-09-08T21:55:52.3032527+00:00" testType="13cdc9d9-ddb5-4fa4-a97d-d965ccfc6d4b" outcome="Passed" testListId="8c84fa94-04c1-424b-9868-57a2d4851a1d" relativeResultsDirectory="229d8d24-791e-48cc-803b-9122bd0ca953" />
    <UnitTestResult executionId="07d0cbe2-1470-4233-9975-220abb71d03c" testId="384250c4-1166-57c1-ab6b-faff30e57df6" testName="GameBoy.Tests.Integration.CpuInstructionTests.ADD_A_B_AddsRegisterToA(aValue: 15, bValue: 1, expectedResult: 16, expectedZ: False, expectedN: False, expectedH: True, expectedC: False)" computerName="pkrvm7jw40e0xgp" duration="00:00:00.0004055" startTime="2025-09-08T21:55:52.4612854+00:00" endTime="2025-09-08T21:55:52.4612854+00:00" testType="13cdc9d9-ddb5-4fa4-a97d-d965ccfc6d4b" outcome="Passed" testListId="8c84fa94-04c1-424b-9868-57a2d4851a1d" relativeResultsDirectory="07d0cbe2-1470-4233-9975-220abb71d03c" />
    <UnitTestResult executionId="8a696b34-e7fe-45e7-8a52-87609ddfa2b5" testId="e37e904c-e09a-b555-45f3-729984081eed" testName="GameBoy.Tests.InstructionDecodingTests.CPU_Step_HandlesKnownPrimaryOpcodes" computerName="pkrvm7jw40e0xgp" duration="00:00:00.0002376" startTime="2025-09-08T21:55:52.4583355+00:00" endTime="2025-09-08T21:55:52.4583356+00:00" testType="13cdc9d9-ddb5-4fa4-a97d-d965ccfc6d4b" outcome="Passed" testListId="8c84fa94-04c1-424b-9868-57a2d4851a1d" relativeResultsDirectory="8a696b34-e7fe-45e7-8a52-87609ddfa2b5" />
    <UnitTestResult executionId="67b902a4-c873-4044-9ddd-4a58532eab1f" testId="9195e7f9-77eb-9049-019a-3844d068d29d" testName="GameBoy.Tests.TimerBlarggTests.BlarggTimer_Test01_TimerOff" computerName="pkrvm7jw40e0xgp" duration="00:00:00.0010000" startTime="2025-09-08T21:55:52.3207281+00:00" endTime="2025-09-08T21:55:52.3207282+00:00" testType="13cdc9d9-ddb5-4fa4-a97d-d965ccfc6d4b" outcome="NotExecuted" testListId="8c84fa94-04c1-424b-9868-57a2d4851a1d" relativeResultsDirectory="67b902a4-c873-4044-9ddd-4a58532eab1f">
      <Output>
        <ErrorInfo>
          <Message>Blargg timer ROM not found</Message>
        </ErrorInfo>
      </Output>
    </UnitTestResult>
    <UnitTestResult executionId="e52c1b6e-ab4b-4527-8665-4aa0f2a1f031" testId="3b319e89-c4dd-6f4f-5fcf-0c1651e2b40e" testName="GameBoy.Tests.Integration.BlarggIntegrationTests.CpuInstrs_IndividualTests_ExecuteSuccessfully(romFile: &quot;02-interrupts.gb&quot;, description: &quot;Interrupt handling test&quot;)" computerName="pkrvm7jw40e0xgp" duration="00:00:00.0000148" startTime="2025-09-08T21:55:52.4002942+00:00" endTime="2025-09-08T21:55:52.4002943+00:00" testType="13cdc9d9-ddb5-4fa4-a97d-d965ccfc6d4b" outcome="Passed" testListId="8c84fa94-04c1-424b-9868-57a2d4851a1d" relativeResultsDirectory="e52c1b6e-ab4b-4527-8665-4aa0f2a1f031" />
    <UnitTestResult executionId="461a4d3b-f1b6-4331-9d9d-d028f608d18e" testId="c8d9e566-e787-e517-6133-a24b52e97952" testName="GameBoy.Tests.Integration.MooneyeInterruptTests.Mooneye_InterruptTests_ExecuteSuccessfully(category: &quot;interrupts&quot;, romFile: &quot;if_ie_registers.gb&quot;, description: &quot;IF/IE register behavior test&quot;)" computerName="pkrvm7jw40e0xgp" duration="00:00:00.0000149" startTime="2025-09-08T21:55:52.2998620+00:00" endTime="2025-09-08T21:55:52.2998621+00:00" testType="13cdc9d9-ddb5-4fa4-a97d-d965ccfc6d4b" outcome="Passed" testListId="8c84fa94-04c1-424b-9868-57a2d4851a1d" relativeResultsDirectory="461a4d3b-f1b6-4331-9d9d-d028f608d18e" />
    <UnitTestResult executionId="b9b7d94b-7687-4e40-b737-7740bd01c725" testId="6fc09a62-c0e9-f33d-573b-10f9b8d9c5e4" testName="GameBoy.Tests.CartridgeTests.Detect_Mbc5Rom_ReturnsCorrectCartridge" computerName="pkrvm7jw40e0xgp" duration="00:00:00.0001479" startTime="2025-09-08T21:55:52.5126945+00:00" endTime="2025-09-08T21:55:52.5126946+00:00" testType="13cdc9d9-ddb5-4fa4-a97d-d965ccfc6d4b" outcome="Passed" testListId="8c84fa94-04c1-424b-9868-57a2d4851a1d" relativeResultsDirectory="b9b7d94b-7687-4e40-b737-7740bd01c725" />
    <UnitTestResult executionId="3e1c52e8-f667-462b-a8d4-943cc573b629" testId="6e63e14b-5591-a997-fbef-946b131ed86a" testName="GameBoy.Tests.TimerTests.TIMA_IncrementsAtCorrectFrequency(tacValue: 7, expectedCycles: 256)" computerName="pkrvm7jw40e0xgp" duration="00:00:00.0000046" startTime="2025-09-08T21:55:52.3132771+00:00" endTime="2025-09-08T21:55:52.3132771+00:00" testType="13cdc9d9-ddb5-4fa4-a97d-d965ccfc6d4b" outcome="Passed" testListId="8c84fa94-04c1-424b-9868-57a2d4851a1d" relativeResultsDirectory="3e1c52e8-f667-462b-a8d4-943cc573b629" />
    <UnitTestResult executionId="1a12c73e-faff-4544-87d6-f7e52b36efd6" testId="df87ea20-9c6b-8b54-5808-cc8e594491b2" testName="GameBoy.Tests.Mbc5Tests.ExternalRam_BeyondAvailableBanks_HandledGracefully" computerName="pkrvm7jw40e0xgp" duration="00:00:00.0030534" startTime="2025-09-08T21:55:52.5480547+00:00" endTime="2025-09-08T21:55:52.5480547+00:00" testType="13cdc9d9-ddb5-4fa4-a97d-d965ccfc6d4b" outcome="Passed" testListId="8c84fa94-04c1-424b-9868-57a2d4851a1d" relativeResultsDirectory="1a12c73e-faff-4544-87d6-f7e52b36efd6" />
    <UnitTestResult executionId="dd90334a-7f75-4708-852b-34c6745ebdca" testId="829c7096-2169-f389-dd46-1aef23acb11b" testName="GameBoy.Tests.Integration.CpuInstructionTests.LD_HL_d8_LoadsMemoryFromImmediate" computerName="pkrvm7jw40e0xgp" duration="00:00:00.0002393" startTime="2025-09-08T21:55:52.4705020+00:00" endTime="2025-09-08T21:55:52.4705021+00:00" testType="13cdc9d9-ddb5-4fa4-a97d-d965ccfc6d4b" outcome="Passed" testListId="8c84fa94-04c1-424b-9868-57a2d4851a1d" relativeResultsDirectory="dd90334a-7f75-4708-852b-34c6745ebdca" />
    <UnitTestResult executionId="5f51bcac-b35e-4811-bd7f-dc3a0eda0c6a" testId="7306f9e1-7907-caea-5e9f-b7b32ca6fa64" testName="GameBoy.Tests.DmaTests.DMA_Reset_ClearsActiveState" computerName="pkrvm7jw40e0xgp" duration="00:00:00.0002522" startTime="2025-09-08T21:55:52.4245186+00:00" endTime="2025-09-08T21:55:52.4245187+00:00" testType="13cdc9d9-ddb5-4fa4-a97d-d965ccfc6d4b" outcome="Passed" testListId="8c84fa94-04c1-424b-9868-57a2d4851a1d" relativeResultsDirectory="5f51bcac-b35e-4811-bd7f-dc3a0eda0c6a" />
    <UnitTestResult executionId="cfc87992-a482-4ec4-bb58-f4b53c0e181c" testId="09386e45-a168-c5b0-e7b9-c1cd8eb70456" testName="GameBoy.Tests.Mbc5Tests.WriteRom_9BitRomBanking_WorksCorrectly" computerName="pkrvm7jw40e0xgp" duration="00:00:00.0695284" startTime="2025-09-08T21:55:52.5463907+00:00" endTime="2025-09-08T21:55:52.5463908+00:00" testType="13cdc9d9-ddb5-4fa4-a97d-d965ccfc6d4b" outcome="Passed" testListId="8c84fa94-04c1-424b-9868-57a2d4851a1d" relativeResultsDirectory="cfc87992-a482-4ec4-bb58-f4b53c0e181c" />
    <UnitTestResult executionId="13f7e09c-f3b3-4eb0-ae64-e2589731dd27" testId="057229d9-b1f1-a297-1e78-c820b7c918ea" testName="GameBoy.Tests.SpriteTests.GetBottomTileIndex_ReturnsOddIndex(tileIndex: 3, expected: 3)" computerName="pkrvm7jw40e0xgp" duration="00:00:00.0003382" startTime="2025-09-08T21:55:52.3570646+00:00" endTime="2025-09-08T21:55:52.3570646+00:00" testType="13cdc9d9-ddb5-4fa4-a97d-d965ccfc6d4b" outcome="Passed" testListId="8c84fa94-04c1-424b-9868-57a2d4851a1d" relativeResultsDirectory="13f7e09c-f3b3-4eb0-ae64-e2589731dd27" />
    <UnitTestResult executionId="f1bfe75b-9ca3-4a56-ac03-8f683a6c4583" testId="8cb0f3cb-85ff-d610-1cb2-ffb9ebd4ca3b" testName="GameBoy.Tests.AluTests.Compare_Equal_SetsZeroFlag" computerName="pkrvm7jw40e0xgp" duration="00:00:00.0001315" startTime="2025-09-08T21:55:52.5500682+00:00" endTime="2025-09-08T21:55:52.5500683+00:00" testType="13cdc9d9-ddb5-4fa4-a97d-d965ccfc6d4b" outcome="Passed" testListId="8c84fa94-04c1-424b-9868-57a2d4851a1d" relativeResultsDirectory="f1bfe75b-9ca3-4a56-ac03-8f683a6c4583" />
    <UnitTestResult executionId="abe7aec5-2061-4ac4-9d7c-46a111120e67" testId="7287d1fe-6c4f-c123-97cc-7c591205c013" testName="GameBoy.Tests.TimerTests.SetTAC_UpdatesRegisterAndResetsTIMACounter" computerName="pkrvm7jw40e0xgp" duration="00:00:00.0001800" startTime="2025-09-08T21:55:52.3141330+00:00" endTime="2025-09-08T21:55:52.3141331+00:00" testType="13cdc9d9-ddb5-4fa4-a97d-d965ccfc6d4b" outcome="Passed" testListId="8c84fa94-04c1-424b-9868-57a2d4851a1d" relativeResultsDirectory="abe7aec5-2061-4ac4-9d7c-46a111120e67" />
    <UnitTestResult executionId="29a82e3e-416c-4c3d-9d64-3edd762c1e22" testId="47f9bf91-a312-60de-4a04-0ac4673159a6" testName="GameBoy.Tests.MmuTests.DMA_WriteAndRead" computerName="pkrvm7jw40e0xgp" duration="00:00:00.0001591" startTime="2025-09-08T21:55:52.3702161+00:00" endTime="2025-09-08T21:55:52.3702161+00:00" testType="13cdc9d9-ddb5-4fa4-a97d-d965ccfc6d4b" outcome="Passed" testListId="8c84fa94-04c1-424b-9868-57a2d4851a1d" relativeResultsDirectory="29a82e3e-416c-4c3d-9d64-3edd762c1e22" />
    <UnitTestResult executionId="bc08494d-ff2c-4fc2-ac46-a887634b79c2" testId="6d0d3505-f5bb-4b88-82b2-8868244005e0" testName="GameBoy.Tests.InstructionGroupTests.PUSH_POP_AF_HandlesFlags" computerName="pkrvm7jw40e0xgp" duration="00:00:00.0007387" startTime="2025-09-08T21:55:52.3283645+00:00" endTime="2025-09-08T21:55:52.3283647+00:00" testType="13cdc9d9-ddb5-4fa4-a97d-d965ccfc6d4b" outcome="Passed" testListId="8c84fa94-04c1-424b-9868-57a2d4851a1d" relativeResultsDirectory="bc08494d-ff2c-4fc2-ac46-a887634b79c2" />
    <UnitTestResult executionId="93f6c1d6-dc95-40a0-8fa2-86809ab52a36" testId="1cbfb5b9-2011-f2d6-8d4e-04eb5cfad13f" testName="GameBoy.Tests.TimerTests.Constructor_WithNullInterruptController_ThrowsArgumentNullException" computerName="pkrvm7jw40e0xgp" duration="00:00:00.0009314" startTime="2025-09-08T21:55:52.3145725+00:00" endTime="2025-09-08T21:55:52.3145726+00:00" testType="13cdc9d9-ddb5-4fa4-a97d-d965ccfc6d4b" outcome="Passed" testListId="8c84fa94-04c1-424b-9868-57a2d4851a1d" relativeResultsDirectory="93f6c1d6-dc95-40a0-8fa2-86809ab52a36" />
    <UnitTestResult executionId="f1406f49-cd43-4247-b1e3-ede95efb2737" testId="d52bd06f-905d-5b25-a3dc-e931e3543ff5" testName="GameBoy.Tests.Mbc3Tests.ReadRom_Bank0_ReadsFromFixedBank" computerName="pkrvm7jw40e0xgp" duration="00:00:00.0113294" startTime="2025-09-08T21:55:52.4992975+00:00" endTime="2025-09-08T21:55:52.4992976+00:00" testType="13cdc9d9-ddb5-4fa4-a97d-d965ccfc6d4b" outcome="Passed" testListId="8c84fa94-04c1-424b-9868-57a2d4851a1d" relativeResultsDirectory="f1406f49-cd43-4247-b1e3-ede95efb2737" />
    <UnitTestResult executionId="7745a65a-27a9-4895-966c-734513dbfca0" testId="bc740155-cb35-e552-8d96-f8bc1554cf05" testName="GameBoy.Tests.Integration.BlarggIntegrationTests.CpuInstrs_IndividualTests_ExecuteSuccessfully(romFile: &quot;03-op sp,hl.gb&quot;, description: &quot;OP SP,HL instruction test&quot;)" computerName="pkrvm7jw40e0xgp" duration="00:00:00.0000203" startTime="2025-09-08T21:55:52.3919817+00:00" endTime="2025-09-08T21:55:52.3919817+00:00" testType="13cdc9d9-ddb5-4fa4-a97d-d965ccfc6d4b" outcome="Passed" testListId="8c84fa94-04c1-424b-9868-57a2d4851a1d" relativeResultsDirectory="7745a65a-27a9-4895-966c-734513dbfca0" />
    <UnitTestResult executionId="7395415e-6c91-43a2-b92e-b2b5b2073bdf" testId="478b2524-238c-3a12-f209-ae2368969b48" testName="GameBoy.Tests.PpuTests.LY_AdvancesCorrectlyThroughFrame" computerName="pkrvm7jw40e0xgp" duration="00:00:00.0068914" startTime="2025-09-08T21:55:52.5281263+00:00" endTime="2025-09-08T21:55:52.5281263+00:00" testType="13cdc9d9-ddb5-4fa4-a97d-d965ccfc6d4b" outcome="Passed" testListId="8c84fa94-04c1-424b-9868-57a2d4851a1d" relativeResultsDirectory="7395415e-6c91-43a2-b92e-b2b5b2073bdf" />
    <UnitTestResult executionId="f3a57af5-fddc-4a0c-94e9-3abe554b0018" testId="83c014b4-1649-7cfe-2146-fc2ae5b4fd84" testName="GameBoy.Tests.TimerBlarggTests.BlarggTimer_Test05_ReloadTiming" computerName="pkrvm7jw40e0xgp" duration="00:00:00.0010000" startTime="2025-09-08T21:55:52.3209108+00:00" endTime="2025-09-08T21:55:52.3209109+00:00" testType="13cdc9d9-ddb5-4fa4-a97d-d965ccfc6d4b" outcome="NotExecuted" testListId="8c84fa94-04c1-424b-9868-57a2d4851a1d" relativeResultsDirectory="f3a57af5-fddc-4a0c-94e9-3abe554b0018">
      <Output>
        <ErrorInfo>
          <Message>Blargg timer ROM not found</Message>
        </ErrorInfo>
      </Output>
    </UnitTestResult>
    <UnitTestResult executionId="4a9f109f-97c0-408f-ac03-03f3d689b9c4" testId="5f20123c-8ed0-bc94-a059-9424476978ee" testName="GameBoy.Tests.Mbc5Tests.ReadRom_Bank0_ReadsFromFixedBank" computerName="pkrvm7jw40e0xgp" duration="00:00:00.0009666" startTime="2025-09-08T21:55:52.6040070+00:00" endTime="2025-09-08T21:55:52.6040071+00:00" testType="13cdc9d9-ddb5-4fa4-a97d-d965ccfc6d4b" outcome="Passed" testListId="8c84fa94-04c1-424b-9868-57a2d4851a1d" relativeResultsDirectory="4a9f109f-97c0-408f-ac03-03f3d689b9c4" />
    <UnitTestResult executionId="95fa3e60-2feb-41f5-979c-d0447fd6d5d5" testId="6c5a8f54-fef1-8ea7-91b9-a27bc1b602dc" testName="GameBoy.Tests.Integration.BlarggIntegrationTests.Mem_Timing2_ExecutesSuccessfully" computerName="pkrvm7jw40e0xgp" duration="00:00:00.0002880" startTime="2025-09-08T21:55:52.4041166+00:00" endTime="2025-09-08T21:55:52.4041167+00:00" testType="13cdc9d9-ddb5-4fa4-a97d-d965ccfc6d4b" outcome="Passed" testListId="8c84fa94-04c1-424b-9868-57a2d4851a1d" relativeResultsDirectory="95fa3e60-2feb-41f5-979c-d0447fd6d5d5" />
    <UnitTestResult executionId="7f345096-9f55-4bd6-a463-9031dcd7fd01" testId="42b1165a-c412-4f02-26e5-5e4d767a8d9f" testName="GameBoy.Tests.Mbc3Tests.WriteRom_RamAndTimerEnable_EnablesAccess" computerName="pkrvm7jw40e0xgp" duration="00:00:00.0002826" startTime="2025-09-08T21:55:52.5063397+00:00" endTime="2025-09-08T21:55:52.5063398+00:00" testType="13cdc9d9-ddb5-4fa4-a97d-d965ccfc6d4b" outcome="Passed" testListId="8c84fa94-04c1-424b-9868-57a2d4851a1d" relativeResultsDirectory="7f345096-9f55-4bd6-a463-9031dcd7fd01" />
    <UnitTestResult executionId="c602cbf7-aac9-4022-957f-0de2bed5950d" testId="106cb391-7826-d136-23bc-f103d0e4c9d5" testName="GameBoy.Tests.Integration.MooneyeInterruptTests.Mooneye_InterruptTests_ExecuteSuccessfully(category: &quot;interrupts&quot;, romFile: &quot;ret_cc_timing.gb&quot;, description: &quot;RET condition code timing with interrupts&quot;)" computerName="pkrvm7jw40e0xgp" duration="00:00:00.0000200" startTime="2025-09-08T21:55:52.3033176+00:00" endTime="2025-09-08T21:55:52.3033177+00:00" testType="13cdc9d9-ddb5-4fa4-a97d-d965ccfc6d4b" outcome="Passed" testListId="8c84fa94-04c1-424b-9868-57a2d4851a1d" relativeResultsDirectory="c602cbf7-aac9-4022-957f-0de2bed5950d" />
    <UnitTestResult executionId="983ff8f0-82fb-495c-adc1-226c1533209a" testId="9604427e-c651-472a-5cfb-c477b36348af" testName="GameBoy.Tests.PaletteTests.MapColor_ReturnsCorrectMappedValue(paletteValue: 228, colorIndex: 2, expectedMapped: 2)" computerName="pkrvm7jw40e0xgp" duration="00:00:00.0000819" startTime="2025-09-08T21:55:52.5376124+00:00" endTime="2025-09-08T21:55:52.5376124+00:00" testType="13cdc9d9-ddb5-4fa4-a97d-d965ccfc6d4b" outcome="Passed" testListId="8c84fa94-04c1-424b-9868-57a2d4851a1d" relativeResultsDirectory="983ff8f0-82fb-495c-adc1-226c1533209a" />
    <UnitTestResult executionId="e521fdb8-c46a-4d1e-8ab4-8232ddf8488f" testId="2596a46d-7689-9c31-42da-c5175fdef309" testName="GameBoy.Tests.TimerBlarggTests.BlarggTimer_Test03_TimerOffOn" computerName="pkrvm7jw40e0xgp" duration="00:00:00.0010000" startTime="2025-09-08T21:55:52.3230578+00:00" endTime="2025-09-08T21:55:52.3230579+00:00" testType="13cdc9d9-ddb5-4fa4-a97d-d965ccfc6d4b" outcome="NotExecuted" testListId="8c84fa94-04c1-424b-9868-57a2d4851a1d" relativeResultsDirectory="e521fdb8-c46a-4d1e-8ab4-8232ddf8488f">
      <Output>
        <ErrorInfo>
          <Message>Blargg timer ROM not found</Message>
        </ErrorInfo>
      </Output>
    </UnitTestResult>
    <UnitTestResult executionId="3f24378f-a81b-48b6-8568-4321d4c17d30" testId="41624f13-3643-f362-2897-db328849f012" testName="GameBoy.Tests.EmulatorMbcIntegrationTests.Emulator_LoadRom_Mbc3WithBattery_HasBatteryRam" computerName="pkrvm7jw40e0xgp" duration="00:00:00.0045902" startTime="2025-09-08T21:55:52.3196441+00:00" endTime="2025-09-08T21:55:52.3196442+00:00" testType="13cdc9d9-ddb5-4fa4-a97d-d965ccfc6d4b" outcome="Passed" testListId="8c84fa94-04c1-424b-9868-57a2d4851a1d" relativeResultsDirectory="3f24378f-a81b-48b6-8568-4321d4c17d30" />
    <UnitTestResult executionId="2f6f9341-e022-4cf1-891c-dfd2a21b86a7" testId="5924fbe0-0856-ba6d-5f56-bda58dc0f81a" testName="GameBoy.Tests.CpuTests.Add_A_d8_AddsImmediateByte" computerName="pkrvm7jw40e0xgp" duration="00:00:00.0002091" startTime="2025-09-08T21:55:52.4316018+00:00" endTime="2025-09-08T21:55:52.4316019+00:00" testType="13cdc9d9-ddb5-4fa4-a97d-d965ccfc6d4b" outcome="Passed" testListId="8c84fa94-04c1-424b-9868-57a2d4851a1d" relativeResultsDirectory="2f6f9341-e022-4cf1-891c-dfd2a21b86a7" />
    <UnitTestResult executionId="7635ee83-3efd-489f-b5d8-8b690e8c239e" testId="55863f49-97b8-672e-ce1c-1ee36ffc352e" testName="GameBoy.Tests.LcdcTests.WindowTileMapBase_ReturnsCorrectAddress(value: 64, expected: 39936)" computerName="pkrvm7jw40e0xgp" duration="00:00:00.0006967" startTime="2025-09-08T21:55:52.4220346+00:00" endTime="2025-09-08T21:55:52.4220347+00:00" testType="13cdc9d9-ddb5-4fa4-a97d-d965ccfc6d4b" outcome="Passed" testListId="8c84fa94-04c1-424b-9868-57a2d4851a1d" relativeResultsDirectory="7635ee83-3efd-489f-b5d8-8b690e8c239e" />
    <UnitTestResult executionId="52b8d228-6794-4280-8de1-b611e3ef1481" testId="04567a99-31ad-e68c-43f8-bafe9bfa1d3d" testName="GameBoy.Tests.AluTests.SubtractWithCarry_CarryInCausesUnderflow" computerName="pkrvm7jw40e0xgp" duration="00:00:00.0001687" startTime="2025-09-08T21:55:52.5473604+00:00" endTime="2025-09-08T21:55:52.5473604+00:00" testType="13cdc9d9-ddb5-4fa4-a97d-d965ccfc6d4b" outcome="Passed" testListId="8c84fa94-04c1-424b-9868-57a2d4851a1d" relativeResultsDirectory="52b8d228-6794-4280-8de1-b611e3ef1481" />
    <UnitTestResult executionId="7bf80b46-9b7a-4139-b760-03ab2b9ab360" testId="1a2804a3-0827-2fcc-b4ad-1813e1e03c9f" testName="GameBoy.Tests.AluTests.Subtract_EdgeCases_BehavesCorrectly(a: 0, operand: 255)" computerName="pkrvm7jw40e0xgp" duration="00:00:00.0003272" startTime="2025-09-08T21:55:52.5454380+00:00" endTime="2025-09-08T21:55:52.5454380+00:00" testType="13cdc9d9-ddb5-4fa4-a97d-d965ccfc6d4b" outcome="Passed" testListId="8c84fa94-04c1-424b-9868-57a2d4851a1d" relativeResultsDirectory="7bf80b46-9b7a-4139-b760-03ab2b9ab360" />
    <UnitTestResult executionId="ea4c8a86-d241-41a2-b2f5-e7ae811af436" testId="8b909baf-1a4f-aee9-3baa-c1d0732a2500" testName="GameBoy.Tests.PaletteTests.Constructor_InitializesValue" computerName="pkrvm7jw40e0xgp" duration="00:00:00.0122767" startTime="2025-09-08T21:55:52.5397049+00:00" endTime="2025-09-08T21:55:52.5397049+00:00" testType="13cdc9d9-ddb5-4fa4-a97d-d965ccfc6d4b" outcome="Passed" testListId="8c84fa94-04c1-424b-9868-57a2d4851a1d" relativeResultsDirectory="ea4c8a86-d241-41a2-b2f5-e7ae811af436" />
    <UnitTestResult executionId="d89318b3-8ada-4076-9921-cf0a177f4646" testId="b59519ca-aa48-fdfc-4639-a0614012475d" testName="GameBoy.Tests.LcdcTests.BgTileMapArea_ReturnsCorrectValue(value: 247, expected: False)" computerName="pkrvm7jw40e0xgp" duration="00:00:00.0001294" startTime="2025-09-08T21:55:52.4232202+00:00" endTime="2025-09-08T21:55:52.4232203+00:00" testType="13cdc9d9-ddb5-4fa4-a97d-d965ccfc6d4b" outcome="Passed" testListId="8c84fa94-04c1-424b-9868-57a2d4851a1d" relativeResultsDirectory="d89318b3-8ada-4076-9921-cf0a177f4646" />
    <UnitTestResult executionId="58c71664-f164-4edc-99c7-407290d75fea" testId="6bca5d59-928b-3848-bec7-0a44e7315c43" testName="GameBoy.Tests.PaletteTests.ColorProperties_ReturnCorrectValues(value: 27, color0: 3, color1: 2, color2: 1, color3: 0)" computerName="pkrvm7jw40e0xgp" duration="00:00:00.0003952" startTime="2025-09-08T21:55:52.5399142+00:00" endTime="2025-09-08T21:55:52.5399143+00:00" testType="13cdc9d9-ddb5-4fa4-a97d-d965ccfc6d4b" outcome="Passed" testListId="8c84fa94-04c1-424b-9868-57a2d4851a1d" relativeResultsDirectory="58c71664-f164-4edc-99c7-407290d75fea" />
    <UnitTestResult executionId="fe017ecc-0448-4927-a310-5e90b879d46e" testId="ae3064f1-f145-0973-10f5-1b6b0badd490" testName="GameBoy.Tests.DmaTests.DMA_WriteToRegister_StoresValue" computerName="pkrvm7jw40e0xgp" duration="00:00:00.0001834" startTime="2025-09-08T21:55:52.4279925+00:00" endTime="2025-09-08T21:55:52.4279925+00:00" testType="13cdc9d9-ddb5-4fa4-a97d-d965ccfc6d4b" outcome="Passed" testListId="8c84fa94-04c1-424b-9868-57a2d4851a1d" relativeResultsDirectory="fe017ecc-0448-4927-a310-5e90b879d46e" />
    <UnitTestResult executionId="595bfc79-0a26-465f-9020-d2bf49dfc43d" testId="40b3ee84-2a33-de43-b253-9cf8061579ae" testName="GameBoy.Tests.Integration.MooneyeInterruptTests.Mooneye_InterruptTests_ExecuteSuccessfully(category: &quot;interrupts&quot;, romFile: &quot;oam_dma_restart.gb&quot;, description: &quot;OAM DMA restart interrupt test&quot;)" computerName="pkrvm7jw40e0xgp" duration="00:00:00.0000100" startTime="2025-09-08T21:55:52.3033777+00:00" endTime="2025-09-08T21:55:52.3033778+00:00" testType="13cdc9d9-ddb5-4fa4-a97d-d965ccfc6d4b" outcome="Passed" testListId="8c84fa94-04c1-424b-9868-57a2d4851a1d" relativeResultsDirectory="595bfc79-0a26-465f-9020-d2bf49dfc43d" />
    <UnitTestResult executionId="038875c9-8243-4094-910f-956c718d4269" testId="e7e04a3e-1ec2-ba48-ac24-a7974f765367" testName="GameBoy.Tests.Mbc3Tests.RtcRegisters_BoundaryValues_HandledCorrectly" computerName="pkrvm7jw40e0xgp" duration="00:00:00.0003196" startTime="2025-09-08T21:55:52.5067434+00:00" endTime="2025-09-08T21:55:52.5067435+00:00" testType="13cdc9d9-ddb5-4fa4-a97d-d965ccfc6d4b" outcome="Passed" testListId="8c84fa94-04c1-424b-9868-57a2d4851a1d" relativeResultsDirectory="038875c9-8243-4094-910f-956c718d4269" />
    <UnitTestResult executionId="c50fbf27-5917-4b42-a235-2c851064015d" testId="494ce6b0-772c-7f7e-7360-97586734d032" testName="GameBoy.Tests.InterruptControllerTests.TryGetPending_SingleInterrupt_ReturnsCorrectType(ifValue: 16, ieValue: 16, expectedType: Joypad)" computerName="pkrvm7jw40e0xgp" duration="00:00:00.0071346" startTime="2025-09-08T21:55:52.4594306+00:00" endTime="2025-09-08T21:55:52.4594307+00:00" testType="13cdc9d9-ddb5-4fa4-a97d-d965ccfc6d4b" outcome="Passed" testListId="8c84fa94-04c1-424b-9868-57a2d4851a1d" relativeResultsDirectory="c50fbf27-5917-4b42-a235-2c851064015d" />
    <UnitTestResult executionId="d17a48be-954b-4e42-8c08-50ba29bd2c81" testId="cd44edf2-4e22-e8a9-653b-830594a5b38d" testName="GameBoy.Tests.Integration.BlarggIntegrationTests.CpuInstrs_IndividualTests_ExecuteSuccessfully(romFile: &quot;11-op a,(hl).gb&quot;, description: &quot;OP A,(HL) instruction test&quot;)" computerName="pkrvm7jw40e0xgp" duration="00:00:00.0000142" startTime="2025-09-08T21:55:52.3927146+00:00" endTime="2025-09-08T21:55:52.3927146+00:00" testType="13cdc9d9-ddb5-4fa4-a97d-d965ccfc6d4b" outcome="Passed" testListId="8c84fa94-04c1-424b-9868-57a2d4851a1d" relativeResultsDirectory="d17a48be-954b-4e42-8c08-50ba29bd2c81" />
    <UnitTestResult executionId="abd36c06-bf13-460e-96f1-c3cfc5d00b98" testId="aa62db2f-bb74-b7aa-d62d-6596b839e885" testName="GameBoy.Tests.CpuAddressingTests.ReadHL_ReadsFromHLAddress" computerName="pkrvm7jw40e0xgp" duration="00:00:00.0002072" startTime="2025-09-08T21:55:52.5303209+00:00" endTime="2025-09-08T21:55:52.5303210+00:00" testType="13cdc9d9-ddb5-4fa4-a97d-d965ccfc6d4b" outcome="Passed" testListId="8c84fa94-04c1-424b-9868-57a2d4851a1d" relativeResultsDirectory="abd36c06-bf13-460e-96f1-c3cfc5d00b98" />
    <UnitTestResult executionId="e8c8855b-abf2-4e5f-bc67-7f392ce3ed29" testId="780e9802-fd3e-fb97-5165-36872cd7596d" testName="GameBoy.Tests.CartridgeTests.Detect_UnknownCartridgeTypes_ThrowsNotSupportedException(cartridgeType: 170)" computerName="pkrvm7jw40e0xgp" duration="00:00:00.0000527" startTime="2025-09-08T21:55:52.5264242+00:00" endTime="2025-09-08T21:55:52.5264243+00:00" testType="13cdc9d9-ddb5-4fa4-a97d-d965ccfc6d4b" outcome="Passed" testListId="8c84fa94-04c1-424b-9868-57a2d4851a1d" relativeResultsDirectory="e8c8855b-abf2-4e5f-bc67-7f392ce3ed29" />
    <UnitTestResult executionId="6d98b643-a3f9-4ce3-9604-8087b711bd36" testId="06a0dbdf-8731-d98c-f9e6-2f5f2d06c404" testName="GameBoy.Tests.AdvancedTimingTests.CBSwapMemory_Takes16Cycles" computerName="pkrvm7jw40e0xgp" duration="00:00:00.0002150" startTime="2025-09-08T21:55:52.5052826+00:00" endTime="2025-09-08T21:55:52.5052826+00:00" testType="13cdc9d9-ddb5-4fa4-a97d-d965ccfc6d4b" outcome="Passed" testListId="8c84fa94-04c1-424b-9868-57a2d4851a1d" relativeResultsDirectory="6d98b643-a3f9-4ce3-9604-8087b711bd36" />
    <UnitTestResult executionId="bd55c760-4d81-4087-bdba-7f247432388d" testId="9b50f966-c34d-9383-fb71-b0d6121c3c39" testName="GameBoy.Tests.Integration.MooneyeInterruptTests.Mooneye_TimerInterruptTests_ExecuteSuccessfully(category: &quot;timer&quot;, romFile: &quot;tim10_div_trigger.gb&quot;, description: &quot;Timer 10 DIV trigger interrupt&quot;)" computerName="pkrvm7jw40e0xgp" duration="00:00:00.0000116" startTime="2025-09-08T21:55:52.3075686+00:00" endTime="2025-09-08T21:55:52.3075686+00:00" testType="13cdc9d9-ddb5-4fa4-a97d-d965ccfc6d4b" outcome="Passed" testListId="8c84fa94-04c1-424b-9868-57a2d4851a1d" relativeResultsDirectory="bd55c760-4d81-4087-bdba-7f247432388d" />
    <UnitTestResult executionId="478fb046-bbc6-4193-83d0-6990299893e7" testId="117c486f-593c-a149-4e78-e303f3deccae" testName="GameBoy.Tests.SpriteTests.IsVisibleOnScanline_ReturnsCorrectValue(y: 80, scanline: 80, spriteHeight: 16, expected: False)" computerName="pkrvm7jw40e0xgp" duration="00:00:00.0000041" startTime="2025-09-08T21:55:52.3450983+00:00" endTime="2025-09-08T21:55:52.3450983+00:00" testType="13cdc9d9-ddb5-4fa4-a97d-d965ccfc6d4b" outcome="Passed" testListId="8c84fa94-04c1-424b-9868-57a2d4851a1d" relativeResultsDirectory="478fb046-bbc6-4193-83d0-6990299893e7" />
    <UnitTestResult executionId="10cf3213-5d5c-4d07-8260-3899ea0b2669" testId="6a0c53f0-2c18-115f-f674-49a785fc4aaf" testName="GameBoy.Tests.CartridgeHeaderTests.RomSize_InvalidCodes_DefaultsTo32KB(code: 255)" computerName="pkrvm7jw40e0xgp" duration="00:00:00.0002538" startTime="2025-09-08T21:55:52.5408385+00:00" endTime="2025-09-08T21:55:52.5408386+00:00" testType="13cdc9d9-ddb5-4fa4-a97d-d965ccfc6d4b" outcome="Passed" testListId="8c84fa94-04c1-424b-9868-57a2d4851a1d" relativeResultsDirectory="10cf3213-5d5c-4d07-8260-3899ea0b2669" />
    <UnitTestResult executionId="0369729c-08b1-4b5c-8a42-f36a342a8abc" testId="d60d487b-1af3-e84a-4f85-46950aaaae39" testName="GameBoy.Tests.InterruptControllerTests.Request_SetsCorrectIFBit(interruptType: Serial, expectedBit: 8)" computerName="pkrvm7jw40e0xgp" duration="00:00:00.0002655" startTime="2025-09-08T21:55:52.4367906+00:00" endTime="2025-09-08T21:55:52.4367907+00:00" testType="13cdc9d9-ddb5-4fa4-a97d-d965ccfc6d4b" outcome="Passed" testListId="8c84fa94-04c1-424b-9868-57a2d4851a1d" relativeResultsDirectory="0369729c-08b1-4b5c-8a42-f36a342a8abc" />
    <UnitTestResult executionId="068d6989-78bd-4835-a1d6-8dee3add6f03" testId="5f331914-41b3-92d2-2fc0-87e754e4a46b" testName="GameBoy.Tests.InstructionDecodingTests.OpcodeTable_Primary_Has256Entries" computerName="pkrvm7jw40e0xgp" duration="00:00:00.0001145" startTime="2025-09-08T21:55:52.4771073+00:00" endTime="2025-09-08T21:55:52.4771074+00:00" testType="13cdc9d9-ddb5-4fa4-a97d-d965ccfc6d4b" outcome="Passed" testListId="8c84fa94-04c1-424b-9868-57a2d4851a1d" relativeResultsDirectory="068d6989-78bd-4835-a1d6-8dee3add6f03" />
    <UnitTestResult executionId="2419bb57-d257-490f-b8f1-1318c71e0141" testId="4e1ae817-5271-c7fa-1dd8-f498ff4abfcb" testName="GameBoy.Tests.Integration.MooneyeInterruptTests.Mooneye_PPUInterruptTests_ExecuteSuccessfully(category: &quot;ppu&quot;, romFile: &quot;intr_2_mode0_timing_sprites-dmg.gb&quot;, description: &quot;Interrupt 2 mode 0 timing with sprites&quot;)" computerName="pkrvm7jw40e0xgp" duration="00:00:00.0000130" startTime="2025-09-08T21:55:52.3119022+00:00" endTime="2025-09-08T21:55:52.3119023+00:00" testType="13cdc9d9-ddb5-4fa4-a97d-d965ccfc6d4b" outcome="Passed" testListId="8c84fa94-04c1-424b-9868-57a2d4851a1d" relativeResultsDirectory="2419bb57-d257-490f-b8f1-1318c71e0141" />
    <UnitTestResult executionId="0fc0ea08-9278-468f-81a8-42fd7df0a2b3" testId="fdb2cf0c-963b-0925-7ea4-74bfa1abb27b" testName="GameBoy.Tests.CpuAddressingTests.AddressingHelpers_WorkWithOpcodeExecution" computerName="pkrvm7jw40e0xgp" duration="00:00:00.0002338" startTime="2025-09-08T21:55:52.5293767+00:00" endTime="2025-09-08T21:55:52.5293768+00:00" testType="13cdc9d9-ddb5-4fa4-a97d-d965ccfc6d4b" outcome="Passed" testListId="8c84fa94-04c1-424b-9868-57a2d4851a1d" relativeResultsDirectory="0fc0ea08-9278-468f-81a8-42fd7df0a2b3" />
    <UnitTestResult executionId="b96e04a4-7ac7-4c67-b59a-63aeee3b4380" testId="43e54aa8-9155-d07b-d977-545a203b4b6c" testName="GameBoy.Tests.Integration.MooneyeInterruptTests.Mooneye_ComprehensiveInterruptBehavior_ExecutesSuccessfully" computerName="pkrvm7jw40e0xgp" duration="00:00:00.0048641" startTime="2025-09-08T21:55:52.3128544+00:00" endTime="2025-09-08T21:55:52.3128545+00:00" testType="13cdc9d9-ddb5-4fa4-a97d-d965ccfc6d4b" outcome="Passed" testListId="8c84fa94-04c1-424b-9868-57a2d4851a1d" relativeResultsDirectory="b96e04a4-7ac7-4c67-b59a-63aeee3b4380" />
    <UnitTestResult executionId="53330269-7185-4ea4-b92e-e8e1ec76f208" testId="cec261d1-2f6e-a298-77a8-adcbd8810670" testName="GameBoy.Tests.TimerBlarggTests.BlarggTimer_Test07_TacWrite" computerName="pkrvm7jw40e0xgp" duration="00:00:00.0010000" startTime="2025-09-08T21:55:52.3203285+00:00" endTime="2025-09-08T21:55:52.3203286+00:00" testType="13cdc9d9-ddb5-4fa4-a97d-d965ccfc6d4b" outcome="NotExecuted" testListId="8c84fa94-04c1-424b-9868-57a2d4851a1d" relativeResultsDirectory="53330269-7185-4ea4-b92e-e8e1ec76f208">
      <Output>
        <ErrorInfo>
          <Message>Blargg timer ROM not found</Message>
        </ErrorInfo>
      </Output>
    </UnitTestResult>
    <UnitTestResult executionId="b01f30b0-42d6-4e93-85ff-ce0db9d56aac" testId="a305b2cf-1756-3dcb-e780-9ad0ea3377ba" testName="GameBoy.Tests.LcdcTests.WindowTileMapArea_ReturnsCorrectValue(value: 64, expected: True)" computerName="pkrvm7jw40e0xgp" duration="00:00:00.0000067" startTime="2025-09-08T21:55:52.4283100+00:00" endTime="2025-09-08T21:55:52.4283101+00:00" testType="13cdc9d9-ddb5-4fa4-a97d-d965ccfc6d4b" outcome="Passed" testListId="8c84fa94-04c1-424b-9868-57a2d4851a1d" relativeResultsDirectory="b01f30b0-42d6-4e93-85ff-ce0db9d56aac" />
    <UnitTestResult executionId="f0318ed6-8bb8-44c8-b8f1-e81e8a2d00cc" testId="10771405-225e-32ee-617f-3795aa9d6e76" testName="GameBoy.Tests.TimerBlarggTests.BlarggTimer_Test06_DivWrite" computerName="pkrvm7jw40e0xgp" duration="00:00:00.0010000" startTime="2025-09-08T21:55:52.3194014+00:00" endTime="2025-09-08T21:55:52.3194015+00:00" testType="13cdc9d9-ddb5-4fa4-a97d-d965ccfc6d4b" outcome="NotExecuted" testListId="8c84fa94-04c1-424b-9868-57a2d4851a1d" relativeResultsDirectory="f0318ed6-8bb8-44c8-b8f1-e81e8a2d00cc">
      <Output>
        <ErrorInfo>
          <Message>Blargg timer ROM not found</Message>
        </ErrorInfo>
      </Output>
    </UnitTestResult>
    <UnitTestResult executionId="53500017-9627-4f8a-8133-de12a9dfb266" testId="ea460519-d893-e51d-e2ec-3c26b9fabbcf" testName="GameBoy.Tests.SpriteTests.GetRelativeY16_ReturnsCorrectValueFor8x16Sprites(y: 80, scanline: 68, attributes: 0, expected: 4)" computerName="pkrvm7jw40e0xgp" duration="00:00:00.0000028" startTime="2025-09-08T21:55:52.3237447+00:00" endTime="2025-09-08T21:55:52.3237448+00:00" testType="13cdc9d9-ddb5-4fa4-a97d-d965ccfc6d4b" outcome="Passed" testListId="8c84fa94-04c1-424b-9868-57a2d4851a1d" relativeResultsDirectory="53500017-9627-4f8a-8133-de12a9dfb266" />
    <UnitTestResult executionId="887044d1-915d-407b-bcbc-2e5aa6729b68" testId="d4dc003e-0824-a19f-90aa-5b4fbc46becc" testName="GameBoy.Tests.CycleAccuracyValidationTests.AllLoadRegisterToRegister_Take4Cycles" computerName="pkrvm7jw40e0xgp" duration="00:00:00.0199198" startTime="2025-09-08T21:55:52.5287536+00:00" endTime="2025-09-08T21:55:52.5287536+00:00" testType="13cdc9d9-ddb5-4fa4-a97d-d965ccfc6d4b" outcome="Passed" testListId="8c84fa94-04c1-424b-9868-57a2d4851a1d" relativeResultsDirectory="887044d1-915d-407b-bcbc-2e5aa6729b68" />
    <UnitTestResult executionId="03c4967e-f99b-47c2-a9fb-4d239b814d82" testId="ab6aa2e3-320c-8f7b-e9af-5c9d131cbb2d" testName="GameBoy.Tests.InstructionDecodingTests.SpecificInstructions_HaveCorrectMetadata(opcode: 240, expectedMnemonic: &quot;LDH A,(a8)&quot;, expectedLength: 2, expectedCycles: 12, expectedOperandType: MemoryImmediate8)" computerName="pkrvm7jw40e0xgp" duration="00:00:00.0000058" startTime="2025-09-08T21:55:52.4769687+00:00" endTime="2025-09-08T21:55:52.4769687+00:00" testType="13cdc9d9-ddb5-4fa4-a97d-d965ccfc6d4b" outcome="Passed" testListId="8c84fa94-04c1-424b-9868-57a2d4851a1d" relativeResultsDirectory="03c4967e-f99b-47c2-a9fb-4d239b814d82" />
    <UnitTestResult executionId="277f0313-c9a4-4b02-9921-0b1fd4c539d1" testId="2448f416-24b3-a77c-3dfa-22ab364a1590" testName="GameBoy.Tests.Integration.MooneyeInterruptTests.Mooneye_TimerInterruptTests_ExecuteSuccessfully(category: &quot;timer&quot;, romFile: &quot;tim01_div_trigger.gb&quot;, description: &quot;Timer 01 DIV trigger interrupt&quot;)" computerName="pkrvm7jw40e0xgp" duration="00:00:00.0000110" startTime="2025-09-08T21:55:52.3076782+00:00" endTime="2025-09-08T21:55:52.3076783+00:00" testType="13cdc9d9-ddb5-4fa4-a97d-d965ccfc6d4b" outcome="Passed" testListId="8c84fa94-04c1-424b-9868-57a2d4851a1d" relativeResultsDirectory="277f0313-c9a4-4b02-9921-0b1fd4c539d1" />
    <UnitTestResult executionId="ea5f4cee-2c44-48d8-8efe-422bd30edfd7" testId="0601d065-bb56-7b28-9b46-f6b4ea60b390" testName="GameBoy.Tests.InstructionDecodingTests.CPU_Step_HandlesCBPrefixedOpcodes" computerName="pkrvm7jw40e0xgp" duration="00:00:00.0002014" startTime="2025-09-08T21:55:52.5003393+00:00" endTime="2025-09-08T21:55:52.5003394+00:00" testType="13cdc9d9-ddb5-4fa4-a97d-d965ccfc6d4b" outcome="Passed" testListId="8c84fa94-04c1-424b-9868-57a2d4851a1d" relativeResultsDirectory="ea5f4cee-2c44-48d8-8efe-422bd30edfd7" />
    <UnitTestResult executionId="8b8b1fb7-80df-4435-8d00-0321d0d230be" testId="5f28ed6a-b607-4244-c09c-ea41369ed866" testName="GameBoy.Tests.CpuAddressingTests.ReadHLI_ReadsFromHLAddressThenIncrementsHL" computerName="pkrvm7jw40e0xgp" duration="00:00:00.0002084" startTime="2025-09-08T21:55:52.5315771+00:00" endTime="2025-09-08T21:55:52.5315772+00:00" testType="13cdc9d9-ddb5-4fa4-a97d-d965ccfc6d4b" outcome="Passed" testListId="8c84fa94-04c1-424b-9868-57a2d4851a1d" relativeResultsDirectory="8b8b1fb7-80df-4435-8d00-0321d0d230be" />
    <UnitTestResult executionId="33ed10b3-521f-4c5a-adc4-7fa7f527b0bd" testId="9237a3ba-0ae3-e8c9-4a5e-4cfc59fd3dad" testName="GameBoy.Tests.Mbc1Tests.ReadRom_Bank0_ReadsFromFixedBank" computerName="pkrvm7jw40e0xgp" duration="00:00:00.0003729" startTime="2025-09-08T21:55:52.3256885+00:00" endTime="2025-09-08T21:55:52.3256886+00:00" testType="13cdc9d9-ddb5-4fa4-a97d-d965ccfc6d4b" outcome="Passed" testListId="8c84fa94-04c1-424b-9868-57a2d4851a1d" relativeResultsDirectory="33ed10b3-521f-4c5a-adc4-7fa7f527b0bd" />
    <UnitTestResult executionId="8af8d0ff-ffc4-4d67-82ee-fc824a6edc66" testId="54dd0e40-8b85-eea0-2c56-4381d7e21249" testName="GameBoy.Tests.CpuMmuIntegrationTests.HL_AddressingModes_HandleMemoryBoundaries" computerName="pkrvm7jw40e0xgp" duration="00:00:00.0002150" startTime="2025-09-08T21:55:52.4005472+00:00" endTime="2025-09-08T21:55:52.4005473+00:00" testType="13cdc9d9-ddb5-4fa4-a97d-d965ccfc6d4b" outcome="Passed" testListId="8c84fa94-04c1-424b-9868-57a2d4851a1d" relativeResultsDirectory="8af8d0ff-ffc4-4d67-82ee-fc824a6edc66" />
    <UnitTestResult executionId="c07ddb76-029e-4916-8622-c3d9d5965332" testId="52b3fc6e-e3ed-7c01-72d2-1b9a6492f9ad" testName="GameBoy.Tests.PpuTests.STAT_Register_ReflectsCurrentMode" computerName="pkrvm7jw40e0xgp" duration="00:00:00.0003579" startTime="2025-09-08T21:55:52.5300669+00:00" endTime="2025-09-08T21:55:52.5300670+00:00" testType="13cdc9d9-ddb5-4fa4-a97d-d965ccfc6d4b" outcome="Passed" testListId="8c84fa94-04c1-424b-9868-57a2d4851a1d" relativeResultsDirectory="c07ddb76-029e-4916-8622-c3d9d5965332" />
    <UnitTestResult executionId="35e0e665-df21-4bd4-a4f0-fbdc8fbb26b5" testId="308af67d-87fa-ca36-4e7e-abfba831bdcf" testName="GameBoy.Tests.CpuMmuIntegrationTests.RegisterPair_Addressing_CrossesMemoryBoundaries" computerName="pkrvm7jw40e0xgp" duration="00:00:00.0065565" startTime="2025-09-08T21:55:52.4088702+00:00" endTime="2025-09-08T21:55:52.4088703+00:00" testType="13cdc9d9-ddb5-4fa4-a97d-d965ccfc6d4b" outcome="Passed" testListId="8c84fa94-04c1-424b-9868-57a2d4851a1d" relativeResultsDirectory="35e0e665-df21-4bd4-a4f0-fbdc8fbb26b5" />
    <UnitTestResult executionId="12eb3d30-342a-4d6c-b4cf-bc27bd7760d1" testId="1ce02f8c-966b-9d03-e6ad-81a3ad8ee1c4" testName="GameBoy.Tests.CpuAddressingTests.AddressingHelpers_HighRAM_WorksWithOpcodes" computerName="pkrvm7jw40e0xgp" duration="00:00:00.0003237" startTime="2025-09-08T21:55:52.5310144+00:00" endTime="2025-09-08T21:55:52.5310146+00:00" testType="13cdc9d9-ddb5-4fa4-a97d-d965ccfc6d4b" outcome="Passed" testListId="8c84fa94-04c1-424b-9868-57a2d4851a1d" relativeResultsDirectory="12eb3d30-342a-4d6c-b4cf-bc27bd7760d1" />
    <UnitTestResult executionId="7f5da0ae-4f19-47ed-ae25-8d4d8c021694" testId="c1ab6780-158a-69dd-c56d-87f0797289c4" testName="GameBoy.Tests.InterruptControllerTests.Service_ReturnsCorrectVectorAddress(interruptType: Serial, expectedVector: 88)" computerName="pkrvm7jw40e0xgp" duration="00:00:00.0002470" startTime="2025-09-08T21:55:52.4605961+00:00" endTime="2025-09-08T21:55:52.4605961+00:00" testType="13cdc9d9-ddb5-4fa4-a97d-d965ccfc6d4b" outcome="Passed" testListId="8c84fa94-04c1-424b-9868-57a2d4851a1d" relativeResultsDirectory="7f5da0ae-4f19-47ed-ae25-8d4d8c021694" />
    <UnitTestResult executionId="1b77d8c5-5268-48d2-bd10-1d3d531781bb" testId="06dbb17f-0a44-4522-049b-1c6cf3bf3755" testName="GameBoy.Tests.CartridgeHeaderTests.Title_ExtractsCorrectTitle" computerName="pkrvm7jw40e0xgp" duration="00:00:00.0001765" startTime="2025-09-08T21:55:52.5416527+00:00" endTime="2025-09-08T21:55:52.5416528+00:00" testType="13cdc9d9-ddb5-4fa4-a97d-d965ccfc6d4b" outcome="Passed" testListId="8c84fa94-04c1-424b-9868-57a2d4851a1d" relativeResultsDirectory="1b77d8c5-5268-48d2-bd10-1d3d531781bb" />
    <UnitTestResult executionId="3435d706-9749-405d-afc8-1a1641e8397b" testId="40dcbde5-3f76-b90a-2d88-adfe176f7e60" testName="GameBoy.Tests.CpuMmuIntegrationTests.CPU_AccessesHighRamThroughMMU" computerName="pkrvm7jw40e0xgp" duration="00:00:00.0001959" startTime="2025-09-08T21:55:52.4013796+00:00" endTime="2025-09-08T21:55:52.4013797+00:00" testType="13cdc9d9-ddb5-4fa4-a97d-d965ccfc6d4b" outcome="Passed" testListId="8c84fa94-04c1-424b-9868-57a2d4851a1d" relativeResultsDirectory="3435d706-9749-405d-afc8-1a1641e8397b" />
    <UnitTestResult executionId="cdd7d91e-cc68-4183-ad40-95cc736cc711" testId="c13df759-13d6-42d4-2abc-9c879ffe5a50" testName="GameBoy.Tests.Integration.BlarggIntegrationTests.Mem_Timing_ExecutesSuccessfully" computerName="pkrvm7jw40e0xgp" duration="00:00:00.0003138" startTime="2025-09-08T21:55:52.4015328+00:00" endTime="2025-09-08T21:55:52.4015328+00:00" testType="13cdc9d9-ddb5-4fa4-a97d-d965ccfc6d4b" outcome="Passed" testListId="8c84fa94-04c1-424b-9868-57a2d4851a1d" relativeResultsDirectory="cdd7d91e-cc68-4183-ad40-95cc736cc711" />
    <UnitTestResult executionId="5412f54e-ac6b-4d6b-b090-db2719807dd7" testId="c1b5930e-abc0-c16e-85c6-cd5ff1cb4510" testName="GameBoy.Tests.InstructionDecodingTests.SpecificInstructions_HaveCorrectMetadata(opcode: 6, expectedMnemonic: &quot;LD B,d8&quot;, expectedLength: 2, expectedCycles: 8, expectedOperandType: Immediate8)" computerName="pkrvm7jw40e0xgp" duration="00:00:00.0004277" startTime="2025-09-08T21:55:52.4766572+00:00" endTime="2025-09-08T21:55:52.4766572+00:00" testType="13cdc9d9-ddb5-4fa4-a97d-d965ccfc6d4b" outcome="Passed" testListId="8c84fa94-04c1-424b-9868-57a2d4851a1d" relativeResultsDirectory="5412f54e-ac6b-4d6b-b090-db2719807dd7" />
    <UnitTestResult executionId="94398d09-76f6-4de3-a9f9-2a21f189c928" testId="12094dc9-7f3b-3b43-56c7-cfacac39a0fa" testName="GameBoy.Tests.CartridgeHeaderTests.RomSize_CalculatesCorrectSizeForStandardCodes(code: 8, expectedSize: 8388608)" computerName="pkrvm7jw40e0xgp" duration="00:00:00.0000125" startTime="2025-09-08T21:55:52.5426984+00:00" endTime="2025-09-08T21:55:52.5426985+00:00" testType="13cdc9d9-ddb5-4fa4-a97d-d965ccfc6d4b" outcome="Passed" testListId="8c84fa94-04c1-424b-9868-57a2d4851a1d" relativeResultsDirectory="94398d09-76f6-4de3-a9f9-2a21f189c928" />
    <UnitTestResult executionId="1443b5d2-8d4b-46fa-a2a1-866e8e34a881" testId="6c9d7a5b-3a83-ec24-ee7f-48cd8387c5f8" testName="GameBoy.Tests.InstructionGroupTests.DEC_C_DecrementsRegister" computerName="pkrvm7jw40e0xgp" duration="00:00:00.0005187" startTime="2025-09-08T21:55:52.3460941+00:00" endTime="2025-09-08T21:55:52.3460941+00:00" testType="13cdc9d9-ddb5-4fa4-a97d-d965ccfc6d4b" outcome="Passed" testListId="8c84fa94-04c1-424b-9868-57a2d4851a1d" relativeResultsDirectory="1443b5d2-8d4b-46fa-a2a1-866e8e34a881" />
    <UnitTestResult executionId="9de7e92e-2117-4d03-962f-7870c6d88ca2" testId="feae4939-ded0-6aab-b8db-86ddfd9ba187" testName="GameBoy.Tests.InstructionTimingTests.JumpHL_Takes4Cycles" computerName="pkrvm7jw40e0xgp" duration="00:00:00.0003087" startTime="2025-09-08T21:55:52.4416651+00:00" endTime="2025-09-08T21:55:52.4416652+00:00" testType="13cdc9d9-ddb5-4fa4-a97d-d965ccfc6d4b" outcome="Passed" testListId="8c84fa94-04c1-424b-9868-57a2d4851a1d" relativeResultsDirectory="9de7e92e-2117-4d03-962f-7870c6d88ca2" />
    <UnitTestResult executionId="fb1800ca-7a17-4d3d-ab70-c3417852628a" testId="97046c6a-6e81-8947-5978-8b6f728ddfb1" testName="GameBoy.Tests.InstructionDecodingTests.SpecificInstructions_HaveCorrectMetadata(opcode: 250, expectedMnemonic: &quot;LD A,(a16)&quot;, expectedLength: 3, expectedCycles: 16, expectedOperandType: MemoryImmediate16)" computerName="pkrvm7jw40e0xgp" duration="00:00:00.0000058" startTime="2025-09-08T21:55:52.4768032+00:00" endTime="2025-09-08T21:55:52.4768033+00:00" testType="13cdc9d9-ddb5-4fa4-a97d-d965ccfc6d4b" outcome="Passed" testListId="8c84fa94-04c1-424b-9868-57a2d4851a1d" relativeResultsDirectory="fb1800ca-7a17-4d3d-ab70-c3417852628a" />
    <UnitTestResult executionId="2c8f86e2-8008-412d-bc97-49d8977178a8" testId="2275ac94-8aca-2c08-a26a-d958344250af" testName="GameBoy.Tests.InstructionGroupTests.CB_RLC_B_RotatesLeftCircular" computerName="pkrvm7jw40e0xgp" duration="00:00:00.0174688" startTime="2025-09-08T21:55:52.3702841+00:00" endTime="2025-09-08T21:55:52.3702841+00:00" testType="13cdc9d9-ddb5-4fa4-a97d-d965ccfc6d4b" outcome="Passed" testListId="8c84fa94-04c1-424b-9868-57a2d4851a1d" relativeResultsDirectory="2c8f86e2-8008-412d-bc97-49d8977178a8" />
    <UnitTestResult executionId="092e15b4-b62f-458c-a040-1b42b75cbd0e" testId="549f0cfe-5be8-1f18-0e68-76f3843fd943" testName="GameBoy.Tests.CartridgeTests.Detect_AllMbc1Variants_ReturnsCorrectCartridge(cartridgeType: 1)" computerName="pkrvm7jw40e0xgp" duration="00:00:00.0002776" startTime="2025-09-08T21:55:52.5075160+00:00" endTime="2025-09-08T21:55:52.5075161+00:00" testType="13cdc9d9-ddb5-4fa4-a97d-d965ccfc6d4b" outcome="Passed" testListId="8c84fa94-04c1-424b-9868-57a2d4851a1d" relativeResultsDirectory="092e15b4-b62f-458c-a040-1b42b75cbd0e" />
    <UnitTestResult executionId="8684e09f-8360-4860-8783-d8a227dccce5" testId="691b246d-87d4-c3da-77b1-b99ceaa91e23" testName="GameBoy.Tests.InterruptServiceRoutineTests.HALT_Bug_DoesNotTriggerWhenIMEEnabled" computerName="pkrvm7jw40e0xgp" duration="00:00:00.0002566" startTime="2025-09-08T21:55:52.4324745+00:00" endTime="2025-09-08T21:55:52.4324745+00:00" testType="13cdc9d9-ddb5-4fa4-a97d-d965ccfc6d4b" outcome="Passed" testListId="8c84fa94-04c1-424b-9868-57a2d4851a1d" relativeResultsDirectory="8684e09f-8360-4860-8783-d8a227dccce5" />
    <UnitTestResult executionId="4813fb31-a5ba-401e-9c24-fb1af4c79b44" testId="a7bf5563-2cb2-c215-2dac-5d52641bf01d" testName="GameBoy.Tests.Mbc1Tests.WriteRom_Bank0Selection_MapsToBank1" computerName="pkrvm7jw40e0xgp" duration="00:00:00.0003336" startTime="2025-09-08T21:55:52.3259759+00:00" endTime="2025-09-08T21:55:52.3259760+00:00" testType="13cdc9d9-ddb5-4fa4-a97d-d965ccfc6d4b" outcome="Passed" testListId="8c84fa94-04c1-424b-9868-57a2d4851a1d" relativeResultsDirectory="4813fb31-a5ba-401e-9c24-fb1af4c79b44" />
    <UnitTestResult executionId="c52087bd-b510-4d6f-af2c-495f5e1c9e63" testId="d3973571-32a8-c5e0-9b1c-cda06e91ccb3" testName="GameBoy.Tests.CartridgeMmuIntegrationTests.Mmu_ExternalRam_Mbc3WithRtc" computerName="pkrvm7jw40e0xgp" duration="00:00:00.0001732" startTime="2025-09-08T21:55:52.5074018+00:00" endTime="2025-09-08T21:55:52.5074019+00:00" testType="13cdc9d9-ddb5-4fa4-a97d-d965ccfc6d4b" outcome="Passed" testListId="8c84fa94-04c1-424b-9868-57a2d4851a1d" relativeResultsDirectory="c52087bd-b510-4d6f-af2c-495f5e1c9e63" />
    <UnitTestResult executionId="fc9ef167-0f73-4576-a0ba-5f64457c3b3c" testId="4504d0c8-a057-31ba-309c-2c8e1060e273" testName="GameBoy.Tests.InstructionTimingTests.ConditionalCallNotTaken_Takes12Cycles" computerName="pkrvm7jw40e0xgp" duration="00:00:00.0001604" startTime="2025-09-08T21:55:52.4570698+00:00" endTime="2025-09-08T21:55:52.4570698+00:00" testType="13cdc9d9-ddb5-4fa4-a97d-d965ccfc6d4b" outcome="Passed" testListId="8c84fa94-04c1-424b-9868-57a2d4851a1d" relativeResultsDirectory="fc9ef167-0f73-4576-a0ba-5f64457c3b3c" />
    <UnitTestResult executionId="0a6faf6a-6e97-4805-b80a-f754c14e7fac" testId="9db913f8-edf3-1531-068f-75285e2033df" testName="GameBoy.Tests.AdvancedTimingTests.ConditionalRelativeJumpCarryNotTaken_Takes8Cycles" computerName="pkrvm7jw40e0xgp" duration="00:00:00.0001689" startTime="2025-09-08T21:55:52.5056057+00:00" endTime="2025-09-08T21:55:52.5056057+00:00" testType="13cdc9d9-ddb5-4fa4-a97d-d965ccfc6d4b" outcome="Passed" testListId="8c84fa94-04c1-424b-9868-57a2d4851a1d" relativeResultsDirectory="0a6faf6a-6e97-4805-b80a-f754c14e7fac" />
    <UnitTestResult executionId="8dd6574c-1404-400d-bc2f-75e69b42d141" testId="0f6056d8-3f87-2ab3-889d-d689a2583254" testName="GameBoy.Tests.CartridgeTests.Detect_AllMbc2Variants_ThrowsNotSupportedException(cartridgeType: 6)" computerName="pkrvm7jw40e0xgp" duration="00:00:00.0005780" startTime="2025-09-08T21:55:52.5265039+00:00" endTime="2025-09-08T21:55:52.5265039+00:00" testType="13cdc9d9-ddb5-4fa4-a97d-d965ccfc6d4b" outcome="Passed" testListId="8c84fa94-04c1-424b-9868-57a2d4851a1d" relativeResultsDirectory="8dd6574c-1404-400d-bc2f-75e69b42d141" />
    <UnitTestResult executionId="946d0b66-51ec-489e-93ca-4ee8ac088552" testId="33c4dcbc-bc77-b534-10a6-99e0280da154" testName="GameBoy.Tests.Integration.BlarggIntegrationTests.CpuInstrs_IndividualTests_ExecuteSuccessfully(romFile: &quot;05-op rp.gb&quot;, description: &quot;OP rp instruction test&quot;)" computerName="pkrvm7jw40e0xgp" duration="00:00:00.0005081" startTime="2025-09-08T21:55:52.3918688+00:00" endTime="2025-09-08T21:55:52.3918688+00:00" testType="13cdc9d9-ddb5-4fa4-a97d-d965ccfc6d4b" outcome="Passed" testListId="8c84fa94-04c1-424b-9868-57a2d4851a1d" relativeResultsDirectory="946d0b66-51ec-489e-93ca-4ee8ac088552" />
    <UnitTestResult executionId="4b1afedc-92fb-4a4c-abab-01190cfc263d" testId="99d32ba4-2c30-d552-47e2-efce1533c384" testName="GameBoy.Tests.InterruptControllerTests.Service_MultipleInterrupts_ClearsOnlySpecifiedBit" computerName="pkrvm7jw40e0xgp" duration="00:00:00.0001839" startTime="2025-09-08T21:55:52.4886964+00:00" endTime="2025-09-08T21:55:52.4886965+00:00" testType="13cdc9d9-ddb5-4fa4-a97d-d965ccfc6d4b" outcome="Passed" testListId="8c84fa94-04c1-424b-9868-57a2d4851a1d" relativeResultsDirectory="4b1afedc-92fb-4a4c-abab-01190cfc263d" />
    <UnitTestResult executionId="c1725d4c-2dde-4831-b811-a5702c56e812" testId="f6e995e3-8bd7-81fe-deef-3990ff41d2d2" testName="GameBoy.Tests.CycleAccuracyValidationTests.UnknownCBOpcode_Returns8Cycles" computerName="pkrvm7jw40e0xgp" duration="00:00:00.0002112" startTime="2025-09-08T21:55:52.5130699+00:00" endTime="2025-09-08T21:55:52.5130699+00:00" testType="13cdc9d9-ddb5-4fa4-a97d-d965ccfc6d4b" outcome="Passed" testListId="8c84fa94-04c1-424b-9868-57a2d4851a1d" relativeResultsDirectory="c1725d4c-2dde-4831-b811-a5702c56e812" />
    <UnitTestResult executionId="699cd8ea-1001-4768-9f5b-e18e6d13eb10" testId="13b2d5ab-a8d7-fa2d-5c45-a2159bda8e06" testName="GameBoy.Tests.Mbc3Tests.WriteRom_InvalidAddressRanges_Ignored" computerName="pkrvm7jw40e0xgp" duration="00:00:00.0006597" startTime="2025-09-08T21:55:52.5000076+00:00" endTime="2025-09-08T21:55:52.5000077+00:00" testType="13cdc9d9-ddb5-4fa4-a97d-d965ccfc6d4b" outcome="Passed" testListId="8c84fa94-04c1-424b-9868-57a2d4851a1d" relativeResultsDirectory="699cd8ea-1001-4768-9f5b-e18e6d13eb10" />
    <UnitTestResult executionId="10284f9a-5f81-46d6-9d9c-817f66f86f61" testId="a3dddabb-43c4-3ed9-c273-7b9de8580e7b" testName="GameBoy.Tests.Integration.CpuInstructionTests.JR_r8_RelativeJump" computerName="pkrvm7jw40e0xgp" duration="00:00:00.0002199" startTime="2025-09-08T21:55:52.4700182+00:00" endTime="2025-09-08T21:55:52.4700182+00:00" testType="13cdc9d9-ddb5-4fa4-a97d-d965ccfc6d4b" outcome="Passed" testListId="8c84fa94-04c1-424b-9868-57a2d4851a1d" relativeResultsDirectory="10284f9a-5f81-46d6-9d9c-817f66f86f61" />
    <UnitTestResult executionId="0f44e19c-ca9a-4da4-96a5-262f69fff095" testId="8b6a2a0c-c8d5-5cee-bfdd-1ab4842e3690" testName="GameBoy.Tests.CartridgeTests.Detect_AllMbc5Variants_ReturnsCorrectCartridge(cartridgeType: 25)" computerName="pkrvm7jw40e0xgp" duration="00:00:00.0000664" startTime="2025-09-08T21:55:52.5208894+00:00" endTime="2025-09-08T21:55:52.5208894+00:00" testType="13cdc9d9-ddb5-4fa4-a97d-d965ccfc6d4b" outcome="Passed" testListId="8c84fa94-04c1-424b-9868-57a2d4851a1d" relativeResultsDirectory="0f44e19c-ca9a-4da4-96a5-262f69fff095" />
    <UnitTestResult executionId="db4fb87e-267b-4a60-9119-80304a064d60" testId="4c340c87-3d3f-f687-2b3d-025b42c09c7e" testName="GameBoy.Tests.CpuAddressingTests.WriteHL_WritesToHLAddress" computerName="pkrvm7jw40e0xgp" duration="00:00:00.0001950" startTime="2025-09-08T21:55:52.5311105+00:00" endTime="2025-09-08T21:55:52.5311106+00:00" testType="13cdc9d9-ddb5-4fa4-a97d-d965ccfc6d4b" outcome="Passed" testListId="8c84fa94-04c1-424b-9868-57a2d4851a1d" relativeResultsDirectory="db4fb87e-267b-4a60-9119-80304a064d60" />
    <UnitTestResult executionId="63304755-25d4-4c95-a17f-c2c3d287e675" testId="6d6dc5a5-f4b0-056c-db97-fd5fd360427f" testName="GameBoy.Tests.Integration.CpuInstructionTests.LD_r_d8_LoadsImmediateValue(opcode: 22)" computerName="pkrvm7jw40e0xgp" duration="00:00:00.0001174" startTime="2025-09-08T21:55:52.4525679+00:00" endTime="2025-09-08T21:55:52.4525680+00:00" testType="13cdc9d9-ddb5-4fa4-a97d-d965ccfc6d4b" outcome="Passed" testListId="8c84fa94-04c1-424b-9868-57a2d4851a1d" relativeResultsDirectory="63304755-25d4-4c95-a17f-c2c3d287e675" />
    <UnitTestResult executionId="8bf043b1-38e3-4ae9-a89e-3f89b9403402" testId="bb07abf3-d490-b220-d162-53d090b9f610" testName="GameBoy.Tests.SpriteTests.IsVisibleHorizontally_ReturnsCorrectValue(x: 0, expected: False)" computerName="pkrvm7jw40e0xgp" duration="00:00:00.0000067" startTime="2025-09-08T21:55:52.3268972+00:00" endTime="2025-09-08T21:55:52.3268973+00:00" testType="13cdc9d9-ddb5-4fa4-a97d-d965ccfc6d4b" outcome="Passed" testListId="8c84fa94-04c1-424b-9868-57a2d4851a1d" relativeResultsDirectory="8bf043b1-38e3-4ae9-a89e-3f89b9403402" />
    <UnitTestResult executionId="76cc8c79-48b8-45fd-bbdd-28adfe76bd8c" testId="b402c6ca-9fa9-2358-e802-fe13886feb8b" testName="GameBoy.Tests.CartridgeHeaderTests.RomSize_CalculatesCorrectSizeForStandardCodes(code: 7, expectedSize: 4194304)" computerName="pkrvm7jw40e0xgp" duration="00:00:00.0000086" startTime="2025-09-08T21:55:52.5432821+00:00" endTime="2025-09-08T21:55:52.5432822+00:00" testType="13cdc9d9-ddb5-4fa4-a97d-d965ccfc6d4b" outcome="Passed" testListId="8c84fa94-04c1-424b-9868-57a2d4851a1d" relativeResultsDirectory="76cc8c79-48b8-45fd-bbdd-28adfe76bd8c" />
    <UnitTestResult executionId="4edd9c67-a523-4f9c-932b-7715135b1706" testId="84941b8c-b68f-ce79-cd19-8c7a50ec235b" testName="GameBoy.Tests.Integration.MooneyeInterruptTests.ListAvailableMooneyeInterruptRoms" computerName="pkrvm7jw40e0xgp" duration="00:00:00.0003384" startTime="2025-09-08T21:55:52.3130906+00:00" endTime="2025-09-08T21:55:52.3130907+00:00" testType="13cdc9d9-ddb5-4fa4-a97d-d965ccfc6d4b" outcome="Passed" testListId="8c84fa94-04c1-424b-9868-57a2d4851a1d" relativeResultsDirectory="4edd9c67-a523-4f9c-932b-7715135b1706" />
    <UnitTestResult executionId="a22d81cc-66b2-4128-93a0-c4e7dc967be4" testId="a9ff99f0-c094-5ea4-ddb1-db4b019c8ad7" testName="GameBoy.Tests.LcdcTests.BgTileMapArea_ReturnsCorrectValue(value: 8, expected: True)" computerName="pkrvm7jw40e0xgp" duration="00:00:00.0000068" startTime="2025-09-08T21:55:52.4241047+00:00" endTime="2025-09-08T21:55:52.4241047+00:00" testType="13cdc9d9-ddb5-4fa4-a97d-d965ccfc6d4b" outcome="Passed" testListId="8c84fa94-04c1-424b-9868-57a2d4851a1d" relativeResultsDirectory="a22d81cc-66b2-4128-93a0-c4e7dc967be4" />
    <UnitTestResult executionId="3ab34755-73fe-4241-b176-47348d0abed7" testId="56aa3417-1cf6-3110-e475-31df7cce1614" testName="GameBoy.Tests.IoRegsTests.IoRegs_ShouldBeInCorrectRange" computerName="pkrvm7jw40e0xgp" duration="00:00:00.0001251" startTime="2025-09-08T21:55:52.4022100+00:00" endTime="2025-09-08T21:55:52.4022101+00:00" testType="13cdc9d9-ddb5-4fa4-a97d-d965ccfc6d4b" outcome="Passed" testListId="8c84fa94-04c1-424b-9868-57a2d4851a1d" relativeResultsDirectory="3ab34755-73fe-4241-b176-47348d0abed7" />
    <UnitTestResult executionId="48e83b6d-6b90-4ad3-8588-f4ab546a7502" testId="35a43724-bb7a-aa6d-ce4d-11f4892a4d02" testName="GameBoy.Tests.IoRegionWiringTests.IoRegion_AllReads_CallReadIoRegister" computerName="pkrvm7jw40e0xgp" duration="00:00:00.0002372" startTime="2025-09-08T21:55:52.5334072+00:00" endTime="2025-09-08T21:55:52.5334072+00:00" testType="13cdc9d9-ddb5-4fa4-a97d-d965ccfc6d4b" outcome="Passed" testListId="8c84fa94-04c1-424b-9868-57a2d4851a1d" relativeResultsDirectory="48e83b6d-6b90-4ad3-8588-f4ab546a7502" />
    <UnitTestResult executionId="a9d62967-b2a7-4c52-8867-d980b2940912" testId="b91a947f-8ccb-af93-e65f-8b0f7b8ee8ce" testName="GameBoy.Tests.SpriteTests.FlipY_ReturnsCorrectValue(attributes: 0, expected: False)" computerName="pkrvm7jw40e0xgp" duration="00:00:00.0002227" startTime="2025-09-08T21:55:52.3302356+00:00" endTime="2025-09-08T21:55:52.3302356+00:00" testType="13cdc9d9-ddb5-4fa4-a97d-d965ccfc6d4b" outcome="Passed" testListId="8c84fa94-04c1-424b-9868-57a2d4851a1d" relativeResultsDirectory="a9d62967-b2a7-4c52-8867-d980b2940912" />
    <UnitTestResult executionId="0debb743-6a63-446a-97d6-763e0ac2d00c" testId="18e64dbf-a529-065d-7668-b83d75e9ab65" testName="GameBoy.Tests.LcdcTests.SpriteHeight_ReturnsCorrectValue(value: 0, expected: 8)" computerName="pkrvm7jw40e0xgp" duration="00:00:00.0003199" startTime="2025-09-08T21:55:52.4164916+00:00" endTime="2025-09-08T21:55:52.4164918+00:00" testType="13cdc9d9-ddb5-4fa4-a97d-d965ccfc6d4b" outcome="Passed" testListId="8c84fa94-04c1-424b-9868-57a2d4851a1d" relativeResultsDirectory="0debb743-6a63-446a-97d6-763e0ac2d00c" />
    <UnitTestResult executionId="f3ed5d8d-f837-41e8-8062-ad02a8c5e733" testId="83befb45-4146-7cfb-b79f-3a0176d00a35" testName="GameBoy.Tests.LcdcTests.ObjSize_ReturnsCorrectValue(value: 0, expected: False)" computerName="pkrvm7jw40e0xgp" duration="00:00:00.0000082" startTime="2025-09-08T21:55:52.4279150+00:00" endTime="2025-09-08T21:55:52.4279150+00:00" testType="13cdc9d9-ddb5-4fa4-a97d-d965ccfc6d4b" outcome="Passed" testListId="8c84fa94-04c1-424b-9868-57a2d4851a1d" relativeResultsDirectory="f3ed5d8d-f837-41e8-8062-ad02a8c5e733" />
    <UnitTestResult executionId="a0a53b3b-9924-4dac-b0ca-7c3c7c7ca047" testId="c467a2ea-f0a6-71d5-4fff-b7da99694d93" testName="GameBoy.Tests.Integration.MooneyeInterruptTests.Mooneye_InterruptTests_ExecuteSuccessfully(category: &quot;interrupts&quot;, romFile: &quot;ei_timing.gb&quot;, description: &quot;EI timing test&quot;)" computerName="pkrvm7jw40e0xgp" duration="00:00:00.0000122" startTime="2025-09-08T21:55:52.3001630+00:00" endTime="2025-09-08T21:55:52.3001631+00:00" testType="13cdc9d9-ddb5-4fa4-a97d-d965ccfc6d4b" outcome="Passed" testListId="8c84fa94-04c1-424b-9868-57a2d4851a1d" relativeResultsDirectory="a0a53b3b-9924-4dac-b0ca-7c3c7c7ca047" />
    <UnitTestResult executionId="a1b902e0-5fdd-444f-9bcf-cd385b976ad2" testId="0b6e35cb-c87d-a9a7-2783-1ae6cc970857" testName="GameBoy.Tests.SpriteTests.FlipX_ReturnsCorrectValue(attributes: 0, expected: False)" computerName="pkrvm7jw40e0xgp" duration="00:00:00.0000065" startTime="2025-09-08T21:55:52.3462787+00:00" endTime="2025-09-08T21:55:52.3462788+00:00" testType="13cdc9d9-ddb5-4fa4-a97d-d965ccfc6d4b" outcome="Passed" testListId="8c84fa94-04c1-424b-9868-57a2d4851a1d" relativeResultsDirectory="a1b902e0-5fdd-444f-9bcf-cd385b976ad2" />
    <UnitTestResult executionId="7a6d9345-fcce-4cf1-9a59-caf9d66ccad1" testId="eb8c6259-f184-fb1a-c0c8-fcba52cc7fdb" testName="GameBoy.Tests.InstructionTimingTests.PushRegister_Takes16Cycles" computerName="pkrvm7jw40e0xgp" duration="00:00:00.0002909" startTime="2025-09-08T21:55:52.4394111+00:00" endTime="2025-09-08T21:55:52.4394112+00:00" testType="13cdc9d9-ddb5-4fa4-a97d-d965ccfc6d4b" outcome="Passed" testListId="8c84fa94-04c1-424b-9868-57a2d4851a1d" relativeResultsDirectory="7a6d9345-fcce-4cf1-9a59-caf9d66ccad1" />
    <UnitTestResult executionId="ecb8175f-39bd-40d7-9c17-09b076ff5ee4" testId="4ea435d1-890f-fdbc-b286-fc54772a33bc" testName="GameBoy.Tests.Integration.CpuInstructionTests.ADD_A_B_AddsRegisterToA(aValue: 255, bValue: 1, expectedResult: 0, expectedZ: True, expectedN: False, expectedH: True, expectedC: True)" computerName="pkrvm7jw40e0xgp" duration="00:00:00.0000155" startTime="2025-09-08T21:55:52.4613554+00:00" endTime="2025-09-08T21:55:52.4613554+00:00" testType="13cdc9d9-ddb5-4fa4-a97d-d965ccfc6d4b" outcome="Passed" testListId="8c84fa94-04c1-424b-9868-57a2d4851a1d" relativeResultsDirectory="ecb8175f-39bd-40d7-9c17-09b076ff5ee4" />
    <UnitTestResult executionId="63f8edc8-3ca0-479b-bad2-2efcc1e96a1e" testId="1fc7f41c-b93d-2bb7-eebd-a1834947b44e" testName="GameBoy.Tests.AluTests.SubtractWithCarry_WithCarryIn_SubtractsOne" computerName="pkrvm7jw40e0xgp" duration="00:00:00.0001530" startTime="2025-09-08T21:55:52.5491879+00:00" endTime="2025-09-08T21:55:52.5491880+00:00" testType="13cdc9d9-ddb5-4fa4-a97d-d965ccfc6d4b" outcome="Passed" testListId="8c84fa94-04c1-424b-9868-57a2d4851a1d" relativeResultsDirectory="63f8edc8-3ca0-479b-bad2-2efcc1e96a1e" />
    <UnitTestResult executionId="2f187cba-ad71-4667-b165-188b0d5a24ce" testId="9a1c3e49-758a-f75c-8171-dfa25ad502c8" testName="GameBoy.Tests.CartridgeTests.Detect_AllMbc4Variants_ThrowsNotSupportedException(cartridgeType: 21)" computerName="pkrvm7jw40e0xgp" duration="00:00:00.0095869" startTime="2025-09-08T21:55:52.5118089+00:00" endTime="2025-09-08T21:55:52.5118090+00:00" testType="13cdc9d9-ddb5-4fa4-a97d-d965ccfc6d4b" outcome="Passed" testListId="8c84fa94-04c1-424b-9868-57a2d4851a1d" relativeResultsDirectory="2f187cba-ad71-4667-b165-188b0d5a24ce" />
    <UnitTestResult executionId="7c19c33d-8d22-48cf-9a40-14b5a7ccf9db" testId="42d81152-5724-c12c-9c25-ebfd2d891354" testName="GameBoy.Tests.Integration.MooneyeInterruptTests.Mooneye_TimerInterruptTests_ExecuteSuccessfully(category: &quot;timer&quot;, romFile: &quot;tim10.gb&quot;, description: &quot;Timer interrupt test 10&quot;)" computerName="pkrvm7jw40e0xgp" duration="00:00:00.0000132" startTime="2025-09-08T21:55:52.3073977+00:00" endTime="2025-09-08T21:55:52.3073978+00:00" testType="13cdc9d9-ddb5-4fa4-a97d-d965ccfc6d4b" outcome="Passed" testListId="8c84fa94-04c1-424b-9868-57a2d4851a1d" relativeResultsDirectory="7c19c33d-8d22-48cf-9a40-14b5a7ccf9db" />
    <UnitTestResult executionId="6ede179e-b1e0-4248-8bc1-bb0fe83ec7ef" testId="b04d458c-17fd-9e4a-b7d3-d417bd022b45" testName="GameBoy.Tests.SpriteTests.ScreenY_ReturnsCorrectPosition(y: 16, expectedScreenY: 0)" computerName="pkrvm7jw40e0xgp" duration="00:00:00.0002627" startTime="2025-09-08T21:55:52.3304499+00:00" endTime="2025-09-08T21:55:52.3304499+00:00" testType="13cdc9d9-ddb5-4fa4-a97d-d965ccfc6d4b" outcome="Passed" testListId="8c84fa94-04c1-424b-9868-57a2d4851a1d" relativeResultsDirectory="6ede179e-b1e0-4248-8bc1-bb0fe83ec7ef" />
    <UnitTestResult executionId="3d5d0885-f139-44bc-8964-6f79c757b1a6" testId="7f49c437-f892-4d35-4f28-4c053b4b4ced" testName="GameBoy.Tests.PaletteTests.RgbaColors_HaveCorrectAlphaChannel" computerName="pkrvm7jw40e0xgp" duration="00:00:00.0001860" startTime="2025-09-08T21:55:52.5406756+00:00" endTime="2025-09-08T21:55:52.5406756+00:00" testType="13cdc9d9-ddb5-4fa4-a97d-d965ccfc6d4b" outcome="Passed" testListId="8c84fa94-04c1-424b-9868-57a2d4851a1d" relativeResultsDirectory="3d5d0885-f139-44bc-8964-6f79c757b1a6" />
    <UnitTestResult executionId="a2f1c62e-b632-459d-9496-d4684ff98af9" testId="a65af0fd-f328-05b8-8589-ecd49abe089a" testName="GameBoy.Tests.Integration.MooneyeInterruptTests.Mooneye_TimerInterruptTests_ExecuteSuccessfully(category: &quot;timer&quot;, romFile: &quot;tma_write_reloading.gb&quot;, description: &quot;TMA write during reload interrupt&quot;)" computerName="pkrvm7jw40e0xgp" duration="00:00:00.0000151" startTime="2025-09-08T21:55:52.3072696+00:00" endTime="2025-09-08T21:55:52.3072696+00:00" testType="13cdc9d9-ddb5-4fa4-a97d-d965ccfc6d4b" outcome="Passed" testListId="8c84fa94-04c1-424b-9868-57a2d4851a1d" relativeResultsDirectory="a2f1c62e-b632-459d-9496-d4684ff98af9" />
    <UnitTestResult executionId="138a1034-1e7a-4bfb-8645-c72c0c80a7ef" testId="334439f8-d94c-a8b0-116c-df0561e50d78" testName="GameBoy.Tests.Integration.CpuInstructionTests.INC_B_IncrementsRegister" computerName="pkrvm7jw40e0xgp" duration="00:00:00.0002143" startTime="2025-09-08T21:55:52.4640868+00:00" endTime="2025-09-08T21:55:52.4640868+00:00" testType="13cdc9d9-ddb5-4fa4-a97d-d965ccfc6d4b" outcome="Passed" testListId="8c84fa94-04c1-424b-9868-57a2d4851a1d" relativeResultsDirectory="138a1034-1e7a-4bfb-8645-c72c0c80a7ef" />
    <UnitTestResult executionId="a0615b14-4766-4877-9e14-bb18c0cf1602" testId="c5526cc3-1d8b-dd44-4354-ed06a2ce8000" testName="GameBoy.Tests.InstructionTimingTests.ConditionalReturnTaken_Takes20Cycles" computerName="pkrvm7jw40e0xgp" duration="00:00:00.0003309" startTime="2025-09-08T21:55:52.4232897+00:00" endTime="2025-09-08T21:55:52.4232898+00:00" testType="13cdc9d9-ddb5-4fa4-a97d-d965ccfc6d4b" outcome="Passed" testListId="8c84fa94-04c1-424b-9868-57a2d4851a1d" relativeResultsDirectory="a0615b14-4766-4877-9e14-bb18c0cf1602" />
    <UnitTestResult executionId="6125b802-29ad-48e2-823f-bbf68544d8fd" testId="2253dbcc-beb1-a746-2e75-11e807c17d82" testName="GameBoy.Tests.OpcodeTableCoverageTests.All_Instructions_Have_Valid_Metadata" computerName="pkrvm7jw40e0xgp" duration="00:00:00.0010719" startTime="2025-09-08T21:55:52.5424451+00:00" endTime="2025-09-08T21:55:52.5424451+00:00" testType="13cdc9d9-ddb5-4fa4-a97d-d965ccfc6d4b" outcome="Passed" testListId="8c84fa94-04c1-424b-9868-57a2d4851a1d" relativeResultsDirectory="6125b802-29ad-48e2-823f-bbf68544d8fd" />
    <UnitTestResult executionId="18150b01-73d3-4d8b-9c54-37717d54dfe7" testId="1b9d65b8-139a-a2f4-8cd6-e1438d583a82" testName="GameBoy.Tests.CpuAddressingTests.SetR16_SetsCorrectRegisterPairValues" computerName="pkrvm7jw40e0xgp" duration="00:00:00.0004553" startTime="2025-09-08T21:55:52.5322814+00:00" endTime="2025-09-08T21:55:52.5322814+00:00" testType="13cdc9d9-ddb5-4fa4-a97d-d965ccfc6d4b" outcome="Passed" testListId="8c84fa94-04c1-424b-9868-57a2d4851a1d" relativeResultsDirectory="18150b01-73d3-4d8b-9c54-37717d54dfe7" />
    <UnitTestResult executionId="753b1911-1b2a-4240-bd1b-df12e824396d" testId="907ca607-e6b9-64a8-42ad-09f5c465d82a" testName="GameBoy.Tests.PaletteTests.ColorProperties_ReturnCorrectValues(value: 0, color0: 0, color1: 0, color2: 0, color3: 0)" computerName="pkrvm7jw40e0xgp" duration="00:00:00.0000111" startTime="2025-09-08T21:55:52.5399666+00:00" endTime="2025-09-08T21:55:52.5399666+00:00" testType="13cdc9d9-ddb5-4fa4-a97d-d965ccfc6d4b" outcome="Passed" testListId="8c84fa94-04c1-424b-9868-57a2d4851a1d" relativeResultsDirectory="753b1911-1b2a-4240-bd1b-df12e824396d" />
    <UnitTestResult executionId="56efc683-41da-4cba-9a22-1c9bdfa14f5a" testId="5ff5225b-f951-9705-093c-3d2e942d9fea" testName="GameBoy.Tests.Integration.MooneyeInterruptTests.Mooneye_SerialInterruptTest_ExecutesSuccessfully" computerName="pkrvm7jw40e0xgp" duration="00:00:00.0002728" startTime="2025-09-08T21:55:52.3130130+00:00" endTime="2025-09-08T21:55:52.3130130+00:00" testType="13cdc9d9-ddb5-4fa4-a97d-d965ccfc6d4b" outcome="Passed" testListId="8c84fa94-04c1-424b-9868-57a2d4851a1d" relativeResultsDirectory="56efc683-41da-4cba-9a22-1c9bdfa14f5a" />
    <UnitTestResult executionId="46cb64c9-a7bd-4fc5-a3f4-0fd390045e73" testId="7a94e099-c0c7-4697-2217-8858d00a1d42" testName="GameBoy.Tests.SpriteTests.UseObp1_ReturnsCorrectValue(attributes: 0, expected: False)" computerName="pkrvm7jw40e0xgp" duration="00:00:00.0000078" startTime="2025-09-08T21:55:52.3289569+00:00" endTime="2025-09-08T21:55:52.3289570+00:00" testType="13cdc9d9-ddb5-4fa4-a97d-d965ccfc6d4b" outcome="Passed" testListId="8c84fa94-04c1-424b-9868-57a2d4851a1d" relativeResultsDirectory="46cb64c9-a7bd-4fc5-a3f4-0fd390045e73" />
    <UnitTestResult executionId="81bde684-d1f0-48e8-bd06-8b8533fd4667" testId="599718d7-ac06-0329-9b10-9b780bab0f8c" testName="GameBoy.Tests.Mbc3Tests.ExternalRam_MaxRamBanks_WorksCorrectly" computerName="pkrvm7jw40e0xgp" duration="00:00:00.0003215" startTime="2025-09-08T21:55:52.4994605+00:00" endTime="2025-09-08T21:55:52.4994606+00:00" testType="13cdc9d9-ddb5-4fa4-a97d-d965ccfc6d4b" outcome="Passed" testListId="8c84fa94-04c1-424b-9868-57a2d4851a1d" relativeResultsDirectory="81bde684-d1f0-48e8-bd06-8b8533fd4667" />
    <UnitTestResult executionId="ba031af1-7ba8-4601-bed2-097107a438cc" testId="cd018578-d116-a74a-2e00-0a601b3ee87f" testName="GameBoy.Tests.Integration.CpuInstructionTests.LD_r_d8_LoadsImmediateValue(opcode: 30)" computerName="pkrvm7jw40e0xgp" duration="00:00:00.0001292" startTime="2025-09-08T21:55:52.4530303+00:00" endTime="2025-09-08T21:55:52.4530303+00:00" testType="13cdc9d9-ddb5-4fa4-a97d-d965ccfc6d4b" outcome="Passed" testListId="8c84fa94-04c1-424b-9868-57a2d4851a1d" relativeResultsDirectory="ba031af1-7ba8-4601-bed2-097107a438cc" />
    <UnitTestResult executionId="577fc8ea-5498-4a40-80a2-fc2174da9478" testId="4c8a9765-bd5e-dc7f-3d26-de0abe4dbde8" testName="GameBoy.Tests.InstructionTimingTests.EnableInterrupts_Takes4Cycles" computerName="pkrvm7jw40e0xgp" duration="00:00:00.0003159" startTime="2025-09-08T21:55:52.4241815+00:00" endTime="2025-09-08T21:55:52.4241816+00:00" testType="13cdc9d9-ddb5-4fa4-a97d-d965ccfc6d4b" outcome="Passed" testListId="8c84fa94-04c1-424b-9868-57a2d4851a1d" relativeResultsDirectory="577fc8ea-5498-4a40-80a2-fc2174da9478" />
    <UnitTestResult executionId="50b12a44-a6ba-486c-8af2-a92d7ea3897f" testId="836481c2-6b48-55dc-f9b3-7b7da164df37" testName="GameBoy.Tests.CpuAddressingTests.WriteHighC_WritesToHighRAMPlusCRegister" computerName="pkrvm7jw40e0xgp" duration="00:00:00.0001689" startTime="2025-09-08T21:55:52.5293001+00:00" endTime="2025-09-08T21:55:52.5293002+00:00" testType="13cdc9d9-ddb5-4fa4-a97d-d965ccfc6d4b" outcome="Passed" testListId="8c84fa94-04c1-424b-9868-57a2d4851a1d" relativeResultsDirectory="50b12a44-a6ba-486c-8af2-a92d7ea3897f" />
    <UnitTestResult executionId="aa4a9e49-7b58-44f4-aa6d-6949230e6e7d" testId="c1e804ae-ca2f-e04a-c7ed-9d65db3317eb" testName="GameBoy.Tests.InterruptControllerTests.TryGetPending_SingleInterrupt_ReturnsCorrectType(ifValue: 2, ieValue: 2, expectedType: LCDStat)" computerName="pkrvm7jw40e0xgp" duration="00:00:00.0000056" startTime="2025-09-08T21:55:52.4596830+00:00" endTime="2025-09-08T21:55:52.4596831+00:00" testType="13cdc9d9-ddb5-4fa4-a97d-d965ccfc6d4b" outcome="Passed" testListId="8c84fa94-04c1-424b-9868-57a2d4851a1d" relativeResultsDirectory="aa4a9e49-7b58-44f4-aa6d-6949230e6e7d" />
    <UnitTestResult executionId="58f8b0f5-4bad-426f-a288-a741c53cd54b" testId="cda14b8b-44a6-3c84-6320-8c442304a5d1" testName="GameBoy.Tests.LcdcTests.BgWindowEnable_ReturnsCorrectValue(value: 1, expected: True)" computerName="pkrvm7jw40e0xgp" duration="00:00:00.0000078" startTime="2025-09-08T21:55:52.4087955+00:00" endTime="2025-09-08T21:55:52.4087956+00:00" testType="13cdc9d9-ddb5-4fa4-a97d-d965ccfc6d4b" outcome="Passed" testListId="8c84fa94-04c1-424b-9868-57a2d4851a1d" relativeResultsDirectory="58f8b0f5-4bad-426f-a288-a741c53cd54b" />
    <UnitTestResult executionId="568fa393-539d-4ae5-b3ab-2340ffb3a42c" testId="5ab078bb-d2db-e6f4-495f-0fd661e9e206" testName="GameBoy.Tests.InterruptServiceRoutineTests.NoInterrupt_WhenIMEDisabled" computerName="pkrvm7jw40e0xgp" duration="00:00:00.0031157" startTime="2025-09-08T21:55:52.4471491+00:00" endTime="2025-09-08T21:55:52.4471491+00:00" testType="13cdc9d9-ddb5-4fa4-a97d-d965ccfc6d4b" outcome="Passed" testListId="8c84fa94-04c1-424b-9868-57a2d4851a1d" relativeResultsDirectory="568fa393-539d-4ae5-b3ab-2340ffb3a42c" />
    <UnitTestResult executionId="edd33163-9b2c-4793-b4ae-ef1fe96db090" testId="57d568c1-bd70-919f-3764-999333747a26" testName="GameBoy.Tests.Mbc3Tests.RtcRegisters_InvalidRegisterAccess_ReturnsFF" computerName="pkrvm7jw40e0xgp" duration="00:00:00.0002949" startTime="2025-09-08T21:55:52.4993799+00:00" endTime="2025-09-08T21:55:52.4993800+00:00" testType="13cdc9d9-ddb5-4fa4-a97d-d965ccfc6d4b" outcome="Passed" testListId="8c84fa94-04c1-424b-9868-57a2d4851a1d" relativeResultsDirectory="edd33163-9b2c-4793-b4ae-ef1fe96db090" />
    <UnitTestResult executionId="a5830f4f-4f2a-4ad7-9b51-e7d03ea72e7a" testId="3103a7c1-fdce-a5fd-7c72-804a9f6c3093" testName="GameBoy.Tests.Integration.BlarggIntegrationTests.CpuInstrs_IndividualTests_ExecuteSuccessfully(romFile: &quot;08-misc instrs.gb&quot;, description: &quot;Miscellaneous instruction test&quot;)" computerName="pkrvm7jw40e0xgp" duration="00:00:00.0000215" startTime="2025-09-08T21:55:52.3920350+00:00" endTime="2025-09-08T21:55:52.3920351+00:00" testType="13cdc9d9-ddb5-4fa4-a97d-d965ccfc6d4b" outcome="Passed" testListId="8c84fa94-04c1-424b-9868-57a2d4851a1d" relativeResultsDirectory="a5830f4f-4f2a-4ad7-9b51-e7d03ea72e7a" />
    <UnitTestResult executionId="b62d518d-8bdc-4798-be67-e5cef4291c7b" testId="b1a9a11f-fa15-53d6-5818-6df3c49e875c" testName="GameBoy.Tests.CartridgeMmuIntegrationTests.Mmu_LoadRom_DetectsCorrectCartridge" computerName="pkrvm7jw40e0xgp" duration="00:00:00.0001444" startTime="2025-09-08T21:55:52.4991320+00:00" endTime="2025-09-08T21:55:52.4991322+00:00" testType="13cdc9d9-ddb5-4fa4-a97d-d965ccfc6d4b" outcome="Passed" testListId="8c84fa94-04c1-424b-9868-57a2d4851a1d" relativeResultsDirectory="b62d518d-8bdc-4798-be67-e5cef4291c7b" />
    <UnitTestResult executionId="5e386f56-fd6b-484c-ba19-dce16a5ffe88" testId="43ffae91-3c3f-5b3f-0674-d29445ec638e" testName="GameBoy.Tests.InterruptControllerTests.Request_SetsCorrectIFBit(interruptType: LCDStat, expectedBit: 2)" computerName="pkrvm7jw40e0xgp" duration="00:00:00.0000056" startTime="2025-09-08T21:55:52.4371814+00:00" endTime="2025-09-08T21:55:52.4371815+00:00" testType="13cdc9d9-ddb5-4fa4-a97d-d965ccfc6d4b" outcome="Passed" testListId="8c84fa94-04c1-424b-9868-57a2d4851a1d" relativeResultsDirectory="5e386f56-fd6b-484c-ba19-dce16a5ffe88" />
    <UnitTestResult executionId="c54569fb-e2ad-4697-8be3-3e94ea619829" testId="2c33bfb1-e133-563f-095d-da8765942f63" testName="GameBoy.Tests.InstructionDecodingTests.CPU_Step_HandlesUnknownPrimaryOpcodes" computerName="pkrvm7jw40e0xgp" duration="00:00:00.0043171" startTime="2025-09-08T21:55:52.5064240+00:00" endTime="2025-09-08T21:55:52.5064240+00:00" testType="13cdc9d9-ddb5-4fa4-a97d-d965ccfc6d4b" outcome="Passed" testListId="8c84fa94-04c1-424b-9868-57a2d4851a1d" relativeResultsDirectory="c54569fb-e2ad-4697-8be3-3e94ea619829" />
    <UnitTestResult executionId="d2d0239e-0f8e-438c-b7c1-c371276cb9dc" testId="abe55f34-b5a9-2059-7a3c-ee29986818a0" testName="GameBoy.Tests.Integration.MooneyeInterruptTests.Mooneye_PPUInterruptTests_ExecuteSuccessfully(category: &quot;ppu&quot;, romFile: &quot;stat_irq_blocking.gb&quot;, description: &quot;STAT IRQ blocking test&quot;)" computerName="pkrvm7jw40e0xgp" duration="00:00:00.0000136" startTime="2025-09-08T21:55:52.3117356+00:00" endTime="2025-09-08T21:55:52.3117357+00:00" testType="13cdc9d9-ddb5-4fa4-a97d-d965ccfc6d4b" outcome="Passed" testListId="8c84fa94-04c1-424b-9868-57a2d4851a1d" relativeResultsDirectory="d2d0239e-0f8e-438c-b7c1-c371276cb9dc" />
    <UnitTestResult executionId="dd5cc4c3-4053-4aec-b01f-069ff9ff89b8" testId="bb6d6d49-b42d-12b0-93af-94d6a5818cca" testName="GameBoy.Tests.CpuAddressingTests.SetR8_ThrowsForReservedIndex" computerName="pkrvm7jw40e0xgp" duration="00:00:00.0003917" startTime="2025-09-08T21:55:52.5343336+00:00" endTime="2025-09-08T21:55:52.5343337+00:00" testType="13cdc9d9-ddb5-4fa4-a97d-d965ccfc6d4b" outcome="Passed" testListId="8c84fa94-04c1-424b-9868-57a2d4851a1d" relativeResultsDirectory="dd5cc4c3-4053-4aec-b01f-069ff9ff89b8" />
    <UnitTestResult executionId="cb0c08a0-d38b-42e6-b4dc-6004869d797b" testId="fdcebadb-0653-3b7a-1e44-b449ea53d695" testName="GameBoy.Tests.Mbc1Tests.WriteRom_InvalidAddressRanges_Ignored" computerName="pkrvm7jw40e0xgp" duration="00:00:00.0007068" startTime="2025-09-08T21:55:52.3271327+00:00" endTime="2025-09-08T21:55:52.3271328+00:00" testType="13cdc9d9-ddb5-4fa4-a97d-d965ccfc6d4b" outcome="Passed" testListId="8c84fa94-04c1-424b-9868-57a2d4851a1d" relativeResultsDirectory="cb0c08a0-d38b-42e6-b4dc-6004869d797b" />
    <UnitTestResult executionId="0dae0494-ceec-4713-96ef-bf5968b91849" testId="10c14360-2226-1ae2-507d-2b3b19a22b5d" testName="GameBoy.Tests.PaletteTests.ToRgba_ReturnsCorrectColors(colorValue: 2, expectedRgba: -13606352)" computerName="pkrvm7jw40e0xgp" duration="00:00:00.0002040" startTime="2025-09-08T21:55:52.5355910+00:00" endTime="2025-09-08T21:55:52.5355911+00:00" testType="13cdc9d9-ddb5-4fa4-a97d-d965ccfc6d4b" outcome="Passed" testListId="8c84fa94-04c1-424b-9868-57a2d4851a1d" relativeResultsDirectory="0dae0494-ceec-4713-96ef-bf5968b91849" />
    <UnitTestResult executionId="c6897e1c-c83e-4b6d-b314-b7de00af40b6" testId="316e284d-edd5-4bd1-fc45-78d929242d67" testName="GameBoy.Tests.CpuTests.Add_A_r_AddsToRegisterA" computerName="pkrvm7jw40e0xgp" duration="00:00:00.0002033" startTime="2025-09-08T21:55:52.4316817+00:00" endTime="2025-09-08T21:55:52.4316818+00:00" testType="13cdc9d9-ddb5-4fa4-a97d-d965ccfc6d4b" outcome="Passed" testListId="8c84fa94-04c1-424b-9868-57a2d4851a1d" relativeResultsDirectory="c6897e1c-c83e-4b6d-b314-b7de00af40b6" />
    <UnitTestResult executionId="d6f36a7d-f75c-47ae-b7fa-0658dea2a6b4" testId="47faaa53-09cd-39b4-a9c6-ed704cd4cf03" testName="GameBoy.Tests.InterruptControllerTests.Request_SetsCorrectIFBit(interruptType: VBlank, expectedBit: 1)" computerName="pkrvm7jw40e0xgp" duration="00:00:00.0000064" startTime="2025-09-08T21:55:52.4370816+00:00" endTime="2025-09-08T21:55:52.4370817+00:00" testType="13cdc9d9-ddb5-4fa4-a97d-d965ccfc6d4b" outcome="Passed" testListId="8c84fa94-04c1-424b-9868-57a2d4851a1d" relativeResultsDirectory="d6f36a7d-f75c-47ae-b7fa-0658dea2a6b4" />
    <UnitTestResult executionId="187eed2d-1dff-44b9-aa70-55b8fc64ffd3" testId="b60c5050-48cc-a513-8c20-d39039775d13" testName="GameBoy.Tests.MmuTests.IF_RegisterSemantics_UpperBitsAlwaysSetOnRead" computerName="pkrvm7jw40e0xgp" duration="00:00:00.0003088" startTime="2025-09-08T21:55:52.3812583+00:00" endTime="2025-09-08T21:55:52.3812584+00:00" testType="13cdc9d9-ddb5-4fa4-a97d-d965ccfc6d4b" outcome="Passed" testListId="8c84fa94-04c1-424b-9868-57a2d4851a1d" relativeResultsDirectory="187eed2d-1dff-44b9-aa70-55b8fc64ffd3" />
    <UnitTestResult executionId="1daa1c2c-8865-4be7-bea9-23ae9437dc6c" testId="2c628e7d-7b5c-b3e1-9694-ce7025fafa07" testName="GameBoy.Tests.CpuAddressingTests.WriteHLD_WritesToHLAddressThenDecrementsHL" computerName="pkrvm7jw40e0xgp" duration="00:00:00.0002105" startTime="2025-09-08T21:55:52.5302500+00:00" endTime="2025-09-08T21:55:52.5302500+00:00" testType="13cdc9d9-ddb5-4fa4-a97d-d965ccfc6d4b" outcome="Passed" testListId="8c84fa94-04c1-424b-9868-57a2d4851a1d" relativeResultsDirectory="1daa1c2c-8865-4be7-bea9-23ae9437dc6c" />
    <UnitTestResult executionId="e4f1de42-b832-455c-a45c-c06f8101ce05" testId="bcd5ab7b-5b8c-0cc6-16bd-a266853b805c" testName="GameBoy.Tests.AluTests.AddWithCarry_WithCarryIn_AddsOne" computerName="pkrvm7jw40e0xgp" duration="00:00:00.0001498" startTime="2025-09-08T21:55:52.5462947+00:00" endTime="2025-09-08T21:55:52.5462948+00:00" testType="13cdc9d9-ddb5-4fa4-a97d-d965ccfc6d4b" outcome="Passed" testListId="8c84fa94-04c1-424b-9868-57a2d4851a1d" relativeResultsDirectory="e4f1de42-b832-455c-a45c-c06f8101ce05" />
    <UnitTestResult executionId="190b56b5-ff9e-4263-96ed-a7205a6fed25" testId="1482e0f1-adca-ade8-b149-8abc934249b7" testName="GameBoy.Tests.CartridgeHeaderTests.GetMbcType_ReturnsCorrectMbcForKnownTypes" computerName="pkrvm7jw40e0xgp" duration="00:00:00.0088255" startTime="2025-09-08T21:55:52.5390037+00:00" endTime="2025-09-08T21:55:52.5390037+00:00" testType="13cdc9d9-ddb5-4fa4-a97d-d965ccfc6d4b" outcome="Passed" testListId="8c84fa94-04c1-424b-9868-57a2d4851a1d" relativeResultsDirectory="190b56b5-ff9e-4263-96ed-a7205a6fed25" />
    <UnitTestResult executionId="06b300d7-07a6-4c5a-a189-0fcadd1c0371" testId="8f9f63db-2214-9cab-2eef-1fb3bb4b65a4" testName="GameBoy.Tests.CartridgeTests.Detect_AllMbc5Variants_ReturnsCorrectCartridge(cartridgeType: 26)" computerName="pkrvm7jw40e0xgp" duration="00:00:00.0000610" startTime="2025-09-08T21:55:52.5209496+00:00" endTime="2025-09-08T21:55:52.5209497+00:00" testType="13cdc9d9-ddb5-4fa4-a97d-d965ccfc6d4b" outcome="Passed" testListId="8c84fa94-04c1-424b-9868-57a2d4851a1d" relativeResultsDirectory="06b300d7-07a6-4c5a-a189-0fcadd1c0371" />
    <UnitTestResult executionId="d81cc668-f703-432d-b8c6-42856589be34" testId="91f182fd-4e40-6cec-5612-56fc0376e781" testName="GameBoy.Tests.Mbc3Tests.ExternalRam_BeyondAvailableBanks_ReturnsFF" computerName="pkrvm7jw40e0xgp" duration="00:00:00.0002565" startTime="2025-09-08T21:55:52.5066451+00:00" endTime="2025-09-08T21:55:52.5066451+00:00" testType="13cdc9d9-ddb5-4fa4-a97d-d965ccfc6d4b" outcome="Passed" testListId="8c84fa94-04c1-424b-9868-57a2d4851a1d" relativeResultsDirectory="d81cc668-f703-432d-b8c6-42856589be34" />
    <UnitTestResult executionId="6fca14a5-4837-4230-9470-26080eab91e8" testId="a9dc4bfe-b85d-d104-bff2-326f718be6de" testName="GameBoy.Tests.PpuTests.Step_FrameCompletion_ReturnsCorrectValue(cycles: 140448, expectedFrameReady: True)" computerName="pkrvm7jw40e0xgp" duration="00:00:00.0092623" startTime="2025-09-08T21:55:52.5313577+00:00" endTime="2025-09-08T21:55:52.5313578+00:00" testType="13cdc9d9-ddb5-4fa4-a97d-d965ccfc6d4b" outcome="Passed" testListId="8c84fa94-04c1-424b-9868-57a2d4851a1d" relativeResultsDirectory="6fca14a5-4837-4230-9470-26080eab91e8" />
    <UnitTestResult executionId="9aa57e95-69cc-4db0-9e49-69650609e0ef" testId="bb58ec52-c625-6dfb-c4e5-95d377021248" testName="GameBoy.Tests.InstructionGroupTests.ADD_HL_BC_AddsCorrectly" computerName="pkrvm7jw40e0xgp" duration="00:00:00.0006320" startTime="2025-09-08T21:55:52.3460187+00:00" endTime="2025-09-08T21:55:52.3460188+00:00" testType="13cdc9d9-ddb5-4fa4-a97d-d965ccfc6d4b" outcome="Passed" testListId="8c84fa94-04c1-424b-9868-57a2d4851a1d" relativeResultsDirectory="9aa57e95-69cc-4db0-9e49-69650609e0ef" />
    <UnitTestResult executionId="e094100a-6613-42de-845c-c21d14f31977" testId="7961845b-a65b-9e27-3165-ffeb7959eae1" testName="GameBoy.Tests.PaletteTests.MapColor_ReturnsCorrectMappedValue(paletteValue: 228, colorIndex: 1, expectedMapped: 1)" computerName="pkrvm7jw40e0xgp" duration="00:00:00.0002156" startTime="2025-09-08T21:55:52.5368774+00:00" endTime="2025-09-08T21:55:52.5368775+00:00" testType="13cdc9d9-ddb5-4fa4-a97d-d965ccfc6d4b" outcome="Passed" testListId="8c84fa94-04c1-424b-9868-57a2d4851a1d" relativeResultsDirectory="e094100a-6613-42de-845c-c21d14f31977" />
    <UnitTestResult executionId="d3867b6c-d37c-4086-af52-167c93a9b6e1" testId="c70ec96d-946c-5567-d811-dbaa8ae6512c" testName="GameBoy.Tests.Mbc5Tests.ReadRom_BeyondAvailableSize_ReturnsFF" computerName="pkrvm7jw40e0xgp" duration="00:00:00.0009241" startTime="2025-09-08T21:55:52.5332867+00:00" endTime="2025-09-08T21:55:52.5332868+00:00" testType="13cdc9d9-ddb5-4fa4-a97d-d965ccfc6d4b" outcome="Passed" testListId="8c84fa94-04c1-424b-9868-57a2d4851a1d" relativeResultsDirectory="d3867b6c-d37c-4086-af52-167c93a9b6e1" />
    <UnitTestResult executionId="98847c48-df06-451d-8dd5-304ead75f4e9" testId="33e21037-951c-3984-e25a-6ac5be42e655" testName="GameBoy.Tests.Mbc5Tests.BatteryInterface_GetExternalRam_ReturnsDataIfModified" computerName="pkrvm7jw40e0xgp" duration="00:00:00.0004893" startTime="2025-09-08T21:55:52.5690113+00:00" endTime="2025-09-08T21:55:52.5690114+00:00" testType="13cdc9d9-ddb5-4fa4-a97d-d965ccfc6d4b" outcome="Passed" testListId="8c84fa94-04c1-424b-9868-57a2d4851a1d" relativeResultsDirectory="98847c48-df06-451d-8dd5-304ead75f4e9" />
    <UnitTestResult executionId="f0d83dd6-3c99-4840-97a8-4b264bc95073" testId="56b6a77c-1d69-f3b1-5506-a57946743d6f" testName="GameBoy.Tests.Integration.CpuInstructionTests.DI_DisablesInterrupts" computerName="pkrvm7jw40e0xgp" duration="00:00:00.0035816" startTime="2025-09-08T21:55:52.4678958+00:00" endTime="2025-09-08T21:55:52.4678958+00:00" testType="13cdc9d9-ddb5-4fa4-a97d-d965ccfc6d4b" outcome="Passed" testListId="8c84fa94-04c1-424b-9868-57a2d4851a1d" relativeResultsDirectory="f0d83dd6-3c99-4840-97a8-4b264bc95073" />
    <UnitTestResult executionId="6dd549a7-2858-4149-bc48-520f171f6cbe" testId="5ffa0d02-1351-3cf0-e24b-a502a0b8a20c" testName="GameBoy.Tests.TimerTests.TIMA_ContinuesAfterTACFrequencyChange" computerName="pkrvm7jw40e0xgp" duration="00:00:00.0001694" startTime="2025-09-08T21:55:52.3143515+00:00" endTime="2025-09-08T21:55:52.3143515+00:00" testType="13cdc9d9-ddb5-4fa4-a97d-d965ccfc6d4b" outcome="Passed" testListId="8c84fa94-04c1-424b-9868-57a2d4851a1d" relativeResultsDirectory="6dd549a7-2858-4149-bc48-520f171f6cbe" />
    <UnitTestResult executionId="d0e4955f-8213-4223-9a88-2f0d2eebb27b" testId="c16dde80-73df-e503-e4c5-5ac4986a1dbe" testName="GameBoy.Tests.CartridgeHeaderTests.IsValidHeader_InvalidDestinationCode_ReturnsFalse" computerName="pkrvm7jw40e0xgp" duration="00:00:00.0001564" startTime="2025-09-08T21:55:52.5434771+00:00" endTime="2025-09-08T21:55:52.5434771+00:00" testType="13cdc9d9-ddb5-4fa4-a97d-d965ccfc6d4b" outcome="Passed" testListId="8c84fa94-04c1-424b-9868-57a2d4851a1d" relativeResultsDirectory="d0e4955f-8213-4223-9a88-2f0d2eebb27b" />
    <UnitTestResult executionId="b6e767b9-fae1-4ebd-b53b-b889822ad2c9" testId="ab3b523d-d43d-6356-79ca-f0ecc5e21019" testName="GameBoy.Tests.InterruptControllerTests.TryGetPending_SingleInterrupt_ReturnsCorrectType(ifValue: 4, ieValue: 4, expectedType: Timer)" computerName="pkrvm7jw40e0xgp" duration="00:00:00.0004224" startTime="2025-09-08T21:55:52.4595580+00:00" endTime="2025-09-08T21:55:52.4595581+00:00" testType="13cdc9d9-ddb5-4fa4-a97d-d965ccfc6d4b" outcome="Passed" testListId="8c84fa94-04c1-424b-9868-57a2d4851a1d" relativeResultsDirectory="b6e767b9-fae1-4ebd-b53b-b889822ad2c9" />
    <UnitTestResult executionId="410c4ef1-041e-46c6-a225-e24b3e7ce1aa" testId="de4e05da-3328-a544-d910-69d51975e04a" testName="GameBoy.Tests.CartridgeHeaderTests.RomSize_CalculatesCorrectSizeForStandardCodes(code: 5, expectedSize: 1048576)" computerName="pkrvm7jw40e0xgp" duration="00:00:00.0000099" startTime="2025-09-08T21:55:52.5433542+00:00" endTime="2025-09-08T21:55:52.5433542+00:00" testType="13cdc9d9-ddb5-4fa4-a97d-d965ccfc6d4b" outcome="Passed" testListId="8c84fa94-04c1-424b-9868-57a2d4851a1d" relativeResultsDirectory="410c4ef1-041e-46c6-a225-e24b3e7ce1aa" />
    <UnitTestResult executionId="e9ebbb52-41fc-439f-8d8d-8c5d10fdf223" testId="c03d9e22-cedd-0331-a5d9-e0b130b03a7b" testName="GameBoy.Tests.Integration.MooneyeInterruptTests.Mooneye_PPUInterruptTests_ExecuteSuccessfully(category: &quot;ppu&quot;, romFile: &quot;lcdon_timing-GS.gb&quot;, description: &quot;LCD ON timing interrupt test&quot;)" computerName="pkrvm7jw40e0xgp" duration="00:00:00.0004564" startTime="2025-09-08T21:55:52.3108028+00:00" endTime="2025-09-08T21:55:52.3108029+00:00" testType="13cdc9d9-ddb5-4fa4-a97d-d965ccfc6d4b" outcome="Passed" testListId="8c84fa94-04c1-424b-9868-57a2d4851a1d" relativeResultsDirectory="e9ebbb52-41fc-439f-8d8d-8c5d10fdf223" />
    <UnitTestResult executionId="741b9dfa-3255-47a6-998c-c1b225db2f7a" testId="90078e20-c5de-cf76-870d-974d468f3e8d" testName="GameBoy.Tests.Mbc3Tests.ReadRom_BankX_ReadsFromSwitchableBank" computerName="pkrvm7jw40e0xgp" duration="00:00:00.0005829" startTime="2025-09-08T21:55:52.4742081+00:00" endTime="2025-09-08T21:55:52.4742082+00:00" testType="13cdc9d9-ddb5-4fa4-a97d-d965ccfc6d4b" outcome="Passed" testListId="8c84fa94-04c1-424b-9868-57a2d4851a1d" relativeResultsDirectory="741b9dfa-3255-47a6-998c-c1b225db2f7a" />
    <UnitTestResult executionId="ceee6155-5995-462a-8c0e-d1c6d0f35385" testId="67802453-232d-0f73-5d3c-a03200b5ee42" testName="GameBoy.Tests.CycleAccuracyValidationTests.RSTInstructions_Take16Cycles" computerName="pkrvm7jw40e0xgp" duration="00:00:00.0037917" startTime="2025-09-08T21:55:52.5253758+00:00" endTime="2025-09-08T21:55:52.5253759+00:00" testType="13cdc9d9-ddb5-4fa4-a97d-d965ccfc6d4b" outcome="Passed" testListId="8c84fa94-04c1-424b-9868-57a2d4851a1d" relativeResultsDirectory="ceee6155-5995-462a-8c0e-d1c6d0f35385" />
    <UnitTestResult executionId="4ecdc2f1-695e-4be3-a627-0e4303db71ae" testId="eddf0bad-e1c8-420d-a75f-ecbcc536307d" testName="GameBoy.Tests.CpuMmuIntegrationTests.HighRAM_Writing_WorksCorrectly" computerName="pkrvm7jw40e0xgp" duration="00:00:00.0004779" startTime="2025-09-08T21:55:52.4006214+00:00" endTime="2025-09-08T21:55:52.4006214+00:00" testType="13cdc9d9-ddb5-4fa4-a97d-d965ccfc6d4b" outcome="Passed" testListId="8c84fa94-04c1-424b-9868-57a2d4851a1d" relativeResultsDirectory="4ecdc2f1-695e-4be3-a627-0e4303db71ae" />
    <UnitTestResult executionId="35b36ffa-f268-4286-882a-f22ab8320878" testId="8d18fc07-31f2-380a-5306-8509e23a4581" testName="GameBoy.Tests.PaletteTests.DefaultObject_HasCorrectValue" computerName="pkrvm7jw40e0xgp" duration="00:00:00.0064491" startTime="2025-09-08T21:55:52.5388063+00:00" endTime="2025-09-08T21:55:52.5388064+00:00" testType="13cdc9d9-ddb5-4fa4-a97d-d965ccfc6d4b" outcome="Passed" testListId="8c84fa94-04c1-424b-9868-57a2d4851a1d" relativeResultsDirectory="35b36ffa-f268-4286-882a-f22ab8320878" />
    <UnitTestResult executionId="1a5567c5-fe53-497b-a771-0666925a0322" testId="a78bfd80-34fa-e94c-5a6c-332161625b79" testName="GameBoy.Tests.EmulatorMbcIntegrationTests.Emulator_LoadRom_Mbc5WithBattery_HasBatteryRam" computerName="pkrvm7jw40e0xgp" duration="00:00:00.0003618" startTime="2025-09-08T21:55:52.3228016+00:00" endTime="2025-09-08T21:55:52.3228017+00:00" testType="13cdc9d9-ddb5-4fa4-a97d-d965ccfc6d4b" outcome="Passed" testListId="8c84fa94-04c1-424b-9868-57a2d4851a1d" relativeResultsDirectory="1a5567c5-fe53-497b-a771-0666925a0322" />
    <UnitTestResult executionId="0ada0115-beb6-4cfc-ad9e-7ea76741bcc1" testId="826e93b1-4bba-1e1e-7e71-9795838b252f" testName="GameBoy.Tests.EmulatorMbcIntegrationTests.Emulator_LoadRom_AllUnsupportedMbcTypes_ThrowsNotSupportedException(cartridgeType: 34, expectedMbcName: &quot;MBC7&quot;)" computerName="pkrvm7jw40e0xgp" duration="00:00:00.0049492" startTime="2025-09-08T21:55:52.3158670+00:00" endTime="2025-09-08T21:55:52.3158671+00:00" testType="13cdc9d9-ddb5-4fa4-a97d-d965ccfc6d4b" outcome="Passed" testListId="8c84fa94-04c1-424b-9868-57a2d4851a1d" relativeResultsDirectory="0ada0115-beb6-4cfc-ad9e-7ea76741bcc1" />
    <UnitTestResult executionId="18ced7b5-937b-4725-a1f3-fac2d8c10085" testId="b32aab51-13eb-6cd3-29c0-f36d5c586e8c" testName="GameBoy.Tests.CartridgeHeaderTests.RomSize_CalculatesCorrectSizeForSpecialCodes(code: 84, expectedSize: 1572864)" computerName="pkrvm7jw40e0xgp" duration="00:00:00.0000115" startTime="2025-09-08T21:55:52.5369345+00:00" endTime="2025-09-08T21:55:52.5369345+00:00" testType="13cdc9d9-ddb5-4fa4-a97d-d965ccfc6d4b" outcome="Passed" testListId="8c84fa94-04c1-424b-9868-57a2d4851a1d" relativeResultsDirectory="18ced7b5-937b-4725-a1f3-fac2d8c10085" />
    <UnitTestResult executionId="496bb122-2712-4e74-8525-8e178f1ac334" testId="a7fd53a6-c05f-0be6-708d-bed266e4b741" testName="GameBoy.Tests.InterruptServiceRoutineTests.NoInterrupt_WhenInterruptNotEnabled" computerName="pkrvm7jw40e0xgp" duration="00:00:00.0002208" startTime="2025-09-08T21:55:52.4578741+00:00" endTime="2025-09-08T21:55:52.4578742+00:00" testType="13cdc9d9-ddb5-4fa4-a97d-d965ccfc6d4b" outcome="Passed" testListId="8c84fa94-04c1-424b-9868-57a2d4851a1d" relativeResultsDirectory="496bb122-2712-4e74-8525-8e178f1ac334" />
    <UnitTestResult executionId="c4283eaf-651b-4c74-80bb-ab79b93228db" testId="bfc9ef65-1a17-4d4d-44b1-60bb55d45a15" testName="GameBoy.Tests.CpuTests.Ld_r_r_CopiesRegister" computerName="pkrvm7jw40e0xgp" duration="00:00:00.0002247" startTime="2025-09-08T21:55:52.4307597+00:00" endTime="2025-09-08T21:55:52.4307598+00:00" testType="13cdc9d9-ddb5-4fa4-a97d-d965ccfc6d4b" outcome="Passed" testListId="8c84fa94-04c1-424b-9868-57a2d4851a1d" relativeResultsDirectory="c4283eaf-651b-4c74-80bb-ab79b93228db" />
    <UnitTestResult executionId="6a496a73-b4c1-4679-aa0f-cc064eef996b" testId="6b911e4a-518f-39f3-a8b4-29e0e40b73c1" testName="GameBoy.Tests.TimerTests.StepWithLargeCycles_ProcessesMultipleTIMAIncrements" computerName="pkrvm7jw40e0xgp" duration="00:00:00.0001804" startTime="2025-09-08T21:55:52.3144210+00:00" endTime="2025-09-08T21:55:52.3144211+00:00" testType="13cdc9d9-ddb5-4fa4-a97d-d965ccfc6d4b" outcome="Passed" testListId="8c84fa94-04c1-424b-9868-57a2d4851a1d" relativeResultsDirectory="6a496a73-b4c1-4679-aa0f-cc064eef996b" />
    <UnitTestResult executionId="f5cdcddd-1314-4993-8f34-0ec9a320065c" testId="6336ba2d-9125-3123-2fea-5b0f73d2d9dd" testName="GameBoy.Tests.EmulatorMbcIntegrationTests.Emulator_BatteryRam_SaveLoad_Mbc1" computerName="pkrvm7jw40e0xgp" duration="00:00:00.0077679" startTime="2025-09-08T21:55:52.3245601+00:00" endTime="2025-09-08T21:55:52.3245601+00:00" testType="13cdc9d9-ddb5-4fa4-a97d-d965ccfc6d4b" outcome="Passed" testListId="8c84fa94-04c1-424b-9868-57a2d4851a1d" relativeResultsDirectory="f5cdcddd-1314-4993-8f34-0ec9a320065c" />
    <UnitTestResult executionId="9d893410-a4e1-4093-8bca-90aa611e77bb" testId="e253319a-d2f6-01de-d58d-974f04ada38c" testName="GameBoy.Tests.InstructionTimingTests.Halt_Takes4Cycles" computerName="pkrvm7jw40e0xgp" duration="00:00:00.0029085" startTime="2025-09-08T21:55:52.4392528+00:00" endTime="2025-09-08T21:55:52.4392529+00:00" testType="13cdc9d9-ddb5-4fa4-a97d-d965ccfc6d4b" outcome="Passed" testListId="8c84fa94-04c1-424b-9868-57a2d4851a1d" relativeResultsDirectory="9d893410-a4e1-4093-8bca-90aa611e77bb" />
    <UnitTestResult executionId="988f67f3-67ab-4b38-9a5d-387bbf1b8766" testId="ea897db6-d1b5-392f-b302-24373d4b0903" testName="GameBoy.Tests.InterruptIntegrationTests.ComplexEmulatorScenario_MultipleInterruptSources" computerName="pkrvm7jw40e0xgp" duration="00:00:00.0223800" startTime="2025-09-08T21:55:52.3908047+00:00" endTime="2025-09-08T21:55:52.3908049+00:00" testType="13cdc9d9-ddb5-4fa4-a97d-d965ccfc6d4b" outcome="Failed" testListId="8c84fa94-04c1-424b-9868-57a2d4851a1d" relativeResultsDirectory="988f67f3-67ab-4b38-9a5d-387bbf1b8766">
      <Output>
        <ErrorInfo>
          <Message>VBlank interrupt should be triggered</Message>
          <StackTrace>   at GameBoy.Tests.InterruptIntegrationTests.ComplexEmulatorScenario_MultipleInterruptSources() in /home/runner/work/BlazorBoy/BlazorBoy/src/GameBoy.Tests/InterruptIntegrationTests.cs:line 209
   at System.RuntimeMethodHandle.InvokeMethod(Object target, Void** arguments, Signature sig, Boolean isConstructor)
   at System.Reflection.MethodBaseInvoker.InvokeWithNoArgs(Object obj, BindingFlags invokeAttr)</StackTrace>
        </ErrorInfo>
      </Output>
    </UnitTestResult>
    <UnitTestResult executionId="29a2b2f1-58fe-41dd-8b72-d7d338e2d062" testId="e573544f-8572-be64-00a7-7ee9438f0ddb" testName="GameBoy.Tests.EmulatorMbcIntegrationTests.Mmu_ErrorHandling_InvalidRomAccess" computerName="pkrvm7jw40e0xgp" duration="00:00:00.0027716" startTime="2025-09-08T21:55:52.3210010+00:00" endTime="2025-09-08T21:55:52.3210011+00:00" testType="13cdc9d9-ddb5-4fa4-a97d-d965ccfc6d4b" outcome="Passed" testListId="8c84fa94-04c1-424b-9868-57a2d4851a1d" relativeResultsDirectory="29a2b2f1-58fe-41dd-8b72-d7d338e2d062" />
    <UnitTestResult executionId="231edb67-131f-41b2-b933-de61d43c0881" testId="ea74ea14-5621-94b5-fb73-39895abbcaba" testName="GameBoy.Tests.InstructionGroupTests.Add_A_Register_SetsCorrectFlags" computerName="pkrvm7jw40e0xgp" duration="00:00:00.0002146" startTime="2025-09-08T21:55:52.3708746+00:00" endTime="2025-09-08T21:55:52.3708747+00:00" testType="13cdc9d9-ddb5-4fa4-a97d-d965ccfc6d4b" outcome="Passed" testListId="8c84fa94-04c1-424b-9868-57a2d4851a1d" relativeResultsDirectory="231edb67-131f-41b2-b933-de61d43c0881" />
    <UnitTestResult executionId="2d9b673d-599b-426b-9e24-d0c24f3d670c" testId="183104fb-79b8-de54-d337-7851a1893eb7" testName="GameBoy.Tests.Integration.MooneyeInterruptTests.Mooneye_TimerInterruptTests_ExecuteSuccessfully(category: &quot;timer&quot;, romFile: &quot;tim11_div_trigger.gb&quot;, description: &quot;Timer 11 DIV trigger interrupt&quot;)" computerName="pkrvm7jw40e0xgp" duration="00:00:00.0000131" startTime="2025-09-08T21:55:52.3075125+00:00" endTime="2025-09-08T21:55:52.3075126+00:00" testType="13cdc9d9-ddb5-4fa4-a97d-d965ccfc6d4b" outcome="Passed" testListId="8c84fa94-04c1-424b-9868-57a2d4851a1d" relativeResultsDirectory="2d9b673d-599b-426b-9e24-d0c24f3d670c" />
    <UnitTestResult executionId="f7039a93-3842-4304-9f19-8db42161eb9b" testId="53f7c435-635b-3868-b979-95fc306ccf90" testName="GameBoy.Tests.Integration.MooneyeInterruptTests.Mooneye_InterruptTests_ExecuteSuccessfully(category: &quot;interrupts&quot;, romFile: &quot;jp_timing.gb&quot;, description: &quot;Jump timing with interrupts&quot;)" computerName="pkrvm7jw40e0xgp" duration="00:00:00.0000120" startTime="2025-09-08T21:55:52.3003650+00:00" endTime="2025-09-08T21:55:52.3003651+00:00" testType="13cdc9d9-ddb5-4fa4-a97d-d965ccfc6d4b" outcome="Passed" testListId="8c84fa94-04c1-424b-9868-57a2d4851a1d" relativeResultsDirectory="f7039a93-3842-4304-9f19-8db42161eb9b" />
    <UnitTestResult executionId="008ea507-2cda-44c1-84de-6288f6047fb0" testId="3b24fb3a-9c64-8aa0-90a1-83f1378f46ce" testName="GameBoy.Tests.SpriteTests.GetRelativeY_ReturnsCorrectValue(y: 80, scanline: 67, attributes: 0, expected: 3)" computerName="pkrvm7jw40e0xgp" duration="00:00:00.0003139" startTime="2025-09-08T21:55:52.3244460+00:00" endTime="2025-09-08T21:55:52.3244460+00:00" testType="13cdc9d9-ddb5-4fa4-a97d-d965ccfc6d4b" outcome="Passed" testListId="8c84fa94-04c1-424b-9868-57a2d4851a1d" relativeResultsDirectory="008ea507-2cda-44c1-84de-6288f6047fb0" />
    <UnitTestResult executionId="4116c769-9776-45e8-8316-c817aa9b4386" testId="acbf5fc7-402d-cbf8-3e36-fc1673edf737" testName="GameBoy.Tests.InstructionGroupTests.Add_A_Immediate_SetsZeroAndCarryFlags" computerName="pkrvm7jw40e0xgp" duration="00:00:00.0002847" startTime="2025-09-08T21:55:52.3568038+00:00" endTime="2025-09-08T21:55:52.3568039+00:00" testType="13cdc9d9-ddb5-4fa4-a97d-d965ccfc6d4b" outcome="Passed" testListId="8c84fa94-04c1-424b-9868-57a2d4851a1d" relativeResultsDirectory="4116c769-9776-45e8-8316-c817aa9b4386" />
    <UnitTestResult executionId="12197e46-6103-4ea0-b15b-8b237a8dd759" testId="fb14dbd9-3f14-990f-c390-f23538e326aa" testName="GameBoy.Tests.CartridgeTests.Detect_AllMbc3Variants_ReturnsCorrectCartridge(cartridgeType: 15)" computerName="pkrvm7jw40e0xgp" duration="00:00:00.0000645" startTime="2025-09-08T21:55:52.5199028+00:00" endTime="2025-09-08T21:55:52.5199029+00:00" testType="13cdc9d9-ddb5-4fa4-a97d-d965ccfc6d4b" outcome="Passed" testListId="8c84fa94-04c1-424b-9868-57a2d4851a1d" relativeResultsDirectory="12197e46-6103-4ea0-b15b-8b237a8dd759" />
    <UnitTestResult executionId="5ae5d924-123d-4bbc-aeb2-5de827326f5c" testId="5ae6f225-fd3d-b9aa-d3bf-ff8feb208f3b" testName="GameBoy.Tests.MmuTests.UnusableRegion_WritesIgnored" computerName="pkrvm7jw40e0xgp" duration="00:00:00.0001804" startTime="2025-09-08T21:55:52.3700774+00:00" endTime="2025-09-08T21:55:52.3700774+00:00" testType="13cdc9d9-ddb5-4fa4-a97d-d965ccfc6d4b" outcome="Passed" testListId="8c84fa94-04c1-424b-9868-57a2d4851a1d" relativeResultsDirectory="5ae5d924-123d-4bbc-aeb2-5de827326f5c" />
    <UnitTestResult executionId="fecf60c2-0115-488c-930f-66698db1648c" testId="bcd70f7b-fbfc-2be7-6038-ec5a7b1989f9" testName="GameBoy.Tests.InterruptIntegrationTests.InterruptPriorityIntegration_EmulatorLevel" computerName="pkrvm7jw40e0xgp" duration="00:00:00.0017986" startTime="2025-09-08T21:55:52.3910111+00:00" endTime="2025-09-08T21:55:52.3910111+00:00" testType="13cdc9d9-ddb5-4fa4-a97d-d965ccfc6d4b" outcome="Passed" testListId="8c84fa94-04c1-424b-9868-57a2d4851a1d" relativeResultsDirectory="fecf60c2-0115-488c-930f-66698db1648c" />
    <UnitTestResult executionId="537ea5be-7ced-40f2-9ccf-aeb729b6f44d" testId="edb6eac7-f7c6-9294-277c-f32f85b35d99" testName="GameBoy.Tests.PaletteTests.ToRgba_WithInvalidValue_ReturnsDefault(colorValue: 4, expectedRgba: -6571249)" computerName="pkrvm7jw40e0xgp" duration="00:00:00.0001256" startTime="2025-09-08T21:55:52.5379096+00:00" endTime="2025-09-08T21:55:52.5379097+00:00" testType="13cdc9d9-ddb5-4fa4-a97d-d965ccfc6d4b" outcome="Passed" testListId="8c84fa94-04c1-424b-9868-57a2d4851a1d" relativeResultsDirectory="537ea5be-7ced-40f2-9ccf-aeb729b6f44d" />
    <UnitTestResult executionId="3495cbb1-5e53-4140-b356-fb75dbec4bfd" testId="2411ca0c-8c7b-b2d3-9dda-1876da4ce09e" testName="GameBoy.Tests.CartridgeTests.Detect_AllMbc3Variants_ReturnsCorrectCartridge(cartridgeType: 18)" computerName="pkrvm7jw40e0xgp" duration="00:00:00.0065764" startTime="2025-09-08T21:55:52.5136534+00:00" endTime="2025-09-08T21:55:52.5136534+00:00" testType="13cdc9d9-ddb5-4fa4-a97d-d965ccfc6d4b" outcome="Passed" testListId="8c84fa94-04c1-424b-9868-57a2d4851a1d" relativeResultsDirectory="3495cbb1-5e53-4140-b356-fb75dbec4bfd" />
    <UnitTestResult executionId="75a0db0e-c7af-4c31-88f7-4e21b53019d0" testId="d762547f-1f34-4efc-725e-aa84742baa26" testName="GameBoy.Tests.IoRegsTests.IoRegs_ShouldHaveCorrectAddresses" computerName="pkrvm7jw40e0xgp" duration="00:00:00.0001822" startTime="2025-09-08T21:55:52.4023145+00:00" endTime="2025-09-08T21:55:52.4023146+00:00" testType="13cdc9d9-ddb5-4fa4-a97d-d965ccfc6d4b" outcome="Passed" testListId="8c84fa94-04c1-424b-9868-57a2d4851a1d" relativeResultsDirectory="75a0db0e-c7af-4c31-88f7-4e21b53019d0" />
    <UnitTestResult executionId="da148839-80fe-4c88-a4ec-6a24c7ffa1e6" testId="ed5cd5b1-d1f5-e057-68bb-f73e10f36c84" testName="GameBoy.Tests.TestResetBehavior.InitializePostBiosDefaults_ConsistentWithReadBehavior" computerName="pkrvm7jw40e0xgp" duration="00:00:00.0047413" startTime="2025-09-08T21:55:52.5354772+00:00" endTime="2025-09-08T21:55:52.5354773+00:00" testType="13cdc9d9-ddb5-4fa4-a97d-d965ccfc6d4b" outcome="Passed" testListId="8c84fa94-04c1-424b-9868-57a2d4851a1d" relativeResultsDirectory="da148839-80fe-4c88-a4ec-6a24c7ffa1e6" />
    <UnitTestResult executionId="78567871-a2e8-4cee-b5c1-f2fd7cf188ca" testId="b942a944-0529-1d1d-8c96-e0b3d1d7729e" testName="GameBoy.Tests.AluTests.Add_HalfCarryBoundary_CorrectFlags" computerName="pkrvm7jw40e0xgp" duration="00:00:00.0001689" startTime="2025-09-08T21:55:52.5501384+00:00" endTime="2025-09-08T21:55:52.5501385+00:00" testType="13cdc9d9-ddb5-4fa4-a97d-d965ccfc6d4b" outcome="Passed" testListId="8c84fa94-04c1-424b-9868-57a2d4851a1d" relativeResultsDirectory="78567871-a2e8-4cee-b5c1-f2fd7cf188ca" />
    <UnitTestResult executionId="e71aea66-4bd5-4744-93ff-04849a740006" testId="78862126-efef-49da-6328-723a942c39d3" testName="GameBoy.Tests.Mbc1Tests.ExternalRam_BeyondAvailableBanks_ReturnsFF" computerName="pkrvm7jw40e0xgp" duration="00:00:00.0005659" startTime="2025-09-08T21:55:52.3256080+00:00" endTime="2025-09-08T21:55:52.3256081+00:00" testType="13cdc9d9-ddb5-4fa4-a97d-d965ccfc6d4b" outcome="Passed" testListId="8c84fa94-04c1-424b-9868-57a2d4851a1d" relativeResultsDirectory="e71aea66-4bd5-4744-93ff-04849a740006" />
    <UnitTestResult executionId="651eb510-d83a-411b-9e8b-a7ddbc73de7e" testId="bb76f2bc-a20b-0d58-f6e1-710315d4679b" testName="GameBoy.Tests.MmuTests.PPU_Registers_ReadDefaultValues" computerName="pkrvm7jw40e0xgp" duration="00:00:00.0003285" startTime="2025-09-08T21:55:52.3815636+00:00" endTime="2025-09-08T21:55:52.3815637+00:00" testType="13cdc9d9-ddb5-4fa4-a97d-d965ccfc6d4b" outcome="Passed" testListId="8c84fa94-04c1-424b-9868-57a2d4851a1d" relativeResultsDirectory="651eb510-d83a-411b-9e8b-a7ddbc73de7e" />
    <UnitTestResult executionId="e657fb48-770c-4f63-83cf-b70dfb67daaf" testId="34359d87-23c7-7196-73c9-e6741b1ffeff" testName="GameBoy.Tests.AluTests.Subtract_HalfCarryBorrow_SetsHalfCarryFlag" computerName="pkrvm7jw40e0xgp" duration="00:00:00.0001729" startTime="2025-09-08T21:55:52.5499109+00:00" endTime="2025-09-08T21:55:52.5499110+00:00" testType="13cdc9d9-ddb5-4fa4-a97d-d965ccfc6d4b" outcome="Passed" testListId="8c84fa94-04c1-424b-9868-57a2d4851a1d" relativeResultsDirectory="e657fb48-770c-4f63-83cf-b70dfb67daaf" />
    <UnitTestResult executionId="07bd49d2-2342-4eb5-a1cf-9dec71d3db36" testId="710dc93e-1291-5d16-e49f-551c114dac22" testName="GameBoy.Tests.Integration.MooneyeInterruptTests.Mooneye_InterruptTests_ExecuteSuccessfully(category: &quot;interrupts&quot;, romFile: &quot;ret_timing.gb&quot;, description: &quot;RET timing with interrupts&quot;)" computerName="pkrvm7jw40e0xgp" duration="00:00:00.0003024" startTime="2025-09-08T21:55:52.1625615+00:00" endTime="2025-09-08T21:55:52.1625616+00:00" testType="13cdc9d9-ddb5-4fa4-a97d-d965ccfc6d4b" outcome="Passed" testListId="8c84fa94-04c1-424b-9868-57a2d4851a1d" relativeResultsDirectory="07bd49d2-2342-4eb5-a1cf-9dec71d3db36" />
    <UnitTestResult executionId="546e93f3-8153-4bbe-82f7-8141e23ff567" testId="5b041a6e-7bee-a1df-d76b-f9daf33afa7b" testName="GameBoy.Tests.InterruptControllerTests.Service_ClearsCorrectIFBit(interruptType: Serial, bitMask: 8)" computerName="pkrvm7jw40e0xgp" duration="00:00:00.0000136" startTime="2025-09-08T21:55:52.4668938+00:00" endTime="2025-09-08T21:55:52.4668939+00:00" testType="13cdc9d9-ddb5-4fa4-a97d-d965ccfc6d4b" outcome="Passed" testListId="8c84fa94-04c1-424b-9868-57a2d4851a1d" relativeResultsDirectory="546e93f3-8153-4bbe-82f7-8141e23ff567" />
    <UnitTestResult executionId="9def64da-9309-4ae1-8d13-eb5cf2339177" testId="b13a5b0b-39ad-afa5-3362-393114b3eb70" testName="GameBoy.Tests.Integration.BlarggInterruptTests.Blargg_SpecificInterruptTests_ExecuteSuccessfully(romFile: &quot;if_ie_registers.gb&quot;, description: &quot;IF/IE register behavior test&quot;)" computerName="pkrvm7jw40e0xgp" duration="00:00:00.0000159" startTime="2025-09-08T21:55:52.4293876+00:00" endTime="2025-09-08T21:55:52.4293876+00:00" testType="13cdc9d9-ddb5-4fa4-a97d-d965ccfc6d4b" outcome="Passed" testListId="8c84fa94-04c1-424b-9868-57a2d4851a1d" relativeResultsDirectory="9def64da-9309-4ae1-8d13-eb5cf2339177" />
    <UnitTestResult executionId="c38a045c-f137-4df4-8966-45839d9eef3c" testId="1abc059c-0b2e-ebb8-ca54-938851accb3a" testName="GameBoy.Tests.Mbc1Tests.ExternalRam_AdvancedMode_EnablesBanking" computerName="pkrvm7jw40e0xgp" duration="00:00:00.0003705" startTime="2025-09-08T21:55:52.3712454+00:00" endTime="2025-09-08T21:55:52.3712455+00:00" testType="13cdc9d9-ddb5-4fa4-a97d-d965ccfc6d4b" outcome="Passed" testListId="8c84fa94-04c1-424b-9868-57a2d4851a1d" relativeResultsDirectory="c38a045c-f137-4df4-8966-45839d9eef3c" />
    <UnitTestResult executionId="e32751f9-4572-4244-8f6c-0714eab1ebc4" testId="16ac6d48-3c29-1113-a2f2-ffb9acaad24b" testName="GameBoy.Tests.CartridgeHeaderTests.RomSize_InvalidCodes_DefaultsTo32KB(code: 9)" computerName="pkrvm7jw40e0xgp" duration="00:00:00.0000092" startTime="2025-09-08T21:55:52.5413958+00:00" endTime="2025-09-08T21:55:52.5413959+00:00" testType="13cdc9d9-ddb5-4fa4-a97d-d965ccfc6d4b" outcome="Passed" testListId="8c84fa94-04c1-424b-9868-57a2d4851a1d" relativeResultsDirectory="e32751f9-4572-4244-8f6c-0714eab1ebc4" />
    <UnitTestResult executionId="6a00cc88-96fc-4402-ac71-d7c2edaca545" testId="3246d780-9a6f-0840-8b9f-649d3a415c0e" testName="GameBoy.Tests.PaletteTests.GetRgbaColor_CombinesMappingAndConversion(paletteValue: 27, colorIndex: 0, expectedRgba: -15779825)" computerName="pkrvm7jw40e0xgp" duration="00:00:00.0000050" startTime="2025-09-08T21:55:52.5387049+00:00" endTime="2025-09-08T21:55:52.5387050+00:00" testType="13cdc9d9-ddb5-4fa4-a97d-d965ccfc6d4b" outcome="Passed" testListId="8c84fa94-04c1-424b-9868-57a2d4851a1d" relativeResultsDirectory="6a00cc88-96fc-4402-ac71-d7c2edaca545" />
    <UnitTestResult executionId="e85fb9e7-2d62-47bd-8217-6a6340cdc36b" testId="5860b7d3-064b-7580-7ff5-c38a3b9dbc98" testName="GameBoy.Tests.CpuAddressingTests.AddressingHelpers_BC_DE_WorksWithOpcodes" computerName="pkrvm7jw40e0xgp" duration="00:00:00.0002884" startTime="2025-09-08T21:55:52.5321126+00:00" endTime="2025-09-08T21:55:52.5321127+00:00" testType="13cdc9d9-ddb5-4fa4-a97d-d965ccfc6d4b" outcome="Passed" testListId="8c84fa94-04c1-424b-9868-57a2d4851a1d" relativeResultsDirectory="e85fb9e7-2d62-47bd-8217-6a6340cdc36b" />
    <UnitTestResult executionId="403c735f-c809-4e8c-9296-7aca2a2321e8" testId="01ab2837-c187-372d-f222-a20d27ac9286" testName="GameBoy.Tests.LcdcTests.TileDataBase_ReturnsCorrectAddress(value: 16, expected: 32768)" computerName="pkrvm7jw40e0xgp" duration="00:00:00.0002220" startTime="2025-09-08T21:55:52.4289445+00:00" endTime="2025-09-08T21:55:52.4289446+00:00" testType="13cdc9d9-ddb5-4fa4-a97d-d965ccfc6d4b" outcome="Passed" testListId="8c84fa94-04c1-424b-9868-57a2d4851a1d" relativeResultsDirectory="403c735f-c809-4e8c-9296-7aca2a2321e8" />
    <UnitTestResult executionId="526f57f6-caf3-4be4-a01f-860ff6ddb8b4" testId="f2f72251-7ff4-def6-c2fa-951bdc1f5ab8" testName="GameBoy.Tests.InstructionDecodingTests.SpecificInstructions_HaveCorrectMetadata(opcode: 70, expectedMnemonic: &quot;LD B,(HL)&quot;, expectedLength: 1, expectedCycles: 8, expectedOperandType: Memory)" computerName="pkrvm7jw40e0xgp" duration="00:00:00.0153080" startTime="2025-09-08T21:55:52.4743794+00:00" endTime="2025-09-08T21:55:52.4743795+00:00" testType="13cdc9d9-ddb5-4fa4-a97d-d965ccfc6d4b" outcome="Passed" testListId="8c84fa94-04c1-424b-9868-57a2d4851a1d" relativeResultsDirectory="526f57f6-caf3-4be4-a01f-860ff6ddb8b4" />
    <UnitTestResult executionId="2a9b7f19-76c5-410d-ae78-ecfb6ba38c53" testId="72470a6e-848a-11e5-1aaa-9beee46b9e6a" testName="GameBoy.Tests.Mbc3Tests.BatteryInterface_LoadExternalRam_LoadsRamAndRtc" computerName="pkrvm7jw40e0xgp" duration="00:00:00.0003220" startTime="2025-09-08T21:55:52.4716455+00:00" endTime="2025-09-08T21:55:52.4716456+00:00" testType="13cdc9d9-ddb5-4fa4-a97d-d965ccfc6d4b" outcome="Passed" testListId="8c84fa94-04c1-424b-9868-57a2d4851a1d" relativeResultsDirectory="2a9b7f19-76c5-410d-ae78-ecfb6ba38c53" />
    <UnitTestResult executionId="1f17dab0-47d1-4671-ad89-909af4fcf57d" testId="1a8dd309-1dfe-104c-e9ff-1695c90fcd4e" testName="GameBoy.Tests.CartridgeHeaderTests.Parse_NullRom_ThrowsArgumentException" computerName="pkrvm7jw40e0xgp" duration="00:00:00.0004172" startTime="2025-09-08T21:55:52.5436044+00:00" endTime="2025-09-08T21:55:52.5436044+00:00" testType="13cdc9d9-ddb5-4fa4-a97d-d965ccfc6d4b" outcome="Passed" testListId="8c84fa94-04c1-424b-9868-57a2d4851a1d" relativeResultsDirectory="1f17dab0-47d1-4671-ad89-909af4fcf57d" />
    <UnitTestResult executionId="fc7f6d2f-0f78-402f-a859-dc6671f43e4b" testId="978cc0f8-3b08-267c-0482-b2f981c59607" testName="GameBoy.Tests.InterruptControllerTests.IF_SetAndRead_ReturnsCorrectValues(setValue: 16, expectedRead: 240)" computerName="pkrvm7jw40e0xgp" duration="00:00:00.0000039" startTime="2025-09-08T21:55:52.4489141+00:00" endTime="2025-09-08T21:55:52.4489142+00:00" testType="13cdc9d9-ddb5-4fa4-a97d-d965ccfc6d4b" outcome="Passed" testListId="8c84fa94-04c1-424b-9868-57a2d4851a1d" relativeResultsDirectory="fc7f6d2f-0f78-402f-a859-dc6671f43e4b" />
    <UnitTestResult executionId="041e6506-21d9-49ce-8081-a7b981018a65" testId="b0543b7c-7812-fa58-fd5c-ec173809dd03" testName="GameBoy.Tests.LcdcTests.LcdEnable_ReturnsCorrectValue(value: 128, expected: True)" computerName="pkrvm7jw40e0xgp" duration="00:00:00.0002220" startTime="2025-09-08T21:55:52.4148252+00:00" endTime="2025-09-08T21:55:52.4148254+00:00" testType="13cdc9d9-ddb5-4fa4-a97d-d965ccfc6d4b" outcome="Passed" testListId="8c84fa94-04c1-424b-9868-57a2d4851a1d" relativeResultsDirectory="041e6506-21d9-49ce-8081-a7b981018a65" />
    <UnitTestResult executionId="48a34cdd-3060-40a7-8dfc-29d34f661867" testId="ea530db0-ac7d-6117-0ad3-2f5f4eca724a" testName="GameBoy.Tests.Integration.BlarggIntegrationTests.CpuInstrs_IndividualTests_ExecuteSuccessfully(romFile: &quot;01-special.gb&quot;, description: &quot;Special instructions test&quot;)" computerName="pkrvm7jw40e0xgp" duration="00:00:00.0000173" startTime="2025-09-08T21:55:52.3921410+00:00" endTime="2025-09-08T21:55:52.3921411+00:00" testType="13cdc9d9-ddb5-4fa4-a97d-d965ccfc6d4b" outcome="Passed" testListId="8c84fa94-04c1-424b-9868-57a2d4851a1d" relativeResultsDirectory="48a34cdd-3060-40a7-8dfc-29d34f661867" />
    <UnitTestResult executionId="4183660a-d254-4f64-a292-30c15e2b5522" testId="f5e57cc6-1bbb-d2eb-15d7-09af3cef2442" testName="GameBoy.Tests.TimerTests.DIV_OverflowsCorrectly" computerName="pkrvm7jw40e0xgp" duration="00:00:00.0001845" startTime="2025-09-08T21:55:52.3142061+00:00" endTime="2025-09-08T21:55:52.3142062+00:00" testType="13cdc9d9-ddb5-4fa4-a97d-d965ccfc6d4b" outcome="Passed" testListId="8c84fa94-04c1-424b-9868-57a2d4851a1d" relativeResultsDirectory="4183660a-d254-4f64-a292-30c15e2b5522" />
    <UnitTestResult executionId="c091cabf-b220-4f9f-901e-cbd405e3869a" testId="1a182e1a-cda8-77dd-1fb7-03cdf58b41a3" testName="GameBoy.Tests.Integration.CpuInstructionTests.CB_RLC_B_RotateLeftCircular(initial: 127, expected: 254, expectedZ: False, expectedN: False, expectedH: False, expectedC: False)" computerName="pkrvm7jw40e0xgp" duration="00:00:00.0003415" startTime="2025-09-08T21:55:52.4594978+00:00" endTime="2025-09-08T21:55:52.4594978+00:00" testType="13cdc9d9-ddb5-4fa4-a97d-d965ccfc6d4b" outcome="Passed" testListId="8c84fa94-04c1-424b-9868-57a2d4851a1d" relativeResultsDirectory="c091cabf-b220-4f9f-901e-cbd405e3869a" />
    <UnitTestResult executionId="3cce4d06-da0a-4b6b-9a5f-280d3f320302" testId="6b922855-7a81-f11e-f1b8-81a2ac929594" testName="GameBoy.Tests.SpriteTests.UseObp1_ReturnsCorrectValue(attributes: 16, expected: True)" computerName="pkrvm7jw40e0xgp" duration="00:00:00.0002690" startTime="2025-09-08T21:55:52.3288560+00:00" endTime="2025-09-08T21:55:52.3288561+00:00" testType="13cdc9d9-ddb5-4fa4-a97d-d965ccfc6d4b" outcome="Passed" testListId="8c84fa94-04c1-424b-9868-57a2d4851a1d" relativeResultsDirectory="3cce4d06-da0a-4b6b-9a5f-280d3f320302" />
    <UnitTestResult executionId="2b764f2e-c4e2-44e4-9b6f-148eee60e7b7" testId="734d7800-9dbc-f077-b78e-16e10c818a72" testName="GameBoy.Tests.Integration.MooneyeInterruptTests.Mooneye_InterruptTests_ExecuteSuccessfully(category: &quot;interrupts&quot;, romFile: &quot;oam_dma_timing.gb&quot;, description: &quot;OAM DMA timing interrupt test&quot;)" computerName="pkrvm7jw40e0xgp" duration="00:00:00.0000119" startTime="2025-09-08T21:55:52.3034368+00:00" endTime="2025-09-08T21:55:52.3034368+00:00" testType="13cdc9d9-ddb5-4fa4-a97d-d965ccfc6d4b" outcome="Passed" testListId="8c84fa94-04c1-424b-9868-57a2d4851a1d" relativeResultsDirectory="2b764f2e-c4e2-44e4-9b6f-148eee60e7b7" />
    <UnitTestResult executionId="c748a2a2-2ae4-4a6e-87a0-deb8d6028e73" testId="9cdf1db9-2243-40f9-1ef0-e9cca92b7c3f" testName="GameBoy.Tests.PpuTests.Step_FrameCompletion_ReturnsCorrectValue(cycles: 35112, expectedFrameReady: False)" computerName="pkrvm7jw40e0xgp" duration="00:00:00.0011502" startTime="2025-09-08T21:55:52.5315101+00:00" endTime="2025-09-08T21:55:52.5315101+00:00" testType="13cdc9d9-ddb5-4fa4-a97d-d965ccfc6d4b" outcome="Passed" testListId="8c84fa94-04c1-424b-9868-57a2d4851a1d" relativeResultsDirectory="c748a2a2-2ae4-4a6e-87a0-deb8d6028e73" />
    <UnitTestResult executionId="287fb7e2-01f1-4adc-a8bc-7554cd262f3b" testId="7d77ad84-99ef-6932-a665-b004fa1055e8" testName="GameBoy.Tests.SpriteTests.ToString_WithNoFlip_ShowsCorrectAttributes" computerName="pkrvm7jw40e0xgp" duration="00:00:00.0012348" startTime="2025-09-08T21:55:52.3466765+00:00" endTime="2025-09-08T21:55:52.3466765+00:00" testType="13cdc9d9-ddb5-4fa4-a97d-d965ccfc6d4b" outcome="Passed" testListId="8c84fa94-04c1-424b-9868-57a2d4851a1d" relativeResultsDirectory="287fb7e2-01f1-4adc-a8bc-7554cd262f3b" />
    <UnitTestResult executionId="f378012a-ceec-4ae5-b098-f41ecc28f679" testId="4501750c-47b1-1500-d12b-8c4255549279" testName="GameBoy.Tests.CartridgeMmuIntegrationTests.Mmu_NoCartridge_ExternalRamReturnsFF" computerName="pkrvm7jw40e0xgp" duration="00:00:00.0002503" startTime="2025-09-08T21:55:52.4736866+00:00" endTime="2025-09-08T21:55:52.4736867+00:00" testType="13cdc9d9-ddb5-4fa4-a97d-d965ccfc6d4b" outcome="Passed" testListId="8c84fa94-04c1-424b-9868-57a2d4851a1d" relativeResultsDirectory="f378012a-ceec-4ae5-b098-f41ecc28f679" />
    <UnitTestResult executionId="61892c08-ab9e-44a2-a1af-b973702aa2b0" testId="947b70cd-4d84-9b6b-4580-d269db74ee3f" testName="GameBoy.Tests.OpcodeTableCoverageTests.Primary_Table_Should_Have_Complete_Coverage" computerName="pkrvm7jw40e0xgp" duration="00:00:00.0002882" startTime="2025-09-08T21:55:52.5425824+00:00" endTime="2025-09-08T21:55:52.5425824+00:00" testType="13cdc9d9-ddb5-4fa4-a97d-d965ccfc6d4b" outcome="Passed" testListId="8c84fa94-04c1-424b-9868-57a2d4851a1d" relativeResultsDirectory="61892c08-ab9e-44a2-a1af-b973702aa2b0" />
    <UnitTestResult executionId="f4d7b3fb-a588-44ac-a6c7-e3295249fb3f" testId="505e5e46-26df-6930-de82-d46cfb4a3639" testName="GameBoy.Tests.Integration.MooneyeInterruptTests.Mooneye_InterruptTests_ExecuteSuccessfully(category: &quot;interrupts&quot;, romFile: &quot;halt_ime0_ei.gb&quot;, description: &quot;HALT with IME=0 then EI test&quot;)" computerName="pkrvm7jw40e0xgp" duration="00:00:00.0000174" startTime="2025-09-08T21:55:52.1631061+00:00" endTime="2025-09-08T21:55:52.1631062+00:00" testType="13cdc9d9-ddb5-4fa4-a97d-d965ccfc6d4b" outcome="Passed" testListId="8c84fa94-04c1-424b-9868-57a2d4851a1d" relativeResultsDirectory="f4d7b3fb-a588-44ac-a6c7-e3295249fb3f" />
    <UnitTestResult executionId="a14e9eef-547f-4122-99e5-1d8dd429f4b9" testId="06119e69-dfbf-234b-b8b0-6197b791bb56" testName="GameBoy.Tests.CartridgeHeaderTests.RamSize_CalculatesCorrectSizeForStandardCodes(code: 0, expectedSize: 0)" computerName="pkrvm7jw40e0xgp" duration="00:00:00.0000063" startTime="2025-09-08T21:55:52.5364204+00:00" endTime="2025-09-08T21:55:52.5364205+00:00" testType="13cdc9d9-ddb5-4fa4-a97d-d965ccfc6d4b" outcome="Passed" testListId="8c84fa94-04c1-424b-9868-57a2d4851a1d" relativeResultsDirectory="a14e9eef-547f-4122-99e5-1d8dd429f4b9" />
    <UnitTestResult executionId="993c91f1-0c3c-417a-b7b1-27b065a712af" testId="b4ca1f67-377d-5b64-6dc8-217adc485371" testName="GameBoy.Tests.PpuTests.Step_CompletesFrameAfter70224Cycles" computerName="pkrvm7jw40e0xgp" duration="00:00:00.0077407" startTime="2025-09-08T21:55:52.5299838+00:00" endTime="2025-09-08T21:55:52.5299838+00:00" testType="13cdc9d9-ddb5-4fa4-a97d-d965ccfc6d4b" outcome="Passed" testListId="8c84fa94-04c1-424b-9868-57a2d4851a1d" relativeResultsDirectory="993c91f1-0c3c-417a-b7b1-27b065a712af" />
    <UnitTestResult executionId="ea8d7470-45a2-4d1e-ada5-6ede56958fcd" testId="632b4574-536b-363d-b3df-3cea0d75d690" testName="GameBoy.Tests.AluTests.Subtract_EdgeCases_BehavesCorrectly(a: 255, operand: 1)" computerName="pkrvm7jw40e0xgp" duration="00:00:00.0003273" startTime="2025-09-08T21:55:52.5453822+00:00" endTime="2025-09-08T21:55:52.5453822+00:00" testType="13cdc9d9-ddb5-4fa4-a97d-d965ccfc6d4b" outcome="Passed" testListId="8c84fa94-04c1-424b-9868-57a2d4851a1d" relativeResultsDirectory="ea8d7470-45a2-4d1e-ada5-6ede56958fcd" />
    <UnitTestResult executionId="571b23f1-8fc7-4cee-acac-c3c6c1bac2e9" testId="05d80157-bc05-01ff-af3f-d9d6bbd96ae0" testName="GameBoy.Tests.InstructionTimingTests.UnconditionalCall_Takes24Cycles" computerName="pkrvm7jw40e0xgp" duration="00:00:00.0038148" startTime="2025-09-08T21:55:52.4090057+00:00" endTime="2025-09-08T21:55:52.4090057+00:00" testType="13cdc9d9-ddb5-4fa4-a97d-d965ccfc6d4b" outcome="Passed" testListId="8c84fa94-04c1-424b-9868-57a2d4851a1d" relativeResultsDirectory="571b23f1-8fc7-4cee-acac-c3c6c1bac2e9" />
    <UnitTestResult executionId="6a719230-3357-4d05-98a9-d32ec2fb0515" testId="8bfece45-cbf5-9388-84d8-62236ca62ffd" testName="GameBoy.Tests.MmuTests.JOYP_ReadsDefaultValue" computerName="pkrvm7jw40e0xgp" duration="00:00:00.0001346" startTime="2025-09-08T21:55:52.3697622+00:00" endTime="2025-09-08T21:55:52.3697623+00:00" testType="13cdc9d9-ddb5-4fa4-a97d-d965ccfc6d4b" outcome="Passed" testListId="8c84fa94-04c1-424b-9868-57a2d4851a1d" relativeResultsDirectory="6a719230-3357-4d05-98a9-d32ec2fb0515" />
    <UnitTestResult executionId="49fd3658-1a04-4e5f-a3f4-81df1d6c0ad0" testId="1f696d5b-3321-8875-0504-d9ad91e44e96" testName="GameBoy.Tests.CpuMmuIntegrationTests.CPU_AccessesWorkRamThroughMMU" computerName="pkrvm7jw40e0xgp" duration="00:00:00.0001949" startTime="2025-09-08T21:55:52.4155637+00:00" endTime="2025-09-08T21:55:52.4155638+00:00" testType="13cdc9d9-ddb5-4fa4-a97d-d965ccfc6d4b" outcome="Passed" testListId="8c84fa94-04c1-424b-9868-57a2d4851a1d" relativeResultsDirectory="49fd3658-1a04-4e5f-a3f4-81df1d6c0ad0" />
    <UnitTestResult executionId="1fca4e23-951a-4b18-b2c1-375f4409225a" testId="758e22ea-0fb9-84c1-827b-24d69ccd28a7" testName="GameBoy.Tests.TimerTests.StepWithLargeCycles_ProcessesMultipleOverflows" computerName="pkrvm7jw40e0xgp" duration="00:00:00.0026438" startTime="2025-09-08T21:55:52.3147093+00:00" endTime="2025-09-08T21:55:52.3147094+00:00" testType="13cdc9d9-ddb5-4fa4-a97d-d965ccfc6d4b" outcome="Passed" testListId="8c84fa94-04c1-424b-9868-57a2d4851a1d" relativeResultsDirectory="1fca4e23-951a-4b18-b2c1-375f4409225a" />
    <UnitTestResult executionId="35d4a29b-c775-4bbe-be3a-ab313c64de40" testId="ae2278dd-53fa-7040-970e-d5078bc43913" testName="GameBoy.Tests.InterruptIntegrationTests.Joypad_ButtonRelease_DoesNotRequestInterrupt" computerName="pkrvm7jw40e0xgp" duration="00:00:00.0004025" startTime="2025-09-08T21:55:52.3036308+00:00" endTime="2025-09-08T21:55:52.3036308+00:00" testType="13cdc9d9-ddb5-4fa4-a97d-d965ccfc6d4b" outcome="Passed" testListId="8c84fa94-04c1-424b-9868-57a2d4851a1d" relativeResultsDirectory="35d4a29b-c775-4bbe-be3a-ab313c64de40" />
    <UnitTestResult executionId="d682a5e2-003a-4cf8-92a4-432e0e811361" testId="507d65f0-d2b5-02db-1127-24b17a2b9ce7" testName="GameBoy.Tests.PaletteTests.DefaultBackground_HasCorrectValue" computerName="pkrvm7jw40e0xgp" duration="00:00:00.0003036" startTime="2025-09-08T21:55:52.5408538+00:00" endTime="2025-09-08T21:55:52.5408538+00:00" testType="13cdc9d9-ddb5-4fa4-a97d-d965ccfc6d4b" outcome="Passed" testListId="8c84fa94-04c1-424b-9868-57a2d4851a1d" relativeResultsDirectory="d682a5e2-003a-4cf8-92a4-432e0e811361" />
    <UnitTestResult executionId="61be64b0-5a27-42fc-9dc8-f508fce7e14b" testId="d0e3cd47-18f8-0ff9-7ee6-b951493f4364" testName="GameBoy.Tests.SpriteTests.IsVisibleHorizontally_ReturnsCorrectValue(x: 72, expected: True)" computerName="pkrvm7jw40e0xgp" duration="00:00:00.0003589" startTime="2025-09-08T21:55:52.3261927+00:00" endTime="2025-09-08T21:55:52.3261927+00:00" testType="13cdc9d9-ddb5-4fa4-a97d-d965ccfc6d4b" outcome="Passed" testListId="8c84fa94-04c1-424b-9868-57a2d4851a1d" relativeResultsDirectory="61be64b0-5a27-42fc-9dc8-f508fce7e14b" />
    <UnitTestResult executionId="53f6d357-e47c-4a42-9a56-1ee0dc4ad1c7" testId="bd44c014-a490-12bf-4158-749245c0ea80" testName="GameBoy.Tests.InterruptControllerTests.Request_SetsCorrectIFBit(interruptType: Timer, expectedBit: 4)" computerName="pkrvm7jw40e0xgp" duration="00:00:00.0002837" startTime="2025-09-08T21:55:52.4369450+00:00" endTime="2025-09-08T21:55:52.4369450+00:00" testType="13cdc9d9-ddb5-4fa4-a97d-d965ccfc6d4b" outcome="Passed" testListId="8c84fa94-04c1-424b-9868-57a2d4851a1d" relativeResultsDirectory="53f6d357-e47c-4a42-9a56-1ee0dc4ad1c7" />
    <UnitTestResult executionId="d96e0814-0b62-4241-98ac-86ec0c296a3d" testId="84ded9fb-ede0-3dc1-80e9-1a25585c6b33" testName="GameBoy.Tests.CartridgeTests.Detect_Mbc0Rom_ReturnsCorrectCartridge" computerName="pkrvm7jw40e0xgp" duration="00:00:00.0001379" startTime="2025-09-08T21:55:52.5280473+00:00" endTime="2025-09-08T21:55:52.5280474+00:00" testType="13cdc9d9-ddb5-4fa4-a97d-d965ccfc6d4b" outcome="Passed" testListId="8c84fa94-04c1-424b-9868-57a2d4851a1d" relativeResultsDirectory="d96e0814-0b62-4241-98ac-86ec0c296a3d" />
    <UnitTestResult executionId="1c76cdd0-40fc-4e1b-8962-cd78e9b13e9f" testId="252242f7-1978-3911-65bc-dc4944ddcc63" testName="GameBoy.Tests.SpriteTests.ScreenX_ReturnsCorrectPosition(x: 72, expectedScreenX: 64)" computerName="pkrvm7jw40e0xgp" duration="00:00:00.0000069" startTime="2025-09-08T21:55:52.3477161+00:00" endTime="2025-09-08T21:55:52.3477162+00:00" testType="13cdc9d9-ddb5-4fa4-a97d-d965ccfc6d4b" outcome="Passed" testListId="8c84fa94-04c1-424b-9868-57a2d4851a1d" relativeResultsDirectory="1c76cdd0-40fc-4e1b-8962-cd78e9b13e9f" />
    <UnitTestResult executionId="f4075ef3-5c16-4966-9b2a-f0dd076a2bb5" testId="fcf79adc-b94d-c939-ee0b-a874f16fe495" testName="GameBoy.Tests.LcdcTests.Constructor_InitializesValue" computerName="pkrvm7jw40e0xgp" duration="00:00:00.0001077" startTime="2025-09-08T21:55:52.4291615+00:00" endTime="2025-09-08T21:55:52.4291616+00:00" testType="13cdc9d9-ddb5-4fa4-a97d-d965ccfc6d4b" outcome="Passed" testListId="8c84fa94-04c1-424b-9868-57a2d4851a1d" relativeResultsDirectory="f4075ef3-5c16-4966-9b2a-f0dd076a2bb5" />
    <UnitTestResult executionId="072f41b9-d51e-4457-bc94-c3cccebdeec5" testId="8127ea1e-ba01-dcf8-29b0-bba331714c0f" testName="GameBoy.Tests.MmuTests.DIV_WriteResetsToZero" computerName="pkrvm7jw40e0xgp" duration="00:00:00.0001842" startTime="2025-09-08T21:55:52.3692767+00:00" endTime="2025-09-08T21:55:52.3692767+00:00" testType="13cdc9d9-ddb5-4fa4-a97d-d965ccfc6d4b" outcome="Passed" testListId="8c84fa94-04c1-424b-9868-57a2d4851a1d" relativeResultsDirectory="072f41b9-d51e-4457-bc94-c3cccebdeec5" />
    <UnitTestResult executionId="841c977a-3b8c-4395-bd68-eacd0191859f" testId="ecbdd1f6-cddd-e46a-8a9d-c07850e20a54" testName="GameBoy.Tests.InstructionTimingTests.LoadRegisterToRegister_Takes4Cycles" computerName="pkrvm7jw40e0xgp" duration="00:00:00.0034448" startTime="2025-09-08T21:55:52.4182295+00:00" endTime="2025-09-08T21:55:52.4182296+00:00" testType="13cdc9d9-ddb5-4fa4-a97d-d965ccfc6d4b" outcome="Passed" testListId="8c84fa94-04c1-424b-9868-57a2d4851a1d" relativeResultsDirectory="841c977a-3b8c-4395-bd68-eacd0191859f" />
    <UnitTestResult executionId="01ae50d8-b193-4b2a-a847-96ff78c0fef4" testId="0b730cc7-d231-f16e-3ff3-f528370de282" testName="GameBoy.Tests.CartridgeHeaderTests.RamSize_CalculatesCorrectSizeForStandardCodes(code: 3, expectedSize: 32768)" computerName="pkrvm7jw40e0xgp" duration="00:00:00.0000064" startTime="2025-09-08T21:55:52.5359011+00:00" endTime="2025-09-08T21:55:52.5359012+00:00" testType="13cdc9d9-ddb5-4fa4-a97d-d965ccfc6d4b" outcome="Passed" testListId="8c84fa94-04c1-424b-9868-57a2d4851a1d" relativeResultsDirectory="01ae50d8-b193-4b2a-a847-96ff78c0fef4" />
    <UnitTestResult executionId="a0e16a47-f781-4886-a775-41525b8fe5e9" testId="3f628a33-fb00-8784-2740-9f105cbc2b78" testName="GameBoy.Tests.Integration.MooneyeInterruptTests.Mooneye_PPUInterruptTests_ExecuteSuccessfully(category: &quot;ppu&quot;, romFile: &quot;intr_2_oam_ok_timing.gb&quot;, description: &quot;Interrupt 2 OAM OK timing&quot;)" computerName="pkrvm7jw40e0xgp" duration="00:00:00.0000160" startTime="2025-09-08T21:55:52.3109898+00:00" endTime="2025-09-08T21:55:52.3109899+00:00" testType="13cdc9d9-ddb5-4fa4-a97d-d965ccfc6d4b" outcome="Passed" testListId="8c84fa94-04c1-424b-9868-57a2d4851a1d" relativeResultsDirectory="a0e16a47-f781-4886-a775-41525b8fe5e9" />
    <UnitTestResult executionId="73b0ee76-b472-4380-ba9f-b7d2d6f677f5" testId="0cb95117-bb54-f936-abbb-1cfe4d4bac64" testName="GameBoy.Tests.PpuTests.Step_WithLcdDisabled_ReturnsWithoutProcessing" computerName="pkrvm7jw40e0xgp" duration="00:00:00.0002953" startTime="2025-09-08T21:55:52.5267331+00:00" endTime="2025-09-08T21:55:52.5267331+00:00" testType="13cdc9d9-ddb5-4fa4-a97d-d965ccfc6d4b" outcome="Passed" testListId="8c84fa94-04c1-424b-9868-57a2d4851a1d" relativeResultsDirectory="73b0ee76-b472-4380-ba9f-b7d2d6f677f5" />
    <UnitTestResult executionId="ffa77e59-5bdb-4516-9438-3cc896c7a128" testId="214de0a1-ca05-8f0b-f73d-74153b1766de" testName="GameBoy.Tests.InterruptIntegrationTests.Timer_MultipleSteps_TriggersMultipleInterrupts" computerName="pkrvm7jw40e0xgp" duration="00:00:00.0002059" startTime="2025-09-08T21:55:52.3471762+00:00" endTime="2025-09-08T21:55:52.3471762+00:00" testType="13cdc9d9-ddb5-4fa4-a97d-d965ccfc6d4b" outcome="Passed" testListId="8c84fa94-04c1-424b-9868-57a2d4851a1d" relativeResultsDirectory="ffa77e59-5bdb-4516-9438-3cc896c7a128" />
    <UnitTestResult executionId="1229e1b7-2dad-4153-a45e-7235a9a9c9f6" testId="b8b89739-4d00-dc9f-e34c-53a74d9f164b" testName="GameBoy.Tests.LcdcTests.LcdEnable_ReturnsCorrectValue(value: 255, expected: True)" computerName="pkrvm7jw40e0xgp" duration="00:00:00.0000067" startTime="2025-09-08T21:55:52.4150258+00:00" endTime="2025-09-08T21:55:52.4150258+00:00" testType="13cdc9d9-ddb5-4fa4-a97d-d965ccfc6d4b" outcome="Passed" testListId="8c84fa94-04c1-424b-9868-57a2d4851a1d" relativeResultsDirectory="1229e1b7-2dad-4153-a45e-7235a9a9c9f6" />
    <UnitTestResult executionId="d50ad687-ddc7-4fc1-84d2-5ff0933c27e6" testId="5525e27a-2b87-a233-5a11-e2cf4811b5ef" testName="GameBoy.Tests.AluTests.Add_EdgeCases_BehavesCorrectly(a: 255, operand: 255)" computerName="pkrvm7jw40e0xgp" duration="00:00:00.0000073" startTime="2025-09-08T21:55:52.5471592+00:00" endTime="2025-09-08T21:55:52.5471593+00:00" testType="13cdc9d9-ddb5-4fa4-a97d-d965ccfc6d4b" outcome="Passed" testListId="8c84fa94-04c1-424b-9868-57a2d4851a1d" relativeResultsDirectory="d50ad687-ddc7-4fc1-84d2-5ff0933c27e6" />
    <UnitTestResult executionId="37023891-a691-4834-9c8a-e53c01531be0" testId="20d001ce-7102-31ca-db0b-df53930d4955" testName="GameBoy.Tests.AdvancedTimingTests.ConditionalRelativeJumpNoCarryNotTaken_Takes8Cycles" computerName="pkrvm7jw40e0xgp" duration="00:00:00.0002844" startTime="2025-09-08T21:55:52.5054433+00:00" endTime="2025-09-08T21:55:52.5054434+00:00" testType="13cdc9d9-ddb5-4fa4-a97d-d965ccfc6d4b" outcome="Passed" testListId="8c84fa94-04c1-424b-9868-57a2d4851a1d" relativeResultsDirectory="37023891-a691-4834-9c8a-e53c01531be0" />
    <UnitTestResult executionId="ec068979-ebf0-47ca-bd70-d93dd5f2e2f2" testId="6253cf50-e1ab-3483-14a2-b9d161ae849b" testName="GameBoy.Tests.MmuTests.TimerRegisters_WriteAndRead" computerName="pkrvm7jw40e0xgp" duration="00:00:00.0002148" startTime="2025-09-08T21:55:52.3699306+00:00" endTime="2025-09-08T21:55:52.3699306+00:00" testType="13cdc9d9-ddb5-4fa4-a97d-d965ccfc6d4b" outcome="Passed" testListId="8c84fa94-04c1-424b-9868-57a2d4851a1d" relativeResultsDirectory="ec068979-ebf0-47ca-bd70-d93dd5f2e2f2" />
    <UnitTestResult executionId="80aa08d0-6610-43f9-94c7-0b569788ef84" testId="78d7735b-f47c-e871-04de-56a9a7e2c35c" testName="GameBoy.Tests.InterruptIntegrationTests.Serial_StepWithoutTransfer_DoesNotRequestInterrupt" computerName="pkrvm7jw40e0xgp" duration="00:00:00.0002142" startTime="2025-09-08T21:55:52.3470387+00:00" endTime="2025-09-08T21:55:52.3470388+00:00" testType="13cdc9d9-ddb5-4fa4-a97d-d965ccfc6d4b" outcome="Passed" testListId="8c84fa94-04c1-424b-9868-57a2d4851a1d" relativeResultsDirectory="80aa08d0-6610-43f9-94c7-0b569788ef84" />
    <UnitTestResult executionId="8e48b7d9-b1a7-48d8-b8ec-012bd2fe445d" testId="48e124c6-58d9-0767-37d4-5dbe743c6ed9" testName="GameBoy.Tests.AdvancedTimingTests.StoreSPAbsolute_Takes20Cycles" computerName="pkrvm7jw40e0xgp" duration="00:00:00.0004055" startTime="2025-09-08T21:55:52.4979098+00:00" endTime="2025-09-08T21:55:52.4979099+00:00" testType="13cdc9d9-ddb5-4fa4-a97d-d965ccfc6d4b" outcome="Passed" testListId="8c84fa94-04c1-424b-9868-57a2d4851a1d" relativeResultsDirectory="8e48b7d9-b1a7-48d8-b8ec-012bd2fe445d" />
    <UnitTestResult executionId="79b9d3c4-9893-457b-9d09-9575b3b0afe8" testId="e9dd6e02-63bd-b5c1-f963-b4c256130de1" testName="GameBoy.Tests.CartridgeTests.Detect_AllMbc1Variants_ReturnsCorrectCartridge(cartridgeType: 3)" computerName="pkrvm7jw40e0xgp" duration="00:00:00.0000151" startTime="2025-09-08T21:55:52.5075844+00:00" endTime="2025-09-08T21:55:52.5075845+00:00" testType="13cdc9d9-ddb5-4fa4-a97d-d965ccfc6d4b" outcome="Passed" testListId="8c84fa94-04c1-424b-9868-57a2d4851a1d" relativeResultsDirectory="79b9d3c4-9893-457b-9d09-9575b3b0afe8" />
    <UnitTestResult executionId="928d740b-63ce-4fde-971c-2614b6d157db" testId="859c08ef-38b6-2ec1-aa38-74d6a49030f0" testName="GameBoy.Tests.DmaTests.DMA_ValidSources_CopiesCorrectly(dmaValue: 128, expectedSource: 32768)" computerName="pkrvm7jw40e0xgp" duration="00:00:00.0035635" startTime="2025-09-08T21:55:52.4218361+00:00" endTime="2025-09-08T21:55:52.4218362+00:00" testType="13cdc9d9-ddb5-4fa4-a97d-d965ccfc6d4b" outcome="Passed" testListId="8c84fa94-04c1-424b-9868-57a2d4851a1d" relativeResultsDirectory="928d740b-63ce-4fde-971c-2614b6d157db" />
    <UnitTestResult executionId="1744420c-b30e-46df-bc5a-8a7b91f3a993" testId="5494ec2e-0587-794c-5ab7-344214177d77" testName="GameBoy.Tests.LcdcTests.ObjSize_ReturnsCorrectValue(value: 251, expected: False)" computerName="pkrvm7jw40e0xgp" duration="00:00:00.0002193" startTime="2025-09-08T21:55:52.4278495+00:00" endTime="2025-09-08T21:55:52.4278496+00:00" testType="13cdc9d9-ddb5-4fa4-a97d-d965ccfc6d4b" outcome="Passed" testListId="8c84fa94-04c1-424b-9868-57a2d4851a1d" relativeResultsDirectory="1744420c-b30e-46df-bc5a-8a7b91f3a993" />
    <UnitTestResult executionId="935b4078-0671-4c09-9d30-c41f811d1d28" testId="ac5dac57-5554-f3f2-f689-14f493cf01cc" testName="GameBoy.Tests.CartridgeHeaderTests.Title_HandlesNonPrintableCharacters" computerName="pkrvm7jw40e0xgp" duration="00:00:00.0001510" startTime="2025-09-08T21:55:52.5446538+00:00" endTime="2025-09-08T21:55:52.5446539+00:00" testType="13cdc9d9-ddb5-4fa4-a97d-d965ccfc6d4b" outcome="Passed" testListId="8c84fa94-04c1-424b-9868-57a2d4851a1d" relativeResultsDirectory="935b4078-0671-4c09-9d30-c41f811d1d28" />
    <UnitTestResult executionId="d3ed29b2-5c37-438a-86fe-1bc511e609ea" testId="5867821c-26ab-2d78-4bc5-e20dbefcbaf9" testName="GameBoy.Tests.EmulatorMbcIntegrationTests.Emulator_BatteryRam_NoCartridge_ReturnsNull" computerName="pkrvm7jw40e0xgp" duration="00:00:00.0005228" startTime="2025-09-08T21:55:52.3168359+00:00" endTime="2025-09-08T21:55:52.3168360+00:00" testType="13cdc9d9-ddb5-4fa4-a97d-d965ccfc6d4b" outcome="Passed" testListId="8c84fa94-04c1-424b-9868-57a2d4851a1d" relativeResultsDirectory="d3ed29b2-5c37-438a-86fe-1bc511e609ea" />
    <UnitTestResult executionId="a70cbc3e-48dd-4227-b3d4-10d85dd1bb79" testId="42bcd104-8be6-90bd-2c24-12a5ceed7ca9" testName="GameBoy.Tests.SpriteTests.GetRelativeY_ReturnsCorrectValue(y: 80, scanline: 67, attributes: 64, expected: 4)" computerName="pkrvm7jw40e0xgp" duration="00:00:00.0002295" startTime="2025-09-08T21:55:52.3243781+00:00" endTime="2025-09-08T21:55:52.3243782+00:00" testType="13cdc9d9-ddb5-4fa4-a97d-d965ccfc6d4b" outcome="Passed" testListId="8c84fa94-04c1-424b-9868-57a2d4851a1d" relativeResultsDirectory="a70cbc3e-48dd-4227-b3d4-10d85dd1bb79" />
    <UnitTestResult executionId="454d82d8-c51b-4f50-af4d-07b39ff59e47" testId="51038325-3246-0a10-8ac6-28c597c43b15" testName="GameBoy.Tests.CycleAccuracyValidationTests.AllImplementedInstructions_HaveValidTiming" computerName="pkrvm7jw40e0xgp" duration="00:00:00.0004249" startTime="2025-09-08T21:55:52.5129905+00:00" endTime="2025-09-08T21:55:52.5129905+00:00" testType="13cdc9d9-ddb5-4fa4-a97d-d965ccfc6d4b" outcome="Passed" testListId="8c84fa94-04c1-424b-9868-57a2d4851a1d" relativeResultsDirectory="454d82d8-c51b-4f50-af4d-07b39ff59e47" />
    <UnitTestResult executionId="8f58107d-d8e9-4aed-b064-0aa66680b706" testId="8fbd6ce3-6704-4f80-9cfb-0e35809fde37" testName="GameBoy.Tests.AdvancedTimingTests.StoreHLI_Takes8Cycles" computerName="pkrvm7jw40e0xgp" duration="00:00:00.0004208" startTime="2025-09-08T21:55:52.5053611+00:00" endTime="2025-09-08T21:55:52.5053612+00:00" testType="13cdc9d9-ddb5-4fa4-a97d-d965ccfc6d4b" outcome="Passed" testListId="8c84fa94-04c1-424b-9868-57a2d4851a1d" relativeResultsDirectory="8f58107d-d8e9-4aed-b064-0aa66680b706" />
    <UnitTestResult executionId="4f24d5a1-c418-4acd-85fc-ae711608a7ae" testId="e54e7669-f3ee-5bb2-c6b1-4d81fbb802f8" testName="GameBoy.Tests.InterruptControllerTests.TryGetPending_SingleInterrupt_ReturnsCorrectType(ifValue: 1, ieValue: 1, expectedType: VBlank)" computerName="pkrvm7jw40e0xgp" duration="00:00:00.0000088" startTime="2025-09-08T21:55:52.4596192+00:00" endTime="2025-09-08T21:55:52.4596193+00:00" testType="13cdc9d9-ddb5-4fa4-a97d-d965ccfc6d4b" outcome="Passed" testListId="8c84fa94-04c1-424b-9868-57a2d4851a1d" relativeResultsDirectory="4f24d5a1-c418-4acd-85fc-ae711608a7ae" />
    <UnitTestResult executionId="81fa324d-59da-45c2-b8d3-1f9835325c0f" testId="532941a8-1169-c422-cea9-1f67cb7d0ec7" testName="GameBoy.Tests.Mbc3Tests.ExternalRam_NonRtcCartridge_RtcRegistersInaccessible" computerName="pkrvm7jw40e0xgp" duration="00:00:00.0004561" startTime="2025-09-08T21:55:52.4582362+00:00" endTime="2025-09-08T21:55:52.4582363+00:00" testType="13cdc9d9-ddb5-4fa4-a97d-d965ccfc6d4b" outcome="Passed" testListId="8c84fa94-04c1-424b-9868-57a2d4851a1d" relativeResultsDirectory="81fa324d-59da-45c2-b8d3-1f9835325c0f" />
    <UnitTestResult executionId="b111e81e-b5ca-4759-ba6c-7395089a6e0e" testId="a3b5f6c1-2f7d-48e3-64c7-8cfbc1595761" testName="GameBoy.Tests.Integration.MooneyeInterruptTests.Mooneye_InterruptTests_ExecuteSuccessfully(category: &quot;interrupts&quot;, romFile: &quot;reti_intr_timing.gb&quot;, description: &quot;RETI interrupt timing test&quot;)" computerName="pkrvm7jw40e0xgp" duration="00:00:00.0000124" startTime="2025-09-08T21:55:52.2985247+00:00" endTime="2025-09-08T21:55:52.2985248+00:00" testType="13cdc9d9-ddb5-4fa4-a97d-d965ccfc6d4b" outcome="Passed" testListId="8c84fa94-04c1-424b-9868-57a2d4851a1d" relativeResultsDirectory="b111e81e-b5ca-4759-ba6c-7395089a6e0e" />
    <UnitTestResult executionId="98f880f4-88e4-4113-b79f-fbc05d5eeae8" testId="0418c0ca-be89-efe9-cf33-636433afc0f8" testName="GameBoy.Tests.CartridgeHeaderTests.RamSize_CalculatesCorrectSizeForStandardCodes(code: 1, expectedSize: 2048)" computerName="pkrvm7jw40e0xgp" duration="00:00:00.0084869" startTime="2025-09-08T21:55:52.5356345+00:00" endTime="2025-09-08T21:55:52.5356346+00:00" testType="13cdc9d9-ddb5-4fa4-a97d-d965ccfc6d4b" outcome="Passed" testListId="8c84fa94-04c1-424b-9868-57a2d4851a1d" relativeResultsDirectory="98f880f4-88e4-4113-b79f-fbc05d5eeae8" />
    <UnitTestResult executionId="12fce50d-41e2-4393-81fa-8f52c92bb84c" testId="624f3f03-60e8-0e8c-3df1-81edba66e31d" testName="GameBoy.Tests.AdvancedTimingTests.LoadHighMemoryImmediate_Takes12Cycles" computerName="pkrvm7jw40e0xgp" duration="00:00:00.0001742" startTime="2025-09-08T21:55:52.5115111+00:00" endTime="2025-09-08T21:55:52.5115111+00:00" testType="13cdc9d9-ddb5-4fa4-a97d-d965ccfc6d4b" outcome="Passed" testListId="8c84fa94-04c1-424b-9868-57a2d4851a1d" relativeResultsDirectory="12fce50d-41e2-4393-81fa-8f52c92bb84c" />
    <UnitTestResult executionId="2f3723df-a136-4110-9f03-0328c0cc3b9e" testId="f506546c-55c3-226b-f092-bf46c3b0e995" testName="GameBoy.Tests.Mbc1Tests.BatteryInterface_NoBatteryCartridge_ReturnsNull" computerName="pkrvm7jw40e0xgp" duration="00:00:00.0001370" startTime="2025-09-08T21:55:52.3709067+00:00" endTime="2025-09-08T21:55:52.3709068+00:00" testType="13cdc9d9-ddb5-4fa4-a97d-d965ccfc6d4b" outcome="Passed" testListId="8c84fa94-04c1-424b-9868-57a2d4851a1d" relativeResultsDirectory="2f3723df-a136-4110-9f03-0328c0cc3b9e" />
    <UnitTestResult executionId="7ac4dc1c-4d47-4f32-ae73-f9fcee2dbcc1" testId="abf8d7ba-f706-2765-abe8-1f16390792ce" testName="GameBoy.Tests.Mbc5Tests.BatteryInterface_MaxRamSize_HandledCorrectly" computerName="pkrvm7jw40e0xgp" duration="00:00:00.0075479" startTime="2025-09-08T21:55:52.5682053+00:00" endTime="2025-09-08T21:55:52.5682053+00:00" testType="13cdc9d9-ddb5-4fa4-a97d-d965ccfc6d4b" outcome="Passed" testListId="8c84fa94-04c1-424b-9868-57a2d4851a1d" relativeResultsDirectory="7ac4dc1c-4d47-4f32-ae73-f9fcee2dbcc1" />
    <UnitTestResult executionId="bfc2d601-7317-4875-89bc-39a78672d032" testId="45377538-c3a4-7224-d22b-0b62bbd179b2" testName="GameBoy.Tests.AdvancedTimingTests.LoadHighMemoryC_Takes8Cycles" computerName="pkrvm7jw40e0xgp" duration="00:00:00.0001711" startTime="2025-09-08T21:55:52.5052009+00:00" endTime="2025-09-08T21:55:52.5052010+00:00" testType="13cdc9d9-ddb5-4fa4-a97d-d965ccfc6d4b" outcome="Passed" testListId="8c84fa94-04c1-424b-9868-57a2d4851a1d" relativeResultsDirectory="bfc2d601-7317-4875-89bc-39a78672d032" />
    <UnitTestResult executionId="849909dd-c826-40b9-a4d5-4fbaf5d2b639" testId="17117808-92f4-a49f-104a-27c2dae91b62" testName="GameBoy.Tests.Mbc3Tests.RtcLatch_ExtremeValues_HandledGracefully" computerName="pkrvm7jw40e0xgp" duration="00:00:00.0002474" startTime="2025-09-08T21:55:52.5065678+00:00" endTime="2025-09-08T21:55:52.5065678+00:00" testType="13cdc9d9-ddb5-4fa4-a97d-d965ccfc6d4b" outcome="Passed" testListId="8c84fa94-04c1-424b-9868-57a2d4851a1d" relativeResultsDirectory="849909dd-c826-40b9-a4d5-4fbaf5d2b639" />
    <UnitTestResult executionId="859bcf43-a1cb-437a-ac46-f28a79accff6" testId="3b99c33c-b8ac-a228-4beb-830e9e783e7b" testName="GameBoy.Tests.Mbc3Tests.WriteRom_Bank7BitLimit_OnlyLower7BitsUsed" computerName="pkrvm7jw40e0xgp" duration="00:00:00.0205655" startTime="2025-09-08T21:55:52.5209818+00:00" endTime="2025-09-08T21:55:52.5209819+00:00" testType="13cdc9d9-ddb5-4fa4-a97d-d965ccfc6d4b" outcome="Passed" testListId="8c84fa94-04c1-424b-9868-57a2d4851a1d" relativeResultsDirectory="859bcf43-a1cb-437a-ac46-f28a79accff6" />
    <UnitTestResult executionId="bdf2b093-248a-4d8f-80d1-328d2371d7fe" testId="cda37a24-d1a0-2ac1-31d5-65a6e9149c6e" testName="GameBoy.Tests.SpriteTests.UseObp1_ReturnsCorrectValue(attributes: 239, expected: False)" computerName="pkrvm7jw40e0xgp" duration="00:00:00.0055779" startTime="2025-09-08T21:55:52.3287223+00:00" endTime="2025-09-08T21:55:52.3287224+00:00" testType="13cdc9d9-ddb5-4fa4-a97d-d965ccfc6d4b" outcome="Passed" testListId="8c84fa94-04c1-424b-9868-57a2d4851a1d" relativeResultsDirectory="bdf2b093-248a-4d8f-80d1-328d2371d7fe" />
    <UnitTestResult executionId="3d9132dd-7318-4547-bf70-21d678a55076" testId="e9df3388-e1a8-41d3-8b6a-52e975275237" testName="GameBoy.Tests.CpuMmuIntegrationTests.HLD_Addressing_WorksAcrossMemoryRegions" computerName="pkrvm7jw40e0xgp" duration="00:00:00.0004358" startTime="2025-09-08T21:55:52.3910951+00:00" endTime="2025-09-08T21:55:52.3910951+00:00" testType="13cdc9d9-ddb5-4fa4-a97d-d965ccfc6d4b" outcome="Passed" testListId="8c84fa94-04c1-424b-9868-57a2d4851a1d" relativeResultsDirectory="3d9132dd-7318-4547-bf70-21d678a55076" />
    <UnitTestResult executionId="7d0deebf-da36-433d-9903-48585f9d7c10" testId="d9602e59-b78b-59fb-0ce2-40e1df8134c9" testName="GameBoy.Tests.AluTests.And_BasicOperation_CorrectResult" computerName="pkrvm7jw40e0xgp" duration="00:00:00.0001436" startTime="2025-09-08T21:55:52.5492522+00:00" endTime="2025-09-08T21:55:52.5492522+00:00" testType="13cdc9d9-ddb5-4fa4-a97d-d965ccfc6d4b" outcome="Passed" testListId="8c84fa94-04c1-424b-9868-57a2d4851a1d" relativeResultsDirectory="7d0deebf-da36-433d-9903-48585f9d7c10" />
    <UnitTestResult executionId="373e78d3-8db3-455d-9e34-5a424dbb514a" testId="abf5b990-66db-cfaf-8ea2-01e77396335c" testName="GameBoy.Tests.LcdcTests.ObjEnable_ReturnsCorrectValue(value: 2, expected: True)" computerName="pkrvm7jw40e0xgp" duration="00:00:00.0001261" startTime="2025-09-08T21:55:52.4178503+00:00" endTime="2025-09-08T21:55:52.4178504+00:00" testType="13cdc9d9-ddb5-4fa4-a97d-d965ccfc6d4b" outcome="Passed" testListId="8c84fa94-04c1-424b-9868-57a2d4851a1d" relativeResultsDirectory="373e78d3-8db3-455d-9e34-5a424dbb514a" />
    <UnitTestResult executionId="464cb9d6-6a17-435e-bb41-c9e955c79c17" testId="c49e2d00-a0d3-4c30-1fc8-7297b872142a" testName="GameBoy.Tests.MmuTests.Unstubbed_IORegisters_WritesIgnored" computerName="pkrvm7jw40e0xgp" duration="00:00:00.0001506" startTime="2025-09-08T21:55:52.3814862+00:00" endTime="2025-09-08T21:55:52.3814863+00:00" testType="13cdc9d9-ddb5-4fa4-a97d-d965ccfc6d4b" outcome="Passed" testListId="8c84fa94-04c1-424b-9868-57a2d4851a1d" relativeResultsDirectory="464cb9d6-6a17-435e-bb41-c9e955c79c17" />
    <UnitTestResult executionId="e41f09b0-eaed-4777-b6b3-6ae6156c43ff" testId="5e0a1810-3686-4419-563c-4f347d240b08" testName="GameBoy.Tests.PaletteTests.MapColor_ReturnsCorrectMappedValue(paletteValue: 228, colorIndex: 0, expectedMapped: 0)" computerName="pkrvm7jw40e0xgp" duration="00:00:00.0002821" startTime="2025-09-08T21:55:52.5375281+00:00" endTime="2025-09-08T21:55:52.5375282+00:00" testType="13cdc9d9-ddb5-4fa4-a97d-d965ccfc6d4b" outcome="Passed" testListId="8c84fa94-04c1-424b-9868-57a2d4851a1d" relativeResultsDirectory="e41f09b0-eaed-4777-b6b3-6ae6156c43ff" />
    <UnitTestResult executionId="f539ede6-0662-433d-b2cd-8442ed9a23cd" testId="c7205d2e-bee4-c7fc-bdce-c76e8599dc82" testName="GameBoy.Tests.LcdcTests.BgWindowEnable_ReturnsCorrectValue(value: 254, expected: False)" computerName="pkrvm7jw40e0xgp" duration="00:00:00.0001959" startTime="2025-09-08T21:55:52.4081776+00:00" endTime="2025-09-08T21:55:52.4081777+00:00" testType="13cdc9d9-ddb5-4fa4-a97d-d965ccfc6d4b" outcome="Passed" testListId="8c84fa94-04c1-424b-9868-57a2d4851a1d" relativeResultsDirectory="f539ede6-0662-433d-b2cd-8442ed9a23cd" />
    <UnitTestResult executionId="023588e9-ebe1-456e-92ad-0890f697a5dd" testId="1df6f4f8-c7bd-4196-9d3e-14d1993988ee" testName="GameBoy.Tests.TimerTests.Constructor_WithValidInterruptController_Initializes" computerName="pkrvm7jw40e0xgp" duration="00:00:00.0003512" startTime="2025-09-08T21:55:52.3133589+00:00" endTime="2025-09-08T21:55:52.3133590+00:00" testType="13cdc9d9-ddb5-4fa4-a97d-d965ccfc6d4b" outcome="Passed" testListId="8c84fa94-04c1-424b-9868-57a2d4851a1d" relativeResultsDirectory="023588e9-ebe1-456e-92ad-0890f697a5dd" />
    <UnitTestResult executionId="4d96eb88-2676-46ea-91d4-c8b7d29cd93e" testId="f00a7902-4f73-29ad-afd2-cbb228a93755" testName="GameBoy.Tests.SpriteTests.GetBottomTileIndex_ReturnsOddIndex(tileIndex: 4, expected: 5)" computerName="pkrvm7jw40e0xgp" duration="00:00:00.0001816" startTime="2025-09-08T21:55:52.3570080+00:00" endTime="2025-09-08T21:55:52.3570081+00:00" testType="13cdc9d9-ddb5-4fa4-a97d-d965ccfc6d4b" outcome="Passed" testListId="8c84fa94-04c1-424b-9868-57a2d4851a1d" relativeResultsDirectory="4d96eb88-2676-46ea-91d4-c8b7d29cd93e" />
    <UnitTestResult executionId="5d091f84-d429-424b-83a2-c6c244e470c5" testId="1ecaf514-8cf2-6903-aa03-cbaa2bca845b" testName="GameBoy.Tests.CpuAddressingTests.GetR16_ReturnsCorrectRegisterPairValues" computerName="pkrvm7jw40e0xgp" duration="00:00:00.0082375" startTime="2025-09-08T21:55:52.5335741+00:00" endTime="2025-09-08T21:55:52.5335742+00:00" testType="13cdc9d9-ddb5-4fa4-a97d-d965ccfc6d4b" outcome="Passed" testListId="8c84fa94-04c1-424b-9868-57a2d4851a1d" relativeResultsDirectory="5d091f84-d429-424b-83a2-c6c244e470c5" />
    <UnitTestResult executionId="11f98afb-b354-4e36-8079-fe61699f9956" testId="4b5083c8-1e6c-e8fd-97d7-527918d71c5d" testName="GameBoy.Tests.LcdcTests.BgTileMapBase_ReturnsCorrectAddress(value: 8, expected: 39936)" computerName="pkrvm7jw40e0xgp" duration="00:00:00.0003021" startTime="2025-09-08T21:55:52.4229902+00:00" endTime="2025-09-08T21:55:52.4229902+00:00" testType="13cdc9d9-ddb5-4fa4-a97d-d965ccfc6d4b" outcome="Passed" testListId="8c84fa94-04c1-424b-9868-57a2d4851a1d" relativeResultsDirectory="11f98afb-b354-4e36-8079-fe61699f9956" />
    <UnitTestResult executionId="d8f0010a-be46-44fc-b515-e3188c6f04d7" testId="59aecfd1-1da5-d3e6-bdb4-a614d851740e" testName="GameBoy.Tests.DmaTests.DMA_Timing_CompletesAfter640Cycles" computerName="pkrvm7jw40e0xgp" duration="00:00:00.0002706" startTime="2025-09-08T21:55:52.4282604+00:00" endTime="2025-09-08T21:55:52.4282604+00:00" testType="13cdc9d9-ddb5-4fa4-a97d-d965ccfc6d4b" outcome="Passed" testListId="8c84fa94-04c1-424b-9868-57a2d4851a1d" relativeResultsDirectory="d8f0010a-be46-44fc-b515-e3188c6f04d7" />
    <UnitTestResult executionId="7fcf578a-fbba-49d6-b199-f77716dd153f" testId="dee1a08d-717f-5ed0-9c24-c68ec1232ae1" testName="GameBoy.Tests.SpriteTests.FlipY_ReturnsCorrectValue(attributes: 64, expected: True)" computerName="pkrvm7jw40e0xgp" duration="00:00:00.0000099" startTime="2025-09-08T21:55:52.3302988+00:00" endTime="2025-09-08T21:55:52.3302989+00:00" testType="13cdc9d9-ddb5-4fa4-a97d-d965ccfc6d4b" outcome="Passed" testListId="8c84fa94-04c1-424b-9868-57a2d4851a1d" relativeResultsDirectory="7fcf578a-fbba-49d6-b199-f77716dd153f" />
    <UnitTestResult executionId="4b33b69b-e25a-483a-a65e-35ffb6fb342e" testId="925ace13-a21f-4713-d4c7-21a444f757ef" testName="GameBoy.Tests.MmuTests.WriteWord_LittleEndian" computerName="pkrvm7jw40e0xgp" duration="00:00:00.0001916" startTime="2025-09-08T21:55:52.3698616+00:00" endTime="2025-09-08T21:55:52.3698617+00:00" testType="13cdc9d9-ddb5-4fa4-a97d-d965ccfc6d4b" outcome="Passed" testListId="8c84fa94-04c1-424b-9868-57a2d4851a1d" relativeResultsDirectory="4b33b69b-e25a-483a-a65e-35ffb6fb342e" />
    <UnitTestResult executionId="578783cc-8e13-44dd-9f49-e0a0e3903450" testId="512023fe-f70e-d90d-5d4d-6648bf91def5" testName="GameBoy.Tests.SpriteTests.Constructor_WithOamDataAndOffset_ParsesCorrectly" computerName="pkrvm7jw40e0xgp" duration="00:00:00.0002125" startTime="2025-09-08T21:55:52.3576052+00:00" endTime="2025-09-08T21:55:52.3576053+00:00" testType="13cdc9d9-ddb5-4fa4-a97d-d965ccfc6d4b" outcome="Passed" testListId="8c84fa94-04c1-424b-9868-57a2d4851a1d" relativeResultsDirectory="578783cc-8e13-44dd-9f49-e0a0e3903450" />
    <UnitTestResult executionId="22849699-d6b8-4b72-b3d0-54773c2ea61f" testId="adf23f40-2859-f79c-dec4-a4f9a98c1f87" testName="GameBoy.Tests.EmulatorMbcIntegrationTests.Emulator_LoadRom_Mbc1WithBattery_HasBatteryRam" computerName="pkrvm7jw40e0xgp" duration="00:00:00.0042147" startTime="2025-09-08T21:55:52.3157838+00:00" endTime="2025-09-08T21:55:52.3157838+00:00" testType="13cdc9d9-ddb5-4fa4-a97d-d965ccfc6d4b" outcome="Passed" testListId="8c84fa94-04c1-424b-9868-57a2d4851a1d" relativeResultsDirectory="22849699-d6b8-4b72-b3d0-54773c2ea61f" />
    <UnitTestResult executionId="87f34d05-abb3-4ac0-bb35-837b4b24e909" testId="9eca94b8-e39f-4c3b-e39a-9ff33450cb46" testName="GameBoy.Tests.Mbc5Tests.ExternalRam_4BitRamBanking_WorksCorrectly" computerName="pkrvm7jw40e0xgp" duration="00:00:00.0006514" startTime="2025-09-08T21:55:52.5135617+00:00" endTime="2025-09-08T21:55:52.5135618+00:00" testType="13cdc9d9-ddb5-4fa4-a97d-d965ccfc6d4b" outcome="Passed" testListId="8c84fa94-04c1-424b-9868-57a2d4851a1d" relativeResultsDirectory="87f34d05-abb3-4ac0-bb35-837b4b24e909" />
    <UnitTestResult executionId="405e7c83-ae10-46fb-961a-12d14a6651b1" testId="693b087f-6635-45fa-1763-ca3dcb3bc156" testName="GameBoy.Tests.CpuAddressingTests.WriteHLI_WritesToHLAddressThenIncrementsHL" computerName="pkrvm7jw40e0xgp" duration="00:00:00.0003124" startTime="2025-09-08T21:55:52.5290655+00:00" endTime="2025-09-08T21:55:52.5290655+00:00" testType="13cdc9d9-ddb5-4fa4-a97d-d965ccfc6d4b" outcome="Passed" testListId="8c84fa94-04c1-424b-9868-57a2d4851a1d" relativeResultsDirectory="405e7c83-ae10-46fb-961a-12d14a6651b1" />
    <UnitTestResult executionId="3c1c0f17-6046-4339-b5df-663a1f26f96a" testId="3e5ac255-46bf-39ae-0f3b-f93cc669d76e" testName="GameBoy.Tests.CycleAccuracyValidationTests.UnknownPrimaryOpcode_Returns4Cycles" computerName="pkrvm7jw40e0xgp" duration="00:00:00.0001778" startTime="2025-09-08T21:55:52.5205900+00:00" endTime="2025-09-08T21:55:52.5205901+00:00" testType="13cdc9d9-ddb5-4fa4-a97d-d965ccfc6d4b" outcome="Passed" testListId="8c84fa94-04c1-424b-9868-57a2d4851a1d" relativeResultsDirectory="3c1c0f17-6046-4339-b5df-663a1f26f96a" />
    <UnitTestResult executionId="c2d673c2-825c-42b6-9246-697e4f685d63" testId="f160fd19-b7b2-9e51-f892-3fdf8189a922" testName="GameBoy.Tests.CartridgeHeaderTests.Title_MaxLength16Characters_TruncatesCorrectly" computerName="pkrvm7jw40e0xgp" duration="00:00:00.0001710" startTime="2025-09-08T21:55:52.5436656+00:00" endTime="2025-09-08T21:55:52.5436656+00:00" testType="13cdc9d9-ddb5-4fa4-a97d-d965ccfc6d4b" outcome="Passed" testListId="8c84fa94-04c1-424b-9868-57a2d4851a1d" relativeResultsDirectory="c2d673c2-825c-42b6-9246-697e4f685d63" />
    <UnitTestResult executionId="9f552029-5e84-4e68-b48b-e5a99baf4b56" testId="8133ad88-7194-8074-172d-6f2ee56b3566" testName="GameBoy.Tests.Integration.BlarggInterruptTests.BlarggInterrupt_DirectoryStructure_IsValid" computerName="pkrvm7jw40e0xgp" duration="00:00:00.0002542" startTime="2025-09-08T21:55:52.4460754+00:00" endTime="2025-09-08T21:55:52.4460755+00:00" testType="13cdc9d9-ddb5-4fa4-a97d-d965ccfc6d4b" outcome="Passed" testListId="8c84fa94-04c1-424b-9868-57a2d4851a1d" relativeResultsDirectory="9f552029-5e84-4e68-b48b-e5a99baf4b56" />
    <UnitTestResult executionId="5e9eaeeb-8e86-47b8-aa35-7ac0a150956c" testId="fefc65d3-c57b-487e-1059-ac14f369d16a" testName="GameBoy.Tests.Integration.CpuInstructionTests.LD_r_d8_LoadsImmediateValue(opcode: 46)" computerName="pkrvm7jw40e0xgp" duration="00:00:00.0001104" startTime="2025-09-08T21:55:52.4530934+00:00" endTime="2025-09-08T21:55:52.4530935+00:00" testType="13cdc9d9-ddb5-4fa4-a97d-d965ccfc6d4b" outcome="Passed" testListId="8c84fa94-04c1-424b-9868-57a2d4851a1d" relativeResultsDirectory="5e9eaeeb-8e86-47b8-aa35-7ac0a150956c" />
    <UnitTestResult executionId="674c13de-7f4b-4540-bf3e-ef30b8fdf221" testId="b716752e-f4c7-b6d5-d8ee-eb75af36b936" testName="GameBoy.Tests.SpriteTests.Constructor_WithOamData_ParsesCorrectly" computerName="pkrvm7jw40e0xgp" duration="00:00:00.0006241" startTime="2025-09-08T21:55:52.3248380+00:00" endTime="2025-09-08T21:55:52.3248381+00:00" testType="13cdc9d9-ddb5-4fa4-a97d-d965ccfc6d4b" outcome="Passed" testListId="8c84fa94-04c1-424b-9868-57a2d4851a1d" relativeResultsDirectory="674c13de-7f4b-4540-bf3e-ef30b8fdf221" />
    <UnitTestResult executionId="c27f5b2f-0a75-4b39-8b93-d42373302c55" testId="aaa58180-dc72-4aec-a8b9-7dd03540f4ab" testName="GameBoy.Tests.SpriteTests.IsVisibleHorizontally_ReturnsCorrectValue(x: 8, expected: True)" computerName="pkrvm7jw40e0xgp" duration="00:00:00.0000030" startTime="2025-09-08T21:55:52.3269939+00:00" endTime="2025-09-08T21:55:52.3269940+00:00" testType="13cdc9d9-ddb5-4fa4-a97d-d965ccfc6d4b" outcome="Passed" testListId="8c84fa94-04c1-424b-9868-57a2d4851a1d" relativeResultsDirectory="c27f5b2f-0a75-4b39-8b93-d42373302c55" />
    <UnitTestResult executionId="37db6bbe-aedb-4261-96c4-a1cd8541dc63" testId="ea2d4f52-c982-9232-6a9e-fa9d16fc8b66" testName="GameBoy.Tests.Integration.CpuInstructionTests.NOP_DoesNothing" computerName="pkrvm7jw40e0xgp" duration="00:00:00.0003568" startTime="2025-09-08T21:55:52.4492650+00:00" endTime="2025-09-08T21:55:52.4492651+00:00" testType="13cdc9d9-ddb5-4fa4-a97d-d965ccfc6d4b" outcome="Passed" testListId="8c84fa94-04c1-424b-9868-57a2d4851a1d" relativeResultsDirectory="37db6bbe-aedb-4261-96c4-a1cd8541dc63" />
    <UnitTestResult executionId="83e654a9-79be-497b-b631-587d70cbb407" testId="28db4176-41f2-c555-66ff-1ed541045f7b" testName="GameBoy.Tests.AdvancedTimingTests.LoadAbsoluteA_Takes16Cycles" computerName="pkrvm7jw40e0xgp" duration="00:00:00.0003199" startTime="2025-09-08T21:55:52.5055249+00:00" endTime="2025-09-08T21:55:52.5055249+00:00" testType="13cdc9d9-ddb5-4fa4-a97d-d965ccfc6d4b" outcome="Passed" testListId="8c84fa94-04c1-424b-9868-57a2d4851a1d" relativeResultsDirectory="83e654a9-79be-497b-b631-587d70cbb407" />
    <UnitTestResult executionId="1c9e63b9-3d06-4e50-87c3-f4f867b985b0" testId="9254af5a-af8d-f19f-0feb-43b5eb588fad" testName="GameBoy.Tests.CartridgeMmuIntegrationTests.Mmu_ExternalRam_Mbc5Banking" computerName="pkrvm7jw40e0xgp" duration="00:00:00.0003803" startTime="2025-09-08T21:55:52.4990366+00:00" endTime="2025-09-08T21:55:52.4990367+00:00" testType="13cdc9d9-ddb5-4fa4-a97d-d965ccfc6d4b" outcome="Passed" testListId="8c84fa94-04c1-424b-9868-57a2d4851a1d" relativeResultsDirectory="1c9e63b9-3d06-4e50-87c3-f4f867b985b0" />
    <UnitTestResult executionId="8bf71d98-70a3-46ad-97e1-6548c2fa58cc" testId="9b024337-099c-8a12-a271-9dc2339fbdc6" testName="GameBoy.Tests.InstructionTimingTests.RelativeJumpTaken_Takes12Cycles" computerName="pkrvm7jw40e0xgp" duration="00:00:00.0002274" startTime="2025-09-08T21:55:52.4573553+00:00" endTime="2025-09-08T21:55:52.4573554+00:00" testType="13cdc9d9-ddb5-4fa4-a97d-d965ccfc6d4b" outcome="Passed" testListId="8c84fa94-04c1-424b-9868-57a2d4851a1d" relativeResultsDirectory="8bf71d98-70a3-46ad-97e1-6548c2fa58cc" />
    <UnitTestResult executionId="e0cec873-f03f-46ea-aba8-a47344617a44" testId="7f8d65ba-b2cf-6180-80ed-27adeeaa5747" testName="GameBoy.Tests.InterruptServiceRoutineTests.IME_DelayComplexScenario_EI_DI_Sequence" computerName="pkrvm7jw40e0xgp" duration="00:00:00.0002538" startTime="2025-09-08T21:55:52.4572848+00:00" endTime="2025-09-08T21:55:52.4572849+00:00" testType="13cdc9d9-ddb5-4fa4-a97d-d965ccfc6d4b" outcome="Passed" testListId="8c84fa94-04c1-424b-9868-57a2d4851a1d" relativeResultsDirectory="e0cec873-f03f-46ea-aba8-a47344617a44" />
    <UnitTestResult executionId="b081a5f7-5b40-415e-995f-313d38b09ecc" testId="cd72fd40-3c25-0508-1dbc-43cd674b13bb" testName="GameBoy.Tests.Mbc5Tests.BatteryInterface_NoBatteryCartridge_ReturnsNull" computerName="pkrvm7jw40e0xgp" duration="00:00:00.0003330" startTime="2025-09-08T21:55:52.5482037+00:00" endTime="2025-09-08T21:55:52.5482037+00:00" testType="13cdc9d9-ddb5-4fa4-a97d-d965ccfc6d4b" outcome="Passed" testListId="8c84fa94-04c1-424b-9868-57a2d4851a1d" relativeResultsDirectory="b081a5f7-5b40-415e-995f-313d38b09ecc" />
    <UnitTestResult executionId="1da565fa-c903-4d45-90ff-f9fe6d376439" testId="d345d1bd-f78e-8ab1-56d8-a66e5b9e192c" testName="GameBoy.Tests.MmuTests.UnusableRegion_ReadsReturn0xFF" computerName="pkrvm7jw40e0xgp" duration="00:00:00.0001639" startTime="2025-09-08T21:55:52.3898497+00:00" endTime="2025-09-08T21:55:52.3898498+00:00" testType="13cdc9d9-ddb5-4fa4-a97d-d965ccfc6d4b" outcome="Passed" testListId="8c84fa94-04c1-424b-9868-57a2d4851a1d" relativeResultsDirectory="1da565fa-c903-4d45-90ff-f9fe6d376439" />
    <UnitTestResult executionId="022b28fd-09fc-4b66-b304-7ef20fd82c97" testId="5d0681c7-3e5a-5897-1e98-fc50e07cb646" testName="GameBoy.Tests.IoRegionWiringTests.StubbedIoRegisters_PreserveBehavior" computerName="pkrvm7jw40e0xgp" duration="00:00:00.0005359" startTime="2025-09-08T21:55:52.5332513+00:00" endTime="2025-09-08T21:55:52.5332514+00:00" testType="13cdc9d9-ddb5-4fa4-a97d-d965ccfc6d4b" outcome="Passed" testListId="8c84fa94-04c1-424b-9868-57a2d4851a1d" relativeResultsDirectory="022b28fd-09fc-4b66-b304-7ef20fd82c97" />
    <UnitTestResult executionId="a462153b-1c54-4606-aaf0-648ed794a0b1" testId="10aa587c-5333-e9b4-a55a-fd9c348606f3" testName="GameBoy.Tests.Integration.CpuInstructionTests.LDH_A_a8_LoadsFromHighMemory" computerName="pkrvm7jw40e0xgp" duration="00:00:00.0003220" startTime="2025-09-08T21:55:52.4531724+00:00" endTime="2025-09-08T21:55:52.4531724+00:00" testType="13cdc9d9-ddb5-4fa4-a97d-d965ccfc6d4b" outcome="Passed" testListId="8c84fa94-04c1-424b-9868-57a2d4851a1d" relativeResultsDirectory="a462153b-1c54-4606-aaf0-648ed794a0b1" />
    <UnitTestResult executionId="3ff23391-c11f-468d-b03a-87776c6c2c80" testId="aa9051ec-8055-9c3c-2294-6a6a02e3681b" testName="GameBoy.Tests.LcdcTests.SpriteHeight_ReturnsCorrectValue(value: 4, expected: 16)" computerName="pkrvm7jw40e0xgp" duration="00:00:00.0002699" startTime="2025-09-08T21:55:52.4159167+00:00" endTime="2025-09-08T21:55:52.4159168+00:00" testType="13cdc9d9-ddb5-4fa4-a97d-d965ccfc6d4b" outcome="Passed" testListId="8c84fa94-04c1-424b-9868-57a2d4851a1d" relativeResultsDirectory="3ff23391-c11f-468d-b03a-87776c6c2c80" />
    <UnitTestResult executionId="41f2b88c-08b6-4375-8f57-f80e2bda1e29" testId="44a29409-c73c-0aa9-11c1-928deddc20b2" testName="GameBoy.Tests.Integration.BlarggIntegrationTests.CpuInstrs_IndividualTests_ExecuteSuccessfully(romFile: &quot;10-bit ops.gb&quot;, description: &quot;Bit operation instruction test&quot;)" computerName="pkrvm7jw40e0xgp" duration="00:00:00.0000157" startTime="2025-09-08T21:55:52.3921947+00:00" endTime="2025-09-08T21:55:52.3921947+00:00" testType="13cdc9d9-ddb5-4fa4-a97d-d965ccfc6d4b" outcome="Passed" testListId="8c84fa94-04c1-424b-9868-57a2d4851a1d" relativeResultsDirectory="41f2b88c-08b6-4375-8f57-f80e2bda1e29" />
    <UnitTestResult executionId="c4991757-8659-4c9e-8738-84b84f4244fb" testId="8e06f03c-3364-fcdc-4243-0571ff5c543d" testName="GameBoy.Tests.SpriteTests.IsVisibleOnScanline_ReturnsCorrectValue(y: 80, scanline: 68, spriteHeight: 8, expected: True)" computerName="pkrvm7jw40e0xgp" duration="00:00:00.0000074" startTime="2025-09-08T21:55:52.3449670+00:00" endTime="2025-09-08T21:55:52.3449671+00:00" testType="13cdc9d9-ddb5-4fa4-a97d-d965ccfc6d4b" outcome="Passed" testListId="8c84fa94-04c1-424b-9868-57a2d4851a1d" relativeResultsDirectory="c4991757-8659-4c9e-8738-84b84f4244fb" />
    <UnitTestResult executionId="713c329c-2df0-4a6d-b0e1-3e99a78005a4" testId="4d528ee0-dbe1-ded6-1a29-cd26c37e4512" testName="GameBoy.Tests.InstructionDecodingTests.Instruction_Properties_AreValid" computerName="pkrvm7jw40e0xgp" duration="00:00:00.0012866" startTime="2025-09-08T21:55:52.5001751+00:00" endTime="2025-09-08T21:55:52.5001752+00:00" testType="13cdc9d9-ddb5-4fa4-a97d-d965ccfc6d4b" outcome="Passed" testListId="8c84fa94-04c1-424b-9868-57a2d4851a1d" relativeResultsDirectory="713c329c-2df0-4a6d-b0e1-3e99a78005a4" />
    <UnitTestResult executionId="ef185070-7ef0-46fd-a0ef-3a19832baf51" testId="62a8df81-eb0e-4ba0-2cc2-7f26d95f0c42" testName="GameBoy.Tests.InstructionDecodingTests.SpecificInstructions_HaveCorrectMetadata(opcode: 0, expectedMnemonic: &quot;NOP&quot;, expectedLength: 1, expectedCycles: 4, expectedOperandType: None)" computerName="pkrvm7jw40e0xgp" duration="00:00:00.0000105" startTime="2025-09-08T21:55:52.4767216+00:00" endTime="2025-09-08T21:55:52.4767217+00:00" testType="13cdc9d9-ddb5-4fa4-a97d-d965ccfc6d4b" outcome="Passed" testListId="8c84fa94-04c1-424b-9868-57a2d4851a1d" relativeResultsDirectory="ef185070-7ef0-46fd-a0ef-3a19832baf51" />
    <UnitTestResult executionId="c8c4dea5-f9d2-4a4d-a16c-3b95690355d0" testId="ce4c3f67-03df-f1e7-4c97-b130cbc4cb00" testName="GameBoy.Tests.Mbc5Tests.ReadRom_BankX_ReadsFromSwitchableBank" computerName="pkrvm7jw40e0xgp" duration="00:00:00.0034809" startTime="2025-09-08T21:55:52.5216672+00:00" endTime="2025-09-08T21:55:52.5216672+00:00" testType="13cdc9d9-ddb5-4fa4-a97d-d965ccfc6d4b" outcome="Passed" testListId="8c84fa94-04c1-424b-9868-57a2d4851a1d" relativeResultsDirectory="c8c4dea5-f9d2-4a4d-a16c-3b95690355d0" />
    <UnitTestResult executionId="46b93e3d-927b-4394-8a36-64a70afa1539" testId="579e900f-40ba-f163-1787-b9456a43a29b" testName="GameBoy.Tests.TimerTests.ResetDivider_ResetsInternalCounter" computerName="pkrvm7jw40e0xgp" duration="00:00:00.0002668" startTime="2025-09-08T21:55:52.3144963+00:00" endTime="2025-09-08T21:55:52.3144964+00:00" testType="13cdc9d9-ddb5-4fa4-a97d-d965ccfc6d4b" outcome="Passed" testListId="8c84fa94-04c1-424b-9868-57a2d4851a1d" relativeResultsDirectory="46b93e3d-927b-4394-8a36-64a70afa1539" />
    <UnitTestResult executionId="328daa0b-496a-4a4d-a2ec-30ef78d0903a" testId="c89d49e1-2b6a-7602-ddab-9ef30f2c78fa" testName="GameBoy.Tests.InstructionGroupTests.SCF_SetsCarryFlag" computerName="pkrvm7jw40e0xgp" duration="00:00:00.0003354" startTime="2025-09-08T21:55:52.3566946+00:00" endTime="2025-09-08T21:55:52.3566947+00:00" testType="13cdc9d9-ddb5-4fa4-a97d-d965ccfc6d4b" outcome="Passed" testListId="8c84fa94-04c1-424b-9868-57a2d4851a1d" relativeResultsDirectory="328daa0b-496a-4a4d-a2ec-30ef78d0903a" />
    <UnitTestResult executionId="7b295b58-9ca4-419a-8413-00589097af9f" testId="b8d07b20-a1b2-a1ab-8c1f-c35c7f402caf" testName="GameBoy.Tests.InterruptIntegrationTests.SubsystemInterrupts_OnlyTriggerUnderCorrectConditions" computerName="pkrvm7jw40e0xgp" duration="00:00:00.0002476" startTime="2025-09-08T21:55:52.3578862+00:00" endTime="2025-09-08T21:55:52.3578863+00:00" testType="13cdc9d9-ddb5-4fa4-a97d-d965ccfc6d4b" outcome="Passed" testListId="8c84fa94-04c1-424b-9868-57a2d4851a1d" relativeResultsDirectory="7b295b58-9ca4-419a-8413-00589097af9f" />
    <UnitTestResult executionId="d6d3cf5c-3380-477f-a13a-2908ff422c8e" testId="c5d5dca8-20f3-03e1-200f-cb046ece2686" testName="GameBoy.Tests.AluTests.And_AllBitsSet_CorrectFlags" computerName="pkrvm7jw40e0xgp" duration="00:00:00.0001466" startTime="2025-09-08T21:55:52.5465061+00:00" endTime="2025-09-08T21:55:52.5465061+00:00" testType="13cdc9d9-ddb5-4fa4-a97d-d965ccfc6d4b" outcome="Passed" testListId="8c84fa94-04c1-424b-9868-57a2d4851a1d" relativeResultsDirectory="d6d3cf5c-3380-477f-a13a-2908ff422c8e" />
    <UnitTestResult executionId="826a79b2-b21f-4a9e-8301-1f3f68544958" testId="2f1329a7-d73b-3ac2-d98e-41606f9c434c" testName="GameBoy.Tests.SpriteTests.ScreenY_ReturnsCorrectPosition(y: 0, expectedScreenY: -16)" computerName="pkrvm7jw40e0xgp" duration="00:00:00.0001637" startTime="2025-09-08T21:55:52.3303932+00:00" endTime="2025-09-08T21:55:52.3303932+00:00" testType="13cdc9d9-ddb5-4fa4-a97d-d965ccfc6d4b" outcome="Passed" testListId="8c84fa94-04c1-424b-9868-57a2d4851a1d" relativeResultsDirectory="826a79b2-b21f-4a9e-8301-1f3f68544958" />
    <UnitTestResult executionId="9d348206-9c35-46ff-afed-db99c118b8e5" testId="83ca2a4c-17e7-69af-1868-b75efa2e12fb" testName="GameBoy.Tests.InterruptServiceRoutineTests.EI_DelayWithDifferentInstructions" computerName="pkrvm7jw40e0xgp" duration="00:00:00.0008438" startTime="2025-09-08T21:55:52.4368607+00:00" endTime="2025-09-08T21:55:52.4368608+00:00" testType="13cdc9d9-ddb5-4fa4-a97d-d965ccfc6d4b" outcome="Passed" testListId="8c84fa94-04c1-424b-9868-57a2d4851a1d" relativeResultsDirectory="9d348206-9c35-46ff-afed-db99c118b8e5" />
    <UnitTestResult executionId="c5f23aa2-d086-467a-9318-d9ff6d11bfcf" testId="11c3bd15-157d-e471-8c85-9eb9f45d7cdf" testName="GameBoy.Tests.CpuTests.Ld_r_d8_LoadsImmediateByte" computerName="pkrvm7jw40e0xgp" duration="00:00:00.0003088" startTime="2025-09-08T21:55:52.4305355+00:00" endTime="2025-09-08T21:55:52.4305356+00:00" testType="13cdc9d9-ddb5-4fa4-a97d-d965ccfc6d4b" outcome="Passed" testListId="8c84fa94-04c1-424b-9868-57a2d4851a1d" relativeResultsDirectory="c5f23aa2-d086-467a-9318-d9ff6d11bfcf" />
    <UnitTestResult executionId="aa001326-e636-45bf-8b28-e1fcb2f67d42" testId="04a38b26-ef2b-8230-c08d-98b5e4043b5d" testName="GameBoy.Tests.Integration.BlarggIntegrationTests.CpuInstrs_IndividualTests_ExecuteSuccessfully(romFile: &quot;04-op r,imm.gb&quot;, description: &quot;OP r,imm instruction test&quot;)" computerName="pkrvm7jw40e0xgp" duration="00:00:00.0017539" startTime="2025-09-08T21:55:52.3919258+00:00" endTime="2025-09-08T21:55:52.3919259+00:00" testType="13cdc9d9-ddb5-4fa4-a97d-d965ccfc6d4b" outcome="Passed" testListId="8c84fa94-04c1-424b-9868-57a2d4851a1d" relativeResultsDirectory="aa001326-e636-45bf-8b28-e1fcb2f67d42" />
    <UnitTestResult executionId="7a3ea7b9-7b06-42d6-a7a1-f8f82225965d" testId="736a4bef-bdb1-78f2-ba0b-46d191f101ec" testName="GameBoy.Tests.InstructionDecodingTests.Primary_KnownOpcodes_AreNotNull" computerName="pkrvm7jw40e0xgp" duration="00:00:00.0143391" startTime="2025-09-08T21:55:52.5000924+00:00" endTime="2025-09-08T21:55:52.5000924+00:00" testType="13cdc9d9-ddb5-4fa4-a97d-d965ccfc6d4b" outcome="Passed" testListId="8c84fa94-04c1-424b-9868-57a2d4851a1d" relativeResultsDirectory="7a3ea7b9-7b06-42d6-a7a1-f8f82225965d" />
    <UnitTestResult executionId="e6b12f0b-8def-4195-9755-dee7796183cf" testId="60cd86f6-c96f-cd67-eeb2-5447e53486ea" testName="GameBoy.Tests.EmulatorMbcIntegrationTests.Emulator_LoadRom_AllUnsupportedMbcTypes_ThrowsNotSupportedException(cartridgeType: 253, expectedMbcName: &quot;TAMA5&quot;)" computerName="pkrvm7jw40e0xgp" duration="00:00:00.0001756" startTime="2025-09-08T21:55:52.3166553+00:00" endTime="2025-09-08T21:55:52.3166554+00:00" testType="13cdc9d9-ddb5-4fa4-a97d-d965ccfc6d4b" outcome="Passed" testListId="8c84fa94-04c1-424b-9868-57a2d4851a1d" relativeResultsDirectory="e6b12f0b-8def-4195-9755-dee7796183cf" />
    <UnitTestResult executionId="d7de7683-8768-43d1-ae72-6797bf84f1de" testId="8aa6262c-1a0a-7297-4cb3-7b87a326f292" testName="GameBoy.Tests.PaletteTests.GetRgbaColor_CombinesMappingAndConversion(paletteValue: 27, colorIndex: 3, expectedRgba: -6571249)" computerName="pkrvm7jw40e0xgp" duration="00:00:00.0000072" startTime="2025-09-08T21:55:52.5386353+00:00" endTime="2025-09-08T21:55:52.5386354+00:00" testType="13cdc9d9-ddb5-4fa4-a97d-d965ccfc6d4b" outcome="Passed" testListId="8c84fa94-04c1-424b-9868-57a2d4851a1d" relativeResultsDirectory="d7de7683-8768-43d1-ae72-6797bf84f1de" />
    <UnitTestResult executionId="0065c307-6971-4e4d-a99c-132770dedc90" testId="7ce549b8-fc8e-0d4c-1ce8-b89b76161e91" testName="GameBoy.Tests.InterruptControllerTests.Service_ClearsCorrectIFBit(interruptType: VBlank, bitMask: 1)" computerName="pkrvm7jw40e0xgp" duration="00:00:00.0000075" startTime="2025-09-08T21:55:52.4640542+00:00" endTime="2025-09-08T21:55:52.4640543+00:00" testType="13cdc9d9-ddb5-4fa4-a97d-d965ccfc6d4b" outcome="Passed" testListId="8c84fa94-04c1-424b-9868-57a2d4851a1d" relativeResultsDirectory="0065c307-6971-4e4d-a99c-132770dedc90" />
    <UnitTestResult executionId="cde761f8-bb39-4b99-8d50-963cce0ec4e9" testId="74132915-1155-a173-97ca-5489fb71d040" testName="GameBoy.Tests.AluTests.Subtract_Underflow_SetsCarryFlag" computerName="pkrvm7jw40e0xgp" duration="00:00:00.0001525" startTime="2025-09-08T21:55:52.5474249+00:00" endTime="2025-09-08T21:55:52.5474250+00:00" testType="13cdc9d9-ddb5-4fa4-a97d-d965ccfc6d4b" outcome="Passed" testListId="8c84fa94-04c1-424b-9868-57a2d4851a1d" relativeResultsDirectory="cde761f8-bb39-4b99-8d50-963cce0ec4e9" />
    <UnitTestResult executionId="2417a902-b5b2-4bec-9a03-56f537de95f9" testId="764ee583-306b-f915-490f-c76a102eeb43" testName="GameBoy.Tests.CartridgeTests.Detect_HuC3_ThrowsNotSupportedException" computerName="pkrvm7jw40e0xgp" duration="00:00:00.0004163" startTime="2025-09-08T21:55:52.5120062+00:00" endTime="2025-09-08T21:55:52.5120062+00:00" testType="13cdc9d9-ddb5-4fa4-a97d-d965ccfc6d4b" outcome="Passed" testListId="8c84fa94-04c1-424b-9868-57a2d4851a1d" relativeResultsDirectory="2417a902-b5b2-4bec-9a03-56f537de95f9" />
    <UnitTestResult executionId="2e3abd69-a777-447c-8bdf-f5c0fdcd263c" testId="2d25ebee-a179-c801-154f-ab68779c76c4" testName="GameBoy.Tests.InstructionTimingTests.CBMemoryOperation_Takes16Cycles" computerName="pkrvm7jw40e0xgp" duration="00:00:00.0002166" startTime="2025-09-08T21:55:52.4307413+00:00" endTime="2025-09-08T21:55:52.4307413+00:00" testType="13cdc9d9-ddb5-4fa4-a97d-d965ccfc6d4b" outcome="Passed" testListId="8c84fa94-04c1-424b-9868-57a2d4851a1d" relativeResultsDirectory="2e3abd69-a777-447c-8bdf-f5c0fdcd263c" />
    <UnitTestResult executionId="87fa043f-44fa-43a8-b71e-6287b22cd92f" testId="892517e5-2cf5-e85a-1d55-05972719f450" testName="GameBoy.Tests.MmuTests.JOYP_WritesOnlyAffectBits4And5" computerName="pkrvm7jw40e0xgp" duration="00:00:00.0002089" startTime="2025-09-08T21:55:52.3717438+00:00" endTime="2025-09-08T21:55:52.3717439+00:00" testType="13cdc9d9-ddb5-4fa4-a97d-d965ccfc6d4b" outcome="Passed" testListId="8c84fa94-04c1-424b-9868-57a2d4851a1d" relativeResultsDirectory="87fa043f-44fa-43a8-b71e-6287b22cd92f" />
    <UnitTestResult executionId="f7f98f00-c77c-4ed2-a1ff-617796b9e77a" testId="a0685b46-9ede-ed1a-9e00-40141b5825d3" testName="GameBoy.Tests.CpuTests.Add_SetsFlags_Correctly" computerName="pkrvm7jw40e0xgp" duration="00:00:00.0003022" startTime="2025-09-08T21:55:52.4366552+00:00" endTime="2025-09-08T21:55:52.4366552+00:00" testType="13cdc9d9-ddb5-4fa4-a97d-d965ccfc6d4b" outcome="Passed" testListId="8c84fa94-04c1-424b-9868-57a2d4851a1d" relativeResultsDirectory="f7f98f00-c77c-4ed2-a1ff-617796b9e77a" />
    <UnitTestResult executionId="88a626fb-4db0-40e1-b49a-28cedee7193b" testId="af20d9af-2e10-1367-1655-61d51d2f3cc1" testName="GameBoy.Tests.Integration.MooneyeInterruptTests.Mooneye_InterruptTests_ExecuteSuccessfully(category: &quot;interrupts&quot;, romFile: &quot;intr_timing.gb&quot;, description: &quot;Interrupt timing test&quot;)" computerName="pkrvm7jw40e0xgp" duration="00:00:00.0000169" startTime="2025-09-08T21:55:52.2985976+00:00" endTime="2025-09-08T21:55:52.2985977+00:00" testType="13cdc9d9-ddb5-4fa4-a97d-d965ccfc6d4b" outcome="Passed" testListId="8c84fa94-04c1-424b-9868-57a2d4851a1d" relativeResultsDirectory="88a626fb-4db0-40e1-b49a-28cedee7193b" />
    <UnitTestResult executionId="c261551c-0def-4c9d-8e53-96ffc1fcf80c" testId="79ae824d-ef28-8a08-b47a-078c5e79a094" testName="GameBoy.Tests.Mbc5Tests.WriteRom_UpperBitMasking_OnlyBit0Used" computerName="pkrvm7jw40e0xgp" duration="00:00:00.0382845" startTime="2025-09-08T21:55:52.5608407+00:00" endTime="2025-09-08T21:55:52.5608408+00:00" testType="13cdc9d9-ddb5-4fa4-a97d-d965ccfc6d4b" outcome="Passed" testListId="8c84fa94-04c1-424b-9868-57a2d4851a1d" relativeResultsDirectory="c261551c-0def-4c9d-8e53-96ffc1fcf80c" />
    <UnitTestResult executionId="dcebecd8-5578-4f0e-aa90-fe5d304cb514" testId="a9325a8a-d034-04d2-9768-f7e2cc05480a" testName="GameBoy.Tests.PpuTests.Reset_RestoresDefaultState" computerName="pkrvm7jw40e0xgp" duration="00:00:00.0003526" startTime="2025-09-08T21:55:52.5282077+00:00" endTime="2025-09-08T21:55:52.5282078+00:00" testType="13cdc9d9-ddb5-4fa4-a97d-d965ccfc6d4b" outcome="Passed" testListId="8c84fa94-04c1-424b-9868-57a2d4851a1d" relativeResultsDirectory="dcebecd8-5578-4f0e-aa90-fe5d304cb514" />
    <UnitTestResult executionId="59d24fe0-4a65-4fc7-86bd-1da2c34ee01f" testId="6e5afcc8-80be-d362-e400-4655b22a1d7a" testName="GameBoy.Tests.CartridgeMmuIntegrationTests.Mmu_ExternalRam_DisabledByDefault" computerName="pkrvm7jw40e0xgp" duration="00:00:00.0002046" startTime="2025-09-08T21:55:52.5077499+00:00" endTime="2025-09-08T21:55:52.5077500+00:00" testType="13cdc9d9-ddb5-4fa4-a97d-d965ccfc6d4b" outcome="Passed" testListId="8c84fa94-04c1-424b-9868-57a2d4851a1d" relativeResultsDirectory="59d24fe0-4a65-4fc7-86bd-1da2c34ee01f" />
    <UnitTestResult executionId="149bb6e8-d0fb-473b-a972-03a7b56a3596" testId="eb59ada6-ad8c-0c90-c83c-2d44cd895c40" testName="GameBoy.Tests.CpuMmuIntegrationTests.Complex_AddressingSequence_AllThroughMMU" computerName="pkrvm7jw40e0xgp" duration="00:00:00.0004381" startTime="2025-09-08T21:55:52.4102635+00:00" endTime="2025-09-08T21:55:52.4102636+00:00" testType="13cdc9d9-ddb5-4fa4-a97d-d965ccfc6d4b" outcome="Passed" testListId="8c84fa94-04c1-424b-9868-57a2d4851a1d" relativeResultsDirectory="149bb6e8-d0fb-473b-a972-03a7b56a3596" />
    <UnitTestResult executionId="694c10e3-6b5a-4df7-98c6-f5b599a3e3bb" testId="7fb5f58b-1e1e-6a53-2d1c-ce5caef4f187" testName="GameBoy.Tests.CycleAccuracyValidationTests.CriticalTimingInstructions_AreImplemented" computerName="pkrvm7jw40e0xgp" duration="00:00:00.0003754" startTime="2025-09-08T21:55:52.5331389+00:00" endTime="2025-09-08T21:55:52.5331390+00:00" testType="13cdc9d9-ddb5-4fa4-a97d-d965ccfc6d4b" outcome="Passed" testListId="8c84fa94-04c1-424b-9868-57a2d4851a1d" relativeResultsDirectory="694c10e3-6b5a-4df7-98c6-f5b599a3e3bb" />
    <UnitTestResult executionId="c6bd6dba-fe9b-43af-a116-30d545a791be" testId="5c3cf070-0255-b6f7-ef4b-e6356d49c1b0" testName="GameBoy.Tests.InterruptControllerTests.TryGetPending_ComplexPriorityScenarios" computerName="pkrvm7jw40e0xgp" duration="00:00:00.0002439" startTime="2025-09-08T21:55:52.4679789+00:00" endTime="2025-09-08T21:55:52.4679789+00:00" testType="13cdc9d9-ddb5-4fa4-a97d-d965ccfc6d4b" outcome="Passed" testListId="8c84fa94-04c1-424b-9868-57a2d4851a1d" relativeResultsDirectory="c6bd6dba-fe9b-43af-a116-30d545a791be" />
    <UnitTestResult executionId="567dbbe4-78ed-4756-96b8-dfd94cb0d2db" testId="2171350d-d49e-1054-ab8d-30103f1941d8" testName="GameBoy.Tests.InstructionTimingTests.AddImmediate_Takes8Cycles" computerName="pkrvm7jw40e0xgp" duration="00:00:00.0001821" startTime="2025-09-08T21:55:52.4222566+00:00" endTime="2025-09-08T21:55:52.4222567+00:00" testType="13cdc9d9-ddb5-4fa4-a97d-d965ccfc6d4b" outcome="Passed" testListId="8c84fa94-04c1-424b-9868-57a2d4851a1d" relativeResultsDirectory="567dbbe4-78ed-4756-96b8-dfd94cb0d2db" />
    <UnitTestResult executionId="edc0089a-31ae-4fdf-822c-3a604ee63216" testId="98f535a4-7eca-3a3c-05e8-4b85d8edbbc1" testName="GameBoy.Tests.AluTests.Add_BasicOperation_CorrectResult" computerName="pkrvm7jw40e0xgp" duration="00:00:00.0001432" startTime="2025-09-08T21:55:52.5488956+00:00" endTime="2025-09-08T21:55:52.5488957+00:00" testType="13cdc9d9-ddb5-4fa4-a97d-d965ccfc6d4b" outcome="Passed" testListId="8c84fa94-04c1-424b-9868-57a2d4851a1d" relativeResultsDirectory="edc0089a-31ae-4fdf-822c-3a604ee63216" />
    <UnitTestResult executionId="3f6b5a05-8573-49b9-8a15-b5020f58790f" testId="1e423043-21dd-e968-c8ab-430b65c3777b" testName="GameBoy.Tests.AdvancedTimingTests.StoreHighMemoryC_Takes8Cycles" computerName="pkrvm7jw40e0xgp" duration="00:00:00.0002812" startTime="2025-09-08T21:55:52.5115910+00:00" endTime="2025-09-08T21:55:52.5115910+00:00" testType="13cdc9d9-ddb5-4fa4-a97d-d965ccfc6d4b" outcome="Passed" testListId="8c84fa94-04c1-424b-9868-57a2d4851a1d" relativeResultsDirectory="3f6b5a05-8573-49b9-8a15-b5020f58790f" />
    <UnitTestResult executionId="8c011053-0c26-4e83-a07c-d37443f86b13" testId="761e19f4-3a0f-4f27-9f65-eb8b8251edf9" testName="GameBoy.Tests.Mbc5Tests.ExternalRam_OutOfBounds_ReturnsFF" computerName="pkrvm7jw40e0xgp" duration="00:00:00.0003827" startTime="2025-09-08T21:55:52.5326060+00:00" endTime="2025-09-08T21:55:52.5326061+00:00" testType="13cdc9d9-ddb5-4fa4-a97d-d965ccfc6d4b" outcome="Passed" testListId="8c84fa94-04c1-424b-9868-57a2d4851a1d" relativeResultsDirectory="8c011053-0c26-4e83-a07c-d37443f86b13" />
    <UnitTestResult executionId="e525e54b-b7f1-40d2-bbe3-e7b2702a81fc" testId="e9e8a3a9-0d7d-1875-5baa-f3adb92627cb" testName="GameBoy.Tests.LcdcTests.BgWindowTileDataArea_ReturnsCorrectValue(value: 239, expected: False)" computerName="pkrvm7jw40e0xgp" duration="00:00:00.0000072" startTime="2025-09-08T21:55:52.4228186+00:00" endTime="2025-09-08T21:55:52.4228186+00:00" testType="13cdc9d9-ddb5-4fa4-a97d-d965ccfc6d4b" outcome="Passed" testListId="8c84fa94-04c1-424b-9868-57a2d4851a1d" relativeResultsDirectory="e525e54b-b7f1-40d2-bbe3-e7b2702a81fc" />
    <UnitTestResult executionId="c30383d1-b29d-4863-aa06-16969185d126" testId="46475b5d-4789-149f-b9d6-7a4019aaeca4" testName="GameBoy.Tests.SpriteTests.Constructor_WithIndividualValues_InitializesCorrectly" computerName="pkrvm7jw40e0xgp" duration="00:00:00.0002114" startTime="2025-09-08T21:55:52.3576854+00:00" endTime="2025-09-08T21:55:52.3576854+00:00" testType="13cdc9d9-ddb5-4fa4-a97d-d965ccfc6d4b" outcome="Passed" testListId="8c84fa94-04c1-424b-9868-57a2d4851a1d" relativeResultsDirectory="c30383d1-b29d-4863-aa06-16969185d126" />
    <UnitTestResult executionId="78f3e9aa-f750-46ec-b123-cc7b4969d194" testId="ade91ca1-bfbb-6365-5b55-cb6a1e091baf" testName="GameBoy.Tests.CpuMmuIntegrationTests.Immediate_Addressing_TestedViaOpcodes" computerName="pkrvm7jw40e0xgp" duration="00:00:00.0003193" startTime="2025-09-08T21:55:52.4161078+00:00" endTime="2025-09-08T21:55:52.4161078+00:00" testType="13cdc9d9-ddb5-4fa4-a97d-d965ccfc6d4b" outcome="Passed" testListId="8c84fa94-04c1-424b-9868-57a2d4851a1d" relativeResultsDirectory="78f3e9aa-f750-46ec-b123-cc7b4969d194" />
    <UnitTestResult executionId="8e2eaada-e47e-4c02-ab36-1e607fc99bf7" testId="cc1932d4-7d9e-6230-bf42-2ae809d0ce78" testName="GameBoy.Tests.PaletteTests.ToRgba_ReturnsCorrectColors(colorValue: 0, expectedRgba: -6571249)" computerName="pkrvm7jw40e0xgp" duration="00:00:00.0000062" startTime="2025-09-08T21:55:52.5367259+00:00" endTime="2025-09-08T21:55:52.5367259+00:00" testType="13cdc9d9-ddb5-4fa4-a97d-d965ccfc6d4b" outcome="Passed" testListId="8c84fa94-04c1-424b-9868-57a2d4851a1d" relativeResultsDirectory="8e2eaada-e47e-4c02-ab36-1e607fc99bf7" />
    <UnitTestResult executionId="986dc1c6-c8fa-449c-bba0-51739f02eb2a" testId="4922322f-b3c3-57df-7502-f6ee703d693f" testName="GameBoy.Tests.InstructionTimingTests.LoadImmediateToHL_Takes12Cycles" computerName="pkrvm7jw40e0xgp" duration="00:00:00.0091529" startTime="2025-09-08T21:55:52.4568416+00:00" endTime="2025-09-08T21:55:52.4568417+00:00" testType="13cdc9d9-ddb5-4fa4-a97d-d965ccfc6d4b" outcome="Passed" testListId="8c84fa94-04c1-424b-9868-57a2d4851a1d" relativeResultsDirectory="986dc1c6-c8fa-449c-bba0-51739f02eb2a" />
    <UnitTestResult executionId="44594102-bc84-424c-99c9-1f68281f44e5" testId="8050c7e7-ee77-22d7-141a-3e470d2279bd" testName="GameBoy.Tests.SpriteTests.BehindBackground_ReturnsCorrectValue(attributes: 127, expected: False)" computerName="pkrvm7jw40e0xgp" duration="00:00:00.0000064" startTime="2025-09-08T21:55:52.3469680+00:00" endTime="2025-09-08T21:55:52.3469680+00:00" testType="13cdc9d9-ddb5-4fa4-a97d-d965ccfc6d4b" outcome="Passed" testListId="8c84fa94-04c1-424b-9868-57a2d4851a1d" relativeResultsDirectory="44594102-bc84-424c-99c9-1f68281f44e5" />
    <UnitTestResult executionId="60a637d3-746c-4d7c-bfbd-d12a0d880f92" testId="473f0ba4-9e64-7232-fd1e-a18cfef2609a" testName="GameBoy.Tests.Integration.CpuInstructionTests.LD_rr_d16_Loads16BitImmediate(opcode: 17)" computerName="pkrvm7jw40e0xgp" duration="00:00:00.0043624" startTime="2025-09-08T21:55:52.4584171+00:00" endTime="2025-09-08T21:55:52.4584172+00:00" testType="13cdc9d9-ddb5-4fa4-a97d-d965ccfc6d4b" outcome="Passed" testListId="8c84fa94-04c1-424b-9868-57a2d4851a1d" relativeResultsDirectory="60a637d3-746c-4d7c-bfbd-d12a0d880f92" />
    <UnitTestResult executionId="bef5a284-029e-4133-bf9e-0b3c6e56b80c" testId="3dba4670-7f2d-7e97-581e-f31f7d603172" testName="GameBoy.Tests.CartridgeHeaderTests.RomSize_CalculatesCorrectSizeForSpecialCodes(code: 83, expectedSize: 1310720)" computerName="pkrvm7jw40e0xgp" duration="00:00:00.0005609" startTime="2025-09-08T21:55:52.5365975+00:00" endTime="2025-09-08T21:55:52.5365976+00:00" testType="13cdc9d9-ddb5-4fa4-a97d-d965ccfc6d4b" outcome="Passed" testListId="8c84fa94-04c1-424b-9868-57a2d4851a1d" relativeResultsDirectory="bef5a284-029e-4133-bf9e-0b3c6e56b80c" />
    <UnitTestResult executionId="f6c31e83-1372-4703-81c5-5dce68089004" testId="c20216b8-3d53-870c-3d98-85b451f87145" testName="GameBoy.Tests.CpuAddressingTests.ReadHighC_ReadsFromHighRAMPlusCRegister" computerName="pkrvm7jw40e0xgp" duration="00:00:00.0001673" startTime="2025-09-08T21:55:52.5342530+00:00" endTime="2025-09-08T21:55:52.5342531+00:00" testType="13cdc9d9-ddb5-4fa4-a97d-d965ccfc6d4b" outcome="Passed" testListId="8c84fa94-04c1-424b-9868-57a2d4851a1d" relativeResultsDirectory="f6c31e83-1372-4703-81c5-5dce68089004" />
    <UnitTestResult executionId="d7cc2fff-5508-4664-90ab-f117b7169811" testId="2f056f1e-d672-857f-c119-9a4b6216ba96" testName="GameBoy.Tests.CpuAddressingTests.ReadHLD_ReadsFromHLAddressThenDecrementsHL" computerName="pkrvm7jw40e0xgp" duration="00:00:00.0002358" startTime="2025-09-08T21:55:52.5292258+00:00" endTime="2025-09-08T21:55:52.5292259+00:00" testType="13cdc9d9-ddb5-4fa4-a97d-d965ccfc6d4b" outcome="Passed" testListId="8c84fa94-04c1-424b-9868-57a2d4851a1d" relativeResultsDirectory="d7cc2fff-5508-4664-90ab-f117b7169811" />
    <UnitTestResult executionId="085e9ed6-3570-4695-8494-e6a16f75cbff" testId="e4b2be22-1c13-eeaf-0754-9d81f5d04441" testName="GameBoy.Tests.Integration.CpuInstructionTests.LD_rr_d16_Loads16BitImmediate(opcode: 33)" computerName="pkrvm7jw40e0xgp" duration="00:00:00.0001119" startTime="2025-09-08T21:55:52.4593531+00:00" endTime="2025-09-08T21:55:52.4593531+00:00" testType="13cdc9d9-ddb5-4fa4-a97d-d965ccfc6d4b" outcome="Passed" testListId="8c84fa94-04c1-424b-9868-57a2d4851a1d" relativeResultsDirectory="085e9ed6-3570-4695-8494-e6a16f75cbff" />
    <UnitTestResult executionId="132e6f57-bc15-41bb-bb05-ed8c1eb3264a" testId="96977a3e-1a95-c780-8b0f-9b9e70addc86" testName="GameBoy.Tests.EmulatorMbcIntegrationTests.Emulator_LoadRom_UnsupportedMbc_ThrowsNotSupportedException" computerName="pkrvm7jw40e0xgp" duration="00:00:00.0006001" startTime="2025-09-08T21:55:52.3211613+00:00" endTime="2025-09-08T21:55:52.3211613+00:00" testType="13cdc9d9-ddb5-4fa4-a97d-d965ccfc6d4b" outcome="Passed" testListId="8c84fa94-04c1-424b-9868-57a2d4851a1d" relativeResultsDirectory="132e6f57-bc15-41bb-bb05-ed8c1eb3264a" />
    <UnitTestResult executionId="e7947ce2-66ff-46d7-a03f-51d37e949b95" testId="be144a9b-f2b5-14d0-195b-cc413062252c" testName="GameBoy.Tests.DmaTests.DMA_ValidSources_CopiesCorrectly(dmaValue: 192, expectedSource: 49152)" computerName="pkrvm7jw40e0xgp" duration="00:00:00.0003621" startTime="2025-09-08T21:55:52.4087264+00:00" endTime="2025-09-08T21:55:52.4087264+00:00" testType="13cdc9d9-ddb5-4fa4-a97d-d965ccfc6d4b" outcome="Passed" testListId="8c84fa94-04c1-424b-9868-57a2d4851a1d" relativeResultsDirectory="e7947ce2-66ff-46d7-a03f-51d37e949b95" />
    <UnitTestResult executionId="48fdfc28-7e4f-4e13-8f7d-a1ce0f979726" testId="7d9a2542-8cef-fad7-de35-9026b458bae7" testName="GameBoy.Tests.CartridgeTests.Detect_UnsupportedMbc_ThrowsException" computerName="pkrvm7jw40e0xgp" duration="00:00:00.0004530" startTime="2025-09-08T21:55:52.5125341+00:00" endTime="2025-09-08T21:55:52.5125341+00:00" testType="13cdc9d9-ddb5-4fa4-a97d-d965ccfc6d4b" outcome="Passed" testListId="8c84fa94-04c1-424b-9868-57a2d4851a1d" relativeResultsDirectory="48fdfc28-7e4f-4e13-8f7d-a1ce0f979726" />
    <UnitTestResult executionId="393fc521-6f59-477a-b740-a6c7a00b09b2" testId="35afbf55-0088-9a3d-88af-fa24445977ec" testName="GameBoy.Tests.AluTests.Or_BasicOperation_CorrectResult" computerName="pkrvm7jw40e0xgp" duration="00:00:00.0001499" startTime="2025-09-08T21:55:52.5472287+00:00" endTime="2025-09-08T21:55:52.5472288+00:00" testType="13cdc9d9-ddb5-4fa4-a97d-d965ccfc6d4b" outcome="Passed" testListId="8c84fa94-04c1-424b-9868-57a2d4851a1d" relativeResultsDirectory="393fc521-6f59-477a-b740-a6c7a00b09b2" />
    <UnitTestResult executionId="52a96903-c89c-4d79-ae11-074e57304a1d" testId="60fe7012-5b2d-c287-e552-24c4866393ba" testName="GameBoy.Tests.EmulatorMbcIntegrationTests.Mmu_ErrorHandling_ExternalRamAccessibility" computerName="pkrvm7jw40e0xgp" duration="00:00:00.0003306" startTime="2025-09-08T21:55:52.3216845+00:00" endTime="2025-09-08T21:55:52.3216846+00:00" testType="13cdc9d9-ddb5-4fa4-a97d-d965ccfc6d4b" outcome="Passed" testListId="8c84fa94-04c1-424b-9868-57a2d4851a1d" relativeResultsDirectory="52a96903-c89c-4d79-ae11-074e57304a1d" />
    <UnitTestResult executionId="c79a84ae-ad78-4e2b-9db3-f43d14434e15" testId="f0d63bb3-94ea-f504-8db4-009257b74c0a" testName="GameBoy.Tests.InstructionTimingTests.ConditionalCallTaken_Takes24Cycles" computerName="pkrvm7jw40e0xgp" duration="00:00:00.0002955" startTime="2025-09-08T21:55:52.4570002+00:00" endTime="2025-09-08T21:55:52.4570003+00:00" testType="13cdc9d9-ddb5-4fa4-a97d-d965ccfc6d4b" outcome="Passed" testListId="8c84fa94-04c1-424b-9868-57a2d4851a1d" relativeResultsDirectory="c79a84ae-ad78-4e2b-9db3-f43d14434e15" />
    <UnitTestResult executionId="fc0bbb80-a949-4c02-8161-09ef354ac96c" testId="f6930f41-2649-5d5a-767d-bc8be0ab8364" testName="GameBoy.Tests.Integration.CpuInstructionTests.LD_r_d8_LoadsImmediateValue(opcode: 14)" computerName="pkrvm7jw40e0xgp" duration="00:00:00.0001406" startTime="2025-09-08T21:55:52.4529617+00:00" endTime="2025-09-08T21:55:52.4529618+00:00" testType="13cdc9d9-ddb5-4fa4-a97d-d965ccfc6d4b" outcome="Passed" testListId="8c84fa94-04c1-424b-9868-57a2d4851a1d" relativeResultsDirectory="fc0bbb80-a949-4c02-8161-09ef354ac96c" />
    <UnitTestResult executionId="18b593c9-12e6-4888-b175-23d6bc3bca71" testId="4730179f-513e-27c4-2e55-6896e6e28543" testName="GameBoy.Tests.InstructionTimingTests.ConditionalJumpTaken_Takes16Cycles" computerName="pkrvm7jw40e0xgp" duration="00:00:00.0003137" startTime="2025-09-08T21:55:52.4393348+00:00" endTime="2025-09-08T21:55:52.4393349+00:00" testType="13cdc9d9-ddb5-4fa4-a97d-d965ccfc6d4b" outcome="Passed" testListId="8c84fa94-04c1-424b-9868-57a2d4851a1d" relativeResultsDirectory="18b593c9-12e6-4888-b175-23d6bc3bca71" />
    <UnitTestResult executionId="a6b8288c-3d69-4169-aaac-2091c292ba5d" testId="4bd4de22-f37e-8448-f725-629aa7012d17" testName="GameBoy.Tests.AdvancedTimingTests.LoadHLD_Takes8Cycles" computerName="pkrvm7jw40e0xgp" duration="00:00:00.0003366" startTime="2025-09-08T21:55:52.5051024+00:00" endTime="2025-09-08T21:55:52.5051025+00:00" testType="13cdc9d9-ddb5-4fa4-a97d-d965ccfc6d4b" outcome="Passed" testListId="8c84fa94-04c1-424b-9868-57a2d4851a1d" relativeResultsDirectory="a6b8288c-3d69-4169-aaac-2091c292ba5d" />
    <UnitTestResult executionId="565e0a6e-3380-42eb-b184-67797b04709c" testId="b4c8c3b9-a36c-6415-a70e-08ca70305f80" testName="GameBoy.Tests.MmuTests.DIV_ReadsDefaultValue" computerName="pkrvm7jw40e0xgp" duration="00:00:00.0001625" startTime="2025-09-08T21:55:52.3817089+00:00" endTime="2025-09-08T21:55:52.3817090+00:00" testType="13cdc9d9-ddb5-4fa4-a97d-d965ccfc6d4b" outcome="Passed" testListId="8c84fa94-04c1-424b-9868-57a2d4851a1d" relativeResultsDirectory="565e0a6e-3380-42eb-b184-67797b04709c" />
    <UnitTestResult executionId="0b9585c2-8ce7-4ee6-ace6-1755e42cc832" testId="9d8d1da3-97db-080b-6b5c-0c51c394426d" testName="GameBoy.Tests.InterruptIntegrationTests.PPU_Step_RequestsVBlankInterrupt" computerName="pkrvm7jw40e0xgp" duration="00:00:00.0085914" startTime="2025-09-08T21:55:52.3468381+00:00" endTime="2025-09-08T21:55:52.3468381+00:00" testType="13cdc9d9-ddb5-4fa4-a97d-d965ccfc6d4b" outcome="Passed" testListId="8c84fa94-04c1-424b-9868-57a2d4851a1d" relativeResultsDirectory="0b9585c2-8ce7-4ee6-ace6-1755e42cc832" />
    <UnitTestResult executionId="aa9ecd0b-502f-40d2-9150-5f55c26f9cbd" testId="5cf21bc1-27d1-ac82-fbe2-4cde6b0fef7a" testName="GameBoy.Tests.Integration.BlarggIntegrationTests.Halt_Bug_ExecutesSuccessfully" computerName="pkrvm7jw40e0xgp" duration="00:00:00.0003228" startTime="2025-09-08T21:55:52.4025158+00:00" endTime="2025-09-08T21:55:52.4025158+00:00" testType="13cdc9d9-ddb5-4fa4-a97d-d965ccfc6d4b" outcome="Passed" testListId="8c84fa94-04c1-424b-9868-57a2d4851a1d" relativeResultsDirectory="aa9ecd0b-502f-40d2-9150-5f55c26f9cbd" />
    <UnitTestResult executionId="e628a122-8c82-4959-bfc1-ec724d016a7b" testId="1577a67b-c6e1-3fec-6f1a-e23b16f3c308" testName="GameBoy.Tests.CartridgeTests.Detect_AllMbc5Variants_ReturnsCorrectCartridge(cartridgeType: 28)" computerName="pkrvm7jw40e0xgp" duration="00:00:00.0000698" startTime="2025-09-08T21:55:52.5207421+00:00" endTime="2025-09-08T21:55:52.5207422+00:00" testType="13cdc9d9-ddb5-4fa4-a97d-d965ccfc6d4b" outcome="Passed" testListId="8c84fa94-04c1-424b-9868-57a2d4851a1d" relativeResultsDirectory="e628a122-8c82-4959-bfc1-ec724d016a7b" />
    <UnitTestResult executionId="717f79f7-8ed9-4797-b83e-e3fdbe8503d2" testId="5a7abee2-ae83-e426-dd86-57e518493cfd" testName="GameBoy.Tests.AdvancedTimingTests.LoadHLFromSPPlusOffset_Takes12Cycles" computerName="pkrvm7jw40e0xgp" duration="00:00:00.0003878" startTime="2025-09-08T21:55:52.5056865+00:00" endTime="2025-09-08T21:55:52.5056866+00:00" testType="13cdc9d9-ddb5-4fa4-a97d-d965ccfc6d4b" outcome="Passed" testListId="8c84fa94-04c1-424b-9868-57a2d4851a1d" relativeResultsDirectory="717f79f7-8ed9-4797-b83e-e3fdbe8503d2" />
    <UnitTestResult executionId="290eb5ad-d3a6-4122-b3ee-78b38a2e5889" testId="19484f21-13e0-96ce-4ea1-c39b9034350b" testName="GameBoy.Tests.LcdcTests.WindowTileMapArea_ReturnsCorrectValue(value: 191, expected: False)" computerName="pkrvm7jw40e0xgp" duration="00:00:00.0001199" startTime="2025-09-08T21:55:52.4280697+00:00" endTime="2025-09-08T21:55:52.4280698+00:00" testType="13cdc9d9-ddb5-4fa4-a97d-d965ccfc6d4b" outcome="Passed" testListId="8c84fa94-04c1-424b-9868-57a2d4851a1d" relativeResultsDirectory="290eb5ad-d3a6-4122-b3ee-78b38a2e5889" />
    <UnitTestResult executionId="5cd1f4bd-4257-41c0-bda7-91cfa112b8c0" testId="fa39466d-d3ef-961a-befb-035a0c704616" testName="GameBoy.Tests.CartridgeHeaderTests.IsValidHeader_InvalidRomSize_ReturnsFalse" computerName="pkrvm7jw40e0xgp" duration="00:00:00.0001297" startTime="2025-09-08T21:55:52.5445942+00:00" endTime="2025-09-08T21:55:52.5445942+00:00" testType="13cdc9d9-ddb5-4fa4-a97d-d965ccfc6d4b" outcome="Passed" testListId="8c84fa94-04c1-424b-9868-57a2d4851a1d" relativeResultsDirectory="5cd1f4bd-4257-41c0-bda7-91cfa112b8c0" />
    <UnitTestResult executionId="e1283b3e-7a31-4012-bda3-dcb6888c8f3c" testId="e6e8aab5-22e2-c84e-dced-9029f5c03e83" testName="GameBoy.Tests.IoRegsTests.Mmu_ShouldUseIoRegsConstants" computerName="pkrvm7jw40e0xgp" duration="00:00:00.0191063" startTime="2025-09-08T21:55:52.4016151+00:00" endTime="2025-09-08T21:55:52.4016152+00:00" testType="13cdc9d9-ddb5-4fa4-a97d-d965ccfc6d4b" outcome="Passed" testListId="8c84fa94-04c1-424b-9868-57a2d4851a1d" relativeResultsDirectory="e1283b3e-7a31-4012-bda3-dcb6888c8f3c" />
    <UnitTestResult executionId="1a0f7668-bd91-440b-b73f-6dd9b02fd06f" testId="9ce2e254-ca71-39e3-ae3d-3e5e12fee0e6" testName="GameBoy.Tests.Integration.MooneyeInterruptTests.Mooneye_PPUInterruptTests_ExecuteSuccessfully(category: &quot;ppu&quot;, romFile: &quot;intr_2_mode3_timing.gb&quot;, description: &quot;Interrupt 2 mode 3 timing&quot;)" computerName="pkrvm7jw40e0xgp" duration="00:00:00.0000090" startTime="2025-09-08T21:55:52.3120964+00:00" endTime="2025-09-08T21:55:52.3120964+00:00" testType="13cdc9d9-ddb5-4fa4-a97d-d965ccfc6d4b" outcome="Passed" testListId="8c84fa94-04c1-424b-9868-57a2d4851a1d" relativeResultsDirectory="1a0f7668-bd91-440b-b73f-6dd9b02fd06f" />
    <UnitTestResult executionId="5f48cdc4-f6e1-4e2f-b021-2f129889f806" testId="bb3e3cb6-5ec5-32f7-8b9c-22f212359e2e" testName="GameBoy.Tests.Integration.MooneyeInterruptTests.Mooneye_InterruptTests_ExecuteSuccessfully(category: &quot;interrupts&quot;, romFile: &quot;push_timing.gb&quot;, description: &quot;PUSH instruction timing with interrupts&quot;)" computerName="pkrvm7jw40e0xgp" duration="00:00:00.0000128" startTime="2025-09-08T21:55:52.2980704+00:00" endTime="2025-09-08T21:55:52.2980706+00:00" testType="13cdc9d9-ddb5-4fa4-a97d-d965ccfc6d4b" outcome="Passed" testListId="8c84fa94-04c1-424b-9868-57a2d4851a1d" relativeResultsDirectory="5f48cdc4-f6e1-4e2f-b021-2f129889f806" />
    <UnitTestResult executionId="e1f421d5-5398-4705-a110-bb50abf38925" testId="00b3c5a1-a412-80ab-1cb3-dd1126527a3d" testName="GameBoy.Tests.InstructionTimingTests.IncHL_Takes12Cycles" computerName="pkrvm7jw40e0xgp" duration="00:00:00.0001802" startTime="2025-09-08T21:55:52.4219058+00:00" endTime="2025-09-08T21:55:52.4219058+00:00" testType="13cdc9d9-ddb5-4fa4-a97d-d965ccfc6d4b" outcome="Passed" testListId="8c84fa94-04c1-424b-9868-57a2d4851a1d" relativeResultsDirectory="e1f421d5-5398-4705-a110-bb50abf38925" />
    <UnitTestResult executionId="ac23c808-5db9-4ed2-addc-e0302ba3877f" testId="4316baa3-f969-5699-9071-8d86a141c6c5" testName="GameBoy.Tests.CartridgeHeaderTests.Title_WithSpecialCharacters_HandlesCorrectly" computerName="pkrvm7jw40e0xgp" duration="00:00:00.0042156" startTime="2025-09-08T21:55:52.5456067+00:00" endTime="2025-09-08T21:55:52.5456068+00:00" testType="13cdc9d9-ddb5-4fa4-a97d-d965ccfc6d4b" outcome="Passed" testListId="8c84fa94-04c1-424b-9868-57a2d4851a1d" relativeResultsDirectory="ac23c808-5db9-4ed2-addc-e0302ba3877f" />
    <UnitTestResult executionId="6abb0c45-293e-48de-8342-b3e464de3aa0" testId="a1a9fb4d-44bc-a0be-04bf-443967c7cabe" testName="GameBoy.Tests.InstructionTimingTests.ConditionalJumpNotTaken_Takes12Cycles" computerName="pkrvm7jw40e0xgp" duration="00:00:00.0001904" startTime="2025-09-08T21:55:52.4569266+00:00" endTime="2025-09-08T21:55:52.4569267+00:00" testType="13cdc9d9-ddb5-4fa4-a97d-d965ccfc6d4b" outcome="Passed" testListId="8c84fa94-04c1-424b-9868-57a2d4851a1d" relativeResultsDirectory="6abb0c45-293e-48de-8342-b3e464de3aa0" />
    <UnitTestResult executionId="e74cc011-41ac-4e44-8da4-4f8cc35b22bf" testId="664dca52-0b35-a9d8-0289-c72f051074f8" testName="GameBoy.Tests.InstructionGroupTests.Compare_A_Register_SetsCorrectFlags" computerName="pkrvm7jw40e0xgp" duration="00:00:00.0006971" startTime="2025-09-08T21:55:52.3275173+00:00" endTime="2025-09-08T21:55:52.3275174+00:00" testType="13cdc9d9-ddb5-4fa4-a97d-d965ccfc6d4b" outcome="Passed" testListId="8c84fa94-04c1-424b-9868-57a2d4851a1d" relativeResultsDirectory="e74cc011-41ac-4e44-8da4-4f8cc35b22bf" />
    <UnitTestResult executionId="0b480fd5-39e0-446d-94b6-8add479f94e2" testId="34179792-2372-f1a4-bfa2-c71419beeb96" testName="GameBoy.Tests.CpuAddressingTests.WriteImm16Addr_WritesToImmediateAddress" computerName="pkrvm7jw40e0xgp" duration="00:00:00.0002267" startTime="2025-09-08T21:55:52.5321994+00:00" endTime="2025-09-08T21:55:52.5321995+00:00" testType="13cdc9d9-ddb5-4fa4-a97d-d965ccfc6d4b" outcome="Passed" testListId="8c84fa94-04c1-424b-9868-57a2d4851a1d" relativeResultsDirectory="0b480fd5-39e0-446d-94b6-8add479f94e2" />
    <UnitTestResult executionId="672084cd-54b9-412f-80f3-4710a8457efe" testId="6dda0718-b446-f959-cf06-d189bafc7187" testName="GameBoy.Tests.SpriteTests.GetTopTileIndex_ReturnsCorrectIndex(tileIndex: 2, is8x16: True, expected: 2)" computerName="pkrvm7jw40e0xgp" duration="00:00:00.0000032" startTime="2025-09-08T21:55:52.3300166+00:00" endTime="2025-09-08T21:55:52.3300167+00:00" testType="13cdc9d9-ddb5-4fa4-a97d-d965ccfc6d4b" outcome="Passed" testListId="8c84fa94-04c1-424b-9868-57a2d4851a1d" relativeResultsDirectory="672084cd-54b9-412f-80f3-4710a8457efe" />
    <UnitTestResult executionId="a1ff5c00-5323-4fcc-9172-adbe5ea5f8f0" testId="c1fcaa4e-a0fc-120a-3b4b-2fe6a4d20c47" testName="GameBoy.Tests.PaletteTests.ToRgba_ReturnsCorrectColors(colorValue: 1, expectedRgba: -7623665)" computerName="pkrvm7jw40e0xgp" duration="00:00:00.0000083" startTime="2025-09-08T21:55:52.5366350+00:00" endTime="2025-09-08T21:55:52.5366351+00:00" testType="13cdc9d9-ddb5-4fa4-a97d-d965ccfc6d4b" outcome="Passed" testListId="8c84fa94-04c1-424b-9868-57a2d4851a1d" relativeResultsDirectory="a1ff5c00-5323-4fcc-9172-adbe5ea5f8f0" />
    <UnitTestResult executionId="764056bd-2119-42f7-8f6a-8d98ff193ad2" testId="f4657047-c0dd-9134-5680-1706a8daf59b" testName="GameBoy.Tests.CartridgeHeaderTests.Title_HandlesNullTermination" computerName="pkrvm7jw40e0xgp" duration="00:00:00.0005389" startTime="2025-09-08T21:55:52.5395775+00:00" endTime="2025-09-08T21:55:52.5395776+00:00" testType="13cdc9d9-ddb5-4fa4-a97d-d965ccfc6d4b" outcome="Passed" testListId="8c84fa94-04c1-424b-9868-57a2d4851a1d" relativeResultsDirectory="764056bd-2119-42f7-8f6a-8d98ff193ad2" />
    <UnitTestResult executionId="6f37d4d6-010e-4f01-b5a7-308f72ccb4a6" testId="4fce3a6f-33cf-35ce-a94c-5813500576ce" testName="GameBoy.Tests.IoRegionWiringTests.UnusedIoRegisters_IgnoreWrites" computerName="pkrvm7jw40e0xgp" duration="00:00:00.0003084" startTime="2025-09-08T21:55:52.5347446+00:00" endTime="2025-09-08T21:55:52.5347447+00:00" testType="13cdc9d9-ddb5-4fa4-a97d-d965ccfc6d4b" outcome="Passed" testListId="8c84fa94-04c1-424b-9868-57a2d4851a1d" relativeResultsDirectory="6f37d4d6-010e-4f01-b5a7-308f72ccb4a6" />
    <UnitTestResult executionId="bde8c335-7396-4e0a-9910-56855905024b" testId="ef04f673-84e3-cd4d-2450-8c83069b10eb" testName="GameBoy.Tests.InstructionDecodingTests.OpcodeTable_CB_Has256Entries" computerName="pkrvm7jw40e0xgp" duration="00:00:00.0001150" startTime="2025-09-08T21:55:52.4886163+00:00" endTime="2025-09-08T21:55:52.4886164+00:00" testType="13cdc9d9-ddb5-4fa4-a97d-d965ccfc6d4b" outcome="Passed" testListId="8c84fa94-04c1-424b-9868-57a2d4851a1d" relativeResultsDirectory="bde8c335-7396-4e0a-9910-56855905024b" />
    <UnitTestResult executionId="bacf5b8b-6853-4684-a84f-118f53c1ce83" testId="53e5e7a8-6024-ff60-79aa-aa6369ee1521" testName="GameBoy.Tests.InstructionTimingTests.Add16BitToHL_Takes8Cycles" computerName="pkrvm7jw40e0xgp" duration="00:00:00.0003276" startTime="2025-09-08T21:55:52.4025924+00:00" endTime="2025-09-08T21:55:52.4025924+00:00" testType="13cdc9d9-ddb5-4fa4-a97d-d965ccfc6d4b" outcome="Passed" testListId="8c84fa94-04c1-424b-9868-57a2d4851a1d" relativeResultsDirectory="bacf5b8b-6853-4684-a84f-118f53c1ce83" />
    <UnitTestResult executionId="dcbe2c71-6db1-4d9e-a230-bd9f74aca546" testId="520348a5-5e1d-29b0-157c-f566a371215e" testName="GameBoy.Tests.AluTests.Subtract_ZeroResult_SetsZeroFlag" computerName="pkrvm7jw40e0xgp" duration="00:00:00.0001405" startTime="2025-09-08T21:55:52.5480069+00:00" endTime="2025-09-08T21:55:52.5480070+00:00" testType="13cdc9d9-ddb5-4fa4-a97d-d965ccfc6d4b" outcome="Passed" testListId="8c84fa94-04c1-424b-9868-57a2d4851a1d" relativeResultsDirectory="dcbe2c71-6db1-4d9e-a230-bd9f74aca546" />
    <UnitTestResult executionId="1a8a4bad-eaab-4e46-8400-5d66cfc841c7" testId="c487837f-bc02-4b5c-1084-74141b7cd152" testName="GameBoy.Tests.CpuAddressingTests.WriteDE_WritesToDEAddress" computerName="pkrvm7jw40e0xgp" duration="00:00:00.0001725" startTime="2025-09-08T21:55:52.5291489+00:00" endTime="2025-09-08T21:55:52.5291490+00:00" testType="13cdc9d9-ddb5-4fa4-a97d-d965ccfc6d4b" outcome="Passed" testListId="8c84fa94-04c1-424b-9868-57a2d4851a1d" relativeResultsDirectory="1a8a4bad-eaab-4e46-8400-5d66cfc841c7" />
    <UnitTestResult executionId="25f76930-900e-4eab-82fb-b02962c812c8" testId="7b56665c-bc26-7bb7-0701-e9f564d7ca9d" testName="GameBoy.Tests.AdvancedTimingTests.CBShiftMemory_Takes16Cycles" computerName="pkrvm7jw40e0xgp" duration="00:00:00.0008905" startTime="2025-09-08T21:55:52.4989291+00:00" endTime="2025-09-08T21:55:52.4989292+00:00" testType="13cdc9d9-ddb5-4fa4-a97d-d965ccfc6d4b" outcome="Passed" testListId="8c84fa94-04c1-424b-9868-57a2d4851a1d" relativeResultsDirectory="25f76930-900e-4eab-82fb-b02962c812c8" />
    <UnitTestResult executionId="7dd09288-65c2-4ad6-b629-df113167057e" testId="a918492d-accd-2771-5b51-d7bbb17abdc9" testName="GameBoy.Tests.DmaTests.DMA_Transfer_Copies160BytesToOAM" computerName="pkrvm7jw40e0xgp" duration="00:00:00.0003767" startTime="2025-09-08T21:55:52.4281317+00:00" endTime="2025-09-08T21:55:52.4281317+00:00" testType="13cdc9d9-ddb5-4fa4-a97d-d965ccfc6d4b" outcome="Passed" testListId="8c84fa94-04c1-424b-9868-57a2d4851a1d" relativeResultsDirectory="7dd09288-65c2-4ad6-b629-df113167057e" />
    <UnitTestResult executionId="1b8a62d4-141b-4194-b91f-003eec55df83" testId="a6121617-b4c3-5aa2-fa38-ce9a01f41108" testName="GameBoy.Tests.CartridgeHeaderTests.Parse_ValidRom_ParsesHeaderCorrectly" computerName="pkrvm7jw40e0xgp" duration="00:00:00.0005463" startTime="2025-09-08T21:55:52.5451925+00:00" endTime="2025-09-08T21:55:52.5451925+00:00" testType="13cdc9d9-ddb5-4fa4-a97d-d965ccfc6d4b" outcome="Passed" testListId="8c84fa94-04c1-424b-9868-57a2d4851a1d" relativeResultsDirectory="1b8a62d4-141b-4194-b91f-003eec55df83" />
    <UnitTestResult executionId="6c5592f5-6d88-45ce-9304-d0e98eacf4cd" testId="402c82be-c017-778a-e027-cfe8808bbe13" testName="GameBoy.Tests.LcdcTests.BgWindowEnable_ReturnsCorrectValue(value: 0, expected: False)" computerName="pkrvm7jw40e0xgp" duration="00:00:00.0003000" startTime="2025-09-08T21:55:52.4086816+00:00" endTime="2025-09-08T21:55:52.4086817+00:00" testType="13cdc9d9-ddb5-4fa4-a97d-d965ccfc6d4b" outcome="Passed" testListId="8c84fa94-04c1-424b-9868-57a2d4851a1d" relativeResultsDirectory="6c5592f5-6d88-45ce-9304-d0e98eacf4cd" />
    <UnitTestResult executionId="c35e5115-cccb-42b5-9fdd-6a4af71bfa0c" testId="567f6b34-ff76-a4ea-2a3d-217577dec7eb" testName="GameBoy.Tests.TimerTests.DIV_IncrementsEvery256Cycles" computerName="pkrvm7jw40e0xgp" duration="00:00:00.0002610" startTime="2025-09-08T21:55:52.3152773+00:00" endTime="2025-09-08T21:55:52.3152774+00:00" testType="13cdc9d9-ddb5-4fa4-a97d-d965ccfc6d4b" outcome="Passed" testListId="8c84fa94-04c1-424b-9868-57a2d4851a1d" relativeResultsDirectory="c35e5115-cccb-42b5-9fdd-6a4af71bfa0c" />
    <UnitTestResult executionId="d3e80672-15c8-4362-95c5-f8ce0bd44ce1" testId="a18d15b0-f324-9d33-b7ed-48ee9cc4590e" testName="GameBoy.Tests.LcdcTests.BgWindowTileDataArea_ReturnsCorrectValue(value: 0, expected: False)" computerName="pkrvm7jw40e0xgp" duration="00:00:00.0001281" startTime="2025-09-08T21:55:52.4221725+00:00" endTime="2025-09-08T21:55:52.4221726+00:00" testType="13cdc9d9-ddb5-4fa4-a97d-d965ccfc6d4b" outcome="Passed" testListId="8c84fa94-04c1-424b-9868-57a2d4851a1d" relativeResultsDirectory="d3e80672-15c8-4362-95c5-f8ce0bd44ce1" />
    <UnitTestResult executionId="f580774f-a591-4cfe-b2d2-e8edc4c7b074" testId="a080c95f-4132-dfa8-8454-1e0eca69eec8" testName="GameBoy.Tests.SpriteTests.Constructor_WithInvalidOamData_ThrowsException(oamData: null, offset: 0)" computerName="pkrvm7jw40e0xgp" duration="00:00:00.0047677" startTime="2025-09-08T21:55:52.3568825+00:00" endTime="2025-09-08T21:55:52.3568825+00:00" testType="13cdc9d9-ddb5-4fa4-a97d-d965ccfc6d4b" outcome="Passed" testListId="8c84fa94-04c1-424b-9868-57a2d4851a1d" relativeResultsDirectory="f580774f-a591-4cfe-b2d2-e8edc4c7b074" />
    <UnitTestResult executionId="5f5ec5bf-cba8-4817-a476-2cde7ed27fce" testId="868c6e37-cda9-3454-52f1-7ea096cc11d1" testName="GameBoy.Tests.EmulatorMbcIntegrationTests.Emulator_LoadRom_AllUnsupportedMbcTypes_ThrowsNotSupportedException(cartridgeType: 255, expectedMbcName: &quot;HuC1&quot;)" computerName="pkrvm7jw40e0xgp" duration="00:00:00.0001938" startTime="2025-09-08T21:55:52.3165848+00:00" endTime="2025-09-08T21:55:52.3165848+00:00" testType="13cdc9d9-ddb5-4fa4-a97d-d965ccfc6d4b" outcome="Passed" testListId="8c84fa94-04c1-424b-9868-57a2d4851a1d" relativeResultsDirectory="5f5ec5bf-cba8-4817-a476-2cde7ed27fce" />
    <UnitTestResult executionId="b5711036-19ce-4e2a-91d4-fcd5a9d4d8bc" testId="2797ef88-0515-4b97-105e-5f5296e1c81a" testName="GameBoy.Tests.InterruptControllerTests.Service_ClearsCorrectIFBit(interruptType: Timer, bitMask: 4)" computerName="pkrvm7jw40e0xgp" duration="00:00:00.0001934" startTime="2025-09-08T21:55:52.4612442+00:00" endTime="2025-09-08T21:55:52.4612442+00:00" testType="13cdc9d9-ddb5-4fa4-a97d-d965ccfc6d4b" outcome="Passed" testListId="8c84fa94-04c1-424b-9868-57a2d4851a1d" relativeResultsDirectory="b5711036-19ce-4e2a-91d4-fcd5a9d4d8bc" />
    <UnitTestResult executionId="f1724ee5-0f58-4255-a8be-9f77d517dd35" testId="d70c5c99-ba70-7684-3e8d-f51b6f45846e" testName="GameBoy.Tests.PaletteTests.ColorProperties_ReturnCorrectValues(value: 255, color0: 3, color1: 3, color2: 3, color3: 3)" computerName="pkrvm7jw40e0xgp" duration="00:00:00.0001932" startTime="2025-09-08T21:55:52.5398615+00:00" endTime="2025-09-08T21:55:52.5398615+00:00" testType="13cdc9d9-ddb5-4fa4-a97d-d965ccfc6d4b" outcome="Passed" testListId="8c84fa94-04c1-424b-9868-57a2d4851a1d" relativeResultsDirectory="f1724ee5-0f58-4255-a8be-9f77d517dd35" />
    <UnitTestResult executionId="3beb4ef0-8428-4025-8a4c-11fa2be3cbaa" testId="97d20852-f23b-f8e7-dbbb-67fa520ed25f" testName="GameBoy.Tests.PaletteTests.ImplicitConversion_FromByte_Works" computerName="pkrvm7jw40e0xgp" duration="00:00:00.0002729" startTime="2025-09-08T21:55:52.5388902+00:00" endTime="2025-09-08T21:55:52.5388902+00:00" testType="13cdc9d9-ddb5-4fa4-a97d-d965ccfc6d4b" outcome="Passed" testListId="8c84fa94-04c1-424b-9868-57a2d4851a1d" relativeResultsDirectory="3beb4ef0-8428-4025-8a4c-11fa2be3cbaa" />
    <UnitTestResult executionId="efbf1690-7f31-45e9-8cb9-f8f98c4b67e4" testId="2f7abec1-b7d5-acfa-5fa5-f750771cfe27" testName="GameBoy.Tests.CartridgeTests.Detect_UnknownCartridgeType_ThrowsException" computerName="pkrvm7jw40e0xgp" duration="00:00:00.0034420" startTime="2025-09-08T21:55:52.5288597+00:00" endTime="2025-09-08T21:55:52.5288598+00:00" testType="13cdc9d9-ddb5-4fa4-a97d-d965ccfc6d4b" outcome="Passed" testListId="8c84fa94-04c1-424b-9868-57a2d4851a1d" relativeResultsDirectory="efbf1690-7f31-45e9-8cb9-f8f98c4b67e4" />
    <UnitTestResult executionId="9e65f8b8-ff12-42a7-b331-cbeaaf1a1ffc" testId="dae4ed5e-68f7-ae13-06ad-634f1ae3e185" testName="GameBoy.Tests.EmulatorMbcIntegrationTests.Emulator_BatteryRam_SaveLoad_Mbc5RamBanking" computerName="pkrvm7jw40e0xgp" duration="00:00:00.0037362" startTime="2025-09-08T21:55:52.3167322+00:00" endTime="2025-09-08T21:55:52.3167323+00:00" testType="13cdc9d9-ddb5-4fa4-a97d-d965ccfc6d4b" outcome="Passed" testListId="8c84fa94-04c1-424b-9868-57a2d4851a1d" relativeResultsDirectory="9e65f8b8-ff12-42a7-b331-cbeaaf1a1ffc" />
    <UnitTestResult executionId="56f5f552-2ad8-408d-a28a-c95bbc7235de" testId="df8b2ad9-4c19-03fa-9159-9bfe314bedb3" testName="GameBoy.Tests.InterruptServiceRoutineTests.RETI_ReturnsFromInterrupt_EnablesIME" computerName="pkrvm7jw40e0xgp" duration="00:00:00.0032048" startTime="2025-09-08T21:55:52.4425541+00:00" endTime="2025-09-08T21:55:52.4425541+00:00" testType="13cdc9d9-ddb5-4fa4-a97d-d965ccfc6d4b" outcome="Passed" testListId="8c84fa94-04c1-424b-9868-57a2d4851a1d" relativeResultsDirectory="56f5f552-2ad8-408d-a28a-c95bbc7235de" />
    <UnitTestResult executionId="7e0f24be-e1e0-4759-83bf-ce6c44edefc1" testId="89310ca8-2119-9a48-4592-7208a0d5d5d6" testName="GameBoy.Tests.TimerTests.TIMA_IncrementsAtCorrectFrequency(tacValue: 5, expectedCycles: 16)" computerName="pkrvm7jw40e0xgp" duration="00:00:00.0000093" startTime="2025-09-08T21:55:52.3132126+00:00" endTime="2025-09-08T21:55:52.3132127+00:00" testType="13cdc9d9-ddb5-4fa4-a97d-d965ccfc6d4b" outcome="Passed" testListId="8c84fa94-04c1-424b-9868-57a2d4851a1d" relativeResultsDirectory="7e0f24be-e1e0-4759-83bf-ce6c44edefc1" />
    <UnitTestResult executionId="d62c9053-7bf0-45ce-a8ea-642fe8446600" testId="f91ff194-938d-3151-15ad-e1bedb725c08" testName="GameBoy.Tests.CartridgeTests.Detect_AllMbc4Variants_ThrowsNotSupportedException(cartridgeType: 23)" computerName="pkrvm7jw40e0xgp" duration="00:00:00.0000581" startTime="2025-09-08T21:55:52.5119307+00:00" endTime="2025-09-08T21:55:52.5119307+00:00" testType="13cdc9d9-ddb5-4fa4-a97d-d965ccfc6d4b" outcome="Passed" testListId="8c84fa94-04c1-424b-9868-57a2d4851a1d" relativeResultsDirectory="d62c9053-7bf0-45ce-a8ea-642fe8446600" />
    <UnitTestResult executionId="37a81ef3-304e-4f45-9c68-3648ff9b08fd" testId="3911e103-bd52-2f50-2637-a3a3883a0ca9" testName="GameBoy.Tests.InterruptControllerTests.IE_SetAndRead_ReturnsExactValue(value: 255)" computerName="pkrvm7jw40e0xgp" duration="00:00:00.0001183" startTime="2025-09-08T21:55:52.4669762+00:00" endTime="2025-09-08T21:55:52.4669763+00:00" testType="13cdc9d9-ddb5-4fa4-a97d-d965ccfc6d4b" outcome="Passed" testListId="8c84fa94-04c1-424b-9868-57a2d4851a1d" relativeResultsDirectory="37a81ef3-304e-4f45-9c68-3648ff9b08fd" />
    <UnitTestResult executionId="686c7770-5a37-4e90-b9a2-24c20da7b615" testId="00713273-ffaf-eabf-2926-cb2bda7c8482" testName="GameBoy.Tests.CartridgeMmuIntegrationTests.Mmu_WriteByte_RoutesToCartridgeRom" computerName="pkrvm7jw40e0xgp" duration="00:00:00.0003553" startTime="2025-09-08T21:55:52.4890817+00:00" endTime="2025-09-08T21:55:52.4890818+00:00" testType="13cdc9d9-ddb5-4fa4-a97d-d965ccfc6d4b" outcome="Passed" testListId="8c84fa94-04c1-424b-9868-57a2d4851a1d" relativeResultsDirectory="686c7770-5a37-4e90-b9a2-24c20da7b615" />
    <UnitTestResult executionId="97c2ee87-10bc-462f-9f9b-ef4d3a8ea011" testId="3f0d6e46-8baa-f2a8-ffbe-169b35cd84a1" testName="GameBoy.Tests.MmuTests.ReadWrite_WorkInRamRegion" computerName="pkrvm7jw40e0xgp" duration="00:00:00.0002014" startTime="2025-09-08T21:55:52.3579706+00:00" endTime="2025-09-08T21:55:52.3579707+00:00" testType="13cdc9d9-ddb5-4fa4-a97d-d965ccfc6d4b" outcome="Passed" testListId="8c84fa94-04c1-424b-9868-57a2d4851a1d" relativeResultsDirectory="97c2ee87-10bc-462f-9f9b-ef4d3a8ea011" />
    <UnitTestResult executionId="851ab98b-e9e2-4ef6-8e42-101ac898e10a" testId="9eb2c353-03f0-5f64-e4b4-63583e65dddf" testName="GameBoy.Tests.PaletteTests.GetRgbaColor_CombinesMappingAndConversion(paletteValue: 228, colorIndex: 3, expectedRgba: -15779825)" computerName="pkrvm7jw40e0xgp" duration="00:00:00.0003248" startTime="2025-09-08T21:55:52.5381135+00:00" endTime="2025-09-08T21:55:52.5381136+00:00" testType="13cdc9d9-ddb5-4fa4-a97d-d965ccfc6d4b" outcome="Passed" testListId="8c84fa94-04c1-424b-9868-57a2d4851a1d" relativeResultsDirectory="851ab98b-e9e2-4ef6-8e42-101ac898e10a" />
    <UnitTestResult executionId="d34cf38e-d3cf-4600-a3b6-ebf4c5dd932f" testId="93ba5e1b-b417-3fca-4829-8fc08c6b3060" testName="GameBoy.Tests.AdvancedTimingTests.ConditionalRelativeJumpNoCarryTaken_Takes12Cycles" computerName="pkrvm7jw40e0xgp" duration="00:00:00.0001731" startTime="2025-09-08T21:55:52.5116731+00:00" endTime="2025-09-08T21:55:52.5116732+00:00" testType="13cdc9d9-ddb5-4fa4-a97d-d965ccfc6d4b" outcome="Passed" testListId="8c84fa94-04c1-424b-9868-57a2d4851a1d" relativeResultsDirectory="d34cf38e-d3cf-4600-a3b6-ebf4c5dd932f" />
    <UnitTestResult executionId="ed4c337c-d64f-4642-8676-b1bdbe4e5b1f" testId="775f5db1-5f70-460a-b41a-0bd44483a2e8" testName="GameBoy.Tests.Mbc3Tests.BatteryInterface_LargeRamSize_HandledCorrectly" computerName="pkrvm7jw40e0xgp" duration="00:00:00.0003730" startTime="2025-09-08T21:55:52.4742975+00:00" endTime="2025-09-08T21:55:52.4742976+00:00" testType="13cdc9d9-ddb5-4fa4-a97d-d965ccfc6d4b" outcome="Passed" testListId="8c84fa94-04c1-424b-9868-57a2d4851a1d" relativeResultsDirectory="ed4c337c-d64f-4642-8676-b1bdbe4e5b1f" />
    <UnitTestResult executionId="715bdf6e-a515-4621-b546-2ac879958dba" testId="9a193880-0dbc-0c20-4bde-874bbeb0b7c0" testName="GameBoy.Tests.InstructionDecodingTests.Instruction_ExplicitOperandType_OverridesDeduction" computerName="pkrvm7jw40e0xgp" duration="00:00:00.0001899" startTime="2025-09-08T21:55:52.5004197+00:00" endTime="2025-09-08T21:55:52.5004198+00:00" testType="13cdc9d9-ddb5-4fa4-a97d-d965ccfc6d4b" outcome="Passed" testListId="8c84fa94-04c1-424b-9868-57a2d4851a1d" relativeResultsDirectory="715bdf6e-a515-4621-b546-2ac879958dba" />
    <UnitTestResult executionId="47f73709-ba25-4ae8-bbf5-6dc1b98672f9" testId="b08827ac-26da-9808-9d71-21cf61e7a8a6" testName="GameBoy.Tests.SpriteTests.GetRelativeY16_ReturnsCorrectValueFor8x16Sprites(y: 80, scanline: 75, attributes: 64, expected: 4)" computerName="pkrvm7jw40e0xgp" duration="00:00:00.0006340" startTime="2025-09-08T21:55:52.3234687+00:00" endTime="2025-09-08T21:55:52.3234688+00:00" testType="13cdc9d9-ddb5-4fa4-a97d-d965ccfc6d4b" outcome="Passed" testListId="8c84fa94-04c1-424b-9868-57a2d4851a1d" relativeResultsDirectory="47f73709-ba25-4ae8-bbf5-6dc1b98672f9" />
    <UnitTestResult executionId="10108b6e-44ff-4b0d-bece-84d8b55430e2" testId="0a850e22-baaa-80a1-6a29-3a2a4a82459e" testName="GameBoy.Tests.InstructionTimingTests.ConditionalReturnNotTaken_Takes8Cycles" computerName="pkrvm7jw40e0xgp" duration="00:00:00.0001412" startTime="2025-09-08T21:55:52.4306118+00:00" endTime="2025-09-08T21:55:52.4306118+00:00" testType="13cdc9d9-ddb5-4fa4-a97d-d965ccfc6d4b" outcome="Passed" testListId="8c84fa94-04c1-424b-9868-57a2d4851a1d" relativeResultsDirectory="10108b6e-44ff-4b0d-bece-84d8b55430e2" />
    <UnitTestResult executionId="a6ea2e0a-6299-4bcb-a0a0-bc63d864a150" testId="b9829d76-77bc-ca06-9121-c768f03fc614" testName="GameBoy.Tests.LcdcTests.ToString_ReturnsDescriptiveString" computerName="pkrvm7jw40e0xgp" duration="00:00:00.0004060" startTime="2025-09-08T21:55:52.4290817+00:00" endTime="2025-09-08T21:55:52.4290818+00:00" testType="13cdc9d9-ddb5-4fa4-a97d-d965ccfc6d4b" outcome="Passed" testListId="8c84fa94-04c1-424b-9868-57a2d4851a1d" relativeResultsDirectory="a6ea2e0a-6299-4bcb-a0a0-bc63d864a150" />
    <UnitTestResult executionId="c894576b-dce0-4cb4-852a-8eefb7f63304" testId="8cea6483-49fc-8217-33b9-a984dedb5b88" testName="GameBoy.Tests.Integration.MooneyeInterruptTests.Mooneye_TimerInterruptTests_ExecuteSuccessfully(category: &quot;timer&quot;, romFile: &quot;tima_reload.gb&quot;, description: &quot;TIMA reload interrupt behavior&quot;)" computerName="pkrvm7jw40e0xgp" duration="00:00:00.0000110" startTime="2025-09-08T21:55:52.3074570+00:00" endTime="2025-09-08T21:55:52.3074571+00:00" testType="13cdc9d9-ddb5-4fa4-a97d-d965ccfc6d4b" outcome="Passed" testListId="8c84fa94-04c1-424b-9868-57a2d4851a1d" relativeResultsDirectory="c894576b-dce0-4cb4-852a-8eefb7f63304" />
    <UnitTestResult executionId="acdf8f3d-21d0-4e4b-b16b-a2f8bd027dc0" testId="e5d42409-ac9d-df3e-a096-d0c7d1b4028f" testName="GameBoy.Tests.EmulatorMbcIntegrationTests.Emulator_ExternalRamAccessibility_AllMbcTypes" computerName="pkrvm7jw40e0xgp" duration="00:00:00.0074374" startTime="2025-09-08T21:55:52.3156846+00:00" endTime="2025-09-08T21:55:52.3156847+00:00" testType="13cdc9d9-ddb5-4fa4-a97d-d965ccfc6d4b" outcome="Passed" testListId="8c84fa94-04c1-424b-9868-57a2d4851a1d" relativeResultsDirectory="acdf8f3d-21d0-4e4b-b16b-a2f8bd027dc0" />
    <UnitTestResult executionId="1d8832cc-c830-42b3-a0ba-9f39dc6e420a" testId="e18c5c21-e916-b247-5614-914afe1fc364" testName="GameBoy.Tests.CpuMmuIntegrationTests.HLI_Addressing_WorksAcrossMemoryRegions" computerName="pkrvm7jw40e0xgp" duration="00:00:00.0002449" startTime="2025-09-08T21:55:52.3911722+00:00" endTime="2025-09-08T21:55:52.3911723+00:00" testType="13cdc9d9-ddb5-4fa4-a97d-d965ccfc6d4b" outcome="Passed" testListId="8c84fa94-04c1-424b-9868-57a2d4851a1d" relativeResultsDirectory="1d8832cc-c830-42b3-a0ba-9f39dc6e420a" />
    <UnitTestResult executionId="aef61e58-e555-41e7-aad0-a578203b65a4" testId="4ef83935-2c9d-9172-b02d-2e01d610b9a6" testName="GameBoy.Tests.InstructionDecodingTests.SpecificInstructions_HaveCorrectMetadata(opcode: 64, expectedMnemonic: &quot;LD B,B&quot;, expectedLength: 1, expectedCycles: 4, expectedOperandType: Register)" computerName="pkrvm7jw40e0xgp" duration="00:00:00.0000061" startTime="2025-09-08T21:55:52.4768595+00:00" endTime="2025-09-08T21:55:52.4768595+00:00" testType="13cdc9d9-ddb5-4fa4-a97d-d965ccfc6d4b" outcome="Passed" testListId="8c84fa94-04c1-424b-9868-57a2d4851a1d" relativeResultsDirectory="aef61e58-e555-41e7-aad0-a578203b65a4" />
    <UnitTestResult executionId="395e8111-4226-4430-977f-a000ef823f6c" testId="b6831fa2-b98c-1623-5ae4-1f812f49b14d" testName="GameBoy.Tests.Integration.MooneyeInterruptTests.Mooneye_InterruptTests_ExecuteSuccessfully(category: &quot;interrupts&quot;, romFile: &quot;ei_sequence.gb&quot;, description: &quot;EI instruction sequence test&quot;)" computerName="pkrvm7jw40e0xgp" duration="00:00:00.0000147" startTime="2025-09-08T21:55:52.1631731+00:00" endTime="2025-09-08T21:55:52.1631731+00:00" testType="13cdc9d9-ddb5-4fa4-a97d-d965ccfc6d4b" outcome="Passed" testListId="8c84fa94-04c1-424b-9868-57a2d4851a1d" relativeResultsDirectory="395e8111-4226-4430-977f-a000ef823f6c" />
    <UnitTestResult executionId="617f99e8-9caf-4fa6-bdee-a0c23a75106d" testId="bfb1d342-e7f4-aed9-f8c1-b4963cb41e12" testName="GameBoy.Tests.AluTests.Xor_BasicOperation_CorrectResult" computerName="pkrvm7jw40e0xgp" duration="00:00:00.0001429" startTime="2025-09-08T21:55:52.5463639+00:00" endTime="2025-09-08T21:55:52.5463640+00:00" testType="13cdc9d9-ddb5-4fa4-a97d-d965ccfc6d4b" outcome="Passed" testListId="8c84fa94-04c1-424b-9868-57a2d4851a1d" relativeResultsDirectory="617f99e8-9caf-4fa6-bdee-a0c23a75106d" />
    <UnitTestResult executionId="5920c1fb-a0e0-4cf4-b3cd-d45c9c3e6381" testId="15e035ed-afb8-5321-580b-fab9257f66ce" testName="GameBoy.Tests.CartridgeHeaderTests.IsValidHeader_InvalidRamSize_ReturnsFalse" computerName="pkrvm7jw40e0xgp" duration="00:00:00.0001498" startTime="2025-09-08T21:55:52.5417203+00:00" endTime="2025-09-08T21:55:52.5417203+00:00" testType="13cdc9d9-ddb5-4fa4-a97d-d965ccfc6d4b" outcome="Passed" testListId="8c84fa94-04c1-424b-9868-57a2d4851a1d" relativeResultsDirectory="5920c1fb-a0e0-4cf4-b3cd-d45c9c3e6381" />
    <UnitTestResult executionId="03899d0f-d14b-4e5b-9c46-b00f65669a5f" testId="0d900af8-feaf-53ad-8159-86e398f23b64" testName="GameBoy.Tests.TimerTests.SetTMA_UpdatesRegisterValue" computerName="pkrvm7jw40e0xgp" duration="00:00:00.0001219" startTime="2025-09-08T21:55:52.3142778+00:00" endTime="2025-09-08T21:55:52.3142778+00:00" testType="13cdc9d9-ddb5-4fa4-a97d-d965ccfc6d4b" outcome="Passed" testListId="8c84fa94-04c1-424b-9868-57a2d4851a1d" relativeResultsDirectory="03899d0f-d14b-4e5b-9c46-b00f65669a5f" />
    <UnitTestResult executionId="8b6fc921-842b-4a1f-b1ba-c5c6ed0cf73e" testId="70229db9-54fe-4572-3355-d3dc3b4c6a35" testName="GameBoy.Tests.InterruptControllerTests.IF_IE_PartialMaskingScenarios" computerName="pkrvm7jw40e0xgp" duration="00:00:00.0002105" startTime="2025-09-08T21:55:52.4745281+00:00" endTime="2025-09-08T21:55:52.4745281+00:00" testType="13cdc9d9-ddb5-4fa4-a97d-d965ccfc6d4b" outcome="Passed" testListId="8c84fa94-04c1-424b-9868-57a2d4851a1d" relativeResultsDirectory="8b6fc921-842b-4a1f-b1ba-c5c6ed0cf73e" />
    <UnitTestResult executionId="dd54cd0a-835c-44e6-9580-5369f5c9d34e" testId="de495bfb-e18f-7b3e-358c-ab844b968319" testName="GameBoy.Tests.EmulatorMbcIntegrationTests.Emulator_BatteryRam_ErrorHandling_EdgeCases" computerName="pkrvm7jw40e0xgp" duration="00:00:00.0005910" startTime="2025-09-08T21:55:52.3212362+00:00" endTime="2025-09-08T21:55:52.3212364+00:00" testType="13cdc9d9-ddb5-4fa4-a97d-d965ccfc6d4b" outcome="Passed" testListId="8c84fa94-04c1-424b-9868-57a2d4851a1d" relativeResultsDirectory="dd54cd0a-835c-44e6-9580-5369f5c9d34e" />
    <UnitTestResult executionId="b0a268fd-d6c2-4bbb-95d1-25f1c86999ce" testId="20ea08c8-8b04-7d20-054d-e7de8a3eb9f3" testName="GameBoy.Tests.Integration.BlarggInterruptTests.Blargg_MasterInterruptSuite_ExecutesSuccessfully" computerName="pkrvm7jw40e0xgp" duration="00:00:00.0004191" startTime="2025-09-08T21:55:52.4463292+00:00" endTime="2025-09-08T21:55:52.4463293+00:00" testType="13cdc9d9-ddb5-4fa4-a97d-d965ccfc6d4b" outcome="Passed" testListId="8c84fa94-04c1-424b-9868-57a2d4851a1d" relativeResultsDirectory="b0a268fd-d6c2-4bbb-95d1-25f1c86999ce" />
    <UnitTestResult executionId="5dfc3c47-e1b0-4537-95b5-c57ba58dcef9" testId="1dda9783-2e46-a027-eaae-c1a88a4222a6" testName="GameBoy.Tests.InstructionGroupTests.CB_RES_3_B_ClearsBit" computerName="pkrvm7jw40e0xgp" duration="00:00:00.0004439" startTime="2025-09-08T21:55:52.3710091+00:00" endTime="2025-09-08T21:55:52.3710092+00:00" testType="13cdc9d9-ddb5-4fa4-a97d-d965ccfc6d4b" outcome="Passed" testListId="8c84fa94-04c1-424b-9868-57a2d4851a1d" relativeResultsDirectory="5dfc3c47-e1b0-4537-95b5-c57ba58dcef9" />
    <UnitTestResult executionId="7bd4e0bf-04b0-4d92-a386-75b3639e7905" testId="481a9655-e6cf-cca5-fe8e-baa39a8def21" testName="GameBoy.Tests.CartridgeHeaderTests.RamSize_InvalidCodes_DefaultsToZero(code: 6)" computerName="pkrvm7jw40e0xgp" duration="00:00:00.0001875" startTime="2025-09-08T21:55:52.5396515+00:00" endTime="2025-09-08T21:55:52.5396515+00:00" testType="13cdc9d9-ddb5-4fa4-a97d-d965ccfc6d4b" outcome="Passed" testListId="8c84fa94-04c1-424b-9868-57a2d4851a1d" relativeResultsDirectory="7bd4e0bf-04b0-4d92-a386-75b3639e7905" />
    <UnitTestResult executionId="8738c4d5-a0b2-4635-8b1c-6b63812df601" testId="0e1a1065-5acf-b7b2-59dc-9aa570229662" testName="GameBoy.Tests.CartridgeHeaderTests.RomSize_CalculatesCorrectSizeForStandardCodes(code: 4, expectedSize: 524288)" computerName="pkrvm7jw40e0xgp" duration="00:00:00.0000065" startTime="2025-09-08T21:55:52.5428716+00:00" endTime="2025-09-08T21:55:52.5428717+00:00" testType="13cdc9d9-ddb5-4fa4-a97d-d965ccfc6d4b" outcome="Passed" testListId="8c84fa94-04c1-424b-9868-57a2d4851a1d" relativeResultsDirectory="8738c4d5-a0b2-4635-8b1c-6b63812df601" />
    <UnitTestResult executionId="e6ea1b20-61af-456f-8461-3fc50ec038ff" testId="4d4917df-13af-b6db-e6aa-bf414105029e" testName="GameBoy.Tests.AluTests.And_NonZeroResult_CorrectFlags" computerName="pkrvm7jw40e0xgp" duration="00:00:00.0001350" startTime="2025-09-08T21:55:52.5502053+00:00" endTime="2025-09-08T21:55:52.5502053+00:00" testType="13cdc9d9-ddb5-4fa4-a97d-d965ccfc6d4b" outcome="Passed" testListId="8c84fa94-04c1-424b-9868-57a2d4851a1d" relativeResultsDirectory="e6ea1b20-61af-456f-8461-3fc50ec038ff" />
    <UnitTestResult executionId="c72c9a97-14a5-44a0-a5c8-eada017f6b33" testId="43ceb7e8-ddf0-88ac-1ec8-6a27339a1a57" testName="GameBoy.Tests.SpriteTests.ToString_ReturnsDescriptiveString" computerName="pkrvm7jw40e0xgp" duration="00:00:00.0001918" startTime="2025-09-08T21:55:52.3571896+00:00" endTime="2025-09-08T21:55:52.3571896+00:00" testType="13cdc9d9-ddb5-4fa4-a97d-d965ccfc6d4b" outcome="Passed" testListId="8c84fa94-04c1-424b-9868-57a2d4851a1d" relativeResultsDirectory="c72c9a97-14a5-44a0-a5c8-eada017f6b33" />
    <UnitTestResult executionId="62a641b7-615b-494b-b575-40bb5b7e5dc3" testId="50e8632c-9dc0-4044-80dd-af4b9da2c568" testName="GameBoy.Tests.Integration.BlarggIntegrationTests.ListAvailableTestRoms" computerName="pkrvm7jw40e0xgp" duration="00:00:00.0003238" startTime="2025-09-08T21:55:52.4026687+00:00" endTime="2025-09-08T21:55:52.4026687+00:00" testType="13cdc9d9-ddb5-4fa4-a97d-d965ccfc6d4b" outcome="Passed" testListId="8c84fa94-04c1-424b-9868-57a2d4851a1d" relativeResultsDirectory="62a641b7-615b-494b-b575-40bb5b7e5dc3" />
    <UnitTestResult executionId="fa3e4d53-0d15-4245-9e81-7564f4f2b5f4" testId="9c76c2d4-6c77-4aca-32f2-bc9af242acb9" testName="GameBoy.Tests.Mbc5Tests.ExternalRam_4BitBankMasking_OnlyLower4BitsUsed" computerName="pkrvm7jw40e0xgp" duration="00:00:00.0003824" startTime="2025-09-08T21:55:52.6044455+00:00" endTime="2025-09-08T21:55:52.6044456+00:00" testType="13cdc9d9-ddb5-4fa4-a97d-d965ccfc6d4b" outcome="Passed" testListId="8c84fa94-04c1-424b-9868-57a2d4851a1d" relativeResultsDirectory="fa3e4d53-0d15-4245-9e81-7564f4f2b5f4" />
    <UnitTestResult executionId="5d274cb3-16c1-4048-9ed9-07df0075aeb1" testId="f7a31abf-7989-bca1-7786-4a315e908b44" testName="GameBoy.Tests.PaletteTests.ToRgba_ReturnsCorrectColors(colorValue: 3, expectedRgba: -15779825)" computerName="pkrvm7jw40e0xgp" duration="00:00:00.0002603" startTime="2025-09-08T21:55:52.5365280+00:00" endTime="2025-09-08T21:55:52.5365281+00:00" testType="13cdc9d9-ddb5-4fa4-a97d-d965ccfc6d4b" outcome="Passed" testListId="8c84fa94-04c1-424b-9868-57a2d4851a1d" relativeResultsDirectory="5d274cb3-16c1-4048-9ed9-07df0075aeb1" />
    <UnitTestResult executionId="850bf6a7-9549-488e-b3c2-03b02feb8218" testId="7442a55d-f311-aeb2-d728-05e01e86828d" testName="GameBoy.Tests.InstructionTimingTests.LoadImmediate8_Takes8Cycles" computerName="pkrvm7jw40e0xgp" duration="00:00:00.0002339" startTime="2025-09-08T21:55:52.4394854+00:00" endTime="2025-09-08T21:55:52.4394854+00:00" testType="13cdc9d9-ddb5-4fa4-a97d-d965ccfc6d4b" outcome="Passed" testListId="8c84fa94-04c1-424b-9868-57a2d4851a1d" relativeResultsDirectory="850bf6a7-9549-488e-b3c2-03b02feb8218" />
    <UnitTestResult executionId="54e3b4d5-f905-4002-81de-06c7f151ab0c" testId="e3f90ec9-f43d-b3fc-8592-a34fc29e9657" testName="GameBoy.Tests.Integration.CpuInstructionTests.ADD_A_B_AddsRegisterToA(aValue: 16, bValue: 32, expectedResult: 48, expectedZ: False, expectedN: False, expectedH: False, expectedC: False)" computerName="pkrvm7jw40e0xgp" duration="00:00:00.0003329" startTime="2025-09-08T21:55:52.4605322+00:00" endTime="2025-09-08T21:55:52.4605323+00:00" testType="13cdc9d9-ddb5-4fa4-a97d-d965ccfc6d4b" outcome="Passed" testListId="8c84fa94-04c1-424b-9868-57a2d4851a1d" relativeResultsDirectory="54e3b4d5-f905-4002-81de-06c7f151ab0c" />
    <UnitTestResult executionId="b3d85275-3219-4037-896a-d49b190fed4f" testId="6a8dce1a-7d9c-dae0-8d7d-5c3206d60be4" testName="GameBoy.Tests.InterruptControllerTests.Service_ReturnsCorrectVectorAddress(interruptType: LCDStat, expectedVector: 72)" computerName="pkrvm7jw40e0xgp" duration="00:00:00.0000081" startTime="2025-09-08T21:55:52.4606533+00:00" endTime="2025-09-08T21:55:52.4606533+00:00" testType="13cdc9d9-ddb5-4fa4-a97d-d965ccfc6d4b" outcome="Passed" testListId="8c84fa94-04c1-424b-9868-57a2d4851a1d" relativeResultsDirectory="b3d85275-3219-4037-896a-d49b190fed4f" />
    <UnitTestResult executionId="9cc6ee5a-0e6f-4b04-bbe1-d845b182980a" testId="1a99f535-58ef-5f45-a666-3cf07f572492" testName="GameBoy.Tests.CpuAddressingTests.AddressingHelpers_HL_IncrementDecrement_WorksWithOpcodes" computerName="pkrvm7jw40e0xgp" duration="00:00:00.0003226" startTime="2025-09-08T21:55:52.5304735+00:00" endTime="2025-09-08T21:55:52.5304736+00:00" testType="13cdc9d9-ddb5-4fa4-a97d-d965ccfc6d4b" outcome="Passed" testListId="8c84fa94-04c1-424b-9868-57a2d4851a1d" relativeResultsDirectory="9cc6ee5a-0e6f-4b04-bbe1-d845b182980a" />
    <UnitTestResult executionId="16039246-446c-4699-98a1-5cf82f852583" testId="c4a2b9de-d243-2f16-41d5-6b033ac97262" testName="GameBoy.Tests.Integration.CpuInstructionTests.LD_r_d8_LoadsImmediateValue(opcode: 6)" computerName="pkrvm7jw40e0xgp" duration="00:00:00.0002292" startTime="2025-09-08T21:55:52.4523448+00:00" endTime="2025-09-08T21:55:52.4523449+00:00" testType="13cdc9d9-ddb5-4fa4-a97d-d965ccfc6d4b" outcome="Passed" testListId="8c84fa94-04c1-424b-9868-57a2d4851a1d" relativeResultsDirectory="16039246-446c-4699-98a1-5cf82f852583" />
    <UnitTestResult executionId="9267a8af-cb85-4e38-8598-c9078fca4c80" testId="34ba6aef-23b1-36de-6e3a-5dcc805b4fb9" testName="GameBoy.Tests.EmulatorMbcIntegrationTests.Emulator_LoadRom_AllUnsupportedMbcTypes_ThrowsNotSupportedException(cartridgeType: 254, expectedMbcName: &quot;HuC3&quot;)" computerName="pkrvm7jw40e0xgp" duration="00:00:00.0001920" startTime="2025-09-08T21:55:52.3164483+00:00" endTime="2025-09-08T21:55:52.3164484+00:00" testType="13cdc9d9-ddb5-4fa4-a97d-d965ccfc6d4b" outcome="Passed" testListId="8c84fa94-04c1-424b-9868-57a2d4851a1d" relativeResultsDirectory="9267a8af-cb85-4e38-8598-c9078fca4c80" />
    <UnitTestResult executionId="b1b5a581-8eae-46b6-af72-6eb7420d98ef" testId="13bdd754-9ad8-fe64-9252-9f4b326f20fb" testName="GameBoy.Tests.EmulatorTests.Reset_RestoresPostBiosState" computerName="pkrvm7jw40e0xgp" duration="00:00:00.0075470" startTime="2025-09-08T21:55:52.4294575+00:00" endTime="2025-09-08T21:55:52.4294575+00:00" testType="13cdc9d9-ddb5-4fa4-a97d-d965ccfc6d4b" outcome="Passed" testListId="8c84fa94-04c1-424b-9868-57a2d4851a1d" relativeResultsDirectory="b1b5a581-8eae-46b6-af72-6eb7420d98ef" />
    <UnitTestResult executionId="27dc514d-0cb0-4c2b-9113-912cf546b18e" testId="a99bf4e7-f033-ee5e-346e-e1374518cb9f" testName="GameBoy.Tests.LcdcTests.WindowEnable_ReturnsCorrectValue(value: 0, expected: False)" computerName="pkrvm7jw40e0xgp" duration="00:00:00.0006463" startTime="2025-09-08T21:55:52.4094606+00:00" endTime="2025-09-08T21:55:52.4094607+00:00" testType="13cdc9d9-ddb5-4fa4-a97d-d965ccfc6d4b" outcome="Passed" testListId="8c84fa94-04c1-424b-9868-57a2d4851a1d" relativeResultsDirectory="27dc514d-0cb0-4c2b-9113-912cf546b18e" />
    <UnitTestResult executionId="33a2e1dc-aa04-49a8-9455-77c6464a4787" testId="a48351fd-d035-e6c9-2c2e-b880aadd8527" testName="GameBoy.Tests.Integration.CpuInstructionTests.CB_RLC_B_RotateLeftCircular(initial: 0, expected: 0, expectedZ: True, expectedN: False, expectedH: False, expectedC: False)" computerName="pkrvm7jw40e0xgp" duration="00:00:00.0000155" startTime="2025-09-08T21:55:52.4603680+00:00" endTime="2025-09-08T21:55:52.4603681+00:00" testType="13cdc9d9-ddb5-4fa4-a97d-d965ccfc6d4b" outcome="Passed" testListId="8c84fa94-04c1-424b-9868-57a2d4851a1d" relativeResultsDirectory="33a2e1dc-aa04-49a8-9455-77c6464a4787" />
    <UnitTestResult executionId="1a0257e7-b0fa-4ca0-a9d0-a984efdc45f7" testId="faecd196-9331-4d2e-0396-ef8ec5e6c956" testName="GameBoy.Tests.LcdcTests.UsesSignedTileIndexing_ReturnsCorrectValue(value: 0, expected: True)" computerName="pkrvm7jw40e0xgp" duration="00:00:00.0002990" startTime="2025-09-08T21:55:52.4243326+00:00" endTime="2025-09-08T21:55:52.4243327+00:00" testType="13cdc9d9-ddb5-4fa4-a97d-d965ccfc6d4b" outcome="Passed" testListId="8c84fa94-04c1-424b-9868-57a2d4851a1d" relativeResultsDirectory="1a0257e7-b0fa-4ca0-a9d0-a984efdc45f7" />
    <UnitTestResult executionId="33f465dc-d947-4b6d-b65a-2067d542709b" testId="c5424e69-5ea8-afcc-b682-25607cd1397f" testName="GameBoy.Tests.SpriteTests.IsVisibleHorizontally_ReturnsCorrectValue(x: 168, expected: False)" computerName="pkrvm7jw40e0xgp" duration="00:00:00.0101504" startTime="2025-09-08T21:55:52.3260950+00:00" endTime="2025-09-08T21:55:52.3260951+00:00" testType="13cdc9d9-ddb5-4fa4-a97d-d965ccfc6d4b" outcome="Passed" testListId="8c84fa94-04c1-424b-9868-57a2d4851a1d" relativeResultsDirectory="33f465dc-d947-4b6d-b65a-2067d542709b" />
    <UnitTestResult executionId="cec09c99-4383-4630-9fee-11dd3c113e4c" testId="bdd6a821-46b5-b006-523f-4f1b3b86fff7" testName="GameBoy.Tests.InstructionGroupTests.CPL_ComplementsA" computerName="pkrvm7jw40e0xgp" duration="00:00:00.0003722" startTime="2025-09-08T21:55:52.3458632+00:00" endTime="2025-09-08T21:55:52.3458633+00:00" testType="13cdc9d9-ddb5-4fa4-a97d-d965ccfc6d4b" outcome="Passed" testListId="8c84fa94-04c1-424b-9868-57a2d4851a1d" relativeResultsDirectory="cec09c99-4383-4630-9fee-11dd3c113e4c" />
    <UnitTestResult executionId="ace5946d-a208-4dc3-a55a-2099f81f6465" testId="105065c8-b97d-dd6e-45ef-b50592932e09" testName="GameBoy.Tests.AdvancedTimingTests.ConditionalRelativeJumpCarryTaken_Takes12Cycles" computerName="pkrvm7jw40e0xgp" duration="00:00:00.0163118" startTime="2025-09-08T21:55:52.5005000+00:00" endTime="2025-09-08T21:55:52.5005001+00:00" testType="13cdc9d9-ddb5-4fa4-a97d-d965ccfc6d4b" outcome="Passed" testListId="8c84fa94-04c1-424b-9868-57a2d4851a1d" relativeResultsDirectory="ace5946d-a208-4dc3-a55a-2099f81f6465" />
    <UnitTestResult executionId="6aa6aec0-e3b5-4c06-a5a3-089caea6d26b" testId="e98b7070-07ac-5d2f-0d91-713b7a047351" testName="GameBoy.Tests.CycleAccuracyValidationTests.All16BitOperations_Take8Cycles" computerName="pkrvm7jw40e0xgp" duration="00:00:00.0015052" startTime="2025-09-08T21:55:52.5254580+00:00" endTime="2025-09-08T21:55:52.5254581+00:00" testType="13cdc9d9-ddb5-4fa4-a97d-d965ccfc6d4b" outcome="Passed" testListId="8c84fa94-04c1-424b-9868-57a2d4851a1d" relativeResultsDirectory="6aa6aec0-e3b5-4c06-a5a3-089caea6d26b" />
    <UnitTestResult executionId="c63de931-fb51-46da-828c-63c748f34bd3" testId="49ceec84-7339-35da-af8a-011649c31c3a" testName="GameBoy.Tests.InterruptControllerTests.TryGetPending_NoInterruptsEnabled_ReturnsFalse" computerName="pkrvm7jw40e0xgp" duration="00:00:00.0001431" startTime="2025-09-08T21:55:52.4888862+00:00" endTime="2025-09-08T21:55:52.4888863+00:00" testType="13cdc9d9-ddb5-4fa4-a97d-d965ccfc6d4b" outcome="Passed" testListId="8c84fa94-04c1-424b-9868-57a2d4851a1d" relativeResultsDirectory="c63de931-fb51-46da-828c-63c748f34bd3" />
    <UnitTestResult executionId="dd44df70-b2c0-46ac-ba8b-ab5af814aee6" testId="5964bdbb-4261-95b0-17a2-f655f9c5696d" testName="GameBoy.Tests.CpuAddressingTests.GetR8_ReturnsCorrectRegisterValues" computerName="pkrvm7jw40e0xgp" duration="00:00:00.0003649" startTime="2025-09-08T21:55:52.5299202+00:00" endTime="2025-09-08T21:55:52.5299203+00:00" testType="13cdc9d9-ddb5-4fa4-a97d-d965ccfc6d4b" outcome="Passed" testListId="8c84fa94-04c1-424b-9868-57a2d4851a1d" relativeResultsDirectory="dd44df70-b2c0-46ac-ba8b-ab5af814aee6" />
    <UnitTestResult executionId="c11d4086-ccf0-4a4a-92f4-05187257d2ce" testId="dfa8f005-e088-66b0-9056-afac8b9a2771" testName="GameBoy.Tests.CpuAddressingTests.ReadBC_ReadsFromBCAddress" computerName="pkrvm7jw40e0xgp" duration="00:00:00.0002204" startTime="2025-09-08T21:55:52.5301709+00:00" endTime="2025-09-08T21:55:52.5301710+00:00" testType="13cdc9d9-ddb5-4fa4-a97d-d965ccfc6d4b" outcome="Passed" testListId="8c84fa94-04c1-424b-9868-57a2d4851a1d" relativeResultsDirectory="c11d4086-ccf0-4a4a-92f4-05187257d2ce" />
    <UnitTestResult executionId="5c27e427-65ed-4790-bc45-b01a45b4fe2b" testId="8afd805d-6e60-daa9-1e2a-c41070788606" testName="GameBoy.Tests.CpuMmuIntegrationTests.CPU_AccessesOAMThroughMMU" computerName="pkrvm7jw40e0xgp" duration="00:00:00.0002585" startTime="2025-09-08T21:55:52.4107501+00:00" endTime="2025-09-08T21:55:52.4107502+00:00" testType="13cdc9d9-ddb5-4fa4-a97d-d965ccfc6d4b" outcome="Passed" testListId="8c84fa94-04c1-424b-9868-57a2d4851a1d" relativeResultsDirectory="5c27e427-65ed-4790-bc45-b01a45b4fe2b" />
    <UnitTestResult executionId="d066f0fe-58df-46c4-b08b-55791acd150f" testId="c14d0dd8-0720-c716-8c0b-4bf8d2cbeae3" testName="GameBoy.Tests.Integration.BlarggInterruptTests.Blargg_02_Interrupts_ExecutesSuccessfully" computerName="pkrvm7jw40e0xgp" duration="00:00:00.0004848" startTime="2025-09-08T21:55:52.4459099+00:00" endTime="2025-09-08T21:55:52.4459100+00:00" testType="13cdc9d9-ddb5-4fa4-a97d-d965ccfc6d4b" outcome="Passed" testListId="8c84fa94-04c1-424b-9868-57a2d4851a1d" relativeResultsDirectory="d066f0fe-58df-46c4-b08b-55791acd150f" />
    <UnitTestResult executionId="90fee1f1-501c-46e1-a93d-e38db42f5f53" testId="d31ecf42-3f27-6ce7-80d7-dcf89b8555e5" testName="GameBoy.Tests.InstructionTimingTests.DisableInterrupts_Takes4Cycles" computerName="pkrvm7jw40e0xgp" duration="00:00:00.0002727" startTime="2025-09-08T21:55:52.4314836+00:00" endTime="2025-09-08T21:55:52.4314836+00:00" testType="13cdc9d9-ddb5-4fa4-a97d-d965ccfc6d4b" outcome="Passed" testListId="8c84fa94-04c1-424b-9868-57a2d4851a1d" relativeResultsDirectory="90fee1f1-501c-46e1-a93d-e38db42f5f53" />
    <UnitTestResult executionId="d450cada-828b-44dd-ae08-caf2199a54a3" testId="d2b7f50a-fc22-1c68-4e17-f4c6e8ea0304" testName="GameBoy.Tests.Integration.MooneyeInterruptTests.Mooneye_InterruptTests_ExecuteSuccessfully(category: &quot;interrupts&quot;, romFile: &quot;rapid_di_ei.gb&quot;, description: &quot;Rapid DI/EI sequence test&quot;)" computerName="pkrvm7jw40e0xgp" duration="00:00:00.0000105" startTime="2025-09-08T21:55:52.2984616+00:00" endTime="2025-09-08T21:55:52.2984616+00:00" testType="13cdc9d9-ddb5-4fa4-a97d-d965ccfc6d4b" outcome="Passed" testListId="8c84fa94-04c1-424b-9868-57a2d4851a1d" relativeResultsDirectory="d450cada-828b-44dd-ae08-caf2199a54a3" />
    <UnitTestResult executionId="9f85de9f-8746-4c8e-a8bf-5f033c40197c" testId="d2de1748-4cda-1283-f839-41f72f6fcc0b" testName="GameBoy.Tests.OpcodeTableCoverageTests.Opcode_Table_Should_Support_All_Game_Boy_Instruction_Categories" computerName="pkrvm7jw40e0xgp" duration="00:00:00.0124329" startTime="2025-09-08T21:55:52.5452781+00:00" endTime="2025-09-08T21:55:52.5452782+00:00" testType="13cdc9d9-ddb5-4fa4-a97d-d965ccfc6d4b" outcome="Passed" testListId="8c84fa94-04c1-424b-9868-57a2d4851a1d" relativeResultsDirectory="9f85de9f-8746-4c8e-a8bf-5f033c40197c" />
    <UnitTestResult executionId="0f8d43be-c9b7-4032-9e76-02918ad1c5c2" testId="b09e3f56-27cc-ba83-332b-895d4fe4a28f" testName="GameBoy.Tests.CpuAddressingTests.WriteHighImm8_WritesToHighRAMPlusImmediateValue" computerName="pkrvm7jw40e0xgp" duration="00:00:00.0001925" startTime="2025-09-08T21:55:52.5323641+00:00" endTime="2025-09-08T21:55:52.5323641+00:00" testType="13cdc9d9-ddb5-4fa4-a97d-d965ccfc6d4b" outcome="Passed" testListId="8c84fa94-04c1-424b-9868-57a2d4851a1d" relativeResultsDirectory="0f8d43be-c9b7-4032-9e76-02918ad1c5c2" />
    <UnitTestResult executionId="872cc8b7-7f5c-4aee-9f0f-5307781cba9a" testId="f5c487c0-bd35-fb9f-7c01-87de885468b0" testName="GameBoy.Tests.Mbc1Tests.WriteRom_AdvancedBankingMode_SwitchesMode" computerName="pkrvm7jw40e0xgp" duration="00:00:00.0097737" startTime="2025-09-08T21:55:52.3708040+00:00" endTime="2025-09-08T21:55:52.3708041+00:00" testType="13cdc9d9-ddb5-4fa4-a97d-d965ccfc6d4b" outcome="Passed" testListId="8c84fa94-04c1-424b-9868-57a2d4851a1d" relativeResultsDirectory="872cc8b7-7f5c-4aee-9f0f-5307781cba9a" />
    <UnitTestResult executionId="4986ebd7-73bc-4aff-a54c-2a79bb0fa2b2" testId="44bddfef-3f13-a0fb-43de-8b6e16e25c79" testName="GameBoy.Tests.PaletteTests.MapColor_ReturnsCorrectMappedValue(paletteValue: 27, colorIndex: 3, expectedMapped: 0)" computerName="pkrvm7jw40e0xgp" duration="00:00:00.0000045" startTime="2025-09-08T21:55:52.5378298+00:00" endTime="2025-09-08T21:55:52.5378299+00:00" testType="13cdc9d9-ddb5-4fa4-a97d-d965ccfc6d4b" outcome="Passed" testListId="8c84fa94-04c1-424b-9868-57a2d4851a1d" relativeResultsDirectory="4986ebd7-73bc-4aff-a54c-2a79bb0fa2b2" />
    <UnitTestResult executionId="ea349696-250a-402f-87ce-e880552cf159" testId="cce0821b-565f-90c1-d147-a80ba20063a3" testName="GameBoy.Tests.InterruptControllerTests.Service_ReturnsCorrectVectorAddress(interruptType: Joypad, expectedVector: 96)" computerName="pkrvm7jw40e0xgp" duration="00:00:00.0000059" startTime="2025-09-08T21:55:52.4607100+00:00" endTime="2025-09-08T21:55:52.4607100+00:00" testType="13cdc9d9-ddb5-4fa4-a97d-d965ccfc6d4b" outcome="Passed" testListId="8c84fa94-04c1-424b-9868-57a2d4851a1d" relativeResultsDirectory="ea349696-250a-402f-87ce-e880552cf159" />
    <UnitTestResult executionId="3c7332f0-962d-4b32-89c1-d340bf9d480f" testId="874f25be-fa61-5df7-d30a-9840673a85ee" testName="GameBoy.Tests.CartridgeTests.Detect_Mbc1Rom_ReturnsCorrectCartridge" computerName="pkrvm7jw40e0xgp" duration="00:00:00.0001424" startTime="2025-09-08T21:55:52.5276208+00:00" endTime="2025-09-08T21:55:52.5276209+00:00" testType="13cdc9d9-ddb5-4fa4-a97d-d965ccfc6d4b" outcome="Passed" testListId="8c84fa94-04c1-424b-9868-57a2d4851a1d" relativeResultsDirectory="3c7332f0-962d-4b32-89c1-d340bf9d480f" />
    <UnitTestResult executionId="5e5b597f-3680-4cec-bdbe-da2655aae060" testId="3b16604a-944f-5254-adcd-7cef7961861a" testName="GameBoy.Tests.Integration.BlarggInterruptTests.ListAvailableBlarggInterruptRoms" computerName="pkrvm7jw40e0xgp" duration="00:00:00.0005256" startTime="2025-09-08T21:55:52.4469684+00:00" endTime="2025-09-08T21:55:52.4469685+00:00" testType="13cdc9d9-ddb5-4fa4-a97d-d965ccfc6d4b" outcome="Passed" testListId="8c84fa94-04c1-424b-9868-57a2d4851a1d" relativeResultsDirectory="5e5b597f-3680-4cec-bdbe-da2655aae060" />
    <UnitTestResult executionId="5cc85ad7-da50-4c10-8541-957e20d33f79" testId="76bdd111-2d1b-b297-175d-19c3c67bae5f" testName="GameBoy.Tests.Integration.MooneyeInterruptTests.MooneyeInterrupt_DirectoryStructure_IsValid" computerName="pkrvm7jw40e0xgp" duration="00:00:00.0004652" startTime="2025-09-08T21:55:52.3129375+00:00" endTime="2025-09-08T21:55:52.3129376+00:00" testType="13cdc9d9-ddb5-4fa4-a97d-d965ccfc6d4b" outcome="Passed" testListId="8c84fa94-04c1-424b-9868-57a2d4851a1d" relativeResultsDirectory="5cc85ad7-da50-4c10-8541-957e20d33f79" />
    <UnitTestResult executionId="b9aba0db-ded3-46a6-a300-4ba2937c66c3" testId="916d8540-0fee-2119-177c-843a3d20a173" testName="GameBoy.Tests.InterruptIntegrationTests.Joypad_ButtonPress_RequestsJoypadInterrupt" computerName="pkrvm7jw40e0xgp" duration="00:00:00.0001695" startTime="2025-09-08T21:55:52.3910840+00:00" endTime="2025-09-08T21:55:52.3910841+00:00" testType="13cdc9d9-ddb5-4fa4-a97d-d965ccfc6d4b" outcome="Passed" testListId="8c84fa94-04c1-424b-9868-57a2d4851a1d" relativeResultsDirectory="b9aba0db-ded3-46a6-a300-4ba2937c66c3" />
    <UnitTestResult executionId="30784cbf-77a7-42b2-8364-e867f3ef751f" testId="2aec11aa-37a8-9a8f-0f87-0adecc796d0a" testName="GameBoy.Tests.CartridgeHeaderTests.RomSize_CalculatesCorrectSizeForStandardCodes(code: 3, expectedSize: 262144)" computerName="pkrvm7jw40e0xgp" duration="00:00:00.0000098" startTime="2025-09-08T21:55:52.5428192+00:00" endTime="2025-09-08T21:55:52.5428193+00:00" testType="13cdc9d9-ddb5-4fa4-a97d-d965ccfc6d4b" outcome="Passed" testListId="8c84fa94-04c1-424b-9868-57a2d4851a1d" relativeResultsDirectory="30784cbf-77a7-42b2-8364-e867f3ef751f" />
    <UnitTestResult executionId="1e6e5af4-0a7e-4d8c-994c-72b3fd5b52d8" testId="69348ff9-a9b6-a8a0-cba0-e5cb6b3bdffb" testName="GameBoy.Tests.InterruptControllerTests.Request_SetsCorrectIFBit(interruptType: Joypad, expectedBit: 16)" computerName="pkrvm7jw40e0xgp" duration="00:00:00.0000070" startTime="2025-09-08T21:55:52.4370134+00:00" endTime="2025-09-08T21:55:52.4370135+00:00" testType="13cdc9d9-ddb5-4fa4-a97d-d965ccfc6d4b" outcome="Passed" testListId="8c84fa94-04c1-424b-9868-57a2d4851a1d" relativeResultsDirectory="1e6e5af4-0a7e-4d8c-994c-72b3fd5b52d8" />
    <UnitTestResult executionId="ea211a6b-a638-464f-a7d2-6d90273dbf75" testId="3b28bd68-0d48-e09a-dfaa-fe4c0e1e9b00" testName="GameBoy.Tests.LcdcTests.ObjSize_ReturnsCorrectValue(value: 4, expected: True)" computerName="pkrvm7jw40e0xgp" duration="00:00:00.0001121" startTime="2025-09-08T21:55:52.4244664+00:00" endTime="2025-09-08T21:55:52.4244664+00:00" testType="13cdc9d9-ddb5-4fa4-a97d-d965ccfc6d4b" outcome="Passed" testListId="8c84fa94-04c1-424b-9868-57a2d4851a1d" relativeResultsDirectory="ea211a6b-a638-464f-a7d2-6d90273dbf75" />
    <UnitTestResult executionId="99c577c3-9ca3-4b34-9c77-690c2f565105" testId="49e42d62-0daf-f033-f1a3-4753a5cc45f0" testName="GameBoy.Tests.EmulatorMbcIntegrationTests.Emulator_LoadRom_AllUnsupportedMbcTypes_ThrowsNotSupportedException(cartridgeType: 21, expectedMbcName: &quot;MBC4&quot;)" computerName="pkrvm7jw40e0xgp" duration="00:00:00.0001756" startTime="2025-09-08T21:55:52.3165179+00:00" endTime="2025-09-08T21:55:52.3165179+00:00" testType="13cdc9d9-ddb5-4fa4-a97d-d965ccfc6d4b" outcome="Passed" testListId="8c84fa94-04c1-424b-9868-57a2d4851a1d" relativeResultsDirectory="99c577c3-9ca3-4b34-9c77-690c2f565105" />
    <UnitTestResult executionId="6d9673c2-c749-4cc0-9c4e-f367080e1e56" testId="f68c29f7-71c4-648f-f586-cf52c261c823" testName="GameBoy.Tests.InstructionTimingTests.LoadToHL_Takes8Cycles" computerName="pkrvm7jw40e0xgp" duration="00:00:00.0002932" startTime="2025-09-08T21:55:52.4027482+00:00" endTime="2025-09-08T21:55:52.4027483+00:00" testType="13cdc9d9-ddb5-4fa4-a97d-d965ccfc6d4b" outcome="Passed" testListId="8c84fa94-04c1-424b-9868-57a2d4851a1d" relativeResultsDirectory="6d9673c2-c749-4cc0-9c4e-f367080e1e56" />
    <UnitTestResult executionId="500671e8-a871-460d-b0c5-18f47eb7f680" testId="858dcae1-c567-bff8-3421-4c4b006488f5" testName="GameBoy.Tests.CartridgeTests.Detect_TooSmallRom_ThrowsException" computerName="pkrvm7jw40e0xgp" duration="00:00:00.0003691" startTime="2025-09-08T21:55:52.5289443+00:00" endTime="2025-09-08T21:55:52.5289444+00:00" testType="13cdc9d9-ddb5-4fa4-a97d-d965ccfc6d4b" outcome="Passed" testListId="8c84fa94-04c1-424b-9868-57a2d4851a1d" relativeResultsDirectory="500671e8-a871-460d-b0c5-18f47eb7f680" />
    <UnitTestResult executionId="38b988fd-1f9a-4424-8f8a-e5fd9727c2fe" testId="fb445874-2ad4-a0db-f99f-877c8498831e" testName="GameBoy.Tests.InterruptControllerTests.TryGetPending_MultipleInterrupts_ReturnsHighestPriority" computerName="pkrvm7jw40e0xgp" duration="00:00:00.0003574" startTime="2025-09-08T21:55:52.4770380+00:00" endTime="2025-09-08T21:55:52.4770380+00:00" testType="13cdc9d9-ddb5-4fa4-a97d-d965ccfc6d4b" outcome="Passed" testListId="8c84fa94-04c1-424b-9868-57a2d4851a1d" relativeResultsDirectory="38b988fd-1f9a-4424-8f8a-e5fd9727c2fe" />
    <UnitTestResult executionId="7880a760-c83e-476c-9a8e-b841f7c258ce" testId="78f33c2d-48c4-77be-97fb-3886c37f41cb" testName="GameBoy.Tests.LcdcTests.WindowTileMapBase_ReturnsCorrectAddress(value: 0, expected: 38912)" computerName="pkrvm7jw40e0xgp" duration="00:00:00.0003019" startTime="2025-09-08T21:55:52.4181668+00:00" endTime="2025-09-08T21:55:52.4181669+00:00" testType="13cdc9d9-ddb5-4fa4-a97d-d965ccfc6d4b" outcome="Passed" testListId="8c84fa94-04c1-424b-9868-57a2d4851a1d" relativeResultsDirectory="7880a760-c83e-476c-9a8e-b841f7c258ce" />
    <UnitTestResult executionId="b3abf211-a1b8-4c2f-b9ca-58fcb794623c" testId="23cac77e-8185-9534-dd27-495714e8a227" testName="GameBoy.Tests.InterruptServiceRoutineTests.ServiceInterrupt_PushesPC_JumpsToVector_ClearsIME" computerName="pkrvm7jw40e0xgp" duration="00:00:00.0002842" startTime="2025-09-08T21:55:52.4391674+00:00" endTime="2025-09-08T21:55:52.4391675+00:00" testType="13cdc9d9-ddb5-4fa4-a97d-d965ccfc6d4b" outcome="Passed" testListId="8c84fa94-04c1-424b-9868-57a2d4851a1d" relativeResultsDirectory="b3abf211-a1b8-4c2f-b9ca-58fcb794623c" />
    <UnitTestResult executionId="2ced3aa4-59ca-4045-8ae2-5ce3d3957636" testId="b22b61e8-4d1b-6438-181a-dea93e3f8aa5" testName="GameBoy.Tests.PaletteTests.MapColor_WithInvalidIndex_ReturnsDefault(colorIndex: 4, expectedMapped: 0)" computerName="pkrvm7jw40e0xgp" duration="00:00:00.0000077" startTime="2025-09-08T21:55:52.5391510+00:00" endTime="2025-09-08T21:55:52.5391511+00:00" testType="13cdc9d9-ddb5-4fa4-a97d-d965ccfc6d4b" outcome="Passed" testListId="8c84fa94-04c1-424b-9868-57a2d4851a1d" relativeResultsDirectory="2ced3aa4-59ca-4045-8ae2-5ce3d3957636" />
    <UnitTestResult executionId="d1e48b2f-6b1c-486b-b304-fe8eda0d01af" testId="131cece5-93c9-b1ed-1fe7-0f72a6f1f839" testName="GameBoy.Tests.LcdcTests.WindowEnable_ReturnsCorrectValue(value: 32, expected: True)" computerName="pkrvm7jw40e0xgp" duration="00:00:00.0000073" startTime="2025-09-08T21:55:52.4095309+00:00" endTime="2025-09-08T21:55:52.4095310+00:00" testType="13cdc9d9-ddb5-4fa4-a97d-d965ccfc6d4b" outcome="Passed" testListId="8c84fa94-04c1-424b-9868-57a2d4851a1d" relativeResultsDirectory="d1e48b2f-6b1c-486b-b304-fe8eda0d01af" />
    <UnitTestResult executionId="628fdfc5-fc2b-462a-b438-3435d7ea627d" testId="e10386ed-f5e3-0bb8-11ab-b5ed4705078b" testName="GameBoy.Tests.SpriteTests.IsVisibleOnScanline_ReturnsCorrectValue(y: 80, scanline: 63, spriteHeight: 8, expected: False)" computerName="pkrvm7jw40e0xgp" duration="00:00:00.0000046" startTime="2025-09-08T21:55:52.3450307+00:00" endTime="2025-09-08T21:55:52.3450308+00:00" testType="13cdc9d9-ddb5-4fa4-a97d-d965ccfc6d4b" outcome="Passed" testListId="8c84fa94-04c1-424b-9868-57a2d4851a1d" relativeResultsDirectory="628fdfc5-fc2b-462a-b438-3435d7ea627d" />
    <UnitTestResult executionId="000ae3dc-2c5f-476c-8f0d-1d21b3e6c82d" testId="29e27428-df27-a7d3-6aa8-6bd0e60a4af9" testName="GameBoy.Tests.Mbc3Tests.WriteRom_MaxBankNumber_WorksWithinLimits" computerName="pkrvm7jw40e0xgp" duration="00:00:00.0065473" startTime="2025-09-08T21:55:52.4666567+00:00" endTime="2025-09-08T21:55:52.4666568+00:00" testType="13cdc9d9-ddb5-4fa4-a97d-d965ccfc6d4b" outcome="Passed" testListId="8c84fa94-04c1-424b-9868-57a2d4851a1d" relativeResultsDirectory="000ae3dc-2c5f-476c-8f0d-1d21b3e6c82d" />
    <UnitTestResult executionId="8e433a51-7860-4e0a-b3e7-0668a72a8dd5" testId="31a2cd14-3018-c3a0-d56c-722448a85c38" testName="GameBoy.Tests.MmuTests.PPU_Registers_WriteAndRead" computerName="pkrvm7jw40e0xgp" duration="00:00:00.0002320" startTime="2025-09-08T21:55:52.3814123+00:00" endTime="2025-09-08T21:55:52.3814124+00:00" testType="13cdc9d9-ddb5-4fa4-a97d-d965ccfc6d4b" outcome="Passed" testListId="8c84fa94-04c1-424b-9868-57a2d4851a1d" relativeResultsDirectory="8e433a51-7860-4e0a-b3e7-0668a72a8dd5" />
    <UnitTestResult executionId="7478665e-6d97-4a61-bf7e-c48f7e390965" testId="8cce5246-c386-896f-5dcd-6529b49455a8" testName="GameBoy.Tests.Integration.MooneyeInterruptTests.Mooneye_InterruptTests_ExecuteSuccessfully(category: &quot;interrupts&quot;, romFile: &quot;ld_hl_sp_e_timing.gb&quot;, description: &quot;LD HL,SP+e timing with interrupts&quot;)" computerName="pkrvm7jw40e0xgp" duration="00:00:00.0000133" startTime="2025-09-08T21:55:52.1633103+00:00" endTime="2025-09-08T21:55:52.1633103+00:00" testType="13cdc9d9-ddb5-4fa4-a97d-d965ccfc6d4b" outcome="Passed" testListId="8c84fa94-04c1-424b-9868-57a2d4851a1d" relativeResultsDirectory="7478665e-6d97-4a61-bf7e-c48f7e390965" />
    <UnitTestResult executionId="0fce52ce-6186-4c2c-b9d7-622186d34390" testId="7c53a39d-10a0-cbe4-6d5d-e706532ae423" testName="GameBoy.Tests.DmaTests.DMA_MultipleTransfers_WorksCorrectly" computerName="pkrvm7jw40e0xgp" duration="00:00:00.0017624" startTime="2025-09-08T21:55:52.4075932+00:00" endTime="2025-09-08T21:55:52.4075933+00:00" testType="13cdc9d9-ddb5-4fa4-a97d-d965ccfc6d4b" outcome="Passed" testListId="8c84fa94-04c1-424b-9868-57a2d4851a1d" relativeResultsDirectory="0fce52ce-6186-4c2c-b9d7-622186d34390" />
    <UnitTestResult executionId="98ae92ca-090d-4d34-9823-f87eea2916e6" testId="d25f3a35-9c7a-1c15-d069-48135dccbfc1" testName="GameBoy.Tests.SpriteTests.GetTopTileIndex_ReturnsCorrectIndex(tileIndex: 3, is8x16: True, expected: 2)" computerName="pkrvm7jw40e0xgp" duration="00:00:00.0002426" startTime="2025-09-08T21:55:52.3290610+00:00" endTime="2025-09-08T21:55:52.3290610+00:00" testType="13cdc9d9-ddb5-4fa4-a97d-d965ccfc6d4b" outcome="Passed" testListId="8c84fa94-04c1-424b-9868-57a2d4851a1d" relativeResultsDirectory="98ae92ca-090d-4d34-9823-f87eea2916e6" />
    <UnitTestResult executionId="5d45fe22-900c-405f-878b-a5195c4a6779" testId="7d1fa485-61db-d455-8fc9-b8d8d9aeadfa" testName="GameBoy.Tests.InterruptControllerTests.Service_UnknownInterruptType_ThrowsArgumentException" computerName="pkrvm7jw40e0xgp" duration="00:00:00.0090482" startTime="2025-09-08T21:55:52.4472249+00:00" endTime="2025-09-08T21:55:52.4472250+00:00" testType="13cdc9d9-ddb5-4fa4-a97d-d965ccfc6d4b" outcome="Passed" testListId="8c84fa94-04c1-424b-9868-57a2d4851a1d" relativeResultsDirectory="5d45fe22-900c-405f-878b-a5195c4a6779" />
    <UnitTestResult executionId="be53969c-8bc7-4c19-bd77-ebff3a5079bc" testId="2cc51a93-07f5-daf4-6b16-dcf5ee32f5d8" testName="GameBoy.Tests.SpriteTests.GetTopTileIndex_ReturnsCorrectIndex(tileIndex: 3, is8x16: False, expected: 3)" computerName="pkrvm7jw40e0xgp" duration="00:00:00.0000035" startTime="2025-09-08T21:55:52.3299303+00:00" endTime="2025-09-08T21:55:52.3299303+00:00" testType="13cdc9d9-ddb5-4fa4-a97d-d965ccfc6d4b" outcome="Passed" testListId="8c84fa94-04c1-424b-9868-57a2d4851a1d" relativeResultsDirectory="be53969c-8bc7-4c19-bd77-ebff3a5079bc" />
    <UnitTestResult executionId="09c05a25-58b6-4683-a9bc-f5eebaac0c3d" testId="1656c5e4-914c-d7f9-cac2-f94c3ce82834" testName="GameBoy.Tests.CartridgeHeaderTests.IsHeaderChecksumValid_ValidChecksum_ReturnsTrue" computerName="pkrvm7jw40e0xgp" duration="00:00:00.0002693" startTime="2025-09-08T21:55:52.5447196+00:00" endTime="2025-09-08T21:55:52.5447196+00:00" testType="13cdc9d9-ddb5-4fa4-a97d-d965ccfc6d4b" outcome="Passed" testListId="8c84fa94-04c1-424b-9868-57a2d4851a1d" relativeResultsDirectory="09c05a25-58b6-4683-a9bc-f5eebaac0c3d" />
    <UnitTestResult executionId="c7d212ee-fb0c-4d10-be90-b07e656ed041" testId="d29da4c8-84a1-5463-ad48-82a8fa5c6bd4" testName="GameBoy.Tests.Mbc5Tests.ExternalRam_BasicReadWrite" computerName="pkrvm7jw40e0xgp" duration="00:00:00.0082586" startTime="2025-09-08T21:55:52.5255422+00:00" endTime="2025-09-08T21:55:52.5255422+00:00" testType="13cdc9d9-ddb5-4fa4-a97d-d965ccfc6d4b" outcome="Passed" testListId="8c84fa94-04c1-424b-9868-57a2d4851a1d" relativeResultsDirectory="c7d212ee-fb0c-4d10-be90-b07e656ed041" />
    <UnitTestResult executionId="39718432-22b9-4a22-94f3-d46fb0453394" testId="82d51568-c86c-9d23-cacd-3dff96d34990" testName="GameBoy.Tests.InstructionTimingTests.Inc16BitRegister_Takes8Cycles" computerName="pkrvm7jw40e0xgp" duration="00:00:00.0002862" startTime="2025-09-08T21:55:52.4221150+00:00" endTime="2025-09-08T21:55:52.4221151+00:00" testType="13cdc9d9-ddb5-4fa4-a97d-d965ccfc6d4b" outcome="Passed" testListId="8c84fa94-04c1-424b-9868-57a2d4851a1d" relativeResultsDirectory="39718432-22b9-4a22-94f3-d46fb0453394" />
    <UnitTestResult executionId="c4388c11-12b9-4dd5-b45a-3f88b31c10ef" testId="d231652b-84ce-0420-f1d4-7fed57a3c8cc" testName="GameBoy.Tests.InstructionTimingTests.CBRegisterOperation_Takes8Cycles" computerName="pkrvm7jw40e0xgp" duration="00:00:00.0002027" startTime="2025-09-08T21:55:52.4308799+00:00" endTime="2025-09-08T21:55:52.4308800+00:00" testType="13cdc9d9-ddb5-4fa4-a97d-d965ccfc6d4b" outcome="Passed" testListId="8c84fa94-04c1-424b-9868-57a2d4851a1d" relativeResultsDirectory="c4388c11-12b9-4dd5-b45a-3f88b31c10ef" />
    <UnitTestResult executionId="3a4af4b9-7243-42a3-9754-cf565ae734d7" testId="17b4ef9f-b24b-34dd-67cf-64cf54df2913" testName="GameBoy.Tests.Integration.CpuInstructionTests.ADD_A_HL_AddsMemoryValueToA" computerName="pkrvm7jw40e0xgp" duration="00:00:00.0035114" startTime="2025-09-08T21:55:52.4473715+00:00" endTime="2025-09-08T21:55:52.4473716+00:00" testType="13cdc9d9-ddb5-4fa4-a97d-d965ccfc6d4b" outcome="Passed" testListId="8c84fa94-04c1-424b-9868-57a2d4851a1d" relativeResultsDirectory="3a4af4b9-7243-42a3-9754-cf565ae734d7" />
    <UnitTestResult executionId="f3e396c7-883f-43ca-a637-6fe9406ff857" testId="273780bc-9d35-9771-839e-50ffbcedd9a6" testName="GameBoy.Tests.CartridgeTests.Detect_HuC1_ThrowsNotSupportedException" computerName="pkrvm7jw40e0xgp" duration="00:00:00.0004427" startTime="2025-09-08T21:55:52.5269279+00:00" endTime="2025-09-08T21:55:52.5269279+00:00" testType="13cdc9d9-ddb5-4fa4-a97d-d965ccfc6d4b" outcome="Passed" testListId="8c84fa94-04c1-424b-9868-57a2d4851a1d" relativeResultsDirectory="f3e396c7-883f-43ca-a637-6fe9406ff857" />
    <UnitTestResult executionId="a3684c5d-22da-4506-bd81-5b6f58422a15" testId="3bd0ebfe-701e-49bf-4c47-56d4757801ab" testName="GameBoy.Tests.InterruptControllerTests.IF_SetAndRead_ReturnsCorrectValues(setValue: 4, expectedRead: 228)" computerName="pkrvm7jw40e0xgp" duration="00:00:00.0000038" startTime="2025-09-08T21:55:52.4484807+00:00" endTime="2025-09-08T21:55:52.4484808+00:00" testType="13cdc9d9-ddb5-4fa4-a97d-d965ccfc6d4b" outcome="Passed" testListId="8c84fa94-04c1-424b-9868-57a2d4851a1d" relativeResultsDirectory="a3684c5d-22da-4506-bd81-5b6f58422a15" />
    <UnitTestResult executionId="42ac4516-bffb-45d7-9dd6-4359e1be77a4" testId="5d9df125-8a39-59f2-6303-c01c771a22b9" testName="GameBoy.Tests.CartridgeTests.Detect_NullRom_ThrowsArgumentException" computerName="pkrvm7jw40e0xgp" duration="00:00:00.0005324" startTime="2025-09-08T21:55:52.5279653+00:00" endTime="2025-09-08T21:55:52.5279654+00:00" testType="13cdc9d9-ddb5-4fa4-a97d-d965ccfc6d4b" outcome="Passed" testListId="8c84fa94-04c1-424b-9868-57a2d4851a1d" relativeResultsDirectory="42ac4516-bffb-45d7-9dd6-4359e1be77a4" />
    <UnitTestResult executionId="f02d13db-0191-4ed8-974c-0c4d9f47303a" testId="b71c3882-879b-f996-c9ef-6e6f82095fa6" testName="GameBoy.Tests.Mbc3Tests.ReadRom_BeyondAvailableSize_ReturnsFF" computerName="pkrvm7jw40e0xgp" duration="00:00:00.0006573" startTime="2025-09-08T21:55:52.5064855+00:00" endTime="2025-09-08T21:55:52.5064856+00:00" testType="13cdc9d9-ddb5-4fa4-a97d-d965ccfc6d4b" outcome="Passed" testListId="8c84fa94-04c1-424b-9868-57a2d4851a1d" relativeResultsDirectory="f02d13db-0191-4ed8-974c-0c4d9f47303a" />
    <UnitTestResult executionId="96a9ad17-797c-475f-894c-b8fbc334da33" testId="5760f10c-f6bc-bf55-b5b3-c90fee5dd9ef" testName="GameBoy.Tests.InterruptIntegrationTests.Joypad_MultipleButtons_EachRequestsJoypadInterrupt" computerName="pkrvm7jw40e0xgp" duration="00:00:00.0131895" startTime="2025-09-08T21:55:52.3577518+00:00" endTime="2025-09-08T21:55:52.3577518+00:00" testType="13cdc9d9-ddb5-4fa4-a97d-d965ccfc6d4b" outcome="Passed" testListId="8c84fa94-04c1-424b-9868-57a2d4851a1d" relativeResultsDirectory="96a9ad17-797c-475f-894c-b8fbc334da33" />
    <UnitTestResult executionId="3d3f7976-6603-4e45-ad34-5ecdcf1a8557" testId="ce133b36-590b-f13e-a10e-9804ae3a4992" testName="GameBoy.Tests.PpuTests.Step_TriggersVBlankAtScanline144" computerName="pkrvm7jw40e0xgp" duration="00:00:00.0068160" startTime="2025-09-08T21:55:52.5483338+00:00" endTime="2025-09-08T21:55:52.5483339+00:00" testType="13cdc9d9-ddb5-4fa4-a97d-d965ccfc6d4b" outcome="Passed" testListId="8c84fa94-04c1-424b-9868-57a2d4851a1d" relativeResultsDirectory="3d3f7976-6603-4e45-ad34-5ecdcf1a8557" />
    <UnitTestResult executionId="bef78c88-a35a-4b67-97a7-ce956636545e" testId="4cabacea-653b-d135-c20d-4b3c21639445" testName="GameBoy.Tests.Mbc1Tests.ReadRom_BankX_ReadsFromSwitchableBank" computerName="pkrvm7jw40e0xgp" duration="00:00:00.0035600" startTime="2025-09-08T21:55:52.3711765+00:00" endTime="2025-09-08T21:55:52.3711765+00:00" testType="13cdc9d9-ddb5-4fa4-a97d-d965ccfc6d4b" outcome="Passed" testListId="8c84fa94-04c1-424b-9868-57a2d4851a1d" relativeResultsDirectory="bef78c88-a35a-4b67-97a7-ce956636545e" />
    <UnitTestResult executionId="88777972-7ffc-4eeb-83ae-ab3f5d4ff3ae" testId="e9ec4bbb-ea1d-dabd-6bfc-73267ef405cd" testName="GameBoy.Tests.LcdcTests.WindowEnable_ReturnsCorrectValue(value: 223, expected: False)" computerName="pkrvm7jw40e0xgp" duration="00:00:00.0001166" startTime="2025-09-08T21:55:52.4089228+00:00" endTime="2025-09-08T21:55:52.4089228+00:00" testType="13cdc9d9-ddb5-4fa4-a97d-d965ccfc6d4b" outcome="Passed" testListId="8c84fa94-04c1-424b-9868-57a2d4851a1d" relativeResultsDirectory="88777972-7ffc-4eeb-83ae-ab3f5d4ff3ae" />
    <UnitTestResult executionId="f2eca203-400d-4a85-8a63-57a817173b94" testId="70707b60-e0a4-acc9-b5c8-c19db3ea80ba" testName="GameBoy.Tests.InterruptControllerTests.IF_SetAndRead_ReturnsCorrectValues(setValue: 2, expectedRead: 226)" computerName="pkrvm7jw40e0xgp" duration="00:00:00.0000044" startTime="2025-09-08T21:55:52.4491008+00:00" endTime="2025-09-08T21:55:52.4491009+00:00" testType="13cdc9d9-ddb5-4fa4-a97d-d965ccfc6d4b" outcome="Passed" testListId="8c84fa94-04c1-424b-9868-57a2d4851a1d" relativeResultsDirectory="f2eca203-400d-4a85-8a63-57a817173b94" />
    <UnitTestResult executionId="535d3e97-33fd-4c4a-b07a-04229829e395" testId="dbd4eee0-4bbb-43fd-2bb7-368558419ef9" testName="GameBoy.Tests.SpriteTests.Constructor_WithInvalidOamData_ThrowsException(oamData: [80], offset: 0)" computerName="pkrvm7jw40e0xgp" duration="00:00:00.0000511" startTime="2025-09-08T21:55:52.3569386+00:00" endTime="2025-09-08T21:55:52.3569386+00:00" testType="13cdc9d9-ddb5-4fa4-a97d-d965ccfc6d4b" outcome="Passed" testListId="8c84fa94-04c1-424b-9868-57a2d4851a1d" relativeResultsDirectory="535d3e97-33fd-4c4a-b07a-04229829e395" />
    <UnitTestResult executionId="850b7921-8eb3-46ea-be1f-b43d9edcffc0" testId="eac1986f-bb1b-f50b-46b4-53e51dd584ab" testName="GameBoy.Tests.Mbc5Tests.WriteRom_Bank0Selection_AllowsBank0" computerName="pkrvm7jw40e0xgp" duration="00:00:00.0006321" startTime="2025-09-08T21:55:52.5481305+00:00" endTime="2025-09-08T21:55:52.5481306+00:00" testType="13cdc9d9-ddb5-4fa4-a97d-d965ccfc6d4b" outcome="Passed" testListId="8c84fa94-04c1-424b-9868-57a2d4851a1d" relativeResultsDirectory="850b7921-8eb3-46ea-be1f-b43d9edcffc0" />
    <UnitTestResult executionId="f3dfb935-1609-4155-ace8-9d8e81495701" testId="a78c8a52-6910-3a5f-1123-09fcf306f4cc" testName="GameBoy.Tests.SpriteTests.GetRelativeY_ReturnsCorrectValue(y: 80, scanline: 68, attributes: 64, expected: 3)" computerName="pkrvm7jw40e0xgp" duration="00:00:00.0000122" startTime="2025-09-08T21:55:52.3247321+00:00" endTime="2025-09-08T21:55:52.3247322+00:00" testType="13cdc9d9-ddb5-4fa4-a97d-d965ccfc6d4b" outcome="Passed" testListId="8c84fa94-04c1-424b-9868-57a2d4851a1d" relativeResultsDirectory="f3dfb935-1609-4155-ace8-9d8e81495701" />
    <UnitTestResult executionId="b9a75afe-4b20-4619-a7eb-df06f3b69dbf" testId="37cf042f-400d-c6f8-81d2-7fa27e7314c2" testName="GameBoy.Tests.InterruptControllerTests.TryGetPending_SingleInterrupt_ReturnsCorrectType(ifValue: 8, ieValue: 8, expectedType: Serial)" computerName="pkrvm7jw40e0xgp" duration="00:00:00.0000065" startTime="2025-09-08T21:55:52.4602153+00:00" endTime="2025-09-08T21:55:52.4602154+00:00" testType="13cdc9d9-ddb5-4fa4-a97d-d965ccfc6d4b" outcome="Passed" testListId="8c84fa94-04c1-424b-9868-57a2d4851a1d" relativeResultsDirectory="b9a75afe-4b20-4619-a7eb-df06f3b69dbf" />
    <UnitTestResult executionId="4cdc5943-7728-452c-b068-f30638ae4ba6" testId="fc73a815-0e1b-fd10-2723-46b085df0a02" testName="GameBoy.Tests.InstructionGroupTests.DAA_AdjustsAccumulatorForBCD" computerName="pkrvm7jw40e0xgp" duration="00:00:00.0070431" startTime="2025-09-08T21:55:52.3272495+00:00" endTime="2025-09-08T21:55:52.3272496+00:00" testType="13cdc9d9-ddb5-4fa4-a97d-d965ccfc6d4b" outcome="Passed" testListId="8c84fa94-04c1-424b-9868-57a2d4851a1d" relativeResultsDirectory="4cdc5943-7728-452c-b068-f30638ae4ba6" />
    <UnitTestResult executionId="1cc02a2d-8926-476f-9568-9e2e1a7c78a7" testId="8a920482-bb78-609e-ade1-d9fd2bf946ac" testName="GameBoy.Tests.CartridgeTests.Detect_AllMbc5Variants_ReturnsCorrectCartridge(cartridgeType: 27)" computerName="pkrvm7jw40e0xgp" duration="00:00:00.0003150" startTime="2025-09-08T21:55:52.5206765+00:00" endTime="2025-09-08T21:55:52.5206765+00:00" testType="13cdc9d9-ddb5-4fa4-a97d-d965ccfc6d4b" outcome="Passed" testListId="8c84fa94-04c1-424b-9868-57a2d4851a1d" relativeResultsDirectory="1cc02a2d-8926-476f-9568-9e2e1a7c78a7" />
    <UnitTestResult executionId="5f35ebf6-27ee-46cb-a9e7-42762f54339f" testId="a3d01c83-e6c8-c87f-c8ab-1076eaff97bc" testName="GameBoy.Tests.CartridgeHeaderTests.RomSize_InvalidCodes_DefaultsTo32KB(code: 81)" computerName="pkrvm7jw40e0xgp" duration="00:00:00.0001975" startTime="2025-09-08T21:55:52.5407470+00:00" endTime="2025-09-08T21:55:52.5407470+00:00" testType="13cdc9d9-ddb5-4fa4-a97d-d965ccfc6d4b" outcome="Passed" testListId="8c84fa94-04c1-424b-9868-57a2d4851a1d" relativeResultsDirectory="5f35ebf6-27ee-46cb-a9e7-42762f54339f" />
    <UnitTestResult executionId="85d119d7-dbd7-45d2-b1d1-faa05dcd8d24" testId="2f0ddee0-7fdb-c7a4-59d6-c0c2dfc9450d" testName="GameBoy.Tests.Mbc5Tests.WriteRom_MaxBankNumber_WorksAtLimits" computerName="pkrvm7jw40e0xgp" duration="00:00:00.0245802" startTime="2025-09-08T21:55:52.5939505+00:00" endTime="2025-09-08T21:55:52.5939506+00:00" testType="13cdc9d9-ddb5-4fa4-a97d-d965ccfc6d4b" outcome="Passed" testListId="8c84fa94-04c1-424b-9868-57a2d4851a1d" relativeResultsDirectory="85d119d7-dbd7-45d2-b1d1-faa05dcd8d24" />
    <UnitTestResult executionId="a0b17b1d-d6c0-4110-93bc-4a7cf8b1a2c2" testId="0ef137cf-3441-6ca1-8a80-9137dfd5bd2c" testName="GameBoy.Tests.TestResetBehavior.Reset_RestoresAllIORegisterDefaults" computerName="pkrvm7jw40e0xgp" duration="00:00:00.0007251" startTime="2025-09-08T21:55:52.5353901+00:00" endTime="2025-09-08T21:55:52.5353902+00:00" testType="13cdc9d9-ddb5-4fa4-a97d-d965ccfc6d4b" outcome="Passed" testListId="8c84fa94-04c1-424b-9868-57a2d4851a1d" relativeResultsDirectory="a0b17b1d-d6c0-4110-93bc-4a7cf8b1a2c2" />
    <UnitTestResult executionId="94b7dd52-4c8d-4d88-989f-5348771923ae" testId="03998699-8804-fa46-2cf1-6fce64dedde7" testName="GameBoy.Tests.CartridgeMmuIntegrationTests.Mmu_ExternalRam_RoutesToCartridge" computerName="pkrvm7jw40e0xgp" duration="00:00:00.0221910" startTime="2025-09-08T21:55:52.5068668+00:00" endTime="2025-09-08T21:55:52.5068668+00:00" testType="13cdc9d9-ddb5-4fa4-a97d-d965ccfc6d4b" outcome="Passed" testListId="8c84fa94-04c1-424b-9868-57a2d4851a1d" relativeResultsDirectory="94b7dd52-4c8d-4d88-989f-5348771923ae" />
    <UnitTestResult executionId="0256486b-de66-4c04-a391-c4782296ff04" testId="5c8b4001-8ccd-279f-4836-b816aa7f9b5b" testName="GameBoy.Tests.CpuMmuIntegrationTests.Register_Index_Addressing_ValidatesReservedIndex" computerName="pkrvm7jw40e0xgp" duration="00:00:00.0052851" startTime="2025-09-08T21:55:52.4003838+00:00" endTime="2025-09-08T21:55:52.4003839+00:00" testType="13cdc9d9-ddb5-4fa4-a97d-d965ccfc6d4b" outcome="Passed" testListId="8c84fa94-04c1-424b-9868-57a2d4851a1d" relativeResultsDirectory="0256486b-de66-4c04-a391-c4782296ff04" />
    <UnitTestResult executionId="542c5faf-8c60-48d0-8936-61f9ce401b78" testId="80b1e617-f6c1-401d-6885-766a010c1a35" testName="GameBoy.Tests.InterruptServiceRoutineTests.InterruptService_PreservesFlags" computerName="pkrvm7jw40e0xgp" duration="00:00:00.0002380" startTime="2025-09-08T21:55:52.4426301+00:00" endTime="2025-09-08T21:55:52.4426302+00:00" testType="13cdc9d9-ddb5-4fa4-a97d-d965ccfc6d4b" outcome="Passed" testListId="8c84fa94-04c1-424b-9868-57a2d4851a1d" relativeResultsDirectory="542c5faf-8c60-48d0-8936-61f9ce401b78" />
    <UnitTestResult executionId="80fbc631-f5a6-4216-ace4-d49a555e7e6a" testId="3ff5ba0f-280e-7578-da34-44c3b7dcff2f" testName="GameBoy.Tests.CartridgeTests.Detect_Mbc6_ThrowsNotSupportedException" computerName="pkrvm7jw40e0xgp" duration="00:00:00.0047219" startTime="2025-09-08T21:55:52.5268423+00:00" endTime="2025-09-08T21:55:52.5268423+00:00" testType="13cdc9d9-ddb5-4fa4-a97d-d965ccfc6d4b" outcome="Passed" testListId="8c84fa94-04c1-424b-9868-57a2d4851a1d" relativeResultsDirectory="80fbc631-f5a6-4216-ace4-d49a555e7e6a" />
    <UnitTestResult executionId="fe9079c2-f09b-49de-81ea-76339b808657" testId="fda863c2-02bb-636a-bdf3-5cae511a7de6" testName="GameBoy.Tests.LcdcTests.LcdEnable_ReturnsCorrectValue(value: 0, expected: False)" computerName="pkrvm7jw40e0xgp" duration="00:00:00.0000043" startTime="2025-09-08T21:55:52.4153486+00:00" endTime="2025-09-08T21:55:52.4153488+00:00" testType="13cdc9d9-ddb5-4fa4-a97d-d965ccfc6d4b" outcome="Passed" testListId="8c84fa94-04c1-424b-9868-57a2d4851a1d" relativeResultsDirectory="fe9079c2-f09b-49de-81ea-76339b808657" />
    <UnitTestResult executionId="2df09784-b993-4f36-907f-293ff7db6a7e" testId="a68cd308-2a9b-f9c8-0013-027d44c0bcc2" testName="GameBoy.Tests.SpriteTests.GetTopTileIndex_ReturnsCorrectIndex(tileIndex: 5, is8x16: True, expected: 4)" computerName="pkrvm7jw40e0xgp" duration="00:00:00.0002924" startTime="2025-09-08T21:55:52.3291449+00:00" endTime="2025-09-08T21:55:52.3291450+00:00" testType="13cdc9d9-ddb5-4fa4-a97d-d965ccfc6d4b" outcome="Passed" testListId="8c84fa94-04c1-424b-9868-57a2d4851a1d" relativeResultsDirectory="2df09784-b993-4f36-907f-293ff7db6a7e" />
    <UnitTestResult executionId="b8b6cc33-f577-4fe1-8bb7-8bbbac10feff" testId="7d3ff08e-32d6-15e7-2b0a-f19eaaa9140e" testName="GameBoy.Tests.CartridgeTests.Detect_Mbc3Rom_ReturnsCorrectCartridge" computerName="pkrvm7jw40e0xgp" duration="00:00:00.0001425" startTime="2025-09-08T21:55:52.5278049+00:00" endTime="2025-09-08T21:55:52.5278050+00:00" testType="13cdc9d9-ddb5-4fa4-a97d-d965ccfc6d4b" outcome="Passed" testListId="8c84fa94-04c1-424b-9868-57a2d4851a1d" relativeResultsDirectory="b8b6cc33-f577-4fe1-8bb7-8bbbac10feff" />
    <UnitTestResult executionId="097cd042-f105-42ee-98e2-8c0564e7bece" testId="28d1e023-9d79-d53d-81c6-ccce86cf148a" testName="GameBoy.Tests.CpuMmuIntegrationTests.Immediate_MemoryAddressing_UsesMmuCorrectly" computerName="pkrvm7jw40e0xgp" duration="00:00:00.0008841" startTime="2025-09-08T21:55:52.4096160+00:00" endTime="2025-09-08T21:55:52.4096160+00:00" testType="13cdc9d9-ddb5-4fa4-a97d-d965ccfc6d4b" outcome="Passed" testListId="8c84fa94-04c1-424b-9868-57a2d4851a1d" relativeResultsDirectory="097cd042-f105-42ee-98e2-8c0564e7bece" />
    <UnitTestResult executionId="16e10a01-fedd-42d5-9633-913803250684" testId="82059e16-c908-e7ff-c01b-755c58076d6d" testName="GameBoy.Tests.AdvancedTimingTests.LoadSPFromHL_Takes8Cycles" computerName="pkrvm7jw40e0xgp" duration="00:00:00.0002871" startTime="2025-09-08T21:55:52.5114246+00:00" endTime="2025-09-08T21:55:52.5114246+00:00" testType="13cdc9d9-ddb5-4fa4-a97d-d965ccfc6d4b" outcome="Passed" testListId="8c84fa94-04c1-424b-9868-57a2d4851a1d" relativeResultsDirectory="16e10a01-fedd-42d5-9633-913803250684" />
    <UnitTestResult executionId="441d5e9d-0ad6-444d-bd5e-cb0ff1e297d5" testId="e4dc0e2e-fa2d-300b-80f0-7da1faa305b9" testName="GameBoy.Tests.InstructionGroupTests.RLCA_RotatesALeftCircular" computerName="pkrvm7jw40e0xgp" duration="00:00:00.0004046" startTime="2025-09-08T21:55:52.3710784+00:00" endTime="2025-09-08T21:55:52.3710785+00:00" testType="13cdc9d9-ddb5-4fa4-a97d-d965ccfc6d4b" outcome="Passed" testListId="8c84fa94-04c1-424b-9868-57a2d4851a1d" relativeResultsDirectory="441d5e9d-0ad6-444d-bd5e-cb0ff1e297d5" />
    <UnitTestResult executionId="2fb4e736-b921-4c46-abd1-35821dcbbad7" testId="4bcd09b3-9a73-612d-efae-d4c2e30c2415" testName="GameBoy.Tests.DmaTests.DMA_Timing_CompletesWithExcessCycles" computerName="pkrvm7jw40e0xgp" duration="00:00:00.0001306" startTime="2025-09-08T21:55:52.4081001+00:00" endTime="2025-09-08T21:55:52.4081002+00:00" testType="13cdc9d9-ddb5-4fa4-a97d-d965ccfc6d4b" outcome="Passed" testListId="8c84fa94-04c1-424b-9868-57a2d4851a1d" relativeResultsDirectory="2fb4e736-b921-4c46-abd1-35821dcbbad7" />
    <UnitTestResult executionId="fae9c373-a955-406e-9eab-4e99b1b2dc1e" testId="4284276e-f1c5-79e0-7f14-593ec6d6de4c" testName="GameBoy.Tests.Integration.CpuInstructionTests.CB_BIT_0_B_TestsBit(registerValue: 254, expectedZ: True)" computerName="pkrvm7jw40e0xgp" duration="00:00:00.0002759" startTime="2025-09-08T21:55:52.4670024+00:00" endTime="2025-09-08T21:55:52.4670024+00:00" testType="13cdc9d9-ddb5-4fa4-a97d-d965ccfc6d4b" outcome="Passed" testListId="8c84fa94-04c1-424b-9868-57a2d4851a1d" relativeResultsDirectory="fae9c373-a955-406e-9eab-4e99b1b2dc1e" />
    <UnitTestResult executionId="1c262c74-eb83-487b-b92f-481857da32da" testId="beeaf338-08db-958d-aa1f-1ee2f061ec4b" testName="GameBoy.Tests.AluTests.Subtract_EdgeCases_BehavesCorrectly(a: 0, operand: 0)" computerName="pkrvm7jw40e0xgp" duration="00:00:00.0000082" startTime="2025-09-08T21:55:52.5455439+00:00" endTime="2025-09-08T21:55:52.5455440+00:00" testType="13cdc9d9-ddb5-4fa4-a97d-d965ccfc6d4b" outcome="Passed" testListId="8c84fa94-04c1-424b-9868-57a2d4851a1d" relativeResultsDirectory="1c262c74-eb83-487b-b92f-481857da32da" />
    <UnitTestResult executionId="b08c014a-a4a6-4571-bebd-9c68cf06b7d6" testId="9011e578-9021-2ea1-2f28-2ef9d7bf8f9d" testName="GameBoy.Tests.AluTests.Subtract_BasicOperation_CorrectResult" computerName="pkrvm7jw40e0xgp" duration="00:00:00.0001720" startTime="2025-09-08T21:55:52.5474893+00:00" endTime="2025-09-08T21:55:52.5474893+00:00" testType="13cdc9d9-ddb5-4fa4-a97d-d965ccfc6d4b" outcome="Passed" testListId="8c84fa94-04c1-424b-9868-57a2d4851a1d" relativeResultsDirectory="b08c014a-a4a6-4571-bebd-9c68cf06b7d6" />
    <UnitTestResult executionId="c13b3b54-99f4-4dbd-9f34-9877ca2e255e" testId="f852aa46-1c23-85f8-8f34-1c64041782d8" testName="GameBoy.Tests.MmuTests.IE_Register_ReadWriteRoundTrip" computerName="pkrvm7jw40e0xgp" duration="00:00:00.0002598" startTime="2025-09-08T21:55:52.3813418+00:00" endTime="2025-09-08T21:55:52.3813419+00:00" testType="13cdc9d9-ddb5-4fa4-a97d-d965ccfc6d4b" outcome="Passed" testListId="8c84fa94-04c1-424b-9868-57a2d4851a1d" relativeResultsDirectory="c13b3b54-99f4-4dbd-9f34-9877ca2e255e" />
    <UnitTestResult executionId="44b27770-9201-40c5-b2e9-dc2097626f4c" testId="71d4783d-8f76-fa0c-236a-d09af5d224bb" testName="GameBoy.Tests.CartridgeTests.Detect_AllMbc2Variants_ThrowsNotSupportedException(cartridgeType: 5)" computerName="pkrvm7jw40e0xgp" duration="00:00:00.0003346" startTime="2025-09-08T21:55:52.5265672+00:00" endTime="2025-09-08T21:55:52.5265672+00:00" testType="13cdc9d9-ddb5-4fa4-a97d-d965ccfc6d4b" outcome="Passed" testListId="8c84fa94-04c1-424b-9868-57a2d4851a1d" relativeResultsDirectory="44b27770-9201-40c5-b2e9-dc2097626f4c" />
    <UnitTestResult executionId="3cd16ec2-fdf8-4110-ad26-771418cfb6e1" testId="c187a4da-0632-6cbb-6310-ad816b882871" testName="GameBoy.Tests.InstructionGroupTests.CB_SET_5_C_SetsBit" computerName="pkrvm7jw40e0xgp" duration="00:00:00.0008894" startTime="2025-09-08T21:55:52.3285016+00:00" endTime="2025-09-08T21:55:52.3285017+00:00" testType="13cdc9d9-ddb5-4fa4-a97d-d965ccfc6d4b" outcome="Passed" testListId="8c84fa94-04c1-424b-9868-57a2d4851a1d" relativeResultsDirectory="3cd16ec2-fdf8-4110-ad26-771418cfb6e1" />
    <UnitTestResult executionId="a5e6352e-b75f-4b7d-b274-3ab686a01d79" testId="3f5d93e9-3a77-c11e-f29f-256231cc5b20" testName="GameBoy.Tests.PaletteTests.RgbaColors_AreInCorrectBrightnessOrder" computerName="pkrvm7jw40e0xgp" duration="00:00:00.0001648" startTime="2025-09-08T21:55:52.5397929+00:00" endTime="2025-09-08T21:55:52.5397930+00:00" testType="13cdc9d9-ddb5-4fa4-a97d-d965ccfc6d4b" outcome="Passed" testListId="8c84fa94-04c1-424b-9868-57a2d4851a1d" relativeResultsDirectory="a5e6352e-b75f-4b7d-b274-3ab686a01d79" />
    <UnitTestResult executionId="95e98efb-6941-4f38-acd0-45be331aa25f" testId="842372a3-4c75-5446-4153-0efabaa521b2" testName="GameBoy.Tests.CpuAddressingTests.SetR8_SetsCorrectRegisterValues" computerName="pkrvm7jw40e0xgp" duration="00:00:00.0033960" startTime="2025-09-08T21:55:52.5314271+00:00" endTime="2025-09-08T21:55:52.5314272+00:00" testType="13cdc9d9-ddb5-4fa4-a97d-d965ccfc6d4b" outcome="Passed" testListId="8c84fa94-04c1-424b-9868-57a2d4851a1d" relativeResultsDirectory="95e98efb-6941-4f38-acd0-45be331aa25f" />
    <UnitTestResult executionId="5188d71a-2436-4206-b47f-c3f70438e941" testId="52cb6569-18fe-6c7a-4229-0f2357d8427d" testName="GameBoy.Tests.CpuMmuIntegrationTests.HighRAM_Addressing_HandlesBoundaryConditions" computerName="pkrvm7jw40e0xgp" duration="00:00:00.0004219" startTime="2025-09-08T21:55:52.4179161+00:00" endTime="2025-09-08T21:55:52.4179161+00:00" testType="13cdc9d9-ddb5-4fa4-a97d-d965ccfc6d4b" outcome="Passed" testListId="8c84fa94-04c1-424b-9868-57a2d4851a1d" relativeResultsDirectory="5188d71a-2436-4206-b47f-c3f70438e941" />
    <UnitTestResult executionId="fab15001-e04e-4d06-9b5f-491aad42f292" testId="0da6d50f-0ccf-8506-4661-ad13b4f3ad3d" testName="GameBoy.Tests.TimerBlarggTests.BlarggTimer_Test04_TimerInterrupt" computerName="pkrvm7jw40e0xgp" duration="00:00:00.0010000" startTime="2025-09-08T21:55:52.3232998+00:00" endTime="2025-09-08T21:55:52.3232999+00:00" testType="13cdc9d9-ddb5-4fa4-a97d-d965ccfc6d4b" outcome="NotExecuted" testListId="8c84fa94-04c1-424b-9868-57a2d4851a1d" relativeResultsDirectory="fab15001-e04e-4d06-9b5f-491aad42f292">
      <Output>
        <ErrorInfo>
          <Message>Blargg timer ROM not found</Message>
        </ErrorInfo>
      </Output>
    </UnitTestResult>
    <UnitTestResult executionId="1cb879fe-6ce4-4eaf-99ca-a4f3da34a55e" testId="99cc3c43-4d2a-2e5c-c15d-54e63153c5aa" testName="GameBoy.Tests.Mbc1Tests.BatteryInterface_LoadExternalRam_LoadsSavedData" computerName="pkrvm7jw40e0xgp" duration="00:00:00.0002604" startTime="2025-09-08T21:55:52.3560042+00:00" endTime="2025-09-08T21:55:52.3560043+00:00" testType="13cdc9d9-ddb5-4fa4-a97d-d965ccfc6d4b" outcome="Passed" testListId="8c84fa94-04c1-424b-9868-57a2d4851a1d" relativeResultsDirectory="1cb879fe-6ce4-4eaf-99ca-a4f3da34a55e" />
    <UnitTestResult executionId="19dd538a-99fb-4fbd-b78a-ac4164f81879" testId="bc40e0dd-6e1f-26b9-ea7e-959c21e23392" testName="GameBoy.Tests.InterruptControllerTests.Request_MultipleInterrupts_SetsMultipleBits" computerName="pkrvm7jw40e0xgp" duration="00:00:00.0001800" startTime="2025-09-08T21:55:52.4887984+00:00" endTime="2025-09-08T21:55:52.4887984+00:00" testType="13cdc9d9-ddb5-4fa4-a97d-d965ccfc6d4b" outcome="Passed" testListId="8c84fa94-04c1-424b-9868-57a2d4851a1d" relativeResultsDirectory="19dd538a-99fb-4fbd-b78a-ac4164f81879" />
    <UnitTestResult executionId="c8576a0d-f0a0-4ccf-b18a-6176992a8f78" testId="4ba8a168-003f-e76e-394c-a601c6c19eed" testName="GameBoy.Tests.LcdcTests.BgTileMapBase_ReturnsCorrectAddress(value: 0, expected: 38912)" computerName="pkrvm7jw40e0xgp" duration="00:00:00.0002138" startTime="2025-09-08T21:55:52.4231167+00:00" endTime="2025-09-08T21:55:52.4231168+00:00" testType="13cdc9d9-ddb5-4fa4-a97d-d965ccfc6d4b" outcome="Passed" testListId="8c84fa94-04c1-424b-9868-57a2d4851a1d" relativeResultsDirectory="c8576a0d-f0a0-4ccf-b18a-6176992a8f78" />
    <UnitTestResult executionId="405d7ef9-8030-4b72-9780-36b573313cab" testId="158803f5-04ee-b40f-cbbe-f2e474332e72" testName="GameBoy.Tests.InstructionTimingTests.AddRegister_Takes4Cycles" computerName="pkrvm7jw40e0xgp" duration="00:00:00.0001682" startTime="2025-09-08T21:55:52.4183023+00:00" endTime="2025-09-08T21:55:52.4183024+00:00" testType="13cdc9d9-ddb5-4fa4-a97d-d965ccfc6d4b" outcome="Passed" testListId="8c84fa94-04c1-424b-9868-57a2d4851a1d" relativeResultsDirectory="405d7ef9-8030-4b72-9780-36b573313cab" />
    <UnitTestResult executionId="eb89b2c9-21e9-4a89-86d8-831fac18455e" testId="f736261a-ceb3-d80c-da2d-f67bd5cfa055" testName="GameBoy.Tests.InterruptControllerTests.IE_SetAndRead_ReturnsExactValue(value: 0)" computerName="pkrvm7jw40e0xgp" duration="00:00:00.0000076" startTime="2025-09-08T21:55:52.4677177+00:00" endTime="2025-09-08T21:55:52.4677178+00:00" testType="13cdc9d9-ddb5-4fa4-a97d-d965ccfc6d4b" outcome="Passed" testListId="8c84fa94-04c1-424b-9868-57a2d4851a1d" relativeResultsDirectory="eb89b2c9-21e9-4a89-86d8-831fac18455e" />
    <UnitTestResult executionId="9e92e013-03a6-4a5c-816b-80898c8c5153" testId="1a5a175c-7394-584e-f9fe-95f4f5e8b3fa" testName="GameBoy.Tests.InstructionTimingTests.UnconditionalReturn_Takes16Cycles" computerName="pkrvm7jw40e0xgp" duration="00:00:00.0003227" startTime="2025-09-08T21:55:52.4230563+00:00" endTime="2025-09-08T21:55:52.4230563+00:00" testType="13cdc9d9-ddb5-4fa4-a97d-d965ccfc6d4b" outcome="Passed" testListId="8c84fa94-04c1-424b-9868-57a2d4851a1d" relativeResultsDirectory="9e92e013-03a6-4a5c-816b-80898c8c5153" />
    <UnitTestResult executionId="b5acda1b-41b3-4923-a944-d78986cc3a1e" testId="9dbf0ab8-0850-9f84-3b93-061020f06f9a" testName="GameBoy.Tests.Mbc1Tests.WriteRom_BankBitsIgnored_OnlyLower5BitsUsed" computerName="pkrvm7jw40e0xgp" duration="00:00:00.0025382" startTime="2025-09-08T21:55:52.3255229+00:00" endTime="2025-09-08T21:55:52.3255230+00:00" testType="13cdc9d9-ddb5-4fa4-a97d-d965ccfc6d4b" outcome="Passed" testListId="8c84fa94-04c1-424b-9868-57a2d4851a1d" relativeResultsDirectory="b5acda1b-41b3-4923-a944-d78986cc3a1e" />
    <UnitTestResult executionId="62818cd9-52c7-4891-961b-e06f595bc68f" testId="3efe24c8-deb2-789b-440d-2c5eec635271" testName="GameBoy.Tests.AluTests.Add_EdgeCases_BehavesCorrectly(a: 0, operand: 0)" computerName="pkrvm7jw40e0xgp" duration="00:00:00.0003050" startTime="2025-09-08T21:55:52.5470277+00:00" endTime="2025-09-08T21:55:52.5470278+00:00" testType="13cdc9d9-ddb5-4fa4-a97d-d965ccfc6d4b" outcome="Passed" testListId="8c84fa94-04c1-424b-9868-57a2d4851a1d" relativeResultsDirectory="62818cd9-52c7-4891-961b-e06f595bc68f" />
    <UnitTestResult executionId="d157182e-3d00-4b03-b9b9-ea46c547cedb" testId="483dad49-7b52-916d-7992-3c95f47febbb" testName="GameBoy.Tests.CartridgeHeaderTests.IsValidHeader_InvalidDestinationCodes_ReturnsFalse(destinationCode: 2)" computerName="pkrvm7jw40e0xgp" duration="00:00:00.0002384" startTime="2025-09-08T21:55:52.5418077+00:00" endTime="2025-09-08T21:55:52.5418078+00:00" testType="13cdc9d9-ddb5-4fa4-a97d-d965ccfc6d4b" outcome="Passed" testListId="8c84fa94-04c1-424b-9868-57a2d4851a1d" relativeResultsDirectory="d157182e-3d00-4b03-b9b9-ea46c547cedb" />
    <UnitTestResult executionId="74c5acd1-f89a-4513-9c8f-2ce2370131f1" testId="841327a6-4cac-5638-2ce1-ecbc848d0713" testName="GameBoy.Tests.Mbc3Tests.WriteRom_Bank0Selection_MapsToBank1" computerName="pkrvm7jw40e0xgp" duration="00:00:00.0066457" startTime="2025-09-08T21:55:52.5057824+00:00" endTime="2025-09-08T21:55:52.5057825+00:00" testType="13cdc9d9-ddb5-4fa4-a97d-d965ccfc6d4b" outcome="Passed" testListId="8c84fa94-04c1-424b-9868-57a2d4851a1d" relativeResultsDirectory="74c5acd1-f89a-4513-9c8f-2ce2370131f1" />
    <UnitTestResult executionId="84e5a79a-6aaa-4e18-b821-e50751a54475" testId="6e6223ae-77fd-716e-9f3b-517d376d9157" testName="GameBoy.Tests.InterruptServiceRoutineTests.DI_ImmediatelyDisablesInterrupts" computerName="pkrvm7jw40e0xgp" duration="00:00:00.0023796" startTime="2025-09-08T21:55:52.4520173+00:00" endTime="2025-09-08T21:55:52.4520174+00:00" testType="13cdc9d9-ddb5-4fa4-a97d-d965ccfc6d4b" outcome="Passed" testListId="8c84fa94-04c1-424b-9868-57a2d4851a1d" relativeResultsDirectory="84e5a79a-6aaa-4e18-b821-e50751a54475" />
    <UnitTestResult executionId="f9092289-07c1-4291-a1df-86bbf9a686e0" testId="dbc0a0bc-887b-449d-8458-aa725a7f81e9" testName="GameBoy.Tests.InstructionTimingTests.Rst_Takes16Cycles" computerName="pkrvm7jw40e0xgp" duration="00:00:00.0002658" startTime="2025-09-08T21:55:52.4415788+00:00" endTime="2025-09-08T21:55:52.4415789+00:00" testType="13cdc9d9-ddb5-4fa4-a97d-d965ccfc6d4b" outcome="Passed" testListId="8c84fa94-04c1-424b-9868-57a2d4851a1d" relativeResultsDirectory="f9092289-07c1-4291-a1df-86bbf9a686e0" />
    <UnitTestResult executionId="f6114919-2e3c-4444-aad5-8b8c5a229bb8" testId="3ca31e97-347a-81b8-90fb-cef85b771ba3" testName="GameBoy.Tests.Integration.BlarggInterruptTests.Blargg_SpecificInterruptTests_ExecuteSuccessfully(romFile: &quot;intr_timing.gb&quot;, description: &quot;Interrupt timing test&quot;)" computerName="pkrvm7jw40e0xgp" duration="00:00:00.0004010" startTime="2025-09-08T21:55:52.4292731+00:00" endTime="2025-09-08T21:55:52.4292732+00:00" testType="13cdc9d9-ddb5-4fa4-a97d-d965ccfc6d4b" outcome="Passed" testListId="8c84fa94-04c1-424b-9868-57a2d4851a1d" relativeResultsDirectory="f6114919-2e3c-4444-aad5-8b8c5a229bb8" />
    <UnitTestResult executionId="33fb9ab4-645a-41a0-9b05-cf9b8fc26d21" testId="db721fc4-a1fe-b232-ce2c-bf8d98ca9de3" testName="GameBoy.Tests.PaletteTests.ToRgba_WithInvalidValue_ReturnsDefault(colorValue: -1, expectedRgba: -6571249)" computerName="pkrvm7jw40e0xgp" duration="00:00:00.0002819" startTime="2025-09-08T21:55:52.5379714+00:00" endTime="2025-09-08T21:55:52.5379714+00:00" testType="13cdc9d9-ddb5-4fa4-a97d-d965ccfc6d4b" outcome="Passed" testListId="8c84fa94-04c1-424b-9868-57a2d4851a1d" relativeResultsDirectory="33fb9ab4-645a-41a0-9b05-cf9b8fc26d21" />
    <UnitTestResult executionId="fd9c3af7-bb20-49d8-8845-9a5ca01fc541" testId="81e9898a-dae0-2d9c-2628-6c8ec1abaae7" testName="GameBoy.Tests.CpuAddressingTests.GetR8_ThrowsForInvalidIndex" computerName="pkrvm7jw40e0xgp" duration="00:00:00.0006477" startTime="2025-09-08T21:55:52.5340843+00:00" endTime="2025-09-08T21:55:52.5340844+00:00" testType="13cdc9d9-ddb5-4fa4-a97d-d965ccfc6d4b" outcome="Passed" testListId="8c84fa94-04c1-424b-9868-57a2d4851a1d" relativeResultsDirectory="fd9c3af7-bb20-49d8-8845-9a5ca01fc541" />
    <UnitTestResult executionId="8a09a374-9c8f-4c1e-83a8-d9cd19040057" testId="6ae15b65-ae4b-1bce-4c25-6a54788ea6c7" testName="GameBoy.Tests.Mbc1Tests.WriteRom_RamEnable_EnablesRamAccess" computerName="pkrvm7jw40e0xgp" duration="00:00:00.0003312" startTime="2025-09-08T21:55:52.3585661+00:00" endTime="2025-09-08T21:55:52.3585661+00:00" testType="13cdc9d9-ddb5-4fa4-a97d-d965ccfc6d4b" outcome="Passed" testListId="8c84fa94-04c1-424b-9868-57a2d4851a1d" relativeResultsDirectory="8a09a374-9c8f-4c1e-83a8-d9cd19040057" />
    <UnitTestResult executionId="912fc53d-0edf-4558-8eaa-5727acd37fe5" testId="1dad59b4-c11d-f31e-82c8-045bd3ba0974" testName="GameBoy.Tests.AluTests.Subtract_EdgeCases_BehavesCorrectly(a: 16, operand: 1)" computerName="pkrvm7jw40e0xgp" duration="00:00:00.0000108" startTime="2025-09-08T21:55:52.5454911+00:00" endTime="2025-09-08T21:55:52.5454912+00:00" testType="13cdc9d9-ddb5-4fa4-a97d-d965ccfc6d4b" outcome="Passed" testListId="8c84fa94-04c1-424b-9868-57a2d4851a1d" relativeResultsDirectory="912fc53d-0edf-4558-8eaa-5727acd37fe5" />
    <UnitTestResult executionId="a5d410df-eca0-4a65-b800-28d1b31739a0" testId="398b5a77-05bf-90a8-7b7e-c51723bbabda" testName="GameBoy.Tests.SpriteTests.ScreenY_ReturnsCorrectPosition(y: 80, expectedScreenY: 64)" computerName="pkrvm7jw40e0xgp" duration="00:00:00.0000068" startTime="2025-09-08T21:55:52.3305397+00:00" endTime="2025-09-08T21:55:52.3305398+00:00" testType="13cdc9d9-ddb5-4fa4-a97d-d965ccfc6d4b" outcome="Passed" testListId="8c84fa94-04c1-424b-9868-57a2d4851a1d" relativeResultsDirectory="a5d410df-eca0-4a65-b800-28d1b31739a0" />
    <UnitTestResult executionId="3bef0921-fb94-4bd2-8cb2-9ac6161c8c4b" testId="5c80c942-469f-07a2-d1f7-27f3275a6764" testName="GameBoy.Tests.LcdcTests.ObjEnable_ReturnsCorrectValue(value: 253, expected: False)" computerName="pkrvm7jw40e0xgp" duration="00:00:00.0000069" startTime="2025-09-08T21:55:52.4180797+00:00" endTime="2025-09-08T21:55:52.4180798+00:00" testType="13cdc9d9-ddb5-4fa4-a97d-d965ccfc6d4b" outcome="Passed" testListId="8c84fa94-04c1-424b-9868-57a2d4851a1d" relativeResultsDirectory="3bef0921-fb94-4bd2-8cb2-9ac6161c8c4b" />
    <UnitTestResult executionId="72cc2d50-df59-46dd-8164-9e43f2b79c46" testId="a0a5ea87-9826-75f7-58ed-cb14cf32d6a6" testName="GameBoy.Tests.DmaTests.DMA_ValidSources_CopiesCorrectly(dmaValue: 208, expectedSource: 53248)" computerName="pkrvm7jw40e0xgp" duration="00:00:00.0000997" startTime="2025-09-08T21:55:52.4219644+00:00" endTime="2025-09-08T21:55:52.4219645+00:00" testType="13cdc9d9-ddb5-4fa4-a97d-d965ccfc6d4b" outcome="Passed" testListId="8c84fa94-04c1-424b-9868-57a2d4851a1d" relativeResultsDirectory="72cc2d50-df59-46dd-8164-9e43f2b79c46" />
    <UnitTestResult executionId="72b4f1f2-bbe1-4a3a-86d7-8669ee7ab811" testId="b01d3278-48db-4fb4-4597-05a0bb919f44" testName="GameBoy.Tests.SpriteTests.GetRelativeY16_ReturnsCorrectValueFor8x16Sprites(y: 80, scanline: 75, attributes: 0, expected: 11)" computerName="pkrvm7jw40e0xgp" duration="00:00:00.0000063" startTime="2025-09-08T21:55:52.3236583+00:00" endTime="2025-09-08T21:55:52.3236585+00:00" testType="13cdc9d9-ddb5-4fa4-a97d-d965ccfc6d4b" outcome="Passed" testListId="8c84fa94-04c1-424b-9868-57a2d4851a1d" relativeResultsDirectory="72b4f1f2-bbe1-4a3a-86d7-8669ee7ab811" />
    <UnitTestResult executionId="447ed170-843e-46d6-8e31-b8d1a651173f" testId="c0bd481a-aa4f-3cf0-fc8a-7f4a149db98d" testName="GameBoy.Tests.Integration.CpuInstructionTests.LD_rr_d16_Loads16BitImmediate(opcode: 49)" computerName="pkrvm7jw40e0xgp" duration="00:00:00.0001190" startTime="2025-09-08T21:55:52.4592877+00:00" endTime="2025-09-08T21:55:52.4592878+00:00" testType="13cdc9d9-ddb5-4fa4-a97d-d965ccfc6d4b" outcome="Passed" testListId="8c84fa94-04c1-424b-9868-57a2d4851a1d" relativeResultsDirectory="447ed170-843e-46d6-8e31-b8d1a651173f" />
    <UnitTestResult executionId="79cf8927-64fc-48d1-8282-8c58360a2de8" testId="4fb49d5b-2cd1-b947-c4bf-842f18637aa6" testName="GameBoy.Tests.PpuTests.Step_AdvancesThroughLcdModes" computerName="pkrvm7jw40e0xgp" duration="00:00:00.0144523" startTime="2025-09-08T21:55:52.5266475+00:00" endTime="2025-09-08T21:55:52.5266475+00:00" testType="13cdc9d9-ddb5-4fa4-a97d-d965ccfc6d4b" outcome="Passed" testListId="8c84fa94-04c1-424b-9868-57a2d4851a1d" relativeResultsDirectory="79cf8927-64fc-48d1-8282-8c58360a2de8" />
    <UnitTestResult executionId="2dd3570a-6bab-4aa8-ad55-dbacdb00d9fb" testId="d3d7520c-9946-57c4-5e03-6827c9a83283" testName="GameBoy.Tests.Mbc3Tests.ExternalRam_RtcRegisters_AccessibleWhenEnabled" computerName="pkrvm7jw40e0xgp" duration="00:00:00.0003836" startTime="2025-09-08T21:55:52.4711718+00:00" endTime="2025-09-08T21:55:52.4711718+00:00" testType="13cdc9d9-ddb5-4fa4-a97d-d965ccfc6d4b" outcome="Passed" testListId="8c84fa94-04c1-424b-9868-57a2d4851a1d" relativeResultsDirectory="2dd3570a-6bab-4aa8-ad55-dbacdb00d9fb" />
    <UnitTestResult executionId="1e8acbd7-4d2f-4b59-80c4-f1461fafc5cf" testId="51e04f4f-3cc0-d132-ebbf-43fcaa9395c7" testName="GameBoy.Tests.Integration.BlarggIntegrationTests.TestRoms_DirectoryStructure_IsValid" computerName="pkrvm7jw40e0xgp" duration="00:00:00.0003534" startTime="2025-09-08T21:55:52.4017038+00:00" endTime="2025-09-08T21:55:52.4017039+00:00" testType="13cdc9d9-ddb5-4fa4-a97d-d965ccfc6d4b" outcome="Passed" testListId="8c84fa94-04c1-424b-9868-57a2d4851a1d" relativeResultsDirectory="1e8acbd7-4d2f-4b59-80c4-f1461fafc5cf" />
    <UnitTestResult executionId="60740ca7-4354-4b11-a489-9cf8a87732cb" testId="3fce3dfd-c2dc-3773-5e41-3be0911fdc6e" testName="GameBoy.Tests.MmuTests.Unstubbed_IORegisters_ReadAs0xFF" computerName="pkrvm7jw40e0xgp" duration="00:00:00.0016856" startTime="2025-09-08T21:55:52.3909062+00:00" endTime="2025-09-08T21:55:52.3909062+00:00" testType="13cdc9d9-ddb5-4fa4-a97d-d965ccfc6d4b" outcome="Passed" testListId="8c84fa94-04c1-424b-9868-57a2d4851a1d" relativeResultsDirectory="60740ca7-4354-4b11-a489-9cf8a87732cb" />
    <UnitTestResult executionId="3ea48d0a-2316-42bc-a439-745be501827f" testId="306017d9-5a39-1a3d-f478-e9d40f0787b3" testName="GameBoy.Tests.DmaTests.DMA_InvalidSources_HandledGracefully(dmaValue: 255)" computerName="pkrvm7jw40e0xgp" duration="00:00:00.0003616" startTime="2025-09-08T21:55:52.4077863+00:00" endTime="2025-09-08T21:55:52.4077864+00:00" testType="13cdc9d9-ddb5-4fa4-a97d-d965ccfc6d4b" outcome="Passed" testListId="8c84fa94-04c1-424b-9868-57a2d4851a1d" relativeResultsDirectory="3ea48d0a-2316-42bc-a439-745be501827f" />
    <UnitTestResult executionId="8baf9ffc-765d-4a81-a911-226361609f40" testId="7386db50-75f2-d6ca-827c-40a924671b76" testName="GameBoy.Tests.Integration.MooneyeInterruptTests.Mooneye_PPUInterruptTests_ExecuteSuccessfully(category: &quot;ppu&quot;, romFile: &quot;hblank_ly_scx_timing-GS.gb&quot;, description: &quot;H-blank LY SCX timing interrupt&quot;)" computerName="pkrvm7jw40e0xgp" duration="00:00:00.0000126" startTime="2025-09-08T21:55:52.3119660+00:00" endTime="2025-09-08T21:55:52.3119660+00:00" testType="13cdc9d9-ddb5-4fa4-a97d-d965ccfc6d4b" outcome="Passed" testListId="8c84fa94-04c1-424b-9868-57a2d4851a1d" relativeResultsDirectory="8baf9ffc-765d-4a81-a911-226361609f40" />
    <UnitTestResult executionId="cb2c836c-3cdb-4c34-8048-c3e0e6da49e9" testId="7228e315-3e10-614e-b4d8-f5be940bd300" testName="GameBoy.Tests.MmuTests.EchoRam_MirrorsWorkRam" computerName="pkrvm7jw40e0xgp" duration="00:00:00.0002058" startTime="2025-09-08T21:55:52.3692074+00:00" endTime="2025-09-08T21:55:52.3692074+00:00" testType="13cdc9d9-ddb5-4fa4-a97d-d965ccfc6d4b" outcome="Passed" testListId="8c84fa94-04c1-424b-9868-57a2d4851a1d" relativeResultsDirectory="cb2c836c-3cdb-4c34-8048-c3e0e6da49e9" />
    <UnitTestResult executionId="d9c2a6a8-570e-4413-9c2e-cdbd6a120e9b" testId="f93a8561-7b7e-dd8e-909f-28cd62e74c6b" testName="GameBoy.Tests.InstructionGroupTests.LD_B_d8_LoadsImmediate" computerName="pkrvm7jw40e0xgp" duration="00:00:00.1010532" startTime="2025-09-08T21:55:52.3254389+00:00" endTime="2025-09-08T21:55:52.3254389+00:00" testType="13cdc9d9-ddb5-4fa4-a97d-d965ccfc6d4b" outcome="Passed" testListId="8c84fa94-04c1-424b-9868-57a2d4851a1d" relativeResultsDirectory="d9c2a6a8-570e-4413-9c2e-cdbd6a120e9b" />
    <UnitTestResult executionId="a7dddd36-3d11-406d-867d-62913b253558" testId="d6c206c9-da50-f231-6f1b-25fa7130e345" testName="GameBoy.Tests.Integration.CpuInstructionTests.CB_RLC_B_RotateLeftCircular(initial: 128, expected: 1, expectedZ: False, expectedN: False, expectedH: False, expectedC: True)" computerName="pkrvm7jw40e0xgp" duration="00:00:00.0004418" startTime="2025-09-08T21:55:52.4602786+00:00" endTime="2025-09-08T21:55:52.4602787+00:00" testType="13cdc9d9-ddb5-4fa4-a97d-d965ccfc6d4b" outcome="Passed" testListId="8c84fa94-04c1-424b-9868-57a2d4851a1d" relativeResultsDirectory="a7dddd36-3d11-406d-867d-62913b253558" />
    <UnitTestResult executionId="c018538e-3b4b-4ebf-b969-82883556338d" testId="aa468564-3fed-7531-2863-b13b77656923" testName="GameBoy.Tests.CartridgeHeaderTests.RamSize_InvalidCodes_DefaultsToZero(code: 255)" computerName="pkrvm7jw40e0xgp" duration="00:00:00.0000133" startTime="2025-09-08T21:55:52.5406081+00:00" endTime="2025-09-08T21:55:52.5406082+00:00" testType="13cdc9d9-ddb5-4fa4-a97d-d965ccfc6d4b" outcome="Passed" testListId="8c84fa94-04c1-424b-9868-57a2d4851a1d" relativeResultsDirectory="c018538e-3b4b-4ebf-b969-82883556338d" />
    <UnitTestResult executionId="91ed482c-68fc-4f3f-8925-b192b31b199c" testId="943cc5a5-26d0-aad1-40f4-9c9d4bed2506" testName="GameBoy.Tests.InstructionTimingTests.LoadImmediate16_Takes12Cycles" computerName="pkrvm7jw40e0xgp" duration="00:00:00.0005018" startTime="2025-09-08T21:55:52.4572159+00:00" endTime="2025-09-08T21:55:52.4572160+00:00" testType="13cdc9d9-ddb5-4fa4-a97d-d965ccfc6d4b" outcome="Passed" testListId="8c84fa94-04c1-424b-9868-57a2d4851a1d" relativeResultsDirectory="91ed482c-68fc-4f3f-8925-b192b31b199c" />
    <UnitTestResult executionId="640afc8d-e587-457b-9303-481b4aa19f6d" testId="800633a9-c281-8a02-ccd0-0706d0f50e41" testName="GameBoy.Tests.Mbc1Tests.ReadRom_BeyondAvailableSize_ReturnsFF" computerName="pkrvm7jw40e0xgp" duration="00:00:00.0106007" startTime="2025-09-08T21:55:52.3451838+00:00" endTime="2025-09-08T21:55:52.3451838+00:00" testType="13cdc9d9-ddb5-4fa4-a97d-d965ccfc6d4b" outcome="Passed" testListId="8c84fa94-04c1-424b-9868-57a2d4851a1d" relativeResultsDirectory="640afc8d-e587-457b-9303-481b4aa19f6d" />
    <UnitTestResult executionId="c7771dfd-0910-402a-86bc-6b1c9cee5898" testId="ae38d11e-77cf-26f9-8716-ecc257c1e811" testName="GameBoy.Tests.Integration.MooneyeInterruptTests.Mooneye_InterruptTests_ExecuteSuccessfully(category: &quot;interrupts&quot;, romFile: &quot;reti_timing.gb&quot;, description: &quot;RETI timing test&quot;)" computerName="pkrvm7jw40e0xgp" duration="00:00:00.0000098" startTime="2025-09-08T21:55:52.2983923+00:00" endTime="2025-09-08T21:55:52.2983924+00:00" testType="13cdc9d9-ddb5-4fa4-a97d-d965ccfc6d4b" outcome="Passed" testListId="8c84fa94-04c1-424b-9868-57a2d4851a1d" relativeResultsDirectory="c7771dfd-0910-402a-86bc-6b1c9cee5898" />
    <UnitTestResult executionId="e5b26186-5588-4610-afb7-f38087e5044a" testId="0d5a7d16-1b49-533d-395a-8b9c7d4f8bf2" testName="GameBoy.Tests.Mbc5Tests.WriteRom_UnusedRanges_IgnoredCorrectly" computerName="pkrvm7jw40e0xgp" duration="00:00:00.0131300" startTime="2025-09-08T21:55:52.5129072+00:00" endTime="2025-09-08T21:55:52.5129073+00:00" testType="13cdc9d9-ddb5-4fa4-a97d-d965ccfc6d4b" outcome="Passed" testListId="8c84fa94-04c1-424b-9868-57a2d4851a1d" relativeResultsDirectory="e5b26186-5588-4610-afb7-f38087e5044a" />
    <UnitTestResult executionId="2b129dd2-da0f-4e0b-96e0-6ae781bf5237" testId="77182e8d-b8f8-e457-3fae-28dfdff8725f" testName="GameBoy.Tests.EmulatorMbcIntegrationTests.Emulator_BatteryRam_NonBatteryCartridge_ReturnsNull" computerName="pkrvm7jw40e0xgp" duration="00:00:00.0005086" startTime="2025-09-08T21:55:52.3210840+00:00" endTime="2025-09-08T21:55:52.3210840+00:00" testType="13cdc9d9-ddb5-4fa4-a97d-d965ccfc6d4b" outcome="Passed" testListId="8c84fa94-04c1-424b-9868-57a2d4851a1d" relativeResultsDirectory="2b129dd2-da0f-4e0b-96e0-6ae781bf5237" />
    <UnitTestResult executionId="0d7d793c-420c-4762-a776-a92e3b2ab34f" testId="c97e1a23-b35a-31ec-31b1-1232bb0e493e" testName="GameBoy.Tests.InstructionGroupTests.CB_SRL_D_ShiftsRightLogical" computerName="pkrvm7jw40e0xgp" duration="00:00:00.0092656" startTime="2025-09-08T21:55:52.3560857+00:00" endTime="2025-09-08T21:55:52.3560858+00:00" testType="13cdc9d9-ddb5-4fa4-a97d-d965ccfc6d4b" outcome="Passed" testListId="8c84fa94-04c1-424b-9868-57a2d4851a1d" relativeResultsDirectory="0d7d793c-420c-4762-a776-a92e3b2ab34f" />
    <UnitTestResult executionId="750d039b-1fd2-4917-96ff-d0b723add68b" testId="2a93d9c4-a36f-de44-4edc-32992512852d" testName="GameBoy.Tests.Integration.CpuInstructionTests.LD_B_HL_LoadsRegisterFromMemory" computerName="pkrvm7jw40e0xgp" duration="00:00:00.0003633" startTime="2025-09-08T21:55:52.4470767+00:00" endTime="2025-09-08T21:55:52.4470767+00:00" testType="13cdc9d9-ddb5-4fa4-a97d-d965ccfc6d4b" outcome="Passed" testListId="8c84fa94-04c1-424b-9868-57a2d4851a1d" relativeResultsDirectory="750d039b-1fd2-4917-96ff-d0b723add68b" />
    <UnitTestResult executionId="7aa3ab19-e31f-4566-bff1-8ec98f607539" testId="6453f326-eec3-69c8-c371-8a4d45690011" testName="GameBoy.Tests.EmulatorMbcIntegrationTests.Emulator_BatteryRam_SaveLoad_Mbc3WithRtc" computerName="pkrvm7jw40e0xgp" duration="00:00:00.0117813" startTime="2025-09-08T21:55:52.3246454+00:00" endTime="2025-09-08T21:55:52.3246455+00:00" testType="13cdc9d9-ddb5-4fa4-a97d-d965ccfc6d4b" outcome="Passed" testListId="8c84fa94-04c1-424b-9868-57a2d4851a1d" relativeResultsDirectory="7aa3ab19-e31f-4566-bff1-8ec98f607539" />
    <UnitTestResult executionId="6dd0a404-9cdb-4d26-bff5-7a5c3c890435" testId="510961c9-0b2a-b981-7f3f-8c335fddabb1" testName="GameBoy.Tests.CartridgeHeaderTests.Parse_TooSmallRom_ThrowsException" computerName="pkrvm7jw40e0xgp" duration="00:00:00.0014198" startTime="2025-09-08T21:55:52.5444708+00:00" endTime="2025-09-08T21:55:52.5444709+00:00" testType="13cdc9d9-ddb5-4fa4-a97d-d965ccfc6d4b" outcome="Passed" testListId="8c84fa94-04c1-424b-9868-57a2d4851a1d" relativeResultsDirectory="6dd0a404-9cdb-4d26-bff5-7a5c3c890435" />
    <UnitTestResult executionId="c0a0bfac-ce4e-41ef-93b6-aa92bb930f68" testId="e3ee4498-7e81-0e5e-40ca-d043bbd2bf65" testName="GameBoy.Tests.InterruptControllerTests.DocumentedApiExamples_WorkCorrectly" computerName="pkrvm7jw40e0xgp" duration="00:00:00.0002827" startTime="2025-09-08T21:55:52.4703191+00:00" endTime="2025-09-08T21:55:52.4703192+00:00" testType="13cdc9d9-ddb5-4fa4-a97d-d965ccfc6d4b" outcome="Passed" testListId="8c84fa94-04c1-424b-9868-57a2d4851a1d" relativeResultsDirectory="c0a0bfac-ce4e-41ef-93b6-aa92bb930f68" />
    <UnitTestResult executionId="1a3df11a-4e25-4650-a8ce-ae3a63c2212d" testId="ac5af315-790c-169b-481f-a8260b6ce215" testName="GameBoy.Tests.CartridgeHeaderTests.RamSize_CalculatesCorrectSizeForStandardCodes(code: 5, expectedSize: 65536)" computerName="pkrvm7jw40e0xgp" duration="00:00:00.0003031" startTime="2025-09-08T21:55:52.5356992+00:00" endTime="2025-09-08T21:55:52.5356992+00:00" testType="13cdc9d9-ddb5-4fa4-a97d-d965ccfc6d4b" outcome="Passed" testListId="8c84fa94-04c1-424b-9868-57a2d4851a1d" relativeResultsDirectory="1a3df11a-4e25-4650-a8ce-ae3a63c2212d" />
    <UnitTestResult executionId="696e69fa-715c-43d1-a359-b60290263e5f" testId="9cbe8511-894f-e7f4-8ecb-fc0d18c43e56" testName="GameBoy.Tests.AdvancedTimingTests.LoadHLI_Takes8Cycles" computerName="pkrvm7jw40e0xgp" duration="00:00:00.0002090" startTime="2025-09-08T21:55:52.4980815+00:00" endTime="2025-09-08T21:55:52.4980815+00:00" testType="13cdc9d9-ddb5-4fa4-a97d-d965ccfc6d4b" outcome="Passed" testListId="8c84fa94-04c1-424b-9868-57a2d4851a1d" relativeResultsDirectory="696e69fa-715c-43d1-a359-b60290263e5f" />
    <UnitTestResult executionId="ce01d8de-4380-4dbc-8d3f-9726ed9f6399" testId="3a29f211-7674-9650-3e55-43bb4ee5e34c" testName="GameBoy.Tests.AluTests.Compare_ALarger_NoFlags" computerName="pkrvm7jw40e0xgp" duration="00:00:00.0001428" startTime="2025-09-08T21:55:52.5472944+00:00" endTime="2025-09-08T21:55:52.5472945+00:00" testType="13cdc9d9-ddb5-4fa4-a97d-d965ccfc6d4b" outcome="Passed" testListId="8c84fa94-04c1-424b-9868-57a2d4851a1d" relativeResultsDirectory="ce01d8de-4380-4dbc-8d3f-9726ed9f6399" />
    <UnitTestResult executionId="53c69969-780e-44b8-8b25-ff8fd4dbb636" testId="681df3c8-366c-023c-2be6-b331d23b1ce7" testName="GameBoy.Tests.InterruptControllerTests.IF_SetAndRead_ReturnsCorrectValues(setValue: 0, expectedRead: 224)" computerName="pkrvm7jw40e0xgp" duration="00:00:00.0008641" startTime="2025-09-08T21:55:52.4474430+00:00" endTime="2025-09-08T21:55:52.4474431+00:00" testType="13cdc9d9-ddb5-4fa4-a97d-d965ccfc6d4b" outcome="Passed" testListId="8c84fa94-04c1-424b-9868-57a2d4851a1d" relativeResultsDirectory="53c69969-780e-44b8-8b25-ff8fd4dbb636" />
    <UnitTestResult executionId="f1c3ed76-1c94-4923-8ab6-791f585b6459" testId="b150f0c7-fa26-71ca-4a24-1979b341f3ca" testName="GameBoy.Tests.AluTests.Add_HalfCarryOnly_SetsHalfCarryFlag" computerName="pkrvm7jw40e0xgp" duration="00:00:00.0001474" startTime="2025-09-08T21:55:52.5489735+00:00" endTime="2025-09-08T21:55:52.5489735+00:00" testType="13cdc9d9-ddb5-4fa4-a97d-d965ccfc6d4b" outcome="Passed" testListId="8c84fa94-04c1-424b-9868-57a2d4851a1d" relativeResultsDirectory="f1c3ed76-1c94-4923-8ab6-791f585b6459" />
    <UnitTestResult executionId="b7700768-3527-4f77-a5a4-50354f6fa8bc" testId="21650b1b-23f5-104d-52d4-4487730851e0" testName="GameBoy.Tests.PaletteTests.MapColor_ReturnsCorrectMappedValue(paletteValue: 27, colorIndex: 0, expectedMapped: 3)" computerName="pkrvm7jw40e0xgp" duration="00:00:00.0000068" startTime="2025-09-08T21:55:52.5377424+00:00" endTime="2025-09-08T21:55:52.5377424+00:00" testType="13cdc9d9-ddb5-4fa4-a97d-d965ccfc6d4b" outcome="Passed" testListId="8c84fa94-04c1-424b-9868-57a2d4851a1d" relativeResultsDirectory="b7700768-3527-4f77-a5a4-50354f6fa8bc" />
    <UnitTestResult executionId="4b35e7e9-b6ca-4784-85ec-eaa95d5bda68" testId="fe7dcf1a-692d-d9b2-b7ab-bd7d98b0d788" testName="GameBoy.Tests.InstructionTimingTests.AddFromHL_Takes8Cycles" computerName="pkrvm7jw40e0xgp" duration="00:00:00.0001747" startTime="2025-09-08T21:55:52.4581487+00:00" endTime="2025-09-08T21:55:52.4581488+00:00" testType="13cdc9d9-ddb5-4fa4-a97d-d965ccfc6d4b" outcome="Passed" testListId="8c84fa94-04c1-424b-9868-57a2d4851a1d" relativeResultsDirectory="4b35e7e9-b6ca-4784-85ec-eaa95d5bda68" />
    <UnitTestResult executionId="210d6d70-ffe2-4186-9186-e2fc0736c23e" testId="4e34fb28-c0fe-9ad1-2f5a-0c2c79133b02" testName="GameBoy.Tests.Mbc1Tests.ExternalRam_MaxRamBanks_WorksCorrectly" computerName="pkrvm7jw40e0xgp" duration="00:00:00.0002996" startTime="2025-09-08T21:55:52.3587354+00:00" endTime="2025-09-08T21:55:52.3587355+00:00" testType="13cdc9d9-ddb5-4fa4-a97d-d965ccfc6d4b" outcome="Passed" testListId="8c84fa94-04c1-424b-9868-57a2d4851a1d" relativeResultsDirectory="210d6d70-ffe2-4186-9186-e2fc0736c23e" />
    <UnitTestResult executionId="13e3c358-0d9b-42de-8a76-4ee7055d9830" testId="609bd508-17ee-c9e2-b1d6-3c5aaf63cbcb" testName="GameBoy.Tests.Integration.MooneyeInterruptTests.Mooneye_TimerInterruptTests_ExecuteSuccessfully(category: &quot;timer&quot;, romFile: &quot;tim00.gb&quot;, description: &quot;Timer interrupt test 00&quot;)" computerName="pkrvm7jw40e0xgp" duration="00:00:00.0002657" startTime="2025-09-08T21:55:52.3072014+00:00" endTime="2025-09-08T21:55:52.3072015+00:00" testType="13cdc9d9-ddb5-4fa4-a97d-d965ccfc6d4b" outcome="Passed" testListId="8c84fa94-04c1-424b-9868-57a2d4851a1d" relativeResultsDirectory="13e3c358-0d9b-42de-8a76-4ee7055d9830" />
    <UnitTestResult executionId="088fb15a-1785-4ca7-a459-d6e73efececc" testId="34924829-4fd3-8dc8-73df-3ca654f3cd98" testName="GameBoy.Tests.PpuTests.Step_FrameCompletion_ReturnsCorrectValue(cycles: 70224, expectedFrameReady: True)" computerName="pkrvm7jw40e0xgp" duration="00:00:00.0061218" startTime="2025-09-08T21:55:52.5334908+00:00" endTime="2025-09-08T21:55:52.5334909+00:00" testType="13cdc9d9-ddb5-4fa4-a97d-d965ccfc6d4b" outcome="Passed" testListId="8c84fa94-04c1-424b-9868-57a2d4851a1d" relativeResultsDirectory="088fb15a-1785-4ca7-a459-d6e73efececc" />
    <UnitTestResult executionId="9a555e2a-ffce-4616-a0b4-eccb19029edb" testId="590936a9-03d2-1617-2e4b-6fffd4734220" testName="GameBoy.Tests.Integration.MooneyeInterruptTests.Mooneye_InterruptTests_ExecuteSuccessfully(category: &quot;interrupts&quot;, romFile: &quot;halt_ime1_timing2-GS.gb&quot;, description: &quot;HALT with IME=1 timing test 2&quot;)" computerName="pkrvm7jw40e0xgp" duration="00:00:00.0000164" startTime="2025-09-08T21:55:52.3034931+00:00" endTime="2025-09-08T21:55:52.3034931+00:00" testType="13cdc9d9-ddb5-4fa4-a97d-d965ccfc6d4b" outcome="Passed" testListId="8c84fa94-04c1-424b-9868-57a2d4851a1d" relativeResultsDirectory="9a555e2a-ffce-4616-a0b4-eccb19029edb" />
    <UnitTestResult executionId="38d93ce3-2559-466b-a424-ba2776c6f4f1" testId="2d19533e-54ba-79c1-fc44-a594fdfb46cc" testName="GameBoy.Tests.InstructionTimingTests.UnconditionalJump_Takes16Cycles" computerName="pkrvm7jw40e0xgp" duration="00:00:00.0002841" startTime="2025-09-08T21:55:52.4423574+00:00" endTime="2025-09-08T21:55:52.4423574+00:00" testType="13cdc9d9-ddb5-4fa4-a97d-d965ccfc6d4b" outcome="Passed" testListId="8c84fa94-04c1-424b-9868-57a2d4851a1d" relativeResultsDirectory="38d93ce3-2559-466b-a424-ba2776c6f4f1" />
    <UnitTestResult executionId="63d44738-80ba-4685-872a-6f2f83870217" testId="6582d5da-7575-b5da-765c-6bd7f2c3c453" testName="GameBoy.Tests.CartridgeTests.Detect_AllMbc5Variants_ReturnsCorrectCartridge(cartridgeType: 30)" computerName="pkrvm7jw40e0xgp" duration="00:00:00.0002032" startTime="2025-09-08T21:55:52.5200714+00:00" endTime="2025-09-08T21:55:52.5200714+00:00" testType="13cdc9d9-ddb5-4fa4-a97d-d965ccfc6d4b" outcome="Passed" testListId="8c84fa94-04c1-424b-9868-57a2d4851a1d" relativeResultsDirectory="63d44738-80ba-4685-872a-6f2f83870217" />
    <UnitTestResult executionId="9f89d2c8-add4-49c9-90b9-1c4083a5e5bc" testId="4f41d852-180f-2523-dd4d-7c6a551e0868" testName="GameBoy.Tests.Mbc5Tests.BatteryInterface_LoadExternalRam_LoadsSavedData" computerName="pkrvm7jw40e0xgp" duration="00:00:00.0004490" startTime="2025-09-08T21:55:52.5482690+00:00" endTime="2025-09-08T21:55:52.5482691+00:00" testType="13cdc9d9-ddb5-4fa4-a97d-d965ccfc6d4b" outcome="Passed" testListId="8c84fa94-04c1-424b-9868-57a2d4851a1d" relativeResultsDirectory="9f89d2c8-add4-49c9-90b9-1c4083a5e5bc" />
    <UnitTestResult executionId="65b809d9-0b89-4ebc-ba12-9d697c5d0d5a" testId="9216678b-2400-5aed-087d-303a46d8d2e2" testName="GameBoy.Tests.CpuAddressingTests.WriteBC_WritesToBCAddress" computerName="pkrvm7jw40e0xgp" duration="00:00:00.0002799" startTime="2025-09-08T21:55:52.5346687+00:00" endTime="2025-09-08T21:55:52.5346688+00:00" testType="13cdc9d9-ddb5-4fa4-a97d-d965ccfc6d4b" outcome="Passed" testListId="8c84fa94-04c1-424b-9868-57a2d4851a1d" relativeResultsDirectory="65b809d9-0b89-4ebc-ba12-9d697c5d0d5a" />
    <UnitTestResult executionId="d9c6ea0e-470c-4465-8bbd-c1b69b527935" testId="afc435a3-721e-372b-2cf7-9c97a5e16d70" testName="GameBoy.Tests.PpuTests.FrameBuffer_InitializedToCorrectSize" computerName="pkrvm7jw40e0xgp" duration="00:00:00.0537670" startTime="2025-09-08T21:55:52.5444045+00:00" endTime="2025-09-08T21:55:52.5444045+00:00" testType="13cdc9d9-ddb5-4fa4-a97d-d965ccfc6d4b" outcome="Passed" testListId="8c84fa94-04c1-424b-9868-57a2d4851a1d" relativeResultsDirectory="d9c6ea0e-470c-4465-8bbd-c1b69b527935" />
    <UnitTestResult executionId="6897402a-2956-43f4-b9e9-73d99fa68c24" testId="ace78cff-179a-9499-fa78-59d740597f66" testName="GameBoy.Tests.InterruptServiceRoutineTests.InterruptPriority_VBlankHighestPriority" computerName="pkrvm7jw40e0xgp" duration="00:00:00.0027186" startTime="2025-09-08T21:55:52.4571425+00:00" endTime="2025-09-08T21:55:52.4571425+00:00" testType="13cdc9d9-ddb5-4fa4-a97d-d965ccfc6d4b" outcome="Passed" testListId="8c84fa94-04c1-424b-9868-57a2d4851a1d" relativeResultsDirectory="6897402a-2956-43f4-b9e9-73d99fa68c24" />
    <UnitTestResult executionId="9553949c-ce2d-4758-8eb5-653d0afd4215" testId="adc66f14-1cd4-d78e-e348-709204390043" testName="GameBoy.Tests.Integration.MooneyeInterruptTests.Mooneye_TimerInterruptTests_ExecuteSuccessfully(category: &quot;timer&quot;, romFile: &quot;div_write.gb&quot;, description: &quot;DIV register write interrupt behavior&quot;)" computerName="pkrvm7jw40e0xgp" duration="00:00:00.0000082" startTime="2025-09-08T21:55:52.3107006+00:00" endTime="2025-09-08T21:55:52.3107006+00:00" testType="13cdc9d9-ddb5-4fa4-a97d-d965ccfc6d4b" outcome="Passed" testListId="8c84fa94-04c1-424b-9868-57a2d4851a1d" relativeResultsDirectory="9553949c-ce2d-4758-8eb5-653d0afd4215" />
    <UnitTestResult executionId="ebedddfb-9a06-4c67-aeee-c4263fb8fccb" testId="f1dfce46-eb24-234e-d967-4a07589ad760" testName="GameBoy.Tests.InterruptIntegrationTests.Emulator_IntegratesAllInterruptSources" computerName="pkrvm7jw40e0xgp" duration="00:00:00.0006528" startTime="2025-09-08T21:55:52.3916752+00:00" endTime="2025-09-08T21:55:52.3916753+00:00" testType="13cdc9d9-ddb5-4fa4-a97d-d965ccfc6d4b" outcome="Passed" testListId="8c84fa94-04c1-424b-9868-57a2d4851a1d" relativeResultsDirectory="ebedddfb-9a06-4c67-aeee-c4263fb8fccb" />
    <UnitTestResult executionId="641a849b-cf70-4a79-a79c-3ad483348661" testId="1bc5c7fa-f56c-7a2a-1f34-514dc823bdf2" testName="GameBoy.Tests.Mbc5Tests.WriteRom_BoundaryAddresses_HandledCorrectly" computerName="pkrvm7jw40e0xgp" duration="00:00:00.0017404" startTime="2025-09-08T21:55:52.6308275+00:00" endTime="2025-09-08T21:55:52.6308276+00:00" testType="13cdc9d9-ddb5-4fa4-a97d-d965ccfc6d4b" outcome="Passed" testListId="8c84fa94-04c1-424b-9868-57a2d4851a1d" relativeResultsDirectory="641a849b-cf70-4a79-a79c-3ad483348661" />
    <UnitTestResult executionId="302da327-48ee-43d4-ac0b-3336cd60cc3c" testId="f6a200d1-b9b8-5095-0a61-e8c0493b4264" testName="GameBoy.Tests.CartridgeHeaderTests.IsValidHeader_ValidHeader_ReturnsTrue" computerName="pkrvm7jw40e0xgp" duration="00:00:00.0001621" startTime="2025-09-08T21:55:52.5445328+00:00" endTime="2025-09-08T21:55:52.5445328+00:00" testType="13cdc9d9-ddb5-4fa4-a97d-d965ccfc6d4b" outcome="Passed" testListId="8c84fa94-04c1-424b-9868-57a2d4851a1d" relativeResultsDirectory="302da327-48ee-43d4-ac0b-3336cd60cc3c" />
    <UnitTestResult executionId="9bbd4106-c199-4b55-80d1-b2c1549c2e92" testId="23bd6660-ddb3-b70e-d169-213001745968" testName="GameBoy.Tests.InterruptControllerTests.IF_SetAndRead_ReturnsCorrectValues(setValue: 1, expectedRead: 225)" computerName="pkrvm7jw40e0xgp" duration="00:00:00.0000039" startTime="2025-09-08T21:55:52.4498745+00:00" endTime="2025-09-08T21:55:52.4498746+00:00" testType="13cdc9d9-ddb5-4fa4-a97d-d965ccfc6d4b" outcome="Passed" testListId="8c84fa94-04c1-424b-9868-57a2d4851a1d" relativeResultsDirectory="9bbd4106-c199-4b55-80d1-b2c1549c2e92" />
    <UnitTestResult executionId="d0e617bf-6370-4f50-829a-ae24090c5b7c" testId="3537b133-d3fb-bfb8-7c99-9cf2ad50f6d5" testName="GameBoy.Tests.InterruptControllerTests.Service_ReturnsCorrectVectorAddress(interruptType: Timer, expectedVector: 80)" computerName="pkrvm7jw40e0xgp" duration="00:00:00.0000062" startTime="2025-09-08T21:55:52.4611689+00:00" endTime="2025-09-08T21:55:52.4611689+00:00" testType="13cdc9d9-ddb5-4fa4-a97d-d965ccfc6d4b" outcome="Passed" testListId="8c84fa94-04c1-424b-9868-57a2d4851a1d" relativeResultsDirectory="d0e617bf-6370-4f50-829a-ae24090c5b7c" />
    <UnitTestResult executionId="8bbe9650-dd84-492e-a32b-3d3744bf7057" testId="5e484356-8fc7-8274-f636-9bbd8b3fe737" testName="GameBoy.Tests.Integration.MooneyeInterruptTests.Mooneye_InterruptTests_ExecuteSuccessfully(category: &quot;interrupts&quot;, romFile: &quot;pop_timing.gb&quot;, description: &quot;POP instruction timing with interrupts&quot;)" computerName="pkrvm7jw40e0xgp" duration="00:00:00.0000140" startTime="2025-09-08T21:55:52.1632390+00:00" endTime="2025-09-08T21:55:52.1632391+00:00" testType="13cdc9d9-ddb5-4fa4-a97d-d965ccfc6d4b" outcome="Passed" testListId="8c84fa94-04c1-424b-9868-57a2d4851a1d" relativeResultsDirectory="8bbe9650-dd84-492e-a32b-3d3744bf7057" />
    <UnitTestResult executionId="9875fb58-700f-4d08-9819-7fe8b40578ee" testId="6c65e6fd-2d2d-8499-26fb-debb490455d4" testName="GameBoy.Tests.LcdcTests.ObjEnable_ReturnsCorrectValue(value: 0, expected: False)" computerName="pkrvm7jw40e0xgp" duration="00:00:00.0002680" startTime="2025-09-08T21:55:52.4179852+00:00" endTime="2025-09-08T21:55:52.4179852+00:00" testType="13cdc9d9-ddb5-4fa4-a97d-d965ccfc6d4b" outcome="Passed" testListId="8c84fa94-04c1-424b-9868-57a2d4851a1d" relativeResultsDirectory="9875fb58-700f-4d08-9819-7fe8b40578ee" />
    <UnitTestResult executionId="e7e9d6f7-bbd1-4aeb-a67c-6c1ad13e0203" testId="8501c1ff-99df-e43e-04d1-1abd761272e3" testName="GameBoy.Tests.CpuAddressingTests.GetR8_ThrowsForReservedIndex" computerName="pkrvm7jw40e0xgp" duration="00:00:00.0004480" startTime="2025-09-08T21:55:52.5303943+00:00" endTime="2025-09-08T21:55:52.5303943+00:00" testType="13cdc9d9-ddb5-4fa4-a97d-d965ccfc6d4b" outcome="Passed" testListId="8c84fa94-04c1-424b-9868-57a2d4851a1d" relativeResultsDirectory="e7e9d6f7-bbd1-4aeb-a67c-6c1ad13e0203" />
    <UnitTestResult executionId="8c78f8d6-1fa6-49b4-9a83-3626f22d06a1" testId="1a9738b0-6c90-85ba-61d9-83d486d24f99" testName="GameBoy.Tests.LcdcTests.LcdEnable_ReturnsCorrectValue(value: 127, expected: False)" computerName="pkrvm7jw40e0xgp" duration="00:00:00.0001791" startTime="2025-09-08T21:55:52.4104573+00:00" endTime="2025-09-08T21:55:52.4104573+00:00" testType="13cdc9d9-ddb5-4fa4-a97d-d965ccfc6d4b" outcome="Passed" testListId="8c84fa94-04c1-424b-9868-57a2d4851a1d" relativeResultsDirectory="8c78f8d6-1fa6-49b4-9a83-3626f22d06a1" />
    <UnitTestResult executionId="0c2a96d8-624b-49ae-b883-337cfd326182" testId="a5e31c1c-3c8d-f59e-e67f-7323eceb767c" testName="GameBoy.Tests.InstructionDecodingTests.Instruction_LengthMatchesOperandType" computerName="pkrvm7jw40e0xgp" duration="00:00:00.0024216" startTime="2025-09-08T21:55:52.4982436+00:00" endTime="2025-09-08T21:55:52.4982437+00:00" testType="13cdc9d9-ddb5-4fa4-a97d-d965ccfc6d4b" outcome="Passed" testListId="8c84fa94-04c1-424b-9868-57a2d4851a1d" relativeResultsDirectory="0c2a96d8-624b-49ae-b883-337cfd326182" />
    <UnitTestResult executionId="6152f407-00d1-42e3-bbfc-695ab5a9bdf2" testId="c2cf7f34-49df-069d-7a44-7e6e42be2315" testName="GameBoy.Tests.InterruptIntegrationTests.HALTIntegration_EmulatorWithSubsystems" computerName="pkrvm7jw40e0xgp" duration="00:00:00.0902933" startTime="2025-09-08T21:55:52.3386817+00:00" endTime="2025-09-08T21:55:52.3386818+00:00" testType="13cdc9d9-ddb5-4fa4-a97d-d965ccfc6d4b" outcome="Failed" testListId="8c84fa94-04c1-424b-9868-57a2d4851a1d" relativeResultsDirectory="6152f407-00d1-42e3-bbfc-695ab5a9bdf2">
      <Output>
        <ErrorInfo>
          <Message>Assert.True() Failure
Expected: True
Actual:   False</Message>
          <StackTrace>   at GameBoy.Tests.InterruptIntegrationTests.HALTIntegration_EmulatorWithSubsystems() in /home/runner/work/BlazorBoy/BlazorBoy/src/GameBoy.Tests/InterruptIntegrationTests.cs:line 266
   at System.RuntimeMethodHandle.InvokeMethod(Object target, Void** arguments, Signature sig, Boolean isConstructor)
   at System.Reflection.MethodBaseInvoker.InvokeWithNoArgs(Object obj, BindingFlags invokeAttr)</StackTrace>
        </ErrorInfo>
      </Output>
    </UnitTestResult>
    <UnitTestResult executionId="d3548421-42d5-4c82-879e-b697c40b1e61" testId="ef71ee84-beba-bbc9-b32a-a2be75f08d25" testName="GameBoy.Tests.OpcodeTableCoverageTests.CB_Table_Should_Have_Complete_Coverage" computerName="pkrvm7jw40e0xgp" duration="00:00:00.0002486" startTime="2025-09-08T21:55:52.5425175+00:00" endTime="2025-09-08T21:55:52.5425175+00:00" testType="13cdc9d9-ddb5-4fa4-a97d-d965ccfc6d4b" outcome="Passed" testListId="8c84fa94-04c1-424b-9868-57a2d4851a1d" relativeResultsDirectory="d3548421-42d5-4c82-879e-b697c40b1e61" />
    <UnitTestResult executionId="ef232d1c-2544-421f-a9ff-8679e95feac6" testId="cac0c0dd-e644-887a-03b7-3c56bc6a3597" testName="GameBoy.Tests.SpriteTests.IsVisibleOnScanline_ReturnsCorrectValue(y: 80, scanline: 70, spriteHeight: 16, expected: True)" computerName="pkrvm7jw40e0xgp" duration="00:00:00.0002971" startTime="2025-09-08T21:55:52.3448973+00:00" endTime="2025-09-08T21:55:52.3448974+00:00" testType="13cdc9d9-ddb5-4fa4-a97d-d965ccfc6d4b" outcome="Passed" testListId="8c84fa94-04c1-424b-9868-57a2d4851a1d" relativeResultsDirectory="ef232d1c-2544-421f-a9ff-8679e95feac6" />
    <UnitTestResult executionId="eaf0a827-d4ff-4772-8847-704dead5840a" testId="9542de3d-366a-0422-913a-a75545b2979d" testName="GameBoy.Tests.InterruptControllerTests.IF_SetAndRead_ReturnsCorrectValues(setValue: 31, expectedRead: 255)" computerName="pkrvm7jw40e0xgp" duration="00:00:00.0001488" startTime="2025-09-08T21:55:52.4473081+00:00" endTime="2025-09-08T21:55:52.4473082+00:00" testType="13cdc9d9-ddb5-4fa4-a97d-d965ccfc6d4b" outcome="Passed" testListId="8c84fa94-04c1-424b-9868-57a2d4851a1d" relativeResultsDirectory="eaf0a827-d4ff-4772-8847-704dead5840a" />
    <UnitTestResult executionId="de3511f5-1c1e-40c2-9493-a44e44fde3c2" testId="98ee9077-e403-a9b5-6b6c-2cf1d38f61f3" testName="GameBoy.Tests.AluTests.Compare_ASmaller_SetsCarryFlag" computerName="pkrvm7jw40e0xgp" duration="00:00:00.0061823" startTime="2025-09-08T21:55:52.5462190+00:00" endTime="2025-09-08T21:55:52.5462191+00:00" testType="13cdc9d9-ddb5-4fa4-a97d-d965ccfc6d4b" outcome="Passed" testListId="8c84fa94-04c1-424b-9868-57a2d4851a1d" relativeResultsDirectory="de3511f5-1c1e-40c2-9493-a44e44fde3c2" />
    <UnitTestResult executionId="cdc170de-25c9-4127-8cb5-f48580dcdc44" testId="b0bfee2f-58e0-4f32-8d2c-9ee903141b3a" testName="GameBoy.Tests.DmaTests.DMA_InvalidSources_HandledGracefully(dmaValue: 254)" computerName="pkrvm7jw40e0xgp" duration="00:00:00.0003568" startTime="2025-09-08T21:55:52.4078487+00:00" endTime="2025-09-08T21:55:52.4078487+00:00" testType="13cdc9d9-ddb5-4fa4-a97d-d965ccfc6d4b" outcome="Passed" testListId="8c84fa94-04c1-424b-9868-57a2d4851a1d" relativeResultsDirectory="cdc170de-25c9-4127-8cb5-f48580dcdc44" />
    <UnitTestResult executionId="caef75a4-a762-4345-a680-f3fa1b9f5cff" testId="e4fff357-d03c-5a19-9217-4c3ce7b54408" testName="GameBoy.Tests.InterruptControllerTests.Constructor_InitializesWithDefaultValues" computerName="pkrvm7jw40e0xgp" duration="00:00:00.0001421" startTime="2025-09-08T21:55:52.4683156+00:00" endTime="2025-09-08T21:55:52.4683157+00:00" testType="13cdc9d9-ddb5-4fa4-a97d-d965ccfc6d4b" outcome="Passed" testListId="8c84fa94-04c1-424b-9868-57a2d4851a1d" relativeResultsDirectory="caef75a4-a762-4345-a680-f3fa1b9f5cff" />
    <UnitTestResult executionId="799a3f59-7c4f-4a38-bdf1-0e53ae052395" testId="0987baaa-b082-9c6b-9451-aed60b19e5a3" testName="GameBoy.Tests.Integration.BlarggIntegrationTests.InstrTiming_ExecutesSuccessfully" computerName="pkrvm7jw40e0xgp" duration="00:00:00.0002839" startTime="2025-09-08T21:55:52.4023795+00:00" endTime="2025-09-08T21:55:52.4023796+00:00" testType="13cdc9d9-ddb5-4fa4-a97d-d965ccfc6d4b" outcome="Passed" testListId="8c84fa94-04c1-424b-9868-57a2d4851a1d" relativeResultsDirectory="799a3f59-7c4f-4a38-bdf1-0e53ae052395" />
    <UnitTestResult executionId="bea65d9e-524b-4b91-9336-8dffc6988cba" testId="0505824a-6d7b-eeba-4727-6fa79e2c56f3" testName="GameBoy.Tests.CartridgeTests.Detect_UnknownCartridgeTypes_ThrowsNotSupportedException(cartridgeType: 204)" computerName="pkrvm7jw40e0xgp" duration="00:00:00.0122764" startTime="2025-09-08T21:55:52.5256268+00:00" endTime="2025-09-08T21:55:52.5256269+00:00" testType="13cdc9d9-ddb5-4fa4-a97d-d965ccfc6d4b" outcome="Passed" testListId="8c84fa94-04c1-424b-9868-57a2d4851a1d" relativeResultsDirectory="bea65d9e-524b-4b91-9336-8dffc6988cba" />
    <UnitTestResult executionId="a72c8128-8bce-4255-891f-3e733c8774eb" testId="87859a6e-b4f5-3734-6a55-861484597f9d" testName="GameBoy.Tests.Integration.BlarggInterruptTests.Blargg_InterruptPriority_ExecutesSuccessfully" computerName="pkrvm7jw40e0xgp" duration="00:00:00.0002981" startTime="2025-09-08T21:55:52.4426765+00:00" endTime="2025-09-08T21:55:52.4426765+00:00" testType="13cdc9d9-ddb5-4fa4-a97d-d965ccfc6d4b" outcome="Passed" testListId="8c84fa94-04c1-424b-9868-57a2d4851a1d" relativeResultsDirectory="a72c8128-8bce-4255-891f-3e733c8774eb" />
    <UnitTestResult executionId="1e59a012-8d6b-4f4e-a315-b8fb274bb52e" testId="a843a51a-9783-4af2-c639-b0c877e3f93a" testName="GameBoy.Tests.Mbc1Tests.ExternalRam_BasicReadWrite" computerName="pkrvm7jw40e0xgp" duration="00:00:00.0002575" startTime="2025-09-08T21:55:52.3586464+00:00" endTime="2025-09-08T21:55:52.3586465+00:00" testType="13cdc9d9-ddb5-4fa4-a97d-d965ccfc6d4b" outcome="Passed" testListId="8c84fa94-04c1-424b-9868-57a2d4851a1d" relativeResultsDirectory="1e59a012-8d6b-4f4e-a315-b8fb274bb52e" />
    <UnitTestResult executionId="40b5febe-50f1-4d2d-bc67-d7e55c44026e" testId="9b5a231c-8a7c-1233-7850-a4f061648ca1" testName="GameBoy.Tests.InstructionTimingTests.ReturnFromInterrupt_Takes16Cycles" computerName="pkrvm7jw40e0xgp" duration="00:00:00.0052942" startTime="2025-09-08T21:55:52.4303845+00:00" endTime="2025-09-08T21:55:52.4303846+00:00" testType="13cdc9d9-ddb5-4fa4-a97d-d965ccfc6d4b" outcome="Passed" testListId="8c84fa94-04c1-424b-9868-57a2d4851a1d" relativeResultsDirectory="40b5febe-50f1-4d2d-bc67-d7e55c44026e" />
    <UnitTestResult executionId="013e5a24-8472-43b4-a1bc-6a83e2def4b8" testId="2d1262f9-2a52-bd0d-f549-e5c223d453f8" testName="GameBoy.Tests.LcdcTests.ImplicitConversion_FromByte_Works" computerName="pkrvm7jw40e0xgp" duration="00:00:00.0002732" startTime="2025-09-08T21:55:52.4096991+00:00" endTime="2025-09-08T21:55:52.4096992+00:00" testType="13cdc9d9-ddb5-4fa4-a97d-d965ccfc6d4b" outcome="Passed" testListId="8c84fa94-04c1-424b-9868-57a2d4851a1d" relativeResultsDirectory="013e5a24-8472-43b4-a1bc-6a83e2def4b8" />
    <UnitTestResult executionId="e617b775-d1af-4d86-a124-40b46638f1fa" testId="4738d8ec-b32d-b8a3-e010-5e3023022f54" testName="GameBoy.Tests.CartridgeHeaderTests.IsValidHeader_InvalidRomSizeCodes_ReturnsFalse(romSizeCode: 9)" computerName="pkrvm7jw40e0xgp" duration="00:00:00.0002135" startTime="2025-09-08T21:55:52.5415303+00:00" endTime="2025-09-08T21:55:52.5415303+00:00" testType="13cdc9d9-ddb5-4fa4-a97d-d965ccfc6d4b" outcome="Passed" testListId="8c84fa94-04c1-424b-9868-57a2d4851a1d" relativeResultsDirectory="e617b775-d1af-4d86-a124-40b46638f1fa" />
    <UnitTestResult executionId="1afdc76c-2eb5-4f96-b4d3-17c83d6f9000" testId="b6679417-7425-0364-aa34-5d62bcf33e8a" testName="GameBoy.Tests.Integration.BlarggIntegrationTests.CpuInstrs_IndividualTests_ExecuteSuccessfully(romFile: &quot;09-op r,r.gb&quot;, description: &quot;OP r,r instruction test&quot;)" computerName="pkrvm7jw40e0xgp" duration="00:00:00.0000151" startTime="2025-09-08T21:55:52.3926557+00:00" endTime="2025-09-08T21:55:52.3926558+00:00" testType="13cdc9d9-ddb5-4fa4-a97d-d965ccfc6d4b" outcome="Passed" testListId="8c84fa94-04c1-424b-9868-57a2d4851a1d" relativeResultsDirectory="1afdc76c-2eb5-4f96-b4d3-17c83d6f9000" />
    <UnitTestResult executionId="ca9ef89c-20bf-48e7-9cc9-1cb59f086ebd" testId="dec00889-2e21-64f2-59d7-4a4cf95b0615" testName="GameBoy.Tests.CpuAddressingTests.ReadHighImm8_ReadsFromHighRAMPlusImmediateValue" computerName="pkrvm7jw40e0xgp" duration="00:00:00.0002095" startTime="2025-09-08T21:55:52.5345015+00:00" endTime="2025-09-08T21:55:52.5345015+00:00" testType="13cdc9d9-ddb5-4fa4-a97d-d965ccfc6d4b" outcome="Passed" testListId="8c84fa94-04c1-424b-9868-57a2d4851a1d" relativeResultsDirectory="ca9ef89c-20bf-48e7-9cc9-1cb59f086ebd" />
    <UnitTestResult executionId="3bae70c2-209a-47b0-8eec-14ba3aac6fe7" testId="9e76cdfa-4287-5678-59bc-a2ef16368684" testName="GameBoy.Tests.CartridgeTests.Detect_AllMbc4Variants_ThrowsNotSupportedException(cartridgeType: 22)" computerName="pkrvm7jw40e0xgp" duration="00:00:00.0002861" startTime="2025-09-08T21:55:52.5118739+00:00" endTime="2025-09-08T21:55:52.5118739+00:00" testType="13cdc9d9-ddb5-4fa4-a97d-d965ccfc6d4b" outcome="Passed" testListId="8c84fa94-04c1-424b-9868-57a2d4851a1d" relativeResultsDirectory="3bae70c2-209a-47b0-8eec-14ba3aac6fe7" />
    <UnitTestResult executionId="6257aa7e-aeaf-4791-91d9-65b4a6af4d6c" testId="2eedd640-5574-7413-5cbf-cc6ea1251202" testName="GameBoy.Tests.Integration.CpuInstructionTests.LD_rr_d16_Loads16BitImmediate(opcode: 1)" computerName="pkrvm7jw40e0xgp" duration="00:00:00.0002563" startTime="2025-09-08T21:55:52.4592183+00:00" endTime="2025-09-08T21:55:52.4592184+00:00" testType="13cdc9d9-ddb5-4fa4-a97d-d965ccfc6d4b" outcome="Passed" testListId="8c84fa94-04c1-424b-9868-57a2d4851a1d" relativeResultsDirectory="6257aa7e-aeaf-4791-91d9-65b4a6af4d6c" />
    <UnitTestResult executionId="ed720366-89df-4fd0-986d-986fbf5a842a" testId="2d425b29-15d1-106c-e773-84c86e1eceaa" testName="GameBoy.Tests.Integration.MooneyeInterruptTests.Mooneye_InterruptTests_ExecuteSuccessfully(category: &quot;interrupts&quot;, romFile: &quot;halt_ime0_nointr_timing.gb&quot;, description: &quot;HALT with IME=0 no interrupt timing&quot;)" computerName="pkrvm7jw40e0xgp" duration="00:00:00.0053745" startTime="2025-09-08T21:55:52.1506661+00:00" endTime="2025-09-08T21:55:52.1507122+00:00" testType="13cdc9d9-ddb5-4fa4-a97d-d965ccfc6d4b" outcome="Passed" testListId="8c84fa94-04c1-424b-9868-57a2d4851a1d" relativeResultsDirectory="ed720366-89df-4fd0-986d-986fbf5a842a" />
    <UnitTestResult executionId="f26a92c4-d550-4c11-9017-fd67390feed3" testId="e3a0e17b-fbaf-e1fc-2d51-9d42b626e027" testName="GameBoy.Tests.InterruptServiceRoutineTests.EI_HasOneInstructionDelay" computerName="pkrvm7jw40e0xgp" duration="00:00:00.0002434" startTime="2025-09-08T21:55:52.4458191+00:00" endTime="2025-09-08T21:55:52.4458192+00:00" testType="13cdc9d9-ddb5-4fa4-a97d-d965ccfc6d4b" outcome="Passed" testListId="8c84fa94-04c1-424b-9868-57a2d4851a1d" relativeResultsDirectory="f26a92c4-d550-4c11-9017-fd67390feed3" />
    <UnitTestResult executionId="9c28afca-b38b-4b88-8e16-28d84b37e8c9" testId="9b2d98e1-ca4d-fb59-047f-43b7ee960f1d" testName="GameBoy.Tests.Integration.MooneyeInterruptTests.Mooneye_TimerInterruptTests_ExecuteSuccessfully(category: &quot;timer&quot;, romFile: &quot;rapid_toggle.gb&quot;, description: &quot;Rapid timer toggle interrupt test&quot;)" computerName="pkrvm7jw40e0xgp" duration="00:00:00.0000090" startTime="2025-09-08T21:55:52.3091380+00:00" endTime="2025-09-08T21:55:52.3091382+00:00" testType="13cdc9d9-ddb5-4fa4-a97d-d965ccfc6d4b" outcome="Passed" testListId="8c84fa94-04c1-424b-9868-57a2d4851a1d" relativeResultsDirectory="9c28afca-b38b-4b88-8e16-28d84b37e8c9" />
    <UnitTestResult executionId="07858ff2-bf61-4e11-a383-30849c504b05" testId="686f0fc9-db03-2a97-46dc-d662120c4357" testName="GameBoy.Tests.CartridgeTests.Detect_UnknownCartridgeTypes_ThrowsNotSupportedException(cartridgeType: 153)" computerName="pkrvm7jw40e0xgp" duration="00:00:00.0000660" startTime="2025-09-08T21:55:52.5263573+00:00" endTime="2025-09-08T21:55:52.5263574+00:00" testType="13cdc9d9-ddb5-4fa4-a97d-d965ccfc6d4b" outcome="Passed" testListId="8c84fa94-04c1-424b-9868-57a2d4851a1d" relativeResultsDirectory="07858ff2-bf61-4e11-a383-30849c504b05" />
    <UnitTestResult executionId="245d2a4b-4a1d-443e-afb1-b3bdd18c8f43" testId="fa3a2d6c-be40-bcdd-2739-7ce8368c77dd" testName="GameBoy.Tests.Integration.CpuInstructionTests.CB_BIT_0_B_TestsBit(registerValue: 1, expectedZ: False)" computerName="pkrvm7jw40e0xgp" duration="00:00:00.0002560" startTime="2025-09-08T21:55:52.4671374+00:00" endTime="2025-09-08T21:55:52.4671374+00:00" testType="13cdc9d9-ddb5-4fa4-a97d-d965ccfc6d4b" outcome="Passed" testListId="8c84fa94-04c1-424b-9868-57a2d4851a1d" relativeResultsDirectory="245d2a4b-4a1d-443e-afb1-b3bdd18c8f43" />
    <UnitTestResult executionId="66ace067-f411-42eb-aac3-7aeefca26aae" testId="ba3b309a-ff0e-2d28-54be-9b258b68939b" testName="GameBoy.Tests.AdvancedTimingTests.StoreHighMemoryImmediate_Takes12Cycles" computerName="pkrvm7jw40e0xgp" duration="00:00:00.0062005" startTime="2025-09-08T21:55:52.5108894+00:00" endTime="2025-09-08T21:55:52.5108895+00:00" testType="13cdc9d9-ddb5-4fa4-a97d-d965ccfc6d4b" outcome="Passed" testListId="8c84fa94-04c1-424b-9868-57a2d4851a1d" relativeResultsDirectory="66ace067-f411-42eb-aac3-7aeefca26aae" />
    <UnitTestResult executionId="34ce6c15-a40b-45da-951f-3255bbcae400" testId="f2ff0403-9100-ea9c-f478-de8ca6052f7d" testName="GameBoy.Tests.SpriteTests.FlipX_ReturnsCorrectValue(attributes: 32, expected: True)" computerName="pkrvm7jw40e0xgp" duration="00:00:00.0002415" startTime="2025-09-08T21:55:52.3462240+00:00" endTime="2025-09-08T21:55:52.3462241+00:00" testType="13cdc9d9-ddb5-4fa4-a97d-d965ccfc6d4b" outcome="Passed" testListId="8c84fa94-04c1-424b-9868-57a2d4851a1d" relativeResultsDirectory="34ce6c15-a40b-45da-951f-3255bbcae400" />
    <UnitTestResult executionId="729ca049-7c9d-4c29-b5c1-3d73cd0a01ee" testId="a7baf0bb-a7ed-aa7a-8506-517c862119c1" testName="GameBoy.Tests.InterruptIntegrationTests.Serial_StartTransfer_RequestsSerialInterrupt" computerName="pkrvm7jw40e0xgp" duration="00:00:00.0002772" startTime="2025-09-08T21:55:52.3917506+00:00" endTime="2025-09-08T21:55:52.3917506+00:00" testType="13cdc9d9-ddb5-4fa4-a97d-d965ccfc6d4b" outcome="Passed" testListId="8c84fa94-04c1-424b-9868-57a2d4851a1d" relativeResultsDirectory="729ca049-7c9d-4c29-b5c1-3d73cd0a01ee" />
    <UnitTestResult executionId="5f11a3e9-6cd0-4c2c-8e08-c55275cb0d2a" testId="c23f992b-b22d-866c-b429-ddd8381c37c6" testName="GameBoy.Tests.AluTests.Add_Overflow_SetsCarryFlag" computerName="pkrvm7jw40e0xgp" duration="00:00:00.0001410" startTime="2025-09-08T21:55:52.5490461+00:00" endTime="2025-09-08T21:55:52.5490462+00:00" testType="13cdc9d9-ddb5-4fa4-a97d-d965ccfc6d4b" outcome="Passed" testListId="8c84fa94-04c1-424b-9868-57a2d4851a1d" relativeResultsDirectory="5f11a3e9-6cd0-4c2c-8e08-c55275cb0d2a" />
    <UnitTestResult executionId="f6f86faf-ac27-4f42-ac52-683d6270d676" testId="ce47119b-555f-ee65-92de-3bb15cab0644" testName="GameBoy.Tests.CartridgeTests.Detect_AllMbc5Variants_ReturnsCorrectCartridge(cartridgeType: 29)" computerName="pkrvm7jw40e0xgp" duration="00:00:00.0000688" startTime="2025-09-08T21:55:52.5208274+00:00" endTime="2025-09-08T21:55:52.5208275+00:00" testType="13cdc9d9-ddb5-4fa4-a97d-d965ccfc6d4b" outcome="Passed" testListId="8c84fa94-04c1-424b-9868-57a2d4851a1d" relativeResultsDirectory="f6f86faf-ac27-4f42-ac52-683d6270d676" />
    <UnitTestResult executionId="f3d566e9-8094-4a32-9575-b8723f0ea731" testId="f0574551-959d-902f-acf8-45820338011a" testName="GameBoy.Tests.CpuMmuIntegrationTests.CPU_AccessesVRamThroughMMU" computerName="pkrvm7jw40e0xgp" duration="00:00:00.0002122" startTime="2025-09-08T21:55:52.4165253+00:00" endTime="2025-09-08T21:55:52.4165254+00:00" testType="13cdc9d9-ddb5-4fa4-a97d-d965ccfc6d4b" outcome="Passed" testListId="8c84fa94-04c1-424b-9868-57a2d4851a1d" relativeResultsDirectory="f3d566e9-8094-4a32-9575-b8723f0ea731" />
    <UnitTestResult executionId="005649b0-7904-467f-8ef2-9aad9523b28e" testId="922c7fb1-2eb1-cd6d-ef31-81ed0fce9b5a" testName="GameBoy.Tests.InterruptServiceRoutineTests.InterruptPriority_CorrectOrder" computerName="pkrvm7jw40e0xgp" duration="00:00:00.0007291" startTime="2025-09-08T21:55:52.4313986+00:00" endTime="2025-09-08T21:55:52.4313987+00:00" testType="13cdc9d9-ddb5-4fa4-a97d-d965ccfc6d4b" outcome="Passed" testListId="8c84fa94-04c1-424b-9868-57a2d4851a1d" relativeResultsDirectory="005649b0-7904-467f-8ef2-9aad9523b28e" />
    <UnitTestResult executionId="cbba7652-2f30-422f-98ec-4370baf24c19" testId="070f62f8-8468-e169-d1d1-005e062b481f" testName="GameBoy.Tests.PaletteTests.MapColor_ReturnsCorrectMappedValue(paletteValue: 228, colorIndex: 3, expectedMapped: 3)" computerName="pkrvm7jw40e0xgp" duration="00:00:00.0000796" startTime="2025-09-08T21:55:52.5376776+00:00" endTime="2025-09-08T21:55:52.5376777+00:00" testType="13cdc9d9-ddb5-4fa4-a97d-d965ccfc6d4b" outcome="Passed" testListId="8c84fa94-04c1-424b-9868-57a2d4851a1d" relativeResultsDirectory="cbba7652-2f30-422f-98ec-4370baf24c19" />
    <UnitTestResult executionId="1d6874f0-eae0-4866-aa82-8fbb5f1d525b" testId="61e21f83-7e95-2362-b1e3-33dfd381fcc7" testName="GameBoy.Tests.InterruptControllerTests.IE_SetAndRead_ReturnsExactValue(value: 66)" computerName="pkrvm7jw40e0xgp" duration="00:00:00.0002489" startTime="2025-09-08T21:55:52.4671112+00:00" endTime="2025-09-08T21:55:52.4671113+00:00" testType="13cdc9d9-ddb5-4fa4-a97d-d965ccfc6d4b" outcome="Passed" testListId="8c84fa94-04c1-424b-9868-57a2d4851a1d" relativeResultsDirectory="1d6874f0-eae0-4866-aa82-8fbb5f1d525b" />
    <UnitTestResult executionId="7fa2affa-f3c1-4e17-8de1-eb54e6131e93" testId="53ee850d-335f-1883-3bc5-fe9892d1ae7d" testName="GameBoy.Tests.CpuMmuIntegrationTests.Stack_Operations_RouteThroughMMU_ViaOpcodes" computerName="pkrvm7jw40e0xgp" duration="00:00:00.0002627" startTime="2025-09-08T21:55:52.4012218+00:00" endTime="2025-09-08T21:55:52.4012219+00:00" testType="13cdc9d9-ddb5-4fa4-a97d-d965ccfc6d4b" outcome="Passed" testListId="8c84fa94-04c1-424b-9868-57a2d4851a1d" relativeResultsDirectory="7fa2affa-f3c1-4e17-8de1-eb54e6131e93" />
    <UnitTestResult executionId="9dbb59fd-ea93-4dbd-b45c-596e649ff9a1" testId="d18c4703-5a96-82cc-bd1a-56ce1f6aeb61" testName="GameBoy.Tests.Mbc1Tests.BatteryInterface_GetExternalRam_ReturnsDataIfModified" computerName="pkrvm7jw40e0xgp" duration="00:00:00.0002821" startTime="2025-09-08T21:55:52.3581236+00:00" endTime="2025-09-08T21:55:52.3581237+00:00" testType="13cdc9d9-ddb5-4fa4-a97d-d965ccfc6d4b" outcome="Passed" testListId="8c84fa94-04c1-424b-9868-57a2d4851a1d" relativeResultsDirectory="9dbb59fd-ea93-4dbd-b45c-596e649ff9a1" />
    <UnitTestResult executionId="9626fce8-89c1-466c-a647-bc004b25d698" testId="5b470fa9-7bb8-c70a-13cd-6b0c5673a526" testName="GameBoy.Tests.CartridgeTests.Detect_UnknownCartridgeTypes_ThrowsNotSupportedException(cartridgeType: 187)" computerName="pkrvm7jw40e0xgp" duration="00:00:00.0004829" startTime="2025-09-08T21:55:52.5215980+00:00" endTime="2025-09-08T21:55:52.5215981+00:00" testType="13cdc9d9-ddb5-4fa4-a97d-d965ccfc6d4b" outcome="Passed" testListId="8c84fa94-04c1-424b-9868-57a2d4851a1d" relativeResultsDirectory="9626fce8-89c1-466c-a647-bc004b25d698" />
    <UnitTestResult executionId="a6395594-5116-428d-98b2-0d2f73809da6" testId="2e2f7ee5-9f8a-8aac-dfbf-f570f898b9e0" testName="GameBoy.Tests.InstructionTimingTests.CBBitTest_Takes12CyclesForMemory" computerName="pkrvm7jw40e0xgp" duration="00:00:00.0001900" startTime="2025-09-08T21:55:52.4041917+00:00" endTime="2025-09-08T21:55:52.4041917+00:00" testType="13cdc9d9-ddb5-4fa4-a97d-d965ccfc6d4b" outcome="Passed" testListId="8c84fa94-04c1-424b-9868-57a2d4851a1d" relativeResultsDirectory="a6395594-5116-428d-98b2-0d2f73809da6" />
    <UnitTestResult executionId="035986bb-0f2a-4baf-931a-750c6c0c5a58" testId="ff6b2a77-4456-8714-f502-8fe975da02f4" testName="GameBoy.Tests.PaletteTests.MapColor_WithInvalidIndex_ReturnsDefault(colorIndex: 5, expectedMapped: 0)" computerName="pkrvm7jw40e0xgp" duration="00:00:00.0001639" startTime="2025-09-08T21:55:52.5389666+00:00" endTime="2025-09-08T21:55:52.5389667+00:00" testType="13cdc9d9-ddb5-4fa4-a97d-d965ccfc6d4b" outcome="Passed" testListId="8c84fa94-04c1-424b-9868-57a2d4851a1d" relativeResultsDirectory="035986bb-0f2a-4baf-931a-750c6c0c5a58" />
    <UnitTestResult executionId="359d52c5-91d0-44c6-8786-1c8fe2b84d0f" testId="f8681056-21ff-2663-89c0-a8966f79df64" testName="GameBoy.Tests.CartridgeHeaderTests.GlobalChecksum_ParsedCorrectly" computerName="pkrvm7jw40e0xgp" duration="00:00:00.0003049" startTime="2025-09-08T21:55:52.5435406+00:00" endTime="2025-09-08T21:55:52.5435406+00:00" testType="13cdc9d9-ddb5-4fa4-a97d-d965ccfc6d4b" outcome="Passed" testListId="8c84fa94-04c1-424b-9868-57a2d4851a1d" relativeResultsDirectory="359d52c5-91d0-44c6-8786-1c8fe2b84d0f" />
    <UnitTestResult executionId="5e68be32-f216-400d-a370-9a3099a18869" testId="5631cf5b-d21e-75d9-a374-e436d6a8e2f9" testName="GameBoy.Tests.DmaTests.DMA_StepWhenInactive_DoesNothing" computerName="pkrvm7jw40e0xgp" duration="00:00:00.0001848" startTime="2025-09-08T21:55:52.4243725+00:00" endTime="2025-09-08T21:55:52.4243725+00:00" testType="13cdc9d9-ddb5-4fa4-a97d-d965ccfc6d4b" outcome="Passed" testListId="8c84fa94-04c1-424b-9868-57a2d4851a1d" relativeResultsDirectory="5e68be32-f216-400d-a370-9a3099a18869" />
    <UnitTestResult executionId="a7883c87-54f2-4633-82ad-f7e980ee5e66" testId="995af1cd-c8d9-dbb3-07ce-6b441962f547" testName="GameBoy.Tests.MmuTests.STAT_WritableBitsOnly" computerName="pkrvm7jw40e0xgp" duration="00:00:00.0095479" startTime="2025-09-08T21:55:52.3689773+00:00" endTime="2025-09-08T21:55:52.3689774+00:00" testType="13cdc9d9-ddb5-4fa4-a97d-d965ccfc6d4b" outcome="Passed" testListId="8c84fa94-04c1-424b-9868-57a2d4851a1d" relativeResultsDirectory="a7883c87-54f2-4633-82ad-f7e980ee5e66" />
    <UnitTestResult executionId="4393abbe-adf6-4f71-8566-2cd9cdf10027" testId="738a10a5-0711-745a-4ac2-60c66f518068" testName="GameBoy.Tests.PaletteTests.GetRgbaColor_CombinesMappingAndConversion(paletteValue: 228, colorIndex: 0, expectedRgba: -6571249)" computerName="pkrvm7jw40e0xgp" duration="00:00:00.0001314" startTime="2025-09-08T21:55:52.5380505+00:00" endTime="2025-09-08T21:55:52.5380505+00:00" testType="13cdc9d9-ddb5-4fa4-a97d-d965ccfc6d4b" outcome="Passed" testListId="8c84fa94-04c1-424b-9868-57a2d4851a1d" relativeResultsDirectory="4393abbe-adf6-4f71-8566-2cd9cdf10027" />
    <UnitTestResult executionId="2ac7c057-2528-47ba-b605-bd8f5a125183" testId="683cdc6c-aca6-240b-2899-0536960988c5" testName="GameBoy.Tests.CartridgeHeaderTests.IsHeaderChecksumValid_InvalidChecksum_ReturnsFalse" computerName="pkrvm7jw40e0xgp" duration="00:00:00.0003571" startTime="2025-09-08T21:55:52.5442475+00:00" endTime="2025-09-08T21:55:52.5442476+00:00" testType="13cdc9d9-ddb5-4fa4-a97d-d965ccfc6d4b" outcome="Passed" testListId="8c84fa94-04c1-424b-9868-57a2d4851a1d" relativeResultsDirectory="2ac7c057-2528-47ba-b605-bd8f5a125183" />
    <UnitTestResult executionId="36c208c5-945b-46cd-9c98-aff2c712b2c4" testId="5d0d8ccb-a2bc-886d-beda-f4f6179b95cf" testName="GameBoy.Tests.CpuAddressingTests.HL_IncrementDecrement_HandlesOverflowCorrectly" computerName="pkrvm7jw40e0xgp" duration="00:00:00.0002255" startTime="2025-09-08T21:55:52.5311968+00:00" endTime="2025-09-08T21:55:52.5311968+00:00" testType="13cdc9d9-ddb5-4fa4-a97d-d965ccfc6d4b" outcome="Passed" testListId="8c84fa94-04c1-424b-9868-57a2d4851a1d" relativeResultsDirectory="36c208c5-945b-46cd-9c98-aff2c712b2c4" />
    <UnitTestResult executionId="644127bf-880d-46a2-a799-b008c6f8e520" testId="cad9c877-ae1c-c143-4fb4-da8c2f05181d" testName="GameBoy.Tests.PaletteTests.ColorProperties_ReturnCorrectValues(value: 228, color0: 0, color1: 1, color2: 2, color3: 3)" computerName="pkrvm7jw40e0xgp" duration="00:00:00.0000077" startTime="2025-09-08T21:55:52.5400188+00:00" endTime="2025-09-08T21:55:52.5400189+00:00" testType="13cdc9d9-ddb5-4fa4-a97d-d965ccfc6d4b" outcome="Passed" testListId="8c84fa94-04c1-424b-9868-57a2d4851a1d" relativeResultsDirectory="644127bf-880d-46a2-a799-b008c6f8e520" />
    <UnitTestResult executionId="6afbe4b5-7d24-401d-a372-932f0806cae9" testId="891b6c4c-0f1c-a3da-334d-a081827ff514" testName="GameBoy.Tests.SpriteTests.BehindBackground_ReturnsCorrectValue(attributes: 128, expected: True)" computerName="pkrvm7jw40e0xgp" duration="00:00:00.0002670" startTime="2025-09-08T21:55:52.3469042+00:00" endTime="2025-09-08T21:55:52.3469043+00:00" testType="13cdc9d9-ddb5-4fa4-a97d-d965ccfc6d4b" outcome="Passed" testListId="8c84fa94-04c1-424b-9868-57a2d4851a1d" relativeResultsDirectory="6afbe4b5-7d24-401d-a372-932f0806cae9" />
    <UnitTestResult executionId="c0f19cc2-d018-4a66-b9b4-5bee8816eafd" testId="d0805720-46ee-5204-456e-ee7f378fc9bf" testName="GameBoy.Tests.InterruptControllerTests.IF_SetAndRead_ReturnsCorrectValues(setValue: 8, expectedRead: 232)" computerName="pkrvm7jw40e0xgp" duration="00:00:00.0000041" startTime="2025-09-08T21:55:52.4495702+00:00" endTime="2025-09-08T21:55:52.4495703+00:00" testType="13cdc9d9-ddb5-4fa4-a97d-d965ccfc6d4b" outcome="Passed" testListId="8c84fa94-04c1-424b-9868-57a2d4851a1d" relativeResultsDirectory="c0f19cc2-d018-4a66-b9b4-5bee8816eafd" />
    <UnitTestResult executionId="08199190-9b3b-4f2e-9f3f-6ea6a7579c8c" testId="ef252df8-8016-be03-9a16-94c030d571d8" testName="GameBoy.Tests.TimerTests.TIMA_OverflowReloadsFromTMAAndRequestsInterrupt" computerName="pkrvm7jw40e0xgp" duration="00:00:00.0245174" startTime="2025-09-08T21:55:52.3121738+00:00" endTime="2025-09-08T21:55:52.3121739+00:00" testType="13cdc9d9-ddb5-4fa4-a97d-d965ccfc6d4b" outcome="Passed" testListId="8c84fa94-04c1-424b-9868-57a2d4851a1d" relativeResultsDirectory="08199190-9b3b-4f2e-9f3f-6ea6a7579c8c" />
    <UnitTestResult executionId="2a03b13a-a1bb-40e2-bbd9-aea67f40cbf1" testId="cc478e6e-a9d8-f38e-8218-1ab82d074e51" testName="GameBoy.Tests.SpriteTests.BehindBackground_ReturnsCorrectValue(attributes: 0, expected: False)" computerName="pkrvm7jw40e0xgp" duration="00:00:00.0001296" startTime="2025-09-08T21:55:52.3467556+00:00" endTime="2025-09-08T21:55:52.3467557+00:00" testType="13cdc9d9-ddb5-4fa4-a97d-d965ccfc6d4b" outcome="Passed" testListId="8c84fa94-04c1-424b-9868-57a2d4851a1d" relativeResultsDirectory="2a03b13a-a1bb-40e2-bbd9-aea67f40cbf1" />
    <UnitTestResult executionId="303251d6-78f4-4592-becf-a5a9a772c2e0" testId="ef6c030d-e675-ebed-ffa8-ce7bf5feed31" testName="GameBoy.Tests.CartridgeHeaderTests.IsValidHeader_InvalidRomSizeCodes_ReturnsFalse(romSizeCode: 81)" computerName="pkrvm7jw40e0xgp" duration="00:00:00.0003506" startTime="2025-09-08T21:55:52.5414751+00:00" endTime="2025-09-08T21:55:52.5414752+00:00" testType="13cdc9d9-ddb5-4fa4-a97d-d965ccfc6d4b" outcome="Passed" testListId="8c84fa94-04c1-424b-9868-57a2d4851a1d" relativeResultsDirectory="303251d6-78f4-4592-becf-a5a9a772c2e0" />
    <UnitTestResult executionId="153f7833-d81c-4cba-9cd5-6419e4e58430" testId="d5e00923-46bd-de32-0305-b8d85b547aad" testName="GameBoy.Tests.Integration.MooneyeInterruptTests.Mooneye_PPUInterruptTests_ExecuteSuccessfully(category: &quot;ppu&quot;, romFile: &quot;intr_1_2_timing-GS.gb&quot;, description: &quot;Interrupt 1-2 timing test&quot;)" computerName="pkrvm7jw40e0xgp" duration="00:00:00.0002659" startTime="2025-09-08T21:55:52.3108666+00:00" endTime="2025-09-08T21:55:52.3108667+00:00" testType="13cdc9d9-ddb5-4fa4-a97d-d965ccfc6d4b" outcome="Passed" testListId="8c84fa94-04c1-424b-9868-57a2d4851a1d" relativeResultsDirectory="153f7833-d81c-4cba-9cd5-6419e4e58430" />
    <UnitTestResult executionId="b99c6b33-3179-47b0-b24b-9c0a8f1090f9" testId="afa41f35-c74e-3941-80d2-9eeb0dd89118" testName="GameBoy.Tests.AdvancedTimingTests.CBSwapRegister_Takes8Cycles" computerName="pkrvm7jw40e0xgp" duration="00:00:00.0001622" startTime="2025-09-08T21:55:52.4981629+00:00" endTime="2025-09-08T21:55:52.4981630+00:00" testType="13cdc9d9-ddb5-4fa4-a97d-d965ccfc6d4b" outcome="Passed" testListId="8c84fa94-04c1-424b-9868-57a2d4851a1d" relativeResultsDirectory="b99c6b33-3179-47b0-b24b-9c0a8f1090f9" />
    <UnitTestResult executionId="4b70a4a3-80f0-47a5-9334-64ff240829a2" testId="b5f40ad3-582a-aeab-e8e8-850be670f750" testName="GameBoy.Tests.Mbc3Tests.RtcLatch_LatchingBehavior_UpdatesRegisters" computerName="pkrvm7jw40e0xgp" duration="00:00:00.0053209" startTime="2025-09-08T21:55:52.4984086+00:00" endTime="2025-09-08T21:55:52.4984087+00:00" testType="13cdc9d9-ddb5-4fa4-a97d-d965ccfc6d4b" outcome="Passed" testListId="8c84fa94-04c1-424b-9868-57a2d4851a1d" relativeResultsDirectory="4b70a4a3-80f0-47a5-9334-64ff240829a2" />
    <UnitTestResult executionId="792021b1-7784-4533-9173-1aa9bd244f62" testId="c2ce2b0d-d6eb-905f-0cc0-9ac98a3b9437" testName="GameBoy.Tests.AluTests.Add_ZeroResult_SetsZeroFlag" computerName="pkrvm7jw40e0xgp" duration="00:00:00.0001595" startTime="2025-09-08T21:55:52.5491214+00:00" endTime="2025-09-08T21:55:52.5491215+00:00" testType="13cdc9d9-ddb5-4fa4-a97d-d965ccfc6d4b" outcome="Passed" testListId="8c84fa94-04c1-424b-9868-57a2d4851a1d" relativeResultsDirectory="792021b1-7784-4533-9173-1aa9bd244f62" />
    <UnitTestResult executionId="e576d51a-683c-4f4a-a3e9-c7c13ef7fb8a" testId="854906ef-44e3-5671-1b10-24de982401a2" testName="GameBoy.Tests.AluTests.Add_EdgeCases_BehavesCorrectly(a: 127, operand: 1)" computerName="pkrvm7jw40e0xgp" duration="00:00:00.0000102" startTime="2025-09-08T21:55:52.5470960+00:00" endTime="2025-09-08T21:55:52.5470961+00:00" testType="13cdc9d9-ddb5-4fa4-a97d-d965ccfc6d4b" outcome="Passed" testListId="8c84fa94-04c1-424b-9868-57a2d4851a1d" relativeResultsDirectory="e576d51a-683c-4f4a-a3e9-c7c13ef7fb8a" />
    <UnitTestResult executionId="82f53507-b27f-41d6-89ce-ef92d9f80b3e" testId="bc1f2f38-ab8f-b08d-46e0-e8f899df04f6" testName="GameBoy.Tests.LcdcTests.BgWindowTileDataArea_ReturnsCorrectValue(value: 16, expected: True)" computerName="pkrvm7jw40e0xgp" duration="00:00:00.0002264" startTime="2025-09-08T21:55:52.4223372+00:00" endTime="2025-09-08T21:55:52.4223373+00:00" testType="13cdc9d9-ddb5-4fa4-a97d-d965ccfc6d4b" outcome="Passed" testListId="8c84fa94-04c1-424b-9868-57a2d4851a1d" relativeResultsDirectory="82f53507-b27f-41d6-89ce-ef92d9f80b3e" />
    <UnitTestResult executionId="8fb0b6ba-9347-41cd-8ae3-fb4aa5df5161" testId="2de68df9-dd70-ca43-a348-b2ff8187d0b3" testName="GameBoy.Tests.Integration.CpuInstructionTests.LD_r_d8_LoadsImmediateValue(opcode: 38)" computerName="pkrvm7jw40e0xgp" duration="00:00:00.0000920" startTime="2025-09-08T21:55:52.4526356+00:00" endTime="2025-09-08T21:55:52.4526356+00:00" testType="13cdc9d9-ddb5-4fa4-a97d-d965ccfc6d4b" outcome="Passed" testListId="8c84fa94-04c1-424b-9868-57a2d4851a1d" relativeResultsDirectory="8fb0b6ba-9347-41cd-8ae3-fb4aa5df5161" />
    <UnitTestResult executionId="12a9f455-b396-44fa-bc63-98b08b29ad97" testId="99afad05-91b2-f660-79e2-c3aa4b9ff18e" testName="GameBoy.Tests.PaletteTests.ImplicitConversion_ToByte_Works" computerName="pkrvm7jw40e0xgp" duration="00:00:00.0001551" startTime="2025-09-08T21:55:52.5405138+00:00" endTime="2025-09-08T21:55:52.5405138+00:00" testType="13cdc9d9-ddb5-4fa4-a97d-d965ccfc6d4b" outcome="Passed" testListId="8c84fa94-04c1-424b-9868-57a2d4851a1d" relativeResultsDirectory="12a9f455-b396-44fa-bc63-98b08b29ad97" />
    <UnitTestResult executionId="c45e70b8-413a-43d5-9f36-2859d9762212" testId="bdc4ea0f-36f4-2fa9-46b7-bdc7a26942b0" testName="GameBoy.Tests.InstructionTimingTests.CBBitTest_Takes8CyclesForRegister" computerName="pkrvm7jw40e0xgp" duration="00:00:00.0001729" startTime="2025-09-08T21:55:52.4395582+00:00" endTime="2025-09-08T21:55:52.4395582+00:00" testType="13cdc9d9-ddb5-4fa4-a97d-d965ccfc6d4b" outcome="Passed" testListId="8c84fa94-04c1-424b-9868-57a2d4851a1d" relativeResultsDirectory="c45e70b8-413a-43d5-9f36-2859d9762212" />
    <UnitTestResult executionId="143d470f-9d8c-4138-a0c8-88ab9df6b810" testId="407bf025-9726-1eb8-ff52-cc9121983994" testName="GameBoy.Tests.LcdcTests.ImplicitConversion_ToByte_Works" computerName="pkrvm7jw40e0xgp" duration="00:00:00.0001215" startTime="2025-09-08T21:55:52.4101532+00:00" endTime="2025-09-08T21:55:52.4101533+00:00" testType="13cdc9d9-ddb5-4fa4-a97d-d965ccfc6d4b" outcome="Passed" testListId="8c84fa94-04c1-424b-9868-57a2d4851a1d" relativeResultsDirectory="143d470f-9d8c-4138-a0c8-88ab9df6b810" />
    <UnitTestResult executionId="4a5d348b-c393-4ae0-a989-e61313aae1a2" testId="1ebf8b85-1e90-2553-0e58-274de4d6d987" testName="GameBoy.Tests.SpriteTests.ScreenX_ReturnsCorrectPosition(x: 8, expectedScreenX: 0)" computerName="pkrvm7jw40e0xgp" duration="00:00:00.0001388" startTime="2025-09-08T21:55:52.3470492+00:00" endTime="2025-09-08T21:55:52.3470493+00:00" testType="13cdc9d9-ddb5-4fa4-a97d-d965ccfc6d4b" outcome="Passed" testListId="8c84fa94-04c1-424b-9868-57a2d4851a1d" relativeResultsDirectory="4a5d348b-c393-4ae0-a989-e61313aae1a2" />
    <UnitTestResult executionId="1d6ca9bb-bb3a-4a77-9fea-4619a42e105a" testId="badbbbda-0e1d-8c10-9827-8bbdb332c8c2" testName="GameBoy.Tests.PaletteTests.ToString_ReturnsDescriptiveString" computerName="pkrvm7jw40e0xgp" duration="00:00:00.0003772" startTime="2025-09-08T21:55:52.5404128+00:00" endTime="2025-09-08T21:55:52.5404129+00:00" testType="13cdc9d9-ddb5-4fa4-a97d-d965ccfc6d4b" outcome="Passed" testListId="8c84fa94-04c1-424b-9868-57a2d4851a1d" relativeResultsDirectory="1d6ca9bb-bb3a-4a77-9fea-4619a42e105a" />
    <UnitTestResult executionId="3d1b876f-db66-4398-bea1-fc50fd2df59e" testId="c11fd451-9a6a-2d58-c0f1-4e8158f44ab5" testName="GameBoy.Tests.InstructionTimingTests.IncRegister_Takes4Cycles" computerName="pkrvm7jw40e0xgp" duration="00:00:00.0001985" startTime="2025-09-08T21:55:52.4422828+00:00" endTime="2025-09-08T21:55:52.4422829+00:00" testType="13cdc9d9-ddb5-4fa4-a97d-d965ccfc6d4b" outcome="Passed" testListId="8c84fa94-04c1-424b-9868-57a2d4851a1d" relativeResultsDirectory="3d1b876f-db66-4398-bea1-fc50fd2df59e" />
    <UnitTestResult executionId="c25c8ff4-3102-4c11-b02a-7b9b16ad0740" testId="eb6b7236-545c-f4c6-b413-b1678db3c1b8" testName="GameBoy.Tests.CartridgeHeaderTests.Title_HandlesEmptyTitle" computerName="pkrvm7jw40e0xgp" duration="00:00:00.0001878" startTime="2025-09-08T21:55:52.5438123+00:00" endTime="2025-09-08T21:55:52.5438124+00:00" testType="13cdc9d9-ddb5-4fa4-a97d-d965ccfc6d4b" outcome="Passed" testListId="8c84fa94-04c1-424b-9868-57a2d4851a1d" relativeResultsDirectory="c25c8ff4-3102-4c11-b02a-7b9b16ad0740" />
    <UnitTestResult executionId="8bdaab35-6952-4dba-bfd5-16bcf0d1f697" testId="e8e929bb-1529-0802-d2a3-a25e16295f97" testName="GameBoy.Tests.InstructionDecodingTests.Instruction_OperandTypes_AreCorrectlyDeduced" computerName="pkrvm7jw40e0xgp" duration="00:00:00.0008516" startTime="2025-09-08T21:55:52.5002592+00:00" endTime="2025-09-08T21:55:52.5002593+00:00" testType="13cdc9d9-ddb5-4fa4-a97d-d965ccfc6d4b" outcome="Passed" testListId="8c84fa94-04c1-424b-9868-57a2d4851a1d" relativeResultsDirectory="8bdaab35-6952-4dba-bfd5-16bcf0d1f697" />
    <UnitTestResult executionId="51081ff1-2bac-4746-ad04-213f104e7bdc" testId="212e98b3-119f-949e-6fd1-78dd598b8aaa" testName="GameBoy.Tests.Integration.CpuInstructionTests.LD_A_BC_LoadsFromBCAddress" computerName="pkrvm7jw40e0xgp" duration="00:00:00.0002849" startTime="2025-09-08T21:55:52.4709895+00:00" endTime="2025-09-08T21:55:52.4709896+00:00" testType="13cdc9d9-ddb5-4fa4-a97d-d965ccfc6d4b" outcome="Passed" testListId="8c84fa94-04c1-424b-9868-57a2d4851a1d" relativeResultsDirectory="51081ff1-2bac-4746-ad04-213f104e7bdc" />
    <UnitTestResult executionId="74cd7762-f015-42da-b4c3-e224f9fc6e8f" testId="acf16783-bec7-6ccf-5c57-c9d9b4fcd743" testName="GameBoy.Tests.TimerTests.SetTIMA_UpdatesRegisterValue" computerName="pkrvm7jw40e0xgp" duration="00:00:00.0001370" startTime="2025-09-08T21:55:52.3154381+00:00" endTime="2025-09-08T21:55:52.3154381+00:00" testType="13cdc9d9-ddb5-4fa4-a97d-d965ccfc6d4b" outcome="Passed" testListId="8c84fa94-04c1-424b-9868-57a2d4851a1d" relativeResultsDirectory="74cd7762-f015-42da-b4c3-e224f9fc6e8f" />
    <UnitTestResult executionId="6ed80ac6-eb79-4b28-a42f-7bfd9a04d7e2" testId="085ab1d4-f42c-55cd-5aee-209aae47516b" testName="GameBoy.Tests.Integration.MooneyeInterruptTests.Mooneye_TimerInterruptTests_ExecuteSuccessfully(category: &quot;timer&quot;, romFile: &quot;tima_write_reloading.gb&quot;, description: &quot;TIMA write during reload interrupt&quot;)" computerName="pkrvm7jw40e0xgp" duration="00:00:00.0004802" startTime="2025-09-08T21:55:52.3037512+00:00" endTime="2025-09-08T21:55:52.3037512+00:00" testType="13cdc9d9-ddb5-4fa4-a97d-d965ccfc6d4b" outcome="Passed" testListId="8c84fa94-04c1-424b-9868-57a2d4851a1d" relativeResultsDirectory="6ed80ac6-eb79-4b28-a42f-7bfd9a04d7e2" />
    <UnitTestResult executionId="117dd270-43d0-48c1-a543-b4ff4661ea52" testId="e0a8665e-5aca-ffd8-10a2-2a5ee0aa5dd8" testName="GameBoy.Tests.Mbc3Tests.ExternalRam_RamBanking_WorksCorrectly" computerName="pkrvm7jw40e0xgp" duration="00:00:00.0057205" startTime="2025-09-08T21:55:52.4707984+00:00" endTime="2025-09-08T21:55:52.4707985+00:00" testType="13cdc9d9-ddb5-4fa4-a97d-d965ccfc6d4b" outcome="Passed" testListId="8c84fa94-04c1-424b-9868-57a2d4851a1d" relativeResultsDirectory="117dd270-43d0-48c1-a543-b4ff4661ea52" />
    <UnitTestResult executionId="fe8b081d-aa3f-4bb6-a310-50f50efad627" testId="343dbe44-ccd9-ec7f-986f-f77343f59e6f" testName="GameBoy.Tests.InstructionTimingTests.LoadFromHL_Takes8Cycles" computerName="pkrvm7jw40e0xgp" duration="00:00:00.0001890" startTime="2025-09-08T21:55:52.4579507+00:00" endTime="2025-09-08T21:55:52.4579508+00:00" testType="13cdc9d9-ddb5-4fa4-a97d-d965ccfc6d4b" outcome="Passed" testListId="8c84fa94-04c1-424b-9868-57a2d4851a1d" relativeResultsDirectory="fe8b081d-aa3f-4bb6-a310-50f50efad627" />
    <UnitTestResult executionId="5dd4cb2a-b65b-4938-8b9d-b47d3f2ad61c" testId="7efe10d2-3b60-ec88-1200-51742fffb231" testName="GameBoy.Tests.Integration.MooneyeInterruptTests.Mooneye_PPUInterruptTests_ExecuteSuccessfully(category: &quot;ppu&quot;, romFile: &quot;vblank_stat_intr-GS.gb&quot;, description: &quot;V-blank STAT interrupt test&quot;)" computerName="pkrvm7jw40e0xgp" duration="00:00:00.0000103" startTime="2025-09-08T21:55:52.3120344+00:00" endTime="2025-09-08T21:55:52.3120345+00:00" testType="13cdc9d9-ddb5-4fa4-a97d-d965ccfc6d4b" outcome="Passed" testListId="8c84fa94-04c1-424b-9868-57a2d4851a1d" relativeResultsDirectory="5dd4cb2a-b65b-4938-8b9d-b47d3f2ad61c" />
    <UnitTestResult executionId="1374e6ae-3669-47ae-a100-7dd6bca6f48b" testId="534c64a1-8930-aca9-d3cf-404328265340" testName="GameBoy.Tests.CartridgeHeaderTests.RamSize_CalculatesCorrectSizeForStandardCodes(code: 4, expectedSize: 131072)" computerName="pkrvm7jw40e0xgp" duration="00:00:00.0000118" startTime="2025-09-08T21:55:52.5357602+00:00" endTime="2025-09-08T21:55:52.5357603+00:00" testType="13cdc9d9-ddb5-4fa4-a97d-d965ccfc6d4b" outcome="Passed" testListId="8c84fa94-04c1-424b-9868-57a2d4851a1d" relativeResultsDirectory="1374e6ae-3669-47ae-a100-7dd6bca6f48b" />
    <UnitTestResult executionId="b1301878-c3de-4ce9-a14d-4abeb43f0354" testId="4f4a5c37-0801-c8cd-ca9d-3dd3c079ddeb" testName="GameBoy.Tests.CartridgeHeaderTests.RomSize_CalculatesCorrectSizeForStandardCodes(code: 2, expectedSize: 131072)" computerName="pkrvm7jw40e0xgp" duration="00:00:00.0001890" startTime="2025-09-08T21:55:52.5419320+00:00" endTime="2025-09-08T21:55:52.5419321+00:00" testType="13cdc9d9-ddb5-4fa4-a97d-d965ccfc6d4b" outcome="Passed" testListId="8c84fa94-04c1-424b-9868-57a2d4851a1d" relativeResultsDirectory="b1301878-c3de-4ce9-a14d-4abeb43f0354" />
    <UnitTestResult executionId="f3219ee2-4012-40f2-9234-baaa639a38b7" testId="f7006229-d08e-f005-ed04-8accb6c4b6f6" testName="GameBoy.Tests.SpriteTests.IsVisibleOnScanline_ReturnsCorrectValue(y: 80, scanline: 72, spriteHeight: 8, expected: False)" computerName="pkrvm7jw40e0xgp" duration="00:00:00.0002538" startTime="2025-09-08T21:55:52.3310470+00:00" endTime="2025-09-08T21:55:52.3310471+00:00" testType="13cdc9d9-ddb5-4fa4-a97d-d965ccfc6d4b" outcome="Passed" testListId="8c84fa94-04c1-424b-9868-57a2d4851a1d" relativeResultsDirectory="f3219ee2-4012-40f2-9234-baaa639a38b7" />
    <UnitTestResult executionId="a0f41290-2683-4671-aad9-1a2f4f6b3350" testId="ba803ee0-320b-0e1b-48e0-1c274b297671" testName="GameBoy.Tests.InterruptControllerTests.IE_SetAndRead_ReturnsExactValue(value: 1)" computerName="pkrvm7jw40e0xgp" duration="00:00:00.0000056" startTime="2025-09-08T21:55:52.4678134+00:00" endTime="2025-09-08T21:55:52.4678135+00:00" testType="13cdc9d9-ddb5-4fa4-a97d-d965ccfc6d4b" outcome="Passed" testListId="8c84fa94-04c1-424b-9868-57a2d4851a1d" relativeResultsDirectory="a0f41290-2683-4671-aad9-1a2f4f6b3350" />
    <UnitTestResult executionId="654c82a3-68a8-4509-a663-01648664cc2e" testId="18308ccd-86c5-aae1-0bb7-e2ffebaf6d81" testName="GameBoy.Tests.Integration.MooneyeInterruptTests.Mooneye_TimerInterruptTests_ExecuteSuccessfully(category: &quot;timer&quot;, romFile: &quot;tim01.gb&quot;, description: &quot;Timer interrupt test 01&quot;)" computerName="pkrvm7jw40e0xgp" duration="00:00:00.0000113" startTime="2025-09-08T21:55:52.3076228+00:00" endTime="2025-09-08T21:55:52.3076228+00:00" testType="13cdc9d9-ddb5-4fa4-a97d-d965ccfc6d4b" outcome="Passed" testListId="8c84fa94-04c1-424b-9868-57a2d4851a1d" relativeResultsDirectory="654c82a3-68a8-4509-a663-01648664cc2e" />
    <UnitTestResult executionId="831e495b-378e-46b4-b07b-2f21b96fe40c" testId="c4d251ab-8bd3-a71a-db5b-5cdbf0f22bc3" testName="GameBoy.Tests.EmulatorMbcIntegrationTests.Emulator_LoadRom_InvalidRom_ThrowsException" computerName="pkrvm7jw40e0xgp" duration="00:00:00.0037898" startTime="2025-09-08T21:55:52.3156010+00:00" endTime="2025-09-08T21:55:52.3156010+00:00" testType="13cdc9d9-ddb5-4fa4-a97d-d965ccfc6d4b" outcome="Passed" testListId="8c84fa94-04c1-424b-9868-57a2d4851a1d" relativeResultsDirectory="831e495b-378e-46b4-b07b-2f21b96fe40c" />
    <UnitTestResult executionId="e73ef478-ddec-484d-bd1a-e2981f0acc60" testId="41739f19-bfd4-11d4-c1e5-c65c24bff9df" testName="GameBoy.Tests.EmulatorMbcIntegrationTests.Emulator_LoadRom_Mbc0_NoBatteryRam" computerName="pkrvm7jw40e0xgp" duration="00:00:00.0073685" startTime="2025-09-08T21:55:52.3249199+00:00" endTime="2025-09-08T21:55:52.3249200+00:00" testType="13cdc9d9-ddb5-4fa4-a97d-d965ccfc6d4b" outcome="Passed" testListId="8c84fa94-04c1-424b-9868-57a2d4851a1d" relativeResultsDirectory="e73ef478-ddec-484d-bd1a-e2981f0acc60" />
    <UnitTestResult executionId="d0f93b83-80bf-411c-af54-5fe93b639359" testId="d253c45c-a8ca-02a8-83f1-3b987acee20d" testName="GameBoy.Tests.SpriteTests.Constructor_WithInvalidOamData_ThrowsException(oamData: [80, 72, 2, 160], offset: 1)" computerName="pkrvm7jw40e0xgp" duration="00:00:00.0064900" startTime="2025-09-08T21:55:52.3561020+00:00" endTime="2025-09-08T21:55:52.3561020+00:00" testType="13cdc9d9-ddb5-4fa4-a97d-d965ccfc6d4b" outcome="Passed" testListId="8c84fa94-04c1-424b-9868-57a2d4851a1d" relativeResultsDirectory="d0f93b83-80bf-411c-af54-5fe93b639359" />
    <UnitTestResult executionId="755e27eb-0711-49be-9b4b-432e183eaeb3" testId="a34e537f-852d-b7b5-3ccb-cabf02fd880d" testName="GameBoy.Tests.EmulatorMbcIntegrationTests.Emulator_LoadRom_AllUnsupportedMbcTypes_ThrowsNotSupportedException(cartridgeType: 32, expectedMbcName: &quot;MBC6&quot;)" computerName="pkrvm7jw40e0xgp" duration="00:00:00.0004600" startTime="2025-09-08T21:55:52.3159337+00:00" endTime="2025-09-08T21:55:52.3159337+00:00" testType="13cdc9d9-ddb5-4fa4-a97d-d965ccfc6d4b" outcome="Passed" testListId="8c84fa94-04c1-424b-9868-57a2d4851a1d" relativeResultsDirectory="755e27eb-0711-49be-9b4b-432e183eaeb3" />
    <UnitTestResult executionId="360c3cb5-49aa-40a7-9f62-ea89d4b843fa" testId="7d42feb9-bbac-5e95-7966-4598ed6ca7c8" testName="GameBoy.Tests.CpuAddressingTests.ReadDE_ReadsFromDEAddress" computerName="pkrvm7jw40e0xgp" duration="00:00:00.0002018" startTime="2025-09-08T21:55:52.5312769+00:00" endTime="2025-09-08T21:55:52.5312770+00:00" testType="13cdc9d9-ddb5-4fa4-a97d-d965ccfc6d4b" outcome="Passed" testListId="8c84fa94-04c1-424b-9868-57a2d4851a1d" relativeResultsDirectory="360c3cb5-49aa-40a7-9f62-ea89d4b843fa" />
    <UnitTestResult executionId="015ef42b-d4d4-4d64-86bb-7c0e460a1c0d" testId="f463891b-fd87-ca77-6056-1127d204fbb8" testName="GameBoy.Tests.Integration.CpuInstructionTests.HALT_StopsExecution" computerName="pkrvm7jw40e0xgp" duration="00:00:00.0001614" startTime="2025-09-08T21:55:52.4713297+00:00" endTime="2025-09-08T21:55:52.4713297+00:00" testType="13cdc9d9-ddb5-4fa4-a97d-d965ccfc6d4b" outcome="Passed" testListId="8c84fa94-04c1-424b-9868-57a2d4851a1d" relativeResultsDirectory="015ef42b-d4d4-4d64-86bb-7c0e460a1c0d" />
    <UnitTestResult executionId="b1e4cf51-9c83-42f7-95ed-1136d3ec8463" testId="6e836b62-3be5-ba37-09d4-15d443e87de7" testName="GameBoy.Tests.Integration.MooneyeInterruptTests.Mooneye_PPUInterruptTests_ExecuteSuccessfully(category: &quot;ppu&quot;, romFile: &quot;lcdon_write_timing-GS.gb&quot;, description: &quot;LCD ON write timing interrupt&quot;)" computerName="pkrvm7jw40e0xgp" duration="00:00:00.0000159" startTime="2025-09-08T21:55:52.3111160+00:00" endTime="2025-09-08T21:55:52.3111161+00:00" testType="13cdc9d9-ddb5-4fa4-a97d-d965ccfc6d4b" outcome="Passed" testListId="8c84fa94-04c1-424b-9868-57a2d4851a1d" relativeResultsDirectory="b1e4cf51-9c83-42f7-95ed-1136d3ec8463" />
    <UnitTestResult executionId="c9c264d4-861c-4683-8cb9-983fac38197e" testId="4fc84b54-a813-cee5-d67f-65285783f54a" testName="GameBoy.Tests.CartridgeHeaderTests.HasRtc_ReturnsCorrectValueForRtcTypes" computerName="pkrvm7jw40e0xgp" duration="00:00:00.0002138" startTime="2025-09-08T21:55:52.5443295+00:00" endTime="2025-09-08T21:55:52.5443295+00:00" testType="13cdc9d9-ddb5-4fa4-a97d-d965ccfc6d4b" outcome="Passed" testListId="8c84fa94-04c1-424b-9868-57a2d4851a1d" relativeResultsDirectory="c9c264d4-861c-4683-8cb9-983fac38197e" />
    <UnitTestResult executionId="25b2190f-bb5c-4beb-841f-513d77c8d2fe" testId="84951c40-1d39-2cf1-7d54-c2c1cf7967b4" testName="GameBoy.Tests.IoRegionWiringTests.IoRegion_AllWrites_CallWriteIoRegister" computerName="pkrvm7jw40e0xgp" duration="00:00:00.0077702" startTime="2025-09-08T21:55:52.5344149+00:00" endTime="2025-09-08T21:55:52.5344150+00:00" testType="13cdc9d9-ddb5-4fa4-a97d-d965ccfc6d4b" outcome="Passed" testListId="8c84fa94-04c1-424b-9868-57a2d4851a1d" relativeResultsDirectory="25b2190f-bb5c-4beb-841f-513d77c8d2fe" />
    <UnitTestResult executionId="04115666-eb37-4e60-8f94-36cf4082694f" testId="e74f0f7e-efd4-851a-6dd0-c1b21d0c599d" testName="GameBoy.Tests.TimerTests.TIMA_IncrementsAtCorrectFrequency(tacValue: 4, expectedCycles: 1024)" computerName="pkrvm7jw40e0xgp" duration="00:00:00.0002607" startTime="2025-09-08T21:55:52.3122541+00:00" endTime="2025-09-08T21:55:52.3122542+00:00" testType="13cdc9d9-ddb5-4fa4-a97d-d965ccfc6d4b" outcome="Passed" testListId="8c84fa94-04c1-424b-9868-57a2d4851a1d" relativeResultsDirectory="04115666-eb37-4e60-8f94-36cf4082694f" />
    <UnitTestResult executionId="1db8bfab-6972-47d5-af46-447129fb2f34" testId="ce806e00-7abd-221e-8337-ade5d7dec915" testName="GameBoy.Tests.PaletteTests.MapColor_WithInvalidIndex_ReturnsDefault(colorIndex: -1, expectedMapped: 0)" computerName="pkrvm7jw40e0xgp" duration="00:00:00.0003233" startTime="2025-09-08T21:55:52.5390973+00:00" endTime="2025-09-08T21:55:52.5390973+00:00" testType="13cdc9d9-ddb5-4fa4-a97d-d965ccfc6d4b" outcome="Passed" testListId="8c84fa94-04c1-424b-9868-57a2d4851a1d" relativeResultsDirectory="1db8bfab-6972-47d5-af46-447129fb2f34" />
    <UnitTestResult executionId="340d05cd-500e-4c94-95d6-a5b1d57b2b23" testId="0363a9ad-f5a9-fc63-7f70-ff763491ded3" testName="GameBoy.Tests.CartridgeMmuIntegrationTests.Mmu_BatteryBackedCartridge_ImplementsInterface" computerName="pkrvm7jw40e0xgp" duration="00:00:00.0005330" startTime="2025-09-08T21:55:52.5076672+00:00" endTime="2025-09-08T21:55:52.5076673+00:00" testType="13cdc9d9-ddb5-4fa4-a97d-d965ccfc6d4b" outcome="Passed" testListId="8c84fa94-04c1-424b-9868-57a2d4851a1d" relativeResultsDirectory="340d05cd-500e-4c94-95d6-a5b1d57b2b23" />
    <UnitTestResult executionId="851f20be-766b-45d3-a125-1ecdb438dce6" testId="d7c472e1-68f0-98a1-9e95-1392afc79d31" testName="GameBoy.Tests.MmuTests.ReadWord_LittleEndian" computerName="pkrvm7jw40e0xgp" duration="00:00:00.0001745" startTime="2025-09-08T21:55:52.3690675+00:00" endTime="2025-09-08T21:55:52.3690676+00:00" testType="13cdc9d9-ddb5-4fa4-a97d-d965ccfc6d4b" outcome="Passed" testListId="8c84fa94-04c1-424b-9868-57a2d4851a1d" relativeResultsDirectory="851f20be-766b-45d3-a125-1ecdb438dce6" />
    <UnitTestResult executionId="e2447dd9-c683-4999-930d-6f69bf774236" testId="3bd37e17-a357-dd0e-5c35-ff1e954d110b" testName="GameBoy.Tests.CartridgeHeaderTests.RamSize_CalculatesCorrectSizeForStandardCodes(code: 2, expectedSize: 8192)" computerName="pkrvm7jw40e0xgp" duration="00:00:00.0000070" startTime="2025-09-08T21:55:52.5358382+00:00" endTime="2025-09-08T21:55:52.5358382+00:00" testType="13cdc9d9-ddb5-4fa4-a97d-d965ccfc6d4b" outcome="Passed" testListId="8c84fa94-04c1-424b-9868-57a2d4851a1d" relativeResultsDirectory="e2447dd9-c683-4999-930d-6f69bf774236" />
    <UnitTestResult executionId="8e55276e-b307-44a4-bf4a-78f7d380c839" testId="2c025142-773c-e8f8-e1d2-3622f380673e" testName="GameBoy.Tests.CartridgeMmuIntegrationTests.Mmu_ReadByte_RoutesToCartridgeRom" computerName="pkrvm7jw40e0xgp" duration="00:00:00.0005750" startTime="2025-09-08T21:55:52.4889506+00:00" endTime="2025-09-08T21:55:52.4889507+00:00" testType="13cdc9d9-ddb5-4fa4-a97d-d965ccfc6d4b" outcome="Passed" testListId="8c84fa94-04c1-424b-9868-57a2d4851a1d" relativeResultsDirectory="8e55276e-b307-44a4-bf4a-78f7d380c839" />
    <UnitTestResult executionId="b302a382-37ef-4915-b8e2-1fa6d04e3b75" testId="4b1efd1d-1820-03cc-1d36-d771cb4401fa" testName="GameBoy.Tests.AddressingHelpersExampleTests.Example_HighRAMAccess" computerName="pkrvm7jw40e0xgp" duration="00:00:00.0006184" startTime="2025-09-08T21:55:52.4078839+00:00" endTime="2025-09-08T21:55:52.4078840+00:00" testType="13cdc9d9-ddb5-4fa4-a97d-d965ccfc6d4b" outcome="Passed" testListId="8c84fa94-04c1-424b-9868-57a2d4851a1d" relativeResultsDirectory="b302a382-37ef-4915-b8e2-1fa6d04e3b75" />
    <UnitTestResult executionId="8ba15353-7593-4ffc-ae92-449a95521c89" testId="dd91d514-20cf-70e4-ef22-61065c5da6c6" testName="GameBoy.Tests.InterruptControllerTests.TryGetPending_NoInterruptsRequested_ReturnsFalse" computerName="pkrvm7jw40e0xgp" duration="00:00:00.0001658" startTime="2025-09-08T21:55:52.4681441+00:00" endTime="2025-09-08T21:55:52.4681442+00:00" testType="13cdc9d9-ddb5-4fa4-a97d-d965ccfc6d4b" outcome="Passed" testListId="8c84fa94-04c1-424b-9868-57a2d4851a1d" relativeResultsDirectory="8ba15353-7593-4ffc-ae92-449a95521c89" />
    <UnitTestResult executionId="75f98606-22c5-4081-a559-87010c5a89c0" testId="44f2ae15-e54f-c32e-266e-ffa10b68dff7" testName="GameBoy.Tests.Integration.MooneyeInterruptTests.Mooneye_PPUInterruptTests_ExecuteSuccessfully(category: &quot;ppu&quot;, romFile: &quot;intr_2_0_timing.gb&quot;, description: &quot;Interrupt 2-0 timing test&quot;)" computerName="pkrvm7jw40e0xgp" duration="00:00:00.0000148" startTime="2025-09-08T21:55:52.3110531+00:00" endTime="2025-09-08T21:55:52.3110531+00:00" testType="13cdc9d9-ddb5-4fa4-a97d-d965ccfc6d4b" outcome="Passed" testListId="8c84fa94-04c1-424b-9868-57a2d4851a1d" relativeResultsDirectory="75f98606-22c5-4081-a559-87010c5a89c0" />
    <UnitTestResult executionId="3fe07cc3-e16b-4157-8de9-57036e5ebaf4" testId="d82818a2-475e-d90c-5900-07e1dfae2d4d" testName="GameBoy.Tests.MmuTests.LY_WriteIsIgnored" computerName="pkrvm7jw40e0xgp" duration="00:00:00.0001611" startTime="2025-09-08T21:55:52.3816367+00:00" endTime="2025-09-08T21:55:52.3816368+00:00" testType="13cdc9d9-ddb5-4fa4-a97d-d965ccfc6d4b" outcome="Passed" testListId="8c84fa94-04c1-424b-9868-57a2d4851a1d" relativeResultsDirectory="3fe07cc3-e16b-4157-8de9-57036e5ebaf4" />
    <UnitTestResult executionId="224fe370-4bf8-4c81-b5fc-c4fe5e90f79f" testId="7ab97aaf-c2f9-6a53-5c4f-3d5be7afbb5f" testName="GameBoy.Tests.MmuTests.TimerRegisters_ReadDefaultValues" computerName="pkrvm7jw40e0xgp" duration="00:00:00.0072182" startTime="2025-09-08T21:55:52.3716704+00:00" endTime="2025-09-08T21:55:52.3716705+00:00" testType="13cdc9d9-ddb5-4fa4-a97d-d965ccfc6d4b" outcome="Passed" testListId="8c84fa94-04c1-424b-9868-57a2d4851a1d" relativeResultsDirectory="224fe370-4bf8-4c81-b5fc-c4fe5e90f79f" />
    <UnitTestResult executionId="859c99ae-9853-4c88-b169-2a1f421712c5" testId="f6dbf70f-95aa-dad1-860d-887954543898" testName="GameBoy.Tests.InterruptControllerTests.IF_SetAndRead_ReturnsCorrectValues(setValue: 255, expectedRead: 255)" computerName="pkrvm7jw40e0xgp" duration="00:00:00.0000075" startTime="2025-09-08T21:55:52.4482909+00:00" endTime="2025-09-08T21:55:52.4482910+00:00" testType="13cdc9d9-ddb5-4fa4-a97d-d965ccfc6d4b" outcome="Passed" testListId="8c84fa94-04c1-424b-9868-57a2d4851a1d" relativeResultsDirectory="859c99ae-9853-4c88-b169-2a1f421712c5" />
    <UnitTestResult executionId="a1581509-f1af-46a9-b89b-9bc833467519" testId="08d7c887-cfdb-91f7-a4d3-c86efbebb1e3" testName="GameBoy.Tests.Mbc5Tests.ExternalRam_Max16Banks_WorksCorrectly" computerName="pkrvm7jw40e0xgp" duration="00:00:00.0009038" startTime="2025-09-08T21:55:52.5988166+00:00" endTime="2025-09-08T21:55:52.5988167+00:00" testType="13cdc9d9-ddb5-4fa4-a97d-d965ccfc6d4b" outcome="Passed" testListId="8c84fa94-04c1-424b-9868-57a2d4851a1d" relativeResultsDirectory="a1581509-f1af-46a9-b89b-9bc833467519" />
    <UnitTestResult executionId="6e7e5989-8f0f-480f-a995-84ef9140fb9c" testId="1245158d-276b-dcb2-79c3-0e2984619ba2" testName="GameBoy.Tests.InstructionGroupTests.CCF_ComplementsCarryFlag" computerName="pkrvm7jw40e0xgp" duration="00:00:00.0003466" startTime="2025-09-08T21:55:52.3706964+00:00" endTime="2025-09-08T21:55:52.3706965+00:00" testType="13cdc9d9-ddb5-4fa4-a97d-d965ccfc6d4b" outcome="Passed" testListId="8c84fa94-04c1-424b-9868-57a2d4851a1d" relativeResultsDirectory="6e7e5989-8f0f-480f-a995-84ef9140fb9c" />
    <UnitTestResult executionId="de1135b5-bd02-4de3-95cd-237768d0dcb0" testId="bb65a884-d37a-bdc9-a63d-7b9d786807d1" testName="GameBoy.Tests.CartridgeHeaderTests.RomSize_InvalidCodes_DefaultsTo32KB(code: 85)" computerName="pkrvm7jw40e0xgp" duration="00:00:00.0000124" startTime="2025-09-08T21:55:52.5409496+00:00" endTime="2025-09-08T21:55:52.5409496+00:00" testType="13cdc9d9-ddb5-4fa4-a97d-d965ccfc6d4b" outcome="Passed" testListId="8c84fa94-04c1-424b-9868-57a2d4851a1d" relativeResultsDirectory="de1135b5-bd02-4de3-95cd-237768d0dcb0" />
    <UnitTestResult executionId="17c94ae6-b84c-4e40-adf4-2dbffadca4c1" testId="ee26ecca-a807-3cac-eb05-97de07cb7248" testName="GameBoy.Tests.IoRegionWiringTests.UnusedIoRegisters_ReturnOxFFOnRead" computerName="pkrvm7jw40e0xgp" duration="00:00:00.0002722" startTime="2025-09-08T21:55:52.5345856+00:00" endTime="2025-09-08T21:55:52.5345857+00:00" testType="13cdc9d9-ddb5-4fa4-a97d-d965ccfc6d4b" outcome="Passed" testListId="8c84fa94-04c1-424b-9868-57a2d4851a1d" relativeResultsDirectory="17c94ae6-b84c-4e40-adf4-2dbffadca4c1" />
    <UnitTestResult executionId="5959551d-0d52-4cdb-a405-919f78339123" testId="fef37fd4-d952-e5e0-a0dc-f7ea4d75e03d" testName="GameBoy.Tests.AdvancedTimingTests.StoreAbsoluteA_Takes16Cycles" computerName="pkrvm7jw40e0xgp" duration="00:00:00.0002719" startTime="2025-09-08T21:55:52.4992070+00:00" endTime="2025-09-08T21:55:52.4992071+00:00" testType="13cdc9d9-ddb5-4fa4-a97d-d965ccfc6d4b" outcome="Passed" testListId="8c84fa94-04c1-424b-9868-57a2d4851a1d" relativeResultsDirectory="5959551d-0d52-4cdb-a405-919f78339123" />
    <UnitTestResult executionId="9ae91a96-11c0-44f9-a3ad-c39a3e63799a" testId="c34393e5-11ff-d095-6271-fff69a281c2a" testName="GameBoy.Tests.CartridgeHeaderTests.RomSize_CalculatesCorrectSizeForStandardCodes(code: 0, expectedSize: 32768)" computerName="pkrvm7jw40e0xgp" duration="00:00:00.0000078" startTime="2025-09-08T21:55:52.5427490+00:00" endTime="2025-09-08T21:55:52.5427490+00:00" testType="13cdc9d9-ddb5-4fa4-a97d-d965ccfc6d4b" outcome="Passed" testListId="8c84fa94-04c1-424b-9868-57a2d4851a1d" relativeResultsDirectory="9ae91a96-11c0-44f9-a3ad-c39a3e63799a" />
    <UnitTestResult executionId="2e007851-7d79-45d0-beeb-88be9fe2e775" testId="1480c90f-e1fd-93b1-8e83-f76f39ada216" testName="GameBoy.Tests.Integration.BlarggInterruptTests.Blargg_SpecificInterruptTests_ExecuteSuccessfully(romFile: &quot;ie_push.gb&quot;, description: &quot;IE register push test&quot;)" computerName="pkrvm7jw40e0xgp" duration="00:00:00.0002346" startTime="2025-09-08T21:55:52.4293333+00:00" endTime="2025-09-08T21:55:52.4293333+00:00" testType="13cdc9d9-ddb5-4fa4-a97d-d965ccfc6d4b" outcome="Passed" testListId="8c84fa94-04c1-424b-9868-57a2d4851a1d" relativeResultsDirectory="2e007851-7d79-45d0-beeb-88be9fe2e775" />
    <UnitTestResult executionId="73b1ac64-354d-4083-a15c-479d46b0ab22" testId="6e54a05e-b477-f829-bb5e-dcbef35d8f59" testName="GameBoy.Tests.EmulatorTests.Constructor_InitializesPostBiosState" computerName="pkrvm7jw40e0xgp" duration="00:00:00.0004248" startTime="2025-09-08T21:55:52.4302662+00:00" endTime="2025-09-08T21:55:52.4302663+00:00" testType="13cdc9d9-ddb5-4fa4-a97d-d965ccfc6d4b" outcome="Passed" testListId="8c84fa94-04c1-424b-9868-57a2d4851a1d" relativeResultsDirectory="73b1ac64-354d-4083-a15c-479d46b0ab22" />
    <UnitTestResult executionId="029112eb-fb3c-4265-a880-57aa36393edf" testId="57bc568e-7665-04e8-5fdd-510df1b63c38" testName="GameBoy.Tests.CartridgeMmuIntegrationTests.Mmu_Reset_PreservesCartridge" computerName="pkrvm7jw40e0xgp" duration="00:00:00.0106705" startTime="2025-09-08T21:55:52.5126206+00:00" endTime="2025-09-08T21:55:52.5126206+00:00" testType="13cdc9d9-ddb5-4fa4-a97d-d965ccfc6d4b" outcome="Passed" testListId="8c84fa94-04c1-424b-9868-57a2d4851a1d" relativeResultsDirectory="029112eb-fb3c-4265-a880-57aa36393edf" />
    <UnitTestResult executionId="7c6b4b30-44d0-4c44-87ce-5dea4aa248ae" testId="e0bae790-fddb-006d-e831-2cde76b6368e" testName="GameBoy.Tests.CartridgeHeaderTests.RomSize_CalculatesCorrectSizeForStandardCodes(code: 1, expectedSize: 65536)" computerName="pkrvm7jw40e0xgp" duration="00:00:00.0083076" startTime="2025-09-08T21:55:52.5426461+00:00" endTime="2025-09-08T21:55:52.5426461+00:00" testType="13cdc9d9-ddb5-4fa4-a97d-d965ccfc6d4b" outcome="Passed" testListId="8c84fa94-04c1-424b-9868-57a2d4851a1d" relativeResultsDirectory="7c6b4b30-44d0-4c44-87ce-5dea4aa248ae" />
    <UnitTestResult executionId="75410ae0-5afd-4ac0-b55e-2de852e795a0" testId="e16d89bb-7752-4aab-a92f-f7287f59cc68" testName="GameBoy.Tests.InterruptServiceRoutineTests.HALT_ServicesInterrupt_WhenIMEEnabled" computerName="pkrvm7jw40e0xgp" duration="00:00:00.0002413" startTime="2025-09-08T21:55:52.4464115+00:00" endTime="2025-09-08T21:55:52.4464116+00:00" testType="13cdc9d9-ddb5-4fa4-a97d-d965ccfc6d4b" outcome="Passed" testListId="8c84fa94-04c1-424b-9868-57a2d4851a1d" relativeResultsDirectory="75410ae0-5afd-4ac0-b55e-2de852e795a0" />
    <UnitTestResult executionId="507a82b7-bce5-4747-b000-81af28c5721e" testId="18c1654c-d336-2734-4751-d18553200a33" testName="GameBoy.Tests.CartridgeTests.Detect_Mbc7_ThrowsNotSupportedException" computerName="pkrvm7jw40e0xgp" duration="00:00:00.0004950" startTime="2025-09-08T21:55:52.5278838+00:00" endTime="2025-09-08T21:55:52.5278839+00:00" testType="13cdc9d9-ddb5-4fa4-a97d-d965ccfc6d4b" outcome="Passed" testListId="8c84fa94-04c1-424b-9868-57a2d4851a1d" relativeResultsDirectory="507a82b7-bce5-4747-b000-81af28c5721e" />
    <UnitTestResult executionId="21f852f7-ccab-4ed8-ba9f-70728fe212cf" testId="057b0d6a-4109-0c22-90db-914e5a967366" testName="GameBoy.Tests.InstructionGroupTests.Xor_A_A_ClearsRegisterAndSetsZeroFlag" computerName="pkrvm7jw40e0xgp" duration="00:00:00.0006267" startTime="2025-09-08T21:55:52.3273905+00:00" endTime="2025-09-08T21:55:52.3273906+00:00" testType="13cdc9d9-ddb5-4fa4-a97d-d965ccfc6d4b" outcome="Passed" testListId="8c84fa94-04c1-424b-9868-57a2d4851a1d" relativeResultsDirectory="21f852f7-ccab-4ed8-ba9f-70728fe212cf" />
    <UnitTestResult executionId="c2e79781-fda4-4b1a-b3a8-efce313b767f" testId="4db70ec8-8593-e07c-5b11-0ae3c0462841" testName="GameBoy.Tests.CartridgeTests.Detect_AllMbc3Variants_ReturnsCorrectCartridge(cartridgeType: 16)" computerName="pkrvm7jw40e0xgp" duration="00:00:00.0001698" startTime="2025-09-08T21:55:52.5128247+00:00" endTime="2025-09-08T21:55:52.5128248+00:00" testType="13cdc9d9-ddb5-4fa4-a97d-d965ccfc6d4b" outcome="Passed" testListId="8c84fa94-04c1-424b-9868-57a2d4851a1d" relativeResultsDirectory="c2e79781-fda4-4b1a-b3a8-efce313b767f" />
    <UnitTestResult executionId="0cddb053-6a07-4241-b5d2-7b1d6f8007d8" testId="a49f1c43-0c18-42dd-a71b-57f89d522d11" testName="GameBoy.Tests.InstructionTimingTests.PopRegister_Takes12Cycles" computerName="pkrvm7jw40e0xgp" duration="00:00:00.0002690" startTime="2025-09-08T21:55:52.4424239+00:00" endTime="2025-09-08T21:55:52.4424240+00:00" testType="13cdc9d9-ddb5-4fa4-a97d-d965ccfc6d4b" outcome="Passed" testListId="8c84fa94-04c1-424b-9868-57a2d4851a1d" relativeResultsDirectory="0cddb053-6a07-4241-b5d2-7b1d6f8007d8" />
    <UnitTestResult executionId="788d1d61-b9be-4a85-a19a-390b3441acd1" testId="23c92ff6-18f4-6d68-cdbf-b535f92a87b5" testName="GameBoy.Tests.Integration.CpuInstructionTests.LD_r_d8_LoadsImmediateValue(opcode: 62)" computerName="pkrvm7jw40e0xgp" duration="00:00:00.0004024" startTime="2025-09-08T21:55:52.4500677+00:00" endTime="2025-09-08T21:55:52.4500678+00:00" testType="13cdc9d9-ddb5-4fa4-a97d-d965ccfc6d4b" outcome="Passed" testListId="8c84fa94-04c1-424b-9868-57a2d4851a1d" relativeResultsDirectory="788d1d61-b9be-4a85-a19a-390b3441acd1" />
    <UnitTestResult executionId="aed5922f-c171-46c8-832f-7359c7f4c271" testId="8181ff33-fc64-ed25-b9b3-abb32381a24c" testName="GameBoy.Tests.Integration.MooneyeInterruptTests.Mooneye_PPUInterruptTests_ExecuteSuccessfully(category: &quot;ppu&quot;, romFile: &quot;intr_2_mode0_timing.gb&quot;, description: &quot;Interrupt 2 mode 0 timing&quot;)" computerName="pkrvm7jw40e0xgp" duration="00:00:00.0000164" startTime="2025-09-08T21:55:52.3118419+00:00" endTime="2025-09-08T21:55:52.3118420+00:00" testType="13cdc9d9-ddb5-4fa4-a97d-d965ccfc6d4b" outcome="Passed" testListId="8c84fa94-04c1-424b-9868-57a2d4851a1d" relativeResultsDirectory="aed5922f-c171-46c8-832f-7359c7f4c271" />
    <UnitTestResult executionId="864b9511-4d9c-4107-a72e-d0c54b3e16e2" testId="81be8360-6c6f-5bd5-80c8-11f7c0b9be00" testName="GameBoy.Tests.LcdcTests.UsesSignedTileIndexing_ReturnsCorrectValue(value: 16, expected: False)" computerName="pkrvm7jw40e0xgp" duration="00:00:00.0003388" startTime="2025-09-08T21:55:52.4242521+00:00" endTime="2025-09-08T21:55:52.4242522+00:00" testType="13cdc9d9-ddb5-4fa4-a97d-d965ccfc6d4b" outcome="Passed" testListId="8c84fa94-04c1-424b-9868-57a2d4851a1d" relativeResultsDirectory="864b9511-4d9c-4107-a72e-d0c54b3e16e2" />
    <UnitTestResult executionId="3c5dd016-b386-45f0-a41f-dd1c0dd64ffe" testId="fc41b0d3-293c-7ed1-03db-0b90bf1e8d94" testName="GameBoy.Tests.Mbc5Tests.WriteRom_RamEnable_EnablesRamAccess" computerName="pkrvm7jw40e0xgp" duration="00:00:00.0003795" startTime="2025-09-08T21:55:52.5217510+00:00" endTime="2025-09-08T21:55:52.5217511+00:00" testType="13cdc9d9-ddb5-4fa4-a97d-d965ccfc6d4b" outcome="Passed" testListId="8c84fa94-04c1-424b-9868-57a2d4851a1d" relativeResultsDirectory="3c5dd016-b386-45f0-a41f-dd1c0dd64ffe" />
    <UnitTestResult executionId="9cae210a-96b7-4e53-8a0a-4266cc9a319f" testId="d0745316-a081-8f1b-2315-d9f54584a95b" testName="GameBoy.Tests.SpriteTests.GetTopTileIndex_ReturnsCorrectIndex(tileIndex: 2, is8x16: False, expected: 2)" computerName="pkrvm7jw40e0xgp" duration="00:00:00.0000067" startTime="2025-09-08T21:55:52.3298248+00:00" endTime="2025-09-08T21:55:52.3298249+00:00" testType="13cdc9d9-ddb5-4fa4-a97d-d965ccfc6d4b" outcome="Passed" testListId="8c84fa94-04c1-424b-9868-57a2d4851a1d" relativeResultsDirectory="9cae210a-96b7-4e53-8a0a-4266cc9a319f" />
    <UnitTestResult executionId="9793b1a2-7a97-4a5c-bf19-7a6c56e90809" testId="9e8a8bbb-0354-2079-c028-bce199135a45" testName="GameBoy.Tests.CartridgeHeaderTests.RomSize_CalculatesCorrectSizeForStandardCodes(code: 6, expectedSize: 2097152)" computerName="pkrvm7jw40e0xgp" duration="00:00:00.0000160" startTime="2025-09-08T21:55:52.5434124+00:00" endTime="2025-09-08T21:55:52.5434125+00:00" testType="13cdc9d9-ddb5-4fa4-a97d-d965ccfc6d4b" outcome="Passed" testListId="8c84fa94-04c1-424b-9868-57a2d4851a1d" relativeResultsDirectory="9793b1a2-7a97-4a5c-bf19-7a6c56e90809" />
    <UnitTestResult executionId="ef463b78-a37c-4310-a79b-dd03229cd222" testId="df1a0b85-3fcf-73cc-b0eb-77a8095511aa" testName="GameBoy.Tests.AluTests.AddWithCarry_NoCarryIn_SameAsAdd" computerName="pkrvm7jw40e0xgp" duration="00:00:00.0003073" startTime="2025-09-08T21:55:52.5499900+00:00" endTime="2025-09-08T21:55:52.5499901+00:00" testType="13cdc9d9-ddb5-4fa4-a97d-d965ccfc6d4b" outcome="Passed" testListId="8c84fa94-04c1-424b-9868-57a2d4851a1d" relativeResultsDirectory="ef463b78-a37c-4310-a79b-dd03229cd222" />
    <UnitTestResult executionId="8dd19333-522e-4ddc-ba61-28aa49e1e5f7" testId="c0db7c81-a881-e4f5-0ea7-cff88ddfe178" testName="GameBoy.Tests.AluTests.Or_ZeroResult_SetsZeroFlag" computerName="pkrvm7jw40e0xgp" duration="00:00:00.0001450" startTime="2025-09-08T21:55:52.5475522+00:00" endTime="2025-09-08T21:55:52.5475522+00:00" testType="13cdc9d9-ddb5-4fa4-a97d-d965ccfc6d4b" outcome="Passed" testListId="8c84fa94-04c1-424b-9868-57a2d4851a1d" relativeResultsDirectory="8dd19333-522e-4ddc-ba61-28aa49e1e5f7" />
    <UnitTestResult executionId="879d0311-b292-42cd-8c0e-9d807828ec70" testId="81275080-dbd6-64b2-9d21-3ea6ec2704e0" testName="GameBoy.Tests.Integration.BlarggIntegrationTests.CpuInstrs_IndividualTests_ExecuteSuccessfully(romFile: &quot;07-jr,jp,call,ret,rst.gb&quot;, description: &quot;Jump and call instruction test&quot;)" computerName="pkrvm7jw40e0xgp" duration="00:00:00.0000142" startTime="2025-09-08T21:55:52.3978127+00:00" endTime="2025-09-08T21:55:52.4002036+00:00" testType="13cdc9d9-ddb5-4fa4-a97d-d965ccfc6d4b" outcome="Passed" testListId="8c84fa94-04c1-424b-9868-57a2d4851a1d" relativeResultsDirectory="879d0311-b292-42cd-8c0e-9d807828ec70" />
    <UnitTestResult executionId="2b8d9d38-a36f-4881-99aa-ea7b22076954" testId="e1aa7990-1da1-83da-996d-146c1ddd0d6c" testName="GameBoy.Tests.CpuTests.Nop_DoesNothing" computerName="pkrvm7jw40e0xgp" duration="00:00:00.0003566" startTime="2025-09-08T21:55:52.4324176+00:00" endTime="2025-09-08T21:55:52.4324176+00:00" testType="13cdc9d9-ddb5-4fa4-a97d-d965ccfc6d4b" outcome="Passed" testListId="8c84fa94-04c1-424b-9868-57a2d4851a1d" relativeResultsDirectory="2b8d9d38-a36f-4881-99aa-ea7b22076954" />
    <UnitTestResult executionId="2495a4f9-ee57-4043-a1d8-140b70c33559" testId="0456db4f-eca7-3bfd-aabf-6d0d2925766a" testName="GameBoy.Tests.TimerTests.TIMA_IncrementsAtCorrectFrequency(tacValue: 6, expectedCycles: 64)" computerName="pkrvm7jw40e0xgp" duration="00:00:00.0002678" startTime="2025-09-08T21:55:52.3131510+00:00" endTime="2025-09-08T21:55:52.3131510+00:00" testType="13cdc9d9-ddb5-4fa4-a97d-d965ccfc6d4b" outcome="Passed" testListId="8c84fa94-04c1-424b-9868-57a2d4851a1d" relativeResultsDirectory="2495a4f9-ee57-4043-a1d8-140b70c33559" />
    <UnitTestResult executionId="1776eb34-08ff-4d75-9830-b879073ccec9" testId="8cda3782-137b-73f5-d8e8-1791e2c39181" testName="GameBoy.Tests.CartridgeHeaderTests.HasBattery_ReturnsCorrectValueForBatteryTypes" computerName="pkrvm7jw40e0xgp" duration="00:00:00.0002606" startTime="2025-09-08T21:55:52.5437269+00:00" endTime="2025-09-08T21:55:52.5437269+00:00" testType="13cdc9d9-ddb5-4fa4-a97d-d965ccfc6d4b" outcome="Passed" testListId="8c84fa94-04c1-424b-9868-57a2d4851a1d" relativeResultsDirectory="1776eb34-08ff-4d75-9830-b879073ccec9" />
    <UnitTestResult executionId="58b3d5e2-1a43-4b72-baf4-1f5c8858bc92" testId="7d6987f5-e6da-033a-8efe-53a51124e623" testName="GameBoy.Tests.AluTests.Xor_SameValues_ZeroResult" computerName="pkrvm7jw40e0xgp" duration="00:00:00.0001497" startTime="2025-09-08T21:55:52.5484707+00:00" endTime="2025-09-08T21:55:52.5484708+00:00" testType="13cdc9d9-ddb5-4fa4-a97d-d965ccfc6d4b" outcome="Passed" testListId="8c84fa94-04c1-424b-9868-57a2d4851a1d" relativeResultsDirectory="58b3d5e2-1a43-4b72-baf4-1f5c8858bc92" />
    <UnitTestResult executionId="d14d70c3-3eae-4480-a2ee-5c5731edd272" testId="b7176144-1ced-6e09-d9f0-cbf037a33072" testName="GameBoy.Tests.TimerTests.TIMA_OverflowWithZeroTMAReloadsToZero" computerName="pkrvm7jw40e0xgp" duration="00:00:00.0002797" startTime="2025-09-08T21:55:52.3153607+00:00" endTime="2025-09-08T21:55:52.3153608+00:00" testType="13cdc9d9-ddb5-4fa4-a97d-d965ccfc6d4b" outcome="Passed" testListId="8c84fa94-04c1-424b-9868-57a2d4851a1d" relativeResultsDirectory="d14d70c3-3eae-4480-a2ee-5c5731edd272" />
    <UnitTestResult executionId="44cc0b40-d2d1-4029-bfab-6dfbeac32106" testId="5f721ea2-2998-415b-a4eb-a5668314b7c1" testName="GameBoy.Tests.LcdcTests.TileDataBase_ReturnsCorrectAddress(value: 0, expected: 34816)" computerName="pkrvm7jw40e0xgp" duration="00:00:00.0002547" startTime="2025-09-08T21:55:52.4288685+00:00" endTime="2025-09-08T21:55:52.4288686+00:00" testType="13cdc9d9-ddb5-4fa4-a97d-d965ccfc6d4b" outcome="Passed" testListId="8c84fa94-04c1-424b-9868-57a2d4851a1d" relativeResultsDirectory="44cc0b40-d2d1-4029-bfab-6dfbeac32106" />
    <UnitTestResult executionId="de077a63-e36a-4152-8748-8cef76430be0" testId="99cc2b30-170c-0914-abad-c7749bfc1fcc" testName="GameBoy.Tests.InterruptServiceRoutineTests.InterruptService_StackEdgeCase_NearBoundary" computerName="pkrvm7jw40e0xgp" duration="00:00:00.0002190" startTime="2025-09-08T21:55:52.4462473+00:00" endTime="2025-09-08T21:55:52.4462474+00:00" testType="13cdc9d9-ddb5-4fa4-a97d-d965ccfc6d4b" outcome="Passed" testListId="8c84fa94-04c1-424b-9868-57a2d4851a1d" relativeResultsDirectory="de077a63-e36a-4152-8748-8cef76430be0" />
    <UnitTestResult executionId="df518a92-8be3-44c4-9953-135268910e66" testId="26883bbb-ed62-9ce9-3caf-c0e39a2a600e" testName="GameBoy.Tests.Mbc1Tests.WriteRom_AdvancedBankingMode_Bank0AreaBanking" computerName="pkrvm7jw40e0xgp" duration="00:00:00.0145902" startTime="2025-09-08T21:55:52.3580488+00:00" endTime="2025-09-08T21:55:52.3580489+00:00" testType="13cdc9d9-ddb5-4fa4-a97d-d965ccfc6d4b" outcome="Passed" testListId="8c84fa94-04c1-424b-9868-57a2d4851a1d" relativeResultsDirectory="df518a92-8be3-44c4-9953-135268910e66" />
    <UnitTestResult executionId="b492d103-8018-45c9-a7f6-3ed2e723a9c0" testId="aa868f13-f5bb-fc20-4fe5-4cc0d9310ff0" testName="GameBoy.Tests.CartridgeMmuIntegrationTests.Mmu_WordOperations_WorkWithCartridge" computerName="pkrvm7jw40e0xgp" duration="00:00:00.0017007" startTime="2025-09-08T21:55:52.4983262+00:00" endTime="2025-09-08T21:55:52.4983262+00:00" testType="13cdc9d9-ddb5-4fa4-a97d-d965ccfc6d4b" outcome="Passed" testListId="8c84fa94-04c1-424b-9868-57a2d4851a1d" relativeResultsDirectory="b492d103-8018-45c9-a7f6-3ed2e723a9c0" />
    <UnitTestResult executionId="8df066f4-fd30-4496-a4ff-5633491ef5ba" testId="3feae3b1-f4e0-e12a-31da-300a454e391b" testName="GameBoy.Tests.Integration.BlarggIntegrationTests.CpuInstrs_IndividualTests_ExecuteSuccessfully(romFile: &quot;06-ld r,r.gb&quot;, description: &quot;LD r,r instruction test&quot;)" computerName="pkrvm7jw40e0xgp" duration="00:00:00.0000178" startTime="2025-09-08T21:55:52.3920880+00:00" endTime="2025-09-08T21:55:52.3920881+00:00" testType="13cdc9d9-ddb5-4fa4-a97d-d965ccfc6d4b" outcome="Passed" testListId="8c84fa94-04c1-424b-9868-57a2d4851a1d" relativeResultsDirectory="8df066f4-fd30-4496-a4ff-5633491ef5ba" />
    <UnitTestResult executionId="1d1f8e33-052a-4932-a625-bc68e33b4b29" testId="83a2a8f8-10a0-63f7-9572-5acd26c91a73" testName="GameBoy.Tests.MmuTests.IE_RegisterSemantics_Full8BitReadWrite" computerName="pkrvm7jw40e0xgp" duration="00:00:00.0004691" startTime="2025-09-08T21:55:52.3700053+00:00" endTime="2025-09-08T21:55:52.3700053+00:00" testType="13cdc9d9-ddb5-4fa4-a97d-d965ccfc6d4b" outcome="Passed" testListId="8c84fa94-04c1-424b-9868-57a2d4851a1d" relativeResultsDirectory="1d1f8e33-052a-4932-a625-bc68e33b4b29" />
    <UnitTestResult executionId="d949d5a1-1890-42b9-a301-cd075c8bc085" testId="a3557987-9afd-3d7a-b166-2e402b2c2735" testName="GameBoy.Tests.CycleAccuracyValidationTests.AllStackOperations_TakeCorrectCycles" computerName="pkrvm7jw40e0xgp" duration="00:00:00.0010780" startTime="2025-09-08T21:55:52.5199887+00:00" endTime="2025-09-08T21:55:52.5199888+00:00" testType="13cdc9d9-ddb5-4fa4-a97d-d965ccfc6d4b" outcome="Passed" testListId="8c84fa94-04c1-424b-9868-57a2d4851a1d" relativeResultsDirectory="d949d5a1-1890-42b9-a301-cd075c8bc085" />
    <UnitTestResult executionId="726bebd8-ad2d-4430-800f-bbc9c5cb51ce" testId="6dc692d4-0494-2eee-592d-e3c2457b9840" testName="GameBoy.Tests.InterruptControllerTests.Service_ReturnsCorrectVectorAddress(interruptType: VBlank, expectedVector: 64)" computerName="pkrvm7jw40e0xgp" duration="00:00:00.0001684" startTime="2025-09-08T21:55:52.4604542+00:00" endTime="2025-09-08T21:55:52.4604543+00:00" testType="13cdc9d9-ddb5-4fa4-a97d-d965ccfc6d4b" outcome="Passed" testListId="8c84fa94-04c1-424b-9868-57a2d4851a1d" relativeResultsDirectory="726bebd8-ad2d-4430-800f-bbc9c5cb51ce" />
    <UnitTestResult executionId="0f3a9ac3-9aaa-4255-b64f-750ba858c6a1" testId="c5b4b13c-797f-5666-64b2-e0d6c527a5f7" testName="GameBoy.Tests.Mbc1Tests.WriteRom_MaxBankNumber_WorksWithinLimits" computerName="pkrvm7jw40e0xgp" duration="00:00:00.0072187" startTime="2025-09-08T21:55:52.3559100+00:00" endTime="2025-09-08T21:55:52.3559101+00:00" testType="13cdc9d9-ddb5-4fa4-a97d-d965ccfc6d4b" outcome="Passed" testListId="8c84fa94-04c1-424b-9868-57a2d4851a1d" relativeResultsDirectory="0f3a9ac3-9aaa-4255-b64f-750ba858c6a1" />
    <UnitTestResult executionId="f39a330e-f497-4ae0-b73d-b835f4a942a0" testId="c3b4d50e-4599-dc93-f787-7e638b2db9f5" testName="GameBoy.Tests.CartridgeHeaderTests.IsValidHeader_InvalidRomSizeCodes_ReturnsFalse(romSizeCode: 85)" computerName="pkrvm7jw40e0xgp" duration="00:00:00.0000094" startTime="2025-09-08T21:55:52.5415858+00:00" endTime="2025-09-08T21:55:52.5415858+00:00" testType="13cdc9d9-ddb5-4fa4-a97d-d965ccfc6d4b" outcome="Passed" testListId="8c84fa94-04c1-424b-9868-57a2d4851a1d" relativeResultsDirectory="f39a330e-f497-4ae0-b73d-b835f4a942a0" />
    <UnitTestResult executionId="160a2854-f67d-43d8-a346-90c5af4c20fd" testId="8ce87170-d45b-dd24-b50f-4a90bbbde208" testName="GameBoy.Tests.Mbc5Tests.ReadRom_LargeRomEdgeCases_HandledCorrectly" computerName="pkrvm7jw40e0xgp" duration="00:00:00.0327243" startTime="2025-09-08T21:55:52.5324446+00:00" endTime="2025-09-08T21:55:52.5324446+00:00" testType="13cdc9d9-ddb5-4fa4-a97d-d965ccfc6d4b" outcome="Passed" testListId="8c84fa94-04c1-424b-9868-57a2d4851a1d" relativeResultsDirectory="160a2854-f67d-43d8-a346-90c5af4c20fd" />
    <UnitTestResult executionId="8ba3b0e6-43ea-4fad-9288-7e5e1f52414b" testId="952e2890-324a-d838-d4b1-84d5ed86c944" testName="GameBoy.Tests.AluTests.AddWithCarry_CarryInCausesHalfCarry" computerName="pkrvm7jw40e0xgp" duration="00:00:00.0001707" startTime="2025-09-08T21:55:52.5494483+00:00" endTime="2025-09-08T21:55:52.5494483+00:00" testType="13cdc9d9-ddb5-4fa4-a97d-d965ccfc6d4b" outcome="Passed" testListId="8c84fa94-04c1-424b-9868-57a2d4851a1d" relativeResultsDirectory="8ba3b0e6-43ea-4fad-9288-7e5e1f52414b" />
    <UnitTestResult executionId="1ab66cb4-e9f0-456a-9a43-04143664fb09" testId="475d18e5-9db1-a092-702c-7aaa422889f3" testName="GameBoy.Tests.Mbc5Tests.WriteRom_StressTest_MultipleRapidSwitches" computerName="pkrvm7jw40e0xgp" duration="00:00:00.0078128" startTime="2025-09-08T21:55:52.6029420+00:00" endTime="2025-09-08T21:55:52.6029421+00:00" testType="13cdc9d9-ddb5-4fa4-a97d-d965ccfc6d4b" outcome="Passed" testListId="8c84fa94-04c1-424b-9868-57a2d4851a1d" relativeResultsDirectory="1ab66cb4-e9f0-456a-9a43-04143664fb09" />
    <UnitTestResult executionId="3f72ec85-dd4d-4914-9427-36b60aeed99b" testId="7baf866b-2944-7e03-efe6-1d77aa15c241" testName="GameBoy.Tests.Integration.MooneyeInterruptTests.Mooneye_TimerInterruptTests_ExecuteSuccessfully(category: &quot;timer&quot;, romFile: &quot;tim11.gb&quot;, description: &quot;Timer interrupt test 11&quot;)" computerName="pkrvm7jw40e0xgp" duration="00:00:00.0000143" startTime="2025-09-08T21:55:52.3073346+00:00" endTime="2025-09-08T21:55:52.3073347+00:00" testType="13cdc9d9-ddb5-4fa4-a97d-d965ccfc6d4b" outcome="Passed" testListId="8c84fa94-04c1-424b-9868-57a2d4851a1d" relativeResultsDirectory="3f72ec85-dd4d-4914-9427-36b60aeed99b" />
    <UnitTestResult executionId="d20bd615-a520-420c-8ac4-91b5c9420424" testId="5e3ab822-461a-3e5d-d729-65a3fa4eae80" testName="GameBoy.Tests.SpriteTests.FlipX_ReturnsCorrectValue(attributes: 223, expected: False)" computerName="pkrvm7jw40e0xgp" duration="00:00:00.0062078" startTime="2025-09-08T21:55:52.3461662+00:00" endTime="2025-09-08T21:55:52.3461662+00:00" testType="13cdc9d9-ddb5-4fa4-a97d-d965ccfc6d4b" outcome="Passed" testListId="8c84fa94-04c1-424b-9868-57a2d4851a1d" relativeResultsDirectory="d20bd615-a520-420c-8ac4-91b5c9420424" />
    <UnitTestResult executionId="c22428d4-e707-42aa-b161-e1bb999f1d10" testId="046f238c-cb98-b705-1764-1dc8284e8326" testName="GameBoy.Tests.Mbc5Tests.WriteRom_9BitBanking_FullRangeTest" computerName="pkrvm7jw40e0xgp" duration="00:00:00.0237885" startTime="2025-09-08T21:55:52.6283373+00:00" endTime="2025-09-08T21:55:52.6283374+00:00" testType="13cdc9d9-ddb5-4fa4-a97d-d965ccfc6d4b" outcome="Passed" testListId="8c84fa94-04c1-424b-9868-57a2d4851a1d" relativeResultsDirectory="c22428d4-e707-42aa-b161-e1bb999f1d10" />
    <UnitTestResult executionId="dc18a35d-227a-4876-ae06-7dfbcc8f16aa" testId="2bed2bee-9740-0d24-0cb3-ff5f6dbbff87" testName="GameBoy.Tests.PpuTests.VBlankPeriod_Lasts10Scanlines" computerName="pkrvm7jw40e0xgp" duration="00:00:00.0108638" startTime="2025-09-08T21:55:52.5456563+00:00" endTime="2025-09-08T21:55:52.5456564+00:00" testType="13cdc9d9-ddb5-4fa4-a97d-d965ccfc6d4b" outcome="Passed" testListId="8c84fa94-04c1-424b-9868-57a2d4851a1d" relativeResultsDirectory="dc18a35d-227a-4876-ae06-7dfbcc8f16aa" />
    <UnitTestResult executionId="c0f4565b-c3f3-43e6-b867-7450f050c93f" testId="5fca08ae-038e-7ddb-042a-d45c775cc3a2" testName="GameBoy.Tests.CartridgeTests.Detect_AllMbc3Variants_ReturnsCorrectCartridge(cartridgeType: 19)" computerName="pkrvm7jw40e0xgp" duration="00:00:00.0000710" startTime="2025-09-08T21:55:52.5137201+00:00" endTime="2025-09-08T21:55:52.5137202+00:00" testType="13cdc9d9-ddb5-4fa4-a97d-d965ccfc6d4b" outcome="Passed" testListId="8c84fa94-04c1-424b-9868-57a2d4851a1d" relativeResultsDirectory="c0f4565b-c3f3-43e6-b867-7450f050c93f" />
    <UnitTestResult executionId="ecdceee3-4fb4-4640-bdf7-e67e290672be" testId="51d07686-24c4-ee02-9f12-c31d909b6dbb" testName="GameBoy.Tests.AluTests.Add_EdgeCases_BehavesCorrectly(a: 128, operand: 128)" computerName="pkrvm7jw40e0xgp" duration="00:00:00.0002408" startTime="2025-09-08T21:55:52.5465757+00:00" endTime="2025-09-08T21:55:52.5465758+00:00" testType="13cdc9d9-ddb5-4fa4-a97d-d965ccfc6d4b" outcome="Passed" testListId="8c84fa94-04c1-424b-9868-57a2d4851a1d" relativeResultsDirectory="ecdceee3-4fb4-4640-bdf7-e67e290672be" />
    <UnitTestResult executionId="1a1570c5-4c76-4672-87ef-74c8d510c40c" testId="13726585-79dc-76dc-4242-147d93ed4993" testName="GameBoy.Tests.CycleAccuracyValidationTests.AllMemoryAccessHL_Take8Or12Cycles" computerName="pkrvm7jw40e0xgp" duration="00:00:00.0188351" startTime="2025-09-08T21:55:52.5325253+00:00" endTime="2025-09-08T21:55:52.5325254+00:00" testType="13cdc9d9-ddb5-4fa4-a97d-d965ccfc6d4b" outcome="Passed" testListId="8c84fa94-04c1-424b-9868-57a2d4851a1d" relativeResultsDirectory="1a1570c5-4c76-4672-87ef-74c8d510c40c" />
    <UnitTestResult executionId="95115a6c-b7ff-429e-8357-ef9f62a1e66e" testId="590fa9ce-f13f-ad3e-55ee-c59589170430" testName="GameBoy.Tests.SpriteTests.GetRelativeY_ReturnsCorrectValue(y: 80, scanline: 68, attributes: 0, expected: 4)" computerName="pkrvm7jw40e0xgp" duration="00:00:00.0000083" startTime="2025-09-08T21:55:52.3245035+00:00" endTime="2025-09-08T21:55:52.3245035+00:00" testType="13cdc9d9-ddb5-4fa4-a97d-d965ccfc6d4b" outcome="Passed" testListId="8c84fa94-04c1-424b-9868-57a2d4851a1d" relativeResultsDirectory="95115a6c-b7ff-429e-8357-ef9f62a1e66e" />
    <UnitTestResult executionId="de40e415-7e6e-44de-83ec-ac45c9c85906" testId="2688697e-d89d-3238-8e63-78a55baae666" testName="GameBoy.Tests.CartridgeTests.Detect_Tama5_ThrowsNotSupportedException" computerName="pkrvm7jw40e0xgp" duration="00:00:00.0004541" startTime="2025-09-08T21:55:52.5277061+00:00" endTime="2025-09-08T21:55:52.5277061+00:00" testType="13cdc9d9-ddb5-4fa4-a97d-d965ccfc6d4b" outcome="Passed" testListId="8c84fa94-04c1-424b-9868-57a2d4851a1d" relativeResultsDirectory="de40e415-7e6e-44de-83ec-ac45c9c85906" />
    <UnitTestResult executionId="2d9e3682-d5df-452d-bd5a-e4d25af0ee58" testId="2ff6e3f5-8245-a93b-a771-ea879755d58b" testName="GameBoy.Tests.InterruptControllerTests.InitializePostBiosDefaults_SetsCorrectValues" computerName="pkrvm7jw40e0xgp" duration="00:00:00.0003195" startTime="2025-09-08T21:55:52.4885301+00:00" endTime="2025-09-08T21:55:52.4885302+00:00" testType="13cdc9d9-ddb5-4fa4-a97d-d965ccfc6d4b" outcome="Passed" testListId="8c84fa94-04c1-424b-9868-57a2d4851a1d" relativeResultsDirectory="2d9e3682-d5df-452d-bd5a-e4d25af0ee58" />
    <UnitTestResult executionId="c085809f-80a6-4821-993e-12738dcd9a16" testId="7ec6547c-6e29-39e0-114d-f0c40b5d12aa" testName="GameBoy.Tests.InterruptServiceRoutineTests.HALT_Bug_DoesNotTriggerWhenNoInterruptPending" computerName="pkrvm7jw40e0xgp" duration="00:00:00.0001951" startTime="2025-09-08T21:55:52.4461560+00:00" endTime="2025-09-08T21:55:52.4461560+00:00" testType="13cdc9d9-ddb5-4fa4-a97d-d965ccfc6d4b" outcome="Passed" testListId="8c84fa94-04c1-424b-9868-57a2d4851a1d" relativeResultsDirectory="c085809f-80a6-4821-993e-12738dcd9a16" />
    <UnitTestResult executionId="5752f945-8e57-46b0-b1d2-085c64640f0a" testId="f28fb10a-940d-0bfc-c384-02fbf35a7558" testName="GameBoy.Tests.InterruptControllerTests.IF_IE_MaskingEdgeCases_SimultaneousOperations" computerName="pkrvm7jw40e0xgp" duration="00:00:00.0030244" startTime="2025-09-08T21:55:52.4744449+00:00" endTime="2025-09-08T21:55:52.4744450+00:00" testType="13cdc9d9-ddb5-4fa4-a97d-d965ccfc6d4b" outcome="Passed" testListId="8c84fa94-04c1-424b-9868-57a2d4851a1d" relativeResultsDirectory="5752f945-8e57-46b0-b1d2-085c64640f0a" />
    <UnitTestResult executionId="510ab8d2-8f28-4866-a9b7-0fb0c27ad6c4" testId="42334b4e-a9e4-fed1-ce65-dd9bb063f4ff" testName="GameBoy.Tests.CpuAddressingTests.ReadImm16Addr_ReadsFromImmediateAddress" computerName="pkrvm7jw40e0xgp" duration="00:00:00.0002068" startTime="2025-09-08T21:55:52.5341714+00:00" endTime="2025-09-08T21:55:52.5341714+00:00" testType="13cdc9d9-ddb5-4fa4-a97d-d965ccfc6d4b" outcome="Passed" testListId="8c84fa94-04c1-424b-9868-57a2d4851a1d" relativeResultsDirectory="510ab8d2-8f28-4866-a9b7-0fb0c27ad6c4" />
    <UnitTestResult executionId="9a513715-bdef-4dec-a2c4-10f497d6a3c6" testId="6a2336ec-2578-2817-5fc3-6a47f32a1060" testName="GameBoy.Tests.InterruptServiceRoutineTests.MultiplePendingInterrupts_ServicesHighestPriorityFirst" computerName="pkrvm7jw40e0xgp" duration="00:00:00.0003462" startTime="2025-09-08T21:55:52.4371489+00:00" endTime="2025-09-08T21:55:52.4371489+00:00" testType="13cdc9d9-ddb5-4fa4-a97d-d965ccfc6d4b" outcome="Passed" testListId="8c84fa94-04c1-424b-9868-57a2d4851a1d" relativeResultsDirectory="9a513715-bdef-4dec-a2c4-10f497d6a3c6" />
    <UnitTestResult executionId="825c4620-423b-4238-9272-efd535ccc416" testId="fd5425e3-dba7-3381-928e-5b748fbbc81a" testName="GameBoy.Tests.InstructionGroupTests.CB_SWAP_A_SwapsNibbles" computerName="pkrvm7jw40e0xgp" duration="00:00:00.0009475" startTime="2025-09-08T21:55:52.3459412+00:00" endTime="2025-09-08T21:55:52.3459413+00:00" testType="13cdc9d9-ddb5-4fa4-a97d-d965ccfc6d4b" outcome="Passed" testListId="8c84fa94-04c1-424b-9868-57a2d4851a1d" relativeResultsDirectory="825c4620-423b-4238-9272-efd535ccc416" />
  </Results>
  <TestDefinitions>
    <UnitTest name="GameBoy.Tests.PaletteTests.ColorProperties_ReturnCorrectValues(value: 228, color0: 0, color1: 1, color2: 2, color3: 3)" storage="/home/runner/work/blazorboy/blazorboy/src/gameboy.tests/bin/debug/net8.0/gameboy.tests.dll" id="cad9c877-ae1c-c143-4fb4-da8c2f05181d">
      <Execution id="644127bf-880d-46a2-a799-b008c6f8e520" />
      <TestMethod codeBase="/home/runner/work/BlazorBoy/BlazorBoy/src/GameBoy.Tests/bin/Debug/net8.0/GameBoy.Tests.dll" adapterTypeName="executor://xunit/VsTestRunner2/netcoreapp" className="GameBoy.Tests.PaletteTests" name="ColorProperties_ReturnCorrectValues" />
    </UnitTest>
    <UnitTest name="GameBoy.Tests.AdvancedTimingTests.ConditionalRelativeJumpNoCarryTaken_Takes12Cycles" storage="/home/runner/work/blazorboy/blazorboy/src/gameboy.tests/bin/debug/net8.0/gameboy.tests.dll" id="93ba5e1b-b417-3fca-4829-8fc08c6b3060">
      <Execution id="d34cf38e-d3cf-4600-a3b6-ebf4c5dd932f" />
      <TestMethod codeBase="/home/runner/work/BlazorBoy/BlazorBoy/src/GameBoy.Tests/bin/Debug/net8.0/GameBoy.Tests.dll" adapterTypeName="executor://xunit/VsTestRunner2/netcoreapp" className="GameBoy.Tests.AdvancedTimingTests" name="ConditionalRelativeJumpNoCarryTaken_Takes12Cycles" />
    </UnitTest>
    <UnitTest name="GameBoy.Tests.InterruptControllerTests.Request_SetsCorrectIFBit(interruptType: Serial, expectedBit: 8)" storage="/home/runner/work/blazorboy/blazorboy/src/gameboy.tests/bin/debug/net8.0/gameboy.tests.dll" id="d60d487b-1af3-e84a-4f85-46950aaaae39">
      <Execution id="0369729c-08b1-4b5c-8a42-f36a342a8abc" />
      <TestMethod codeBase="/home/runner/work/BlazorBoy/BlazorBoy/src/GameBoy.Tests/bin/Debug/net8.0/GameBoy.Tests.dll" adapterTypeName="executor://xunit/VsTestRunner2/netcoreapp" className="GameBoy.Tests.InterruptControllerTests" name="Request_SetsCorrectIFBit" />
    </UnitTest>
    <UnitTest name="GameBoy.Tests.CycleAccuracyValidationTests.All16BitOperations_Take8Cycles" storage="/home/runner/work/blazorboy/blazorboy/src/gameboy.tests/bin/debug/net8.0/gameboy.tests.dll" id="e98b7070-07ac-5d2f-0d91-713b7a047351">
      <Execution id="6aa6aec0-e3b5-4c06-a5a3-089caea6d26b" />
      <TestMethod codeBase="/home/runner/work/BlazorBoy/BlazorBoy/src/GameBoy.Tests/bin/Debug/net8.0/GameBoy.Tests.dll" adapterTypeName="executor://xunit/VsTestRunner2/netcoreapp" className="GameBoy.Tests.CycleAccuracyValidationTests" name="All16BitOperations_Take8Cycles" />
    </UnitTest>
    <UnitTest name="GameBoy.Tests.DmaTests.DMA_MultipleTransfers_WorksCorrectly" storage="/home/runner/work/blazorboy/blazorboy/src/gameboy.tests/bin/debug/net8.0/gameboy.tests.dll" id="7c53a39d-10a0-cbe4-6d5d-e706532ae423">
      <Execution id="0fce52ce-6186-4c2c-b9d7-622186d34390" />
      <TestMethod codeBase="/home/runner/work/BlazorBoy/BlazorBoy/src/GameBoy.Tests/bin/Debug/net8.0/GameBoy.Tests.dll" adapterTypeName="executor://xunit/VsTestRunner2/netcoreapp" className="GameBoy.Tests.DmaTests" name="DMA_MultipleTransfers_WorksCorrectly" />
    </UnitTest>
    <UnitTest name="GameBoy.Tests.InterruptIntegrationTests.SubsystemInterrupts_OnlyTriggerUnderCorrectConditions" storage="/home/runner/work/blazorboy/blazorboy/src/gameboy.tests/bin/debug/net8.0/gameboy.tests.dll" id="b8d07b20-a1b2-a1ab-8c1f-c35c7f402caf">
      <Execution id="7b295b58-9ca4-419a-8413-00589097af9f" />
      <TestMethod codeBase="/home/runner/work/BlazorBoy/BlazorBoy/src/GameBoy.Tests/bin/Debug/net8.0/GameBoy.Tests.dll" adapterTypeName="executor://xunit/VsTestRunner2/netcoreapp" className="GameBoy.Tests.InterruptIntegrationTests" name="SubsystemInterrupts_OnlyTriggerUnderCorrectConditions" />
    </UnitTest>
    <UnitTest name="GameBoy.Tests.MmuTests.IF_WriteMasksToLower5Bits" storage="/home/runner/work/blazorboy/blazorboy/src/gameboy.tests/bin/debug/net8.0/gameboy.tests.dll" id="b9c40b62-f47a-cee1-575f-a163f569bddb">
      <Execution id="614e6c99-1bfd-4dd6-87f5-3e7906e4fc04" />
      <TestMethod codeBase="/home/runner/work/BlazorBoy/BlazorBoy/src/GameBoy.Tests/bin/Debug/net8.0/GameBoy.Tests.dll" adapterTypeName="executor://xunit/VsTestRunner2/netcoreapp" className="GameBoy.Tests.MmuTests" name="IF_WriteMasksToLower5Bits" />
    </UnitTest>
    <UnitTest name="GameBoy.Tests.MmuTests.Unstubbed_IORegisters_WritesIgnored" storage="/home/runner/work/blazorboy/blazorboy/src/gameboy.tests/bin/debug/net8.0/gameboy.tests.dll" id="c49e2d00-a0d3-4c30-1fc8-7297b872142a">
      <Execution id="464cb9d6-6a17-435e-bb41-c9e955c79c17" />
      <TestMethod codeBase="/home/runner/work/BlazorBoy/BlazorBoy/src/GameBoy.Tests/bin/Debug/net8.0/GameBoy.Tests.dll" adapterTypeName="executor://xunit/VsTestRunner2/netcoreapp" className="GameBoy.Tests.MmuTests" name="Unstubbed_IORegisters_WritesIgnored" />
    </UnitTest>
    <UnitTest name="GameBoy.Tests.CartridgeHeaderTests.Parse_ValidRom_ParsesHeaderCorrectly" storage="/home/runner/work/blazorboy/blazorboy/src/gameboy.tests/bin/debug/net8.0/gameboy.tests.dll" id="a6121617-b4c3-5aa2-fa38-ce9a01f41108">
      <Execution id="1b8a62d4-141b-4194-b91f-003eec55df83" />
      <TestMethod codeBase="/home/runner/work/BlazorBoy/BlazorBoy/src/GameBoy.Tests/bin/Debug/net8.0/GameBoy.Tests.dll" adapterTypeName="executor://xunit/VsTestRunner2/netcoreapp" className="GameBoy.Tests.CartridgeHeaderTests" name="Parse_ValidRom_ParsesHeaderCorrectly" />
    </UnitTest>
    <UnitTest name="GameBoy.Tests.EmulatorMbcIntegrationTests.Emulator_BatteryRam_NonBatteryCartridge_ReturnsNull" storage="/home/runner/work/blazorboy/blazorboy/src/gameboy.tests/bin/debug/net8.0/gameboy.tests.dll" id="77182e8d-b8f8-e457-3fae-28dfdff8725f">
      <Execution id="2b129dd2-da0f-4e0b-96e0-6ae781bf5237" />
      <TestMethod codeBase="/home/runner/work/BlazorBoy/BlazorBoy/src/GameBoy.Tests/bin/Debug/net8.0/GameBoy.Tests.dll" adapterTypeName="executor://xunit/VsTestRunner2/netcoreapp" className="GameBoy.Tests.EmulatorMbcIntegrationTests" name="Emulator_BatteryRam_NonBatteryCartridge_ReturnsNull" />
    </UnitTest>
    <UnitTest name="GameBoy.Tests.SpriteTests.FlipY_ReturnsCorrectValue(attributes: 191, expected: False)" storage="/home/runner/work/blazorboy/blazorboy/src/gameboy.tests/bin/debug/net8.0/gameboy.tests.dll" id="681c47c3-37e7-3071-42fb-849589f54bf3">
      <Execution id="bc0635df-51b6-4009-9178-67b3d127d342" />
      <TestMethod codeBase="/home/runner/work/BlazorBoy/BlazorBoy/src/GameBoy.Tests/bin/Debug/net8.0/GameBoy.Tests.dll" adapterTypeName="executor://xunit/VsTestRunner2/netcoreapp" className="GameBoy.Tests.SpriteTests" name="FlipY_ReturnsCorrectValue" />
    </UnitTest>
    <UnitTest name="GameBoy.Tests.MmuTests.DMA_WriteAndRead" storage="/home/runner/work/blazorboy/blazorboy/src/gameboy.tests/bin/debug/net8.0/gameboy.tests.dll" id="47f9bf91-a312-60de-4a04-0ac4673159a6">
      <Execution id="29a82e3e-416c-4c3d-9d64-3edd762c1e22" />
      <TestMethod codeBase="/home/runner/work/BlazorBoy/BlazorBoy/src/GameBoy.Tests/bin/Debug/net8.0/GameBoy.Tests.dll" adapterTypeName="executor://xunit/VsTestRunner2/netcoreapp" className="GameBoy.Tests.MmuTests" name="DMA_WriteAndRead" />
    </UnitTest>
    <UnitTest name="GameBoy.Tests.SpriteTests.ScreenX_ReturnsCorrectPosition(x: 0, expectedScreenX: -8)" storage="/home/runner/work/blazorboy/blazorboy/src/gameboy.tests/bin/debug/net8.0/gameboy.tests.dll" id="bdd2e866-be7e-43c1-5732-462b63d4bccc">
      <Execution id="8b01b6f3-5c47-46a6-a87b-86f7982e60ed" />
      <TestMethod codeBase="/home/runner/work/BlazorBoy/BlazorBoy/src/GameBoy.Tests/bin/Debug/net8.0/GameBoy.Tests.dll" adapterTypeName="executor://xunit/VsTestRunner2/netcoreapp" className="GameBoy.Tests.SpriteTests" name="ScreenX_ReturnsCorrectPosition" />
    </UnitTest>
    <UnitTest name="GameBoy.Tests.Mbc3Tests.ExternalRam_RamBanking_WorksCorrectly" storage="/home/runner/work/blazorboy/blazorboy/src/gameboy.tests/bin/debug/net8.0/gameboy.tests.dll" id="e0a8665e-5aca-ffd8-10a2-2a5ee0aa5dd8">
      <Execution id="117dd270-43d0-48c1-a543-b4ff4661ea52" />
      <TestMethod codeBase="/home/runner/work/BlazorBoy/BlazorBoy/src/GameBoy.Tests/bin/Debug/net8.0/GameBoy.Tests.dll" adapterTypeName="executor://xunit/VsTestRunner2/netcoreapp" className="GameBoy.Tests.Mbc3Tests" name="ExternalRam_RamBanking_WorksCorrectly" />
    </UnitTest>
    <UnitTest name="GameBoy.Tests.InterruptControllerTests.TryGetPending_ComplexPriorityScenarios" storage="/home/runner/work/blazorboy/blazorboy/src/gameboy.tests/bin/debug/net8.0/gameboy.tests.dll" id="5c3cf070-0255-b6f7-ef4b-e6356d49c1b0">
      <Execution id="c6bd6dba-fe9b-43af-a116-30d545a791be" />
      <TestMethod codeBase="/home/runner/work/BlazorBoy/BlazorBoy/src/GameBoy.Tests/bin/Debug/net8.0/GameBoy.Tests.dll" adapterTypeName="executor://xunit/VsTestRunner2/netcoreapp" className="GameBoy.Tests.InterruptControllerTests" name="TryGetPending_ComplexPriorityScenarios" />
    </UnitTest>
    <UnitTest name="GameBoy.Tests.CartridgeMmuIntegrationTests.Mmu_WriteByte_RoutesToCartridgeRom" storage="/home/runner/work/blazorboy/blazorboy/src/gameboy.tests/bin/debug/net8.0/gameboy.tests.dll" id="00713273-ffaf-eabf-2926-cb2bda7c8482">
      <Execution id="686c7770-5a37-4e90-b9a2-24c20da7b615" />
      <TestMethod codeBase="/home/runner/work/BlazorBoy/BlazorBoy/src/GameBoy.Tests/bin/Debug/net8.0/GameBoy.Tests.dll" adapterTypeName="executor://xunit/VsTestRunner2/netcoreapp" className="GameBoy.Tests.CartridgeMmuIntegrationTests" name="Mmu_WriteByte_RoutesToCartridgeRom" />
    </UnitTest>
    <UnitTest name="GameBoy.Tests.SpriteTests.IsVisibleOnScanline_ReturnsCorrectValue(y: 80, scanline: 70, spriteHeight: 16, expected: True)" storage="/home/runner/work/blazorboy/blazorboy/src/gameboy.tests/bin/debug/net8.0/gameboy.tests.dll" id="cac0c0dd-e644-887a-03b7-3c56bc6a3597">
      <Execution id="ef232d1c-2544-421f-a9ff-8679e95feac6" />
      <TestMethod codeBase="/home/runner/work/BlazorBoy/BlazorBoy/src/GameBoy.Tests/bin/Debug/net8.0/GameBoy.Tests.dll" adapterTypeName="executor://xunit/VsTestRunner2/netcoreapp" className="GameBoy.Tests.SpriteTests" name="IsVisibleOnScanline_ReturnsCorrectValue" />
    </UnitTest>
    <UnitTest name="GameBoy.Tests.InterruptControllerTests.IE_SetAndRead_ReturnsExactValue(value: 1)" storage="/home/runner/work/blazorboy/blazorboy/src/gameboy.tests/bin/debug/net8.0/gameboy.tests.dll" id="ba803ee0-320b-0e1b-48e0-1c274b297671">
      <Execution id="a0f41290-2683-4671-aad9-1a2f4f6b3350" />
      <TestMethod codeBase="/home/runner/work/BlazorBoy/BlazorBoy/src/GameBoy.Tests/bin/Debug/net8.0/GameBoy.Tests.dll" adapterTypeName="executor://xunit/VsTestRunner2/netcoreapp" className="GameBoy.Tests.InterruptControllerTests" name="IE_SetAndRead_ReturnsExactValue" />
    </UnitTest>
    <UnitTest name="GameBoy.Tests.PaletteTests.ToString_ReturnsDescriptiveString" storage="/home/runner/work/blazorboy/blazorboy/src/gameboy.tests/bin/debug/net8.0/gameboy.tests.dll" id="badbbbda-0e1d-8c10-9827-8bbdb332c8c2">
      <Execution id="1d6ca9bb-bb3a-4a77-9fea-4619a42e105a" />
      <TestMethod codeBase="/home/runner/work/BlazorBoy/BlazorBoy/src/GameBoy.Tests/bin/Debug/net8.0/GameBoy.Tests.dll" adapterTypeName="executor://xunit/VsTestRunner2/netcoreapp" className="GameBoy.Tests.PaletteTests" name="ToString_ReturnsDescriptiveString" />
    </UnitTest>
    <UnitTest name="GameBoy.Tests.CartridgeHeaderTests.RomSize_CalculatesCorrectSizeForStandardCodes(code: 8, expectedSize: 8388608)" storage="/home/runner/work/blazorboy/blazorboy/src/gameboy.tests/bin/debug/net8.0/gameboy.tests.dll" id="12094dc9-7f3b-3b43-56c7-cfacac39a0fa">
      <Execution id="94398d09-76f6-4de3-a9f9-2a21f189c928" />
      <TestMethod codeBase="/home/runner/work/BlazorBoy/BlazorBoy/src/GameBoy.Tests/bin/Debug/net8.0/GameBoy.Tests.dll" adapterTypeName="executor://xunit/VsTestRunner2/netcoreapp" className="GameBoy.Tests.CartridgeHeaderTests" name="RomSize_CalculatesCorrectSizeForStandardCodes" />
    </UnitTest>
    <UnitTest name="GameBoy.Tests.InstructionTimingTests.PushRegister_Takes16Cycles" storage="/home/runner/work/blazorboy/blazorboy/src/gameboy.tests/bin/debug/net8.0/gameboy.tests.dll" id="eb8c6259-f184-fb1a-c0c8-fcba52cc7fdb">
      <Execution id="7a6d9345-fcce-4cf1-9a59-caf9d66ccad1" />
      <TestMethod codeBase="/home/runner/work/BlazorBoy/BlazorBoy/src/GameBoy.Tests/bin/Debug/net8.0/GameBoy.Tests.dll" adapterTypeName="executor://xunit/VsTestRunner2/netcoreapp" className="GameBoy.Tests.InstructionTimingTests" name="PushRegister_Takes16Cycles" />
    </UnitTest>
    <UnitTest name="GameBoy.Tests.Mbc5Tests.ReadRom_Bank0_ReadsFromFixedBank" storage="/home/runner/work/blazorboy/blazorboy/src/gameboy.tests/bin/debug/net8.0/gameboy.tests.dll" id="5f20123c-8ed0-bc94-a059-9424476978ee">
      <Execution id="4a9f109f-97c0-408f-ac03-03f3d689b9c4" />
      <TestMethod codeBase="/home/runner/work/BlazorBoy/BlazorBoy/src/GameBoy.Tests/bin/Debug/net8.0/GameBoy.Tests.dll" adapterTypeName="executor://xunit/VsTestRunner2/netcoreapp" className="GameBoy.Tests.Mbc5Tests" name="ReadRom_Bank0_ReadsFromFixedBank" />
    </UnitTest>
    <UnitTest name="GameBoy.Tests.InterruptControllerTests.Service_MultipleInterrupts_ClearsOnlySpecifiedBit" storage="/home/runner/work/blazorboy/blazorboy/src/gameboy.tests/bin/debug/net8.0/gameboy.tests.dll" id="99d32ba4-2c30-d552-47e2-efce1533c384">
      <Execution id="4b1afedc-92fb-4a4c-abab-01190cfc263d" />
      <TestMethod codeBase="/home/runner/work/BlazorBoy/BlazorBoy/src/GameBoy.Tests/bin/Debug/net8.0/GameBoy.Tests.dll" adapterTypeName="executor://xunit/VsTestRunner2/netcoreapp" className="GameBoy.Tests.InterruptControllerTests" name="Service_MultipleInterrupts_ClearsOnlySpecifiedBit" />
    </UnitTest>
    <UnitTest name="GameBoy.Tests.CartridgeHeaderTests.Title_WithSpecialCharacters_HandlesCorrectly" storage="/home/runner/work/blazorboy/blazorboy/src/gameboy.tests/bin/debug/net8.0/gameboy.tests.dll" id="4316baa3-f969-5699-9071-8d86a141c6c5">
      <Execution id="ac23c808-5db9-4ed2-addc-e0302ba3877f" />
      <TestMethod codeBase="/home/runner/work/BlazorBoy/BlazorBoy/src/GameBoy.Tests/bin/Debug/net8.0/GameBoy.Tests.dll" adapterTypeName="executor://xunit/VsTestRunner2/netcoreapp" className="GameBoy.Tests.CartridgeHeaderTests" name="Title_WithSpecialCharacters_HandlesCorrectly" />
    </UnitTest>
    <UnitTest name="GameBoy.Tests.Mbc5Tests.ExternalRam_OutOfBounds_ReturnsFF" storage="/home/runner/work/blazorboy/blazorboy/src/gameboy.tests/bin/debug/net8.0/gameboy.tests.dll" id="761e19f4-3a0f-4f27-9f65-eb8b8251edf9">
      <Execution id="8c011053-0c26-4e83-a07c-d37443f86b13" />
      <TestMethod codeBase="/home/runner/work/BlazorBoy/BlazorBoy/src/GameBoy.Tests/bin/Debug/net8.0/GameBoy.Tests.dll" adapterTypeName="executor://xunit/VsTestRunner2/netcoreapp" className="GameBoy.Tests.Mbc5Tests" name="ExternalRam_OutOfBounds_ReturnsFF" />
    </UnitTest>
    <UnitTest name="GameBoy.Tests.Mbc5Tests.ExternalRam_Max16Banks_WorksCorrectly" storage="/home/runner/work/blazorboy/blazorboy/src/gameboy.tests/bin/debug/net8.0/gameboy.tests.dll" id="08d7c887-cfdb-91f7-a4d3-c86efbebb1e3">
      <Execution id="a1581509-f1af-46a9-b89b-9bc833467519" />
      <TestMethod codeBase="/home/runner/work/BlazorBoy/BlazorBoy/src/GameBoy.Tests/bin/Debug/net8.0/GameBoy.Tests.dll" adapterTypeName="executor://xunit/VsTestRunner2/netcoreapp" className="GameBoy.Tests.Mbc5Tests" name="ExternalRam_Max16Banks_WorksCorrectly" />
    </UnitTest>
    <UnitTest name="GameBoy.Tests.CartridgeHeaderTests.RomSize_InvalidCodes_DefaultsTo32KB(code: 81)" storage="/home/runner/work/blazorboy/blazorboy/src/gameboy.tests/bin/debug/net8.0/gameboy.tests.dll" id="a3d01c83-e6c8-c87f-c8ab-1076eaff97bc">
      <Execution id="5f35ebf6-27ee-46cb-a9e7-42762f54339f" />
      <TestMethod codeBase="/home/runner/work/BlazorBoy/BlazorBoy/src/GameBoy.Tests/bin/Debug/net8.0/GameBoy.Tests.dll" adapterTypeName="executor://xunit/VsTestRunner2/netcoreapp" className="GameBoy.Tests.CartridgeHeaderTests" name="RomSize_InvalidCodes_DefaultsTo32KB" />
    </UnitTest>
    <UnitTest name="GameBoy.Tests.LcdcTests.UsesSignedTileIndexing_ReturnsCorrectValue(value: 16, expected: False)" storage="/home/runner/work/blazorboy/blazorboy/src/gameboy.tests/bin/debug/net8.0/gameboy.tests.dll" id="81be8360-6c6f-5bd5-80c8-11f7c0b9be00">
      <Execution id="864b9511-4d9c-4107-a72e-d0c54b3e16e2" />
      <TestMethod codeBase="/home/runner/work/BlazorBoy/BlazorBoy/src/GameBoy.Tests/bin/Debug/net8.0/GameBoy.Tests.dll" adapterTypeName="executor://xunit/VsTestRunner2/netcoreapp" className="GameBoy.Tests.LcdcTests" name="UsesSignedTileIndexing_ReturnsCorrectValue" />
    </UnitTest>
    <UnitTest name="GameBoy.Tests.CartridgeTests.Detect_HuC1_ThrowsNotSupportedException" storage="/home/runner/work/blazorboy/blazorboy/src/gameboy.tests/bin/debug/net8.0/gameboy.tests.dll" id="273780bc-9d35-9771-839e-50ffbcedd9a6">
      <Execution id="f3e396c7-883f-43ca-a637-6fe9406ff857" />
      <TestMethod codeBase="/home/runner/work/BlazorBoy/BlazorBoy/src/GameBoy.Tests/bin/Debug/net8.0/GameBoy.Tests.dll" adapterTypeName="executor://xunit/VsTestRunner2/netcoreapp" className="GameBoy.Tests.CartridgeTests" name="Detect_HuC1_ThrowsNotSupportedException" />
    </UnitTest>
    <UnitTest name="GameBoy.Tests.InstructionTimingTests.Halt_Takes4Cycles" storage="/home/runner/work/blazorboy/blazorboy/src/gameboy.tests/bin/debug/net8.0/gameboy.tests.dll" id="e253319a-d2f6-01de-d58d-974f04ada38c">
      <Execution id="9d893410-a4e1-4093-8bca-90aa611e77bb" />
      <TestMethod codeBase="/home/runner/work/BlazorBoy/BlazorBoy/src/GameBoy.Tests/bin/Debug/net8.0/GameBoy.Tests.dll" adapterTypeName="executor://xunit/VsTestRunner2/netcoreapp" className="GameBoy.Tests.InstructionTimingTests" name="Halt_Takes4Cycles" />
    </UnitTest>
    <UnitTest name="GameBoy.Tests.DmaTests.DMA_InvalidSources_HandledGracefully(dmaValue: 254)" storage="/home/runner/work/blazorboy/blazorboy/src/gameboy.tests/bin/debug/net8.0/gameboy.tests.dll" id="b0bfee2f-58e0-4f32-8d2c-9ee903141b3a">
      <Execution id="cdc170de-25c9-4127-8cb5-f48580dcdc44" />
      <TestMethod codeBase="/home/runner/work/BlazorBoy/BlazorBoy/src/GameBoy.Tests/bin/Debug/net8.0/GameBoy.Tests.dll" adapterTypeName="executor://xunit/VsTestRunner2/netcoreapp" className="GameBoy.Tests.DmaTests" name="DMA_InvalidSources_HandledGracefully" />
    </UnitTest>
    <UnitTest name="GameBoy.Tests.TestResetBehavior.Reset_RestoresAllIORegisterDefaults" storage="/home/runner/work/blazorboy/blazorboy/src/gameboy.tests/bin/debug/net8.0/gameboy.tests.dll" id="0ef137cf-3441-6ca1-8a80-9137dfd5bd2c">
      <Execution id="a0b17b1d-d6c0-4110-93bc-4a7cf8b1a2c2" />
      <TestMethod codeBase="/home/runner/work/BlazorBoy/BlazorBoy/src/GameBoy.Tests/bin/Debug/net8.0/GameBoy.Tests.dll" adapterTypeName="executor://xunit/VsTestRunner2/netcoreapp" className="GameBoy.Tests.TestResetBehavior" name="Reset_RestoresAllIORegisterDefaults" />
    </UnitTest>
    <UnitTest name="GameBoy.Tests.CpuAddressingTests.WriteHL_WritesToHLAddress" storage="/home/runner/work/blazorboy/blazorboy/src/gameboy.tests/bin/debug/net8.0/gameboy.tests.dll" id="4c340c87-3d3f-f687-2b3d-025b42c09c7e">
      <Execution id="db4fb87e-267b-4a60-9119-80304a064d60" />
      <TestMethod codeBase="/home/runner/work/BlazorBoy/BlazorBoy/src/GameBoy.Tests/bin/Debug/net8.0/GameBoy.Tests.dll" adapterTypeName="executor://xunit/VsTestRunner2/netcoreapp" className="GameBoy.Tests.CpuAddressingTests" name="WriteHL_WritesToHLAddress" />
    </UnitTest>
    <UnitTest name="GameBoy.Tests.Integration.MooneyeInterruptTests.Mooneye_InterruptTests_ExecuteSuccessfully(category: &quot;interrupts&quot;, romFile: &quot;intr_timing.gb&quot;, description: &quot;Interrupt timing test&quot;)" storage="/home/runner/work/blazorboy/blazorboy/src/gameboy.tests/bin/debug/net8.0/gameboy.tests.dll" id="af20d9af-2e10-1367-1655-61d51d2f3cc1">
      <Execution id="88a626fb-4db0-40e1-b49a-28cedee7193b" />
      <TestMethod codeBase="/home/runner/work/BlazorBoy/BlazorBoy/src/GameBoy.Tests/bin/Debug/net8.0/GameBoy.Tests.dll" adapterTypeName="executor://xunit/VsTestRunner2/netcoreapp" className="GameBoy.Tests.Integration.MooneyeInterruptTests" name="Mooneye_InterruptTests_ExecuteSuccessfully" />
    </UnitTest>
    <UnitTest name="GameBoy.Tests.InterruptServiceRoutineTests.HALT_Bug_DoesNotTriggerWhenIMEEnabled" storage="/home/runner/work/blazorboy/blazorboy/src/gameboy.tests/bin/debug/net8.0/gameboy.tests.dll" id="691b246d-87d4-c3da-77b1-b99ceaa91e23">
      <Execution id="8684e09f-8360-4860-8783-d8a227dccce5" />
      <TestMethod codeBase="/home/runner/work/BlazorBoy/BlazorBoy/src/GameBoy.Tests/bin/Debug/net8.0/GameBoy.Tests.dll" adapterTypeName="executor://xunit/VsTestRunner2/netcoreapp" className="GameBoy.Tests.InterruptServiceRoutineTests" name="HALT_Bug_DoesNotTriggerWhenIMEEnabled" />
    </UnitTest>
    <UnitTest name="GameBoy.Tests.Integration.MooneyeInterruptTests.Mooneye_PPUInterruptTests_ExecuteSuccessfully(category: &quot;ppu&quot;, romFile: &quot;hblank_ly_scx_timing-GS.gb&quot;, description: &quot;H-blank LY SCX timing interrupt&quot;)" storage="/home/runner/work/blazorboy/blazorboy/src/gameboy.tests/bin/debug/net8.0/gameboy.tests.dll" id="7386db50-75f2-d6ca-827c-40a924671b76">
      <Execution id="8baf9ffc-765d-4a81-a911-226361609f40" />
      <TestMethod codeBase="/home/runner/work/BlazorBoy/BlazorBoy/src/GameBoy.Tests/bin/Debug/net8.0/GameBoy.Tests.dll" adapterTypeName="executor://xunit/VsTestRunner2/netcoreapp" className="GameBoy.Tests.Integration.MooneyeInterruptTests" name="Mooneye_PPUInterruptTests_ExecuteSuccessfully" />
    </UnitTest>
    <UnitTest name="GameBoy.Tests.InterruptControllerTests.IF_SetAndRead_ReturnsCorrectValues(setValue: 4, expectedRead: 228)" storage="/home/runner/work/blazorboy/blazorboy/src/gameboy.tests/bin/debug/net8.0/gameboy.tests.dll" id="3bd0ebfe-701e-49bf-4c47-56d4757801ab">
      <Execution id="a3684c5d-22da-4506-bd81-5b6f58422a15" />
      <TestMethod codeBase="/home/runner/work/BlazorBoy/BlazorBoy/src/GameBoy.Tests/bin/Debug/net8.0/GameBoy.Tests.dll" adapterTypeName="executor://xunit/VsTestRunner2/netcoreapp" className="GameBoy.Tests.InterruptControllerTests" name="IF_SetAndRead_ReturnsCorrectValues" />
    </UnitTest>
    <UnitTest name="GameBoy.Tests.LcdcTests.BgTileMapBase_ReturnsCorrectAddress(value: 8, expected: 39936)" storage="/home/runner/work/blazorboy/blazorboy/src/gameboy.tests/bin/debug/net8.0/gameboy.tests.dll" id="4b5083c8-1e6c-e8fd-97d7-527918d71c5d">
      <Execution id="11f98afb-b354-4e36-8079-fe61699f9956" />
      <TestMethod codeBase="/home/runner/work/BlazorBoy/BlazorBoy/src/GameBoy.Tests/bin/Debug/net8.0/GameBoy.Tests.dll" adapterTypeName="executor://xunit/VsTestRunner2/netcoreapp" className="GameBoy.Tests.LcdcTests" name="BgTileMapBase_ReturnsCorrectAddress" />
    </UnitTest>
    <UnitTest name="GameBoy.Tests.CartridgeTests.Detect_AllMbc5Variants_ReturnsCorrectCartridge(cartridgeType: 26)" storage="/home/runner/work/blazorboy/blazorboy/src/gameboy.tests/bin/debug/net8.0/gameboy.tests.dll" id="8f9f63db-2214-9cab-2eef-1fb3bb4b65a4">
      <Execution id="06b300d7-07a6-4c5a-a189-0fcadd1c0371" />
      <TestMethod codeBase="/home/runner/work/BlazorBoy/BlazorBoy/src/GameBoy.Tests/bin/Debug/net8.0/GameBoy.Tests.dll" adapterTypeName="executor://xunit/VsTestRunner2/netcoreapp" className="GameBoy.Tests.CartridgeTests" name="Detect_AllMbc5Variants_ReturnsCorrectCartridge" />
    </UnitTest>
    <UnitTest name="GameBoy.Tests.DmaTests.DMA_InvalidSources_HandledGracefully(dmaValue: 224)" storage="/home/runner/work/blazorboy/blazorboy/src/gameboy.tests/bin/debug/net8.0/gameboy.tests.dll" id="659ecd98-a5e7-1e66-839c-37373bcb6fc9">
      <Execution id="94c63ba4-94c7-4715-9f81-e1d96abc9aa2" />
      <TestMethod codeBase="/home/runner/work/BlazorBoy/BlazorBoy/src/GameBoy.Tests/bin/Debug/net8.0/GameBoy.Tests.dll" adapterTypeName="executor://xunit/VsTestRunner2/netcoreapp" className="GameBoy.Tests.DmaTests" name="DMA_InvalidSources_HandledGracefully" />
    </UnitTest>
    <UnitTest name="GameBoy.Tests.AluTests.And_AllBitsSet_CorrectFlags" storage="/home/runner/work/blazorboy/blazorboy/src/gameboy.tests/bin/debug/net8.0/gameboy.tests.dll" id="c5d5dca8-20f3-03e1-200f-cb046ece2686">
      <Execution id="d6d3cf5c-3380-477f-a13a-2908ff422c8e" />
      <TestMethod codeBase="/home/runner/work/BlazorBoy/BlazorBoy/src/GameBoy.Tests/bin/Debug/net8.0/GameBoy.Tests.dll" adapterTypeName="executor://xunit/VsTestRunner2/netcoreapp" className="GameBoy.Tests.AluTests" name="And_AllBitsSet_CorrectFlags" />
    </UnitTest>
    <UnitTest name="GameBoy.Tests.CartridgeTests.Detect_AllMbc1Variants_ReturnsCorrectCartridge(cartridgeType: 1)" storage="/home/runner/work/blazorboy/blazorboy/src/gameboy.tests/bin/debug/net8.0/gameboy.tests.dll" id="549f0cfe-5be8-1f18-0e68-76f3843fd943">
      <Execution id="092e15b4-b62f-458c-a040-1b42b75cbd0e" />
      <TestMethod codeBase="/home/runner/work/BlazorBoy/BlazorBoy/src/GameBoy.Tests/bin/Debug/net8.0/GameBoy.Tests.dll" adapterTypeName="executor://xunit/VsTestRunner2/netcoreapp" className="GameBoy.Tests.CartridgeTests" name="Detect_AllMbc1Variants_ReturnsCorrectCartridge" />
    </UnitTest>
    <UnitTest name="GameBoy.Tests.CpuAddressingTests.WriteHighC_WritesToHighRAMPlusCRegister" storage="/home/runner/work/blazorboy/blazorboy/src/gameboy.tests/bin/debug/net8.0/gameboy.tests.dll" id="836481c2-6b48-55dc-f9b3-7b7da164df37">
      <Execution id="50b12a44-a6ba-486c-8af2-a92d7ea3897f" />
      <TestMethod codeBase="/home/runner/work/BlazorBoy/BlazorBoy/src/GameBoy.Tests/bin/Debug/net8.0/GameBoy.Tests.dll" adapterTypeName="executor://xunit/VsTestRunner2/netcoreapp" className="GameBoy.Tests.CpuAddressingTests" name="WriteHighC_WritesToHighRAMPlusCRegister" />
    </UnitTest>
    <UnitTest name="GameBoy.Tests.AluTests.Compare_ALarger_NoFlags" storage="/home/runner/work/blazorboy/blazorboy/src/gameboy.tests/bin/debug/net8.0/gameboy.tests.dll" id="3a29f211-7674-9650-3e55-43bb4ee5e34c">
      <Execution id="ce01d8de-4380-4dbc-8d3f-9726ed9f6399" />
      <TestMethod codeBase="/home/runner/work/BlazorBoy/BlazorBoy/src/GameBoy.Tests/bin/Debug/net8.0/GameBoy.Tests.dll" adapterTypeName="executor://xunit/VsTestRunner2/netcoreapp" className="GameBoy.Tests.AluTests" name="Compare_ALarger_NoFlags" />
    </UnitTest>
    <UnitTest name="GameBoy.Tests.Mbc5Tests.WriteRom_UnusedRanges_IgnoredCorrectly" storage="/home/runner/work/blazorboy/blazorboy/src/gameboy.tests/bin/debug/net8.0/gameboy.tests.dll" id="0d5a7d16-1b49-533d-395a-8b9c7d4f8bf2">
      <Execution id="e5b26186-5588-4610-afb7-f38087e5044a" />
      <TestMethod codeBase="/home/runner/work/BlazorBoy/BlazorBoy/src/GameBoy.Tests/bin/Debug/net8.0/GameBoy.Tests.dll" adapterTypeName="executor://xunit/VsTestRunner2/netcoreapp" className="GameBoy.Tests.Mbc5Tests" name="WriteRom_UnusedRanges_IgnoredCorrectly" />
    </UnitTest>
    <UnitTest name="GameBoy.Tests.Integration.CpuInstructionTests.LDH_A_a8_LoadsFromHighMemory" storage="/home/runner/work/blazorboy/blazorboy/src/gameboy.tests/bin/debug/net8.0/gameboy.tests.dll" id="10aa587c-5333-e9b4-a55a-fd9c348606f3">
      <Execution id="a462153b-1c54-4606-aaf0-648ed794a0b1" />
      <TestMethod codeBase="/home/runner/work/BlazorBoy/BlazorBoy/src/GameBoy.Tests/bin/Debug/net8.0/GameBoy.Tests.dll" adapterTypeName="executor://xunit/VsTestRunner2/netcoreapp" className="GameBoy.Tests.Integration.CpuInstructionTests" name="LDH_A_a8_LoadsFromHighMemory" />
    </UnitTest>
    <UnitTest name="GameBoy.Tests.Integration.MooneyeInterruptTests.Mooneye_InterruptTests_ExecuteSuccessfully(category: &quot;interrupts&quot;, romFile: &quot;reti_intr_timing.gb&quot;, description: &quot;RETI interrupt timing test&quot;)" storage="/home/runner/work/blazorboy/blazorboy/src/gameboy.tests/bin/debug/net8.0/gameboy.tests.dll" id="a3b5f6c1-2f7d-48e3-64c7-8cfbc1595761">
      <Execution id="b111e81e-b5ca-4759-ba6c-7395089a6e0e" />
      <TestMethod codeBase="/home/runner/work/BlazorBoy/BlazorBoy/src/GameBoy.Tests/bin/Debug/net8.0/GameBoy.Tests.dll" adapterTypeName="executor://xunit/VsTestRunner2/netcoreapp" className="GameBoy.Tests.Integration.MooneyeInterruptTests" name="Mooneye_InterruptTests_ExecuteSuccessfully" />
    </UnitTest>
    <UnitTest name="GameBoy.Tests.Integration.MooneyeInterruptTests.Mooneye_TimerInterruptTests_ExecuteSuccessfully(category: &quot;timer&quot;, romFile: &quot;tma_write_reloading.gb&quot;, description: &quot;TMA write during reload interrupt&quot;)" storage="/home/runner/work/blazorboy/blazorboy/src/gameboy.tests/bin/debug/net8.0/gameboy.tests.dll" id="a65af0fd-f328-05b8-8589-ecd49abe089a">
      <Execution id="a2f1c62e-b632-459d-9496-d4684ff98af9" />
      <TestMethod codeBase="/home/runner/work/BlazorBoy/BlazorBoy/src/GameBoy.Tests/bin/Debug/net8.0/GameBoy.Tests.dll" adapterTypeName="executor://xunit/VsTestRunner2/netcoreapp" className="GameBoy.Tests.Integration.MooneyeInterruptTests" name="Mooneye_TimerInterruptTests_ExecuteSuccessfully" />
    </UnitTest>
    <UnitTest name="GameBoy.Tests.CpuAddressingTests.ReadBC_ReadsFromBCAddress" storage="/home/runner/work/blazorboy/blazorboy/src/gameboy.tests/bin/debug/net8.0/gameboy.tests.dll" id="dfa8f005-e088-66b0-9056-afac8b9a2771">
      <Execution id="c11d4086-ccf0-4a4a-92f4-05187257d2ce" />
      <TestMethod codeBase="/home/runner/work/BlazorBoy/BlazorBoy/src/GameBoy.Tests/bin/Debug/net8.0/GameBoy.Tests.dll" adapterTypeName="executor://xunit/VsTestRunner2/netcoreapp" className="GameBoy.Tests.CpuAddressingTests" name="ReadBC_ReadsFromBCAddress" />
    </UnitTest>
    <UnitTest name="GameBoy.Tests.InstructionTimingTests.LoadImmediateToHL_Takes12Cycles" storage="/home/runner/work/blazorboy/blazorboy/src/gameboy.tests/bin/debug/net8.0/gameboy.tests.dll" id="4922322f-b3c3-57df-7502-f6ee703d693f">
      <Execution id="986dc1c6-c8fa-449c-bba0-51739f02eb2a" />
      <TestMethod codeBase="/home/runner/work/BlazorBoy/BlazorBoy/src/GameBoy.Tests/bin/Debug/net8.0/GameBoy.Tests.dll" adapterTypeName="executor://xunit/VsTestRunner2/netcoreapp" className="GameBoy.Tests.InstructionTimingTests" name="LoadImmediateToHL_Takes12Cycles" />
    </UnitTest>
    <UnitTest name="GameBoy.Tests.LcdcTests.WindowEnable_ReturnsCorrectValue(value: 223, expected: False)" storage="/home/runner/work/blazorboy/blazorboy/src/gameboy.tests/bin/debug/net8.0/gameboy.tests.dll" id="e9ec4bbb-ea1d-dabd-6bfc-73267ef405cd">
      <Execution id="88777972-7ffc-4eeb-83ae-ab3f5d4ff3ae" />
      <TestMethod codeBase="/home/runner/work/BlazorBoy/BlazorBoy/src/GameBoy.Tests/bin/Debug/net8.0/GameBoy.Tests.dll" adapterTypeName="executor://xunit/VsTestRunner2/netcoreapp" className="GameBoy.Tests.LcdcTests" name="WindowEnable_ReturnsCorrectValue" />
    </UnitTest>
    <UnitTest name="GameBoy.Tests.PaletteTests.ColorProperties_ReturnCorrectValues(value: 0, color0: 0, color1: 0, color2: 0, color3: 0)" storage="/home/runner/work/blazorboy/blazorboy/src/gameboy.tests/bin/debug/net8.0/gameboy.tests.dll" id="907ca607-e6b9-64a8-42ad-09f5c465d82a">
      <Execution id="753b1911-1b2a-4240-bd1b-df12e824396d" />
      <TestMethod codeBase="/home/runner/work/BlazorBoy/BlazorBoy/src/GameBoy.Tests/bin/Debug/net8.0/GameBoy.Tests.dll" adapterTypeName="executor://xunit/VsTestRunner2/netcoreapp" className="GameBoy.Tests.PaletteTests" name="ColorProperties_ReturnCorrectValues" />
    </UnitTest>
    <UnitTest name="GameBoy.Tests.PpuTests.Step_FrameCompletion_ReturnsCorrectValue(cycles: 35112, expectedFrameReady: False)" storage="/home/runner/work/blazorboy/blazorboy/src/gameboy.tests/bin/debug/net8.0/gameboy.tests.dll" id="9cdf1db9-2243-40f9-1ef0-e9cca92b7c3f">
      <Execution id="c748a2a2-2ae4-4a6e-87a0-deb8d6028e73" />
      <TestMethod codeBase="/home/runner/work/BlazorBoy/BlazorBoy/src/GameBoy.Tests/bin/Debug/net8.0/GameBoy.Tests.dll" adapterTypeName="executor://xunit/VsTestRunner2/netcoreapp" className="GameBoy.Tests.PpuTests" name="Step_FrameCompletion_ReturnsCorrectValue" />
    </UnitTest>
    <UnitTest name="GameBoy.Tests.Integration.CpuInstructionTests.LD_A_BC_LoadsFromBCAddress" storage="/home/runner/work/blazorboy/blazorboy/src/gameboy.tests/bin/debug/net8.0/gameboy.tests.dll" id="212e98b3-119f-949e-6fd1-78dd598b8aaa">
      <Execution id="51081ff1-2bac-4746-ad04-213f104e7bdc" />
      <TestMethod codeBase="/home/runner/work/BlazorBoy/BlazorBoy/src/GameBoy.Tests/bin/Debug/net8.0/GameBoy.Tests.dll" adapterTypeName="executor://xunit/VsTestRunner2/netcoreapp" className="GameBoy.Tests.Integration.CpuInstructionTests" name="LD_A_BC_LoadsFromBCAddress" />
    </UnitTest>
    <UnitTest name="GameBoy.Tests.CartridgeTests.Detect_Mbc6_ThrowsNotSupportedException" storage="/home/runner/work/blazorboy/blazorboy/src/gameboy.tests/bin/debug/net8.0/gameboy.tests.dll" id="3ff5ba0f-280e-7578-da34-44c3b7dcff2f">
      <Execution id="80fbc631-f5a6-4216-ace4-d49a555e7e6a" />
      <TestMethod codeBase="/home/runner/work/BlazorBoy/BlazorBoy/src/GameBoy.Tests/bin/Debug/net8.0/GameBoy.Tests.dll" adapterTypeName="executor://xunit/VsTestRunner2/netcoreapp" className="GameBoy.Tests.CartridgeTests" name="Detect_Mbc6_ThrowsNotSupportedException" />
    </UnitTest>
    <UnitTest name="GameBoy.Tests.MmuTests.TimerRegisters_WriteAndRead" storage="/home/runner/work/blazorboy/blazorboy/src/gameboy.tests/bin/debug/net8.0/gameboy.tests.dll" id="6253cf50-e1ab-3483-14a2-b9d161ae849b">
      <Execution id="ec068979-ebf0-47ca-bd70-d93dd5f2e2f2" />
      <TestMethod codeBase="/home/runner/work/BlazorBoy/BlazorBoy/src/GameBoy.Tests/bin/Debug/net8.0/GameBoy.Tests.dll" adapterTypeName="executor://xunit/VsTestRunner2/netcoreapp" className="GameBoy.Tests.MmuTests" name="TimerRegisters_WriteAndRead" />
    </UnitTest>
    <UnitTest name="GameBoy.Tests.AluTests.Compare_Equal_SetsZeroFlag" storage="/home/runner/work/blazorboy/blazorboy/src/gameboy.tests/bin/debug/net8.0/gameboy.tests.dll" id="8cb0f3cb-85ff-d610-1cb2-ffb9ebd4ca3b">
      <Execution id="f1bfe75b-9ca3-4a56-ac03-8f683a6c4583" />
      <TestMethod codeBase="/home/runner/work/BlazorBoy/BlazorBoy/src/GameBoy.Tests/bin/Debug/net8.0/GameBoy.Tests.dll" adapterTypeName="executor://xunit/VsTestRunner2/netcoreapp" className="GameBoy.Tests.AluTests" name="Compare_Equal_SetsZeroFlag" />
    </UnitTest>
    <UnitTest name="GameBoy.Tests.LcdcTests.Constructor_InitializesValue" storage="/home/runner/work/blazorboy/blazorboy/src/gameboy.tests/bin/debug/net8.0/gameboy.tests.dll" id="fcf79adc-b94d-c939-ee0b-a874f16fe495">
      <Execution id="f4075ef3-5c16-4966-9b2a-f0dd076a2bb5" />
      <TestMethod codeBase="/home/runner/work/BlazorBoy/BlazorBoy/src/GameBoy.Tests/bin/Debug/net8.0/GameBoy.Tests.dll" adapterTypeName="executor://xunit/VsTestRunner2/netcoreapp" className="GameBoy.Tests.LcdcTests" name="Constructor_InitializesValue" />
    </UnitTest>
    <UnitTest name="GameBoy.Tests.Integration.CpuInstructionTests.LD_r_d8_LoadsImmediateValue(opcode: 14)" storage="/home/runner/work/blazorboy/blazorboy/src/gameboy.tests/bin/debug/net8.0/gameboy.tests.dll" id="f6930f41-2649-5d5a-767d-bc8be0ab8364">
      <Execution id="fc0bbb80-a949-4c02-8161-09ef354ac96c" />
      <TestMethod codeBase="/home/runner/work/BlazorBoy/BlazorBoy/src/GameBoy.Tests/bin/Debug/net8.0/GameBoy.Tests.dll" adapterTypeName="executor://xunit/VsTestRunner2/netcoreapp" className="GameBoy.Tests.Integration.CpuInstructionTests" name="LD_r_d8_LoadsImmediateValue" />
    </UnitTest>
    <UnitTest name="GameBoy.Tests.Integration.BlarggIntegrationTests.TestRoms_DirectoryStructure_IsValid" storage="/home/runner/work/blazorboy/blazorboy/src/gameboy.tests/bin/debug/net8.0/gameboy.tests.dll" id="51e04f4f-3cc0-d132-ebbf-43fcaa9395c7">
      <Execution id="1e8acbd7-4d2f-4b59-80c4-f1461fafc5cf" />
      <TestMethod codeBase="/home/runner/work/BlazorBoy/BlazorBoy/src/GameBoy.Tests/bin/Debug/net8.0/GameBoy.Tests.dll" adapterTypeName="executor://xunit/VsTestRunner2/netcoreapp" className="GameBoy.Tests.Integration.BlarggIntegrationTests" name="TestRoms_DirectoryStructure_IsValid" />
    </UnitTest>
    <UnitTest name="GameBoy.Tests.EmulatorMbcIntegrationTests.Emulator_LoadRom_Mbc0_NoBatteryRam" storage="/home/runner/work/blazorboy/blazorboy/src/gameboy.tests/bin/debug/net8.0/gameboy.tests.dll" id="41739f19-bfd4-11d4-c1e5-c65c24bff9df">
      <Execution id="e73ef478-ddec-484d-bd1a-e2981f0acc60" />
      <TestMethod codeBase="/home/runner/work/BlazorBoy/BlazorBoy/src/GameBoy.Tests/bin/Debug/net8.0/GameBoy.Tests.dll" adapterTypeName="executor://xunit/VsTestRunner2/netcoreapp" className="GameBoy.Tests.EmulatorMbcIntegrationTests" name="Emulator_LoadRom_Mbc0_NoBatteryRam" />
    </UnitTest>
    <UnitTest name="GameBoy.Tests.SpriteTests.GetTopTileIndex_ReturnsCorrectIndex(tileIndex: 2, is8x16: False, expected: 2)" storage="/home/runner/work/blazorboy/blazorboy/src/gameboy.tests/bin/debug/net8.0/gameboy.tests.dll" id="d0745316-a081-8f1b-2315-d9f54584a95b">
      <Execution id="9cae210a-96b7-4e53-8a0a-4266cc9a319f" />
      <TestMethod codeBase="/home/runner/work/BlazorBoy/BlazorBoy/src/GameBoy.Tests/bin/Debug/net8.0/GameBoy.Tests.dll" adapterTypeName="executor://xunit/VsTestRunner2/netcoreapp" className="GameBoy.Tests.SpriteTests" name="GetTopTileIndex_ReturnsCorrectIndex" />
    </UnitTest>
    <UnitTest name="GameBoy.Tests.SpriteTests.BehindBackground_ReturnsCorrectValue(attributes: 0, expected: False)" storage="/home/runner/work/blazorboy/blazorboy/src/gameboy.tests/bin/debug/net8.0/gameboy.tests.dll" id="cc478e6e-a9d8-f38e-8218-1ab82d074e51">
      <Execution id="2a03b13a-a1bb-40e2-bbd9-aea67f40cbf1" />
      <TestMethod codeBase="/home/runner/work/BlazorBoy/BlazorBoy/src/GameBoy.Tests/bin/Debug/net8.0/GameBoy.Tests.dll" adapterTypeName="executor://xunit/VsTestRunner2/netcoreapp" className="GameBoy.Tests.SpriteTests" name="BehindBackground_ReturnsCorrectValue" />
    </UnitTest>
    <UnitTest name="GameBoy.Tests.Mbc3Tests.BatteryInterface_GetExternalRam_IncludesRamAndRtc" storage="/home/runner/work/blazorboy/blazorboy/src/gameboy.tests/bin/debug/net8.0/gameboy.tests.dll" id="d0edd84d-2f50-3142-246d-c739cb00af81">
      <Execution id="e56c4173-d04a-4acf-a7dd-0b1268caafa5" />
      <TestMethod codeBase="/home/runner/work/BlazorBoy/BlazorBoy/src/GameBoy.Tests/bin/Debug/net8.0/GameBoy.Tests.dll" adapterTypeName="executor://xunit/VsTestRunner2/netcoreapp" className="GameBoy.Tests.Mbc3Tests" name="BatteryInterface_GetExternalRam_IncludesRamAndRtc" />
    </UnitTest>
    <UnitTest name="GameBoy.Tests.Integration.BlarggIntegrationTests.Mem_Timing_ExecutesSuccessfully" storage="/home/runner/work/blazorboy/blazorboy/src/gameboy.tests/bin/debug/net8.0/gameboy.tests.dll" id="c13df759-13d6-42d4-2abc-9c879ffe5a50">
      <Execution id="cdd7d91e-cc68-4183-ad40-95cc736cc711" />
      <TestMethod codeBase="/home/runner/work/BlazorBoy/BlazorBoy/src/GameBoy.Tests/bin/Debug/net8.0/GameBoy.Tests.dll" adapterTypeName="executor://xunit/VsTestRunner2/netcoreapp" className="GameBoy.Tests.Integration.BlarggIntegrationTests" name="Mem_Timing_ExecutesSuccessfully" />
    </UnitTest>
    <UnitTest name="GameBoy.Tests.Integration.BlarggIntegrationTests.CpuInstrs_IndividualTests_ExecuteSuccessfully(romFile: &quot;07-jr,jp,call,ret,rst.gb&quot;, description: &quot;Jump and call instruction test&quot;)" storage="/home/runner/work/blazorboy/blazorboy/src/gameboy.tests/bin/debug/net8.0/gameboy.tests.dll" id="81275080-dbd6-64b2-9d21-3ea6ec2704e0">
      <Execution id="879d0311-b292-42cd-8c0e-9d807828ec70" />
      <TestMethod codeBase="/home/runner/work/BlazorBoy/BlazorBoy/src/GameBoy.Tests/bin/Debug/net8.0/GameBoy.Tests.dll" adapterTypeName="executor://xunit/VsTestRunner2/netcoreapp" className="GameBoy.Tests.Integration.BlarggIntegrationTests" name="CpuInstrs_IndividualTests_ExecuteSuccessfully" />
    </UnitTest>
    <UnitTest name="GameBoy.Tests.TimerTests.TIMA_DoesNotIncrementWhenTimerDisabled" storage="/home/runner/work/blazorboy/blazorboy/src/gameboy.tests/bin/debug/net8.0/gameboy.tests.dll" id="8ca24740-dcec-a0e9-0e2c-0ef6c3b961f4">
      <Execution id="efeb9784-c84e-494f-871b-49ec107277e3" />
      <TestMethod codeBase="/home/runner/work/BlazorBoy/BlazorBoy/src/GameBoy.Tests/bin/Debug/net8.0/GameBoy.Tests.dll" adapterTypeName="executor://xunit/VsTestRunner2/netcoreapp" className="GameBoy.Tests.TimerTests" name="TIMA_DoesNotIncrementWhenTimerDisabled" />
    </UnitTest>
    <UnitTest name="GameBoy.Tests.InstructionTimingTests.AddImmediate_Takes8Cycles" storage="/home/runner/work/blazorboy/blazorboy/src/gameboy.tests/bin/debug/net8.0/gameboy.tests.dll" id="2171350d-d49e-1054-ab8d-30103f1941d8">
      <Execution id="567dbbe4-78ed-4756-96b8-dfd94cb0d2db" />
      <TestMethod codeBase="/home/runner/work/BlazorBoy/BlazorBoy/src/GameBoy.Tests/bin/Debug/net8.0/GameBoy.Tests.dll" adapterTypeName="executor://xunit/VsTestRunner2/netcoreapp" className="GameBoy.Tests.InstructionTimingTests" name="AddImmediate_Takes8Cycles" />
    </UnitTest>
    <UnitTest name="GameBoy.Tests.SpriteTests.GetBottomTileIndex_ReturnsOddIndex(tileIndex: 3, expected: 3)" storage="/home/runner/work/blazorboy/blazorboy/src/gameboy.tests/bin/debug/net8.0/gameboy.tests.dll" id="057229d9-b1f1-a297-1e78-c820b7c918ea">
      <Execution id="13f7e09c-f3b3-4eb0-ae64-e2589731dd27" />
      <TestMethod codeBase="/home/runner/work/BlazorBoy/BlazorBoy/src/GameBoy.Tests/bin/Debug/net8.0/GameBoy.Tests.dll" adapterTypeName="executor://xunit/VsTestRunner2/netcoreapp" className="GameBoy.Tests.SpriteTests" name="GetBottomTileIndex_ReturnsOddIndex" />
    </UnitTest>
    <UnitTest name="GameBoy.Tests.TimerTests.StepWithLargeCycles_ProcessesMultipleOverflows" storage="/home/runner/work/blazorboy/blazorboy/src/gameboy.tests/bin/debug/net8.0/gameboy.tests.dll" id="758e22ea-0fb9-84c1-827b-24d69ccd28a7">
      <Execution id="1fca4e23-951a-4b18-b2c1-375f4409225a" />
      <TestMethod codeBase="/home/runner/work/BlazorBoy/BlazorBoy/src/GameBoy.Tests/bin/Debug/net8.0/GameBoy.Tests.dll" adapterTypeName="executor://xunit/VsTestRunner2/netcoreapp" className="GameBoy.Tests.TimerTests" name="StepWithLargeCycles_ProcessesMultipleOverflows" />
    </UnitTest>
    <UnitTest name="GameBoy.Tests.CpuMmuIntegrationTests.CPU_AccessesWorkRamThroughMMU" storage="/home/runner/work/blazorboy/blazorboy/src/gameboy.tests/bin/debug/net8.0/gameboy.tests.dll" id="1f696d5b-3321-8875-0504-d9ad91e44e96">
      <Execution id="49fd3658-1a04-4e5f-a3f4-81df1d6c0ad0" />
      <TestMethod codeBase="/home/runner/work/BlazorBoy/BlazorBoy/src/GameBoy.Tests/bin/Debug/net8.0/GameBoy.Tests.dll" adapterTypeName="executor://xunit/VsTestRunner2/netcoreapp" className="GameBoy.Tests.CpuMmuIntegrationTests" name="CPU_AccessesWorkRamThroughMMU" />
    </UnitTest>
    <UnitTest name="GameBoy.Tests.CpuAddressingTests.WriteHLD_WritesToHLAddressThenDecrementsHL" storage="/home/runner/work/blazorboy/blazorboy/src/gameboy.tests/bin/debug/net8.0/gameboy.tests.dll" id="2c628e7d-7b5c-b3e1-9694-ce7025fafa07">
      <Execution id="1daa1c2c-8865-4be7-bea9-23ae9437dc6c" />
      <TestMethod codeBase="/home/runner/work/BlazorBoy/BlazorBoy/src/GameBoy.Tests/bin/Debug/net8.0/GameBoy.Tests.dll" adapterTypeName="executor://xunit/VsTestRunner2/netcoreapp" className="GameBoy.Tests.CpuAddressingTests" name="WriteHLD_WritesToHLAddressThenDecrementsHL" />
    </UnitTest>
    <UnitTest name="GameBoy.Tests.Mbc5Tests.ExternalRam_BeyondAvailableBanks_HandledGracefully" storage="/home/runner/work/blazorboy/blazorboy/src/gameboy.tests/bin/debug/net8.0/gameboy.tests.dll" id="df87ea20-9c6b-8b54-5808-cc8e594491b2">
      <Execution id="1a12c73e-faff-4544-87d6-f7e52b36efd6" />
      <TestMethod codeBase="/home/runner/work/BlazorBoy/BlazorBoy/src/GameBoy.Tests/bin/Debug/net8.0/GameBoy.Tests.dll" adapterTypeName="executor://xunit/VsTestRunner2/netcoreapp" className="GameBoy.Tests.Mbc5Tests" name="ExternalRam_BeyondAvailableBanks_HandledGracefully" />
    </UnitTest>
    <UnitTest name="GameBoy.Tests.CartridgeHeaderTests.RomSize_CalculatesCorrectSizeForStandardCodes(code: 1, expectedSize: 65536)" storage="/home/runner/work/blazorboy/blazorboy/src/gameboy.tests/bin/debug/net8.0/gameboy.tests.dll" id="e0bae790-fddb-006d-e831-2cde76b6368e">
      <Execution id="7c6b4b30-44d0-4c44-87ce-5dea4aa248ae" />
      <TestMethod codeBase="/home/runner/work/BlazorBoy/BlazorBoy/src/GameBoy.Tests/bin/Debug/net8.0/GameBoy.Tests.dll" adapterTypeName="executor://xunit/VsTestRunner2/netcoreapp" className="GameBoy.Tests.CartridgeHeaderTests" name="RomSize_CalculatesCorrectSizeForStandardCodes" />
    </UnitTest>
    <UnitTest name="GameBoy.Tests.Integration.CpuInstructionTests.LD_rr_d16_Loads16BitImmediate(opcode: 49)" storage="/home/runner/work/blazorboy/blazorboy/src/gameboy.tests/bin/debug/net8.0/gameboy.tests.dll" id="c0bd481a-aa4f-3cf0-fc8a-7f4a149db98d">
      <Execution id="447ed170-843e-46d6-8e31-b8d1a651173f" />
      <TestMethod codeBase="/home/runner/work/BlazorBoy/BlazorBoy/src/GameBoy.Tests/bin/Debug/net8.0/GameBoy.Tests.dll" adapterTypeName="executor://xunit/VsTestRunner2/netcoreapp" className="GameBoy.Tests.Integration.CpuInstructionTests" name="LD_rr_d16_Loads16BitImmediate" />
    </UnitTest>
    <UnitTest name="GameBoy.Tests.InterruptControllerTests.TryGetPending_SingleInterrupt_ReturnsCorrectType(ifValue: 2, ieValue: 2, expectedType: LCDStat)" storage="/home/runner/work/blazorboy/blazorboy/src/gameboy.tests/bin/debug/net8.0/gameboy.tests.dll" id="c1e804ae-ca2f-e04a-c7ed-9d65db3317eb">
      <Execution id="aa4a9e49-7b58-44f4-aa6d-6949230e6e7d" />
      <TestMethod codeBase="/home/runner/work/BlazorBoy/BlazorBoy/src/GameBoy.Tests/bin/Debug/net8.0/GameBoy.Tests.dll" adapterTypeName="executor://xunit/VsTestRunner2/netcoreapp" className="GameBoy.Tests.InterruptControllerTests" name="TryGetPending_SingleInterrupt_ReturnsCorrectType" />
    </UnitTest>
    <UnitTest name="GameBoy.Tests.SpriteTests.FlipY_ReturnsCorrectValue(attributes: 64, expected: True)" storage="/home/runner/work/blazorboy/blazorboy/src/gameboy.tests/bin/debug/net8.0/gameboy.tests.dll" id="dee1a08d-717f-5ed0-9c24-c68ec1232ae1">
      <Execution id="7fcf578a-fbba-49d6-b199-f77716dd153f" />
      <TestMethod codeBase="/home/runner/work/BlazorBoy/BlazorBoy/src/GameBoy.Tests/bin/Debug/net8.0/GameBoy.Tests.dll" adapterTypeName="executor://xunit/VsTestRunner2/netcoreapp" className="GameBoy.Tests.SpriteTests" name="FlipY_ReturnsCorrectValue" />
    </UnitTest>
    <UnitTest name="GameBoy.Tests.Integration.BlarggInterruptTests.ListAvailableBlarggInterruptRoms" storage="/home/runner/work/blazorboy/blazorboy/src/gameboy.tests/bin/debug/net8.0/gameboy.tests.dll" id="3b16604a-944f-5254-adcd-7cef7961861a">
      <Execution id="5e5b597f-3680-4cec-bdbe-da2655aae060" />
      <TestMethod codeBase="/home/runner/work/BlazorBoy/BlazorBoy/src/GameBoy.Tests/bin/Debug/net8.0/GameBoy.Tests.dll" adapterTypeName="executor://xunit/VsTestRunner2/netcoreapp" className="GameBoy.Tests.Integration.BlarggInterruptTests" name="ListAvailableBlarggInterruptRoms" />
    </UnitTest>
    <UnitTest name="GameBoy.Tests.PaletteTests.ToRgba_ReturnsCorrectColors(colorValue: 1, expectedRgba: -7623665)" storage="/home/runner/work/blazorboy/blazorboy/src/gameboy.tests/bin/debug/net8.0/gameboy.tests.dll" id="c1fcaa4e-a0fc-120a-3b4b-2fe6a4d20c47">
      <Execution id="a1ff5c00-5323-4fcc-9172-adbe5ea5f8f0" />
      <TestMethod codeBase="/home/runner/work/BlazorBoy/BlazorBoy/src/GameBoy.Tests/bin/Debug/net8.0/GameBoy.Tests.dll" adapterTypeName="executor://xunit/VsTestRunner2/netcoreapp" className="GameBoy.Tests.PaletteTests" name="ToRgba_ReturnsCorrectColors" />
    </UnitTest>
    <UnitTest name="GameBoy.Tests.CartridgeTests.Detect_TooSmallRom_ThrowsException" storage="/home/runner/work/blazorboy/blazorboy/src/gameboy.tests/bin/debug/net8.0/gameboy.tests.dll" id="858dcae1-c567-bff8-3421-4c4b006488f5">
      <Execution id="500671e8-a871-460d-b0c5-18f47eb7f680" />
      <TestMethod codeBase="/home/runner/work/BlazorBoy/BlazorBoy/src/GameBoy.Tests/bin/Debug/net8.0/GameBoy.Tests.dll" adapterTypeName="executor://xunit/VsTestRunner2/netcoreapp" className="GameBoy.Tests.CartridgeTests" name="Detect_TooSmallRom_ThrowsException" />
    </UnitTest>
    <UnitTest name="GameBoy.Tests.PaletteTests.MapColor_ReturnsCorrectMappedValue(paletteValue: 228, colorIndex: 2, expectedMapped: 2)" storage="/home/runner/work/blazorboy/blazorboy/src/gameboy.tests/bin/debug/net8.0/gameboy.tests.dll" id="9604427e-c651-472a-5cfb-c477b36348af">
      <Execution id="983ff8f0-82fb-495c-adc1-226c1533209a" />
      <TestMethod codeBase="/home/runner/work/BlazorBoy/BlazorBoy/src/GameBoy.Tests/bin/Debug/net8.0/GameBoy.Tests.dll" adapterTypeName="executor://xunit/VsTestRunner2/netcoreapp" className="GameBoy.Tests.PaletteTests" name="MapColor_ReturnsCorrectMappedValue" />
    </UnitTest>
    <UnitTest name="GameBoy.Tests.CartridgeHeaderTests.RomSize_CalculatesCorrectSizeForStandardCodes(code: 3, expectedSize: 262144)" storage="/home/runner/work/blazorboy/blazorboy/src/gameboy.tests/bin/debug/net8.0/gameboy.tests.dll" id="2aec11aa-37a8-9a8f-0f87-0adecc796d0a">
      <Execution id="30784cbf-77a7-42b2-8364-e867f3ef751f" />
      <TestMethod codeBase="/home/runner/work/BlazorBoy/BlazorBoy/src/GameBoy.Tests/bin/Debug/net8.0/GameBoy.Tests.dll" adapterTypeName="executor://xunit/VsTestRunner2/netcoreapp" className="GameBoy.Tests.CartridgeHeaderTests" name="RomSize_CalculatesCorrectSizeForStandardCodes" />
    </UnitTest>
    <UnitTest name="GameBoy.Tests.CartridgeHeaderTests.RomSize_CalculatesCorrectSizeForStandardCodes(code: 2, expectedSize: 131072)" storage="/home/runner/work/blazorboy/blazorboy/src/gameboy.tests/bin/debug/net8.0/gameboy.tests.dll" id="4f4a5c37-0801-c8cd-ca9d-3dd3c079ddeb">
      <Execution id="b1301878-c3de-4ce9-a14d-4abeb43f0354" />
      <TestMethod codeBase="/home/runner/work/BlazorBoy/BlazorBoy/src/GameBoy.Tests/bin/Debug/net8.0/GameBoy.Tests.dll" adapterTypeName="executor://xunit/VsTestRunner2/netcoreapp" className="GameBoy.Tests.CartridgeHeaderTests" name="RomSize_CalculatesCorrectSizeForStandardCodes" />
    </UnitTest>
    <UnitTest name="GameBoy.Tests.Integration.MooneyeInterruptTests.Mooneye_SerialInterruptTest_ExecutesSuccessfully" storage="/home/runner/work/blazorboy/blazorboy/src/gameboy.tests/bin/debug/net8.0/gameboy.tests.dll" id="5ff5225b-f951-9705-093c-3d2e942d9fea">
      <Execution id="56efc683-41da-4cba-9a22-1c9bdfa14f5a" />
      <TestMethod codeBase="/home/runner/work/BlazorBoy/BlazorBoy/src/GameBoy.Tests/bin/Debug/net8.0/GameBoy.Tests.dll" adapterTypeName="executor://xunit/VsTestRunner2/netcoreapp" className="GameBoy.Tests.Integration.MooneyeInterruptTests" name="Mooneye_SerialInterruptTest_ExecutesSuccessfully" />
    </UnitTest>
    <UnitTest name="GameBoy.Tests.Mbc1Tests.WriteRom_RamEnable_EnablesRamAccess" storage="/home/runner/work/blazorboy/blazorboy/src/gameboy.tests/bin/debug/net8.0/gameboy.tests.dll" id="6ae15b65-ae4b-1bce-4c25-6a54788ea6c7">
      <Execution id="8a09a374-9c8f-4c1e-83a8-d9cd19040057" />
      <TestMethod codeBase="/home/runner/work/BlazorBoy/BlazorBoy/src/GameBoy.Tests/bin/Debug/net8.0/GameBoy.Tests.dll" adapterTypeName="executor://xunit/VsTestRunner2/netcoreapp" className="GameBoy.Tests.Mbc1Tests" name="WriteRom_RamEnable_EnablesRamAccess" />
    </UnitTest>
    <UnitTest name="GameBoy.Tests.InterruptControllerTests.IF_IE_MaskingEdgeCases_SimultaneousOperations" storage="/home/runner/work/blazorboy/blazorboy/src/gameboy.tests/bin/debug/net8.0/gameboy.tests.dll" id="f28fb10a-940d-0bfc-c384-02fbf35a7558">
      <Execution id="5752f945-8e57-46b0-b1d2-085c64640f0a" />
      <TestMethod codeBase="/home/runner/work/BlazorBoy/BlazorBoy/src/GameBoy.Tests/bin/Debug/net8.0/GameBoy.Tests.dll" adapterTypeName="executor://xunit/VsTestRunner2/netcoreapp" className="GameBoy.Tests.InterruptControllerTests" name="IF_IE_MaskingEdgeCases_SimultaneousOperations" />
    </UnitTest>
    <UnitTest name="GameBoy.Tests.SpriteTests.IsVisibleOnScanline_ReturnsCorrectValue(y: 80, scanline: 80, spriteHeight: 16, expected: False)" storage="/home/runner/work/blazorboy/blazorboy/src/gameboy.tests/bin/debug/net8.0/gameboy.tests.dll" id="117c486f-593c-a149-4e78-e303f3deccae">
      <Execution id="478fb046-bbc6-4193-83d0-6990299893e7" />
      <TestMethod codeBase="/home/runner/work/BlazorBoy/BlazorBoy/src/GameBoy.Tests/bin/Debug/net8.0/GameBoy.Tests.dll" adapterTypeName="executor://xunit/VsTestRunner2/netcoreapp" className="GameBoy.Tests.SpriteTests" name="IsVisibleOnScanline_ReturnsCorrectValue" />
    </UnitTest>
    <UnitTest name="GameBoy.Tests.TimerTests.SetTMA_UpdatesRegisterValue" storage="/home/runner/work/blazorboy/blazorboy/src/gameboy.tests/bin/debug/net8.0/gameboy.tests.dll" id="0d900af8-feaf-53ad-8159-86e398f23b64">
      <Execution id="03899d0f-d14b-4e5b-9c46-b00f65669a5f" />
      <TestMethod codeBase="/home/runner/work/BlazorBoy/BlazorBoy/src/GameBoy.Tests/bin/Debug/net8.0/GameBoy.Tests.dll" adapterTypeName="executor://xunit/VsTestRunner2/netcoreapp" className="GameBoy.Tests.TimerTests" name="SetTMA_UpdatesRegisterValue" />
    </UnitTest>
    <UnitTest name="GameBoy.Tests.Integration.MooneyeInterruptTests.Mooneye_InterruptTests_ExecuteSuccessfully(category: &quot;interrupts&quot;, romFile: &quot;ei_sequence.gb&quot;, description: &quot;EI instruction sequence test&quot;)" storage="/home/runner/work/blazorboy/blazorboy/src/gameboy.tests/bin/debug/net8.0/gameboy.tests.dll" id="b6831fa2-b98c-1623-5ae4-1f812f49b14d">
      <Execution id="395e8111-4226-4430-977f-a000ef823f6c" />
      <TestMethod codeBase="/home/runner/work/BlazorBoy/BlazorBoy/src/GameBoy.Tests/bin/Debug/net8.0/GameBoy.Tests.dll" adapterTypeName="executor://xunit/VsTestRunner2/netcoreapp" className="GameBoy.Tests.Integration.MooneyeInterruptTests" name="Mooneye_InterruptTests_ExecuteSuccessfully" />
    </UnitTest>
    <UnitTest name="GameBoy.Tests.AdvancedTimingTests.LoadSPFromHL_Takes8Cycles" storage="/home/runner/work/blazorboy/blazorboy/src/gameboy.tests/bin/debug/net8.0/gameboy.tests.dll" id="82059e16-c908-e7ff-c01b-755c58076d6d">
      <Execution id="16e10a01-fedd-42d5-9633-913803250684" />
      <TestMethod codeBase="/home/runner/work/BlazorBoy/BlazorBoy/src/GameBoy.Tests/bin/Debug/net8.0/GameBoy.Tests.dll" adapterTypeName="executor://xunit/VsTestRunner2/netcoreapp" className="GameBoy.Tests.AdvancedTimingTests" name="LoadSPFromHL_Takes8Cycles" />
    </UnitTest>
    <UnitTest name="GameBoy.Tests.Mbc3Tests.ReadRom_BankX_ReadsFromSwitchableBank" storage="/home/runner/work/blazorboy/blazorboy/src/gameboy.tests/bin/debug/net8.0/gameboy.tests.dll" id="90078e20-c5de-cf76-870d-974d468f3e8d">
      <Execution id="741b9dfa-3255-47a6-998c-c1b225db2f7a" />
      <TestMethod codeBase="/home/runner/work/BlazorBoy/BlazorBoy/src/GameBoy.Tests/bin/Debug/net8.0/GameBoy.Tests.dll" adapterTypeName="executor://xunit/VsTestRunner2/netcoreapp" className="GameBoy.Tests.Mbc3Tests" name="ReadRom_BankX_ReadsFromSwitchableBank" />
    </UnitTest>
    <UnitTest name="GameBoy.Tests.Integration.CpuInstructionTests.LD_rr_d16_Loads16BitImmediate(opcode: 33)" storage="/home/runner/work/blazorboy/blazorboy/src/gameboy.tests/bin/debug/net8.0/gameboy.tests.dll" id="e4b2be22-1c13-eeaf-0754-9d81f5d04441">
      <Execution id="085e9ed6-3570-4695-8494-e6a16f75cbff" />
      <TestMethod codeBase="/home/runner/work/BlazorBoy/BlazorBoy/src/GameBoy.Tests/bin/Debug/net8.0/GameBoy.Tests.dll" adapterTypeName="executor://xunit/VsTestRunner2/netcoreapp" className="GameBoy.Tests.Integration.CpuInstructionTests" name="LD_rr_d16_Loads16BitImmediate" />
    </UnitTest>
    <UnitTest name="GameBoy.Tests.InstructionTimingTests.UnconditionalJump_Takes16Cycles" storage="/home/runner/work/blazorboy/blazorboy/src/gameboy.tests/bin/debug/net8.0/gameboy.tests.dll" id="2d19533e-54ba-79c1-fc44-a594fdfb46cc">
      <Execution id="38d93ce3-2559-466b-a424-ba2776c6f4f1" />
      <TestMethod codeBase="/home/runner/work/BlazorBoy/BlazorBoy/src/GameBoy.Tests/bin/Debug/net8.0/GameBoy.Tests.dll" adapterTypeName="executor://xunit/VsTestRunner2/netcoreapp" className="GameBoy.Tests.InstructionTimingTests" name="UnconditionalJump_Takes16Cycles" />
    </UnitTest>
    <UnitTest name="GameBoy.Tests.Integration.MooneyeInterruptTests.Mooneye_TimerInterruptTests_ExecuteSuccessfully(category: &quot;timer&quot;, romFile: &quot;tim10_div_trigger.gb&quot;, description: &quot;Timer 10 DIV trigger interrupt&quot;)" storage="/home/runner/work/blazorboy/blazorboy/src/gameboy.tests/bin/debug/net8.0/gameboy.tests.dll" id="9b50f966-c34d-9383-fb71-b0d6121c3c39">
      <Execution id="bd55c760-4d81-4087-bdba-7f247432388d" />
      <TestMethod codeBase="/home/runner/work/BlazorBoy/BlazorBoy/src/GameBoy.Tests/bin/Debug/net8.0/GameBoy.Tests.dll" adapterTypeName="executor://xunit/VsTestRunner2/netcoreapp" className="GameBoy.Tests.Integration.MooneyeInterruptTests" name="Mooneye_TimerInterruptTests_ExecuteSuccessfully" />
    </UnitTest>
    <UnitTest name="GameBoy.Tests.CpuAddressingTests.ReadHLD_ReadsFromHLAddressThenDecrementsHL" storage="/home/runner/work/blazorboy/blazorboy/src/gameboy.tests/bin/debug/net8.0/gameboy.tests.dll" id="2f056f1e-d672-857f-c119-9a4b6216ba96">
      <Execution id="d7cc2fff-5508-4664-90ab-f117b7169811" />
      <TestMethod codeBase="/home/runner/work/BlazorBoy/BlazorBoy/src/GameBoy.Tests/bin/Debug/net8.0/GameBoy.Tests.dll" adapterTypeName="executor://xunit/VsTestRunner2/netcoreapp" className="GameBoy.Tests.CpuAddressingTests" name="ReadHLD_ReadsFromHLAddressThenDecrementsHL" />
    </UnitTest>
    <UnitTest name="GameBoy.Tests.Integration.MooneyeInterruptTests.Mooneye_TimerInterruptTests_ExecuteSuccessfully(category: &quot;timer&quot;, romFile: &quot;tim11_div_trigger.gb&quot;, description: &quot;Timer 11 DIV trigger interrupt&quot;)" storage="/home/runner/work/blazorboy/blazorboy/src/gameboy.tests/bin/debug/net8.0/gameboy.tests.dll" id="183104fb-79b8-de54-d337-7851a1893eb7">
      <Execution id="2d9b673d-599b-426b-9e24-d0c24f3d670c" />
      <TestMethod codeBase="/home/runner/work/BlazorBoy/BlazorBoy/src/GameBoy.Tests/bin/Debug/net8.0/GameBoy.Tests.dll" adapterTypeName="executor://xunit/VsTestRunner2/netcoreapp" className="GameBoy.Tests.Integration.MooneyeInterruptTests" name="Mooneye_TimerInterruptTests_ExecuteSuccessfully" />
    </UnitTest>
    <UnitTest name="GameBoy.Tests.TimerBlarggTests.BlarggTimer_Test03_TimerOffOn" storage="/home/runner/work/blazorboy/blazorboy/src/gameboy.tests/bin/debug/net8.0/gameboy.tests.dll" id="2596a46d-7689-9c31-42da-c5175fdef309">
      <Execution id="e521fdb8-c46a-4d1e-8ab4-8232ddf8488f" />
      <TestMethod codeBase="/home/runner/work/BlazorBoy/BlazorBoy/src/GameBoy.Tests/bin/Debug/net8.0/GameBoy.Tests.dll" adapterTypeName="executor://xunit/VsTestRunner2/netcoreapp" className="GameBoy.Tests.TimerBlarggTests" name="BlarggTimer_Test03_TimerOffOn" />
    </UnitTest>
    <UnitTest name="GameBoy.Tests.Integration.MooneyeInterruptTests.Mooneye_InterruptTests_ExecuteSuccessfully(category: &quot;interrupts&quot;, romFile: &quot;halt_ime1_timing.gb&quot;, description: &quot;HALT with IME=1 timing test&quot;)" storage="/home/runner/work/blazorboy/blazorboy/src/gameboy.tests/bin/debug/net8.0/gameboy.tests.dll" id="a933aee1-bc53-9931-a375-903234ff4042">
      <Execution id="e9bc445b-ac06-4927-9ac3-dc92714e3c23" />
      <TestMethod codeBase="/home/runner/work/BlazorBoy/BlazorBoy/src/GameBoy.Tests/bin/Debug/net8.0/GameBoy.Tests.dll" adapterTypeName="executor://xunit/VsTestRunner2/netcoreapp" className="GameBoy.Tests.Integration.MooneyeInterruptTests" name="Mooneye_InterruptTests_ExecuteSuccessfully" />
    </UnitTest>
    <UnitTest name="GameBoy.Tests.Mbc3Tests.WriteRom_Bank7BitLimit_OnlyLower7BitsUsed" storage="/home/runner/work/blazorboy/blazorboy/src/gameboy.tests/bin/debug/net8.0/gameboy.tests.dll" id="3b99c33c-b8ac-a228-4beb-830e9e783e7b">
      <Execution id="859bcf43-a1cb-437a-ac46-f28a79accff6" />
      <TestMethod codeBase="/home/runner/work/BlazorBoy/BlazorBoy/src/GameBoy.Tests/bin/Debug/net8.0/GameBoy.Tests.dll" adapterTypeName="executor://xunit/VsTestRunner2/netcoreapp" className="GameBoy.Tests.Mbc3Tests" name="WriteRom_Bank7BitLimit_OnlyLower7BitsUsed" />
    </UnitTest>
    <UnitTest name="GameBoy.Tests.InstructionDecodingTests.Instruction_Properties_AreValid" storage="/home/runner/work/blazorboy/blazorboy/src/gameboy.tests/bin/debug/net8.0/gameboy.tests.dll" id="4d528ee0-dbe1-ded6-1a29-cd26c37e4512">
      <Execution id="713c329c-2df0-4a6d-b0e1-3e99a78005a4" />
      <TestMethod codeBase="/home/runner/work/BlazorBoy/BlazorBoy/src/GameBoy.Tests/bin/Debug/net8.0/GameBoy.Tests.dll" adapterTypeName="executor://xunit/VsTestRunner2/netcoreapp" className="GameBoy.Tests.InstructionDecodingTests" name="Instruction_Properties_AreValid" />
    </UnitTest>
    <UnitTest name="GameBoy.Tests.Integration.CpuInstructionTests.LD_rr_d16_Loads16BitImmediate(opcode: 17)" storage="/home/runner/work/blazorboy/blazorboy/src/gameboy.tests/bin/debug/net8.0/gameboy.tests.dll" id="473f0ba4-9e64-7232-fd1e-a18cfef2609a">
      <Execution id="60a637d3-746c-4d7c-bfbd-d12a0d880f92" />
      <TestMethod codeBase="/home/runner/work/BlazorBoy/BlazorBoy/src/GameBoy.Tests/bin/Debug/net8.0/GameBoy.Tests.dll" adapterTypeName="executor://xunit/VsTestRunner2/netcoreapp" className="GameBoy.Tests.Integration.CpuInstructionTests" name="LD_rr_d16_Loads16BitImmediate" />
    </UnitTest>
    <UnitTest name="GameBoy.Tests.CartridgeMmuIntegrationTests.Mmu_BatteryBackedCartridge_ImplementsInterface" storage="/home/runner/work/blazorboy/blazorboy/src/gameboy.tests/bin/debug/net8.0/gameboy.tests.dll" id="0363a9ad-f5a9-fc63-7f70-ff763491ded3">
      <Execution id="340d05cd-500e-4c94-95d6-a5b1d57b2b23" />
      <TestMethod codeBase="/home/runner/work/BlazorBoy/BlazorBoy/src/GameBoy.Tests/bin/Debug/net8.0/GameBoy.Tests.dll" adapterTypeName="executor://xunit/VsTestRunner2/netcoreapp" className="GameBoy.Tests.CartridgeMmuIntegrationTests" name="Mmu_BatteryBackedCartridge_ImplementsInterface" />
    </UnitTest>
    <UnitTest name="GameBoy.Tests.InstructionGroupTests.PUSH_POP_AF_HandlesFlags" storage="/home/runner/work/blazorboy/blazorboy/src/gameboy.tests/bin/debug/net8.0/gameboy.tests.dll" id="6d0d3505-f5bb-4b88-82b2-8868244005e0">
      <Execution id="bc08494d-ff2c-4fc2-ac46-a887634b79c2" />
      <TestMethod codeBase="/home/runner/work/BlazorBoy/BlazorBoy/src/GameBoy.Tests/bin/Debug/net8.0/GameBoy.Tests.dll" adapterTypeName="executor://xunit/VsTestRunner2/netcoreapp" className="GameBoy.Tests.InstructionGroupTests" name="PUSH_POP_AF_HandlesFlags" />
    </UnitTest>
    <UnitTest name="GameBoy.Tests.PpuTests.Step_CompletesFrameAfter70224Cycles" storage="/home/runner/work/blazorboy/blazorboy/src/gameboy.tests/bin/debug/net8.0/gameboy.tests.dll" id="b4ca1f67-377d-5b64-6dc8-217adc485371">
      <Execution id="993c91f1-0c3c-417a-b7b1-27b065a712af" />
      <TestMethod codeBase="/home/runner/work/BlazorBoy/BlazorBoy/src/GameBoy.Tests/bin/Debug/net8.0/GameBoy.Tests.dll" adapterTypeName="executor://xunit/VsTestRunner2/netcoreapp" className="GameBoy.Tests.PpuTests" name="Step_CompletesFrameAfter70224Cycles" />
    </UnitTest>
    <UnitTest name="GameBoy.Tests.DmaTests.DMA_StepWhenInactive_DoesNothing" storage="/home/runner/work/blazorboy/blazorboy/src/gameboy.tests/bin/debug/net8.0/gameboy.tests.dll" id="5631cf5b-d21e-75d9-a374-e436d6a8e2f9">
      <Execution id="5e68be32-f216-400d-a370-9a3099a18869" />
      <TestMethod codeBase="/home/runner/work/BlazorBoy/BlazorBoy/src/GameBoy.Tests/bin/Debug/net8.0/GameBoy.Tests.dll" adapterTypeName="executor://xunit/VsTestRunner2/netcoreapp" className="GameBoy.Tests.DmaTests" name="DMA_StepWhenInactive_DoesNothing" />
    </UnitTest>
    <UnitTest name="GameBoy.Tests.InterruptControllerTests.Service_ReturnsCorrectVectorAddress(interruptType: Joypad, expectedVector: 96)" storage="/home/runner/work/blazorboy/blazorboy/src/gameboy.tests/bin/debug/net8.0/gameboy.tests.dll" id="cce0821b-565f-90c1-d147-a80ba20063a3">
      <Execution id="ea349696-250a-402f-87ce-e880552cf159" />
      <TestMethod codeBase="/home/runner/work/BlazorBoy/BlazorBoy/src/GameBoy.Tests/bin/Debug/net8.0/GameBoy.Tests.dll" adapterTypeName="executor://xunit/VsTestRunner2/netcoreapp" className="GameBoy.Tests.InterruptControllerTests" name="Service_ReturnsCorrectVectorAddress" />
    </UnitTest>
    <UnitTest name="GameBoy.Tests.CpuMmuIntegrationTests.Immediate_Addressing_TestedViaOpcodes" storage="/home/runner/work/blazorboy/blazorboy/src/gameboy.tests/bin/debug/net8.0/gameboy.tests.dll" id="ade91ca1-bfbb-6365-5b55-cb6a1e091baf">
      <Execution id="78f3e9aa-f750-46ec-b123-cc7b4969d194" />
      <TestMethod codeBase="/home/runner/work/BlazorBoy/BlazorBoy/src/GameBoy.Tests/bin/Debug/net8.0/GameBoy.Tests.dll" adapterTypeName="executor://xunit/VsTestRunner2/netcoreapp" className="GameBoy.Tests.CpuMmuIntegrationTests" name="Immediate_Addressing_TestedViaOpcodes" />
    </UnitTest>
    <UnitTest name="GameBoy.Tests.CartridgeMmuIntegrationTests.Mmu_ExternalRam_Mbc5Banking" storage="/home/runner/work/blazorboy/blazorboy/src/gameboy.tests/bin/debug/net8.0/gameboy.tests.dll" id="9254af5a-af8d-f19f-0feb-43b5eb588fad">
      <Execution id="1c9e63b9-3d06-4e50-87c3-f4f867b985b0" />
      <TestMethod codeBase="/home/runner/work/BlazorBoy/BlazorBoy/src/GameBoy.Tests/bin/Debug/net8.0/GameBoy.Tests.dll" adapterTypeName="executor://xunit/VsTestRunner2/netcoreapp" className="GameBoy.Tests.CartridgeMmuIntegrationTests" name="Mmu_ExternalRam_Mbc5Banking" />
    </UnitTest>
    <UnitTest name="GameBoy.Tests.InterruptIntegrationTests.Joypad_ButtonRelease_DoesNotRequestInterrupt" storage="/home/runner/work/blazorboy/blazorboy/src/gameboy.tests/bin/debug/net8.0/gameboy.tests.dll" id="ae2278dd-53fa-7040-970e-d5078bc43913">
      <Execution id="35d4a29b-c775-4bbe-be3a-ab313c64de40" />
      <TestMethod codeBase="/home/runner/work/BlazorBoy/BlazorBoy/src/GameBoy.Tests/bin/Debug/net8.0/GameBoy.Tests.dll" adapterTypeName="executor://xunit/VsTestRunner2/netcoreapp" className="GameBoy.Tests.InterruptIntegrationTests" name="Joypad_ButtonRelease_DoesNotRequestInterrupt" />
    </UnitTest>
    <UnitTest name="GameBoy.Tests.InstructionTimingTests.ConditionalCallTaken_Takes24Cycles" storage="/home/runner/work/blazorboy/blazorboy/src/gameboy.tests/bin/debug/net8.0/gameboy.tests.dll" id="f0d63bb3-94ea-f504-8db4-009257b74c0a">
      <Execution id="c79a84ae-ad78-4e2b-9db3-f43d14434e15" />
      <TestMethod codeBase="/home/runner/work/BlazorBoy/BlazorBoy/src/GameBoy.Tests/bin/Debug/net8.0/GameBoy.Tests.dll" adapterTypeName="executor://xunit/VsTestRunner2/netcoreapp" className="GameBoy.Tests.InstructionTimingTests" name="ConditionalCallTaken_Takes24Cycles" />
    </UnitTest>
    <UnitTest name="GameBoy.Tests.SpriteTests.GetRelativeY_ReturnsCorrectValue(y: 80, scanline: 68, attributes: 64, expected: 3)" storage="/home/runner/work/blazorboy/blazorboy/src/gameboy.tests/bin/debug/net8.0/gameboy.tests.dll" id="a78c8a52-6910-3a5f-1123-09fcf306f4cc">
      <Execution id="f3dfb935-1609-4155-ace8-9d8e81495701" />
      <TestMethod codeBase="/home/runner/work/BlazorBoy/BlazorBoy/src/GameBoy.Tests/bin/Debug/net8.0/GameBoy.Tests.dll" adapterTypeName="executor://xunit/VsTestRunner2/netcoreapp" className="GameBoy.Tests.SpriteTests" name="GetRelativeY_ReturnsCorrectValue" />
    </UnitTest>
    <UnitTest name="GameBoy.Tests.CpuMmuIntegrationTests.Immediate_MemoryAddressing_UsesMmuCorrectly" storage="/home/runner/work/blazorboy/blazorboy/src/gameboy.tests/bin/debug/net8.0/gameboy.tests.dll" id="28d1e023-9d79-d53d-81c6-ccce86cf148a">
      <Execution id="097cd042-f105-42ee-98e2-8c0564e7bece" />
      <TestMethod codeBase="/home/runner/work/BlazorBoy/BlazorBoy/src/GameBoy.Tests/bin/Debug/net8.0/GameBoy.Tests.dll" adapterTypeName="executor://xunit/VsTestRunner2/netcoreapp" className="GameBoy.Tests.CpuMmuIntegrationTests" name="Immediate_MemoryAddressing_UsesMmuCorrectly" />
    </UnitTest>
    <UnitTest name="GameBoy.Tests.InstructionTimingTests.EnableInterrupts_Takes4Cycles" storage="/home/runner/work/blazorboy/blazorboy/src/gameboy.tests/bin/debug/net8.0/gameboy.tests.dll" id="4c8a9765-bd5e-dc7f-3d26-de0abe4dbde8">
      <Execution id="577fc8ea-5498-4a40-80a2-fc2174da9478" />
      <TestMethod codeBase="/home/runner/work/BlazorBoy/BlazorBoy/src/GameBoy.Tests/bin/Debug/net8.0/GameBoy.Tests.dll" adapterTypeName="executor://xunit/VsTestRunner2/netcoreapp" className="GameBoy.Tests.InstructionTimingTests" name="EnableInterrupts_Takes4Cycles" />
    </UnitTest>
    <UnitTest name="GameBoy.Tests.AluTests.Subtract_ZeroResult_SetsZeroFlag" storage="/home/runner/work/blazorboy/blazorboy/src/gameboy.tests/bin/debug/net8.0/gameboy.tests.dll" id="520348a5-5e1d-29b0-157c-f566a371215e">
      <Execution id="dcbe2c71-6db1-4d9e-a230-bd9f74aca546" />
      <TestMethod codeBase="/home/runner/work/BlazorBoy/BlazorBoy/src/GameBoy.Tests/bin/Debug/net8.0/GameBoy.Tests.dll" adapterTypeName="executor://xunit/VsTestRunner2/netcoreapp" className="GameBoy.Tests.AluTests" name="Subtract_ZeroResult_SetsZeroFlag" />
    </UnitTest>
    <UnitTest name="GameBoy.Tests.InstructionTimingTests.CBBitTest_Takes12CyclesForMemory" storage="/home/runner/work/blazorboy/blazorboy/src/gameboy.tests/bin/debug/net8.0/gameboy.tests.dll" id="2e2f7ee5-9f8a-8aac-dfbf-f570f898b9e0">
      <Execution id="a6395594-5116-428d-98b2-0d2f73809da6" />
      <TestMethod codeBase="/home/runner/work/BlazorBoy/BlazorBoy/src/GameBoy.Tests/bin/Debug/net8.0/GameBoy.Tests.dll" adapterTypeName="executor://xunit/VsTestRunner2/netcoreapp" className="GameBoy.Tests.InstructionTimingTests" name="CBBitTest_Takes12CyclesForMemory" />
    </UnitTest>
    <UnitTest name="GameBoy.Tests.InterruptControllerTests.IE_SetAndRead_ReturnsExactValue(value: 0)" storage="/home/runner/work/blazorboy/blazorboy/src/gameboy.tests/bin/debug/net8.0/gameboy.tests.dll" id="f736261a-ceb3-d80c-da2d-f67bd5cfa055">
      <Execution id="eb89b2c9-21e9-4a89-86d8-831fac18455e" />
      <TestMethod codeBase="/home/runner/work/BlazorBoy/BlazorBoy/src/GameBoy.Tests/bin/Debug/net8.0/GameBoy.Tests.dll" adapterTypeName="executor://xunit/VsTestRunner2/netcoreapp" className="GameBoy.Tests.InterruptControllerTests" name="IE_SetAndRead_ReturnsExactValue" />
    </UnitTest>
    <UnitTest name="GameBoy.Tests.Integration.MooneyeInterruptTests.Mooneye_InterruptTests_ExecuteSuccessfully(category: &quot;interrupts&quot;, romFile: &quot;push_timing.gb&quot;, description: &quot;PUSH instruction timing with interrupts&quot;)" storage="/home/runner/work/blazorboy/blazorboy/src/gameboy.tests/bin/debug/net8.0/gameboy.tests.dll" id="bb3e3cb6-5ec5-32f7-8b9c-22f212359e2e">
      <Execution id="5f48cdc4-f6e1-4e2f-b021-2f129889f806" />
      <TestMethod codeBase="/home/runner/work/BlazorBoy/BlazorBoy/src/GameBoy.Tests/bin/Debug/net8.0/GameBoy.Tests.dll" adapterTypeName="executor://xunit/VsTestRunner2/netcoreapp" className="GameBoy.Tests.Integration.MooneyeInterruptTests" name="Mooneye_InterruptTests_ExecuteSuccessfully" />
    </UnitTest>
    <UnitTest name="GameBoy.Tests.CartridgeHeaderTests.IsValidHeader_InvalidRomSize_ReturnsFalse" storage="/home/runner/work/blazorboy/blazorboy/src/gameboy.tests/bin/debug/net8.0/gameboy.tests.dll" id="fa39466d-d3ef-961a-befb-035a0c704616">
      <Execution id="5cd1f4bd-4257-41c0-bda7-91cfa112b8c0" />
      <TestMethod codeBase="/home/runner/work/BlazorBoy/BlazorBoy/src/GameBoy.Tests/bin/Debug/net8.0/GameBoy.Tests.dll" adapterTypeName="executor://xunit/VsTestRunner2/netcoreapp" className="GameBoy.Tests.CartridgeHeaderTests" name="IsValidHeader_InvalidRomSize_ReturnsFalse" />
    </UnitTest>
    <UnitTest name="GameBoy.Tests.CartridgeHeaderTests.GlobalChecksum_ParsedCorrectly" storage="/home/runner/work/blazorboy/blazorboy/src/gameboy.tests/bin/debug/net8.0/gameboy.tests.dll" id="f8681056-21ff-2663-89c0-a8966f79df64">
      <Execution id="359d52c5-91d0-44c6-8786-1c8fe2b84d0f" />
      <TestMethod codeBase="/home/runner/work/BlazorBoy/BlazorBoy/src/GameBoy.Tests/bin/Debug/net8.0/GameBoy.Tests.dll" adapterTypeName="executor://xunit/VsTestRunner2/netcoreapp" className="GameBoy.Tests.CartridgeHeaderTests" name="GlobalChecksum_ParsedCorrectly" />
    </UnitTest>
    <UnitTest name="GameBoy.Tests.CpuAddressingTests.SetR8_SetsCorrectRegisterValues" storage="/home/runner/work/blazorboy/blazorboy/src/gameboy.tests/bin/debug/net8.0/gameboy.tests.dll" id="842372a3-4c75-5446-4153-0efabaa521b2">
      <Execution id="95e98efb-6941-4f38-acd0-45be331aa25f" />
      <TestMethod codeBase="/home/runner/work/BlazorBoy/BlazorBoy/src/GameBoy.Tests/bin/Debug/net8.0/GameBoy.Tests.dll" adapterTypeName="executor://xunit/VsTestRunner2/netcoreapp" className="GameBoy.Tests.CpuAddressingTests" name="SetR8_SetsCorrectRegisterValues" />
    </UnitTest>
    <UnitTest name="GameBoy.Tests.LcdcTests.ImplicitConversion_ToByte_Works" storage="/home/runner/work/blazorboy/blazorboy/src/gameboy.tests/bin/debug/net8.0/gameboy.tests.dll" id="407bf025-9726-1eb8-ff52-cc9121983994">
      <Execution id="143d470f-9d8c-4138-a0c8-88ab9df6b810" />
      <TestMethod codeBase="/home/runner/work/BlazorBoy/BlazorBoy/src/GameBoy.Tests/bin/Debug/net8.0/GameBoy.Tests.dll" adapterTypeName="executor://xunit/VsTestRunner2/netcoreapp" className="GameBoy.Tests.LcdcTests" name="ImplicitConversion_ToByte_Works" />
    </UnitTest>
    <UnitTest name="GameBoy.Tests.InterruptServiceRoutineTests.EI_HasOneInstructionDelay" storage="/home/runner/work/blazorboy/blazorboy/src/gameboy.tests/bin/debug/net8.0/gameboy.tests.dll" id="e3a0e17b-fbaf-e1fc-2d51-9d42b626e027">
      <Execution id="f26a92c4-d550-4c11-9017-fd67390feed3" />
      <TestMethod codeBase="/home/runner/work/BlazorBoy/BlazorBoy/src/GameBoy.Tests/bin/Debug/net8.0/GameBoy.Tests.dll" adapterTypeName="executor://xunit/VsTestRunner2/netcoreapp" className="GameBoy.Tests.InterruptServiceRoutineTests" name="EI_HasOneInstructionDelay" />
    </UnitTest>
    <UnitTest name="GameBoy.Tests.Integration.MooneyeInterruptTests.Mooneye_InterruptTests_ExecuteSuccessfully(category: &quot;interrupts&quot;, romFile: &quot;jp_timing.gb&quot;, description: &quot;Jump timing with interrupts&quot;)" storage="/home/runner/work/blazorboy/blazorboy/src/gameboy.tests/bin/debug/net8.0/gameboy.tests.dll" id="53f7c435-635b-3868-b979-95fc306ccf90">
      <Execution id="f7039a93-3842-4304-9f19-8db42161eb9b" />
      <TestMethod codeBase="/home/runner/work/BlazorBoy/BlazorBoy/src/GameBoy.Tests/bin/Debug/net8.0/GameBoy.Tests.dll" adapterTypeName="executor://xunit/VsTestRunner2/netcoreapp" className="GameBoy.Tests.Integration.MooneyeInterruptTests" name="Mooneye_InterruptTests_ExecuteSuccessfully" />
    </UnitTest>
    <UnitTest name="GameBoy.Tests.InterruptControllerTests.IF_SetAndRead_ReturnsCorrectValues(setValue: 16, expectedRead: 240)" storage="/home/runner/work/blazorboy/blazorboy/src/gameboy.tests/bin/debug/net8.0/gameboy.tests.dll" id="978cc0f8-3b08-267c-0482-b2f981c59607">
      <Execution id="fc7f6d2f-0f78-402f-a859-dc6671f43e4b" />
      <TestMethod codeBase="/home/runner/work/BlazorBoy/BlazorBoy/src/GameBoy.Tests/bin/Debug/net8.0/GameBoy.Tests.dll" adapterTypeName="executor://xunit/VsTestRunner2/netcoreapp" className="GameBoy.Tests.InterruptControllerTests" name="IF_SetAndRead_ReturnsCorrectValues" />
    </UnitTest>
    <UnitTest name="GameBoy.Tests.CpuAddressingTests.ReadHL_ReadsFromHLAddress" storage="/home/runner/work/blazorboy/blazorboy/src/gameboy.tests/bin/debug/net8.0/gameboy.tests.dll" id="aa62db2f-bb74-b7aa-d62d-6596b839e885">
      <Execution id="abd36c06-bf13-460e-96f1-c3cfc5d00b98" />
      <TestMethod codeBase="/home/runner/work/BlazorBoy/BlazorBoy/src/GameBoy.Tests/bin/Debug/net8.0/GameBoy.Tests.dll" adapterTypeName="executor://xunit/VsTestRunner2/netcoreapp" className="GameBoy.Tests.CpuAddressingTests" name="ReadHL_ReadsFromHLAddress" />
    </UnitTest>
    <UnitTest name="GameBoy.Tests.PpuTests.Constructor_InitializesWithCorrectDefaults" storage="/home/runner/work/blazorboy/blazorboy/src/gameboy.tests/bin/debug/net8.0/gameboy.tests.dll" id="830e9c75-a696-61f0-53b1-886f7b1a4eee">
      <Execution id="6958b139-f767-4ef0-bb2d-a219f1df4d60" />
      <TestMethod codeBase="/home/runner/work/BlazorBoy/BlazorBoy/src/GameBoy.Tests/bin/Debug/net8.0/GameBoy.Tests.dll" adapterTypeName="executor://xunit/VsTestRunner2/netcoreapp" className="GameBoy.Tests.PpuTests" name="Constructor_InitializesWithCorrectDefaults" />
    </UnitTest>
    <UnitTest name="GameBoy.Tests.Integration.MooneyeInterruptTests.Mooneye_TimerInterruptTests_ExecuteSuccessfully(category: &quot;timer&quot;, romFile: &quot;tim00.gb&quot;, description: &quot;Timer interrupt test 00&quot;)" storage="/home/runner/work/blazorboy/blazorboy/src/gameboy.tests/bin/debug/net8.0/gameboy.tests.dll" id="609bd508-17ee-c9e2-b1d6-3c5aaf63cbcb">
      <Execution id="13e3c358-0d9b-42de-8a76-4ee7055d9830" />
      <TestMethod codeBase="/home/runner/work/BlazorBoy/BlazorBoy/src/GameBoy.Tests/bin/Debug/net8.0/GameBoy.Tests.dll" adapterTypeName="executor://xunit/VsTestRunner2/netcoreapp" className="GameBoy.Tests.Integration.MooneyeInterruptTests" name="Mooneye_TimerInterruptTests_ExecuteSuccessfully" />
    </UnitTest>
    <UnitTest name="GameBoy.Tests.PpuTests.FrameBuffer_InitializedToCorrectSize" storage="/home/runner/work/blazorboy/blazorboy/src/gameboy.tests/bin/debug/net8.0/gameboy.tests.dll" id="afc435a3-721e-372b-2cf7-9c97a5e16d70">
      <Execution id="d9c6ea0e-470c-4465-8bbd-c1b69b527935" />
      <TestMethod codeBase="/home/runner/work/BlazorBoy/BlazorBoy/src/GameBoy.Tests/bin/Debug/net8.0/GameBoy.Tests.dll" adapterTypeName="executor://xunit/VsTestRunner2/netcoreapp" className="GameBoy.Tests.PpuTests" name="FrameBuffer_InitializedToCorrectSize" />
    </UnitTest>
    <UnitTest name="GameBoy.Tests.Integration.CpuInstructionTests.EI_EnablesInterrupts" storage="/home/runner/work/blazorboy/blazorboy/src/gameboy.tests/bin/debug/net8.0/gameboy.tests.dll" id="542e7ba1-0d64-c9c9-5e5e-a4769e37178b">
      <Execution id="d3636d3f-4f67-4521-ba03-f9d5257e08ef" />
      <TestMethod codeBase="/home/runner/work/BlazorBoy/BlazorBoy/src/GameBoy.Tests/bin/Debug/net8.0/GameBoy.Tests.dll" adapterTypeName="executor://xunit/VsTestRunner2/netcoreapp" className="GameBoy.Tests.Integration.CpuInstructionTests" name="EI_EnablesInterrupts" />
    </UnitTest>
    <UnitTest name="GameBoy.Tests.Mbc5Tests.WriteRom_StressTest_MultipleRapidSwitches" storage="/home/runner/work/blazorboy/blazorboy/src/gameboy.tests/bin/debug/net8.0/gameboy.tests.dll" id="475d18e5-9db1-a092-702c-7aaa422889f3">
      <Execution id="1ab66cb4-e9f0-456a-9a43-04143664fb09" />
      <TestMethod codeBase="/home/runner/work/BlazorBoy/BlazorBoy/src/GameBoy.Tests/bin/Debug/net8.0/GameBoy.Tests.dll" adapterTypeName="executor://xunit/VsTestRunner2/netcoreapp" className="GameBoy.Tests.Mbc5Tests" name="WriteRom_StressTest_MultipleRapidSwitches" />
    </UnitTest>
    <UnitTest name="GameBoy.Tests.PpuTests.VBlankPeriod_Lasts10Scanlines" storage="/home/runner/work/blazorboy/blazorboy/src/gameboy.tests/bin/debug/net8.0/gameboy.tests.dll" id="2bed2bee-9740-0d24-0cb3-ff5f6dbbff87">
      <Execution id="dc18a35d-227a-4876-ae06-7dfbcc8f16aa" />
      <TestMethod codeBase="/home/runner/work/BlazorBoy/BlazorBoy/src/GameBoy.Tests/bin/Debug/net8.0/GameBoy.Tests.dll" adapterTypeName="executor://xunit/VsTestRunner2/netcoreapp" className="GameBoy.Tests.PpuTests" name="VBlankPeriod_Lasts10Scanlines" />
    </UnitTest>
    <UnitTest name="GameBoy.Tests.InstructionTimingTests.Add16BitToHL_Takes8Cycles" storage="/home/runner/work/blazorboy/blazorboy/src/gameboy.tests/bin/debug/net8.0/gameboy.tests.dll" id="53e5e7a8-6024-ff60-79aa-aa6369ee1521">
      <Execution id="bacf5b8b-6853-4684-a84f-118f53c1ce83" />
      <TestMethod codeBase="/home/runner/work/BlazorBoy/BlazorBoy/src/GameBoy.Tests/bin/Debug/net8.0/GameBoy.Tests.dll" adapterTypeName="executor://xunit/VsTestRunner2/netcoreapp" className="GameBoy.Tests.InstructionTimingTests" name="Add16BitToHL_Takes8Cycles" />
    </UnitTest>
    <UnitTest name="GameBoy.Tests.AluTests.Xor_SameValues_ZeroResult" storage="/home/runner/work/blazorboy/blazorboy/src/gameboy.tests/bin/debug/net8.0/gameboy.tests.dll" id="7d6987f5-e6da-033a-8efe-53a51124e623">
      <Execution id="58b3d5e2-1a43-4b72-baf4-1f5c8858bc92" />
      <TestMethod codeBase="/home/runner/work/BlazorBoy/BlazorBoy/src/GameBoy.Tests/bin/Debug/net8.0/GameBoy.Tests.dll" adapterTypeName="executor://xunit/VsTestRunner2/netcoreapp" className="GameBoy.Tests.AluTests" name="Xor_SameValues_ZeroResult" />
    </UnitTest>
    <UnitTest name="GameBoy.Tests.CpuAddressingTests.WriteHLI_WritesToHLAddressThenIncrementsHL" storage="/home/runner/work/blazorboy/blazorboy/src/gameboy.tests/bin/debug/net8.0/gameboy.tests.dll" id="693b087f-6635-45fa-1763-ca3dcb3bc156">
      <Execution id="405e7c83-ae10-46fb-961a-12d14a6651b1" />
      <TestMethod codeBase="/home/runner/work/BlazorBoy/BlazorBoy/src/GameBoy.Tests/bin/Debug/net8.0/GameBoy.Tests.dll" adapterTypeName="executor://xunit/VsTestRunner2/netcoreapp" className="GameBoy.Tests.CpuAddressingTests" name="WriteHLI_WritesToHLAddressThenIncrementsHL" />
    </UnitTest>
    <UnitTest name="GameBoy.Tests.Integration.MooneyeInterruptTests.Mooneye_TimerInterruptTests_ExecuteSuccessfully(category: &quot;timer&quot;, romFile: &quot;tim01_div_trigger.gb&quot;, description: &quot;Timer 01 DIV trigger interrupt&quot;)" storage="/home/runner/work/blazorboy/blazorboy/src/gameboy.tests/bin/debug/net8.0/gameboy.tests.dll" id="2448f416-24b3-a77c-3dfa-22ab364a1590">
      <Execution id="277f0313-c9a4-4b02-9921-0b1fd4c539d1" />
      <TestMethod codeBase="/home/runner/work/BlazorBoy/BlazorBoy/src/GameBoy.Tests/bin/Debug/net8.0/GameBoy.Tests.dll" adapterTypeName="executor://xunit/VsTestRunner2/netcoreapp" className="GameBoy.Tests.Integration.MooneyeInterruptTests" name="Mooneye_TimerInterruptTests_ExecuteSuccessfully" />
    </UnitTest>
    <UnitTest name="GameBoy.Tests.InstructionGroupTests.RLCA_RotatesALeftCircular" storage="/home/runner/work/blazorboy/blazorboy/src/gameboy.tests/bin/debug/net8.0/gameboy.tests.dll" id="e4dc0e2e-fa2d-300b-80f0-7da1faa305b9">
      <Execution id="441d5e9d-0ad6-444d-bd5e-cb0ff1e297d5" />
      <TestMethod codeBase="/home/runner/work/BlazorBoy/BlazorBoy/src/GameBoy.Tests/bin/Debug/net8.0/GameBoy.Tests.dll" adapterTypeName="executor://xunit/VsTestRunner2/netcoreapp" className="GameBoy.Tests.InstructionGroupTests" name="RLCA_RotatesALeftCircular" />
    </UnitTest>
    <UnitTest name="GameBoy.Tests.Mbc3Tests.WriteRom_InvalidAddressRanges_Ignored" storage="/home/runner/work/blazorboy/blazorboy/src/gameboy.tests/bin/debug/net8.0/gameboy.tests.dll" id="13b2d5ab-a8d7-fa2d-5c45-a2159bda8e06">
      <Execution id="699cd8ea-1001-4768-9f5b-e18e6d13eb10" />
      <TestMethod codeBase="/home/runner/work/BlazorBoy/BlazorBoy/src/GameBoy.Tests/bin/Debug/net8.0/GameBoy.Tests.dll" adapterTypeName="executor://xunit/VsTestRunner2/netcoreapp" className="GameBoy.Tests.Mbc3Tests" name="WriteRom_InvalidAddressRanges_Ignored" />
    </UnitTest>
    <UnitTest name="GameBoy.Tests.InterruptControllerTests.Service_ReturnsCorrectVectorAddress(interruptType: VBlank, expectedVector: 64)" storage="/home/runner/work/blazorboy/blazorboy/src/gameboy.tests/bin/debug/net8.0/gameboy.tests.dll" id="6dc692d4-0494-2eee-592d-e3c2457b9840">
      <Execution id="726bebd8-ad2d-4430-800f-bbc9c5cb51ce" />
      <TestMethod codeBase="/home/runner/work/BlazorBoy/BlazorBoy/src/GameBoy.Tests/bin/Debug/net8.0/GameBoy.Tests.dll" adapterTypeName="executor://xunit/VsTestRunner2/netcoreapp" className="GameBoy.Tests.InterruptControllerTests" name="Service_ReturnsCorrectVectorAddress" />
    </UnitTest>
    <UnitTest name="GameBoy.Tests.DmaTests.DMA_Timing_CompletesAfter640Cycles" storage="/home/runner/work/blazorboy/blazorboy/src/gameboy.tests/bin/debug/net8.0/gameboy.tests.dll" id="59aecfd1-1da5-d3e6-bdb4-a614d851740e">
      <Execution id="d8f0010a-be46-44fc-b515-e3188c6f04d7" />
      <TestMethod codeBase="/home/runner/work/BlazorBoy/BlazorBoy/src/GameBoy.Tests/bin/Debug/net8.0/GameBoy.Tests.dll" adapterTypeName="executor://xunit/VsTestRunner2/netcoreapp" className="GameBoy.Tests.DmaTests" name="DMA_Timing_CompletesAfter640Cycles" />
    </UnitTest>
    <UnitTest name="GameBoy.Tests.CartridgeTests.Detect_AllMbc4Variants_ThrowsNotSupportedException(cartridgeType: 22)" storage="/home/runner/work/blazorboy/blazorboy/src/gameboy.tests/bin/debug/net8.0/gameboy.tests.dll" id="9e76cdfa-4287-5678-59bc-a2ef16368684">
      <Execution id="3bae70c2-209a-47b0-8eec-14ba3aac6fe7" />
      <TestMethod codeBase="/home/runner/work/BlazorBoy/BlazorBoy/src/GameBoy.Tests/bin/Debug/net8.0/GameBoy.Tests.dll" adapterTypeName="executor://xunit/VsTestRunner2/netcoreapp" className="GameBoy.Tests.CartridgeTests" name="Detect_AllMbc4Variants_ThrowsNotSupportedException" />
    </UnitTest>
    <UnitTest name="GameBoy.Tests.InstructionDecodingTests.SpecificInstructions_HaveCorrectMetadata(opcode: 6, expectedMnemonic: &quot;LD B,d8&quot;, expectedLength: 2, expectedCycles: 8, expectedOperandType: Immediate8)" storage="/home/runner/work/blazorboy/blazorboy/src/gameboy.tests/bin/debug/net8.0/gameboy.tests.dll" id="c1b5930e-abc0-c16e-85c6-cd5ff1cb4510">
      <Execution id="5412f54e-ac6b-4d6b-b090-db2719807dd7" />
      <TestMethod codeBase="/home/runner/work/BlazorBoy/BlazorBoy/src/GameBoy.Tests/bin/Debug/net8.0/GameBoy.Tests.dll" adapterTypeName="executor://xunit/VsTestRunner2/netcoreapp" className="GameBoy.Tests.InstructionDecodingTests" name="SpecificInstructions_HaveCorrectMetadata" />
    </UnitTest>
    <UnitTest name="GameBoy.Tests.InterruptControllerTests.Service_UnknownInterruptType_ThrowsArgumentException" storage="/home/runner/work/blazorboy/blazorboy/src/gameboy.tests/bin/debug/net8.0/gameboy.tests.dll" id="7d1fa485-61db-d455-8fc9-b8d8d9aeadfa">
      <Execution id="5d45fe22-900c-405f-878b-a5195c4a6779" />
      <TestMethod codeBase="/home/runner/work/BlazorBoy/BlazorBoy/src/GameBoy.Tests/bin/Debug/net8.0/GameBoy.Tests.dll" adapterTypeName="executor://xunit/VsTestRunner2/netcoreapp" className="GameBoy.Tests.InterruptControllerTests" name="Service_UnknownInterruptType_ThrowsArgumentException" />
    </UnitTest>
    <UnitTest name="GameBoy.Tests.LcdcTests.BgTileMapBase_ReturnsCorrectAddress(value: 0, expected: 38912)" storage="/home/runner/work/blazorboy/blazorboy/src/gameboy.tests/bin/debug/net8.0/gameboy.tests.dll" id="4ba8a168-003f-e76e-394c-a601c6c19eed">
      <Execution id="c8576a0d-f0a0-4ccf-b18a-6176992a8f78" />
      <TestMethod codeBase="/home/runner/work/BlazorBoy/BlazorBoy/src/GameBoy.Tests/bin/Debug/net8.0/GameBoy.Tests.dll" adapterTypeName="executor://xunit/VsTestRunner2/netcoreapp" className="GameBoy.Tests.LcdcTests" name="BgTileMapBase_ReturnsCorrectAddress" />
    </UnitTest>
    <UnitTest name="GameBoy.Tests.LcdcTests.BgWindowEnable_ReturnsCorrectValue(value: 0, expected: False)" storage="/home/runner/work/blazorboy/blazorboy/src/gameboy.tests/bin/debug/net8.0/gameboy.tests.dll" id="402c82be-c017-778a-e027-cfe8808bbe13">
      <Execution id="6c5592f5-6d88-45ce-9304-d0e98eacf4cd" />
      <TestMethod codeBase="/home/runner/work/BlazorBoy/BlazorBoy/src/GameBoy.Tests/bin/Debug/net8.0/GameBoy.Tests.dll" adapterTypeName="executor://xunit/VsTestRunner2/netcoreapp" className="GameBoy.Tests.LcdcTests" name="BgWindowEnable_ReturnsCorrectValue" />
    </UnitTest>
    <UnitTest name="GameBoy.Tests.CartridgeHeaderTests.Parse_TooSmallRom_ThrowsException" storage="/home/runner/work/blazorboy/blazorboy/src/gameboy.tests/bin/debug/net8.0/gameboy.tests.dll" id="510961c9-0b2a-b981-7f3f-8c335fddabb1">
      <Execution id="6dd0a404-9cdb-4d26-bff5-7a5c3c890435" />
      <TestMethod codeBase="/home/runner/work/BlazorBoy/BlazorBoy/src/GameBoy.Tests/bin/Debug/net8.0/GameBoy.Tests.dll" adapterTypeName="executor://xunit/VsTestRunner2/netcoreapp" className="GameBoy.Tests.CartridgeHeaderTests" name="Parse_TooSmallRom_ThrowsException" />
    </UnitTest>
    <UnitTest name="GameBoy.Tests.InstructionTimingTests.CBMemoryOperation_Takes16Cycles" storage="/home/runner/work/blazorboy/blazorboy/src/gameboy.tests/bin/debug/net8.0/gameboy.tests.dll" id="2d25ebee-a179-c801-154f-ab68779c76c4">
      <Execution id="2e3abd69-a777-447c-8bdf-f5c0fdcd263c" />
      <TestMethod codeBase="/home/runner/work/BlazorBoy/BlazorBoy/src/GameBoy.Tests/bin/Debug/net8.0/GameBoy.Tests.dll" adapterTypeName="executor://xunit/VsTestRunner2/netcoreapp" className="GameBoy.Tests.InstructionTimingTests" name="CBMemoryOperation_Takes16Cycles" />
    </UnitTest>
    <UnitTest name="GameBoy.Tests.InterruptIntegrationTests.Joypad_ButtonPress_RequestsJoypadInterrupt" storage="/home/runner/work/blazorboy/blazorboy/src/gameboy.tests/bin/debug/net8.0/gameboy.tests.dll" id="916d8540-0fee-2119-177c-843a3d20a173">
      <Execution id="b9aba0db-ded3-46a6-a300-4ba2937c66c3" />
      <TestMethod codeBase="/home/runner/work/BlazorBoy/BlazorBoy/src/GameBoy.Tests/bin/Debug/net8.0/GameBoy.Tests.dll" adapterTypeName="executor://xunit/VsTestRunner2/netcoreapp" className="GameBoy.Tests.InterruptIntegrationTests" name="Joypad_ButtonPress_RequestsJoypadInterrupt" />
    </UnitTest>
    <UnitTest name="GameBoy.Tests.CartridgeHeaderTests.Parse_NullRom_ThrowsArgumentException" storage="/home/runner/work/blazorboy/blazorboy/src/gameboy.tests/bin/debug/net8.0/gameboy.tests.dll" id="1a8dd309-1dfe-104c-e9ff-1695c90fcd4e">
      <Execution id="1f17dab0-47d1-4671-ad89-909af4fcf57d" />
      <TestMethod codeBase="/home/runner/work/BlazorBoy/BlazorBoy/src/GameBoy.Tests/bin/Debug/net8.0/GameBoy.Tests.dll" adapterTypeName="executor://xunit/VsTestRunner2/netcoreapp" className="GameBoy.Tests.CartridgeHeaderTests" name="Parse_NullRom_ThrowsArgumentException" />
    </UnitTest>
    <UnitTest name="GameBoy.Tests.Integration.BlarggInterruptTests.Blargg_InterruptTiming_ExecutesSuccessfully" storage="/home/runner/work/blazorboy/blazorboy/src/gameboy.tests/bin/debug/net8.0/gameboy.tests.dll" id="0ca4a099-52fa-db95-ae06-48156ea50b6d">
      <Execution id="11a70712-06c5-4aaf-b299-c78987daadc6" />
      <TestMethod codeBase="/home/runner/work/BlazorBoy/BlazorBoy/src/GameBoy.Tests/bin/Debug/net8.0/GameBoy.Tests.dll" adapterTypeName="executor://xunit/VsTestRunner2/netcoreapp" className="GameBoy.Tests.Integration.BlarggInterruptTests" name="Blargg_InterruptTiming_ExecutesSuccessfully" />
    </UnitTest>
    <UnitTest name="GameBoy.Tests.InterruptServiceRoutineTests.InterruptPriority_VBlankHighestPriority" storage="/home/runner/work/blazorboy/blazorboy/src/gameboy.tests/bin/debug/net8.0/gameboy.tests.dll" id="ace78cff-179a-9499-fa78-59d740597f66">
      <Execution id="6897402a-2956-43f4-b9e9-73d99fa68c24" />
      <TestMethod codeBase="/home/runner/work/BlazorBoy/BlazorBoy/src/GameBoy.Tests/bin/Debug/net8.0/GameBoy.Tests.dll" adapterTypeName="executor://xunit/VsTestRunner2/netcoreapp" className="GameBoy.Tests.InterruptServiceRoutineTests" name="InterruptPriority_VBlankHighestPriority" />
    </UnitTest>
    <UnitTest name="GameBoy.Tests.CartridgeTests.Detect_AllMbc5Variants_ReturnsCorrectCartridge(cartridgeType: 30)" storage="/home/runner/work/blazorboy/blazorboy/src/gameboy.tests/bin/debug/net8.0/gameboy.tests.dll" id="6582d5da-7575-b5da-765c-6bd7f2c3c453">
      <Execution id="63d44738-80ba-4685-872a-6f2f83870217" />
      <TestMethod codeBase="/home/runner/work/BlazorBoy/BlazorBoy/src/GameBoy.Tests/bin/Debug/net8.0/GameBoy.Tests.dll" adapterTypeName="executor://xunit/VsTestRunner2/netcoreapp" className="GameBoy.Tests.CartridgeTests" name="Detect_AllMbc5Variants_ReturnsCorrectCartridge" />
    </UnitTest>
    <UnitTest name="GameBoy.Tests.CartridgeTests.Detect_UnknownCartridgeTypes_ThrowsNotSupportedException(cartridgeType: 204)" storage="/home/runner/work/blazorboy/blazorboy/src/gameboy.tests/bin/debug/net8.0/gameboy.tests.dll" id="0505824a-6d7b-eeba-4727-6fa79e2c56f3">
      <Execution id="bea65d9e-524b-4b91-9336-8dffc6988cba" />
      <TestMethod codeBase="/home/runner/work/BlazorBoy/BlazorBoy/src/GameBoy.Tests/bin/Debug/net8.0/GameBoy.Tests.dll" adapterTypeName="executor://xunit/VsTestRunner2/netcoreapp" className="GameBoy.Tests.CartridgeTests" name="Detect_UnknownCartridgeTypes_ThrowsNotSupportedException" />
    </UnitTest>
    <UnitTest name="GameBoy.Tests.CartridgeTests.Detect_AllMbc4Variants_ThrowsNotSupportedException(cartridgeType: 23)" storage="/home/runner/work/blazorboy/blazorboy/src/gameboy.tests/bin/debug/net8.0/gameboy.tests.dll" id="f91ff194-938d-3151-15ad-e1bedb725c08">
      <Execution id="d62c9053-7bf0-45ce-a8ea-642fe8446600" />
      <TestMethod codeBase="/home/runner/work/BlazorBoy/BlazorBoy/src/GameBoy.Tests/bin/Debug/net8.0/GameBoy.Tests.dll" adapterTypeName="executor://xunit/VsTestRunner2/netcoreapp" className="GameBoy.Tests.CartridgeTests" name="Detect_AllMbc4Variants_ThrowsNotSupportedException" />
    </UnitTest>
    <UnitTest name="GameBoy.Tests.Integration.MooneyeInterruptTests.Mooneye_InterruptTests_ExecuteSuccessfully(category: &quot;interrupts&quot;, romFile: &quot;oam_dma_restart.gb&quot;, description: &quot;OAM DMA restart interrupt test&quot;)" storage="/home/runner/work/blazorboy/blazorboy/src/gameboy.tests/bin/debug/net8.0/gameboy.tests.dll" id="40b3ee84-2a33-de43-b253-9cf8061579ae">
      <Execution id="595bfc79-0a26-465f-9020-d2bf49dfc43d" />
      <TestMethod codeBase="/home/runner/work/BlazorBoy/BlazorBoy/src/GameBoy.Tests/bin/Debug/net8.0/GameBoy.Tests.dll" adapterTypeName="executor://xunit/VsTestRunner2/netcoreapp" className="GameBoy.Tests.Integration.MooneyeInterruptTests" name="Mooneye_InterruptTests_ExecuteSuccessfully" />
    </UnitTest>
    <UnitTest name="GameBoy.Tests.SpriteTests.GetTopTileIndex_ReturnsCorrectIndex(tileIndex: 5, is8x16: True, expected: 4)" storage="/home/runner/work/blazorboy/blazorboy/src/gameboy.tests/bin/debug/net8.0/gameboy.tests.dll" id="a68cd308-2a9b-f9c8-0013-027d44c0bcc2">
      <Execution id="2df09784-b993-4f36-907f-293ff7db6a7e" />
      <TestMethod codeBase="/home/runner/work/BlazorBoy/BlazorBoy/src/GameBoy.Tests/bin/Debug/net8.0/GameBoy.Tests.dll" adapterTypeName="executor://xunit/VsTestRunner2/netcoreapp" className="GameBoy.Tests.SpriteTests" name="GetTopTileIndex_ReturnsCorrectIndex" />
    </UnitTest>
    <UnitTest name="GameBoy.Tests.TimerBlarggTests.BlarggTimer_Test06_DivWrite" storage="/home/runner/work/blazorboy/blazorboy/src/gameboy.tests/bin/debug/net8.0/gameboy.tests.dll" id="10771405-225e-32ee-617f-3795aa9d6e76">
      <Execution id="f0318ed6-8bb8-44c8-b8f1-e81e8a2d00cc" />
      <TestMethod codeBase="/home/runner/work/BlazorBoy/BlazorBoy/src/GameBoy.Tests/bin/Debug/net8.0/GameBoy.Tests.dll" adapterTypeName="executor://xunit/VsTestRunner2/netcoreapp" className="GameBoy.Tests.TimerBlarggTests" name="BlarggTimer_Test06_DivWrite" />
    </UnitTest>
    <UnitTest name="GameBoy.Tests.InstructionGroupTests.SCF_SetsCarryFlag" storage="/home/runner/work/blazorboy/blazorboy/src/gameboy.tests/bin/debug/net8.0/gameboy.tests.dll" id="c89d49e1-2b6a-7602-ddab-9ef30f2c78fa">
      <Execution id="328daa0b-496a-4a4d-a2ec-30ef78d0903a" />
      <TestMethod codeBase="/home/runner/work/BlazorBoy/BlazorBoy/src/GameBoy.Tests/bin/Debug/net8.0/GameBoy.Tests.dll" adapterTypeName="executor://xunit/VsTestRunner2/netcoreapp" className="GameBoy.Tests.InstructionGroupTests" name="SCF_SetsCarryFlag" />
    </UnitTest>
    <UnitTest name="GameBoy.Tests.InstructionDecodingTests.CPU_Step_HandlesKnownPrimaryOpcodes" storage="/home/runner/work/blazorboy/blazorboy/src/gameboy.tests/bin/debug/net8.0/gameboy.tests.dll" id="e37e904c-e09a-b555-45f3-729984081eed">
      <Execution id="8a696b34-e7fe-45e7-8a52-87609ddfa2b5" />
      <TestMethod codeBase="/home/runner/work/BlazorBoy/BlazorBoy/src/GameBoy.Tests/bin/Debug/net8.0/GameBoy.Tests.dll" adapterTypeName="executor://xunit/VsTestRunner2/netcoreapp" className="GameBoy.Tests.InstructionDecodingTests" name="CPU_Step_HandlesKnownPrimaryOpcodes" />
    </UnitTest>
    <UnitTest name="GameBoy.Tests.CartridgeHeaderTests.RamSize_InvalidCodes_DefaultsToZero(code: 6)" storage="/home/runner/work/blazorboy/blazorboy/src/gameboy.tests/bin/debug/net8.0/gameboy.tests.dll" id="481a9655-e6cf-cca5-fe8e-baa39a8def21">
      <Execution id="7bd4e0bf-04b0-4d92-a386-75b3639e7905" />
      <TestMethod codeBase="/home/runner/work/BlazorBoy/BlazorBoy/src/GameBoy.Tests/bin/Debug/net8.0/GameBoy.Tests.dll" adapterTypeName="executor://xunit/VsTestRunner2/netcoreapp" className="GameBoy.Tests.CartridgeHeaderTests" name="RamSize_InvalidCodes_DefaultsToZero" />
    </UnitTest>
    <UnitTest name="GameBoy.Tests.InstructionTimingTests.Rst_Takes16Cycles" storage="/home/runner/work/blazorboy/blazorboy/src/gameboy.tests/bin/debug/net8.0/gameboy.tests.dll" id="dbc0a0bc-887b-449d-8458-aa725a7f81e9">
      <Execution id="f9092289-07c1-4291-a1df-86bbf9a686e0" />
      <TestMethod codeBase="/home/runner/work/BlazorBoy/BlazorBoy/src/GameBoy.Tests/bin/Debug/net8.0/GameBoy.Tests.dll" adapterTypeName="executor://xunit/VsTestRunner2/netcoreapp" className="GameBoy.Tests.InstructionTimingTests" name="Rst_Takes16Cycles" />
    </UnitTest>
    <UnitTest name="GameBoy.Tests.Integration.BlarggInterruptTests.Blargg_SpecificInterruptTests_ExecuteSuccessfully(romFile: &quot;ie_push.gb&quot;, description: &quot;IE register push test&quot;)" storage="/home/runner/work/blazorboy/blazorboy/src/gameboy.tests/bin/debug/net8.0/gameboy.tests.dll" id="1480c90f-e1fd-93b1-8e83-f76f39ada216">
      <Execution id="2e007851-7d79-45d0-beeb-88be9fe2e775" />
      <TestMethod codeBase="/home/runner/work/BlazorBoy/BlazorBoy/src/GameBoy.Tests/bin/Debug/net8.0/GameBoy.Tests.dll" adapterTypeName="executor://xunit/VsTestRunner2/netcoreapp" className="GameBoy.Tests.Integration.BlarggInterruptTests" name="Blargg_SpecificInterruptTests_ExecuteSuccessfully" />
    </UnitTest>
    <UnitTest name="GameBoy.Tests.CartridgeTests.Detect_AllMbc3Variants_ReturnsCorrectCartridge(cartridgeType: 17)" storage="/home/runner/work/blazorboy/blazorboy/src/gameboy.tests/bin/debug/net8.0/gameboy.tests.dll" id="978040fa-4f8b-36da-ab29-4799df628420">
      <Execution id="b32eb742-aafc-43d0-9b67-b9b2221147cb" />
      <TestMethod codeBase="/home/runner/work/BlazorBoy/BlazorBoy/src/GameBoy.Tests/bin/Debug/net8.0/GameBoy.Tests.dll" adapterTypeName="executor://xunit/VsTestRunner2/netcoreapp" className="GameBoy.Tests.CartridgeTests" name="Detect_AllMbc3Variants_ReturnsCorrectCartridge" />
    </UnitTest>
    <UnitTest name="GameBoy.Tests.InstructionDecodingTests.CPU_Step_HandlesUnknownPrimaryOpcodes" storage="/home/runner/work/blazorboy/blazorboy/src/gameboy.tests/bin/debug/net8.0/gameboy.tests.dll" id="2c33bfb1-e133-563f-095d-da8765942f63">
      <Execution id="c54569fb-e2ad-4697-8be3-3e94ea619829" />
      <TestMethod codeBase="/home/runner/work/BlazorBoy/BlazorBoy/src/GameBoy.Tests/bin/Debug/net8.0/GameBoy.Tests.dll" adapterTypeName="executor://xunit/VsTestRunner2/netcoreapp" className="GameBoy.Tests.InstructionDecodingTests" name="CPU_Step_HandlesUnknownPrimaryOpcodes" />
    </UnitTest>
    <UnitTest name="GameBoy.Tests.IoRegionWiringTests.UnusedIoRegisters_IgnoreWrites" storage="/home/runner/work/blazorboy/blazorboy/src/gameboy.tests/bin/debug/net8.0/gameboy.tests.dll" id="4fce3a6f-33cf-35ce-a94c-5813500576ce">
      <Execution id="6f37d4d6-010e-4f01-b5a7-308f72ccb4a6" />
      <TestMethod codeBase="/home/runner/work/BlazorBoy/BlazorBoy/src/GameBoy.Tests/bin/Debug/net8.0/GameBoy.Tests.dll" adapterTypeName="executor://xunit/VsTestRunner2/netcoreapp" className="GameBoy.Tests.IoRegionWiringTests" name="UnusedIoRegisters_IgnoreWrites" />
    </UnitTest>
    <UnitTest name="GameBoy.Tests.LcdcTests.ObjEnable_ReturnsCorrectValue(value: 253, expected: False)" storage="/home/runner/work/blazorboy/blazorboy/src/gameboy.tests/bin/debug/net8.0/gameboy.tests.dll" id="5c80c942-469f-07a2-d1f7-27f3275a6764">
      <Execution id="3bef0921-fb94-4bd2-8cb2-9ac6161c8c4b" />
      <TestMethod codeBase="/home/runner/work/BlazorBoy/BlazorBoy/src/GameBoy.Tests/bin/Debug/net8.0/GameBoy.Tests.dll" adapterTypeName="executor://xunit/VsTestRunner2/netcoreapp" className="GameBoy.Tests.LcdcTests" name="ObjEnable_ReturnsCorrectValue" />
    </UnitTest>
    <UnitTest name="GameBoy.Tests.CpuMmuIntegrationTests.Memory_Access_HandlesMmuBehaviorCorrectly" storage="/home/runner/work/blazorboy/blazorboy/src/gameboy.tests/bin/debug/net8.0/gameboy.tests.dll" id="3e1cca0a-2970-4dbc-2731-d455fe03be95">
      <Execution id="6ebf2dea-0a73-42be-b207-9942f7127f95" />
      <TestMethod codeBase="/home/runner/work/BlazorBoy/BlazorBoy/src/GameBoy.Tests/bin/Debug/net8.0/GameBoy.Tests.dll" adapterTypeName="executor://xunit/VsTestRunner2/netcoreapp" className="GameBoy.Tests.CpuMmuIntegrationTests" name="Memory_Access_HandlesMmuBehaviorCorrectly" />
    </UnitTest>
    <UnitTest name="GameBoy.Tests.TimerBlarggTests.BlarggTimer_Test02_TimerOn" storage="/home/runner/work/blazorboy/blazorboy/src/gameboy.tests/bin/debug/net8.0/gameboy.tests.dll" id="4ee41f3a-c109-c2d0-5e63-82bff5814980">
      <Execution id="9122a724-8db9-44b4-ba2b-51f72e05324e" />
      <TestMethod codeBase="/home/runner/work/BlazorBoy/BlazorBoy/src/GameBoy.Tests/bin/Debug/net8.0/GameBoy.Tests.dll" adapterTypeName="executor://xunit/VsTestRunner2/netcoreapp" className="GameBoy.Tests.TimerBlarggTests" name="BlarggTimer_Test02_TimerOn" />
    </UnitTest>
    <UnitTest name="GameBoy.Tests.PaletteTests.ToRgba_WithInvalidValue_ReturnsDefault(colorValue: -1, expectedRgba: -6571249)" storage="/home/runner/work/blazorboy/blazorboy/src/gameboy.tests/bin/debug/net8.0/gameboy.tests.dll" id="db721fc4-a1fe-b232-ce2c-bf8d98ca9de3">
      <Execution id="33fb9ab4-645a-41a0-9b05-cf9b8fc26d21" />
      <TestMethod codeBase="/home/runner/work/BlazorBoy/BlazorBoy/src/GameBoy.Tests/bin/Debug/net8.0/GameBoy.Tests.dll" adapterTypeName="executor://xunit/VsTestRunner2/netcoreapp" className="GameBoy.Tests.PaletteTests" name="ToRgba_WithInvalidValue_ReturnsDefault" />
    </UnitTest>
    <UnitTest name="GameBoy.Tests.SpriteTests.ToString_WithNoFlip_ShowsCorrectAttributes" storage="/home/runner/work/blazorboy/blazorboy/src/gameboy.tests/bin/debug/net8.0/gameboy.tests.dll" id="7d77ad84-99ef-6932-a665-b004fa1055e8">
      <Execution id="287fb7e2-01f1-4adc-a8bc-7554cd262f3b" />
      <TestMethod codeBase="/home/runner/work/BlazorBoy/BlazorBoy/src/GameBoy.Tests/bin/Debug/net8.0/GameBoy.Tests.dll" adapterTypeName="executor://xunit/VsTestRunner2/netcoreapp" className="GameBoy.Tests.SpriteTests" name="ToString_WithNoFlip_ShowsCorrectAttributes" />
    </UnitTest>
    <UnitTest name="GameBoy.Tests.PpuTests.Step_WithLcdDisabled_ReturnsWithoutProcessing" storage="/home/runner/work/blazorboy/blazorboy/src/gameboy.tests/bin/debug/net8.0/gameboy.tests.dll" id="0cb95117-bb54-f936-abbb-1cfe4d4bac64">
      <Execution id="73b0ee76-b472-4380-ba9f-b7d2d6f677f5" />
      <TestMethod codeBase="/home/runner/work/BlazorBoy/BlazorBoy/src/GameBoy.Tests/bin/Debug/net8.0/GameBoy.Tests.dll" adapterTypeName="executor://xunit/VsTestRunner2/netcoreapp" className="GameBoy.Tests.PpuTests" name="Step_WithLcdDisabled_ReturnsWithoutProcessing" />
    </UnitTest>
    <UnitTest name="GameBoy.Tests.Integration.BlarggIntegrationTests.CpuInstrs_IndividualTests_ExecuteSuccessfully(romFile: &quot;01-special.gb&quot;, description: &quot;Special instructions test&quot;)" storage="/home/runner/work/blazorboy/blazorboy/src/gameboy.tests/bin/debug/net8.0/gameboy.tests.dll" id="ea530db0-ac7d-6117-0ad3-2f5f4eca724a">
      <Execution id="48a34cdd-3060-40a7-8dfc-29d34f661867" />
      <TestMethod codeBase="/home/runner/work/BlazorBoy/BlazorBoy/src/GameBoy.Tests/bin/Debug/net8.0/GameBoy.Tests.dll" adapterTypeName="executor://xunit/VsTestRunner2/netcoreapp" className="GameBoy.Tests.Integration.BlarggIntegrationTests" name="CpuInstrs_IndividualTests_ExecuteSuccessfully" />
    </UnitTest>
    <UnitTest name="GameBoy.Tests.LcdcTests.BgWindowTileDataArea_ReturnsCorrectValue(value: 0, expected: False)" storage="/home/runner/work/blazorboy/blazorboy/src/gameboy.tests/bin/debug/net8.0/gameboy.tests.dll" id="a18d15b0-f324-9d33-b7ed-48ee9cc4590e">
      <Execution id="d3e80672-15c8-4362-95c5-f8ce0bd44ce1" />
      <TestMethod codeBase="/home/runner/work/BlazorBoy/BlazorBoy/src/GameBoy.Tests/bin/Debug/net8.0/GameBoy.Tests.dll" adapterTypeName="executor://xunit/VsTestRunner2/netcoreapp" className="GameBoy.Tests.LcdcTests" name="BgWindowTileDataArea_ReturnsCorrectValue" />
    </UnitTest>
    <UnitTest name="GameBoy.Tests.PpuTests.Step_FrameCompletion_ReturnsCorrectValue(cycles: 140448, expectedFrameReady: True)" storage="/home/runner/work/blazorboy/blazorboy/src/gameboy.tests/bin/debug/net8.0/gameboy.tests.dll" id="a9dc4bfe-b85d-d104-bff2-326f718be6de">
      <Execution id="6fca14a5-4837-4230-9470-26080eab91e8" />
      <TestMethod codeBase="/home/runner/work/BlazorBoy/BlazorBoy/src/GameBoy.Tests/bin/Debug/net8.0/GameBoy.Tests.dll" adapterTypeName="executor://xunit/VsTestRunner2/netcoreapp" className="GameBoy.Tests.PpuTests" name="Step_FrameCompletion_ReturnsCorrectValue" />
    </UnitTest>
    <UnitTest name="GameBoy.Tests.CartridgeHeaderTests.IsValidHeader_ValidHeader_ReturnsTrue" storage="/home/runner/work/blazorboy/blazorboy/src/gameboy.tests/bin/debug/net8.0/gameboy.tests.dll" id="f6a200d1-b9b8-5095-0a61-e8c0493b4264">
      <Execution id="302da327-48ee-43d4-ac0b-3336cd60cc3c" />
      <TestMethod codeBase="/home/runner/work/BlazorBoy/BlazorBoy/src/GameBoy.Tests/bin/Debug/net8.0/GameBoy.Tests.dll" adapterTypeName="executor://xunit/VsTestRunner2/netcoreapp" className="GameBoy.Tests.CartridgeHeaderTests" name="IsValidHeader_ValidHeader_ReturnsTrue" />
    </UnitTest>
    <UnitTest name="GameBoy.Tests.SpriteTests.GetTopTileIndex_ReturnsCorrectIndex(tileIndex: 3, is8x16: False, expected: 3)" storage="/home/runner/work/blazorboy/blazorboy/src/gameboy.tests/bin/debug/net8.0/gameboy.tests.dll" id="2cc51a93-07f5-daf4-6b16-dcf5ee32f5d8">
      <Execution id="be53969c-8bc7-4c19-bd77-ebff3a5079bc" />
      <TestMethod codeBase="/home/runner/work/BlazorBoy/BlazorBoy/src/GameBoy.Tests/bin/Debug/net8.0/GameBoy.Tests.dll" adapterTypeName="executor://xunit/VsTestRunner2/netcoreapp" className="GameBoy.Tests.SpriteTests" name="GetTopTileIndex_ReturnsCorrectIndex" />
    </UnitTest>
    <UnitTest name="GameBoy.Tests.InstructionTimingTests.UnconditionalReturn_Takes16Cycles" storage="/home/runner/work/blazorboy/blazorboy/src/gameboy.tests/bin/debug/net8.0/gameboy.tests.dll" id="1a5a175c-7394-584e-f9fe-95f4f5e8b3fa">
      <Execution id="9e92e013-03a6-4a5c-816b-80898c8c5153" />
      <TestMethod codeBase="/home/runner/work/BlazorBoy/BlazorBoy/src/GameBoy.Tests/bin/Debug/net8.0/GameBoy.Tests.dll" adapterTypeName="executor://xunit/VsTestRunner2/netcoreapp" className="GameBoy.Tests.InstructionTimingTests" name="UnconditionalReturn_Takes16Cycles" />
    </UnitTest>
    <UnitTest name="GameBoy.Tests.Integration.BlarggIntegrationTests.CpuInstrs_IndividualTests_ExecuteSuccessfully(romFile: &quot;11-op a,(hl).gb&quot;, description: &quot;OP A,(HL) instruction test&quot;)" storage="/home/runner/work/blazorboy/blazorboy/src/gameboy.tests/bin/debug/net8.0/gameboy.tests.dll" id="cd44edf2-4e22-e8a9-653b-830594a5b38d">
      <Execution id="d17a48be-954b-4e42-8c08-50ba29bd2c81" />
      <TestMethod codeBase="/home/runner/work/BlazorBoy/BlazorBoy/src/GameBoy.Tests/bin/Debug/net8.0/GameBoy.Tests.dll" adapterTypeName="executor://xunit/VsTestRunner2/netcoreapp" className="GameBoy.Tests.Integration.BlarggIntegrationTests" name="CpuInstrs_IndividualTests_ExecuteSuccessfully" />
    </UnitTest>
    <UnitTest name="GameBoy.Tests.CpuAddressingTests.SetR8_ThrowsForReservedIndex" storage="/home/runner/work/blazorboy/blazorboy/src/gameboy.tests/bin/debug/net8.0/gameboy.tests.dll" id="bb6d6d49-b42d-12b0-93af-94d6a5818cca">
      <Execution id="dd5cc4c3-4053-4aec-b01f-069ff9ff89b8" />
      <TestMethod codeBase="/home/runner/work/BlazorBoy/BlazorBoy/src/GameBoy.Tests/bin/Debug/net8.0/GameBoy.Tests.dll" adapterTypeName="executor://xunit/VsTestRunner2/netcoreapp" className="GameBoy.Tests.CpuAddressingTests" name="SetR8_ThrowsForReservedIndex" />
    </UnitTest>
    <UnitTest name="GameBoy.Tests.IoRegsTests.IoRegs_ShouldBeInCorrectRange" storage="/home/runner/work/blazorboy/blazorboy/src/gameboy.tests/bin/debug/net8.0/gameboy.tests.dll" id="56aa3417-1cf6-3110-e475-31df7cce1614">
      <Execution id="3ab34755-73fe-4241-b176-47348d0abed7" />
      <TestMethod codeBase="/home/runner/work/BlazorBoy/BlazorBoy/src/GameBoy.Tests/bin/Debug/net8.0/GameBoy.Tests.dll" adapterTypeName="executor://xunit/VsTestRunner2/netcoreapp" className="GameBoy.Tests.IoRegsTests" name="IoRegs_ShouldBeInCorrectRange" />
    </UnitTest>
    <UnitTest name="GameBoy.Tests.InterruptServiceRoutineTests.HALT_Bug_DoesNotTriggerWhenNoInterruptPending" storage="/home/runner/work/blazorboy/blazorboy/src/gameboy.tests/bin/debug/net8.0/gameboy.tests.dll" id="7ec6547c-6e29-39e0-114d-f0c40b5d12aa">
      <Execution id="c085809f-80a6-4821-993e-12738dcd9a16" />
      <TestMethod codeBase="/home/runner/work/BlazorBoy/BlazorBoy/src/GameBoy.Tests/bin/Debug/net8.0/GameBoy.Tests.dll" adapterTypeName="executor://xunit/VsTestRunner2/netcoreapp" className="GameBoy.Tests.InterruptServiceRoutineTests" name="HALT_Bug_DoesNotTriggerWhenNoInterruptPending" />
    </UnitTest>
    <UnitTest name="GameBoy.Tests.PpuTests.Step_TriggersVBlankAtScanline144" storage="/home/runner/work/blazorboy/blazorboy/src/gameboy.tests/bin/debug/net8.0/gameboy.tests.dll" id="ce133b36-590b-f13e-a10e-9804ae3a4992">
      <Execution id="3d3f7976-6603-4e45-ad34-5ecdcf1a8557" />
      <TestMethod codeBase="/home/runner/work/BlazorBoy/BlazorBoy/src/GameBoy.Tests/bin/Debug/net8.0/GameBoy.Tests.dll" adapterTypeName="executor://xunit/VsTestRunner2/netcoreapp" className="GameBoy.Tests.PpuTests" name="Step_TriggersVBlankAtScanline144" />
    </UnitTest>
    <UnitTest name="GameBoy.Tests.InterruptIntegrationTests.ComplexEmulatorScenario_MultipleInterruptSources" storage="/home/runner/work/blazorboy/blazorboy/src/gameboy.tests/bin/debug/net8.0/gameboy.tests.dll" id="ea897db6-d1b5-392f-b302-24373d4b0903">
      <Execution id="988f67f3-67ab-4b38-9a5d-387bbf1b8766" />
      <TestMethod codeBase="/home/runner/work/BlazorBoy/BlazorBoy/src/GameBoy.Tests/bin/Debug/net8.0/GameBoy.Tests.dll" adapterTypeName="executor://xunit/VsTestRunner2/netcoreapp" className="GameBoy.Tests.InterruptIntegrationTests" name="ComplexEmulatorScenario_MultipleInterruptSources" />
    </UnitTest>
    <UnitTest name="GameBoy.Tests.CartridgeHeaderTests.RamSize_InvalidCodes_DefaultsToZero(code: 255)" storage="/home/runner/work/blazorboy/blazorboy/src/gameboy.tests/bin/debug/net8.0/gameboy.tests.dll" id="aa468564-3fed-7531-2863-b13b77656923">
      <Execution id="c018538e-3b4b-4ebf-b969-82883556338d" />
      <TestMethod codeBase="/home/runner/work/BlazorBoy/BlazorBoy/src/GameBoy.Tests/bin/Debug/net8.0/GameBoy.Tests.dll" adapterTypeName="executor://xunit/VsTestRunner2/netcoreapp" className="GameBoy.Tests.CartridgeHeaderTests" name="RamSize_InvalidCodes_DefaultsToZero" />
    </UnitTest>
    <UnitTest name="GameBoy.Tests.TimerTests.DIV_IncrementsEvery256Cycles" storage="/home/runner/work/blazorboy/blazorboy/src/gameboy.tests/bin/debug/net8.0/gameboy.tests.dll" id="567f6b34-ff76-a4ea-2a3d-217577dec7eb">
      <Execution id="c35e5115-cccb-42b5-9fdd-6a4af71bfa0c" />
      <TestMethod codeBase="/home/runner/work/BlazorBoy/BlazorBoy/src/GameBoy.Tests/bin/Debug/net8.0/GameBoy.Tests.dll" adapterTypeName="executor://xunit/VsTestRunner2/netcoreapp" className="GameBoy.Tests.TimerTests" name="DIV_IncrementsEvery256Cycles" />
    </UnitTest>
    <UnitTest name="GameBoy.Tests.CartridgeHeaderTests.RamSize_CalculatesCorrectSizeForStandardCodes(code: 0, expectedSize: 0)" storage="/home/runner/work/blazorboy/blazorboy/src/gameboy.tests/bin/debug/net8.0/gameboy.tests.dll" id="06119e69-dfbf-234b-b8b0-6197b791bb56">
      <Execution id="a14e9eef-547f-4122-99e5-1d8dd429f4b9" />
      <TestMethod codeBase="/home/runner/work/BlazorBoy/BlazorBoy/src/GameBoy.Tests/bin/Debug/net8.0/GameBoy.Tests.dll" adapterTypeName="executor://xunit/VsTestRunner2/netcoreapp" className="GameBoy.Tests.CartridgeHeaderTests" name="RamSize_CalculatesCorrectSizeForStandardCodes" />
    </UnitTest>
    <UnitTest name="GameBoy.Tests.Integration.MooneyeInterruptTests.Mooneye_InterruptTests_ExecuteSuccessfully(category: &quot;interrupts&quot;, romFile: &quot;rapid_di_ei.gb&quot;, description: &quot;Rapid DI/EI sequence test&quot;)" storage="/home/runner/work/blazorboy/blazorboy/src/gameboy.tests/bin/debug/net8.0/gameboy.tests.dll" id="d2b7f50a-fc22-1c68-4e17-f4c6e8ea0304">
      <Execution id="d450cada-828b-44dd-ae08-caf2199a54a3" />
      <TestMethod codeBase="/home/runner/work/BlazorBoy/BlazorBoy/src/GameBoy.Tests/bin/Debug/net8.0/GameBoy.Tests.dll" adapterTypeName="executor://xunit/VsTestRunner2/netcoreapp" className="GameBoy.Tests.Integration.MooneyeInterruptTests" name="Mooneye_InterruptTests_ExecuteSuccessfully" />
    </UnitTest>
    <UnitTest name="GameBoy.Tests.LcdcTests.WindowTileMapBase_ReturnsCorrectAddress(value: 0, expected: 38912)" storage="/home/runner/work/blazorboy/blazorboy/src/gameboy.tests/bin/debug/net8.0/gameboy.tests.dll" id="78f33c2d-48c4-77be-97fb-3886c37f41cb">
      <Execution id="7880a760-c83e-476c-9a8e-b841f7c258ce" />
      <TestMethod codeBase="/home/runner/work/BlazorBoy/BlazorBoy/src/GameBoy.Tests/bin/Debug/net8.0/GameBoy.Tests.dll" adapterTypeName="executor://xunit/VsTestRunner2/netcoreapp" className="GameBoy.Tests.LcdcTests" name="WindowTileMapBase_ReturnsCorrectAddress" />
    </UnitTest>
    <UnitTest name="GameBoy.Tests.InterruptControllerTests.Request_SetsCorrectIFBit(interruptType: LCDStat, expectedBit: 2)" storage="/home/runner/work/blazorboy/blazorboy/src/gameboy.tests/bin/debug/net8.0/gameboy.tests.dll" id="43ffae91-3c3f-5b3f-0674-d29445ec638e">
      <Execution id="5e386f56-fd6b-484c-ba19-dce16a5ffe88" />
      <TestMethod codeBase="/home/runner/work/BlazorBoy/BlazorBoy/src/GameBoy.Tests/bin/Debug/net8.0/GameBoy.Tests.dll" adapterTypeName="executor://xunit/VsTestRunner2/netcoreapp" className="GameBoy.Tests.InterruptControllerTests" name="Request_SetsCorrectIFBit" />
    </UnitTest>
    <UnitTest name="GameBoy.Tests.AddressingHelpersExampleTests.Example_CopyArrayUsingHLIncrement" storage="/home/runner/work/blazorboy/blazorboy/src/gameboy.tests/bin/debug/net8.0/gameboy.tests.dll" id="f875f231-3682-e917-5927-759456c2b78f">
      <Execution id="eb7c533c-c8be-4e42-be66-2cc4e92c7f22" />
      <TestMethod codeBase="/home/runner/work/BlazorBoy/BlazorBoy/src/GameBoy.Tests/bin/Debug/net8.0/GameBoy.Tests.dll" adapterTypeName="executor://xunit/VsTestRunner2/netcoreapp" className="GameBoy.Tests.AddressingHelpersExampleTests" name="Example_CopyArrayUsingHLIncrement" />
    </UnitTest>
    <UnitTest name="GameBoy.Tests.DmaTests.DMA_ValidSources_CopiesCorrectly(dmaValue: 192, expectedSource: 49152)" storage="/home/runner/work/blazorboy/blazorboy/src/gameboy.tests/bin/debug/net8.0/gameboy.tests.dll" id="be144a9b-f2b5-14d0-195b-cc413062252c">
      <Execution id="e7947ce2-66ff-46d7-a03f-51d37e949b95" />
      <TestMethod codeBase="/home/runner/work/BlazorBoy/BlazorBoy/src/GameBoy.Tests/bin/Debug/net8.0/GameBoy.Tests.dll" adapterTypeName="executor://xunit/VsTestRunner2/netcoreapp" className="GameBoy.Tests.DmaTests" name="DMA_ValidSources_CopiesCorrectly" />
    </UnitTest>
    <UnitTest name="GameBoy.Tests.CartridgeHeaderTests.RomSize_CalculatesCorrectSizeForStandardCodes(code: 5, expectedSize: 1048576)" storage="/home/runner/work/blazorboy/blazorboy/src/gameboy.tests/bin/debug/net8.0/gameboy.tests.dll" id="de4e05da-3328-a544-d910-69d51975e04a">
      <Execution id="410c4ef1-041e-46c6-a225-e24b3e7ce1aa" />
      <TestMethod codeBase="/home/runner/work/BlazorBoy/BlazorBoy/src/GameBoy.Tests/bin/Debug/net8.0/GameBoy.Tests.dll" adapterTypeName="executor://xunit/VsTestRunner2/netcoreapp" className="GameBoy.Tests.CartridgeHeaderTests" name="RomSize_CalculatesCorrectSizeForStandardCodes" />
    </UnitTest>
    <UnitTest name="GameBoy.Tests.CartridgeHeaderTests.RomSize_CalculatesCorrectSizeForSpecialCodes(code: 83, expectedSize: 1310720)" storage="/home/runner/work/blazorboy/blazorboy/src/gameboy.tests/bin/debug/net8.0/gameboy.tests.dll" id="3dba4670-7f2d-7e97-581e-f31f7d603172">
      <Execution id="bef5a284-029e-4133-bf9e-0b3c6e56b80c" />
      <TestMethod codeBase="/home/runner/work/BlazorBoy/BlazorBoy/src/GameBoy.Tests/bin/Debug/net8.0/GameBoy.Tests.dll" adapterTypeName="executor://xunit/VsTestRunner2/netcoreapp" className="GameBoy.Tests.CartridgeHeaderTests" name="RomSize_CalculatesCorrectSizeForSpecialCodes" />
    </UnitTest>
    <UnitTest name="GameBoy.Tests.InstructionDecodingTests.Primary_KnownOpcodes_AreNotNull" storage="/home/runner/work/blazorboy/blazorboy/src/gameboy.tests/bin/debug/net8.0/gameboy.tests.dll" id="736a4bef-bdb1-78f2-ba0b-46d191f101ec">
      <Execution id="7a3ea7b9-7b06-42d6-a7a1-f8f82225965d" />
      <TestMethod codeBase="/home/runner/work/BlazorBoy/BlazorBoy/src/GameBoy.Tests/bin/Debug/net8.0/GameBoy.Tests.dll" adapterTypeName="executor://xunit/VsTestRunner2/netcoreapp" className="GameBoy.Tests.InstructionDecodingTests" name="Primary_KnownOpcodes_AreNotNull" />
    </UnitTest>
    <UnitTest name="GameBoy.Tests.MmuTests.JOYP_WritesOnlyAffectBits4And5" storage="/home/runner/work/blazorboy/blazorboy/src/gameboy.tests/bin/debug/net8.0/gameboy.tests.dll" id="892517e5-2cf5-e85a-1d55-05972719f450">
      <Execution id="87fa043f-44fa-43a8-b71e-6287b22cd92f" />
      <TestMethod codeBase="/home/runner/work/BlazorBoy/BlazorBoy/src/GameBoy.Tests/bin/Debug/net8.0/GameBoy.Tests.dll" adapterTypeName="executor://xunit/VsTestRunner2/netcoreapp" className="GameBoy.Tests.MmuTests" name="JOYP_WritesOnlyAffectBits4And5" />
    </UnitTest>
    <UnitTest name="GameBoy.Tests.CartridgeHeaderTests.RamSize_CalculatesCorrectSizeForStandardCodes(code: 3, expectedSize: 32768)" storage="/home/runner/work/blazorboy/blazorboy/src/gameboy.tests/bin/debug/net8.0/gameboy.tests.dll" id="0b730cc7-d231-f16e-3ff3-f528370de282">
      <Execution id="01ae50d8-b193-4b2a-a847-96ff78c0fef4" />
      <TestMethod codeBase="/home/runner/work/BlazorBoy/BlazorBoy/src/GameBoy.Tests/bin/Debug/net8.0/GameBoy.Tests.dll" adapterTypeName="executor://xunit/VsTestRunner2/netcoreapp" className="GameBoy.Tests.CartridgeHeaderTests" name="RamSize_CalculatesCorrectSizeForStandardCodes" />
    </UnitTest>
    <UnitTest name="GameBoy.Tests.Integration.CpuInstructionTests.NOP_DoesNothing" storage="/home/runner/work/blazorboy/blazorboy/src/gameboy.tests/bin/debug/net8.0/gameboy.tests.dll" id="ea2d4f52-c982-9232-6a9e-fa9d16fc8b66">
      <Execution id="37db6bbe-aedb-4261-96c4-a1cd8541dc63" />
      <TestMethod codeBase="/home/runner/work/BlazorBoy/BlazorBoy/src/GameBoy.Tests/bin/Debug/net8.0/GameBoy.Tests.dll" adapterTypeName="executor://xunit/VsTestRunner2/netcoreapp" className="GameBoy.Tests.Integration.CpuInstructionTests" name="NOP_DoesNothing" />
    </UnitTest>
    <UnitTest name="GameBoy.Tests.CartridgeHeaderTests.IsValidHeader_InvalidDestinationCode_ReturnsFalse" storage="/home/runner/work/blazorboy/blazorboy/src/gameboy.tests/bin/debug/net8.0/gameboy.tests.dll" id="c16dde80-73df-e503-e4c5-5ac4986a1dbe">
      <Execution id="d0e4955f-8213-4223-9a88-2f0d2eebb27b" />
      <TestMethod codeBase="/home/runner/work/BlazorBoy/BlazorBoy/src/GameBoy.Tests/bin/Debug/net8.0/GameBoy.Tests.dll" adapterTypeName="executor://xunit/VsTestRunner2/netcoreapp" className="GameBoy.Tests.CartridgeHeaderTests" name="IsValidHeader_InvalidDestinationCode_ReturnsFalse" />
    </UnitTest>
    <UnitTest name="GameBoy.Tests.Mbc1Tests.WriteRom_AdvancedBankingMode_Bank0AreaBanking" storage="/home/runner/work/blazorboy/blazorboy/src/gameboy.tests/bin/debug/net8.0/gameboy.tests.dll" id="26883bbb-ed62-9ce9-3caf-c0e39a2a600e">
      <Execution id="df518a92-8be3-44c4-9953-135268910e66" />
      <TestMethod codeBase="/home/runner/work/BlazorBoy/BlazorBoy/src/GameBoy.Tests/bin/Debug/net8.0/GameBoy.Tests.dll" adapterTypeName="executor://xunit/VsTestRunner2/netcoreapp" className="GameBoy.Tests.Mbc1Tests" name="WriteRom_AdvancedBankingMode_Bank0AreaBanking" />
    </UnitTest>
    <UnitTest name="GameBoy.Tests.CpuAddressingTests.ReadDE_ReadsFromDEAddress" storage="/home/runner/work/blazorboy/blazorboy/src/gameboy.tests/bin/debug/net8.0/gameboy.tests.dll" id="7d42feb9-bbac-5e95-7966-4598ed6ca7c8">
      <Execution id="360c3cb5-49aa-40a7-9f62-ea89d4b843fa" />
      <TestMethod codeBase="/home/runner/work/BlazorBoy/BlazorBoy/src/GameBoy.Tests/bin/Debug/net8.0/GameBoy.Tests.dll" adapterTypeName="executor://xunit/VsTestRunner2/netcoreapp" className="GameBoy.Tests.CpuAddressingTests" name="ReadDE_ReadsFromDEAddress" />
    </UnitTest>
    <UnitTest name="GameBoy.Tests.CpuMmuIntegrationTests.RegisterPair_Addressing_CrossesMemoryBoundaries" storage="/home/runner/work/blazorboy/blazorboy/src/gameboy.tests/bin/debug/net8.0/gameboy.tests.dll" id="308af67d-87fa-ca36-4e7e-abfba831bdcf">
      <Execution id="35e0e665-df21-4bd4-a4f0-fbdc8fbb26b5" />
      <TestMethod codeBase="/home/runner/work/BlazorBoy/BlazorBoy/src/GameBoy.Tests/bin/Debug/net8.0/GameBoy.Tests.dll" adapterTypeName="executor://xunit/VsTestRunner2/netcoreapp" className="GameBoy.Tests.CpuMmuIntegrationTests" name="RegisterPair_Addressing_CrossesMemoryBoundaries" />
    </UnitTest>
    <UnitTest name="GameBoy.Tests.PpuTests.Step_WithMmuIntegration_UpdatesRegistersCorrectly" storage="/home/runner/work/blazorboy/blazorboy/src/gameboy.tests/bin/debug/net8.0/gameboy.tests.dll" id="7d58d65d-bd82-9d12-122d-6184650a94c1">
      <Execution id="0a6160a9-3443-449f-ac4f-0c537ec367a8" />
      <TestMethod codeBase="/home/runner/work/BlazorBoy/BlazorBoy/src/GameBoy.Tests/bin/Debug/net8.0/GameBoy.Tests.dll" adapterTypeName="executor://xunit/VsTestRunner2/netcoreapp" className="GameBoy.Tests.PpuTests" name="Step_WithMmuIntegration_UpdatesRegistersCorrectly" />
    </UnitTest>
    <UnitTest name="GameBoy.Tests.CartridgeHeaderTests.RamSize_InvalidCodes_DefaultsToZero(code: 153)" storage="/home/runner/work/blazorboy/blazorboy/src/gameboy.tests/bin/debug/net8.0/gameboy.tests.dll" id="6c0464d1-fd5c-e555-4e7b-41995cb84088">
      <Execution id="2c4947f5-699c-488c-9c4a-0b8cfe61365d" />
      <TestMethod codeBase="/home/runner/work/BlazorBoy/BlazorBoy/src/GameBoy.Tests/bin/Debug/net8.0/GameBoy.Tests.dll" adapterTypeName="executor://xunit/VsTestRunner2/netcoreapp" className="GameBoy.Tests.CartridgeHeaderTests" name="RamSize_InvalidCodes_DefaultsToZero" />
    </UnitTest>
    <UnitTest name="GameBoy.Tests.CpuAddressingTests.WriteHighImm8_WritesToHighRAMPlusImmediateValue" storage="/home/runner/work/blazorboy/blazorboy/src/gameboy.tests/bin/debug/net8.0/gameboy.tests.dll" id="b09e3f56-27cc-ba83-332b-895d4fe4a28f">
      <Execution id="0f8d43be-c9b7-4032-9e76-02918ad1c5c2" />
      <TestMethod codeBase="/home/runner/work/BlazorBoy/BlazorBoy/src/GameBoy.Tests/bin/Debug/net8.0/GameBoy.Tests.dll" adapterTypeName="executor://xunit/VsTestRunner2/netcoreapp" className="GameBoy.Tests.CpuAddressingTests" name="WriteHighImm8_WritesToHighRAMPlusImmediateValue" />
    </UnitTest>
    <UnitTest name="GameBoy.Tests.InterruptControllerTests.TryGetPending_SingleInterrupt_ReturnsCorrectType(ifValue: 4, ieValue: 4, expectedType: Timer)" storage="/home/runner/work/blazorboy/blazorboy/src/gameboy.tests/bin/debug/net8.0/gameboy.tests.dll" id="ab3b523d-d43d-6356-79ca-f0ecc5e21019">
      <Execution id="b6e767b9-fae1-4ebd-b53b-b889822ad2c9" />
      <TestMethod codeBase="/home/runner/work/BlazorBoy/BlazorBoy/src/GameBoy.Tests/bin/Debug/net8.0/GameBoy.Tests.dll" adapterTypeName="executor://xunit/VsTestRunner2/netcoreapp" className="GameBoy.Tests.InterruptControllerTests" name="TryGetPending_SingleInterrupt_ReturnsCorrectType" />
    </UnitTest>
    <UnitTest name="GameBoy.Tests.InterruptServiceRoutineTests.InterruptPriority_CorrectOrder" storage="/home/runner/work/blazorboy/blazorboy/src/gameboy.tests/bin/debug/net8.0/gameboy.tests.dll" id="922c7fb1-2eb1-cd6d-ef31-81ed0fce9b5a">
      <Execution id="005649b0-7904-467f-8ef2-9aad9523b28e" />
      <TestMethod codeBase="/home/runner/work/BlazorBoy/BlazorBoy/src/GameBoy.Tests/bin/Debug/net8.0/GameBoy.Tests.dll" adapterTypeName="executor://xunit/VsTestRunner2/netcoreapp" className="GameBoy.Tests.InterruptServiceRoutineTests" name="InterruptPriority_CorrectOrder" />
    </UnitTest>
    <UnitTest name="GameBoy.Tests.Integration.MooneyeInterruptTests.Mooneye_PPUInterruptTests_ExecuteSuccessfully(category: &quot;ppu&quot;, romFile: &quot;lcdon_write_timing-GS.gb&quot;, description: &quot;LCD ON write timing interrupt&quot;)" storage="/home/runner/work/blazorboy/blazorboy/src/gameboy.tests/bin/debug/net8.0/gameboy.tests.dll" id="6e836b62-3be5-ba37-09d4-15d443e87de7">
      <Execution id="b1e4cf51-9c83-42f7-95ed-1136d3ec8463" />
      <TestMethod codeBase="/home/runner/work/BlazorBoy/BlazorBoy/src/GameBoy.Tests/bin/Debug/net8.0/GameBoy.Tests.dll" adapterTypeName="executor://xunit/VsTestRunner2/netcoreapp" className="GameBoy.Tests.Integration.MooneyeInterruptTests" name="Mooneye_PPUInterruptTests_ExecuteSuccessfully" />
    </UnitTest>
    <UnitTest name="GameBoy.Tests.CartridgeHeaderTests.RomSize_CalculatesCorrectSizeForSpecialCodes(code: 82, expectedSize: 1179648)" storage="/home/runner/work/blazorboy/blazorboy/src/gameboy.tests/bin/debug/net8.0/gameboy.tests.dll" id="10536bfe-e475-8001-6d5c-9ccf57974d7a">
      <Execution id="31c2b700-85ed-48e1-ada6-88b7277ecb0a" />
      <TestMethod codeBase="/home/runner/work/BlazorBoy/BlazorBoy/src/GameBoy.Tests/bin/Debug/net8.0/GameBoy.Tests.dll" adapterTypeName="executor://xunit/VsTestRunner2/netcoreapp" className="GameBoy.Tests.CartridgeHeaderTests" name="RomSize_CalculatesCorrectSizeForSpecialCodes" />
    </UnitTest>
    <UnitTest name="GameBoy.Tests.Mbc1Tests.BatteryInterface_LoadExternalRam_LoadsSavedData" storage="/home/runner/work/blazorboy/blazorboy/src/gameboy.tests/bin/debug/net8.0/gameboy.tests.dll" id="99cc3c43-4d2a-2e5c-c15d-54e63153c5aa">
      <Execution id="1cb879fe-6ce4-4eaf-99ca-a4f3da34a55e" />
      <TestMethod codeBase="/home/runner/work/BlazorBoy/BlazorBoy/src/GameBoy.Tests/bin/Debug/net8.0/GameBoy.Tests.dll" adapterTypeName="executor://xunit/VsTestRunner2/netcoreapp" className="GameBoy.Tests.Mbc1Tests" name="BatteryInterface_LoadExternalRam_LoadsSavedData" />
    </UnitTest>
    <UnitTest name="GameBoy.Tests.MmuTests.ReadWord_LittleEndian" storage="/home/runner/work/blazorboy/blazorboy/src/gameboy.tests/bin/debug/net8.0/gameboy.tests.dll" id="d7c472e1-68f0-98a1-9e95-1392afc79d31">
      <Execution id="851f20be-766b-45d3-a125-1ecdb438dce6" />
      <TestMethod codeBase="/home/runner/work/BlazorBoy/BlazorBoy/src/GameBoy.Tests/bin/Debug/net8.0/GameBoy.Tests.dll" adapterTypeName="executor://xunit/VsTestRunner2/netcoreapp" className="GameBoy.Tests.MmuTests" name="ReadWord_LittleEndian" />
    </UnitTest>
    <UnitTest name="GameBoy.Tests.InterruptControllerTests.IF_SetAndRead_ReturnsCorrectValues(setValue: 1, expectedRead: 225)" storage="/home/runner/work/blazorboy/blazorboy/src/gameboy.tests/bin/debug/net8.0/gameboy.tests.dll" id="23bd6660-ddb3-b70e-d169-213001745968">
      <Execution id="9bbd4106-c199-4b55-80d1-b2c1549c2e92" />
      <TestMethod codeBase="/home/runner/work/BlazorBoy/BlazorBoy/src/GameBoy.Tests/bin/Debug/net8.0/GameBoy.Tests.dll" adapterTypeName="executor://xunit/VsTestRunner2/netcoreapp" className="GameBoy.Tests.InterruptControllerTests" name="IF_SetAndRead_ReturnsCorrectValues" />
    </UnitTest>
    <UnitTest name="GameBoy.Tests.EmulatorMbcIntegrationTests.Emulator_LoadRom_AllUnsupportedMbcTypes_ThrowsNotSupportedException(cartridgeType: 255, expectedMbcName: &quot;HuC1&quot;)" storage="/home/runner/work/blazorboy/blazorboy/src/gameboy.tests/bin/debug/net8.0/gameboy.tests.dll" id="868c6e37-cda9-3454-52f1-7ea096cc11d1">
      <Execution id="5f5ec5bf-cba8-4817-a476-2cde7ed27fce" />
      <TestMethod codeBase="/home/runner/work/BlazorBoy/BlazorBoy/src/GameBoy.Tests/bin/Debug/net8.0/GameBoy.Tests.dll" adapterTypeName="executor://xunit/VsTestRunner2/netcoreapp" className="GameBoy.Tests.EmulatorMbcIntegrationTests" name="Emulator_LoadRom_AllUnsupportedMbcTypes_ThrowsNotSupportedException" />
    </UnitTest>
    <UnitTest name="GameBoy.Tests.InterruptIntegrationTests.Serial_StartTransfer_RequestsSerialInterrupt" storage="/home/runner/work/blazorboy/blazorboy/src/gameboy.tests/bin/debug/net8.0/gameboy.tests.dll" id="a7baf0bb-a7ed-aa7a-8506-517c862119c1">
      <Execution id="729ca049-7c9d-4c29-b5c1-3d73cd0a01ee" />
      <TestMethod codeBase="/home/runner/work/BlazorBoy/BlazorBoy/src/GameBoy.Tests/bin/Debug/net8.0/GameBoy.Tests.dll" adapterTypeName="executor://xunit/VsTestRunner2/netcoreapp" className="GameBoy.Tests.InterruptIntegrationTests" name="Serial_StartTransfer_RequestsSerialInterrupt" />
    </UnitTest>
    <UnitTest name="GameBoy.Tests.InterruptIntegrationTests.HALTIntegration_EmulatorWithSubsystems" storage="/home/runner/work/blazorboy/blazorboy/src/gameboy.tests/bin/debug/net8.0/gameboy.tests.dll" id="c2cf7f34-49df-069d-7a44-7e6e42be2315">
      <Execution id="6152f407-00d1-42e3-bbfc-695ab5a9bdf2" />
      <TestMethod codeBase="/home/runner/work/BlazorBoy/BlazorBoy/src/GameBoy.Tests/bin/Debug/net8.0/GameBoy.Tests.dll" adapterTypeName="executor://xunit/VsTestRunner2/netcoreapp" className="GameBoy.Tests.InterruptIntegrationTests" name="HALTIntegration_EmulatorWithSubsystems" />
    </UnitTest>
    <UnitTest name="GameBoy.Tests.AluTests.SubtractWithCarry_NoCarryIn_SameAsSub" storage="/home/runner/work/blazorboy/blazorboy/src/gameboy.tests/bin/debug/net8.0/gameboy.tests.dll" id="cacebda4-2c80-c528-2f0b-83bab685baec">
      <Execution id="567d3f29-2a1c-4fd1-a244-c7c14fd8caaa" />
      <TestMethod codeBase="/home/runner/work/BlazorBoy/BlazorBoy/src/GameBoy.Tests/bin/Debug/net8.0/GameBoy.Tests.dll" adapterTypeName="executor://xunit/VsTestRunner2/netcoreapp" className="GameBoy.Tests.AluTests" name="SubtractWithCarry_NoCarryIn_SameAsSub" />
    </UnitTest>
    <UnitTest name="GameBoy.Tests.EmulatorMbcIntegrationTests.Mmu_ErrorHandling_ExternalRamAccessibility" storage="/home/runner/work/blazorboy/blazorboy/src/gameboy.tests/bin/debug/net8.0/gameboy.tests.dll" id="60fe7012-5b2d-c287-e552-24c4866393ba">
      <Execution id="52a96903-c89c-4d79-ae11-074e57304a1d" />
      <TestMethod codeBase="/home/runner/work/BlazorBoy/BlazorBoy/src/GameBoy.Tests/bin/Debug/net8.0/GameBoy.Tests.dll" adapterTypeName="executor://xunit/VsTestRunner2/netcoreapp" className="GameBoy.Tests.EmulatorMbcIntegrationTests" name="Mmu_ErrorHandling_ExternalRamAccessibility" />
    </UnitTest>
    <UnitTest name="GameBoy.Tests.SpriteTests.IsVisibleHorizontally_ReturnsCorrectValue(x: 8, expected: True)" storage="/home/runner/work/blazorboy/blazorboy/src/gameboy.tests/bin/debug/net8.0/gameboy.tests.dll" id="aaa58180-dc72-4aec-a8b9-7dd03540f4ab">
      <Execution id="c27f5b2f-0a75-4b39-8b93-d42373302c55" />
      <TestMethod codeBase="/home/runner/work/BlazorBoy/BlazorBoy/src/GameBoy.Tests/bin/Debug/net8.0/GameBoy.Tests.dll" adapterTypeName="executor://xunit/VsTestRunner2/netcoreapp" className="GameBoy.Tests.SpriteTests" name="IsVisibleHorizontally_ReturnsCorrectValue" />
    </UnitTest>
    <UnitTest name="GameBoy.Tests.MmuTests.JOYP_ReadsDefaultValue" storage="/home/runner/work/blazorboy/blazorboy/src/gameboy.tests/bin/debug/net8.0/gameboy.tests.dll" id="8bfece45-cbf5-9388-84d8-62236ca62ffd">
      <Execution id="6a719230-3357-4d05-98a9-d32ec2fb0515" />
      <TestMethod codeBase="/home/runner/work/BlazorBoy/BlazorBoy/src/GameBoy.Tests/bin/Debug/net8.0/GameBoy.Tests.dll" adapterTypeName="executor://xunit/VsTestRunner2/netcoreapp" className="GameBoy.Tests.MmuTests" name="JOYP_ReadsDefaultValue" />
    </UnitTest>
    <UnitTest name="GameBoy.Tests.LcdcTests.UsesSignedTileIndexing_ReturnsCorrectValue(value: 0, expected: True)" storage="/home/runner/work/blazorboy/blazorboy/src/gameboy.tests/bin/debug/net8.0/gameboy.tests.dll" id="faecd196-9331-4d2e-0396-ef8ec5e6c956">
      <Execution id="1a0257e7-b0fa-4ca0-a9d0-a984efdc45f7" />
      <TestMethod codeBase="/home/runner/work/BlazorBoy/BlazorBoy/src/GameBoy.Tests/bin/Debug/net8.0/GameBoy.Tests.dll" adapterTypeName="executor://xunit/VsTestRunner2/netcoreapp" className="GameBoy.Tests.LcdcTests" name="UsesSignedTileIndexing_ReturnsCorrectValue" />
    </UnitTest>
    <UnitTest name="GameBoy.Tests.AluTests.Add_EdgeCases_BehavesCorrectly(a: 127, operand: 1)" storage="/home/runner/work/blazorboy/blazorboy/src/gameboy.tests/bin/debug/net8.0/gameboy.tests.dll" id="854906ef-44e3-5671-1b10-24de982401a2">
      <Execution id="e576d51a-683c-4f4a-a3e9-c7c13ef7fb8a" />
      <TestMethod codeBase="/home/runner/work/BlazorBoy/BlazorBoy/src/GameBoy.Tests/bin/Debug/net8.0/GameBoy.Tests.dll" adapterTypeName="executor://xunit/VsTestRunner2/netcoreapp" className="GameBoy.Tests.AluTests" name="Add_EdgeCases_BehavesCorrectly" />
    </UnitTest>
    <UnitTest name="GameBoy.Tests.InstructionGroupTests.CB_RES_3_B_ClearsBit" storage="/home/runner/work/blazorboy/blazorboy/src/gameboy.tests/bin/debug/net8.0/gameboy.tests.dll" id="1dda9783-2e46-a027-eaae-c1a88a4222a6">
      <Execution id="5dfc3c47-e1b0-4537-95b5-c57ba58dcef9" />
      <TestMethod codeBase="/home/runner/work/BlazorBoy/BlazorBoy/src/GameBoy.Tests/bin/Debug/net8.0/GameBoy.Tests.dll" adapterTypeName="executor://xunit/VsTestRunner2/netcoreapp" className="GameBoy.Tests.InstructionGroupTests" name="CB_RES_3_B_ClearsBit" />
    </UnitTest>
    <UnitTest name="GameBoy.Tests.Integration.BlarggIntegrationTests.ListAvailableTestRoms" storage="/home/runner/work/blazorboy/blazorboy/src/gameboy.tests/bin/debug/net8.0/gameboy.tests.dll" id="50e8632c-9dc0-4044-80dd-af4b9da2c568">
      <Execution id="62a641b7-615b-494b-b575-40bb5b7e5dc3" />
      <TestMethod codeBase="/home/runner/work/BlazorBoy/BlazorBoy/src/GameBoy.Tests/bin/Debug/net8.0/GameBoy.Tests.dll" adapterTypeName="executor://xunit/VsTestRunner2/netcoreapp" className="GameBoy.Tests.Integration.BlarggIntegrationTests" name="ListAvailableTestRoms" />
    </UnitTest>
    <UnitTest name="GameBoy.Tests.InterruptServiceRoutineTests.InterruptService_PreservesFlags" storage="/home/runner/work/blazorboy/blazorboy/src/gameboy.tests/bin/debug/net8.0/gameboy.tests.dll" id="80b1e617-f6c1-401d-6885-766a010c1a35">
      <Execution id="542c5faf-8c60-48d0-8936-61f9ce401b78" />
      <TestMethod codeBase="/home/runner/work/BlazorBoy/BlazorBoy/src/GameBoy.Tests/bin/Debug/net8.0/GameBoy.Tests.dll" adapterTypeName="executor://xunit/VsTestRunner2/netcoreapp" className="GameBoy.Tests.InterruptServiceRoutineTests" name="InterruptService_PreservesFlags" />
    </UnitTest>
    <UnitTest name="GameBoy.Tests.AluTests.Or_ZeroResult_SetsZeroFlag" storage="/home/runner/work/blazorboy/blazorboy/src/gameboy.tests/bin/debug/net8.0/gameboy.tests.dll" id="c0db7c81-a881-e4f5-0ea7-cff88ddfe178">
      <Execution id="8dd19333-522e-4ddc-ba61-28aa49e1e5f7" />
      <TestMethod codeBase="/home/runner/work/BlazorBoy/BlazorBoy/src/GameBoy.Tests/bin/Debug/net8.0/GameBoy.Tests.dll" adapterTypeName="executor://xunit/VsTestRunner2/netcoreapp" className="GameBoy.Tests.AluTests" name="Or_ZeroResult_SetsZeroFlag" />
    </UnitTest>
    <UnitTest name="GameBoy.Tests.InterruptControllerTests.IE_SetAndRead_ReturnsExactValue(value: 255)" storage="/home/runner/work/blazorboy/blazorboy/src/gameboy.tests/bin/debug/net8.0/gameboy.tests.dll" id="3911e103-bd52-2f50-2637-a3a3883a0ca9">
      <Execution id="37a81ef3-304e-4f45-9c68-3648ff9b08fd" />
      <TestMethod codeBase="/home/runner/work/BlazorBoy/BlazorBoy/src/GameBoy.Tests/bin/Debug/net8.0/GameBoy.Tests.dll" adapterTypeName="executor://xunit/VsTestRunner2/netcoreapp" className="GameBoy.Tests.InterruptControllerTests" name="IE_SetAndRead_ReturnsExactValue" />
    </UnitTest>
    <UnitTest name="GameBoy.Tests.Mbc5Tests.BatteryInterface_NoBatteryCartridge_ReturnsNull" storage="/home/runner/work/blazorboy/blazorboy/src/gameboy.tests/bin/debug/net8.0/gameboy.tests.dll" id="cd72fd40-3c25-0508-1dbc-43cd674b13bb">
      <Execution id="b081a5f7-5b40-415e-995f-313d38b09ecc" />
      <TestMethod codeBase="/home/runner/work/BlazorBoy/BlazorBoy/src/GameBoy.Tests/bin/Debug/net8.0/GameBoy.Tests.dll" adapterTypeName="executor://xunit/VsTestRunner2/netcoreapp" className="GameBoy.Tests.Mbc5Tests" name="BatteryInterface_NoBatteryCartridge_ReturnsNull" />
    </UnitTest>
    <UnitTest name="GameBoy.Tests.InstructionTimingTests.LoadRegisterToRegister_Takes4Cycles" storage="/home/runner/work/blazorboy/blazorboy/src/gameboy.tests/bin/debug/net8.0/gameboy.tests.dll" id="ecbdd1f6-cddd-e46a-8a9d-c07850e20a54">
      <Execution id="841c977a-3b8c-4395-bd68-eacd0191859f" />
      <TestMethod codeBase="/home/runner/work/BlazorBoy/BlazorBoy/src/GameBoy.Tests/bin/Debug/net8.0/GameBoy.Tests.dll" adapterTypeName="executor://xunit/VsTestRunner2/netcoreapp" className="GameBoy.Tests.InstructionTimingTests" name="LoadRegisterToRegister_Takes4Cycles" />
    </UnitTest>
    <UnitTest name="GameBoy.Tests.AluTests.Subtract_EdgeCases_BehavesCorrectly(a: 16, operand: 1)" storage="/home/runner/work/blazorboy/blazorboy/src/gameboy.tests/bin/debug/net8.0/gameboy.tests.dll" id="1dad59b4-c11d-f31e-82c8-045bd3ba0974">
      <Execution id="912fc53d-0edf-4558-8eaa-5727acd37fe5" />
      <TestMethod codeBase="/home/runner/work/BlazorBoy/BlazorBoy/src/GameBoy.Tests/bin/Debug/net8.0/GameBoy.Tests.dll" adapterTypeName="executor://xunit/VsTestRunner2/netcoreapp" className="GameBoy.Tests.AluTests" name="Subtract_EdgeCases_BehavesCorrectly" />
    </UnitTest>
    <UnitTest name="GameBoy.Tests.InstructionGroupTests.CB_BIT_7_A_TestsBitCorrectly" storage="/home/runner/work/blazorboy/blazorboy/src/gameboy.tests/bin/debug/net8.0/gameboy.tests.dll" id="314fc61e-cee9-af41-dc81-47202c7d18ce">
      <Execution id="6664a610-da0f-498c-843d-8917708f4f4f" />
      <TestMethod codeBase="/home/runner/work/BlazorBoy/BlazorBoy/src/GameBoy.Tests/bin/Debug/net8.0/GameBoy.Tests.dll" adapterTypeName="executor://xunit/VsTestRunner2/netcoreapp" className="GameBoy.Tests.InstructionGroupTests" name="CB_BIT_7_A_TestsBitCorrectly" />
    </UnitTest>
    <UnitTest name="GameBoy.Tests.Integration.CpuInstructionTests.LD_r_d8_LoadsImmediateValue(opcode: 22)" storage="/home/runner/work/blazorboy/blazorboy/src/gameboy.tests/bin/debug/net8.0/gameboy.tests.dll" id="6d6dc5a5-f4b0-056c-db97-fd5fd360427f">
      <Execution id="63304755-25d4-4c95-a17f-c2c3d287e675" />
      <TestMethod codeBase="/home/runner/work/BlazorBoy/BlazorBoy/src/GameBoy.Tests/bin/Debug/net8.0/GameBoy.Tests.dll" adapterTypeName="executor://xunit/VsTestRunner2/netcoreapp" className="GameBoy.Tests.Integration.CpuInstructionTests" name="LD_r_d8_LoadsImmediateValue" />
    </UnitTest>
    <UnitTest name="GameBoy.Tests.InterruptControllerTests.TryGetPending_NoInterruptsRequested_ReturnsFalse" storage="/home/runner/work/blazorboy/blazorboy/src/gameboy.tests/bin/debug/net8.0/gameboy.tests.dll" id="dd91d514-20cf-70e4-ef22-61065c5da6c6">
      <Execution id="8ba15353-7593-4ffc-ae92-449a95521c89" />
      <TestMethod codeBase="/home/runner/work/BlazorBoy/BlazorBoy/src/GameBoy.Tests/bin/Debug/net8.0/GameBoy.Tests.dll" adapterTypeName="executor://xunit/VsTestRunner2/netcoreapp" className="GameBoy.Tests.InterruptControllerTests" name="TryGetPending_NoInterruptsRequested_ReturnsFalse" />
    </UnitTest>
    <UnitTest name="GameBoy.Tests.Mbc5Tests.BatteryInterface_LoadExternalRam_LoadsSavedData" storage="/home/runner/work/blazorboy/blazorboy/src/gameboy.tests/bin/debug/net8.0/gameboy.tests.dll" id="4f41d852-180f-2523-dd4d-7c6a551e0868">
      <Execution id="9f89d2c8-add4-49c9-90b9-1c4083a5e5bc" />
      <TestMethod codeBase="/home/runner/work/BlazorBoy/BlazorBoy/src/GameBoy.Tests/bin/Debug/net8.0/GameBoy.Tests.dll" adapterTypeName="executor://xunit/VsTestRunner2/netcoreapp" className="GameBoy.Tests.Mbc5Tests" name="BatteryInterface_LoadExternalRam_LoadsSavedData" />
    </UnitTest>
    <UnitTest name="GameBoy.Tests.CpuTests.Ld_r_r_CopiesRegister" storage="/home/runner/work/blazorboy/blazorboy/src/gameboy.tests/bin/debug/net8.0/gameboy.tests.dll" id="bfc9ef65-1a17-4d4d-44b1-60bb55d45a15">
      <Execution id="c4283eaf-651b-4c74-80bb-ab79b93228db" />
      <TestMethod codeBase="/home/runner/work/BlazorBoy/BlazorBoy/src/GameBoy.Tests/bin/Debug/net8.0/GameBoy.Tests.dll" adapterTypeName="executor://xunit/VsTestRunner2/netcoreapp" className="GameBoy.Tests.CpuTests" name="Ld_r_r_CopiesRegister" />
    </UnitTest>
    <UnitTest name="GameBoy.Tests.AdvancedTimingTests.StoreHighMemoryImmediate_Takes12Cycles" storage="/home/runner/work/blazorboy/blazorboy/src/gameboy.tests/bin/debug/net8.0/gameboy.tests.dll" id="ba3b309a-ff0e-2d28-54be-9b258b68939b">
      <Execution id="66ace067-f411-42eb-aac3-7aeefca26aae" />
      <TestMethod codeBase="/home/runner/work/BlazorBoy/BlazorBoy/src/GameBoy.Tests/bin/Debug/net8.0/GameBoy.Tests.dll" adapterTypeName="executor://xunit/VsTestRunner2/netcoreapp" className="GameBoy.Tests.AdvancedTimingTests" name="StoreHighMemoryImmediate_Takes12Cycles" />
    </UnitTest>
    <UnitTest name="GameBoy.Tests.CartridgeTests.Detect_HuC3_ThrowsNotSupportedException" storage="/home/runner/work/blazorboy/blazorboy/src/gameboy.tests/bin/debug/net8.0/gameboy.tests.dll" id="764ee583-306b-f915-490f-c76a102eeb43">
      <Execution id="2417a902-b5b2-4bec-9a03-56f537de95f9" />
      <TestMethod codeBase="/home/runner/work/BlazorBoy/BlazorBoy/src/GameBoy.Tests/bin/Debug/net8.0/GameBoy.Tests.dll" adapterTypeName="executor://xunit/VsTestRunner2/netcoreapp" className="GameBoy.Tests.CartridgeTests" name="Detect_HuC3_ThrowsNotSupportedException" />
    </UnitTest>
    <UnitTest name="GameBoy.Tests.TimerTests.SetTIMA_UpdatesRegisterValue" storage="/home/runner/work/blazorboy/blazorboy/src/gameboy.tests/bin/debug/net8.0/gameboy.tests.dll" id="acf16783-bec7-6ccf-5c57-c9d9b4fcd743">
      <Execution id="74cd7762-f015-42da-b4c3-e224f9fc6e8f" />
      <TestMethod codeBase="/home/runner/work/BlazorBoy/BlazorBoy/src/GameBoy.Tests/bin/Debug/net8.0/GameBoy.Tests.dll" adapterTypeName="executor://xunit/VsTestRunner2/netcoreapp" className="GameBoy.Tests.TimerTests" name="SetTIMA_UpdatesRegisterValue" />
    </UnitTest>
    <UnitTest name="GameBoy.Tests.AdvancedTimingTests.LoadHighMemoryImmediate_Takes12Cycles" storage="/home/runner/work/blazorboy/blazorboy/src/gameboy.tests/bin/debug/net8.0/gameboy.tests.dll" id="624f3f03-60e8-0e8c-3df1-81edba66e31d">
      <Execution id="12fce50d-41e2-4393-81fa-8f52c92bb84c" />
      <TestMethod codeBase="/home/runner/work/BlazorBoy/BlazorBoy/src/GameBoy.Tests/bin/Debug/net8.0/GameBoy.Tests.dll" adapterTypeName="executor://xunit/VsTestRunner2/netcoreapp" className="GameBoy.Tests.AdvancedTimingTests" name="LoadHighMemoryImmediate_Takes12Cycles" />
    </UnitTest>
    <UnitTest name="GameBoy.Tests.MmuTests.TimerRegisters_ReadDefaultValues" storage="/home/runner/work/blazorboy/blazorboy/src/gameboy.tests/bin/debug/net8.0/gameboy.tests.dll" id="7ab97aaf-c2f9-6a53-5c4f-3d5be7afbb5f">
      <Execution id="224fe370-4bf8-4c81-b5fc-c4fe5e90f79f" />
      <TestMethod codeBase="/home/runner/work/BlazorBoy/BlazorBoy/src/GameBoy.Tests/bin/Debug/net8.0/GameBoy.Tests.dll" adapterTypeName="executor://xunit/VsTestRunner2/netcoreapp" className="GameBoy.Tests.MmuTests" name="TimerRegisters_ReadDefaultValues" />
    </UnitTest>
    <UnitTest name="GameBoy.Tests.CpuTests.Add_A_r_AddsToRegisterA" storage="/home/runner/work/blazorboy/blazorboy/src/gameboy.tests/bin/debug/net8.0/gameboy.tests.dll" id="316e284d-edd5-4bd1-fc45-78d929242d67">
      <Execution id="c6897e1c-c83e-4b6d-b314-b7de00af40b6" />
      <TestMethod codeBase="/home/runner/work/BlazorBoy/BlazorBoy/src/GameBoy.Tests/bin/Debug/net8.0/GameBoy.Tests.dll" adapterTypeName="executor://xunit/VsTestRunner2/netcoreapp" className="GameBoy.Tests.CpuTests" name="Add_A_r_AddsToRegisterA" />
    </UnitTest>
    <UnitTest name="GameBoy.Tests.InterruptControllerTests.Request_MultipleInterrupts_SetsMultipleBits" storage="/home/runner/work/blazorboy/blazorboy/src/gameboy.tests/bin/debug/net8.0/gameboy.tests.dll" id="bc40e0dd-6e1f-26b9-ea7e-959c21e23392">
      <Execution id="19dd538a-99fb-4fbd-b78a-ac4164f81879" />
      <TestMethod codeBase="/home/runner/work/BlazorBoy/BlazorBoy/src/GameBoy.Tests/bin/Debug/net8.0/GameBoy.Tests.dll" adapterTypeName="executor://xunit/VsTestRunner2/netcoreapp" className="GameBoy.Tests.InterruptControllerTests" name="Request_MultipleInterrupts_SetsMultipleBits" />
    </UnitTest>
    <UnitTest name="GameBoy.Tests.LcdcTests.ObjSize_ReturnsCorrectValue(value: 4, expected: True)" storage="/home/runner/work/blazorboy/blazorboy/src/gameboy.tests/bin/debug/net8.0/gameboy.tests.dll" id="3b28bd68-0d48-e09a-dfaa-fe4c0e1e9b00">
      <Execution id="ea211a6b-a638-464f-a7d2-6d90273dbf75" />
      <TestMethod codeBase="/home/runner/work/BlazorBoy/BlazorBoy/src/GameBoy.Tests/bin/Debug/net8.0/GameBoy.Tests.dll" adapterTypeName="executor://xunit/VsTestRunner2/netcoreapp" className="GameBoy.Tests.LcdcTests" name="ObjSize_ReturnsCorrectValue" />
    </UnitTest>
    <UnitTest name="GameBoy.Tests.EmulatorMbcIntegrationTests.Emulator_LoadRom_AllUnsupportedMbcTypes_ThrowsNotSupportedException(cartridgeType: 34, expectedMbcName: &quot;MBC7&quot;)" storage="/home/runner/work/blazorboy/blazorboy/src/gameboy.tests/bin/debug/net8.0/gameboy.tests.dll" id="826e93b1-4bba-1e1e-7e71-9795838b252f">
      <Execution id="0ada0115-beb6-4cfc-ad9e-7ea76741bcc1" />
      <TestMethod codeBase="/home/runner/work/BlazorBoy/BlazorBoy/src/GameBoy.Tests/bin/Debug/net8.0/GameBoy.Tests.dll" adapterTypeName="executor://xunit/VsTestRunner2/netcoreapp" className="GameBoy.Tests.EmulatorMbcIntegrationTests" name="Emulator_LoadRom_AllUnsupportedMbcTypes_ThrowsNotSupportedException" />
    </UnitTest>
    <UnitTest name="GameBoy.Tests.CycleAccuracyValidationTests.AllImplementedInstructions_HaveValidTiming" storage="/home/runner/work/blazorboy/blazorboy/src/gameboy.tests/bin/debug/net8.0/gameboy.tests.dll" id="51038325-3246-0a10-8ac6-28c597c43b15">
      <Execution id="454d82d8-c51b-4f50-af4d-07b39ff59e47" />
      <TestMethod codeBase="/home/runner/work/BlazorBoy/BlazorBoy/src/GameBoy.Tests/bin/Debug/net8.0/GameBoy.Tests.dll" adapterTypeName="executor://xunit/VsTestRunner2/netcoreapp" className="GameBoy.Tests.CycleAccuracyValidationTests" name="AllImplementedInstructions_HaveValidTiming" />
    </UnitTest>
    <UnitTest name="GameBoy.Tests.Mbc5Tests.ReadRom_BankX_ReadsFromSwitchableBank" storage="/home/runner/work/blazorboy/blazorboy/src/gameboy.tests/bin/debug/net8.0/gameboy.tests.dll" id="ce4c3f67-03df-f1e7-4c97-b130cbc4cb00">
      <Execution id="c8c4dea5-f9d2-4a4d-a16c-3b95690355d0" />
      <TestMethod codeBase="/home/runner/work/BlazorBoy/BlazorBoy/src/GameBoy.Tests/bin/Debug/net8.0/GameBoy.Tests.dll" adapterTypeName="executor://xunit/VsTestRunner2/netcoreapp" className="GameBoy.Tests.Mbc5Tests" name="ReadRom_BankX_ReadsFromSwitchableBank" />
    </UnitTest>
    <UnitTest name="GameBoy.Tests.InstructionTimingTests.RelativeJumpTaken_Takes12Cycles" storage="/home/runner/work/blazorboy/blazorboy/src/gameboy.tests/bin/debug/net8.0/gameboy.tests.dll" id="9b024337-099c-8a12-a271-9dc2339fbdc6">
      <Execution id="8bf71d98-70a3-46ad-97e1-6548c2fa58cc" />
      <TestMethod codeBase="/home/runner/work/BlazorBoy/BlazorBoy/src/GameBoy.Tests/bin/Debug/net8.0/GameBoy.Tests.dll" adapterTypeName="executor://xunit/VsTestRunner2/netcoreapp" className="GameBoy.Tests.InstructionTimingTests" name="RelativeJumpTaken_Takes12Cycles" />
    </UnitTest>
    <UnitTest name="GameBoy.Tests.Mbc1Tests.ExternalRam_BasicReadWrite" storage="/home/runner/work/blazorboy/blazorboy/src/gameboy.tests/bin/debug/net8.0/gameboy.tests.dll" id="a843a51a-9783-4af2-c639-b0c877e3f93a">
      <Execution id="1e59a012-8d6b-4f4e-a315-b8fb274bb52e" />
      <TestMethod codeBase="/home/runner/work/BlazorBoy/BlazorBoy/src/GameBoy.Tests/bin/Debug/net8.0/GameBoy.Tests.dll" adapterTypeName="executor://xunit/VsTestRunner2/netcoreapp" className="GameBoy.Tests.Mbc1Tests" name="ExternalRam_BasicReadWrite" />
    </UnitTest>
    <UnitTest name="GameBoy.Tests.Mbc5Tests.WriteRom_UpperBitMasking_OnlyBit0Used" storage="/home/runner/work/blazorboy/blazorboy/src/gameboy.tests/bin/debug/net8.0/gameboy.tests.dll" id="79ae824d-ef28-8a08-b47a-078c5e79a094">
      <Execution id="c261551c-0def-4c9d-8e53-96ffc1fcf80c" />
      <TestMethod codeBase="/home/runner/work/BlazorBoy/BlazorBoy/src/GameBoy.Tests/bin/Debug/net8.0/GameBoy.Tests.dll" adapterTypeName="executor://xunit/VsTestRunner2/netcoreapp" className="GameBoy.Tests.Mbc5Tests" name="WriteRom_UpperBitMasking_OnlyBit0Used" />
    </UnitTest>
    <UnitTest name="GameBoy.Tests.InterruptControllerTests.DocumentedApiExamples_WorkCorrectly" storage="/home/runner/work/blazorboy/blazorboy/src/gameboy.tests/bin/debug/net8.0/gameboy.tests.dll" id="e3ee4498-7e81-0e5e-40ca-d043bbd2bf65">
      <Execution id="c0a0bfac-ce4e-41ef-93b6-aa92bb930f68" />
      <TestMethod codeBase="/home/runner/work/BlazorBoy/BlazorBoy/src/GameBoy.Tests/bin/Debug/net8.0/GameBoy.Tests.dll" adapterTypeName="executor://xunit/VsTestRunner2/netcoreapp" className="GameBoy.Tests.InterruptControllerTests" name="DocumentedApiExamples_WorkCorrectly" />
    </UnitTest>
    <UnitTest name="GameBoy.Tests.SpriteTests.FlipX_ReturnsCorrectValue(attributes: 0, expected: False)" storage="/home/runner/work/blazorboy/blazorboy/src/gameboy.tests/bin/debug/net8.0/gameboy.tests.dll" id="0b6e35cb-c87d-a9a7-2783-1ae6cc970857">
      <Execution id="a1b902e0-5fdd-444f-9bcf-cd385b976ad2" />
      <TestMethod codeBase="/home/runner/work/BlazorBoy/BlazorBoy/src/GameBoy.Tests/bin/Debug/net8.0/GameBoy.Tests.dll" adapterTypeName="executor://xunit/VsTestRunner2/netcoreapp" className="GameBoy.Tests.SpriteTests" name="FlipX_ReturnsCorrectValue" />
    </UnitTest>
    <UnitTest name="GameBoy.Tests.InterruptControllerTests.Service_ReturnsCorrectVectorAddress(interruptType: Timer, expectedVector: 80)" storage="/home/runner/work/blazorboy/blazorboy/src/gameboy.tests/bin/debug/net8.0/gameboy.tests.dll" id="3537b133-d3fb-bfb8-7c99-9cf2ad50f6d5">
      <Execution id="d0e617bf-6370-4f50-829a-ae24090c5b7c" />
      <TestMethod codeBase="/home/runner/work/BlazorBoy/BlazorBoy/src/GameBoy.Tests/bin/Debug/net8.0/GameBoy.Tests.dll" adapterTypeName="executor://xunit/VsTestRunner2/netcoreapp" className="GameBoy.Tests.InterruptControllerTests" name="Service_ReturnsCorrectVectorAddress" />
    </UnitTest>
    <UnitTest name="GameBoy.Tests.CartridgeHeaderTests.RomSize_CalculatesCorrectSizeForSpecialCodes(code: 84, expectedSize: 1572864)" storage="/home/runner/work/blazorboy/blazorboy/src/gameboy.tests/bin/debug/net8.0/gameboy.tests.dll" id="b32aab51-13eb-6cd3-29c0-f36d5c586e8c">
      <Execution id="18ced7b5-937b-4725-a1f3-fac2d8c10085" />
      <TestMethod codeBase="/home/runner/work/BlazorBoy/BlazorBoy/src/GameBoy.Tests/bin/Debug/net8.0/GameBoy.Tests.dll" adapterTypeName="executor://xunit/VsTestRunner2/netcoreapp" className="GameBoy.Tests.CartridgeHeaderTests" name="RomSize_CalculatesCorrectSizeForSpecialCodes" />
    </UnitTest>
    <UnitTest name="GameBoy.Tests.InterruptServiceRoutineTests.HALT_ServicesInterrupt_WhenIMEEnabled" storage="/home/runner/work/blazorboy/blazorboy/src/gameboy.tests/bin/debug/net8.0/gameboy.tests.dll" id="e16d89bb-7752-4aab-a92f-f7287f59cc68">
      <Execution id="75410ae0-5afd-4ac0-b55e-2de852e795a0" />
      <TestMethod codeBase="/home/runner/work/BlazorBoy/BlazorBoy/src/GameBoy.Tests/bin/Debug/net8.0/GameBoy.Tests.dll" adapterTypeName="executor://xunit/VsTestRunner2/netcoreapp" className="GameBoy.Tests.InterruptServiceRoutineTests" name="HALT_ServicesInterrupt_WhenIMEEnabled" />
    </UnitTest>
    <UnitTest name="GameBoy.Tests.AdvancedTimingTests.StoreHighMemoryC_Takes8Cycles" storage="/home/runner/work/blazorboy/blazorboy/src/gameboy.tests/bin/debug/net8.0/gameboy.tests.dll" id="1e423043-21dd-e968-c8ab-430b65c3777b">
      <Execution id="3f6b5a05-8573-49b9-8a15-b5020f58790f" />
      <TestMethod codeBase="/home/runner/work/BlazorBoy/BlazorBoy/src/GameBoy.Tests/bin/Debug/net8.0/GameBoy.Tests.dll" adapterTypeName="executor://xunit/VsTestRunner2/netcoreapp" className="GameBoy.Tests.AdvancedTimingTests" name="StoreHighMemoryC_Takes8Cycles" />
    </UnitTest>
    <UnitTest name="GameBoy.Tests.Integration.MooneyeInterruptTests.Mooneye_PPUInterruptTests_ExecuteSuccessfully(category: &quot;ppu&quot;, romFile: &quot;intr_2_0_timing.gb&quot;, description: &quot;Interrupt 2-0 timing test&quot;)" storage="/home/runner/work/blazorboy/blazorboy/src/gameboy.tests/bin/debug/net8.0/gameboy.tests.dll" id="44f2ae15-e54f-c32e-266e-ffa10b68dff7">
      <Execution id="75f98606-22c5-4081-a559-87010c5a89c0" />
      <TestMethod codeBase="/home/runner/work/BlazorBoy/BlazorBoy/src/GameBoy.Tests/bin/Debug/net8.0/GameBoy.Tests.dll" adapterTypeName="executor://xunit/VsTestRunner2/netcoreapp" className="GameBoy.Tests.Integration.MooneyeInterruptTests" name="Mooneye_PPUInterruptTests_ExecuteSuccessfully" />
    </UnitTest>
    <UnitTest name="GameBoy.Tests.TimerBlarggTests.BlarggTimer_Test04_TimerInterrupt" storage="/home/runner/work/blazorboy/blazorboy/src/gameboy.tests/bin/debug/net8.0/gameboy.tests.dll" id="0da6d50f-0ccf-8506-4661-ad13b4f3ad3d">
      <Execution id="fab15001-e04e-4d06-9b5f-491aad42f292" />
      <TestMethod codeBase="/home/runner/work/BlazorBoy/BlazorBoy/src/GameBoy.Tests/bin/Debug/net8.0/GameBoy.Tests.dll" adapterTypeName="executor://xunit/VsTestRunner2/netcoreapp" className="GameBoy.Tests.TimerBlarggTests" name="BlarggTimer_Test04_TimerInterrupt" />
    </UnitTest>
    <UnitTest name="GameBoy.Tests.CartridgeHeaderTests.RamSize_CalculatesCorrectSizeForStandardCodes(code: 4, expectedSize: 131072)" storage="/home/runner/work/blazorboy/blazorboy/src/gameboy.tests/bin/debug/net8.0/gameboy.tests.dll" id="534c64a1-8930-aca9-d3cf-404328265340">
      <Execution id="1374e6ae-3669-47ae-a100-7dd6bca6f48b" />
      <TestMethod codeBase="/home/runner/work/BlazorBoy/BlazorBoy/src/GameBoy.Tests/bin/Debug/net8.0/GameBoy.Tests.dll" adapterTypeName="executor://xunit/VsTestRunner2/netcoreapp" className="GameBoy.Tests.CartridgeHeaderTests" name="RamSize_CalculatesCorrectSizeForStandardCodes" />
    </UnitTest>
    <UnitTest name="GameBoy.Tests.CpuTests.Ld_r_d8_LoadsImmediateByte" storage="/home/runner/work/blazorboy/blazorboy/src/gameboy.tests/bin/debug/net8.0/gameboy.tests.dll" id="11c3bd15-157d-e471-8c85-9eb9f45d7cdf">
      <Execution id="c5f23aa2-d086-467a-9318-d9ff6d11bfcf" />
      <TestMethod codeBase="/home/runner/work/BlazorBoy/BlazorBoy/src/GameBoy.Tests/bin/Debug/net8.0/GameBoy.Tests.dll" adapterTypeName="executor://xunit/VsTestRunner2/netcoreapp" className="GameBoy.Tests.CpuTests" name="Ld_r_d8_LoadsImmediateByte" />
    </UnitTest>
    <UnitTest name="GameBoy.Tests.DmaTests.DMA_Timing_Activates640Cycles" storage="/home/runner/work/blazorboy/blazorboy/src/gameboy.tests/bin/debug/net8.0/gameboy.tests.dll" id="8165c2c7-6f08-bba5-9a7f-d46c7726b42e">
      <Execution id="2b1ad342-f1ff-4f3c-8623-f24a09342215" />
      <TestMethod codeBase="/home/runner/work/BlazorBoy/BlazorBoy/src/GameBoy.Tests/bin/Debug/net8.0/GameBoy.Tests.dll" adapterTypeName="executor://xunit/VsTestRunner2/netcoreapp" className="GameBoy.Tests.DmaTests" name="DMA_Timing_Activates640Cycles" />
    </UnitTest>
    <UnitTest name="GameBoy.Tests.MmuTests.IF_ReadsDefaultValue" storage="/home/runner/work/blazorboy/blazorboy/src/gameboy.tests/bin/debug/net8.0/gameboy.tests.dll" id="af249e2c-5143-e89b-5b70-06a4d6e94623">
      <Execution id="23416753-eae8-4c42-b4fc-8aff2448c390" />
      <TestMethod codeBase="/home/runner/work/BlazorBoy/BlazorBoy/src/GameBoy.Tests/bin/Debug/net8.0/GameBoy.Tests.dll" adapterTypeName="executor://xunit/VsTestRunner2/netcoreapp" className="GameBoy.Tests.MmuTests" name="IF_ReadsDefaultValue" />
    </UnitTest>
    <UnitTest name="GameBoy.Tests.Integration.MooneyeInterruptTests.Mooneye_TimerInterruptTests_ExecuteSuccessfully(category: &quot;timer&quot;, romFile: &quot;tima_reload.gb&quot;, description: &quot;TIMA reload interrupt behavior&quot;)" storage="/home/runner/work/blazorboy/blazorboy/src/gameboy.tests/bin/debug/net8.0/gameboy.tests.dll" id="8cea6483-49fc-8217-33b9-a984dedb5b88">
      <Execution id="c894576b-dce0-4cb4-852a-8eefb7f63304" />
      <TestMethod codeBase="/home/runner/work/BlazorBoy/BlazorBoy/src/GameBoy.Tests/bin/Debug/net8.0/GameBoy.Tests.dll" adapterTypeName="executor://xunit/VsTestRunner2/netcoreapp" className="GameBoy.Tests.Integration.MooneyeInterruptTests" name="Mooneye_TimerInterruptTests_ExecuteSuccessfully" />
    </UnitTest>
    <UnitTest name="GameBoy.Tests.SpriteTests.IsVisibleHorizontally_ReturnsCorrectValue(x: 72, expected: True)" storage="/home/runner/work/blazorboy/blazorboy/src/gameboy.tests/bin/debug/net8.0/gameboy.tests.dll" id="d0e3cd47-18f8-0ff9-7ee6-b951493f4364">
      <Execution id="61be64b0-5a27-42fc-9dc8-f508fce7e14b" />
      <TestMethod codeBase="/home/runner/work/BlazorBoy/BlazorBoy/src/GameBoy.Tests/bin/Debug/net8.0/GameBoy.Tests.dll" adapterTypeName="executor://xunit/VsTestRunner2/netcoreapp" className="GameBoy.Tests.SpriteTests" name="IsVisibleHorizontally_ReturnsCorrectValue" />
    </UnitTest>
    <UnitTest name="GameBoy.Tests.LcdcTests.ObjEnable_ReturnsCorrectValue(value: 2, expected: True)" storage="/home/runner/work/blazorboy/blazorboy/src/gameboy.tests/bin/debug/net8.0/gameboy.tests.dll" id="abf5b990-66db-cfaf-8ea2-01e77396335c">
      <Execution id="373e78d3-8db3-455d-9e34-5a424dbb514a" />
      <TestMethod codeBase="/home/runner/work/BlazorBoy/BlazorBoy/src/GameBoy.Tests/bin/Debug/net8.0/GameBoy.Tests.dll" adapterTypeName="executor://xunit/VsTestRunner2/netcoreapp" className="GameBoy.Tests.LcdcTests" name="ObjEnable_ReturnsCorrectValue" />
    </UnitTest>
    <UnitTest name="GameBoy.Tests.CartridgeHeaderTests.IsValidHeader_InvalidRamSize_ReturnsFalse" storage="/home/runner/work/blazorboy/blazorboy/src/gameboy.tests/bin/debug/net8.0/gameboy.tests.dll" id="15e035ed-afb8-5321-580b-fab9257f66ce">
      <Execution id="5920c1fb-a0e0-4cf4-b3cd-d45c9c3e6381" />
      <TestMethod codeBase="/home/runner/work/BlazorBoy/BlazorBoy/src/GameBoy.Tests/bin/Debug/net8.0/GameBoy.Tests.dll" adapterTypeName="executor://xunit/VsTestRunner2/netcoreapp" className="GameBoy.Tests.CartridgeHeaderTests" name="IsValidHeader_InvalidRamSize_ReturnsFalse" />
    </UnitTest>
    <UnitTest name="GameBoy.Tests.InstructionDecodingTests.SpecificInstructions_HaveCorrectMetadata(opcode: 240, expectedMnemonic: &quot;LDH A,(a8)&quot;, expectedLength: 2, expectedCycles: 12, expectedOperandType: MemoryImmediate8)" storage="/home/runner/work/blazorboy/blazorboy/src/gameboy.tests/bin/debug/net8.0/gameboy.tests.dll" id="ab6aa2e3-320c-8f7b-e9af-5c9d131cbb2d">
      <Execution id="03c4967e-f99b-47c2-a9fb-4d239b814d82" />
      <TestMethod codeBase="/home/runner/work/BlazorBoy/BlazorBoy/src/GameBoy.Tests/bin/Debug/net8.0/GameBoy.Tests.dll" adapterTypeName="executor://xunit/VsTestRunner2/netcoreapp" className="GameBoy.Tests.InstructionDecodingTests" name="SpecificInstructions_HaveCorrectMetadata" />
    </UnitTest>
    <UnitTest name="GameBoy.Tests.CartridgeTests.Detect_UnknownCartridgeTypes_ThrowsNotSupportedException(cartridgeType: 153)" storage="/home/runner/work/blazorboy/blazorboy/src/gameboy.tests/bin/debug/net8.0/gameboy.tests.dll" id="686f0fc9-db03-2a97-46dc-d662120c4357">
      <Execution id="07858ff2-bf61-4e11-a383-30849c504b05" />
      <TestMethod codeBase="/home/runner/work/BlazorBoy/BlazorBoy/src/GameBoy.Tests/bin/Debug/net8.0/GameBoy.Tests.dll" adapterTypeName="executor://xunit/VsTestRunner2/netcoreapp" className="GameBoy.Tests.CartridgeTests" name="Detect_UnknownCartridgeTypes_ThrowsNotSupportedException" />
    </UnitTest>
    <UnitTest name="GameBoy.Tests.AdvancedTimingTests.ConditionalRelativeJumpNoCarryNotTaken_Takes8Cycles" storage="/home/runner/work/blazorboy/blazorboy/src/gameboy.tests/bin/debug/net8.0/gameboy.tests.dll" id="20d001ce-7102-31ca-db0b-df53930d4955">
      <Execution id="37023891-a691-4834-9c8a-e53c01531be0" />
      <TestMethod codeBase="/home/runner/work/BlazorBoy/BlazorBoy/src/GameBoy.Tests/bin/Debug/net8.0/GameBoy.Tests.dll" adapterTypeName="executor://xunit/VsTestRunner2/netcoreapp" className="GameBoy.Tests.AdvancedTimingTests" name="ConditionalRelativeJumpNoCarryNotTaken_Takes8Cycles" />
    </UnitTest>
    <UnitTest name="GameBoy.Tests.CycleAccuracyValidationTests.UnknownPrimaryOpcode_Returns4Cycles" storage="/home/runner/work/blazorboy/blazorboy/src/gameboy.tests/bin/debug/net8.0/gameboy.tests.dll" id="3e5ac255-46bf-39ae-0f3b-f93cc669d76e">
      <Execution id="3c1c0f17-6046-4339-b5df-663a1f26f96a" />
      <TestMethod codeBase="/home/runner/work/BlazorBoy/BlazorBoy/src/GameBoy.Tests/bin/Debug/net8.0/GameBoy.Tests.dll" adapterTypeName="executor://xunit/VsTestRunner2/netcoreapp" className="GameBoy.Tests.CycleAccuracyValidationTests" name="UnknownPrimaryOpcode_Returns4Cycles" />
    </UnitTest>
    <UnitTest name="GameBoy.Tests.InstructionDecodingTests.CPU_Step_HandlesCBPrefixedOpcodes" storage="/home/runner/work/blazorboy/blazorboy/src/gameboy.tests/bin/debug/net8.0/gameboy.tests.dll" id="0601d065-bb56-7b28-9b46-f6b4ea60b390">
      <Execution id="ea5f4cee-2c44-48d8-8efe-422bd30edfd7" />
      <TestMethod codeBase="/home/runner/work/BlazorBoy/BlazorBoy/src/GameBoy.Tests/bin/Debug/net8.0/GameBoy.Tests.dll" adapterTypeName="executor://xunit/VsTestRunner2/netcoreapp" className="GameBoy.Tests.InstructionDecodingTests" name="CPU_Step_HandlesCBPrefixedOpcodes" />
    </UnitTest>
    <UnitTest name="GameBoy.Tests.AluTests.Subtract_EdgeCases_BehavesCorrectly(a: 255, operand: 1)" storage="/home/runner/work/blazorboy/blazorboy/src/gameboy.tests/bin/debug/net8.0/gameboy.tests.dll" id="632b4574-536b-363d-b3df-3cea0d75d690">
      <Execution id="ea8d7470-45a2-4d1e-ada5-6ede56958fcd" />
      <TestMethod codeBase="/home/runner/work/BlazorBoy/BlazorBoy/src/GameBoy.Tests/bin/Debug/net8.0/GameBoy.Tests.dll" adapterTypeName="executor://xunit/VsTestRunner2/netcoreapp" className="GameBoy.Tests.AluTests" name="Subtract_EdgeCases_BehavesCorrectly" />
    </UnitTest>
    <UnitTest name="GameBoy.Tests.Integration.MooneyeInterruptTests.Mooneye_InterruptTests_ExecuteSuccessfully(category: &quot;interrupts&quot;, romFile: &quot;halt_ime0_ei.gb&quot;, description: &quot;HALT with IME=0 then EI test&quot;)" storage="/home/runner/work/blazorboy/blazorboy/src/gameboy.tests/bin/debug/net8.0/gameboy.tests.dll" id="505e5e46-26df-6930-de82-d46cfb4a3639">
      <Execution id="f4d7b3fb-a588-44ac-a6c7-e3295249fb3f" />
      <TestMethod codeBase="/home/runner/work/BlazorBoy/BlazorBoy/src/GameBoy.Tests/bin/Debug/net8.0/GameBoy.Tests.dll" adapterTypeName="executor://xunit/VsTestRunner2/netcoreapp" className="GameBoy.Tests.Integration.MooneyeInterruptTests" name="Mooneye_InterruptTests_ExecuteSuccessfully" />
    </UnitTest>
    <UnitTest name="GameBoy.Tests.Integration.MooneyeInterruptTests.Mooneye_TimerInterruptTests_ExecuteSuccessfully(category: &quot;timer&quot;, romFile: &quot;tim10.gb&quot;, description: &quot;Timer interrupt test 10&quot;)" storage="/home/runner/work/blazorboy/blazorboy/src/gameboy.tests/bin/debug/net8.0/gameboy.tests.dll" id="42d81152-5724-c12c-9c25-ebfd2d891354">
      <Execution id="7c19c33d-8d22-48cf-9a40-14b5a7ccf9db" />
      <TestMethod codeBase="/home/runner/work/BlazorBoy/BlazorBoy/src/GameBoy.Tests/bin/Debug/net8.0/GameBoy.Tests.dll" adapterTypeName="executor://xunit/VsTestRunner2/netcoreapp" className="GameBoy.Tests.Integration.MooneyeInterruptTests" name="Mooneye_TimerInterruptTests_ExecuteSuccessfully" />
    </UnitTest>
    <UnitTest name="GameBoy.Tests.CpuAddressingTests.WriteDE_WritesToDEAddress" storage="/home/runner/work/blazorboy/blazorboy/src/gameboy.tests/bin/debug/net8.0/gameboy.tests.dll" id="c487837f-bc02-4b5c-1084-74141b7cd152">
      <Execution id="1a8a4bad-eaab-4e46-8400-5d66cfc841c7" />
      <TestMethod codeBase="/home/runner/work/BlazorBoy/BlazorBoy/src/GameBoy.Tests/bin/Debug/net8.0/GameBoy.Tests.dll" adapterTypeName="executor://xunit/VsTestRunner2/netcoreapp" className="GameBoy.Tests.CpuAddressingTests" name="WriteDE_WritesToDEAddress" />
    </UnitTest>
    <UnitTest name="GameBoy.Tests.PaletteTests.MapColor_WithInvalidIndex_ReturnsDefault(colorIndex: -1, expectedMapped: 0)" storage="/home/runner/work/blazorboy/blazorboy/src/gameboy.tests/bin/debug/net8.0/gameboy.tests.dll" id="ce806e00-7abd-221e-8337-ade5d7dec915">
      <Execution id="1db8bfab-6972-47d5-af46-447129fb2f34" />
      <TestMethod codeBase="/home/runner/work/BlazorBoy/BlazorBoy/src/GameBoy.Tests/bin/Debug/net8.0/GameBoy.Tests.dll" adapterTypeName="executor://xunit/VsTestRunner2/netcoreapp" className="GameBoy.Tests.PaletteTests" name="MapColor_WithInvalidIndex_ReturnsDefault" />
    </UnitTest>
    <UnitTest name="GameBoy.Tests.EmulatorMbcIntegrationTests.Emulator_BatteryRam_ErrorHandling_EdgeCases" storage="/home/runner/work/blazorboy/blazorboy/src/gameboy.tests/bin/debug/net8.0/gameboy.tests.dll" id="de495bfb-e18f-7b3e-358c-ab844b968319">
      <Execution id="dd54cd0a-835c-44e6-9580-5369f5c9d34e" />
      <TestMethod codeBase="/home/runner/work/BlazorBoy/BlazorBoy/src/GameBoy.Tests/bin/Debug/net8.0/GameBoy.Tests.dll" adapterTypeName="executor://xunit/VsTestRunner2/netcoreapp" className="GameBoy.Tests.EmulatorMbcIntegrationTests" name="Emulator_BatteryRam_ErrorHandling_EdgeCases" />
    </UnitTest>
    <UnitTest name="GameBoy.Tests.Integration.MooneyeInterruptTests.Mooneye_InterruptTests_ExecuteSuccessfully(category: &quot;interrupts&quot;, romFile: &quot;reti_timing.gb&quot;, description: &quot;RETI timing test&quot;)" storage="/home/runner/work/blazorboy/blazorboy/src/gameboy.tests/bin/debug/net8.0/gameboy.tests.dll" id="ae38d11e-77cf-26f9-8716-ecc257c1e811">
      <Execution id="c7771dfd-0910-402a-86bc-6b1c9cee5898" />
      <TestMethod codeBase="/home/runner/work/BlazorBoy/BlazorBoy/src/GameBoy.Tests/bin/Debug/net8.0/GameBoy.Tests.dll" adapterTypeName="executor://xunit/VsTestRunner2/netcoreapp" className="GameBoy.Tests.Integration.MooneyeInterruptTests" name="Mooneye_InterruptTests_ExecuteSuccessfully" />
    </UnitTest>
    <UnitTest name="GameBoy.Tests.Mbc1Tests.ExternalRam_BeyondAvailableBanks_ReturnsFF" storage="/home/runner/work/blazorboy/blazorboy/src/gameboy.tests/bin/debug/net8.0/gameboy.tests.dll" id="78862126-efef-49da-6328-723a942c39d3">
      <Execution id="e71aea66-4bd5-4744-93ff-04849a740006" />
      <TestMethod codeBase="/home/runner/work/BlazorBoy/BlazorBoy/src/GameBoy.Tests/bin/Debug/net8.0/GameBoy.Tests.dll" adapterTypeName="executor://xunit/VsTestRunner2/netcoreapp" className="GameBoy.Tests.Mbc1Tests" name="ExternalRam_BeyondAvailableBanks_ReturnsFF" />
    </UnitTest>
    <UnitTest name="GameBoy.Tests.InstructionGroupTests.Add_A_Immediate_SetsZeroAndCarryFlags" storage="/home/runner/work/blazorboy/blazorboy/src/gameboy.tests/bin/debug/net8.0/gameboy.tests.dll" id="acbf5fc7-402d-cbf8-3e36-fc1673edf737">
      <Execution id="4116c769-9776-45e8-8316-c817aa9b4386" />
      <TestMethod codeBase="/home/runner/work/BlazorBoy/BlazorBoy/src/GameBoy.Tests/bin/Debug/net8.0/GameBoy.Tests.dll" adapterTypeName="executor://xunit/VsTestRunner2/netcoreapp" className="GameBoy.Tests.InstructionGroupTests" name="Add_A_Immediate_SetsZeroAndCarryFlags" />
    </UnitTest>
    <UnitTest name="GameBoy.Tests.PaletteTests.MapColor_ReturnsCorrectMappedValue(paletteValue: 27, colorIndex: 0, expectedMapped: 3)" storage="/home/runner/work/blazorboy/blazorboy/src/gameboy.tests/bin/debug/net8.0/gameboy.tests.dll" id="21650b1b-23f5-104d-52d4-4487730851e0">
      <Execution id="b7700768-3527-4f77-a5a4-50354f6fa8bc" />
      <TestMethod codeBase="/home/runner/work/BlazorBoy/BlazorBoy/src/GameBoy.Tests/bin/Debug/net8.0/GameBoy.Tests.dll" adapterTypeName="executor://xunit/VsTestRunner2/netcoreapp" className="GameBoy.Tests.PaletteTests" name="MapColor_ReturnsCorrectMappedValue" />
    </UnitTest>
    <UnitTest name="GameBoy.Tests.InterruptControllerTests.TryGetPending_NoInterruptsEnabled_ReturnsFalse" storage="/home/runner/work/blazorboy/blazorboy/src/gameboy.tests/bin/debug/net8.0/gameboy.tests.dll" id="49ceec84-7339-35da-af8a-011649c31c3a">
      <Execution id="c63de931-fb51-46da-828c-63c748f34bd3" />
      <TestMethod codeBase="/home/runner/work/BlazorBoy/BlazorBoy/src/GameBoy.Tests/bin/Debug/net8.0/GameBoy.Tests.dll" adapterTypeName="executor://xunit/VsTestRunner2/netcoreapp" className="GameBoy.Tests.InterruptControllerTests" name="TryGetPending_NoInterruptsEnabled_ReturnsFalse" />
    </UnitTest>
    <UnitTest name="GameBoy.Tests.CartridgeTests.Detect_AllMbc3Variants_ReturnsCorrectCartridge(cartridgeType: 16)" storage="/home/runner/work/blazorboy/blazorboy/src/gameboy.tests/bin/debug/net8.0/gameboy.tests.dll" id="4db70ec8-8593-e07c-5b11-0ae3c0462841">
      <Execution id="c2e79781-fda4-4b1a-b3a8-efce313b767f" />
      <TestMethod codeBase="/home/runner/work/BlazorBoy/BlazorBoy/src/GameBoy.Tests/bin/Debug/net8.0/GameBoy.Tests.dll" adapterTypeName="executor://xunit/VsTestRunner2/netcoreapp" className="GameBoy.Tests.CartridgeTests" name="Detect_AllMbc3Variants_ReturnsCorrectCartridge" />
    </UnitTest>
    <UnitTest name="GameBoy.Tests.AddressingHelpersExampleTests.Example_HighRAMAccess" storage="/home/runner/work/blazorboy/blazorboy/src/gameboy.tests/bin/debug/net8.0/gameboy.tests.dll" id="4b1efd1d-1820-03cc-1d36-d771cb4401fa">
      <Execution id="b302a382-37ef-4915-b8e2-1fa6d04e3b75" />
      <TestMethod codeBase="/home/runner/work/BlazorBoy/BlazorBoy/src/GameBoy.Tests/bin/Debug/net8.0/GameBoy.Tests.dll" adapterTypeName="executor://xunit/VsTestRunner2/netcoreapp" className="GameBoy.Tests.AddressingHelpersExampleTests" name="Example_HighRAMAccess" />
    </UnitTest>
    <UnitTest name="GameBoy.Tests.InterruptControllerTests.Service_ClearsCorrectIFBit(interruptType: Joypad, bitMask: 16)" storage="/home/runner/work/blazorboy/blazorboy/src/gameboy.tests/bin/debug/net8.0/gameboy.tests.dll" id="248c99f5-60f8-787d-b9e1-864b0079f278">
      <Execution id="8385e7ea-c8f8-4579-ad6c-a352e1bd4abd" />
      <TestMethod codeBase="/home/runner/work/BlazorBoy/BlazorBoy/src/GameBoy.Tests/bin/Debug/net8.0/GameBoy.Tests.dll" adapterTypeName="executor://xunit/VsTestRunner2/netcoreapp" className="GameBoy.Tests.InterruptControllerTests" name="Service_ClearsCorrectIFBit" />
    </UnitTest>
    <UnitTest name="GameBoy.Tests.SpriteTests.UseObp1_ReturnsCorrectValue(attributes: 239, expected: False)" storage="/home/runner/work/blazorboy/blazorboy/src/gameboy.tests/bin/debug/net8.0/gameboy.tests.dll" id="cda37a24-d1a0-2ac1-31d5-65a6e9149c6e">
      <Execution id="bdf2b093-248a-4d8f-80d1-328d2371d7fe" />
      <TestMethod codeBase="/home/runner/work/BlazorBoy/BlazorBoy/src/GameBoy.Tests/bin/Debug/net8.0/GameBoy.Tests.dll" adapterTypeName="executor://xunit/VsTestRunner2/netcoreapp" className="GameBoy.Tests.SpriteTests" name="UseObp1_ReturnsCorrectValue" />
    </UnitTest>
    <UnitTest name="GameBoy.Tests.CartridgeHeaderTests.RamSize_CalculatesCorrectSizeForStandardCodes(code: 5, expectedSize: 65536)" storage="/home/runner/work/blazorboy/blazorboy/src/gameboy.tests/bin/debug/net8.0/gameboy.tests.dll" id="ac5af315-790c-169b-481f-a8260b6ce215">
      <Execution id="1a3df11a-4e25-4650-a8ce-ae3a63c2212d" />
      <TestMethod codeBase="/home/runner/work/BlazorBoy/BlazorBoy/src/GameBoy.Tests/bin/Debug/net8.0/GameBoy.Tests.dll" adapterTypeName="executor://xunit/VsTestRunner2/netcoreapp" className="GameBoy.Tests.CartridgeHeaderTests" name="RamSize_CalculatesCorrectSizeForStandardCodes" />
    </UnitTest>
    <UnitTest name="GameBoy.Tests.SpriteTests.Constructor_WithInvalidOamData_ThrowsException(oamData: [80], offset: 0)" storage="/home/runner/work/blazorboy/blazorboy/src/gameboy.tests/bin/debug/net8.0/gameboy.tests.dll" id="dbd4eee0-4bbb-43fd-2bb7-368558419ef9">
      <Execution id="535d3e97-33fd-4c4a-b07a-04229829e395" />
      <TestMethod codeBase="/home/runner/work/BlazorBoy/BlazorBoy/src/GameBoy.Tests/bin/Debug/net8.0/GameBoy.Tests.dll" adapterTypeName="executor://xunit/VsTestRunner2/netcoreapp" className="GameBoy.Tests.SpriteTests" name="Constructor_WithInvalidOamData_ThrowsException" />
    </UnitTest>
    <UnitTest name="GameBoy.Tests.EmulatorMbcIntegrationTests.Mmu_ErrorHandling_InvalidRomAccess" storage="/home/runner/work/blazorboy/blazorboy/src/gameboy.tests/bin/debug/net8.0/gameboy.tests.dll" id="e573544f-8572-be64-00a7-7ee9438f0ddb">
      <Execution id="29a2b2f1-58fe-41dd-8b72-d7d338e2d062" />
      <TestMethod codeBase="/home/runner/work/BlazorBoy/BlazorBoy/src/GameBoy.Tests/bin/Debug/net8.0/GameBoy.Tests.dll" adapterTypeName="executor://xunit/VsTestRunner2/netcoreapp" className="GameBoy.Tests.EmulatorMbcIntegrationTests" name="Mmu_ErrorHandling_InvalidRomAccess" />
    </UnitTest>
    <UnitTest name="GameBoy.Tests.Integration.MooneyeInterruptTests.Mooneye_TimerInterruptTests_ExecuteSuccessfully(category: &quot;timer&quot;, romFile: &quot;rapid_toggle.gb&quot;, description: &quot;Rapid timer toggle interrupt test&quot;)" storage="/home/runner/work/blazorboy/blazorboy/src/gameboy.tests/bin/debug/net8.0/gameboy.tests.dll" id="9b2d98e1-ca4d-fb59-047f-43b7ee960f1d">
      <Execution id="9c28afca-b38b-4b88-8e16-28d84b37e8c9" />
      <TestMethod codeBase="/home/runner/work/BlazorBoy/BlazorBoy/src/GameBoy.Tests/bin/Debug/net8.0/GameBoy.Tests.dll" adapterTypeName="executor://xunit/VsTestRunner2/netcoreapp" className="GameBoy.Tests.Integration.MooneyeInterruptTests" name="Mooneye_TimerInterruptTests_ExecuteSuccessfully" />
    </UnitTest>
    <UnitTest name="GameBoy.Tests.PaletteTests.MapColor_ReturnsCorrectMappedValue(paletteValue: 228, colorIndex: 1, expectedMapped: 1)" storage="/home/runner/work/blazorboy/blazorboy/src/gameboy.tests/bin/debug/net8.0/gameboy.tests.dll" id="7961845b-a65b-9e27-3165-ffeb7959eae1">
      <Execution id="e094100a-6613-42de-845c-c21d14f31977" />
      <TestMethod codeBase="/home/runner/work/BlazorBoy/BlazorBoy/src/GameBoy.Tests/bin/Debug/net8.0/GameBoy.Tests.dll" adapterTypeName="executor://xunit/VsTestRunner2/netcoreapp" className="GameBoy.Tests.PaletteTests" name="MapColor_ReturnsCorrectMappedValue" />
    </UnitTest>
    <UnitTest name="GameBoy.Tests.Integration.BlarggIntegrationTests.CpuInstrs_ExecutesSuccessfully" storage="/home/runner/work/blazorboy/blazorboy/src/gameboy.tests/bin/debug/net8.0/gameboy.tests.dll" id="64baf44e-c4ca-0761-f8bc-2b95631f9f67">
      <Execution id="105eb534-85f1-4444-b3a9-b3b62b1ffded" />
      <TestMethod codeBase="/home/runner/work/BlazorBoy/BlazorBoy/src/GameBoy.Tests/bin/Debug/net8.0/GameBoy.Tests.dll" adapterTypeName="executor://xunit/VsTestRunner2/netcoreapp" className="GameBoy.Tests.Integration.BlarggIntegrationTests" name="CpuInstrs_ExecutesSuccessfully" />
    </UnitTest>
    <UnitTest name="GameBoy.Tests.MmuTests.ReadWriteWord_CrossesRegionBoundaries" storage="/home/runner/work/blazorboy/blazorboy/src/gameboy.tests/bin/debug/net8.0/gameboy.tests.dll" id="384b0a87-c0a9-5807-477b-a9400dded61d">
      <Execution id="74b1ae6f-1d80-4cdc-ad54-98fb7910200b" />
      <TestMethod codeBase="/home/runner/work/BlazorBoy/BlazorBoy/src/GameBoy.Tests/bin/Debug/net8.0/GameBoy.Tests.dll" adapterTypeName="executor://xunit/VsTestRunner2/netcoreapp" className="GameBoy.Tests.MmuTests" name="ReadWriteWord_CrossesRegionBoundaries" />
    </UnitTest>
    <UnitTest name="GameBoy.Tests.CartridgeHeaderTests.GetMbcType_ReturnsCorrectMbcForKnownTypes" storage="/home/runner/work/blazorboy/blazorboy/src/gameboy.tests/bin/debug/net8.0/gameboy.tests.dll" id="1482e0f1-adca-ade8-b149-8abc934249b7">
      <Execution id="190b56b5-ff9e-4263-96ed-a7205a6fed25" />
      <TestMethod codeBase="/home/runner/work/BlazorBoy/BlazorBoy/src/GameBoy.Tests/bin/Debug/net8.0/GameBoy.Tests.dll" adapterTypeName="executor://xunit/VsTestRunner2/netcoreapp" className="GameBoy.Tests.CartridgeHeaderTests" name="GetMbcType_ReturnsCorrectMbcForKnownTypes" />
    </UnitTest>
    <UnitTest name="GameBoy.Tests.Integration.BlarggInterruptTests.Blargg_SpecificInterruptTests_ExecuteSuccessfully(romFile: &quot;intr_timing.gb&quot;, description: &quot;Interrupt timing test&quot;)" storage="/home/runner/work/blazorboy/blazorboy/src/gameboy.tests/bin/debug/net8.0/gameboy.tests.dll" id="3ca31e97-347a-81b8-90fb-cef85b771ba3">
      <Execution id="f6114919-2e3c-4444-aad5-8b8c5a229bb8" />
      <TestMethod codeBase="/home/runner/work/BlazorBoy/BlazorBoy/src/GameBoy.Tests/bin/Debug/net8.0/GameBoy.Tests.dll" adapterTypeName="executor://xunit/VsTestRunner2/netcoreapp" className="GameBoy.Tests.Integration.BlarggInterruptTests" name="Blargg_SpecificInterruptTests_ExecuteSuccessfully" />
    </UnitTest>
    <UnitTest name="GameBoy.Tests.InstructionDecodingTests.SpecificInstructions_HaveCorrectMetadata(opcode: 0, expectedMnemonic: &quot;NOP&quot;, expectedLength: 1, expectedCycles: 4, expectedOperandType: None)" storage="/home/runner/work/blazorboy/blazorboy/src/gameboy.tests/bin/debug/net8.0/gameboy.tests.dll" id="62a8df81-eb0e-4ba0-2cc2-7f26d95f0c42">
      <Execution id="ef185070-7ef0-46fd-a0ef-3a19832baf51" />
      <TestMethod codeBase="/home/runner/work/BlazorBoy/BlazorBoy/src/GameBoy.Tests/bin/Debug/net8.0/GameBoy.Tests.dll" adapterTypeName="executor://xunit/VsTestRunner2/netcoreapp" className="GameBoy.Tests.InstructionDecodingTests" name="SpecificInstructions_HaveCorrectMetadata" />
    </UnitTest>
    <UnitTest name="GameBoy.Tests.CartridgeMmuIntegrationTests.Mmu_ExternalRam_DisabledByDefault" storage="/home/runner/work/blazorboy/blazorboy/src/gameboy.tests/bin/debug/net8.0/gameboy.tests.dll" id="6e5afcc8-80be-d362-e400-4655b22a1d7a">
      <Execution id="59d24fe0-4a65-4fc7-86bd-1da2c34ee01f" />
      <TestMethod codeBase="/home/runner/work/BlazorBoy/BlazorBoy/src/GameBoy.Tests/bin/Debug/net8.0/GameBoy.Tests.dll" adapterTypeName="executor://xunit/VsTestRunner2/netcoreapp" className="GameBoy.Tests.CartridgeMmuIntegrationTests" name="Mmu_ExternalRam_DisabledByDefault" />
    </UnitTest>
    <UnitTest name="GameBoy.Tests.EmulatorMbcIntegrationTests.Emulator_LoadRom_AllUnsupportedMbcTypes_ThrowsNotSupportedException(cartridgeType: 253, expectedMbcName: &quot;TAMA5&quot;)" storage="/home/runner/work/blazorboy/blazorboy/src/gameboy.tests/bin/debug/net8.0/gameboy.tests.dll" id="60cd86f6-c96f-cd67-eeb2-5447e53486ea">
      <Execution id="e6b12f0b-8def-4195-9755-dee7796183cf" />
      <TestMethod codeBase="/home/runner/work/BlazorBoy/BlazorBoy/src/GameBoy.Tests/bin/Debug/net8.0/GameBoy.Tests.dll" adapterTypeName="executor://xunit/VsTestRunner2/netcoreapp" className="GameBoy.Tests.EmulatorMbcIntegrationTests" name="Emulator_LoadRom_AllUnsupportedMbcTypes_ThrowsNotSupportedException" />
    </UnitTest>
    <UnitTest name="GameBoy.Tests.InterruptServiceRoutineTests.MultiplePendingInterrupts_ServicesHighestPriorityFirst" storage="/home/runner/work/blazorboy/blazorboy/src/gameboy.tests/bin/debug/net8.0/gameboy.tests.dll" id="6a2336ec-2578-2817-5fc3-6a47f32a1060">
      <Execution id="9a513715-bdef-4dec-a2c4-10f497d6a3c6" />
      <TestMethod codeBase="/home/runner/work/BlazorBoy/BlazorBoy/src/GameBoy.Tests/bin/Debug/net8.0/GameBoy.Tests.dll" adapterTypeName="executor://xunit/VsTestRunner2/netcoreapp" className="GameBoy.Tests.InterruptServiceRoutineTests" name="MultiplePendingInterrupts_ServicesHighestPriorityFirst" />
    </UnitTest>
    <UnitTest name="GameBoy.Tests.InstructionDecodingTests.SpecificInstructions_HaveCorrectMetadata(opcode: 64, expectedMnemonic: &quot;LD B,B&quot;, expectedLength: 1, expectedCycles: 4, expectedOperandType: Register)" storage="/home/runner/work/blazorboy/blazorboy/src/gameboy.tests/bin/debug/net8.0/gameboy.tests.dll" id="4ef83935-2c9d-9172-b02d-2e01d610b9a6">
      <Execution id="aef61e58-e555-41e7-aad0-a578203b65a4" />
      <TestMethod codeBase="/home/runner/work/BlazorBoy/BlazorBoy/src/GameBoy.Tests/bin/Debug/net8.0/GameBoy.Tests.dll" adapterTypeName="executor://xunit/VsTestRunner2/netcoreapp" className="GameBoy.Tests.InstructionDecodingTests" name="SpecificInstructions_HaveCorrectMetadata" />
    </UnitTest>
    <UnitTest name="GameBoy.Tests.Integration.MooneyeInterruptTests.Mooneye_TimerInterruptTests_ExecuteSuccessfully(category: &quot;timer&quot;, romFile: &quot;tim11.gb&quot;, description: &quot;Timer interrupt test 11&quot;)" storage="/home/runner/work/blazorboy/blazorboy/src/gameboy.tests/bin/debug/net8.0/gameboy.tests.dll" id="7baf866b-2944-7e03-efe6-1d77aa15c241">
      <Execution id="3f72ec85-dd4d-4914-9427-36b60aeed99b" />
      <TestMethod codeBase="/home/runner/work/BlazorBoy/BlazorBoy/src/GameBoy.Tests/bin/Debug/net8.0/GameBoy.Tests.dll" adapterTypeName="executor://xunit/VsTestRunner2/netcoreapp" className="GameBoy.Tests.Integration.MooneyeInterruptTests" name="Mooneye_TimerInterruptTests_ExecuteSuccessfully" />
    </UnitTest>
    <UnitTest name="GameBoy.Tests.AluTests.And_BasicOperation_CorrectResult" storage="/home/runner/work/blazorboy/blazorboy/src/gameboy.tests/bin/debug/net8.0/gameboy.tests.dll" id="d9602e59-b78b-59fb-0ce2-40e1df8134c9">
      <Execution id="7d0deebf-da36-433d-9903-48585f9d7c10" />
      <TestMethod codeBase="/home/runner/work/BlazorBoy/BlazorBoy/src/GameBoy.Tests/bin/Debug/net8.0/GameBoy.Tests.dll" adapterTypeName="executor://xunit/VsTestRunner2/netcoreapp" className="GameBoy.Tests.AluTests" name="And_BasicOperation_CorrectResult" />
    </UnitTest>
    <UnitTest name="GameBoy.Tests.Integration.BlarggIntegrationTests.CpuInstrs_IndividualTests_ExecuteSuccessfully(romFile: &quot;10-bit ops.gb&quot;, description: &quot;Bit operation instruction test&quot;)" storage="/home/runner/work/blazorboy/blazorboy/src/gameboy.tests/bin/debug/net8.0/gameboy.tests.dll" id="44a29409-c73c-0aa9-11c1-928deddc20b2">
      <Execution id="41f2b88c-08b6-4375-8f57-f80e2bda1e29" />
      <TestMethod codeBase="/home/runner/work/BlazorBoy/BlazorBoy/src/GameBoy.Tests/bin/Debug/net8.0/GameBoy.Tests.dll" adapterTypeName="executor://xunit/VsTestRunner2/netcoreapp" className="GameBoy.Tests.Integration.BlarggIntegrationTests" name="CpuInstrs_IndividualTests_ExecuteSuccessfully" />
    </UnitTest>
    <UnitTest name="GameBoy.Tests.MmuTests.PPU_Registers_ReadDefaultValues" storage="/home/runner/work/blazorboy/blazorboy/src/gameboy.tests/bin/debug/net8.0/gameboy.tests.dll" id="bb76f2bc-a20b-0d58-f6e1-710315d4679b">
      <Execution id="651eb510-d83a-411b-9e8b-a7ddbc73de7e" />
      <TestMethod codeBase="/home/runner/work/BlazorBoy/BlazorBoy/src/GameBoy.Tests/bin/Debug/net8.0/GameBoy.Tests.dll" adapterTypeName="executor://xunit/VsTestRunner2/netcoreapp" className="GameBoy.Tests.MmuTests" name="PPU_Registers_ReadDefaultValues" />
    </UnitTest>
    <UnitTest name="GameBoy.Tests.InterruptServiceRoutineTests.IME_DelayComplexScenario_EI_DI_Sequence" storage="/home/runner/work/blazorboy/blazorboy/src/gameboy.tests/bin/debug/net8.0/gameboy.tests.dll" id="7f8d65ba-b2cf-6180-80ed-27adeeaa5747">
      <Execution id="e0cec873-f03f-46ea-aba8-a47344617a44" />
      <TestMethod codeBase="/home/runner/work/BlazorBoy/BlazorBoy/src/GameBoy.Tests/bin/Debug/net8.0/GameBoy.Tests.dll" adapterTypeName="executor://xunit/VsTestRunner2/netcoreapp" className="GameBoy.Tests.InterruptServiceRoutineTests" name="IME_DelayComplexScenario_EI_DI_Sequence" />
    </UnitTest>
    <UnitTest name="GameBoy.Tests.AluTests.Add_EdgeCases_BehavesCorrectly(a: 255, operand: 255)" storage="/home/runner/work/blazorboy/blazorboy/src/gameboy.tests/bin/debug/net8.0/gameboy.tests.dll" id="5525e27a-2b87-a233-5a11-e2cf4811b5ef">
      <Execution id="d50ad687-ddc7-4fc1-84d2-5ff0933c27e6" />
      <TestMethod codeBase="/home/runner/work/BlazorBoy/BlazorBoy/src/GameBoy.Tests/bin/Debug/net8.0/GameBoy.Tests.dll" adapterTypeName="executor://xunit/VsTestRunner2/netcoreapp" className="GameBoy.Tests.AluTests" name="Add_EdgeCases_BehavesCorrectly" />
    </UnitTest>
    <UnitTest name="GameBoy.Tests.AluTests.Add_EdgeCases_BehavesCorrectly(a: 128, operand: 128)" storage="/home/runner/work/blazorboy/blazorboy/src/gameboy.tests/bin/debug/net8.0/gameboy.tests.dll" id="51d07686-24c4-ee02-9f12-c31d909b6dbb">
      <Execution id="ecdceee3-4fb4-4640-bdf7-e67e290672be" />
      <TestMethod codeBase="/home/runner/work/BlazorBoy/BlazorBoy/src/GameBoy.Tests/bin/Debug/net8.0/GameBoy.Tests.dll" adapterTypeName="executor://xunit/VsTestRunner2/netcoreapp" className="GameBoy.Tests.AluTests" name="Add_EdgeCases_BehavesCorrectly" />
    </UnitTest>
    <UnitTest name="GameBoy.Tests.Integration.MooneyeInterruptTests.Mooneye_PPUInterruptTests_ExecuteSuccessfully(category: &quot;ppu&quot;, romFile: &quot;intr_2_mode0_timing.gb&quot;, description: &quot;Interrupt 2 mode 0 timing&quot;)" storage="/home/runner/work/blazorboy/blazorboy/src/gameboy.tests/bin/debug/net8.0/gameboy.tests.dll" id="8181ff33-fc64-ed25-b9b3-abb32381a24c">
      <Execution id="aed5922f-c171-46c8-832f-7359c7f4c271" />
      <TestMethod codeBase="/home/runner/work/BlazorBoy/BlazorBoy/src/GameBoy.Tests/bin/Debug/net8.0/GameBoy.Tests.dll" adapterTypeName="executor://xunit/VsTestRunner2/netcoreapp" className="GameBoy.Tests.Integration.MooneyeInterruptTests" name="Mooneye_PPUInterruptTests_ExecuteSuccessfully" />
    </UnitTest>
    <UnitTest name="GameBoy.Tests.PaletteTests.DefaultBackground_HasCorrectValue" storage="/home/runner/work/blazorboy/blazorboy/src/gameboy.tests/bin/debug/net8.0/gameboy.tests.dll" id="507d65f0-d2b5-02db-1127-24b17a2b9ce7">
      <Execution id="d682a5e2-003a-4cf8-92a4-432e0e811361" />
      <TestMethod codeBase="/home/runner/work/BlazorBoy/BlazorBoy/src/GameBoy.Tests/bin/Debug/net8.0/GameBoy.Tests.dll" adapterTypeName="executor://xunit/VsTestRunner2/netcoreapp" className="GameBoy.Tests.PaletteTests" name="DefaultBackground_HasCorrectValue" />
    </UnitTest>
    <UnitTest name="GameBoy.Tests.CartridgeHeaderTests.RamSize_CalculatesCorrectSizeForStandardCodes(code: 2, expectedSize: 8192)" storage="/home/runner/work/blazorboy/blazorboy/src/gameboy.tests/bin/debug/net8.0/gameboy.tests.dll" id="3bd37e17-a357-dd0e-5c35-ff1e954d110b">
      <Execution id="e2447dd9-c683-4999-930d-6f69bf774236" />
      <TestMethod codeBase="/home/runner/work/BlazorBoy/BlazorBoy/src/GameBoy.Tests/bin/Debug/net8.0/GameBoy.Tests.dll" adapterTypeName="executor://xunit/VsTestRunner2/netcoreapp" className="GameBoy.Tests.CartridgeHeaderTests" name="RamSize_CalculatesCorrectSizeForStandardCodes" />
    </UnitTest>
    <UnitTest name="GameBoy.Tests.PaletteTests.MapColor_WithInvalidIndex_ReturnsDefault(colorIndex: 5, expectedMapped: 0)" storage="/home/runner/work/blazorboy/blazorboy/src/gameboy.tests/bin/debug/net8.0/gameboy.tests.dll" id="ff6b2a77-4456-8714-f502-8fe975da02f4">
      <Execution id="035986bb-0f2a-4baf-931a-750c6c0c5a58" />
      <TestMethod codeBase="/home/runner/work/BlazorBoy/BlazorBoy/src/GameBoy.Tests/bin/Debug/net8.0/GameBoy.Tests.dll" adapterTypeName="executor://xunit/VsTestRunner2/netcoreapp" className="GameBoy.Tests.PaletteTests" name="MapColor_WithInvalidIndex_ReturnsDefault" />
    </UnitTest>
    <UnitTest name="GameBoy.Tests.AluTests.Add_ZeroResult_SetsZeroFlag" storage="/home/runner/work/blazorboy/blazorboy/src/gameboy.tests/bin/debug/net8.0/gameboy.tests.dll" id="c2ce2b0d-d6eb-905f-0cc0-9ac98a3b9437">
      <Execution id="792021b1-7784-4533-9173-1aa9bd244f62" />
      <TestMethod codeBase="/home/runner/work/BlazorBoy/BlazorBoy/src/GameBoy.Tests/bin/Debug/net8.0/GameBoy.Tests.dll" adapterTypeName="executor://xunit/VsTestRunner2/netcoreapp" className="GameBoy.Tests.AluTests" name="Add_ZeroResult_SetsZeroFlag" />
    </UnitTest>
    <UnitTest name="GameBoy.Tests.CartridgeHeaderTests.RomSize_CalculatesCorrectSizeForStandardCodes(code: 7, expectedSize: 4194304)" storage="/home/runner/work/blazorboy/blazorboy/src/gameboy.tests/bin/debug/net8.0/gameboy.tests.dll" id="b402c6ca-9fa9-2358-e802-fe13886feb8b">
      <Execution id="76cc8c79-48b8-45fd-bbdd-28adfe76bd8c" />
      <TestMethod codeBase="/home/runner/work/BlazorBoy/BlazorBoy/src/GameBoy.Tests/bin/Debug/net8.0/GameBoy.Tests.dll" adapterTypeName="executor://xunit/VsTestRunner2/netcoreapp" className="GameBoy.Tests.CartridgeHeaderTests" name="RomSize_CalculatesCorrectSizeForStandardCodes" />
    </UnitTest>
    <UnitTest name="GameBoy.Tests.InterruptControllerTests.Request_SetsCorrectIFBit(interruptType: Joypad, expectedBit: 16)" storage="/home/runner/work/blazorboy/blazorboy/src/gameboy.tests/bin/debug/net8.0/gameboy.tests.dll" id="69348ff9-a9b6-a8a0-cba0-e5cb6b3bdffb">
      <Execution id="1e6e5af4-0a7e-4d8c-994c-72b3fd5b52d8" />
      <TestMethod codeBase="/home/runner/work/BlazorBoy/BlazorBoy/src/GameBoy.Tests/bin/Debug/net8.0/GameBoy.Tests.dll" adapterTypeName="executor://xunit/VsTestRunner2/netcoreapp" className="GameBoy.Tests.InterruptControllerTests" name="Request_SetsCorrectIFBit" />
    </UnitTest>
    <UnitTest name="GameBoy.Tests.SpriteTests.ScreenY_ReturnsCorrectPosition(y: 80, expectedScreenY: 64)" storage="/home/runner/work/blazorboy/blazorboy/src/gameboy.tests/bin/debug/net8.0/gameboy.tests.dll" id="398b5a77-05bf-90a8-7b7e-c51723bbabda">
      <Execution id="a5d410df-eca0-4a65-b800-28d1b31739a0" />
      <TestMethod codeBase="/home/runner/work/BlazorBoy/BlazorBoy/src/GameBoy.Tests/bin/Debug/net8.0/GameBoy.Tests.dll" adapterTypeName="executor://xunit/VsTestRunner2/netcoreapp" className="GameBoy.Tests.SpriteTests" name="ScreenY_ReturnsCorrectPosition" />
    </UnitTest>
    <UnitTest name="GameBoy.Tests.InstructionTimingTests.ConditionalReturnTaken_Takes20Cycles" storage="/home/runner/work/blazorboy/blazorboy/src/gameboy.tests/bin/debug/net8.0/gameboy.tests.dll" id="c5526cc3-1d8b-dd44-4354-ed06a2ce8000">
      <Execution id="a0615b14-4766-4877-9e14-bb18c0cf1602" />
      <TestMethod codeBase="/home/runner/work/BlazorBoy/BlazorBoy/src/GameBoy.Tests/bin/Debug/net8.0/GameBoy.Tests.dll" adapterTypeName="executor://xunit/VsTestRunner2/netcoreapp" className="GameBoy.Tests.InstructionTimingTests" name="ConditionalReturnTaken_Takes20Cycles" />
    </UnitTest>
    <UnitTest name="GameBoy.Tests.InstructionTimingTests.AddRegister_Takes4Cycles" storage="/home/runner/work/blazorboy/blazorboy/src/gameboy.tests/bin/debug/net8.0/gameboy.tests.dll" id="158803f5-04ee-b40f-cbbe-f2e474332e72">
      <Execution id="405d7ef9-8030-4b72-9780-36b573313cab" />
      <TestMethod codeBase="/home/runner/work/BlazorBoy/BlazorBoy/src/GameBoy.Tests/bin/Debug/net8.0/GameBoy.Tests.dll" adapterTypeName="executor://xunit/VsTestRunner2/netcoreapp" className="GameBoy.Tests.InstructionTimingTests" name="AddRegister_Takes4Cycles" />
    </UnitTest>
    <UnitTest name="GameBoy.Tests.LcdcTests.BgTileMapArea_ReturnsCorrectValue(value: 0, expected: False)" storage="/home/runner/work/blazorboy/blazorboy/src/gameboy.tests/bin/debug/net8.0/gameboy.tests.dll" id="a431d698-896f-fd21-1f20-33ca0bb9453f">
      <Execution id="0a34ee40-366f-4792-85a5-50d1188c17a1" />
      <TestMethod codeBase="/home/runner/work/BlazorBoy/BlazorBoy/src/GameBoy.Tests/bin/Debug/net8.0/GameBoy.Tests.dll" adapterTypeName="executor://xunit/VsTestRunner2/netcoreapp" className="GameBoy.Tests.LcdcTests" name="BgTileMapArea_ReturnsCorrectValue" />
    </UnitTest>
    <UnitTest name="GameBoy.Tests.Mbc5Tests.BatteryInterface_MaxRamSize_HandledCorrectly" storage="/home/runner/work/blazorboy/blazorboy/src/gameboy.tests/bin/debug/net8.0/gameboy.tests.dll" id="abf8d7ba-f706-2765-abe8-1f16390792ce">
      <Execution id="7ac4dc1c-4d47-4f32-ae73-f9fcee2dbcc1" />
      <TestMethod codeBase="/home/runner/work/BlazorBoy/BlazorBoy/src/GameBoy.Tests/bin/Debug/net8.0/GameBoy.Tests.dll" adapterTypeName="executor://xunit/VsTestRunner2/netcoreapp" className="GameBoy.Tests.Mbc5Tests" name="BatteryInterface_MaxRamSize_HandledCorrectly" />
    </UnitTest>
    <UnitTest name="GameBoy.Tests.InstructionTimingTests.DisableInterrupts_Takes4Cycles" storage="/home/runner/work/blazorboy/blazorboy/src/gameboy.tests/bin/debug/net8.0/gameboy.tests.dll" id="d31ecf42-3f27-6ce7-80d7-dcf89b8555e5">
      <Execution id="90fee1f1-501c-46e1-a93d-e38db42f5f53" />
      <TestMethod codeBase="/home/runner/work/BlazorBoy/BlazorBoy/src/GameBoy.Tests/bin/Debug/net8.0/GameBoy.Tests.dll" adapterTypeName="executor://xunit/VsTestRunner2/netcoreapp" className="GameBoy.Tests.InstructionTimingTests" name="DisableInterrupts_Takes4Cycles" />
    </UnitTest>
    <UnitTest name="GameBoy.Tests.Integration.CpuInstructionTests.ADD_A_B_AddsRegisterToA(aValue: 255, bValue: 1, expectedResult: 0, expectedZ: True, expectedN: False, expectedH: True, expectedC: True)" storage="/home/runner/work/blazorboy/blazorboy/src/gameboy.tests/bin/debug/net8.0/gameboy.tests.dll" id="4ea435d1-890f-fdbc-b286-fc54772a33bc">
      <Execution id="ecb8175f-39bd-40d7-9c17-09b076ff5ee4" />
      <TestMethod codeBase="/home/runner/work/BlazorBoy/BlazorBoy/src/GameBoy.Tests/bin/Debug/net8.0/GameBoy.Tests.dll" adapterTypeName="executor://xunit/VsTestRunner2/netcoreapp" className="GameBoy.Tests.Integration.CpuInstructionTests" name="ADD_A_B_AddsRegisterToA" />
    </UnitTest>
    <UnitTest name="GameBoy.Tests.Mbc1Tests.ExternalRam_MaxRamBanks_WorksCorrectly" storage="/home/runner/work/blazorboy/blazorboy/src/gameboy.tests/bin/debug/net8.0/gameboy.tests.dll" id="4e34fb28-c0fe-9ad1-2f5a-0c2c79133b02">
      <Execution id="210d6d70-ffe2-4186-9186-e2fc0736c23e" />
      <TestMethod codeBase="/home/runner/work/BlazorBoy/BlazorBoy/src/GameBoy.Tests/bin/Debug/net8.0/GameBoy.Tests.dll" adapterTypeName="executor://xunit/VsTestRunner2/netcoreapp" className="GameBoy.Tests.Mbc1Tests" name="ExternalRam_MaxRamBanks_WorksCorrectly" />
    </UnitTest>
    <UnitTest name="GameBoy.Tests.Integration.CpuInstructionTests.ADD_A_B_AddsRegisterToA(aValue: 16, bValue: 32, expectedResult: 48, expectedZ: False, expectedN: False, expectedH: False, expectedC: False)" storage="/home/runner/work/blazorboy/blazorboy/src/gameboy.tests/bin/debug/net8.0/gameboy.tests.dll" id="e3f90ec9-f43d-b3fc-8592-a34fc29e9657">
      <Execution id="54e3b4d5-f905-4002-81de-06c7f151ab0c" />
      <TestMethod codeBase="/home/runner/work/BlazorBoy/BlazorBoy/src/GameBoy.Tests/bin/Debug/net8.0/GameBoy.Tests.dll" adapterTypeName="executor://xunit/VsTestRunner2/netcoreapp" className="GameBoy.Tests.Integration.CpuInstructionTests" name="ADD_A_B_AddsRegisterToA" />
    </UnitTest>
    <UnitTest name="GameBoy.Tests.OpcodeTableCoverageTests.Opcode_Table_Should_Support_All_Game_Boy_Instruction_Categories" storage="/home/runner/work/blazorboy/blazorboy/src/gameboy.tests/bin/debug/net8.0/gameboy.tests.dll" id="d2de1748-4cda-1283-f839-41f72f6fcc0b">
      <Execution id="9f85de9f-8746-4c8e-a8bf-5f033c40197c" />
      <TestMethod codeBase="/home/runner/work/BlazorBoy/BlazorBoy/src/GameBoy.Tests/bin/Debug/net8.0/GameBoy.Tests.dll" adapterTypeName="executor://xunit/VsTestRunner2/netcoreapp" className="GameBoy.Tests.OpcodeTableCoverageTests" name="Opcode_Table_Should_Support_All_Game_Boy_Instruction_Categories" />
    </UnitTest>
    <UnitTest name="GameBoy.Tests.Mbc1Tests.ReadRom_BankX_ReadsFromSwitchableBank" storage="/home/runner/work/blazorboy/blazorboy/src/gameboy.tests/bin/debug/net8.0/gameboy.tests.dll" id="4cabacea-653b-d135-c20d-4b3c21639445">
      <Execution id="bef78c88-a35a-4b67-97a7-ce956636545e" />
      <TestMethod codeBase="/home/runner/work/BlazorBoy/BlazorBoy/src/GameBoy.Tests/bin/Debug/net8.0/GameBoy.Tests.dll" adapterTypeName="executor://xunit/VsTestRunner2/netcoreapp" className="GameBoy.Tests.Mbc1Tests" name="ReadRom_BankX_ReadsFromSwitchableBank" />
    </UnitTest>
    <UnitTest name="GameBoy.Tests.SpriteTests.GetRelativeY_ReturnsCorrectValue(y: 80, scanline: 67, attributes: 0, expected: 3)" storage="/home/runner/work/blazorboy/blazorboy/src/gameboy.tests/bin/debug/net8.0/gameboy.tests.dll" id="3b24fb3a-9c64-8aa0-90a1-83f1378f46ce">
      <Execution id="008ea507-2cda-44c1-84de-6288f6047fb0" />
      <TestMethod codeBase="/home/runner/work/BlazorBoy/BlazorBoy/src/GameBoy.Tests/bin/Debug/net8.0/GameBoy.Tests.dll" adapterTypeName="executor://xunit/VsTestRunner2/netcoreapp" className="GameBoy.Tests.SpriteTests" name="GetRelativeY_ReturnsCorrectValue" />
    </UnitTest>
    <UnitTest name="GameBoy.Tests.Integration.CpuInstructionTests.CB_RLC_B_RotateLeftCircular(initial: 127, expected: 254, expectedZ: False, expectedN: False, expectedH: False, expectedC: False)" storage="/home/runner/work/blazorboy/blazorboy/src/gameboy.tests/bin/debug/net8.0/gameboy.tests.dll" id="1a182e1a-cda8-77dd-1fb7-03cdf58b41a3">
      <Execution id="c091cabf-b220-4f9f-901e-cbd405e3869a" />
      <TestMethod codeBase="/home/runner/work/BlazorBoy/BlazorBoy/src/GameBoy.Tests/bin/Debug/net8.0/GameBoy.Tests.dll" adapterTypeName="executor://xunit/VsTestRunner2/netcoreapp" className="GameBoy.Tests.Integration.CpuInstructionTests" name="CB_RLC_B_RotateLeftCircular" />
    </UnitTest>
    <UnitTest name="GameBoy.Tests.SpriteTests.IsVisibleHorizontally_ReturnsCorrectValue(x: 0, expected: False)" storage="/home/runner/work/blazorboy/blazorboy/src/gameboy.tests/bin/debug/net8.0/gameboy.tests.dll" id="bb07abf3-d490-b220-d162-53d090b9f610">
      <Execution id="8bf043b1-38e3-4ae9-a89e-3f89b9403402" />
      <TestMethod codeBase="/home/runner/work/BlazorBoy/BlazorBoy/src/GameBoy.Tests/bin/Debug/net8.0/GameBoy.Tests.dll" adapterTypeName="executor://xunit/VsTestRunner2/netcoreapp" className="GameBoy.Tests.SpriteTests" name="IsVisibleHorizontally_ReturnsCorrectValue" />
    </UnitTest>
    <UnitTest name="GameBoy.Tests.Mbc1Tests.WriteRom_BankBitsIgnored_OnlyLower5BitsUsed" storage="/home/runner/work/blazorboy/blazorboy/src/gameboy.tests/bin/debug/net8.0/gameboy.tests.dll" id="9dbf0ab8-0850-9f84-3b93-061020f06f9a">
      <Execution id="b5acda1b-41b3-4923-a944-d78986cc3a1e" />
      <TestMethod codeBase="/home/runner/work/BlazorBoy/BlazorBoy/src/GameBoy.Tests/bin/Debug/net8.0/GameBoy.Tests.dll" adapterTypeName="executor://xunit/VsTestRunner2/netcoreapp" className="GameBoy.Tests.Mbc1Tests" name="WriteRom_BankBitsIgnored_OnlyLower5BitsUsed" />
    </UnitTest>
    <UnitTest name="GameBoy.Tests.SpriteTests.GetTopTileIndex_ReturnsCorrectIndex(tileIndex: 2, is8x16: True, expected: 2)" storage="/home/runner/work/blazorboy/blazorboy/src/gameboy.tests/bin/debug/net8.0/gameboy.tests.dll" id="6dda0718-b446-f959-cf06-d189bafc7187">
      <Execution id="672084cd-54b9-412f-80f3-4710a8457efe" />
      <TestMethod codeBase="/home/runner/work/BlazorBoy/BlazorBoy/src/GameBoy.Tests/bin/Debug/net8.0/GameBoy.Tests.dll" adapterTypeName="executor://xunit/VsTestRunner2/netcoreapp" className="GameBoy.Tests.SpriteTests" name="GetTopTileIndex_ReturnsCorrectIndex" />
    </UnitTest>
    <UnitTest name="GameBoy.Tests.AdvancedTimingTests.LoadHLFromSPPlusOffset_Takes12Cycles" storage="/home/runner/work/blazorboy/blazorboy/src/gameboy.tests/bin/debug/net8.0/gameboy.tests.dll" id="5a7abee2-ae83-e426-dd86-57e518493cfd">
      <Execution id="717f79f7-8ed9-4797-b83e-e3fdbe8503d2" />
      <TestMethod codeBase="/home/runner/work/BlazorBoy/BlazorBoy/src/GameBoy.Tests/bin/Debug/net8.0/GameBoy.Tests.dll" adapterTypeName="executor://xunit/VsTestRunner2/netcoreapp" className="GameBoy.Tests.AdvancedTimingTests" name="LoadHLFromSPPlusOffset_Takes12Cycles" />
    </UnitTest>
    <UnitTest name="GameBoy.Tests.CpuMmuIntegrationTests.HighRAM_Addressing_HandlesBoundaryConditions" storage="/home/runner/work/blazorboy/blazorboy/src/gameboy.tests/bin/debug/net8.0/gameboy.tests.dll" id="52cb6569-18fe-6c7a-4229-0f2357d8427d">
      <Execution id="5188d71a-2436-4206-b47f-c3f70438e941" />
      <TestMethod codeBase="/home/runner/work/BlazorBoy/BlazorBoy/src/GameBoy.Tests/bin/Debug/net8.0/GameBoy.Tests.dll" adapterTypeName="executor://xunit/VsTestRunner2/netcoreapp" className="GameBoy.Tests.CpuMmuIntegrationTests" name="HighRAM_Addressing_HandlesBoundaryConditions" />
    </UnitTest>
    <UnitTest name="GameBoy.Tests.AluTests.Subtract_Underflow_SetsCarryFlag" storage="/home/runner/work/blazorboy/blazorboy/src/gameboy.tests/bin/debug/net8.0/gameboy.tests.dll" id="74132915-1155-a173-97ca-5489fb71d040">
      <Execution id="cde761f8-bb39-4b99-8d50-963cce0ec4e9" />
      <TestMethod codeBase="/home/runner/work/BlazorBoy/BlazorBoy/src/GameBoy.Tests/bin/Debug/net8.0/GameBoy.Tests.dll" adapterTypeName="executor://xunit/VsTestRunner2/netcoreapp" className="GameBoy.Tests.AluTests" name="Subtract_Underflow_SetsCarryFlag" />
    </UnitTest>
    <UnitTest name="GameBoy.Tests.CartridgeTests.Detect_AllMbc2Variants_ThrowsNotSupportedException(cartridgeType: 5)" storage="/home/runner/work/blazorboy/blazorboy/src/gameboy.tests/bin/debug/net8.0/gameboy.tests.dll" id="71d4783d-8f76-fa0c-236a-d09af5d224bb">
      <Execution id="44b27770-9201-40c5-b2e9-dc2097626f4c" />
      <TestMethod codeBase="/home/runner/work/BlazorBoy/BlazorBoy/src/GameBoy.Tests/bin/Debug/net8.0/GameBoy.Tests.dll" adapterTypeName="executor://xunit/VsTestRunner2/netcoreapp" className="GameBoy.Tests.CartridgeTests" name="Detect_AllMbc2Variants_ThrowsNotSupportedException" />
    </UnitTest>
    <UnitTest name="GameBoy.Tests.Integration.MooneyeInterruptTests.Mooneye_InterruptTests_ExecuteSuccessfully(category: &quot;interrupts&quot;, romFile: &quot;halt_ime0_nointr_timing.gb&quot;, description: &quot;HALT with IME=0 no interrupt timing&quot;)" storage="/home/runner/work/blazorboy/blazorboy/src/gameboy.tests/bin/debug/net8.0/gameboy.tests.dll" id="2d425b29-15d1-106c-e773-84c86e1eceaa">
      <Execution id="ed720366-89df-4fd0-986d-986fbf5a842a" />
      <TestMethod codeBase="/home/runner/work/BlazorBoy/BlazorBoy/src/GameBoy.Tests/bin/Debug/net8.0/GameBoy.Tests.dll" adapterTypeName="executor://xunit/VsTestRunner2/netcoreapp" className="GameBoy.Tests.Integration.MooneyeInterruptTests" name="Mooneye_InterruptTests_ExecuteSuccessfully" />
    </UnitTest>
    <UnitTest name="GameBoy.Tests.LcdcTests.WindowTileMapBase_ReturnsCorrectAddress(value: 64, expected: 39936)" storage="/home/runner/work/blazorboy/blazorboy/src/gameboy.tests/bin/debug/net8.0/gameboy.tests.dll" id="55863f49-97b8-672e-ce1c-1ee36ffc352e">
      <Execution id="7635ee83-3efd-489f-b5d8-8b690e8c239e" />
      <TestMethod codeBase="/home/runner/work/BlazorBoy/BlazorBoy/src/GameBoy.Tests/bin/Debug/net8.0/GameBoy.Tests.dll" adapterTypeName="executor://xunit/VsTestRunner2/netcoreapp" className="GameBoy.Tests.LcdcTests" name="WindowTileMapBase_ReturnsCorrectAddress" />
    </UnitTest>
    <UnitTest name="GameBoy.Tests.InstructionDecodingTests.Instruction_OperandTypes_AreCorrectlyDeduced" storage="/home/runner/work/blazorboy/blazorboy/src/gameboy.tests/bin/debug/net8.0/gameboy.tests.dll" id="e8e929bb-1529-0802-d2a3-a25e16295f97">
      <Execution id="8bdaab35-6952-4dba-bfd5-16bcf0d1f697" />
      <TestMethod codeBase="/home/runner/work/BlazorBoy/BlazorBoy/src/GameBoy.Tests/bin/Debug/net8.0/GameBoy.Tests.dll" adapterTypeName="executor://xunit/VsTestRunner2/netcoreapp" className="GameBoy.Tests.InstructionDecodingTests" name="Instruction_OperandTypes_AreCorrectlyDeduced" />
    </UnitTest>
    <UnitTest name="GameBoy.Tests.MmuTests.UnusableRegion_WritesIgnored" storage="/home/runner/work/blazorboy/blazorboy/src/gameboy.tests/bin/debug/net8.0/gameboy.tests.dll" id="5ae6f225-fd3d-b9aa-d3bf-ff8feb208f3b">
      <Execution id="5ae5d924-123d-4bbc-aeb2-5de827326f5c" />
      <TestMethod codeBase="/home/runner/work/BlazorBoy/BlazorBoy/src/GameBoy.Tests/bin/Debug/net8.0/GameBoy.Tests.dll" adapterTypeName="executor://xunit/VsTestRunner2/netcoreapp" className="GameBoy.Tests.MmuTests" name="UnusableRegion_WritesIgnored" />
    </UnitTest>
    <UnitTest name="GameBoy.Tests.PaletteTests.MapColor_ReturnsCorrectMappedValue(paletteValue: 228, colorIndex: 3, expectedMapped: 3)" storage="/home/runner/work/blazorboy/blazorboy/src/gameboy.tests/bin/debug/net8.0/gameboy.tests.dll" id="070f62f8-8468-e169-d1d1-005e062b481f">
      <Execution id="cbba7652-2f30-422f-98ec-4370baf24c19" />
      <TestMethod codeBase="/home/runner/work/BlazorBoy/BlazorBoy/src/GameBoy.Tests/bin/Debug/net8.0/GameBoy.Tests.dll" adapterTypeName="executor://xunit/VsTestRunner2/netcoreapp" className="GameBoy.Tests.PaletteTests" name="MapColor_ReturnsCorrectMappedValue" />
    </UnitTest>
    <UnitTest name="GameBoy.Tests.CartridgeTests.Detect_Mbc7_ThrowsNotSupportedException" storage="/home/runner/work/blazorboy/blazorboy/src/gameboy.tests/bin/debug/net8.0/gameboy.tests.dll" id="18c1654c-d336-2734-4751-d18553200a33">
      <Execution id="507a82b7-bce5-4747-b000-81af28c5721e" />
      <TestMethod codeBase="/home/runner/work/BlazorBoy/BlazorBoy/src/GameBoy.Tests/bin/Debug/net8.0/GameBoy.Tests.dll" adapterTypeName="executor://xunit/VsTestRunner2/netcoreapp" className="GameBoy.Tests.CartridgeTests" name="Detect_Mbc7_ThrowsNotSupportedException" />
    </UnitTest>
    <UnitTest name="GameBoy.Tests.TimerTests.StepWithLargeCycles_ProcessesMultipleTIMAIncrements" storage="/home/runner/work/blazorboy/blazorboy/src/gameboy.tests/bin/debug/net8.0/gameboy.tests.dll" id="6b911e4a-518f-39f3-a8b4-29e0e40b73c1">
      <Execution id="6a496a73-b4c1-4679-aa0f-cc064eef996b" />
      <TestMethod codeBase="/home/runner/work/BlazorBoy/BlazorBoy/src/GameBoy.Tests/bin/Debug/net8.0/GameBoy.Tests.dll" adapterTypeName="executor://xunit/VsTestRunner2/netcoreapp" className="GameBoy.Tests.TimerTests" name="StepWithLargeCycles_ProcessesMultipleTIMAIncrements" />
    </UnitTest>
    <UnitTest name="GameBoy.Tests.EmulatorMbcIntegrationTests.Emulator_LoadRom_InvalidRom_ThrowsException" storage="/home/runner/work/blazorboy/blazorboy/src/gameboy.tests/bin/debug/net8.0/gameboy.tests.dll" id="c4d251ab-8bd3-a71a-db5b-5cdbf0f22bc3">
      <Execution id="831e495b-378e-46b4-b07b-2f21b96fe40c" />
      <TestMethod codeBase="/home/runner/work/BlazorBoy/BlazorBoy/src/GameBoy.Tests/bin/Debug/net8.0/GameBoy.Tests.dll" adapterTypeName="executor://xunit/VsTestRunner2/netcoreapp" className="GameBoy.Tests.EmulatorMbcIntegrationTests" name="Emulator_LoadRom_InvalidRom_ThrowsException" />
    </UnitTest>
    <UnitTest name="GameBoy.Tests.CartridgeHeaderTests.IsHeaderChecksumValid_InvalidChecksum_ReturnsFalse" storage="/home/runner/work/blazorboy/blazorboy/src/gameboy.tests/bin/debug/net8.0/gameboy.tests.dll" id="683cdc6c-aca6-240b-2899-0536960988c5">
      <Execution id="2ac7c057-2528-47ba-b605-bd8f5a125183" />
      <TestMethod codeBase="/home/runner/work/BlazorBoy/BlazorBoy/src/GameBoy.Tests/bin/Debug/net8.0/GameBoy.Tests.dll" adapterTypeName="executor://xunit/VsTestRunner2/netcoreapp" className="GameBoy.Tests.CartridgeHeaderTests" name="IsHeaderChecksumValid_InvalidChecksum_ReturnsFalse" />
    </UnitTest>
    <UnitTest name="GameBoy.Tests.AdvancedTimingTests.ConditionalRelativeJumpCarryNotTaken_Takes8Cycles" storage="/home/runner/work/blazorboy/blazorboy/src/gameboy.tests/bin/debug/net8.0/gameboy.tests.dll" id="9db913f8-edf3-1531-068f-75285e2033df">
      <Execution id="0a6faf6a-6e97-4805-b80a-f754c14e7fac" />
      <TestMethod codeBase="/home/runner/work/BlazorBoy/BlazorBoy/src/GameBoy.Tests/bin/Debug/net8.0/GameBoy.Tests.dll" adapterTypeName="executor://xunit/VsTestRunner2/netcoreapp" className="GameBoy.Tests.AdvancedTimingTests" name="ConditionalRelativeJumpCarryNotTaken_Takes8Cycles" />
    </UnitTest>
    <UnitTest name="GameBoy.Tests.Mbc5Tests.BatteryInterface_GetExternalRam_ReturnsDataIfModified" storage="/home/runner/work/blazorboy/blazorboy/src/gameboy.tests/bin/debug/net8.0/gameboy.tests.dll" id="33e21037-951c-3984-e25a-6ac5be42e655">
      <Execution id="98847c48-df06-451d-8dd5-304ead75f4e9" />
      <TestMethod codeBase="/home/runner/work/BlazorBoy/BlazorBoy/src/GameBoy.Tests/bin/Debug/net8.0/GameBoy.Tests.dll" adapterTypeName="executor://xunit/VsTestRunner2/netcoreapp" className="GameBoy.Tests.Mbc5Tests" name="BatteryInterface_GetExternalRam_ReturnsDataIfModified" />
    </UnitTest>
    <UnitTest name="GameBoy.Tests.Integration.MooneyeInterruptTests.Mooneye_PPUInterruptTests_ExecuteSuccessfully(category: &quot;ppu&quot;, romFile: &quot;stat_irq_blocking.gb&quot;, description: &quot;STAT IRQ blocking test&quot;)" storage="/home/runner/work/blazorboy/blazorboy/src/gameboy.tests/bin/debug/net8.0/gameboy.tests.dll" id="abe55f34-b5a9-2059-7a3c-ee29986818a0">
      <Execution id="d2d0239e-0f8e-438c-b7c1-c371276cb9dc" />
      <TestMethod codeBase="/home/runner/work/BlazorBoy/BlazorBoy/src/GameBoy.Tests/bin/Debug/net8.0/GameBoy.Tests.dll" adapterTypeName="executor://xunit/VsTestRunner2/netcoreapp" className="GameBoy.Tests.Integration.MooneyeInterruptTests" name="Mooneye_PPUInterruptTests_ExecuteSuccessfully" />
    </UnitTest>
    <UnitTest name="GameBoy.Tests.Integration.MooneyeInterruptTests.Mooneye_TimerInterruptTests_ExecuteSuccessfully(category: &quot;timer&quot;, romFile: &quot;tim01.gb&quot;, description: &quot;Timer interrupt test 01&quot;)" storage="/home/runner/work/blazorboy/blazorboy/src/gameboy.tests/bin/debug/net8.0/gameboy.tests.dll" id="18308ccd-86c5-aae1-0bb7-e2ffebaf6d81">
      <Execution id="654c82a3-68a8-4509-a663-01648664cc2e" />
      <TestMethod codeBase="/home/runner/work/BlazorBoy/BlazorBoy/src/GameBoy.Tests/bin/Debug/net8.0/GameBoy.Tests.dll" adapterTypeName="executor://xunit/VsTestRunner2/netcoreapp" className="GameBoy.Tests.Integration.MooneyeInterruptTests" name="Mooneye_TimerInterruptTests_ExecuteSuccessfully" />
    </UnitTest>
    <UnitTest name="GameBoy.Tests.PaletteTests.RgbaColors_AreInCorrectBrightnessOrder" storage="/home/runner/work/blazorboy/blazorboy/src/gameboy.tests/bin/debug/net8.0/gameboy.tests.dll" id="3f5d93e9-3a77-c11e-f29f-256231cc5b20">
      <Execution id="a5e6352e-b75f-4b7d-b274-3ab686a01d79" />
      <TestMethod codeBase="/home/runner/work/BlazorBoy/BlazorBoy/src/GameBoy.Tests/bin/Debug/net8.0/GameBoy.Tests.dll" adapterTypeName="executor://xunit/VsTestRunner2/netcoreapp" className="GameBoy.Tests.PaletteTests" name="RgbaColors_AreInCorrectBrightnessOrder" />
    </UnitTest>
    <UnitTest name="GameBoy.Tests.CpuAddressingTests.AddressingHelpers_HighRAM_WorksWithOpcodes" storage="/home/runner/work/blazorboy/blazorboy/src/gameboy.tests/bin/debug/net8.0/gameboy.tests.dll" id="1ce02f8c-966b-9d03-e6ad-81a3ad8ee1c4">
      <Execution id="12eb3d30-342a-4d6c-b4cf-bc27bd7760d1" />
      <TestMethod codeBase="/home/runner/work/BlazorBoy/BlazorBoy/src/GameBoy.Tests/bin/Debug/net8.0/GameBoy.Tests.dll" adapterTypeName="executor://xunit/VsTestRunner2/netcoreapp" className="GameBoy.Tests.CpuAddressingTests" name="AddressingHelpers_HighRAM_WorksWithOpcodes" />
    </UnitTest>
    <UnitTest name="GameBoy.Tests.CartridgeMmuIntegrationTests.Mmu_WordOperations_WorkWithCartridge" storage="/home/runner/work/blazorboy/blazorboy/src/gameboy.tests/bin/debug/net8.0/gameboy.tests.dll" id="aa868f13-f5bb-fc20-4fe5-4cc0d9310ff0">
      <Execution id="b492d103-8018-45c9-a7f6-3ed2e723a9c0" />
      <TestMethod codeBase="/home/runner/work/BlazorBoy/BlazorBoy/src/GameBoy.Tests/bin/Debug/net8.0/GameBoy.Tests.dll" adapterTypeName="executor://xunit/VsTestRunner2/netcoreapp" className="GameBoy.Tests.CartridgeMmuIntegrationTests" name="Mmu_WordOperations_WorkWithCartridge" />
    </UnitTest>
    <UnitTest name="GameBoy.Tests.CartridgeHeaderTests.RamSize_CalculatesCorrectSizeForStandardCodes(code: 1, expectedSize: 2048)" storage="/home/runner/work/blazorboy/blazorboy/src/gameboy.tests/bin/debug/net8.0/gameboy.tests.dll" id="0418c0ca-be89-efe9-cf33-636433afc0f8">
      <Execution id="98f880f4-88e4-4113-b79f-fbc05d5eeae8" />
      <TestMethod codeBase="/home/runner/work/BlazorBoy/BlazorBoy/src/GameBoy.Tests/bin/Debug/net8.0/GameBoy.Tests.dll" adapterTypeName="executor://xunit/VsTestRunner2/netcoreapp" className="GameBoy.Tests.CartridgeHeaderTests" name="RamSize_CalculatesCorrectSizeForStandardCodes" />
    </UnitTest>
    <UnitTest name="GameBoy.Tests.Integration.BlarggIntegrationTests.InstrTiming_ExecutesSuccessfully" storage="/home/runner/work/blazorboy/blazorboy/src/gameboy.tests/bin/debug/net8.0/gameboy.tests.dll" id="0987baaa-b082-9c6b-9451-aed60b19e5a3">
      <Execution id="799a3f59-7c4f-4a38-bdf1-0e53ae052395" />
      <TestMethod codeBase="/home/runner/work/BlazorBoy/BlazorBoy/src/GameBoy.Tests/bin/Debug/net8.0/GameBoy.Tests.dll" adapterTypeName="executor://xunit/VsTestRunner2/netcoreapp" className="GameBoy.Tests.Integration.BlarggIntegrationTests" name="InstrTiming_ExecutesSuccessfully" />
    </UnitTest>
    <UnitTest name="GameBoy.Tests.Integration.MooneyeInterruptTests.Mooneye_InterruptTests_ExecuteSuccessfully(category: &quot;interrupts&quot;, romFile: &quot;ei_timing.gb&quot;, description: &quot;EI timing test&quot;)" storage="/home/runner/work/blazorboy/blazorboy/src/gameboy.tests/bin/debug/net8.0/gameboy.tests.dll" id="c467a2ea-f0a6-71d5-4fff-b7da99694d93">
      <Execution id="a0a53b3b-9924-4dac-b0ca-7c3c7c7ca047" />
      <TestMethod codeBase="/home/runner/work/BlazorBoy/BlazorBoy/src/GameBoy.Tests/bin/Debug/net8.0/GameBoy.Tests.dll" adapterTypeName="executor://xunit/VsTestRunner2/netcoreapp" className="GameBoy.Tests.Integration.MooneyeInterruptTests" name="Mooneye_InterruptTests_ExecuteSuccessfully" />
    </UnitTest>
    <UnitTest name="GameBoy.Tests.Mbc3Tests.ExternalRam_MaxRamBanks_WorksCorrectly" storage="/home/runner/work/blazorboy/blazorboy/src/gameboy.tests/bin/debug/net8.0/gameboy.tests.dll" id="599718d7-ac06-0329-9b10-9b780bab0f8c">
      <Execution id="81bde684-d1f0-48e8-bd06-8b8533fd4667" />
      <TestMethod codeBase="/home/runner/work/BlazorBoy/BlazorBoy/src/GameBoy.Tests/bin/Debug/net8.0/GameBoy.Tests.dll" adapterTypeName="executor://xunit/VsTestRunner2/netcoreapp" className="GameBoy.Tests.Mbc3Tests" name="ExternalRam_MaxRamBanks_WorksCorrectly" />
    </UnitTest>
    <UnitTest name="GameBoy.Tests.InterruptServiceRoutineTests.ServiceInterrupt_PushesPC_JumpsToVector_ClearsIME" storage="/home/runner/work/blazorboy/blazorboy/src/gameboy.tests/bin/debug/net8.0/gameboy.tests.dll" id="23cac77e-8185-9534-dd27-495714e8a227">
      <Execution id="b3abf211-a1b8-4c2f-b9ca-58fcb794623c" />
      <TestMethod codeBase="/home/runner/work/BlazorBoy/BlazorBoy/src/GameBoy.Tests/bin/Debug/net8.0/GameBoy.Tests.dll" adapterTypeName="executor://xunit/VsTestRunner2/netcoreapp" className="GameBoy.Tests.InterruptServiceRoutineTests" name="ServiceInterrupt_PushesPC_JumpsToVector_ClearsIME" />
    </UnitTest>
    <UnitTest name="GameBoy.Tests.TimerTests.ResetDivider_ResetsInternalCounter" storage="/home/runner/work/blazorboy/blazorboy/src/gameboy.tests/bin/debug/net8.0/gameboy.tests.dll" id="579e900f-40ba-f163-1787-b9456a43a29b">
      <Execution id="46b93e3d-927b-4394-8a36-64a70afa1539" />
      <TestMethod codeBase="/home/runner/work/BlazorBoy/BlazorBoy/src/GameBoy.Tests/bin/Debug/net8.0/GameBoy.Tests.dll" adapterTypeName="executor://xunit/VsTestRunner2/netcoreapp" className="GameBoy.Tests.TimerTests" name="ResetDivider_ResetsInternalCounter" />
    </UnitTest>
    <UnitTest name="GameBoy.Tests.SpriteTests.ScreenY_ReturnsCorrectPosition(y: 16, expectedScreenY: 0)" storage="/home/runner/work/blazorboy/blazorboy/src/gameboy.tests/bin/debug/net8.0/gameboy.tests.dll" id="b04d458c-17fd-9e4a-b7d3-d417bd022b45">
      <Execution id="6ede179e-b1e0-4248-8bc1-bb0fe83ec7ef" />
      <TestMethod codeBase="/home/runner/work/BlazorBoy/BlazorBoy/src/GameBoy.Tests/bin/Debug/net8.0/GameBoy.Tests.dll" adapterTypeName="executor://xunit/VsTestRunner2/netcoreapp" className="GameBoy.Tests.SpriteTests" name="ScreenY_ReturnsCorrectPosition" />
    </UnitTest>
    <UnitTest name="GameBoy.Tests.CpuMmuIntegrationTests.HL_AddressingModes_HandleMemoryBoundaries" storage="/home/runner/work/blazorboy/blazorboy/src/gameboy.tests/bin/debug/net8.0/gameboy.tests.dll" id="54dd0e40-8b85-eea0-2c56-4381d7e21249">
      <Execution id="8af8d0ff-ffc4-4d67-82ee-fc824a6edc66" />
      <TestMethod codeBase="/home/runner/work/BlazorBoy/BlazorBoy/src/GameBoy.Tests/bin/Debug/net8.0/GameBoy.Tests.dll" adapterTypeName="executor://xunit/VsTestRunner2/netcoreapp" className="GameBoy.Tests.CpuMmuIntegrationTests" name="HL_AddressingModes_HandleMemoryBoundaries" />
    </UnitTest>
    <UnitTest name="GameBoy.Tests.Integration.BlarggIntegrationTests.CpuInstrs_IndividualTests_ExecuteSuccessfully(romFile: &quot;09-op r,r.gb&quot;, description: &quot;OP r,r instruction test&quot;)" storage="/home/runner/work/blazorboy/blazorboy/src/gameboy.tests/bin/debug/net8.0/gameboy.tests.dll" id="b6679417-7425-0364-aa34-5d62bcf33e8a">
      <Execution id="1afdc76c-2eb5-4f96-b4d3-17c83d6f9000" />
      <TestMethod codeBase="/home/runner/work/BlazorBoy/BlazorBoy/src/GameBoy.Tests/bin/Debug/net8.0/GameBoy.Tests.dll" adapterTypeName="executor://xunit/VsTestRunner2/netcoreapp" className="GameBoy.Tests.Integration.BlarggIntegrationTests" name="CpuInstrs_IndividualTests_ExecuteSuccessfully" />
    </UnitTest>
    <UnitTest name="GameBoy.Tests.CpuMmuIntegrationTests.HLI_Addressing_WorksAcrossMemoryRegions" storage="/home/runner/work/blazorboy/blazorboy/src/gameboy.tests/bin/debug/net8.0/gameboy.tests.dll" id="e18c5c21-e916-b247-5614-914afe1fc364">
      <Execution id="1d8832cc-c830-42b3-a0ba-9f39dc6e420a" />
      <TestMethod codeBase="/home/runner/work/BlazorBoy/BlazorBoy/src/GameBoy.Tests/bin/Debug/net8.0/GameBoy.Tests.dll" adapterTypeName="executor://xunit/VsTestRunner2/netcoreapp" className="GameBoy.Tests.CpuMmuIntegrationTests" name="HLI_Addressing_WorksAcrossMemoryRegions" />
    </UnitTest>
    <UnitTest name="GameBoy.Tests.Integration.CpuInstructionTests.LD_r_d8_LoadsImmediateValue(opcode: 30)" storage="/home/runner/work/blazorboy/blazorboy/src/gameboy.tests/bin/debug/net8.0/gameboy.tests.dll" id="cd018578-d116-a74a-2e00-0a601b3ee87f">
      <Execution id="ba031af1-7ba8-4601-bed2-097107a438cc" />
      <TestMethod codeBase="/home/runner/work/BlazorBoy/BlazorBoy/src/GameBoy.Tests/bin/Debug/net8.0/GameBoy.Tests.dll" adapterTypeName="executor://xunit/VsTestRunner2/netcoreapp" className="GameBoy.Tests.Integration.CpuInstructionTests" name="LD_r_d8_LoadsImmediateValue" />
    </UnitTest>
    <UnitTest name="GameBoy.Tests.EmulatorMbcIntegrationTests.Emulator_LoadRom_Mbc1WithBattery_HasBatteryRam" storage="/home/runner/work/blazorboy/blazorboy/src/gameboy.tests/bin/debug/net8.0/gameboy.tests.dll" id="adf23f40-2859-f79c-dec4-a4f9a98c1f87">
      <Execution id="22849699-d6b8-4b72-b3d0-54773c2ea61f" />
      <TestMethod codeBase="/home/runner/work/BlazorBoy/BlazorBoy/src/GameBoy.Tests/bin/Debug/net8.0/GameBoy.Tests.dll" adapterTypeName="executor://xunit/VsTestRunner2/netcoreapp" className="GameBoy.Tests.EmulatorMbcIntegrationTests" name="Emulator_LoadRom_Mbc1WithBattery_HasBatteryRam" />
    </UnitTest>
    <UnitTest name="GameBoy.Tests.InterruptControllerTests.TryGetPending_MultipleInterrupts_ReturnsHighestPriority" storage="/home/runner/work/blazorboy/blazorboy/src/gameboy.tests/bin/debug/net8.0/gameboy.tests.dll" id="fb445874-2ad4-a0db-f99f-877c8498831e">
      <Execution id="38b988fd-1f9a-4424-8f8a-e5fd9727c2fe" />
      <TestMethod codeBase="/home/runner/work/BlazorBoy/BlazorBoy/src/GameBoy.Tests/bin/Debug/net8.0/GameBoy.Tests.dll" adapterTypeName="executor://xunit/VsTestRunner2/netcoreapp" className="GameBoy.Tests.InterruptControllerTests" name="TryGetPending_MultipleInterrupts_ReturnsHighestPriority" />
    </UnitTest>
    <UnitTest name="GameBoy.Tests.MmuTests.IE_Register_ReadWriteRoundTrip" storage="/home/runner/work/blazorboy/blazorboy/src/gameboy.tests/bin/debug/net8.0/gameboy.tests.dll" id="f852aa46-1c23-85f8-8f34-1c64041782d8">
      <Execution id="c13b3b54-99f4-4dbd-9f34-9877ca2e255e" />
      <TestMethod codeBase="/home/runner/work/BlazorBoy/BlazorBoy/src/GameBoy.Tests/bin/Debug/net8.0/GameBoy.Tests.dll" adapterTypeName="executor://xunit/VsTestRunner2/netcoreapp" className="GameBoy.Tests.MmuTests" name="IE_Register_ReadWriteRoundTrip" />
    </UnitTest>
    <UnitTest name="GameBoy.Tests.CartridgeHeaderTests.IsValidHeader_InvalidDestinationCodes_ReturnsFalse(destinationCode: 255)" storage="/home/runner/work/blazorboy/blazorboy/src/gameboy.tests/bin/debug/net8.0/gameboy.tests.dll" id="bcb080de-7b48-8b9a-c3cc-d1356e3215db">
      <Execution id="77e8d779-ea53-4669-805b-523342b92bb7" />
      <TestMethod codeBase="/home/runner/work/BlazorBoy/BlazorBoy/src/GameBoy.Tests/bin/Debug/net8.0/GameBoy.Tests.dll" adapterTypeName="executor://xunit/VsTestRunner2/netcoreapp" className="GameBoy.Tests.CartridgeHeaderTests" name="IsValidHeader_InvalidDestinationCodes_ReturnsFalse" />
    </UnitTest>
    <UnitTest name="GameBoy.Tests.PpuTests.Step_FrameCompletion_ReturnsCorrectValue(cycles: 70224, expectedFrameReady: True)" storage="/home/runner/work/blazorboy/blazorboy/src/gameboy.tests/bin/debug/net8.0/gameboy.tests.dll" id="34924829-4fd3-8dc8-73df-3ca654f3cd98">
      <Execution id="088fb15a-1785-4ca7-a459-d6e73efececc" />
      <TestMethod codeBase="/home/runner/work/BlazorBoy/BlazorBoy/src/GameBoy.Tests/bin/Debug/net8.0/GameBoy.Tests.dll" adapterTypeName="executor://xunit/VsTestRunner2/netcoreapp" className="GameBoy.Tests.PpuTests" name="Step_FrameCompletion_ReturnsCorrectValue" />
    </UnitTest>
    <UnitTest name="GameBoy.Tests.CartridgeMmuIntegrationTests.Mmu_NoCartridge_ExternalRamReturnsFF" storage="/home/runner/work/blazorboy/blazorboy/src/gameboy.tests/bin/debug/net8.0/gameboy.tests.dll" id="4501750c-47b1-1500-d12b-8c4255549279">
      <Execution id="f378012a-ceec-4ae5-b098-f41ecc28f679" />
      <TestMethod codeBase="/home/runner/work/BlazorBoy/BlazorBoy/src/GameBoy.Tests/bin/Debug/net8.0/GameBoy.Tests.dll" adapterTypeName="executor://xunit/VsTestRunner2/netcoreapp" className="GameBoy.Tests.CartridgeMmuIntegrationTests" name="Mmu_NoCartridge_ExternalRamReturnsFF" />
    </UnitTest>
    <UnitTest name="GameBoy.Tests.InterruptControllerTests.IF_SetAndRead_ReturnsCorrectValues(setValue: 8, expectedRead: 232)" storage="/home/runner/work/blazorboy/blazorboy/src/gameboy.tests/bin/debug/net8.0/gameboy.tests.dll" id="d0805720-46ee-5204-456e-ee7f378fc9bf">
      <Execution id="c0f19cc2-d018-4a66-b9b4-5bee8816eafd" />
      <TestMethod codeBase="/home/runner/work/BlazorBoy/BlazorBoy/src/GameBoy.Tests/bin/Debug/net8.0/GameBoy.Tests.dll" adapterTypeName="executor://xunit/VsTestRunner2/netcoreapp" className="GameBoy.Tests.InterruptControllerTests" name="IF_SetAndRead_ReturnsCorrectValues" />
    </UnitTest>
    <UnitTest name="GameBoy.Tests.TimerTests.DIV_OverflowsCorrectly" storage="/home/runner/work/blazorboy/blazorboy/src/gameboy.tests/bin/debug/net8.0/gameboy.tests.dll" id="f5e57cc6-1bbb-d2eb-15d7-09af3cef2442">
      <Execution id="4183660a-d254-4f64-a292-30c15e2b5522" />
      <TestMethod codeBase="/home/runner/work/BlazorBoy/BlazorBoy/src/GameBoy.Tests/bin/Debug/net8.0/GameBoy.Tests.dll" adapterTypeName="executor://xunit/VsTestRunner2/netcoreapp" className="GameBoy.Tests.TimerTests" name="DIV_OverflowsCorrectly" />
    </UnitTest>
    <UnitTest name="GameBoy.Tests.TimerTests.TIMA_ContinuesAfterTACFrequencyChange" storage="/home/runner/work/blazorboy/blazorboy/src/gameboy.tests/bin/debug/net8.0/gameboy.tests.dll" id="5ffa0d02-1351-3cf0-e24b-a502a0b8a20c">
      <Execution id="6dd549a7-2858-4149-bc48-520f171f6cbe" />
      <TestMethod codeBase="/home/runner/work/BlazorBoy/BlazorBoy/src/GameBoy.Tests/bin/Debug/net8.0/GameBoy.Tests.dll" adapterTypeName="executor://xunit/VsTestRunner2/netcoreapp" className="GameBoy.Tests.TimerTests" name="TIMA_ContinuesAfterTACFrequencyChange" />
    </UnitTest>
    <UnitTest name="GameBoy.Tests.EmulatorMbcIntegrationTests.Emulator_BatteryRam_NoCartridge_ReturnsNull" storage="/home/runner/work/blazorboy/blazorboy/src/gameboy.tests/bin/debug/net8.0/gameboy.tests.dll" id="5867821c-26ab-2d78-4bc5-e20dbefcbaf9">
      <Execution id="d3ed29b2-5c37-438a-86fe-1bc511e609ea" />
      <TestMethod codeBase="/home/runner/work/BlazorBoy/BlazorBoy/src/GameBoy.Tests/bin/Debug/net8.0/GameBoy.Tests.dll" adapterTypeName="executor://xunit/VsTestRunner2/netcoreapp" className="GameBoy.Tests.EmulatorMbcIntegrationTests" name="Emulator_BatteryRam_NoCartridge_ReturnsNull" />
    </UnitTest>
    <UnitTest name="GameBoy.Tests.Integration.CpuInstructionTests.CB_RLC_B_RotateLeftCircular(initial: 0, expected: 0, expectedZ: True, expectedN: False, expectedH: False, expectedC: False)" storage="/home/runner/work/blazorboy/blazorboy/src/gameboy.tests/bin/debug/net8.0/gameboy.tests.dll" id="a48351fd-d035-e6c9-2c2e-b880aadd8527">
      <Execution id="33a2e1dc-aa04-49a8-9455-77c6464a4787" />
      <TestMethod codeBase="/home/runner/work/BlazorBoy/BlazorBoy/src/GameBoy.Tests/bin/Debug/net8.0/GameBoy.Tests.dll" adapterTypeName="executor://xunit/VsTestRunner2/netcoreapp" className="GameBoy.Tests.Integration.CpuInstructionTests" name="CB_RLC_B_RotateLeftCircular" />
    </UnitTest>
    <UnitTest name="GameBoy.Tests.IoRegionWiringTests.IoRegion_AllReads_CallReadIoRegister" storage="/home/runner/work/blazorboy/blazorboy/src/gameboy.tests/bin/debug/net8.0/gameboy.tests.dll" id="35a43724-bb7a-aa6d-ce4d-11f4892a4d02">
      <Execution id="48e83b6d-6b90-4ad3-8588-f4ab546a7502" />
      <TestMethod codeBase="/home/runner/work/BlazorBoy/BlazorBoy/src/GameBoy.Tests/bin/Debug/net8.0/GameBoy.Tests.dll" adapterTypeName="executor://xunit/VsTestRunner2/netcoreapp" className="GameBoy.Tests.IoRegionWiringTests" name="IoRegion_AllReads_CallReadIoRegister" />
    </UnitTest>
    <UnitTest name="GameBoy.Tests.TimerTests.TIMA_IncrementsAtCorrectFrequency(tacValue: 7, expectedCycles: 256)" storage="/home/runner/work/blazorboy/blazorboy/src/gameboy.tests/bin/debug/net8.0/gameboy.tests.dll" id="6e63e14b-5591-a997-fbef-946b131ed86a">
      <Execution id="3e1c52e8-f667-462b-a8d4-943cc573b629" />
      <TestMethod codeBase="/home/runner/work/BlazorBoy/BlazorBoy/src/GameBoy.Tests/bin/Debug/net8.0/GameBoy.Tests.dll" adapterTypeName="executor://xunit/VsTestRunner2/netcoreapp" className="GameBoy.Tests.TimerTests" name="TIMA_IncrementsAtCorrectFrequency" />
    </UnitTest>
    <UnitTest name="GameBoy.Tests.CycleAccuracyValidationTests.AllMemoryAccessHL_Take8Or12Cycles" storage="/home/runner/work/blazorboy/blazorboy/src/gameboy.tests/bin/debug/net8.0/gameboy.tests.dll" id="13726585-79dc-76dc-4242-147d93ed4993">
      <Execution id="1a1570c5-4c76-4672-87ef-74c8d510c40c" />
      <TestMethod codeBase="/home/runner/work/BlazorBoy/BlazorBoy/src/GameBoy.Tests/bin/Debug/net8.0/GameBoy.Tests.dll" adapterTypeName="executor://xunit/VsTestRunner2/netcoreapp" className="GameBoy.Tests.CycleAccuracyValidationTests" name="AllMemoryAccessHL_Take8Or12Cycles" />
    </UnitTest>
    <UnitTest name="GameBoy.Tests.Integration.BlarggInterruptTests.Blargg_InterruptPriority_ExecutesSuccessfully" storage="/home/runner/work/blazorboy/blazorboy/src/gameboy.tests/bin/debug/net8.0/gameboy.tests.dll" id="87859a6e-b4f5-3734-6a55-861484597f9d">
      <Execution id="a72c8128-8bce-4255-891f-3e733c8774eb" />
      <TestMethod codeBase="/home/runner/work/BlazorBoy/BlazorBoy/src/GameBoy.Tests/bin/Debug/net8.0/GameBoy.Tests.dll" adapterTypeName="executor://xunit/VsTestRunner2/netcoreapp" className="GameBoy.Tests.Integration.BlarggInterruptTests" name="Blargg_InterruptPriority_ExecutesSuccessfully" />
    </UnitTest>
    <UnitTest name="GameBoy.Tests.SpriteTests.ScreenX_ReturnsCorrectPosition(x: 8, expectedScreenX: 0)" storage="/home/runner/work/blazorboy/blazorboy/src/gameboy.tests/bin/debug/net8.0/gameboy.tests.dll" id="1ebf8b85-1e90-2553-0e58-274de4d6d987">
      <Execution id="4a5d348b-c393-4ae0-a989-e61313aae1a2" />
      <TestMethod codeBase="/home/runner/work/BlazorBoy/BlazorBoy/src/GameBoy.Tests/bin/Debug/net8.0/GameBoy.Tests.dll" adapterTypeName="executor://xunit/VsTestRunner2/netcoreapp" className="GameBoy.Tests.SpriteTests" name="ScreenX_ReturnsCorrectPosition" />
    </UnitTest>
    <UnitTest name="GameBoy.Tests.PaletteTests.MapColor_ReturnsCorrectMappedValue(paletteValue: 228, colorIndex: 0, expectedMapped: 0)" storage="/home/runner/work/blazorboy/blazorboy/src/gameboy.tests/bin/debug/net8.0/gameboy.tests.dll" id="5e0a1810-3686-4419-563c-4f347d240b08">
      <Execution id="e41f09b0-eaed-4777-b6b3-6ae6156c43ff" />
      <TestMethod codeBase="/home/runner/work/BlazorBoy/BlazorBoy/src/GameBoy.Tests/bin/Debug/net8.0/GameBoy.Tests.dll" adapterTypeName="executor://xunit/VsTestRunner2/netcoreapp" className="GameBoy.Tests.PaletteTests" name="MapColor_ReturnsCorrectMappedValue" />
    </UnitTest>
    <UnitTest name="GameBoy.Tests.IoRegsTests.Mmu_ShouldUseIoRegsConstants" storage="/home/runner/work/blazorboy/blazorboy/src/gameboy.tests/bin/debug/net8.0/gameboy.tests.dll" id="e6e8aab5-22e2-c84e-dced-9029f5c03e83">
      <Execution id="e1283b3e-7a31-4012-bda3-dcb6888c8f3c" />
      <TestMethod codeBase="/home/runner/work/BlazorBoy/BlazorBoy/src/GameBoy.Tests/bin/Debug/net8.0/GameBoy.Tests.dll" adapterTypeName="executor://xunit/VsTestRunner2/netcoreapp" className="GameBoy.Tests.IoRegsTests" name="Mmu_ShouldUseIoRegsConstants" />
    </UnitTest>
    <UnitTest name="GameBoy.Tests.LcdcTests.LcdEnable_ReturnsCorrectValue(value: 0, expected: False)" storage="/home/runner/work/blazorboy/blazorboy/src/gameboy.tests/bin/debug/net8.0/gameboy.tests.dll" id="fda863c2-02bb-636a-bdf3-5cae511a7de6">
      <Execution id="fe9079c2-f09b-49de-81ea-76339b808657" />
      <TestMethod codeBase="/home/runner/work/BlazorBoy/BlazorBoy/src/GameBoy.Tests/bin/Debug/net8.0/GameBoy.Tests.dll" adapterTypeName="executor://xunit/VsTestRunner2/netcoreapp" className="GameBoy.Tests.LcdcTests" name="LcdEnable_ReturnsCorrectValue" />
    </UnitTest>
    <UnitTest name="GameBoy.Tests.AdvancedTimingTests.StoreAbsoluteA_Takes16Cycles" storage="/home/runner/work/blazorboy/blazorboy/src/gameboy.tests/bin/debug/net8.0/gameboy.tests.dll" id="fef37fd4-d952-e5e0-a0dc-f7ea4d75e03d">
      <Execution id="5959551d-0d52-4cdb-a405-919f78339123" />
      <TestMethod codeBase="/home/runner/work/BlazorBoy/BlazorBoy/src/GameBoy.Tests/bin/Debug/net8.0/GameBoy.Tests.dll" adapterTypeName="executor://xunit/VsTestRunner2/netcoreapp" className="GameBoy.Tests.AdvancedTimingTests" name="StoreAbsoluteA_Takes16Cycles" />
    </UnitTest>
    <UnitTest name="GameBoy.Tests.AdvancedTimingTests.StoreHLI_Takes8Cycles" storage="/home/runner/work/blazorboy/blazorboy/src/gameboy.tests/bin/debug/net8.0/gameboy.tests.dll" id="8fbd6ce3-6704-4f80-9cfb-0e35809fde37">
      <Execution id="8f58107d-d8e9-4aed-b064-0aa66680b706" />
      <TestMethod codeBase="/home/runner/work/BlazorBoy/BlazorBoy/src/GameBoy.Tests/bin/Debug/net8.0/GameBoy.Tests.dll" adapterTypeName="executor://xunit/VsTestRunner2/netcoreapp" className="GameBoy.Tests.AdvancedTimingTests" name="StoreHLI_Takes8Cycles" />
    </UnitTest>
    <UnitTest name="GameBoy.Tests.Mbc3Tests.ExternalRam_BeyondAvailableBanks_ReturnsFF" storage="/home/runner/work/blazorboy/blazorboy/src/gameboy.tests/bin/debug/net8.0/gameboy.tests.dll" id="91f182fd-4e40-6cec-5612-56fc0376e781">
      <Execution id="d81cc668-f703-432d-b8c6-42856589be34" />
      <TestMethod codeBase="/home/runner/work/BlazorBoy/BlazorBoy/src/GameBoy.Tests/bin/Debug/net8.0/GameBoy.Tests.dll" adapterTypeName="executor://xunit/VsTestRunner2/netcoreapp" className="GameBoy.Tests.Mbc3Tests" name="ExternalRam_BeyondAvailableBanks_ReturnsFF" />
    </UnitTest>
    <UnitTest name="GameBoy.Tests.CpuTests.Add_A_d8_AddsImmediateByte" storage="/home/runner/work/blazorboy/blazorboy/src/gameboy.tests/bin/debug/net8.0/gameboy.tests.dll" id="5924fbe0-0856-ba6d-5f56-bda58dc0f81a">
      <Execution id="2f6f9341-e022-4cf1-891c-dfd2a21b86a7" />
      <TestMethod codeBase="/home/runner/work/BlazorBoy/BlazorBoy/src/GameBoy.Tests/bin/Debug/net8.0/GameBoy.Tests.dll" adapterTypeName="executor://xunit/VsTestRunner2/netcoreapp" className="GameBoy.Tests.CpuTests" name="Add_A_d8_AddsImmediateByte" />
    </UnitTest>
    <UnitTest name="GameBoy.Tests.LcdcTests.ObjSize_ReturnsCorrectValue(value: 251, expected: False)" storage="/home/runner/work/blazorboy/blazorboy/src/gameboy.tests/bin/debug/net8.0/gameboy.tests.dll" id="5494ec2e-0587-794c-5ab7-344214177d77">
      <Execution id="1744420c-b30e-46df-bc5a-8a7b91f3a993" />
      <TestMethod codeBase="/home/runner/work/BlazorBoy/BlazorBoy/src/GameBoy.Tests/bin/Debug/net8.0/GameBoy.Tests.dll" adapterTypeName="executor://xunit/VsTestRunner2/netcoreapp" className="GameBoy.Tests.LcdcTests" name="ObjSize_ReturnsCorrectValue" />
    </UnitTest>
    <UnitTest name="GameBoy.Tests.AluTests.Or_BasicOperation_CorrectResult" storage="/home/runner/work/blazorboy/blazorboy/src/gameboy.tests/bin/debug/net8.0/gameboy.tests.dll" id="35afbf55-0088-9a3d-88af-fa24445977ec">
      <Execution id="393fc521-6f59-477a-b740-a6c7a00b09b2" />
      <TestMethod codeBase="/home/runner/work/BlazorBoy/BlazorBoy/src/GameBoy.Tests/bin/Debug/net8.0/GameBoy.Tests.dll" adapterTypeName="executor://xunit/VsTestRunner2/netcoreapp" className="GameBoy.Tests.AluTests" name="Or_BasicOperation_CorrectResult" />
    </UnitTest>
    <UnitTest name="GameBoy.Tests.AluTests.Add_EdgeCases_BehavesCorrectly(a: 0, operand: 0)" storage="/home/runner/work/blazorboy/blazorboy/src/gameboy.tests/bin/debug/net8.0/gameboy.tests.dll" id="3efe24c8-deb2-789b-440d-2c5eec635271">
      <Execution id="62818cd9-52c7-4891-961b-e06f595bc68f" />
      <TestMethod codeBase="/home/runner/work/BlazorBoy/BlazorBoy/src/GameBoy.Tests/bin/Debug/net8.0/GameBoy.Tests.dll" adapterTypeName="executor://xunit/VsTestRunner2/netcoreapp" className="GameBoy.Tests.AluTests" name="Add_EdgeCases_BehavesCorrectly" />
    </UnitTest>
    <UnitTest name="GameBoy.Tests.Integration.CpuInstructionTests.LD_r_d8_LoadsImmediateValue(opcode: 6)" storage="/home/runner/work/blazorboy/blazorboy/src/gameboy.tests/bin/debug/net8.0/gameboy.tests.dll" id="c4a2b9de-d243-2f16-41d5-6b033ac97262">
      <Execution id="16039246-446c-4699-98a1-5cf82f852583" />
      <TestMethod codeBase="/home/runner/work/BlazorBoy/BlazorBoy/src/GameBoy.Tests/bin/Debug/net8.0/GameBoy.Tests.dll" adapterTypeName="executor://xunit/VsTestRunner2/netcoreapp" className="GameBoy.Tests.Integration.CpuInstructionTests" name="LD_r_d8_LoadsImmediateValue" />
    </UnitTest>
    <UnitTest name="GameBoy.Tests.DmaTests.DMA_WriteToRegister_StoresValue" storage="/home/runner/work/blazorboy/blazorboy/src/gameboy.tests/bin/debug/net8.0/gameboy.tests.dll" id="ae3064f1-f145-0973-10f5-1b6b0badd490">
      <Execution id="fe017ecc-0448-4927-a310-5e90b879d46e" />
      <TestMethod codeBase="/home/runner/work/BlazorBoy/BlazorBoy/src/GameBoy.Tests/bin/Debug/net8.0/GameBoy.Tests.dll" adapterTypeName="executor://xunit/VsTestRunner2/netcoreapp" className="GameBoy.Tests.DmaTests" name="DMA_WriteToRegister_StoresValue" />
    </UnitTest>
    <UnitTest name="GameBoy.Tests.Mbc5Tests.WriteRom_MaxBankNumber_WorksAtLimits" storage="/home/runner/work/blazorboy/blazorboy/src/gameboy.tests/bin/debug/net8.0/gameboy.tests.dll" id="2f0ddee0-7fdb-c7a4-59d6-c0c2dfc9450d">
      <Execution id="85d119d7-dbd7-45d2-b1d1-faa05dcd8d24" />
      <TestMethod codeBase="/home/runner/work/BlazorBoy/BlazorBoy/src/GameBoy.Tests/bin/Debug/net8.0/GameBoy.Tests.dll" adapterTypeName="executor://xunit/VsTestRunner2/netcoreapp" className="GameBoy.Tests.Mbc5Tests" name="WriteRom_MaxBankNumber_WorksAtLimits" />
    </UnitTest>
    <UnitTest name="GameBoy.Tests.InstructionDecodingTests.SpecificInstructions_HaveCorrectMetadata(opcode: 62, expectedMnemonic: &quot;LD A,d8&quot;, expectedLength: 2, expectedCycles: 8, expectedOperandType: Immediate8)" storage="/home/runner/work/blazorboy/blazorboy/src/gameboy.tests/bin/debug/net8.0/gameboy.tests.dll" id="4975102a-f160-878b-fb69-1ad64624b139">
      <Execution id="aec21243-71be-487b-a4af-bcfb8314cdba" />
      <TestMethod codeBase="/home/runner/work/BlazorBoy/BlazorBoy/src/GameBoy.Tests/bin/Debug/net8.0/GameBoy.Tests.dll" adapterTypeName="executor://xunit/VsTestRunner2/netcoreapp" className="GameBoy.Tests.InstructionDecodingTests" name="SpecificInstructions_HaveCorrectMetadata" />
    </UnitTest>
    <UnitTest name="GameBoy.Tests.SpriteTests.IsVisibleOnScanline_ReturnsCorrectValue(y: 80, scanline: 72, spriteHeight: 8, expected: False)" storage="/home/runner/work/blazorboy/blazorboy/src/gameboy.tests/bin/debug/net8.0/gameboy.tests.dll" id="f7006229-d08e-f005-ed04-8accb6c4b6f6">
      <Execution id="f3219ee2-4012-40f2-9234-baaa639a38b7" />
      <TestMethod codeBase="/home/runner/work/BlazorBoy/BlazorBoy/src/GameBoy.Tests/bin/Debug/net8.0/GameBoy.Tests.dll" adapterTypeName="executor://xunit/VsTestRunner2/netcoreapp" className="GameBoy.Tests.SpriteTests" name="IsVisibleOnScanline_ReturnsCorrectValue" />
    </UnitTest>
    <UnitTest name="GameBoy.Tests.InstructionGroupTests.LD_B_d8_LoadsImmediate" storage="/home/runner/work/blazorboy/blazorboy/src/gameboy.tests/bin/debug/net8.0/gameboy.tests.dll" id="f93a8561-7b7e-dd8e-909f-28cd62e74c6b">
      <Execution id="d9c2a6a8-570e-4413-9c2e-cdbd6a120e9b" />
      <TestMethod codeBase="/home/runner/work/BlazorBoy/BlazorBoy/src/GameBoy.Tests/bin/Debug/net8.0/GameBoy.Tests.dll" adapterTypeName="executor://xunit/VsTestRunner2/netcoreapp" className="GameBoy.Tests.InstructionGroupTests" name="LD_B_d8_LoadsImmediate" />
    </UnitTest>
    <UnitTest name="GameBoy.Tests.CartridgeHeaderTests.Title_HandlesNullTermination" storage="/home/runner/work/blazorboy/blazorboy/src/gameboy.tests/bin/debug/net8.0/gameboy.tests.dll" id="f4657047-c0dd-9134-5680-1706a8daf59b">
      <Execution id="764056bd-2119-42f7-8f6a-8d98ff193ad2" />
      <TestMethod codeBase="/home/runner/work/BlazorBoy/BlazorBoy/src/GameBoy.Tests/bin/Debug/net8.0/GameBoy.Tests.dll" adapterTypeName="executor://xunit/VsTestRunner2/netcoreapp" className="GameBoy.Tests.CartridgeHeaderTests" name="Title_HandlesNullTermination" />
    </UnitTest>
    <UnitTest name="GameBoy.Tests.Integration.MooneyeInterruptTests.Mooneye_TimerInterruptTests_ExecuteSuccessfully(category: &quot;timer&quot;, romFile: &quot;tim00_div_trigger.gb&quot;, description: &quot;Timer 00 DIV trigger interrupt&quot;)" storage="/home/runner/work/blazorboy/blazorboy/src/gameboy.tests/bin/debug/net8.0/gameboy.tests.dll" id="c809f173-f11b-869a-6b1a-1f70886f8fe0">
      <Execution id="2ea99f84-b5a7-4b1e-8f97-65690ee3be75" />
      <TestMethod codeBase="/home/runner/work/BlazorBoy/BlazorBoy/src/GameBoy.Tests/bin/Debug/net8.0/GameBoy.Tests.dll" adapterTypeName="executor://xunit/VsTestRunner2/netcoreapp" className="GameBoy.Tests.Integration.MooneyeInterruptTests" name="Mooneye_TimerInterruptTests_ExecuteSuccessfully" />
    </UnitTest>
    <UnitTest name="GameBoy.Tests.CartridgeTests.Detect_AllMbc5Variants_ReturnsCorrectCartridge(cartridgeType: 29)" storage="/home/runner/work/blazorboy/blazorboy/src/gameboy.tests/bin/debug/net8.0/gameboy.tests.dll" id="ce47119b-555f-ee65-92de-3bb15cab0644">
      <Execution id="f6f86faf-ac27-4f42-ac52-683d6270d676" />
      <TestMethod codeBase="/home/runner/work/BlazorBoy/BlazorBoy/src/GameBoy.Tests/bin/Debug/net8.0/GameBoy.Tests.dll" adapterTypeName="executor://xunit/VsTestRunner2/netcoreapp" className="GameBoy.Tests.CartridgeTests" name="Detect_AllMbc5Variants_ReturnsCorrectCartridge" />
    </UnitTest>
    <UnitTest name="GameBoy.Tests.IoRegionWiringTests.StubbedIoRegisters_PreserveBehavior" storage="/home/runner/work/blazorboy/blazorboy/src/gameboy.tests/bin/debug/net8.0/gameboy.tests.dll" id="5d0681c7-3e5a-5897-1e98-fc50e07cb646">
      <Execution id="022b28fd-09fc-4b66-b304-7ef20fd82c97" />
      <TestMethod codeBase="/home/runner/work/BlazorBoy/BlazorBoy/src/GameBoy.Tests/bin/Debug/net8.0/GameBoy.Tests.dll" adapterTypeName="executor://xunit/VsTestRunner2/netcoreapp" className="GameBoy.Tests.IoRegionWiringTests" name="StubbedIoRegisters_PreserveBehavior" />
    </UnitTest>
    <UnitTest name="GameBoy.Tests.CpuMmuIntegrationTests.HLD_Addressing_WorksAcrossMemoryRegions" storage="/home/runner/work/blazorboy/blazorboy/src/gameboy.tests/bin/debug/net8.0/gameboy.tests.dll" id="e9df3388-e1a8-41d3-8b6a-52e975275237">
      <Execution id="3d9132dd-7318-4547-bf70-21d678a55076" />
      <TestMethod codeBase="/home/runner/work/BlazorBoy/BlazorBoy/src/GameBoy.Tests/bin/Debug/net8.0/GameBoy.Tests.dll" adapterTypeName="executor://xunit/VsTestRunner2/netcoreapp" className="GameBoy.Tests.CpuMmuIntegrationTests" name="HLD_Addressing_WorksAcrossMemoryRegions" />
    </UnitTest>
    <UnitTest name="GameBoy.Tests.TestResetBehavior.InitializePostBiosDefaults_ConsistentWithReadBehavior" storage="/home/runner/work/blazorboy/blazorboy/src/gameboy.tests/bin/debug/net8.0/gameboy.tests.dll" id="ed5cd5b1-d1f5-e057-68bb-f73e10f36c84">
      <Execution id="da148839-80fe-4c88-a4ec-6a24c7ffa1e6" />
      <TestMethod codeBase="/home/runner/work/BlazorBoy/BlazorBoy/src/GameBoy.Tests/bin/Debug/net8.0/GameBoy.Tests.dll" adapterTypeName="executor://xunit/VsTestRunner2/netcoreapp" className="GameBoy.Tests.TestResetBehavior" name="InitializePostBiosDefaults_ConsistentWithReadBehavior" />
    </UnitTest>
    <UnitTest name="GameBoy.Tests.InterruptIntegrationTests.Emulator_IntegratesAllInterruptSources" storage="/home/runner/work/blazorboy/blazorboy/src/gameboy.tests/bin/debug/net8.0/gameboy.tests.dll" id="f1dfce46-eb24-234e-d967-4a07589ad760">
      <Execution id="ebedddfb-9a06-4c67-aeee-c4263fb8fccb" />
      <TestMethod codeBase="/home/runner/work/BlazorBoy/BlazorBoy/src/GameBoy.Tests/bin/Debug/net8.0/GameBoy.Tests.dll" adapterTypeName="executor://xunit/VsTestRunner2/netcoreapp" className="GameBoy.Tests.InterruptIntegrationTests" name="Emulator_IntegratesAllInterruptSources" />
    </UnitTest>
    <UnitTest name="GameBoy.Tests.OpcodeTableCoverageTests.All_Instructions_Have_Valid_Metadata" storage="/home/runner/work/blazorboy/blazorboy/src/gameboy.tests/bin/debug/net8.0/gameboy.tests.dll" id="2253dbcc-beb1-a746-2e75-11e807c17d82">
      <Execution id="6125b802-29ad-48e2-823f-bbf68544d8fd" />
      <TestMethod codeBase="/home/runner/work/BlazorBoy/BlazorBoy/src/GameBoy.Tests/bin/Debug/net8.0/GameBoy.Tests.dll" adapterTypeName="executor://xunit/VsTestRunner2/netcoreapp" className="GameBoy.Tests.OpcodeTableCoverageTests" name="All_Instructions_Have_Valid_Metadata" />
    </UnitTest>
    <UnitTest name="GameBoy.Tests.PaletteTests.ColorProperties_ReturnCorrectValues(value: 255, color0: 3, color1: 3, color2: 3, color3: 3)" storage="/home/runner/work/blazorboy/blazorboy/src/gameboy.tests/bin/debug/net8.0/gameboy.tests.dll" id="d70c5c99-ba70-7684-3e8d-f51b6f45846e">
      <Execution id="f1724ee5-0f58-4255-a8be-9f77d517dd35" />
      <TestMethod codeBase="/home/runner/work/BlazorBoy/BlazorBoy/src/GameBoy.Tests/bin/Debug/net8.0/GameBoy.Tests.dll" adapterTypeName="executor://xunit/VsTestRunner2/netcoreapp" className="GameBoy.Tests.PaletteTests" name="ColorProperties_ReturnCorrectValues" />
    </UnitTest>
    <UnitTest name="GameBoy.Tests.Mbc3Tests.ReadRom_BeyondAvailableSize_ReturnsFF" storage="/home/runner/work/blazorboy/blazorboy/src/gameboy.tests/bin/debug/net8.0/gameboy.tests.dll" id="b71c3882-879b-f996-c9ef-6e6f82095fa6">
      <Execution id="f02d13db-0191-4ed8-974c-0c4d9f47303a" />
      <TestMethod codeBase="/home/runner/work/BlazorBoy/BlazorBoy/src/GameBoy.Tests/bin/Debug/net8.0/GameBoy.Tests.dll" adapterTypeName="executor://xunit/VsTestRunner2/netcoreapp" className="GameBoy.Tests.Mbc3Tests" name="ReadRom_BeyondAvailableSize_ReturnsFF" />
    </UnitTest>
    <UnitTest name="GameBoy.Tests.InstructionGroupTests.ADD_HL_BC_AddsCorrectly" storage="/home/runner/work/blazorboy/blazorboy/src/gameboy.tests/bin/debug/net8.0/gameboy.tests.dll" id="bb58ec52-c625-6dfb-c4e5-95d377021248">
      <Execution id="9aa57e95-69cc-4db0-9e49-69650609e0ef" />
      <TestMethod codeBase="/home/runner/work/BlazorBoy/BlazorBoy/src/GameBoy.Tests/bin/Debug/net8.0/GameBoy.Tests.dll" adapterTypeName="executor://xunit/VsTestRunner2/netcoreapp" className="GameBoy.Tests.InstructionGroupTests" name="ADD_HL_BC_AddsCorrectly" />
    </UnitTest>
    <UnitTest name="GameBoy.Tests.InterruptControllerTests.TryGetPending_SingleInterrupt_ReturnsCorrectType(ifValue: 8, ieValue: 8, expectedType: Serial)" storage="/home/runner/work/blazorboy/blazorboy/src/gameboy.tests/bin/debug/net8.0/gameboy.tests.dll" id="37cf042f-400d-c6f8-81d2-7fa27e7314c2">
      <Execution id="b9a75afe-4b20-4619-a7eb-df06f3b69dbf" />
      <TestMethod codeBase="/home/runner/work/BlazorBoy/BlazorBoy/src/GameBoy.Tests/bin/Debug/net8.0/GameBoy.Tests.dll" adapterTypeName="executor://xunit/VsTestRunner2/netcoreapp" className="GameBoy.Tests.InterruptControllerTests" name="TryGetPending_SingleInterrupt_ReturnsCorrectType" />
    </UnitTest>
    <UnitTest name="GameBoy.Tests.Integration.MooneyeInterruptTests.Mooneye_TimerInterruptTests_ExecuteSuccessfully(category: &quot;timer&quot;, romFile: &quot;tima_write_reloading.gb&quot;, description: &quot;TIMA write during reload interrupt&quot;)" storage="/home/runner/work/blazorboy/blazorboy/src/gameboy.tests/bin/debug/net8.0/gameboy.tests.dll" id="085ab1d4-f42c-55cd-5aee-209aae47516b">
      <Execution id="6ed80ac6-eb79-4b28-a42f-7bfd9a04d7e2" />
      <TestMethod codeBase="/home/runner/work/BlazorBoy/BlazorBoy/src/GameBoy.Tests/bin/Debug/net8.0/GameBoy.Tests.dll" adapterTypeName="executor://xunit/VsTestRunner2/netcoreapp" className="GameBoy.Tests.Integration.MooneyeInterruptTests" name="Mooneye_TimerInterruptTests_ExecuteSuccessfully" />
    </UnitTest>
    <UnitTest name="GameBoy.Tests.PpuTests.Reset_RestoresDefaultState" storage="/home/runner/work/blazorboy/blazorboy/src/gameboy.tests/bin/debug/net8.0/gameboy.tests.dll" id="a9325a8a-d034-04d2-9768-f7e2cc05480a">
      <Execution id="dcebecd8-5578-4f0e-aa90-fe5d304cb514" />
      <TestMethod codeBase="/home/runner/work/BlazorBoy/BlazorBoy/src/GameBoy.Tests/bin/Debug/net8.0/GameBoy.Tests.dll" adapterTypeName="executor://xunit/VsTestRunner2/netcoreapp" className="GameBoy.Tests.PpuTests" name="Reset_RestoresDefaultState" />
    </UnitTest>
    <UnitTest name="GameBoy.Tests.SpriteTests.GetRelativeY16_ReturnsCorrectValueFor8x16Sprites(y: 80, scanline: 68, attributes: 0, expected: 4)" storage="/home/runner/work/blazorboy/blazorboy/src/gameboy.tests/bin/debug/net8.0/gameboy.tests.dll" id="ea460519-d893-e51d-e2ec-3c26b9fabbcf">
      <Execution id="53500017-9627-4f8a-8133-de12a9dfb266" />
      <TestMethod codeBase="/home/runner/work/BlazorBoy/BlazorBoy/src/GameBoy.Tests/bin/Debug/net8.0/GameBoy.Tests.dll" adapterTypeName="executor://xunit/VsTestRunner2/netcoreapp" className="GameBoy.Tests.SpriteTests" name="GetRelativeY16_ReturnsCorrectValueFor8x16Sprites" />
    </UnitTest>
    <UnitTest name="GameBoy.Tests.CpuAddressingTests.GetR8_ReturnsCorrectRegisterValues" storage="/home/runner/work/blazorboy/blazorboy/src/gameboy.tests/bin/debug/net8.0/gameboy.tests.dll" id="5964bdbb-4261-95b0-17a2-f655f9c5696d">
      <Execution id="dd44df70-b2c0-46ac-ba8b-ab5af814aee6" />
      <TestMethod codeBase="/home/runner/work/BlazorBoy/BlazorBoy/src/GameBoy.Tests/bin/Debug/net8.0/GameBoy.Tests.dll" adapterTypeName="executor://xunit/VsTestRunner2/netcoreapp" className="GameBoy.Tests.CpuAddressingTests" name="GetR8_ReturnsCorrectRegisterValues" />
    </UnitTest>
    <UnitTest name="GameBoy.Tests.EmulatorMbcIntegrationTests.Emulator_BatteryRam_SaveLoad_Mbc3WithRtc" storage="/home/runner/work/blazorboy/blazorboy/src/gameboy.tests/bin/debug/net8.0/gameboy.tests.dll" id="6453f326-eec3-69c8-c371-8a4d45690011">
      <Execution id="7aa3ab19-e31f-4566-bff1-8ec98f607539" />
      <TestMethod codeBase="/home/runner/work/BlazorBoy/BlazorBoy/src/GameBoy.Tests/bin/Debug/net8.0/GameBoy.Tests.dll" adapterTypeName="executor://xunit/VsTestRunner2/netcoreapp" className="GameBoy.Tests.EmulatorMbcIntegrationTests" name="Emulator_BatteryRam_SaveLoad_Mbc3WithRtc" />
    </UnitTest>
    <UnitTest name="GameBoy.Tests.CpuMmuIntegrationTests.Register_Index_Addressing_ValidatesReservedIndex" storage="/home/runner/work/blazorboy/blazorboy/src/gameboy.tests/bin/debug/net8.0/gameboy.tests.dll" id="5c8b4001-8ccd-279f-4836-b816aa7f9b5b">
      <Execution id="0256486b-de66-4c04-a391-c4782296ff04" />
      <TestMethod codeBase="/home/runner/work/BlazorBoy/BlazorBoy/src/GameBoy.Tests/bin/Debug/net8.0/GameBoy.Tests.dll" adapterTypeName="executor://xunit/VsTestRunner2/netcoreapp" className="GameBoy.Tests.CpuMmuIntegrationTests" name="Register_Index_Addressing_ValidatesReservedIndex" />
    </UnitTest>
    <UnitTest name="GameBoy.Tests.SpriteTests.Constructor_WithOamData_ParsesCorrectly" storage="/home/runner/work/blazorboy/blazorboy/src/gameboy.tests/bin/debug/net8.0/gameboy.tests.dll" id="b716752e-f4c7-b6d5-d8ee-eb75af36b936">
      <Execution id="674c13de-7f4b-4540-bf3e-ef30b8fdf221" />
      <TestMethod codeBase="/home/runner/work/BlazorBoy/BlazorBoy/src/GameBoy.Tests/bin/Debug/net8.0/GameBoy.Tests.dll" adapterTypeName="executor://xunit/VsTestRunner2/netcoreapp" className="GameBoy.Tests.SpriteTests" name="Constructor_WithOamData_ParsesCorrectly" />
    </UnitTest>
    <UnitTest name="GameBoy.Tests.InterruptControllerTests.IF_SetAndRead_ReturnsCorrectValues(setValue: 0, expectedRead: 224)" storage="/home/runner/work/blazorboy/blazorboy/src/gameboy.tests/bin/debug/net8.0/gameboy.tests.dll" id="681df3c8-366c-023c-2be6-b331d23b1ce7">
      <Execution id="53c69969-780e-44b8-8b25-ff8fd4dbb636" />
      <TestMethod codeBase="/home/runner/work/BlazorBoy/BlazorBoy/src/GameBoy.Tests/bin/Debug/net8.0/GameBoy.Tests.dll" adapterTypeName="executor://xunit/VsTestRunner2/netcoreapp" className="GameBoy.Tests.InterruptControllerTests" name="IF_SetAndRead_ReturnsCorrectValues" />
    </UnitTest>
    <UnitTest name="GameBoy.Tests.PaletteTests.ToRgba_ReturnsCorrectColors(colorValue: 2, expectedRgba: -13606352)" storage="/home/runner/work/blazorboy/blazorboy/src/gameboy.tests/bin/debug/net8.0/gameboy.tests.dll" id="10c14360-2226-1ae2-507d-2b3b19a22b5d">
      <Execution id="0dae0494-ceec-4713-96ef-bf5968b91849" />
      <TestMethod codeBase="/home/runner/work/BlazorBoy/BlazorBoy/src/GameBoy.Tests/bin/Debug/net8.0/GameBoy.Tests.dll" adapterTypeName="executor://xunit/VsTestRunner2/netcoreapp" className="GameBoy.Tests.PaletteTests" name="ToRgba_ReturnsCorrectColors" />
    </UnitTest>
    <UnitTest name="GameBoy.Tests.CartridgeTests.Detect_AllMbc3Variants_ReturnsCorrectCartridge(cartridgeType: 15)" storage="/home/runner/work/blazorboy/blazorboy/src/gameboy.tests/bin/debug/net8.0/gameboy.tests.dll" id="fb14dbd9-3f14-990f-c390-f23538e326aa">
      <Execution id="12197e46-6103-4ea0-b15b-8b237a8dd759" />
      <TestMethod codeBase="/home/runner/work/BlazorBoy/BlazorBoy/src/GameBoy.Tests/bin/Debug/net8.0/GameBoy.Tests.dll" adapterTypeName="executor://xunit/VsTestRunner2/netcoreapp" className="GameBoy.Tests.CartridgeTests" name="Detect_AllMbc3Variants_ReturnsCorrectCartridge" />
    </UnitTest>
    <UnitTest name="GameBoy.Tests.TimerBlarggTests.BlarggTimer_Test07_TacWrite" storage="/home/runner/work/blazorboy/blazorboy/src/gameboy.tests/bin/debug/net8.0/gameboy.tests.dll" id="cec261d1-2f6e-a298-77a8-adcbd8810670">
      <Execution id="53330269-7185-4ea4-b92e-e8e1ec76f208" />
      <TestMethod codeBase="/home/runner/work/BlazorBoy/BlazorBoy/src/GameBoy.Tests/bin/Debug/net8.0/GameBoy.Tests.dll" adapterTypeName="executor://xunit/VsTestRunner2/netcoreapp" className="GameBoy.Tests.TimerBlarggTests" name="BlarggTimer_Test07_TacWrite" />
    </UnitTest>
    <UnitTest name="GameBoy.Tests.Mbc1Tests.BatteryInterface_NoBatteryCartridge_ReturnsNull" storage="/home/runner/work/blazorboy/blazorboy/src/gameboy.tests/bin/debug/net8.0/gameboy.tests.dll" id="f506546c-55c3-226b-f092-bf46c3b0e995">
      <Execution id="2f3723df-a136-4110-9f03-0328c0cc3b9e" />
      <TestMethod codeBase="/home/runner/work/BlazorBoy/BlazorBoy/src/GameBoy.Tests/bin/Debug/net8.0/GameBoy.Tests.dll" adapterTypeName="executor://xunit/VsTestRunner2/netcoreapp" className="GameBoy.Tests.Mbc1Tests" name="BatteryInterface_NoBatteryCartridge_ReturnsNull" />
    </UnitTest>
    <UnitTest name="GameBoy.Tests.CartridgeHeaderTests.HasRtc_ReturnsCorrectValueForRtcTypes" storage="/home/runner/work/blazorboy/blazorboy/src/gameboy.tests/bin/debug/net8.0/gameboy.tests.dll" id="4fc84b54-a813-cee5-d67f-65285783f54a">
      <Execution id="c9c264d4-861c-4683-8cb9-983fac38197e" />
      <TestMethod codeBase="/home/runner/work/BlazorBoy/BlazorBoy/src/GameBoy.Tests/bin/Debug/net8.0/GameBoy.Tests.dll" adapterTypeName="executor://xunit/VsTestRunner2/netcoreapp" className="GameBoy.Tests.CartridgeHeaderTests" name="HasRtc_ReturnsCorrectValueForRtcTypes" />
    </UnitTest>
    <UnitTest name="GameBoy.Tests.CycleAccuracyValidationTests.CriticalTimingInstructions_AreImplemented" storage="/home/runner/work/blazorboy/blazorboy/src/gameboy.tests/bin/debug/net8.0/gameboy.tests.dll" id="7fb5f58b-1e1e-6a53-2d1c-ce5caef4f187">
      <Execution id="694c10e3-6b5a-4df7-98c6-f5b599a3e3bb" />
      <TestMethod codeBase="/home/runner/work/BlazorBoy/BlazorBoy/src/GameBoy.Tests/bin/Debug/net8.0/GameBoy.Tests.dll" adapterTypeName="executor://xunit/VsTestRunner2/netcoreapp" className="GameBoy.Tests.CycleAccuracyValidationTests" name="CriticalTimingInstructions_AreImplemented" />
    </UnitTest>
    <UnitTest name="GameBoy.Tests.LcdcTests.ImplicitConversion_FromByte_Works" storage="/home/runner/work/blazorboy/blazorboy/src/gameboy.tests/bin/debug/net8.0/gameboy.tests.dll" id="2d1262f9-2a52-bd0d-f549-e5c223d453f8">
      <Execution id="013e5a24-8472-43b4-a1bc-6a83e2def4b8" />
      <TestMethod codeBase="/home/runner/work/BlazorBoy/BlazorBoy/src/GameBoy.Tests/bin/Debug/net8.0/GameBoy.Tests.dll" adapterTypeName="executor://xunit/VsTestRunner2/netcoreapp" className="GameBoy.Tests.LcdcTests" name="ImplicitConversion_FromByte_Works" />
    </UnitTest>
    <UnitTest name="GameBoy.Tests.MmuTests.ReadWrite_WorkInRamRegion" storage="/home/runner/work/blazorboy/blazorboy/src/gameboy.tests/bin/debug/net8.0/gameboy.tests.dll" id="3f0d6e46-8baa-f2a8-ffbe-169b35cd84a1">
      <Execution id="97c2ee87-10bc-462f-9f9b-ef4d3a8ea011" />
      <TestMethod codeBase="/home/runner/work/BlazorBoy/BlazorBoy/src/GameBoy.Tests/bin/Debug/net8.0/GameBoy.Tests.dll" adapterTypeName="executor://xunit/VsTestRunner2/netcoreapp" className="GameBoy.Tests.MmuTests" name="ReadWrite_WorkInRamRegion" />
    </UnitTest>
    <UnitTest name="GameBoy.Tests.SpriteTests.UseObp1_ReturnsCorrectValue(attributes: 0, expected: False)" storage="/home/runner/work/blazorboy/blazorboy/src/gameboy.tests/bin/debug/net8.0/gameboy.tests.dll" id="7a94e099-c0c7-4697-2217-8858d00a1d42">
      <Execution id="46cb64c9-a7bd-4fc5-a3f4-0fd390045e73" />
      <TestMethod codeBase="/home/runner/work/BlazorBoy/BlazorBoy/src/GameBoy.Tests/bin/Debug/net8.0/GameBoy.Tests.dll" adapterTypeName="executor://xunit/VsTestRunner2/netcoreapp" className="GameBoy.Tests.SpriteTests" name="UseObp1_ReturnsCorrectValue" />
    </UnitTest>
    <UnitTest name="GameBoy.Tests.EmulatorTests.Constructor_InitializesPostBiosState" storage="/home/runner/work/blazorboy/blazorboy/src/gameboy.tests/bin/debug/net8.0/gameboy.tests.dll" id="6e54a05e-b477-f829-bb5e-dcbef35d8f59">
      <Execution id="73b1ac64-354d-4083-a15c-479d46b0ab22" />
      <TestMethod codeBase="/home/runner/work/BlazorBoy/BlazorBoy/src/GameBoy.Tests/bin/Debug/net8.0/GameBoy.Tests.dll" adapterTypeName="executor://xunit/VsTestRunner2/netcoreapp" className="GameBoy.Tests.EmulatorTests" name="Constructor_InitializesPostBiosState" />
    </UnitTest>
    <UnitTest name="GameBoy.Tests.InstructionGroupTests.Xor_A_A_ClearsRegisterAndSetsZeroFlag" storage="/home/runner/work/blazorboy/blazorboy/src/gameboy.tests/bin/debug/net8.0/gameboy.tests.dll" id="057b0d6a-4109-0c22-90db-914e5a967366">
      <Execution id="21f852f7-ccab-4ed8-ba9f-70728fe212cf" />
      <TestMethod codeBase="/home/runner/work/BlazorBoy/BlazorBoy/src/GameBoy.Tests/bin/Debug/net8.0/GameBoy.Tests.dll" adapterTypeName="executor://xunit/VsTestRunner2/netcoreapp" className="GameBoy.Tests.InstructionGroupTests" name="Xor_A_A_ClearsRegisterAndSetsZeroFlag" />
    </UnitTest>
    <UnitTest name="GameBoy.Tests.EmulatorMbcIntegrationTests.Emulator_BatteryRam_SaveLoad_Mbc5RamBanking" storage="/home/runner/work/blazorboy/blazorboy/src/gameboy.tests/bin/debug/net8.0/gameboy.tests.dll" id="dae4ed5e-68f7-ae13-06ad-634f1ae3e185">
      <Execution id="9e65f8b8-ff12-42a7-b331-cbeaaf1a1ffc" />
      <TestMethod codeBase="/home/runner/work/BlazorBoy/BlazorBoy/src/GameBoy.Tests/bin/Debug/net8.0/GameBoy.Tests.dll" adapterTypeName="executor://xunit/VsTestRunner2/netcoreapp" className="GameBoy.Tests.EmulatorMbcIntegrationTests" name="Emulator_BatteryRam_SaveLoad_Mbc5RamBanking" />
    </UnitTest>
    <UnitTest name="GameBoy.Tests.InterruptControllerTests.IF_SetAndRead_ReturnsCorrectValues(setValue: 255, expectedRead: 255)" storage="/home/runner/work/blazorboy/blazorboy/src/gameboy.tests/bin/debug/net8.0/gameboy.tests.dll" id="f6dbf70f-95aa-dad1-860d-887954543898">
      <Execution id="859c99ae-9853-4c88-b169-2a1f421712c5" />
      <TestMethod codeBase="/home/runner/work/BlazorBoy/BlazorBoy/src/GameBoy.Tests/bin/Debug/net8.0/GameBoy.Tests.dll" adapterTypeName="executor://xunit/VsTestRunner2/netcoreapp" className="GameBoy.Tests.InterruptControllerTests" name="IF_SetAndRead_ReturnsCorrectValues" />
    </UnitTest>
    <UnitTest name="GameBoy.Tests.Integration.MooneyeInterruptTests.Mooneye_PPUInterruptTests_ExecuteSuccessfully(category: &quot;ppu&quot;, romFile: &quot;stat_lyc_onoff.gb&quot;, description: &quot;STAT LYC on/off interrupt test&quot;)" storage="/home/runner/work/blazorboy/blazorboy/src/gameboy.tests/bin/debug/net8.0/gameboy.tests.dll" id="b8ba0933-34a5-8575-0c62-1197e261e907">
      <Execution id="d4449296-5555-436e-a501-15723b7a5626" />
      <TestMethod codeBase="/home/runner/work/BlazorBoy/BlazorBoy/src/GameBoy.Tests/bin/Debug/net8.0/GameBoy.Tests.dll" adapterTypeName="executor://xunit/VsTestRunner2/netcoreapp" className="GameBoy.Tests.Integration.MooneyeInterruptTests" name="Mooneye_PPUInterruptTests_ExecuteSuccessfully" />
    </UnitTest>
    <UnitTest name="GameBoy.Tests.EmulatorMbcIntegrationTests.Emulator_LoadRom_Mbc5WithBattery_HasBatteryRam" storage="/home/runner/work/blazorboy/blazorboy/src/gameboy.tests/bin/debug/net8.0/gameboy.tests.dll" id="a78bfd80-34fa-e94c-5a6c-332161625b79">
      <Execution id="1a5567c5-fe53-497b-a771-0666925a0322" />
      <TestMethod codeBase="/home/runner/work/BlazorBoy/BlazorBoy/src/GameBoy.Tests/bin/Debug/net8.0/GameBoy.Tests.dll" adapterTypeName="executor://xunit/VsTestRunner2/netcoreapp" className="GameBoy.Tests.EmulatorMbcIntegrationTests" name="Emulator_LoadRom_Mbc5WithBattery_HasBatteryRam" />
    </UnitTest>
    <UnitTest name="GameBoy.Tests.Integration.CpuInstructionTests.JR_r8_RelativeJump" storage="/home/runner/work/blazorboy/blazorboy/src/gameboy.tests/bin/debug/net8.0/gameboy.tests.dll" id="a3dddabb-43c4-3ed9-c273-7b9de8580e7b">
      <Execution id="10284f9a-5f81-46d6-9d9c-817f66f86f61" />
      <TestMethod codeBase="/home/runner/work/BlazorBoy/BlazorBoy/src/GameBoy.Tests/bin/Debug/net8.0/GameBoy.Tests.dll" adapterTypeName="executor://xunit/VsTestRunner2/netcoreapp" className="GameBoy.Tests.Integration.CpuInstructionTests" name="JR_r8_RelativeJump" />
    </UnitTest>
    <UnitTest name="GameBoy.Tests.SpriteTests.GetRelativeY_ReturnsCorrectValue(y: 80, scanline: 68, attributes: 0, expected: 4)" storage="/home/runner/work/blazorboy/blazorboy/src/gameboy.tests/bin/debug/net8.0/gameboy.tests.dll" id="590fa9ce-f13f-ad3e-55ee-c59589170430">
      <Execution id="95115a6c-b7ff-429e-8357-ef9f62a1e66e" />
      <TestMethod codeBase="/home/runner/work/BlazorBoy/BlazorBoy/src/GameBoy.Tests/bin/Debug/net8.0/GameBoy.Tests.dll" adapterTypeName="executor://xunit/VsTestRunner2/netcoreapp" className="GameBoy.Tests.SpriteTests" name="GetRelativeY_ReturnsCorrectValue" />
    </UnitTest>
    <UnitTest name="GameBoy.Tests.InterruptControllerTests.Request_SetsCorrectIFBit(interruptType: VBlank, expectedBit: 1)" storage="/home/runner/work/blazorboy/blazorboy/src/gameboy.tests/bin/debug/net8.0/gameboy.tests.dll" id="47faaa53-09cd-39b4-a9c6-ed704cd4cf03">
      <Execution id="d6f36a7d-f75c-47ae-b7fa-0658dea2a6b4" />
      <TestMethod codeBase="/home/runner/work/BlazorBoy/BlazorBoy/src/GameBoy.Tests/bin/Debug/net8.0/GameBoy.Tests.dll" adapterTypeName="executor://xunit/VsTestRunner2/netcoreapp" className="GameBoy.Tests.InterruptControllerTests" name="Request_SetsCorrectIFBit" />
    </UnitTest>
    <UnitTest name="GameBoy.Tests.CpuMmuIntegrationTests.CPU_AccessesOAMThroughMMU" storage="/home/runner/work/blazorboy/blazorboy/src/gameboy.tests/bin/debug/net8.0/gameboy.tests.dll" id="8afd805d-6e60-daa9-1e2a-c41070788606">
      <Execution id="5c27e427-65ed-4790-bc45-b01a45b4fe2b" />
      <TestMethod codeBase="/home/runner/work/BlazorBoy/BlazorBoy/src/GameBoy.Tests/bin/Debug/net8.0/GameBoy.Tests.dll" adapterTypeName="executor://xunit/VsTestRunner2/netcoreapp" className="GameBoy.Tests.CpuMmuIntegrationTests" name="CPU_AccessesOAMThroughMMU" />
    </UnitTest>
    <UnitTest name="GameBoy.Tests.TimerTests.TIMA_OverflowWithZeroTMAReloadsToZero" storage="/home/runner/work/blazorboy/blazorboy/src/gameboy.tests/bin/debug/net8.0/gameboy.tests.dll" id="b7176144-1ced-6e09-d9f0-cbf037a33072">
      <Execution id="d14d70c3-3eae-4480-a2ee-5c5731edd272" />
      <TestMethod codeBase="/home/runner/work/BlazorBoy/BlazorBoy/src/GameBoy.Tests/bin/Debug/net8.0/GameBoy.Tests.dll" adapterTypeName="executor://xunit/VsTestRunner2/netcoreapp" className="GameBoy.Tests.TimerTests" name="TIMA_OverflowWithZeroTMAReloadsToZero" />
    </UnitTest>
    <UnitTest name="GameBoy.Tests.InstructionGroupTests.INC_B_IncrementsRegister" storage="/home/runner/work/blazorboy/blazorboy/src/gameboy.tests/bin/debug/net8.0/gameboy.tests.dll" id="6a2d5ec1-c667-fd32-d169-2da28f3dca5a">
      <Execution id="b498562a-d7e8-4590-b6ba-6f2ee90997ba" />
      <TestMethod codeBase="/home/runner/work/BlazorBoy/BlazorBoy/src/GameBoy.Tests/bin/Debug/net8.0/GameBoy.Tests.dll" adapterTypeName="executor://xunit/VsTestRunner2/netcoreapp" className="GameBoy.Tests.InstructionGroupTests" name="INC_B_IncrementsRegister" />
    </UnitTest>
    <UnitTest name="GameBoy.Tests.SpriteTests.Constructor_WithInvalidOamData_ThrowsException(oamData: [80, 72, 2, 160], offset: 1)" storage="/home/runner/work/blazorboy/blazorboy/src/gameboy.tests/bin/debug/net8.0/gameboy.tests.dll" id="d253c45c-a8ca-02a8-83f1-3b987acee20d">
      <Execution id="d0f93b83-80bf-411c-af54-5fe93b639359" />
      <TestMethod codeBase="/home/runner/work/BlazorBoy/BlazorBoy/src/GameBoy.Tests/bin/Debug/net8.0/GameBoy.Tests.dll" adapterTypeName="executor://xunit/VsTestRunner2/netcoreapp" className="GameBoy.Tests.SpriteTests" name="Constructor_WithInvalidOamData_ThrowsException" />
    </UnitTest>
    <UnitTest name="GameBoy.Tests.Integration.CpuInstructionTests.LD_HL_d8_LoadsMemoryFromImmediate" storage="/home/runner/work/blazorboy/blazorboy/src/gameboy.tests/bin/debug/net8.0/gameboy.tests.dll" id="829c7096-2169-f389-dd46-1aef23acb11b">
      <Execution id="dd90334a-7f75-4708-852b-34c6745ebdca" />
      <TestMethod codeBase="/home/runner/work/BlazorBoy/BlazorBoy/src/GameBoy.Tests/bin/Debug/net8.0/GameBoy.Tests.dll" adapterTypeName="executor://xunit/VsTestRunner2/netcoreapp" className="GameBoy.Tests.Integration.CpuInstructionTests" name="LD_HL_d8_LoadsMemoryFromImmediate" />
    </UnitTest>
    <UnitTest name="GameBoy.Tests.Integration.CpuInstructionTests.ADD_A_B_AddsRegisterToA(aValue: 15, bValue: 1, expectedResult: 16, expectedZ: False, expectedN: False, expectedH: True, expectedC: False)" storage="/home/runner/work/blazorboy/blazorboy/src/gameboy.tests/bin/debug/net8.0/gameboy.tests.dll" id="384250c4-1166-57c1-ab6b-faff30e57df6">
      <Execution id="07d0cbe2-1470-4233-9975-220abb71d03c" />
      <TestMethod codeBase="/home/runner/work/BlazorBoy/BlazorBoy/src/GameBoy.Tests/bin/Debug/net8.0/GameBoy.Tests.dll" adapterTypeName="executor://xunit/VsTestRunner2/netcoreapp" className="GameBoy.Tests.Integration.CpuInstructionTests" name="ADD_A_B_AddsRegisterToA" />
    </UnitTest>
    <UnitTest name="GameBoy.Tests.TimerTests.TIMA_IncrementsAtCorrectFrequency(tacValue: 5, expectedCycles: 16)" storage="/home/runner/work/blazorboy/blazorboy/src/gameboy.tests/bin/debug/net8.0/gameboy.tests.dll" id="89310ca8-2119-9a48-4592-7208a0d5d5d6">
      <Execution id="7e0f24be-e1e0-4759-83bf-ce6c44edefc1" />
      <TestMethod codeBase="/home/runner/work/BlazorBoy/BlazorBoy/src/GameBoy.Tests/bin/Debug/net8.0/GameBoy.Tests.dll" adapterTypeName="executor://xunit/VsTestRunner2/netcoreapp" className="GameBoy.Tests.TimerTests" name="TIMA_IncrementsAtCorrectFrequency" />
    </UnitTest>
    <UnitTest name="GameBoy.Tests.Mbc5Tests.ReadRom_LargeRomEdgeCases_HandledCorrectly" storage="/home/runner/work/blazorboy/blazorboy/src/gameboy.tests/bin/debug/net8.0/gameboy.tests.dll" id="8ce87170-d45b-dd24-b50f-4a90bbbde208">
      <Execution id="160a2854-f67d-43d8-a346-90c5af4c20fd" />
      <TestMethod codeBase="/home/runner/work/BlazorBoy/BlazorBoy/src/GameBoy.Tests/bin/Debug/net8.0/GameBoy.Tests.dll" adapterTypeName="executor://xunit/VsTestRunner2/netcoreapp" className="GameBoy.Tests.Mbc5Tests" name="ReadRom_LargeRomEdgeCases_HandledCorrectly" />
    </UnitTest>
    <UnitTest name="GameBoy.Tests.Integration.CpuInstructionTests.DI_DisablesInterrupts" storage="/home/runner/work/blazorboy/blazorboy/src/gameboy.tests/bin/debug/net8.0/gameboy.tests.dll" id="56b6a77c-1d69-f3b1-5506-a57946743d6f">
      <Execution id="f0d83dd6-3c99-4840-97a8-4b264bc95073" />
      <TestMethod codeBase="/home/runner/work/BlazorBoy/BlazorBoy/src/GameBoy.Tests/bin/Debug/net8.0/GameBoy.Tests.dll" adapterTypeName="executor://xunit/VsTestRunner2/netcoreapp" className="GameBoy.Tests.Integration.CpuInstructionTests" name="DI_DisablesInterrupts" />
    </UnitTest>
    <UnitTest name="GameBoy.Tests.AdvancedTimingTests.LoadHighMemoryC_Takes8Cycles" storage="/home/runner/work/blazorboy/blazorboy/src/gameboy.tests/bin/debug/net8.0/gameboy.tests.dll" id="45377538-c3a4-7224-d22b-0b62bbd179b2">
      <Execution id="bfc2d601-7317-4875-89bc-39a78672d032" />
      <TestMethod codeBase="/home/runner/work/BlazorBoy/BlazorBoy/src/GameBoy.Tests/bin/Debug/net8.0/GameBoy.Tests.dll" adapterTypeName="executor://xunit/VsTestRunner2/netcoreapp" className="GameBoy.Tests.AdvancedTimingTests" name="LoadHighMemoryC_Takes8Cycles" />
    </UnitTest>
    <UnitTest name="GameBoy.Tests.EmulatorMbcIntegrationTests.Emulator_LoadRom_AllUnsupportedMbcTypes_ThrowsNotSupportedException(cartridgeType: 254, expectedMbcName: &quot;HuC3&quot;)" storage="/home/runner/work/blazorboy/blazorboy/src/gameboy.tests/bin/debug/net8.0/gameboy.tests.dll" id="34ba6aef-23b1-36de-6e3a-5dcc805b4fb9">
      <Execution id="9267a8af-cb85-4e38-8598-c9078fca4c80" />
      <TestMethod codeBase="/home/runner/work/BlazorBoy/BlazorBoy/src/GameBoy.Tests/bin/Debug/net8.0/GameBoy.Tests.dll" adapterTypeName="executor://xunit/VsTestRunner2/netcoreapp" className="GameBoy.Tests.EmulatorMbcIntegrationTests" name="Emulator_LoadRom_AllUnsupportedMbcTypes_ThrowsNotSupportedException" />
    </UnitTest>
    <UnitTest name="GameBoy.Tests.AdvancedTimingTests.LoadAbsoluteA_Takes16Cycles" storage="/home/runner/work/blazorboy/blazorboy/src/gameboy.tests/bin/debug/net8.0/gameboy.tests.dll" id="28db4176-41f2-c555-66ff-1ed541045f7b">
      <Execution id="83e654a9-79be-497b-b631-587d70cbb407" />
      <TestMethod codeBase="/home/runner/work/BlazorBoy/BlazorBoy/src/GameBoy.Tests/bin/Debug/net8.0/GameBoy.Tests.dll" adapterTypeName="executor://xunit/VsTestRunner2/netcoreapp" className="GameBoy.Tests.AdvancedTimingTests" name="LoadAbsoluteA_Takes16Cycles" />
    </UnitTest>
    <UnitTest name="GameBoy.Tests.Integration.MooneyeInterruptTests.Mooneye_InterruptTests_ExecuteSuccessfully(category: &quot;interrupts&quot;, romFile: &quot;oam_dma_timing.gb&quot;, description: &quot;OAM DMA timing interrupt test&quot;)" storage="/home/runner/work/blazorboy/blazorboy/src/gameboy.tests/bin/debug/net8.0/gameboy.tests.dll" id="734d7800-9dbc-f077-b78e-16e10c818a72">
      <Execution id="2b764f2e-c4e2-44e4-9b6f-148eee60e7b7" />
      <TestMethod codeBase="/home/runner/work/BlazorBoy/BlazorBoy/src/GameBoy.Tests/bin/Debug/net8.0/GameBoy.Tests.dll" adapterTypeName="executor://xunit/VsTestRunner2/netcoreapp" className="GameBoy.Tests.Integration.MooneyeInterruptTests" name="Mooneye_InterruptTests_ExecuteSuccessfully" />
    </UnitTest>
    <UnitTest name="GameBoy.Tests.Mbc3Tests.BatteryInterface_LoadExternalRam_LoadsRamAndRtc" storage="/home/runner/work/blazorboy/blazorboy/src/gameboy.tests/bin/debug/net8.0/gameboy.tests.dll" id="72470a6e-848a-11e5-1aaa-9beee46b9e6a">
      <Execution id="2a9b7f19-76c5-410d-ae78-ecfb6ba38c53" />
      <TestMethod codeBase="/home/runner/work/BlazorBoy/BlazorBoy/src/GameBoy.Tests/bin/Debug/net8.0/GameBoy.Tests.dll" adapterTypeName="executor://xunit/VsTestRunner2/netcoreapp" className="GameBoy.Tests.Mbc3Tests" name="BatteryInterface_LoadExternalRam_LoadsRamAndRtc" />
    </UnitTest>
    <UnitTest name="GameBoy.Tests.TimerTests.TIMA_IncrementsAtCorrectFrequency(tacValue: 6, expectedCycles: 64)" storage="/home/runner/work/blazorboy/blazorboy/src/gameboy.tests/bin/debug/net8.0/gameboy.tests.dll" id="0456db4f-eca7-3bfd-aabf-6d0d2925766a">
      <Execution id="2495a4f9-ee57-4043-a1d8-140b70c33559" />
      <TestMethod codeBase="/home/runner/work/BlazorBoy/BlazorBoy/src/GameBoy.Tests/bin/Debug/net8.0/GameBoy.Tests.dll" adapterTypeName="executor://xunit/VsTestRunner2/netcoreapp" className="GameBoy.Tests.TimerTests" name="TIMA_IncrementsAtCorrectFrequency" />
    </UnitTest>
    <UnitTest name="GameBoy.Tests.AdvancedTimingTests.LoadHLI_Takes8Cycles" storage="/home/runner/work/blazorboy/blazorboy/src/gameboy.tests/bin/debug/net8.0/gameboy.tests.dll" id="9cbe8511-894f-e7f4-8ecb-fc0d18c43e56">
      <Execution id="696e69fa-715c-43d1-a359-b60290263e5f" />
      <TestMethod codeBase="/home/runner/work/BlazorBoy/BlazorBoy/src/GameBoy.Tests/bin/Debug/net8.0/GameBoy.Tests.dll" adapterTypeName="executor://xunit/VsTestRunner2/netcoreapp" className="GameBoy.Tests.AdvancedTimingTests" name="LoadHLI_Takes8Cycles" />
    </UnitTest>
    <UnitTest name="GameBoy.Tests.CpuTests.Add_SetsFlags_Correctly" storage="/home/runner/work/blazorboy/blazorboy/src/gameboy.tests/bin/debug/net8.0/gameboy.tests.dll" id="a0685b46-9ede-ed1a-9e00-40141b5825d3">
      <Execution id="f7f98f00-c77c-4ed2-a1ff-617796b9e77a" />
      <TestMethod codeBase="/home/runner/work/BlazorBoy/BlazorBoy/src/GameBoy.Tests/bin/Debug/net8.0/GameBoy.Tests.dll" adapterTypeName="executor://xunit/VsTestRunner2/netcoreapp" className="GameBoy.Tests.CpuTests" name="Add_SetsFlags_Correctly" />
    </UnitTest>
    <UnitTest name="GameBoy.Tests.EmulatorMbcIntegrationTests.Emulator_LoadRom_AllUnsupportedMbcTypes_ThrowsNotSupportedException(cartridgeType: 32, expectedMbcName: &quot;MBC6&quot;)" storage="/home/runner/work/blazorboy/blazorboy/src/gameboy.tests/bin/debug/net8.0/gameboy.tests.dll" id="a34e537f-852d-b7b5-3ccb-cabf02fd880d">
      <Execution id="755e27eb-0711-49be-9b4b-432e183eaeb3" />
      <TestMethod codeBase="/home/runner/work/BlazorBoy/BlazorBoy/src/GameBoy.Tests/bin/Debug/net8.0/GameBoy.Tests.dll" adapterTypeName="executor://xunit/VsTestRunner2/netcoreapp" className="GameBoy.Tests.EmulatorMbcIntegrationTests" name="Emulator_LoadRom_AllUnsupportedMbcTypes_ThrowsNotSupportedException" />
    </UnitTest>
    <UnitTest name="GameBoy.Tests.Mbc5Tests.ExternalRam_BasicReadWrite" storage="/home/runner/work/blazorboy/blazorboy/src/gameboy.tests/bin/debug/net8.0/gameboy.tests.dll" id="d29da4c8-84a1-5463-ad48-82a8fa5c6bd4">
      <Execution id="c7d212ee-fb0c-4d10-be90-b07e656ed041" />
      <TestMethod codeBase="/home/runner/work/BlazorBoy/BlazorBoy/src/GameBoy.Tests/bin/Debug/net8.0/GameBoy.Tests.dll" adapterTypeName="executor://xunit/VsTestRunner2/netcoreapp" className="GameBoy.Tests.Mbc5Tests" name="ExternalRam_BasicReadWrite" />
    </UnitTest>
    <UnitTest name="GameBoy.Tests.Integration.MooneyeInterruptTests.Mooneye_PPUInterruptTests_ExecuteSuccessfully(category: &quot;ppu&quot;, romFile: &quot;intr_2_mode0_timing_sprites-dmg.gb&quot;, description: &quot;Interrupt 2 mode 0 timing with sprites&quot;)" storage="/home/runner/work/blazorboy/blazorboy/src/gameboy.tests/bin/debug/net8.0/gameboy.tests.dll" id="4e1ae817-5271-c7fa-1dd8-f498ff4abfcb">
      <Execution id="2419bb57-d257-490f-b8f1-1318c71e0141" />
      <TestMethod codeBase="/home/runner/work/BlazorBoy/BlazorBoy/src/GameBoy.Tests/bin/Debug/net8.0/GameBoy.Tests.dll" adapterTypeName="executor://xunit/VsTestRunner2/netcoreapp" className="GameBoy.Tests.Integration.MooneyeInterruptTests" name="Mooneye_PPUInterruptTests_ExecuteSuccessfully" />
    </UnitTest>
    <UnitTest name="GameBoy.Tests.InterruptControllerTests.InitializePostBiosDefaults_SetsCorrectValues" storage="/home/runner/work/blazorboy/blazorboy/src/gameboy.tests/bin/debug/net8.0/gameboy.tests.dll" id="2ff6e3f5-8245-a93b-a771-ea879755d58b">
      <Execution id="2d9e3682-d5df-452d-bd5a-e4d25af0ee58" />
      <TestMethod codeBase="/home/runner/work/BlazorBoy/BlazorBoy/src/GameBoy.Tests/bin/Debug/net8.0/GameBoy.Tests.dll" adapterTypeName="executor://xunit/VsTestRunner2/netcoreapp" className="GameBoy.Tests.InterruptControllerTests" name="InitializePostBiosDefaults_SetsCorrectValues" />
    </UnitTest>
    <UnitTest name="GameBoy.Tests.CartridgeTests.Detect_AllMbc4Variants_ThrowsNotSupportedException(cartridgeType: 21)" storage="/home/runner/work/blazorboy/blazorboy/src/gameboy.tests/bin/debug/net8.0/gameboy.tests.dll" id="9a1c3e49-758a-f75c-8171-dfa25ad502c8">
      <Execution id="2f187cba-ad71-4667-b165-188b0d5a24ce" />
      <TestMethod codeBase="/home/runner/work/BlazorBoy/BlazorBoy/src/GameBoy.Tests/bin/Debug/net8.0/GameBoy.Tests.dll" adapterTypeName="executor://xunit/VsTestRunner2/netcoreapp" className="GameBoy.Tests.CartridgeTests" name="Detect_AllMbc4Variants_ThrowsNotSupportedException" />
    </UnitTest>
    <UnitTest name="GameBoy.Tests.Mbc3Tests.RtcLatch_ExtremeValues_HandledGracefully" storage="/home/runner/work/blazorboy/blazorboy/src/gameboy.tests/bin/debug/net8.0/gameboy.tests.dll" id="17117808-92f4-a49f-104a-27c2dae91b62">
      <Execution id="849909dd-c826-40b9-a4d5-4fbaf5d2b639" />
      <TestMethod codeBase="/home/runner/work/BlazorBoy/BlazorBoy/src/GameBoy.Tests/bin/Debug/net8.0/GameBoy.Tests.dll" adapterTypeName="executor://xunit/VsTestRunner2/netcoreapp" className="GameBoy.Tests.Mbc3Tests" name="RtcLatch_ExtremeValues_HandledGracefully" />
    </UnitTest>
    <UnitTest name="GameBoy.Tests.InterruptIntegrationTests.Joypad_MultipleButtons_EachRequestsJoypadInterrupt" storage="/home/runner/work/blazorboy/blazorboy/src/gameboy.tests/bin/debug/net8.0/gameboy.tests.dll" id="5760f10c-f6bc-bf55-b5b3-c90fee5dd9ef">
      <Execution id="96a9ad17-797c-475f-894c-b8fbc334da33" />
      <TestMethod codeBase="/home/runner/work/BlazorBoy/BlazorBoy/src/GameBoy.Tests/bin/Debug/net8.0/GameBoy.Tests.dll" adapterTypeName="executor://xunit/VsTestRunner2/netcoreapp" className="GameBoy.Tests.InterruptIntegrationTests" name="Joypad_MultipleButtons_EachRequestsJoypadInterrupt" />
    </UnitTest>
    <UnitTest name="GameBoy.Tests.CpuAddressingTests.AddressingHelpers_HL_IncrementDecrement_WorksWithOpcodes" storage="/home/runner/work/blazorboy/blazorboy/src/gameboy.tests/bin/debug/net8.0/gameboy.tests.dll" id="1a99f535-58ef-5f45-a666-3cf07f572492">
      <Execution id="9cc6ee5a-0e6f-4b04-bbe1-d845b182980a" />
      <TestMethod codeBase="/home/runner/work/BlazorBoy/BlazorBoy/src/GameBoy.Tests/bin/Debug/net8.0/GameBoy.Tests.dll" adapterTypeName="executor://xunit/VsTestRunner2/netcoreapp" className="GameBoy.Tests.CpuAddressingTests" name="AddressingHelpers_HL_IncrementDecrement_WorksWithOpcodes" />
    </UnitTest>
    <UnitTest name="GameBoy.Tests.PaletteTests.ColorProperties_ReturnCorrectValues(value: 27, color0: 3, color1: 2, color2: 1, color3: 0)" storage="/home/runner/work/blazorboy/blazorboy/src/gameboy.tests/bin/debug/net8.0/gameboy.tests.dll" id="6bca5d59-928b-3848-bec7-0a44e7315c43">
      <Execution id="58c71664-f164-4edc-99c7-407290d75fea" />
      <TestMethod codeBase="/home/runner/work/BlazorBoy/BlazorBoy/src/GameBoy.Tests/bin/Debug/net8.0/GameBoy.Tests.dll" adapterTypeName="executor://xunit/VsTestRunner2/netcoreapp" className="GameBoy.Tests.PaletteTests" name="ColorProperties_ReturnCorrectValues" />
    </UnitTest>
    <UnitTest name="GameBoy.Tests.MmuTests.EchoRam_MirrorsWorkRam" storage="/home/runner/work/blazorboy/blazorboy/src/gameboy.tests/bin/debug/net8.0/gameboy.tests.dll" id="7228e315-3e10-614e-b4d8-f5be940bd300">
      <Execution id="cb2c836c-3cdb-4c34-8048-c3e0e6da49e9" />
      <TestMethod codeBase="/home/runner/work/BlazorBoy/BlazorBoy/src/GameBoy.Tests/bin/Debug/net8.0/GameBoy.Tests.dll" adapterTypeName="executor://xunit/VsTestRunner2/netcoreapp" className="GameBoy.Tests.MmuTests" name="EchoRam_MirrorsWorkRam" />
    </UnitTest>
    <UnitTest name="GameBoy.Tests.CartridgeTests.Detect_Mbc3Rom_ReturnsCorrectCartridge" storage="/home/runner/work/blazorboy/blazorboy/src/gameboy.tests/bin/debug/net8.0/gameboy.tests.dll" id="7d3ff08e-32d6-15e7-2b0a-f19eaaa9140e">
      <Execution id="b8b6cc33-f577-4fe1-8bb7-8bbbac10feff" />
      <TestMethod codeBase="/home/runner/work/BlazorBoy/BlazorBoy/src/GameBoy.Tests/bin/Debug/net8.0/GameBoy.Tests.dll" adapterTypeName="executor://xunit/VsTestRunner2/netcoreapp" className="GameBoy.Tests.CartridgeTests" name="Detect_Mbc3Rom_ReturnsCorrectCartridge" />
    </UnitTest>
    <UnitTest name="GameBoy.Tests.Mbc3Tests.ExternalRam_NonRtcCartridge_RtcRegistersInaccessible" storage="/home/runner/work/blazorboy/blazorboy/src/gameboy.tests/bin/debug/net8.0/gameboy.tests.dll" id="532941a8-1169-c422-cea9-1f67cb7d0ec7">
      <Execution id="81fa324d-59da-45c2-b8d3-1f9835325c0f" />
      <TestMethod codeBase="/home/runner/work/BlazorBoy/BlazorBoy/src/GameBoy.Tests/bin/Debug/net8.0/GameBoy.Tests.dll" adapterTypeName="executor://xunit/VsTestRunner2/netcoreapp" className="GameBoy.Tests.Mbc3Tests" name="ExternalRam_NonRtcCartridge_RtcRegistersInaccessible" />
    </UnitTest>
    <UnitTest name="GameBoy.Tests.CpuAddressingTests.AddressingHelpers_BC_DE_WorksWithOpcodes" storage="/home/runner/work/blazorboy/blazorboy/src/gameboy.tests/bin/debug/net8.0/gameboy.tests.dll" id="5860b7d3-064b-7580-7ff5-c38a3b9dbc98">
      <Execution id="e85fb9e7-2d62-47bd-8217-6a6340cdc36b" />
      <TestMethod codeBase="/home/runner/work/BlazorBoy/BlazorBoy/src/GameBoy.Tests/bin/Debug/net8.0/GameBoy.Tests.dll" adapterTypeName="executor://xunit/VsTestRunner2/netcoreapp" className="GameBoy.Tests.CpuAddressingTests" name="AddressingHelpers_BC_DE_WorksWithOpcodes" />
    </UnitTest>
    <UnitTest name="GameBoy.Tests.InterruptServiceRoutineTests.NoInterrupt_WhenInterruptNotEnabled" storage="/home/runner/work/blazorboy/blazorboy/src/gameboy.tests/bin/debug/net8.0/gameboy.tests.dll" id="a7fd53a6-c05f-0be6-708d-bed266e4b741">
      <Execution id="496bb122-2712-4e74-8525-8e178f1ac334" />
      <TestMethod codeBase="/home/runner/work/BlazorBoy/BlazorBoy/src/GameBoy.Tests/bin/Debug/net8.0/GameBoy.Tests.dll" adapterTypeName="executor://xunit/VsTestRunner2/netcoreapp" className="GameBoy.Tests.InterruptServiceRoutineTests" name="NoInterrupt_WhenInterruptNotEnabled" />
    </UnitTest>
    <UnitTest name="GameBoy.Tests.TimerTests.Constructor_WithNullInterruptController_ThrowsArgumentNullException" storage="/home/runner/work/blazorboy/blazorboy/src/gameboy.tests/bin/debug/net8.0/gameboy.tests.dll" id="1cbfb5b9-2011-f2d6-8d4e-04eb5cfad13f">
      <Execution id="93f6c1d6-dc95-40a0-8fa2-86809ab52a36" />
      <TestMethod codeBase="/home/runner/work/BlazorBoy/BlazorBoy/src/GameBoy.Tests/bin/Debug/net8.0/GameBoy.Tests.dll" adapterTypeName="executor://xunit/VsTestRunner2/netcoreapp" className="GameBoy.Tests.TimerTests" name="Constructor_WithNullInterruptController_ThrowsArgumentNullException" />
    </UnitTest>
    <UnitTest name="GameBoy.Tests.InterruptControllerTests.IF_SetAndRead_ReturnsCorrectValues(setValue: 31, expectedRead: 255)" storage="/home/runner/work/blazorboy/blazorboy/src/gameboy.tests/bin/debug/net8.0/gameboy.tests.dll" id="9542de3d-366a-0422-913a-a75545b2979d">
      <Execution id="eaf0a827-d4ff-4772-8847-704dead5840a" />
      <TestMethod codeBase="/home/runner/work/BlazorBoy/BlazorBoy/src/GameBoy.Tests/bin/Debug/net8.0/GameBoy.Tests.dll" adapterTypeName="executor://xunit/VsTestRunner2/netcoreapp" className="GameBoy.Tests.InterruptControllerTests" name="IF_SetAndRead_ReturnsCorrectValues" />
    </UnitTest>
    <UnitTest name="GameBoy.Tests.CartridgeHeaderTests.RomSize_InvalidCodes_DefaultsTo32KB(code: 9)" storage="/home/runner/work/blazorboy/blazorboy/src/gameboy.tests/bin/debug/net8.0/gameboy.tests.dll" id="16ac6d48-3c29-1113-a2f2-ffb9acaad24b">
      <Execution id="e32751f9-4572-4244-8f6c-0714eab1ebc4" />
      <TestMethod codeBase="/home/runner/work/BlazorBoy/BlazorBoy/src/GameBoy.Tests/bin/Debug/net8.0/GameBoy.Tests.dll" adapterTypeName="executor://xunit/VsTestRunner2/netcoreapp" className="GameBoy.Tests.CartridgeHeaderTests" name="RomSize_InvalidCodes_DefaultsTo32KB" />
    </UnitTest>
    <UnitTest name="GameBoy.Tests.InterruptControllerTests.TryGetPending_SingleInterrupt_ReturnsCorrectType(ifValue: 1, ieValue: 1, expectedType: VBlank)" storage="/home/runner/work/blazorboy/blazorboy/src/gameboy.tests/bin/debug/net8.0/gameboy.tests.dll" id="e54e7669-f3ee-5bb2-c6b1-4d81fbb802f8">
      <Execution id="4f24d5a1-c418-4acd-85fc-ae711608a7ae" />
      <TestMethod codeBase="/home/runner/work/BlazorBoy/BlazorBoy/src/GameBoy.Tests/bin/Debug/net8.0/GameBoy.Tests.dll" adapterTypeName="executor://xunit/VsTestRunner2/netcoreapp" className="GameBoy.Tests.InterruptControllerTests" name="TryGetPending_SingleInterrupt_ReturnsCorrectType" />
    </UnitTest>
    <UnitTest name="GameBoy.Tests.Integration.CpuInstructionTests.CB_BIT_0_B_TestsBit(registerValue: 1, expectedZ: False)" storage="/home/runner/work/blazorboy/blazorboy/src/gameboy.tests/bin/debug/net8.0/gameboy.tests.dll" id="fa3a2d6c-be40-bcdd-2739-7ce8368c77dd">
      <Execution id="245d2a4b-4a1d-443e-afb1-b3bdd18c8f43" />
      <TestMethod codeBase="/home/runner/work/BlazorBoy/BlazorBoy/src/GameBoy.Tests/bin/Debug/net8.0/GameBoy.Tests.dll" adapterTypeName="executor://xunit/VsTestRunner2/netcoreapp" className="GameBoy.Tests.Integration.CpuInstructionTests" name="CB_BIT_0_B_TestsBit" />
    </UnitTest>
    <UnitTest name="GameBoy.Tests.IoRegsTests.IoRegs_ShouldHaveCorrectAddresses" storage="/home/runner/work/blazorboy/blazorboy/src/gameboy.tests/bin/debug/net8.0/gameboy.tests.dll" id="d762547f-1f34-4efc-725e-aa84742baa26">
      <Execution id="75a0db0e-c7af-4c31-88f7-4e21b53019d0" />
      <TestMethod codeBase="/home/runner/work/BlazorBoy/BlazorBoy/src/GameBoy.Tests/bin/Debug/net8.0/GameBoy.Tests.dll" adapterTypeName="executor://xunit/VsTestRunner2/netcoreapp" className="GameBoy.Tests.IoRegsTests" name="IoRegs_ShouldHaveCorrectAddresses" />
    </UnitTest>
    <UnitTest name="GameBoy.Tests.InstructionTimingTests.ConditionalCallNotTaken_Takes12Cycles" storage="/home/runner/work/blazorboy/blazorboy/src/gameboy.tests/bin/debug/net8.0/gameboy.tests.dll" id="4504d0c8-a057-31ba-309c-2c8e1060e273">
      <Execution id="fc9ef167-0f73-4576-a0ba-5f64457c3b3c" />
      <TestMethod codeBase="/home/runner/work/BlazorBoy/BlazorBoy/src/GameBoy.Tests/bin/Debug/net8.0/GameBoy.Tests.dll" adapterTypeName="executor://xunit/VsTestRunner2/netcoreapp" className="GameBoy.Tests.InstructionTimingTests" name="ConditionalCallNotTaken_Takes12Cycles" />
    </UnitTest>
    <UnitTest name="GameBoy.Tests.Integration.BlarggIntegrationTests.CpuInstrs_IndividualTests_ExecuteSuccessfully(romFile: &quot;05-op rp.gb&quot;, description: &quot;OP rp instruction test&quot;)" storage="/home/runner/work/blazorboy/blazorboy/src/gameboy.tests/bin/debug/net8.0/gameboy.tests.dll" id="33c4dcbc-bc77-b534-10a6-99e0280da154">
      <Execution id="946d0b66-51ec-489e-93ca-4ee8ac088552" />
      <TestMethod codeBase="/home/runner/work/BlazorBoy/BlazorBoy/src/GameBoy.Tests/bin/Debug/net8.0/GameBoy.Tests.dll" adapterTypeName="executor://xunit/VsTestRunner2/netcoreapp" className="GameBoy.Tests.Integration.BlarggIntegrationTests" name="CpuInstrs_IndividualTests_ExecuteSuccessfully" />
    </UnitTest>
    <UnitTest name="GameBoy.Tests.CartridgeTests.Detect_AllMbc3Variants_ReturnsCorrectCartridge(cartridgeType: 19)" storage="/home/runner/work/blazorboy/blazorboy/src/gameboy.tests/bin/debug/net8.0/gameboy.tests.dll" id="5fca08ae-038e-7ddb-042a-d45c775cc3a2">
      <Execution id="c0f4565b-c3f3-43e6-b867-7450f050c93f" />
      <TestMethod codeBase="/home/runner/work/BlazorBoy/BlazorBoy/src/GameBoy.Tests/bin/Debug/net8.0/GameBoy.Tests.dll" adapterTypeName="executor://xunit/VsTestRunner2/netcoreapp" className="GameBoy.Tests.CartridgeTests" name="Detect_AllMbc3Variants_ReturnsCorrectCartridge" />
    </UnitTest>
    <UnitTest name="GameBoy.Tests.InstructionGroupTests.CB_SET_5_C_SetsBit" storage="/home/runner/work/blazorboy/blazorboy/src/gameboy.tests/bin/debug/net8.0/gameboy.tests.dll" id="c187a4da-0632-6cbb-6310-ad816b882871">
      <Execution id="3cd16ec2-fdf8-4110-ad26-771418cfb6e1" />
      <TestMethod codeBase="/home/runner/work/BlazorBoy/BlazorBoy/src/GameBoy.Tests/bin/Debug/net8.0/GameBoy.Tests.dll" adapterTypeName="executor://xunit/VsTestRunner2/netcoreapp" className="GameBoy.Tests.InstructionGroupTests" name="CB_SET_5_C_SetsBit" />
    </UnitTest>
    <UnitTest name="GameBoy.Tests.PaletteTests.MapColor_WithInvalidIndex_ReturnsDefault(colorIndex: 4, expectedMapped: 0)" storage="/home/runner/work/blazorboy/blazorboy/src/gameboy.tests/bin/debug/net8.0/gameboy.tests.dll" id="b22b61e8-4d1b-6438-181a-dea93e3f8aa5">
      <Execution id="2ced3aa4-59ca-4045-8ae2-5ce3d3957636" />
      <TestMethod codeBase="/home/runner/work/BlazorBoy/BlazorBoy/src/GameBoy.Tests/bin/Debug/net8.0/GameBoy.Tests.dll" adapterTypeName="executor://xunit/VsTestRunner2/netcoreapp" className="GameBoy.Tests.PaletteTests" name="MapColor_WithInvalidIndex_ReturnsDefault" />
    </UnitTest>
    <UnitTest name="GameBoy.Tests.PpuTests.LY_AdvancesCorrectlyThroughFrame" storage="/home/runner/work/blazorboy/blazorboy/src/gameboy.tests/bin/debug/net8.0/gameboy.tests.dll" id="478b2524-238c-3a12-f209-ae2368969b48">
      <Execution id="7395415e-6c91-43a2-b92e-b2b5b2073bdf" />
      <TestMethod codeBase="/home/runner/work/BlazorBoy/BlazorBoy/src/GameBoy.Tests/bin/Debug/net8.0/GameBoy.Tests.dll" adapterTypeName="executor://xunit/VsTestRunner2/netcoreapp" className="GameBoy.Tests.PpuTests" name="LY_AdvancesCorrectlyThroughFrame" />
    </UnitTest>
    <UnitTest name="GameBoy.Tests.Mbc5Tests.WriteRom_RamEnable_EnablesRamAccess" storage="/home/runner/work/blazorboy/blazorboy/src/gameboy.tests/bin/debug/net8.0/gameboy.tests.dll" id="fc41b0d3-293c-7ed1-03db-0b90bf1e8d94">
      <Execution id="3c5dd016-b386-45f0-a41f-dd1c0dd64ffe" />
      <TestMethod codeBase="/home/runner/work/BlazorBoy/BlazorBoy/src/GameBoy.Tests/bin/Debug/net8.0/GameBoy.Tests.dll" adapterTypeName="executor://xunit/VsTestRunner2/netcoreapp" className="GameBoy.Tests.Mbc5Tests" name="WriteRom_RamEnable_EnablesRamAccess" />
    </UnitTest>
    <UnitTest name="GameBoy.Tests.Mbc1Tests.WriteRom_MaxBankNumber_WorksWithinLimits" storage="/home/runner/work/blazorboy/blazorboy/src/gameboy.tests/bin/debug/net8.0/gameboy.tests.dll" id="c5b4b13c-797f-5666-64b2-e0d6c527a5f7">
      <Execution id="0f3a9ac3-9aaa-4255-b64f-750ba858c6a1" />
      <TestMethod codeBase="/home/runner/work/BlazorBoy/BlazorBoy/src/GameBoy.Tests/bin/Debug/net8.0/GameBoy.Tests.dll" adapterTypeName="executor://xunit/VsTestRunner2/netcoreapp" className="GameBoy.Tests.Mbc1Tests" name="WriteRom_MaxBankNumber_WorksWithinLimits" />
    </UnitTest>
    <UnitTest name="GameBoy.Tests.AdvancedTimingTests.StoreHLD_Takes8Cycles" storage="/home/runner/work/blazorboy/blazorboy/src/gameboy.tests/bin/debug/net8.0/gameboy.tests.dll" id="00f1c6c9-7444-bdfe-8b60-29c43865e046">
      <Execution id="31fad51a-a3c9-459b-8a7e-92add2a330b9" />
      <TestMethod codeBase="/home/runner/work/BlazorBoy/BlazorBoy/src/GameBoy.Tests/bin/Debug/net8.0/GameBoy.Tests.dll" adapterTypeName="executor://xunit/VsTestRunner2/netcoreapp" className="GameBoy.Tests.AdvancedTimingTests" name="StoreHLD_Takes8Cycles" />
    </UnitTest>
    <UnitTest name="GameBoy.Tests.InterruptControllerTests.Request_SetsCorrectIFBit(interruptType: Timer, expectedBit: 4)" storage="/home/runner/work/blazorboy/blazorboy/src/gameboy.tests/bin/debug/net8.0/gameboy.tests.dll" id="bd44c014-a490-12bf-4158-749245c0ea80">
      <Execution id="53f6d357-e47c-4a42-9a56-1ee0dc4ad1c7" />
      <TestMethod codeBase="/home/runner/work/BlazorBoy/BlazorBoy/src/GameBoy.Tests/bin/Debug/net8.0/GameBoy.Tests.dll" adapterTypeName="executor://xunit/VsTestRunner2/netcoreapp" className="GameBoy.Tests.InterruptControllerTests" name="Request_SetsCorrectIFBit" />
    </UnitTest>
    <UnitTest name="GameBoy.Tests.MmuTests.STAT_WritableBitsOnly" storage="/home/runner/work/blazorboy/blazorboy/src/gameboy.tests/bin/debug/net8.0/gameboy.tests.dll" id="995af1cd-c8d9-dbb3-07ce-6b441962f547">
      <Execution id="a7883c87-54f2-4633-82ad-f7e980ee5e66" />
      <TestMethod codeBase="/home/runner/work/BlazorBoy/BlazorBoy/src/GameBoy.Tests/bin/Debug/net8.0/GameBoy.Tests.dll" adapterTypeName="executor://xunit/VsTestRunner2/netcoreapp" className="GameBoy.Tests.MmuTests" name="STAT_WritableBitsOnly" />
    </UnitTest>
    <UnitTest name="GameBoy.Tests.Integration.CpuInstructionTests.INC_B_IncrementsRegister" storage="/home/runner/work/blazorboy/blazorboy/src/gameboy.tests/bin/debug/net8.0/gameboy.tests.dll" id="334439f8-d94c-a8b0-116c-df0561e50d78">
      <Execution id="138a1034-1e7a-4bfb-8645-c72c0c80a7ef" />
      <TestMethod codeBase="/home/runner/work/BlazorBoy/BlazorBoy/src/GameBoy.Tests/bin/Debug/net8.0/GameBoy.Tests.dll" adapterTypeName="executor://xunit/VsTestRunner2/netcoreapp" className="GameBoy.Tests.Integration.CpuInstructionTests" name="INC_B_IncrementsRegister" />
    </UnitTest>
    <UnitTest name="GameBoy.Tests.LcdcTests.WindowEnable_ReturnsCorrectValue(value: 32, expected: True)" storage="/home/runner/work/blazorboy/blazorboy/src/gameboy.tests/bin/debug/net8.0/gameboy.tests.dll" id="131cece5-93c9-b1ed-1fe7-0f72a6f1f839">
      <Execution id="d1e48b2f-6b1c-486b-b304-fe8eda0d01af" />
      <TestMethod codeBase="/home/runner/work/BlazorBoy/BlazorBoy/src/GameBoy.Tests/bin/Debug/net8.0/GameBoy.Tests.dll" adapterTypeName="executor://xunit/VsTestRunner2/netcoreapp" className="GameBoy.Tests.LcdcTests" name="WindowEnable_ReturnsCorrectValue" />
    </UnitTest>
    <UnitTest name="GameBoy.Tests.MmuTests.DIV_WriteResetsToZero" storage="/home/runner/work/blazorboy/blazorboy/src/gameboy.tests/bin/debug/net8.0/gameboy.tests.dll" id="8127ea1e-ba01-dcf8-29b0-bba331714c0f">
      <Execution id="072f41b9-d51e-4457-bc94-c3cccebdeec5" />
      <TestMethod codeBase="/home/runner/work/BlazorBoy/BlazorBoy/src/GameBoy.Tests/bin/Debug/net8.0/GameBoy.Tests.dll" adapterTypeName="executor://xunit/VsTestRunner2/netcoreapp" className="GameBoy.Tests.MmuTests" name="DIV_WriteResetsToZero" />
    </UnitTest>
    <UnitTest name="GameBoy.Tests.InstructionTimingTests.IncHL_Takes12Cycles" storage="/home/runner/work/blazorboy/blazorboy/src/gameboy.tests/bin/debug/net8.0/gameboy.tests.dll" id="00b3c5a1-a412-80ab-1cb3-dd1126527a3d">
      <Execution id="e1f421d5-5398-4705-a110-bb50abf38925" />
      <TestMethod codeBase="/home/runner/work/BlazorBoy/BlazorBoy/src/GameBoy.Tests/bin/Debug/net8.0/GameBoy.Tests.dll" adapterTypeName="executor://xunit/VsTestRunner2/netcoreapp" className="GameBoy.Tests.InstructionTimingTests" name="IncHL_Takes12Cycles" />
    </UnitTest>
    <UnitTest name="GameBoy.Tests.InterruptIntegrationTests.InterruptPriorityIntegration_EmulatorLevel" storage="/home/runner/work/blazorboy/blazorboy/src/gameboy.tests/bin/debug/net8.0/gameboy.tests.dll" id="bcd70f7b-fbfc-2be7-6038-ec5a7b1989f9">
      <Execution id="fecf60c2-0115-488c-930f-66698db1648c" />
      <TestMethod codeBase="/home/runner/work/BlazorBoy/BlazorBoy/src/GameBoy.Tests/bin/Debug/net8.0/GameBoy.Tests.dll" adapterTypeName="executor://xunit/VsTestRunner2/netcoreapp" className="GameBoy.Tests.InterruptIntegrationTests" name="InterruptPriorityIntegration_EmulatorLevel" />
    </UnitTest>
    <UnitTest name="GameBoy.Tests.SpriteTests.IsVisibleHorizontally_ReturnsCorrectValue(x: 168, expected: False)" storage="/home/runner/work/blazorboy/blazorboy/src/gameboy.tests/bin/debug/net8.0/gameboy.tests.dll" id="c5424e69-5ea8-afcc-b682-25607cd1397f">
      <Execution id="33f465dc-d947-4b6d-b65a-2067d542709b" />
      <TestMethod codeBase="/home/runner/work/BlazorBoy/BlazorBoy/src/GameBoy.Tests/bin/Debug/net8.0/GameBoy.Tests.dll" adapterTypeName="executor://xunit/VsTestRunner2/netcoreapp" className="GameBoy.Tests.SpriteTests" name="IsVisibleHorizontally_ReturnsCorrectValue" />
    </UnitTest>
    <UnitTest name="GameBoy.Tests.LcdcTests.BgWindowEnable_ReturnsCorrectValue(value: 1, expected: True)" storage="/home/runner/work/blazorboy/blazorboy/src/gameboy.tests/bin/debug/net8.0/gameboy.tests.dll" id="cda14b8b-44a6-3c84-6320-8c442304a5d1">
      <Execution id="58f8b0f5-4bad-426f-a288-a741c53cd54b" />
      <TestMethod codeBase="/home/runner/work/BlazorBoy/BlazorBoy/src/GameBoy.Tests/bin/Debug/net8.0/GameBoy.Tests.dll" adapterTypeName="executor://xunit/VsTestRunner2/netcoreapp" className="GameBoy.Tests.LcdcTests" name="BgWindowEnable_ReturnsCorrectValue" />
    </UnitTest>
    <UnitTest name="GameBoy.Tests.LcdcTests.ToString_ReturnsDescriptiveString" storage="/home/runner/work/blazorboy/blazorboy/src/gameboy.tests/bin/debug/net8.0/gameboy.tests.dll" id="b9829d76-77bc-ca06-9121-c768f03fc614">
      <Execution id="a6ea2e0a-6299-4bcb-a0a0-bc63d864a150" />
      <TestMethod codeBase="/home/runner/work/BlazorBoy/BlazorBoy/src/GameBoy.Tests/bin/Debug/net8.0/GameBoy.Tests.dll" adapterTypeName="executor://xunit/VsTestRunner2/netcoreapp" className="GameBoy.Tests.LcdcTests" name="ToString_ReturnsDescriptiveString" />
    </UnitTest>
    <UnitTest name="GameBoy.Tests.CartridgeHeaderTests.IsValidHeader_InvalidDestinationCodes_ReturnsFalse(destinationCode: 2)" storage="/home/runner/work/blazorboy/blazorboy/src/gameboy.tests/bin/debug/net8.0/gameboy.tests.dll" id="483dad49-7b52-916d-7992-3c95f47febbb">
      <Execution id="d157182e-3d00-4b03-b9b9-ea46c547cedb" />
      <TestMethod codeBase="/home/runner/work/BlazorBoy/BlazorBoy/src/GameBoy.Tests/bin/Debug/net8.0/GameBoy.Tests.dll" adapterTypeName="executor://xunit/VsTestRunner2/netcoreapp" className="GameBoy.Tests.CartridgeHeaderTests" name="IsValidHeader_InvalidDestinationCodes_ReturnsFalse" />
    </UnitTest>
    <UnitTest name="GameBoy.Tests.AdvancedTimingTests.CBSwapRegister_Takes8Cycles" storage="/home/runner/work/blazorboy/blazorboy/src/gameboy.tests/bin/debug/net8.0/gameboy.tests.dll" id="afa41f35-c74e-3941-80d2-9eeb0dd89118">
      <Execution id="b99c6b33-3179-47b0-b24b-9c0a8f1090f9" />
      <TestMethod codeBase="/home/runner/work/BlazorBoy/BlazorBoy/src/GameBoy.Tests/bin/Debug/net8.0/GameBoy.Tests.dll" adapterTypeName="executor://xunit/VsTestRunner2/netcoreapp" className="GameBoy.Tests.AdvancedTimingTests" name="CBSwapRegister_Takes8Cycles" />
    </UnitTest>
    <UnitTest name="GameBoy.Tests.CpuMmuIntegrationTests.Complex_AddressingSequence_AllThroughMMU" storage="/home/runner/work/blazorboy/blazorboy/src/gameboy.tests/bin/debug/net8.0/gameboy.tests.dll" id="eb59ada6-ad8c-0c90-c83c-2d44cd895c40">
      <Execution id="149bb6e8-d0fb-473b-a972-03a7b56a3596" />
      <TestMethod codeBase="/home/runner/work/BlazorBoy/BlazorBoy/src/GameBoy.Tests/bin/Debug/net8.0/GameBoy.Tests.dll" adapterTypeName="executor://xunit/VsTestRunner2/netcoreapp" className="GameBoy.Tests.CpuMmuIntegrationTests" name="Complex_AddressingSequence_AllThroughMMU" />
    </UnitTest>
    <UnitTest name="GameBoy.Tests.EmulatorMbcIntegrationTests.Emulator_LoadRom_Mbc3WithBattery_HasBatteryRam" storage="/home/runner/work/blazorboy/blazorboy/src/gameboy.tests/bin/debug/net8.0/gameboy.tests.dll" id="41624f13-3643-f362-2897-db328849f012">
      <Execution id="3f24378f-a81b-48b6-8568-4321d4c17d30" />
      <TestMethod codeBase="/home/runner/work/BlazorBoy/BlazorBoy/src/GameBoy.Tests/bin/Debug/net8.0/GameBoy.Tests.dll" adapterTypeName="executor://xunit/VsTestRunner2/netcoreapp" className="GameBoy.Tests.EmulatorMbcIntegrationTests" name="Emulator_LoadRom_Mbc3WithBattery_HasBatteryRam" />
    </UnitTest>
    <UnitTest name="GameBoy.Tests.TimerTests.SetTAC_UpdatesRegisterAndResetsTIMACounter" storage="/home/runner/work/blazorboy/blazorboy/src/gameboy.tests/bin/debug/net8.0/gameboy.tests.dll" id="7287d1fe-6c4f-c123-97cc-7c591205c013">
      <Execution id="abe7aec5-2061-4ac4-9d7c-46a111120e67" />
      <TestMethod codeBase="/home/runner/work/BlazorBoy/BlazorBoy/src/GameBoy.Tests/bin/Debug/net8.0/GameBoy.Tests.dll" adapterTypeName="executor://xunit/VsTestRunner2/netcoreapp" className="GameBoy.Tests.TimerTests" name="SetTAC_UpdatesRegisterAndResetsTIMACounter" />
    </UnitTest>
    <UnitTest name="GameBoy.Tests.SpriteTests.FlipX_ReturnsCorrectValue(attributes: 223, expected: False)" storage="/home/runner/work/blazorboy/blazorboy/src/gameboy.tests/bin/debug/net8.0/gameboy.tests.dll" id="5e3ab822-461a-3e5d-d729-65a3fa4eae80">
      <Execution id="d20bd615-a520-420c-8ac4-91b5c9420424" />
      <TestMethod codeBase="/home/runner/work/BlazorBoy/BlazorBoy/src/GameBoy.Tests/bin/Debug/net8.0/GameBoy.Tests.dll" adapterTypeName="executor://xunit/VsTestRunner2/netcoreapp" className="GameBoy.Tests.SpriteTests" name="FlipX_ReturnsCorrectValue" />
    </UnitTest>
    <UnitTest name="GameBoy.Tests.CartridgeTests.Detect_AllMbc1Variants_ReturnsCorrectCartridge(cartridgeType: 2)" storage="/home/runner/work/blazorboy/blazorboy/src/gameboy.tests/bin/debug/net8.0/gameboy.tests.dll" id="6f2ac7de-8e4f-7e79-2f26-32c891a5f0db">
      <Execution id="5930ef11-250a-4741-bd59-f4c6e8d4a6c6" />
      <TestMethod codeBase="/home/runner/work/BlazorBoy/BlazorBoy/src/GameBoy.Tests/bin/Debug/net8.0/GameBoy.Tests.dll" adapterTypeName="executor://xunit/VsTestRunner2/netcoreapp" className="GameBoy.Tests.CartridgeTests" name="Detect_AllMbc1Variants_ReturnsCorrectCartridge" />
    </UnitTest>
    <UnitTest name="GameBoy.Tests.AluTests.AddWithCarry_NoCarryIn_SameAsAdd" storage="/home/runner/work/blazorboy/blazorboy/src/gameboy.tests/bin/debug/net8.0/gameboy.tests.dll" id="df1a0b85-3fcf-73cc-b0eb-77a8095511aa">
      <Execution id="ef463b78-a37c-4310-a79b-dd03229cd222" />
      <TestMethod codeBase="/home/runner/work/BlazorBoy/BlazorBoy/src/GameBoy.Tests/bin/Debug/net8.0/GameBoy.Tests.dll" adapterTypeName="executor://xunit/VsTestRunner2/netcoreapp" className="GameBoy.Tests.AluTests" name="AddWithCarry_NoCarryIn_SameAsAdd" />
    </UnitTest>
    <UnitTest name="GameBoy.Tests.CartridgeHeaderTests.Title_MaxLength16Characters_TruncatesCorrectly" storage="/home/runner/work/blazorboy/blazorboy/src/gameboy.tests/bin/debug/net8.0/gameboy.tests.dll" id="f160fd19-b7b2-9e51-f892-3fdf8189a922">
      <Execution id="c2d673c2-825c-42b6-9246-697e4f685d63" />
      <TestMethod codeBase="/home/runner/work/BlazorBoy/BlazorBoy/src/GameBoy.Tests/bin/Debug/net8.0/GameBoy.Tests.dll" adapterTypeName="executor://xunit/VsTestRunner2/netcoreapp" className="GameBoy.Tests.CartridgeHeaderTests" name="Title_MaxLength16Characters_TruncatesCorrectly" />
    </UnitTest>
    <UnitTest name="GameBoy.Tests.InterruptServiceRoutineTests.RETI_ReturnsFromInterrupt_EnablesIME" storage="/home/runner/work/blazorboy/blazorboy/src/gameboy.tests/bin/debug/net8.0/gameboy.tests.dll" id="df8b2ad9-4c19-03fa-9159-9bfe314bedb3">
      <Execution id="56f5f552-2ad8-408d-a28a-c95bbc7235de" />
      <TestMethod codeBase="/home/runner/work/BlazorBoy/BlazorBoy/src/GameBoy.Tests/bin/Debug/net8.0/GameBoy.Tests.dll" adapterTypeName="executor://xunit/VsTestRunner2/netcoreapp" className="GameBoy.Tests.InterruptServiceRoutineTests" name="RETI_ReturnsFromInterrupt_EnablesIME" />
    </UnitTest>
    <UnitTest name="GameBoy.Tests.CartridgeTests.Detect_UnknownCartridgeTypes_ThrowsNotSupportedException(cartridgeType: 187)" storage="/home/runner/work/blazorboy/blazorboy/src/gameboy.tests/bin/debug/net8.0/gameboy.tests.dll" id="5b470fa9-7bb8-c70a-13cd-6b0c5673a526">
      <Execution id="9626fce8-89c1-466c-a647-bc004b25d698" />
      <TestMethod codeBase="/home/runner/work/BlazorBoy/BlazorBoy/src/GameBoy.Tests/bin/Debug/net8.0/GameBoy.Tests.dll" adapterTypeName="executor://xunit/VsTestRunner2/netcoreapp" className="GameBoy.Tests.CartridgeTests" name="Detect_UnknownCartridgeTypes_ThrowsNotSupportedException" />
    </UnitTest>
    <UnitTest name="GameBoy.Tests.CartridgeHeaderTests.RomSize_CalculatesCorrectSizeForStandardCodes(code: 0, expectedSize: 32768)" storage="/home/runner/work/blazorboy/blazorboy/src/gameboy.tests/bin/debug/net8.0/gameboy.tests.dll" id="c34393e5-11ff-d095-6271-fff69a281c2a">
      <Execution id="9ae91a96-11c0-44f9-a3ad-c39a3e63799a" />
      <TestMethod codeBase="/home/runner/work/BlazorBoy/BlazorBoy/src/GameBoy.Tests/bin/Debug/net8.0/GameBoy.Tests.dll" adapterTypeName="executor://xunit/VsTestRunner2/netcoreapp" className="GameBoy.Tests.CartridgeHeaderTests" name="RomSize_CalculatesCorrectSizeForStandardCodes" />
    </UnitTest>
    <UnitTest name="GameBoy.Tests.InterruptControllerTests.Service_ClearsCorrectIFBit(interruptType: Serial, bitMask: 8)" storage="/home/runner/work/blazorboy/blazorboy/src/gameboy.tests/bin/debug/net8.0/gameboy.tests.dll" id="5b041a6e-7bee-a1df-d76b-f9daf33afa7b">
      <Execution id="546e93f3-8153-4bbe-82f7-8141e23ff567" />
      <TestMethod codeBase="/home/runner/work/BlazorBoy/BlazorBoy/src/GameBoy.Tests/bin/Debug/net8.0/GameBoy.Tests.dll" adapterTypeName="executor://xunit/VsTestRunner2/netcoreapp" className="GameBoy.Tests.InterruptControllerTests" name="Service_ClearsCorrectIFBit" />
    </UnitTest>
    <UnitTest name="GameBoy.Tests.LcdcTests.SpriteHeight_ReturnsCorrectValue(value: 0, expected: 8)" storage="/home/runner/work/blazorboy/blazorboy/src/gameboy.tests/bin/debug/net8.0/gameboy.tests.dll" id="18e64dbf-a529-065d-7668-b83d75e9ab65">
      <Execution id="0debb743-6a63-446a-97d6-763e0ac2d00c" />
      <TestMethod codeBase="/home/runner/work/BlazorBoy/BlazorBoy/src/GameBoy.Tests/bin/Debug/net8.0/GameBoy.Tests.dll" adapterTypeName="executor://xunit/VsTestRunner2/netcoreapp" className="GameBoy.Tests.LcdcTests" name="SpriteHeight_ReturnsCorrectValue" />
    </UnitTest>
    <UnitTest name="GameBoy.Tests.CpuAddressingTests.AddressingHelpers_WorkWithOpcodeExecution" storage="/home/runner/work/blazorboy/blazorboy/src/gameboy.tests/bin/debug/net8.0/gameboy.tests.dll" id="fdb2cf0c-963b-0925-7ea4-74bfa1abb27b">
      <Execution id="0fc0ea08-9278-468f-81a8-42fd7df0a2b3" />
      <TestMethod codeBase="/home/runner/work/BlazorBoy/BlazorBoy/src/GameBoy.Tests/bin/Debug/net8.0/GameBoy.Tests.dll" adapterTypeName="executor://xunit/VsTestRunner2/netcoreapp" className="GameBoy.Tests.CpuAddressingTests" name="AddressingHelpers_WorkWithOpcodeExecution" />
    </UnitTest>
    <UnitTest name="GameBoy.Tests.SpriteTests.IsVisibleOnScanline_ReturnsCorrectValue(y: 80, scanline: 63, spriteHeight: 8, expected: False)" storage="/home/runner/work/blazorboy/blazorboy/src/gameboy.tests/bin/debug/net8.0/gameboy.tests.dll" id="e10386ed-f5e3-0bb8-11ab-b5ed4705078b">
      <Execution id="628fdfc5-fc2b-462a-b438-3435d7ea627d" />
      <TestMethod codeBase="/home/runner/work/BlazorBoy/BlazorBoy/src/GameBoy.Tests/bin/Debug/net8.0/GameBoy.Tests.dll" adapterTypeName="executor://xunit/VsTestRunner2/netcoreapp" className="GameBoy.Tests.SpriteTests" name="IsVisibleOnScanline_ReturnsCorrectValue" />
    </UnitTest>
    <UnitTest name="GameBoy.Tests.Integration.MooneyeInterruptTests.Mooneye_PPUInterruptTests_ExecuteSuccessfully(category: &quot;ppu&quot;, romFile: &quot;vblank_stat_intr-GS.gb&quot;, description: &quot;V-blank STAT interrupt test&quot;)" storage="/home/runner/work/blazorboy/blazorboy/src/gameboy.tests/bin/debug/net8.0/gameboy.tests.dll" id="7efe10d2-3b60-ec88-1200-51742fffb231">
      <Execution id="5dd4cb2a-b65b-4938-8b9d-b47d3f2ad61c" />
      <TestMethod codeBase="/home/runner/work/BlazorBoy/BlazorBoy/src/GameBoy.Tests/bin/Debug/net8.0/GameBoy.Tests.dll" adapterTypeName="executor://xunit/VsTestRunner2/netcoreapp" className="GameBoy.Tests.Integration.MooneyeInterruptTests" name="Mooneye_PPUInterruptTests_ExecuteSuccessfully" />
    </UnitTest>
    <UnitTest name="GameBoy.Tests.AluTests.Subtract_BasicOperation_CorrectResult" storage="/home/runner/work/blazorboy/blazorboy/src/gameboy.tests/bin/debug/net8.0/gameboy.tests.dll" id="9011e578-9021-2ea1-2f28-2ef9d7bf8f9d">
      <Execution id="b08c014a-a4a6-4571-bebd-9c68cf06b7d6" />
      <TestMethod codeBase="/home/runner/work/BlazorBoy/BlazorBoy/src/GameBoy.Tests/bin/Debug/net8.0/GameBoy.Tests.dll" adapterTypeName="executor://xunit/VsTestRunner2/netcoreapp" className="GameBoy.Tests.AluTests" name="Subtract_BasicOperation_CorrectResult" />
    </UnitTest>
    <UnitTest name="GameBoy.Tests.CartridgeHeaderTests.IsValidHeader_InvalidRomSizeCodes_ReturnsFalse(romSizeCode: 81)" storage="/home/runner/work/blazorboy/blazorboy/src/gameboy.tests/bin/debug/net8.0/gameboy.tests.dll" id="ef6c030d-e675-ebed-ffa8-ce7bf5feed31">
      <Execution id="303251d6-78f4-4592-becf-a5a9a772c2e0" />
      <TestMethod codeBase="/home/runner/work/BlazorBoy/BlazorBoy/src/GameBoy.Tests/bin/Debug/net8.0/GameBoy.Tests.dll" adapterTypeName="executor://xunit/VsTestRunner2/netcoreapp" className="GameBoy.Tests.CartridgeHeaderTests" name="IsValidHeader_InvalidRomSizeCodes_ReturnsFalse" />
    </UnitTest>
    <UnitTest name="GameBoy.Tests.CartridgeTests.Detect_AllMbc5Variants_ReturnsCorrectCartridge(cartridgeType: 25)" storage="/home/runner/work/blazorboy/blazorboy/src/gameboy.tests/bin/debug/net8.0/gameboy.tests.dll" id="8b6a2a0c-c8d5-5cee-bfdd-1ab4842e3690">
      <Execution id="0f44e19c-ca9a-4da4-96a5-262f69fff095" />
      <TestMethod codeBase="/home/runner/work/BlazorBoy/BlazorBoy/src/GameBoy.Tests/bin/Debug/net8.0/GameBoy.Tests.dll" adapterTypeName="executor://xunit/VsTestRunner2/netcoreapp" className="GameBoy.Tests.CartridgeTests" name="Detect_AllMbc5Variants_ReturnsCorrectCartridge" />
    </UnitTest>
    <UnitTest name="GameBoy.Tests.SpriteTests.GetBottomTileIndex_ReturnsOddIndex(tileIndex: 2, expected: 3)" storage="/home/runner/work/blazorboy/blazorboy/src/gameboy.tests/bin/debug/net8.0/gameboy.tests.dll" id="9c3c88a5-56a3-3030-7762-5a115c595da1">
      <Execution id="c518aabd-7ee7-4995-b306-4d199ee56623" />
      <TestMethod codeBase="/home/runner/work/BlazorBoy/BlazorBoy/src/GameBoy.Tests/bin/Debug/net8.0/GameBoy.Tests.dll" adapterTypeName="executor://xunit/VsTestRunner2/netcoreapp" className="GameBoy.Tests.SpriteTests" name="GetBottomTileIndex_ReturnsOddIndex" />
    </UnitTest>
    <UnitTest name="GameBoy.Tests.InstructionGroupTests.CB_SWAP_A_SwapsNibbles" storage="/home/runner/work/blazorboy/blazorboy/src/gameboy.tests/bin/debug/net8.0/gameboy.tests.dll" id="fd5425e3-dba7-3381-928e-5b748fbbc81a">
      <Execution id="825c4620-423b-4238-9272-efd535ccc416" />
      <TestMethod codeBase="/home/runner/work/BlazorBoy/BlazorBoy/src/GameBoy.Tests/bin/Debug/net8.0/GameBoy.Tests.dll" adapterTypeName="executor://xunit/VsTestRunner2/netcoreapp" className="GameBoy.Tests.InstructionGroupTests" name="CB_SWAP_A_SwapsNibbles" />
    </UnitTest>
    <UnitTest name="GameBoy.Tests.PpuTests.STAT_Register_ReflectsCurrentMode" storage="/home/runner/work/blazorboy/blazorboy/src/gameboy.tests/bin/debug/net8.0/gameboy.tests.dll" id="52b3fc6e-e3ed-7c01-72d2-1b9a6492f9ad">
      <Execution id="c07ddb76-029e-4916-8622-c3d9d5965332" />
      <TestMethod codeBase="/home/runner/work/BlazorBoy/BlazorBoy/src/GameBoy.Tests/bin/Debug/net8.0/GameBoy.Tests.dll" adapterTypeName="executor://xunit/VsTestRunner2/netcoreapp" className="GameBoy.Tests.PpuTests" name="STAT_Register_ReflectsCurrentMode" />
    </UnitTest>
    <UnitTest name="GameBoy.Tests.InstructionGroupTests.LD_A_HL_LoadsFromMemory" storage="/home/runner/work/blazorboy/blazorboy/src/gameboy.tests/bin/debug/net8.0/gameboy.tests.dll" id="bf02038f-adfc-2555-62df-acc3bd9eb0fe">
      <Execution id="0dbfd878-f18f-4d3e-9a12-82f68add4640" />
      <TestMethod codeBase="/home/runner/work/BlazorBoy/BlazorBoy/src/GameBoy.Tests/bin/Debug/net8.0/GameBoy.Tests.dll" adapterTypeName="executor://xunit/VsTestRunner2/netcoreapp" className="GameBoy.Tests.InstructionGroupTests" name="LD_A_HL_LoadsFromMemory" />
    </UnitTest>
    <UnitTest name="GameBoy.Tests.InstructionGroupTests.CB_SRL_D_ShiftsRightLogical" storage="/home/runner/work/blazorboy/blazorboy/src/gameboy.tests/bin/debug/net8.0/gameboy.tests.dll" id="c97e1a23-b35a-31ec-31b1-1232bb0e493e">
      <Execution id="0d7d793c-420c-4762-a776-a92e3b2ab34f" />
      <TestMethod codeBase="/home/runner/work/BlazorBoy/BlazorBoy/src/GameBoy.Tests/bin/Debug/net8.0/GameBoy.Tests.dll" adapterTypeName="executor://xunit/VsTestRunner2/netcoreapp" className="GameBoy.Tests.InstructionGroupTests" name="CB_SRL_D_ShiftsRightLogical" />
    </UnitTest>
    <UnitTest name="GameBoy.Tests.InterruptControllerTests.IE_SetAndRead_ReturnsExactValue(value: 66)" storage="/home/runner/work/blazorboy/blazorboy/src/gameboy.tests/bin/debug/net8.0/gameboy.tests.dll" id="61e21f83-7e95-2362-b1e3-33dfd381fcc7">
      <Execution id="1d6874f0-eae0-4866-aa82-8fbb5f1d525b" />
      <TestMethod codeBase="/home/runner/work/BlazorBoy/BlazorBoy/src/GameBoy.Tests/bin/Debug/net8.0/GameBoy.Tests.dll" adapterTypeName="executor://xunit/VsTestRunner2/netcoreapp" className="GameBoy.Tests.InterruptControllerTests" name="IE_SetAndRead_ReturnsExactValue" />
    </UnitTest>
    <UnitTest name="GameBoy.Tests.SpriteTests.GetRelativeY16_ReturnsCorrectValueFor8x16Sprites(y: 80, scanline: 75, attributes: 64, expected: 4)" storage="/home/runner/work/blazorboy/blazorboy/src/gameboy.tests/bin/debug/net8.0/gameboy.tests.dll" id="b08827ac-26da-9808-9d71-21cf61e7a8a6">
      <Execution id="47f73709-ba25-4ae8-bbf5-6dc1b98672f9" />
      <TestMethod codeBase="/home/runner/work/BlazorBoy/BlazorBoy/src/GameBoy.Tests/bin/Debug/net8.0/GameBoy.Tests.dll" adapterTypeName="executor://xunit/VsTestRunner2/netcoreapp" className="GameBoy.Tests.SpriteTests" name="GetRelativeY16_ReturnsCorrectValueFor8x16Sprites" />
    </UnitTest>
    <UnitTest name="GameBoy.Tests.CpuTests.Nop_DoesNothing" storage="/home/runner/work/blazorboy/blazorboy/src/gameboy.tests/bin/debug/net8.0/gameboy.tests.dll" id="e1aa7990-1da1-83da-996d-146c1ddd0d6c">
      <Execution id="2b8d9d38-a36f-4881-99aa-ea7b22076954" />
      <TestMethod codeBase="/home/runner/work/BlazorBoy/BlazorBoy/src/GameBoy.Tests/bin/Debug/net8.0/GameBoy.Tests.dll" adapterTypeName="executor://xunit/VsTestRunner2/netcoreapp" className="GameBoy.Tests.CpuTests" name="Nop_DoesNothing" />
    </UnitTest>
    <UnitTest name="GameBoy.Tests.Integration.BlarggIntegrationTests.CpuInstrs_IndividualTests_ExecuteSuccessfully(romFile: &quot;04-op r,imm.gb&quot;, description: &quot;OP r,imm instruction test&quot;)" storage="/home/runner/work/blazorboy/blazorboy/src/gameboy.tests/bin/debug/net8.0/gameboy.tests.dll" id="04a38b26-ef2b-8230-c08d-98b5e4043b5d">
      <Execution id="aa001326-e636-45bf-8b28-e1fcb2f67d42" />
      <TestMethod codeBase="/home/runner/work/BlazorBoy/BlazorBoy/src/GameBoy.Tests/bin/Debug/net8.0/GameBoy.Tests.dll" adapterTypeName="executor://xunit/VsTestRunner2/netcoreapp" className="GameBoy.Tests.Integration.BlarggIntegrationTests" name="CpuInstrs_IndividualTests_ExecuteSuccessfully" />
    </UnitTest>
    <UnitTest name="GameBoy.Tests.InstructionGroupTests.CCF_ComplementsCarryFlag" storage="/home/runner/work/blazorboy/blazorboy/src/gameboy.tests/bin/debug/net8.0/gameboy.tests.dll" id="1245158d-276b-dcb2-79c3-0e2984619ba2">
      <Execution id="6e7e5989-8f0f-480f-a995-84ef9140fb9c" />
      <TestMethod codeBase="/home/runner/work/BlazorBoy/BlazorBoy/src/GameBoy.Tests/bin/Debug/net8.0/GameBoy.Tests.dll" adapterTypeName="executor://xunit/VsTestRunner2/netcoreapp" className="GameBoy.Tests.InstructionGroupTests" name="CCF_ComplementsCarryFlag" />
    </UnitTest>
    <UnitTest name="GameBoy.Tests.PaletteTests.ToRgba_ReturnsCorrectColors(colorValue: 3, expectedRgba: -15779825)" storage="/home/runner/work/blazorboy/blazorboy/src/gameboy.tests/bin/debug/net8.0/gameboy.tests.dll" id="f7a31abf-7989-bca1-7786-4a315e908b44">
      <Execution id="5d274cb3-16c1-4048-9ed9-07df0075aeb1" />
      <TestMethod codeBase="/home/runner/work/BlazorBoy/BlazorBoy/src/GameBoy.Tests/bin/Debug/net8.0/GameBoy.Tests.dll" adapterTypeName="executor://xunit/VsTestRunner2/netcoreapp" className="GameBoy.Tests.PaletteTests" name="ToRgba_ReturnsCorrectColors" />
    </UnitTest>
    <UnitTest name="GameBoy.Tests.Integration.CpuInstructionTests.LD_rr_d16_Loads16BitImmediate(opcode: 1)" storage="/home/runner/work/blazorboy/blazorboy/src/gameboy.tests/bin/debug/net8.0/gameboy.tests.dll" id="2eedd640-5574-7413-5cbf-cc6ea1251202">
      <Execution id="6257aa7e-aeaf-4791-91d9-65b4a6af4d6c" />
      <TestMethod codeBase="/home/runner/work/BlazorBoy/BlazorBoy/src/GameBoy.Tests/bin/Debug/net8.0/GameBoy.Tests.dll" adapterTypeName="executor://xunit/VsTestRunner2/netcoreapp" className="GameBoy.Tests.Integration.CpuInstructionTests" name="LD_rr_d16_Loads16BitImmediate" />
    </UnitTest>
    <UnitTest name="GameBoy.Tests.CartridgeMmuIntegrationTests.Mmu_LoadRom_DetectsCorrectCartridge" storage="/home/runner/work/blazorboy/blazorboy/src/gameboy.tests/bin/debug/net8.0/gameboy.tests.dll" id="b1a9a11f-fa15-53d6-5818-6df3c49e875c">
      <Execution id="b62d518d-8bdc-4798-be67-e5cef4291c7b" />
      <TestMethod codeBase="/home/runner/work/BlazorBoy/BlazorBoy/src/GameBoy.Tests/bin/Debug/net8.0/GameBoy.Tests.dll" adapterTypeName="executor://xunit/VsTestRunner2/netcoreapp" className="GameBoy.Tests.CartridgeMmuIntegrationTests" name="Mmu_LoadRom_DetectsCorrectCartridge" />
    </UnitTest>
    <UnitTest name="GameBoy.Tests.Integration.MooneyeInterruptTests.Mooneye_InterruptTests_ExecuteSuccessfully(category: &quot;interrupts&quot;, romFile: &quot;ld_hl_sp_e_timing.gb&quot;, description: &quot;LD HL,SP+e timing with interrupts&quot;)" storage="/home/runner/work/blazorboy/blazorboy/src/gameboy.tests/bin/debug/net8.0/gameboy.tests.dll" id="8cce5246-c386-896f-5dcd-6529b49455a8">
      <Execution id="7478665e-6d97-4a61-bf7e-c48f7e390965" />
      <TestMethod codeBase="/home/runner/work/BlazorBoy/BlazorBoy/src/GameBoy.Tests/bin/Debug/net8.0/GameBoy.Tests.dll" adapterTypeName="executor://xunit/VsTestRunner2/netcoreapp" className="GameBoy.Tests.Integration.MooneyeInterruptTests" name="Mooneye_InterruptTests_ExecuteSuccessfully" />
    </UnitTest>
    <UnitTest name="GameBoy.Tests.CartridgeHeaderTests.Title_HandlesNonPrintableCharacters" storage="/home/runner/work/blazorboy/blazorboy/src/gameboy.tests/bin/debug/net8.0/gameboy.tests.dll" id="ac5dac57-5554-f3f2-f689-14f493cf01cc">
      <Execution id="935b4078-0671-4c09-9d30-c41f811d1d28" />
      <TestMethod codeBase="/home/runner/work/BlazorBoy/BlazorBoy/src/GameBoy.Tests/bin/Debug/net8.0/GameBoy.Tests.dll" adapterTypeName="executor://xunit/VsTestRunner2/netcoreapp" className="GameBoy.Tests.CartridgeHeaderTests" name="Title_HandlesNonPrintableCharacters" />
    </UnitTest>
    <UnitTest name="GameBoy.Tests.PaletteTests.GetRgbaColor_CombinesMappingAndConversion(paletteValue: 27, colorIndex: 3, expectedRgba: -6571249)" storage="/home/runner/work/blazorboy/blazorboy/src/gameboy.tests/bin/debug/net8.0/gameboy.tests.dll" id="8aa6262c-1a0a-7297-4cb3-7b87a326f292">
      <Execution id="d7de7683-8768-43d1-ae72-6797bf84f1de" />
      <TestMethod codeBase="/home/runner/work/BlazorBoy/BlazorBoy/src/GameBoy.Tests/bin/Debug/net8.0/GameBoy.Tests.dll" adapterTypeName="executor://xunit/VsTestRunner2/netcoreapp" className="GameBoy.Tests.PaletteTests" name="GetRgbaColor_CombinesMappingAndConversion" />
    </UnitTest>
    <UnitTest name="GameBoy.Tests.CpuMmuIntegrationTests.HighRAM_Writing_WorksCorrectly" storage="/home/runner/work/blazorboy/blazorboy/src/gameboy.tests/bin/debug/net8.0/gameboy.tests.dll" id="eddf0bad-e1c8-420d-a75f-ecbcc536307d">
      <Execution id="4ecdc2f1-695e-4be3-a627-0e4303db71ae" />
      <TestMethod codeBase="/home/runner/work/BlazorBoy/BlazorBoy/src/GameBoy.Tests/bin/Debug/net8.0/GameBoy.Tests.dll" adapterTypeName="executor://xunit/VsTestRunner2/netcoreapp" className="GameBoy.Tests.CpuMmuIntegrationTests" name="HighRAM_Writing_WorksCorrectly" />
    </UnitTest>
    <UnitTest name="GameBoy.Tests.InterruptServiceRoutineTests.InterruptService_StackEdgeCase_NearBoundary" storage="/home/runner/work/blazorboy/blazorboy/src/gameboy.tests/bin/debug/net8.0/gameboy.tests.dll" id="99cc2b30-170c-0914-abad-c7749bfc1fcc">
      <Execution id="de077a63-e36a-4152-8748-8cef76430be0" />
      <TestMethod codeBase="/home/runner/work/BlazorBoy/BlazorBoy/src/GameBoy.Tests/bin/Debug/net8.0/GameBoy.Tests.dll" adapterTypeName="executor://xunit/VsTestRunner2/netcoreapp" className="GameBoy.Tests.InterruptServiceRoutineTests" name="InterruptService_StackEdgeCase_NearBoundary" />
    </UnitTest>
    <UnitTest name="GameBoy.Tests.CartridgeHeaderTests.Title_HandlesEmptyTitle" storage="/home/runner/work/blazorboy/blazorboy/src/gameboy.tests/bin/debug/net8.0/gameboy.tests.dll" id="eb6b7236-545c-f4c6-b413-b1678db3c1b8">
      <Execution id="c25c8ff4-3102-4c11-b02a-7b9b16ad0740" />
      <TestMethod codeBase="/home/runner/work/BlazorBoy/BlazorBoy/src/GameBoy.Tests/bin/Debug/net8.0/GameBoy.Tests.dll" adapterTypeName="executor://xunit/VsTestRunner2/netcoreapp" className="GameBoy.Tests.CartridgeHeaderTests" name="Title_HandlesEmptyTitle" />
    </UnitTest>
    <UnitTest name="GameBoy.Tests.MmuTests.Unstubbed_IORegisters_ReadAs0xFF" storage="/home/runner/work/blazorboy/blazorboy/src/gameboy.tests/bin/debug/net8.0/gameboy.tests.dll" id="3fce3dfd-c2dc-3773-5e41-3be0911fdc6e">
      <Execution id="60740ca7-4354-4b11-a489-9cf8a87732cb" />
      <TestMethod codeBase="/home/runner/work/BlazorBoy/BlazorBoy/src/GameBoy.Tests/bin/Debug/net8.0/GameBoy.Tests.dll" adapterTypeName="executor://xunit/VsTestRunner2/netcoreapp" className="GameBoy.Tests.MmuTests" name="Unstubbed_IORegisters_ReadAs0xFF" />
    </UnitTest>
    <UnitTest name="GameBoy.Tests.TimerTests.TIMA_OverflowReloadsFromTMAAndRequestsInterrupt" storage="/home/runner/work/blazorboy/blazorboy/src/gameboy.tests/bin/debug/net8.0/gameboy.tests.dll" id="ef252df8-8016-be03-9a16-94c030d571d8">
      <Execution id="08199190-9b3b-4f2e-9f3f-6ea6a7579c8c" />
      <TestMethod codeBase="/home/runner/work/BlazorBoy/BlazorBoy/src/GameBoy.Tests/bin/Debug/net8.0/GameBoy.Tests.dll" adapterTypeName="executor://xunit/VsTestRunner2/netcoreapp" className="GameBoy.Tests.TimerTests" name="TIMA_OverflowReloadsFromTMAAndRequestsInterrupt" />
    </UnitTest>
    <UnitTest name="GameBoy.Tests.InstructionTimingTests.RelativeJumpNotTaken_Takes8Cycles" storage="/home/runner/work/blazorboy/blazorboy/src/gameboy.tests/bin/debug/net8.0/gameboy.tests.dll" id="e3765827-2a9c-b31f-8012-84446cac41a0">
      <Execution id="f772857d-01b7-4871-8436-aa73865698d2" />
      <TestMethod codeBase="/home/runner/work/BlazorBoy/BlazorBoy/src/GameBoy.Tests/bin/Debug/net8.0/GameBoy.Tests.dll" adapterTypeName="executor://xunit/VsTestRunner2/netcoreapp" className="GameBoy.Tests.InstructionTimingTests" name="RelativeJumpNotTaken_Takes8Cycles" />
    </UnitTest>
    <UnitTest name="GameBoy.Tests.Integration.BlarggInterruptTests.Blargg_MasterInterruptSuite_ExecutesSuccessfully" storage="/home/runner/work/blazorboy/blazorboy/src/gameboy.tests/bin/debug/net8.0/gameboy.tests.dll" id="20ea08c8-8b04-7d20-054d-e7de8a3eb9f3">
      <Execution id="b0a268fd-d6c2-4bbb-95d1-25f1c86999ce" />
      <TestMethod codeBase="/home/runner/work/BlazorBoy/BlazorBoy/src/GameBoy.Tests/bin/Debug/net8.0/GameBoy.Tests.dll" adapterTypeName="executor://xunit/VsTestRunner2/netcoreapp" className="GameBoy.Tests.Integration.BlarggInterruptTests" name="Blargg_MasterInterruptSuite_ExecutesSuccessfully" />
    </UnitTest>
    <UnitTest name="GameBoy.Tests.CpuAddressingTests.ReadHighImm8_ReadsFromHighRAMPlusImmediateValue" storage="/home/runner/work/blazorboy/blazorboy/src/gameboy.tests/bin/debug/net8.0/gameboy.tests.dll" id="dec00889-2e21-64f2-59d7-4a4cf95b0615">
      <Execution id="ca9ef89c-20bf-48e7-9cc9-1cb59f086ebd" />
      <TestMethod codeBase="/home/runner/work/BlazorBoy/BlazorBoy/src/GameBoy.Tests/bin/Debug/net8.0/GameBoy.Tests.dll" adapterTypeName="executor://xunit/VsTestRunner2/netcoreapp" className="GameBoy.Tests.CpuAddressingTests" name="ReadHighImm8_ReadsFromHighRAMPlusImmediateValue" />
    </UnitTest>
    <UnitTest name="GameBoy.Tests.CpuAddressingTests.GetR8_ThrowsForReservedIndex" storage="/home/runner/work/blazorboy/blazorboy/src/gameboy.tests/bin/debug/net8.0/gameboy.tests.dll" id="8501c1ff-99df-e43e-04d1-1abd761272e3">
      <Execution id="e7e9d6f7-bbd1-4aeb-a67c-6c1ad13e0203" />
      <TestMethod codeBase="/home/runner/work/BlazorBoy/BlazorBoy/src/GameBoy.Tests/bin/Debug/net8.0/GameBoy.Tests.dll" adapterTypeName="executor://xunit/VsTestRunner2/netcoreapp" className="GameBoy.Tests.CpuAddressingTests" name="GetR8_ThrowsForReservedIndex" />
    </UnitTest>
    <UnitTest name="GameBoy.Tests.MmuTests.WriteWord_LittleEndian" storage="/home/runner/work/blazorboy/blazorboy/src/gameboy.tests/bin/debug/net8.0/gameboy.tests.dll" id="925ace13-a21f-4713-d4c7-21a444f757ef">
      <Execution id="4b33b69b-e25a-483a-a65e-35ffb6fb342e" />
      <TestMethod codeBase="/home/runner/work/BlazorBoy/BlazorBoy/src/GameBoy.Tests/bin/Debug/net8.0/GameBoy.Tests.dll" adapterTypeName="executor://xunit/VsTestRunner2/netcoreapp" className="GameBoy.Tests.MmuTests" name="WriteWord_LittleEndian" />
    </UnitTest>
    <UnitTest name="GameBoy.Tests.SpriteTests.ScreenY_ReturnsCorrectPosition(y: 0, expectedScreenY: -16)" storage="/home/runner/work/blazorboy/blazorboy/src/gameboy.tests/bin/debug/net8.0/gameboy.tests.dll" id="2f1329a7-d73b-3ac2-d98e-41606f9c434c">
      <Execution id="826a79b2-b21f-4a9e-8301-1f3f68544958" />
      <TestMethod codeBase="/home/runner/work/BlazorBoy/BlazorBoy/src/GameBoy.Tests/bin/Debug/net8.0/GameBoy.Tests.dll" adapterTypeName="executor://xunit/VsTestRunner2/netcoreapp" className="GameBoy.Tests.SpriteTests" name="ScreenY_ReturnsCorrectPosition" />
    </UnitTest>
    <UnitTest name="GameBoy.Tests.InstructionTimingTests.ConditionalReturnNotTaken_Takes8Cycles" storage="/home/runner/work/blazorboy/blazorboy/src/gameboy.tests/bin/debug/net8.0/gameboy.tests.dll" id="0a850e22-baaa-80a1-6a29-3a2a4a82459e">
      <Execution id="10108b6e-44ff-4b0d-bece-84d8b55430e2" />
      <TestMethod codeBase="/home/runner/work/BlazorBoy/BlazorBoy/src/GameBoy.Tests/bin/Debug/net8.0/GameBoy.Tests.dll" adapterTypeName="executor://xunit/VsTestRunner2/netcoreapp" className="GameBoy.Tests.InstructionTimingTests" name="ConditionalReturnNotTaken_Takes8Cycles" />
    </UnitTest>
    <UnitTest name="GameBoy.Tests.MmuTests.IE_RegisterSemantics_Full8BitReadWrite" storage="/home/runner/work/blazorboy/blazorboy/src/gameboy.tests/bin/debug/net8.0/gameboy.tests.dll" id="83a2a8f8-10a0-63f7-9572-5acd26c91a73">
      <Execution id="1d1f8e33-052a-4932-a625-bc68e33b4b29" />
      <TestMethod codeBase="/home/runner/work/BlazorBoy/BlazorBoy/src/GameBoy.Tests/bin/Debug/net8.0/GameBoy.Tests.dll" adapterTypeName="executor://xunit/VsTestRunner2/netcoreapp" className="GameBoy.Tests.MmuTests" name="IE_RegisterSemantics_Full8BitReadWrite" />
    </UnitTest>
    <UnitTest name="GameBoy.Tests.CartridgeTests.Detect_Tama5_ThrowsNotSupportedException" storage="/home/runner/work/blazorboy/blazorboy/src/gameboy.tests/bin/debug/net8.0/gameboy.tests.dll" id="2688697e-d89d-3238-8e63-78a55baae666">
      <Execution id="de40e415-7e6e-44de-83ec-ac45c9c85906" />
      <TestMethod codeBase="/home/runner/work/BlazorBoy/BlazorBoy/src/GameBoy.Tests/bin/Debug/net8.0/GameBoy.Tests.dll" adapterTypeName="executor://xunit/VsTestRunner2/netcoreapp" className="GameBoy.Tests.CartridgeTests" name="Detect_Tama5_ThrowsNotSupportedException" />
    </UnitTest>
    <UnitTest name="GameBoy.Tests.InterruptIntegrationTests.Serial_StepWithoutTransfer_DoesNotRequestInterrupt" storage="/home/runner/work/blazorboy/blazorboy/src/gameboy.tests/bin/debug/net8.0/gameboy.tests.dll" id="78d7735b-f47c-e871-04de-56a9a7e2c35c">
      <Execution id="80aa08d0-6610-43f9-94c7-0b569788ef84" />
      <TestMethod codeBase="/home/runner/work/BlazorBoy/BlazorBoy/src/GameBoy.Tests/bin/Debug/net8.0/GameBoy.Tests.dll" adapterTypeName="executor://xunit/VsTestRunner2/netcoreapp" className="GameBoy.Tests.InterruptIntegrationTests" name="Serial_StepWithoutTransfer_DoesNotRequestInterrupt" />
    </UnitTest>
    <UnitTest name="GameBoy.Tests.SpriteTests.Constructor_WithInvalidOamData_ThrowsException(oamData: null, offset: 0)" storage="/home/runner/work/blazorboy/blazorboy/src/gameboy.tests/bin/debug/net8.0/gameboy.tests.dll" id="a080c95f-4132-dfa8-8454-1e0eca69eec8">
      <Execution id="f580774f-a591-4cfe-b2d2-e8edc4c7b074" />
      <TestMethod codeBase="/home/runner/work/BlazorBoy/BlazorBoy/src/GameBoy.Tests/bin/Debug/net8.0/GameBoy.Tests.dll" adapterTypeName="executor://xunit/VsTestRunner2/netcoreapp" className="GameBoy.Tests.SpriteTests" name="Constructor_WithInvalidOamData_ThrowsException" />
    </UnitTest>
    <UnitTest name="GameBoy.Tests.AluTests.Add_HalfCarryBoundary_CorrectFlags" storage="/home/runner/work/blazorboy/blazorboy/src/gameboy.tests/bin/debug/net8.0/gameboy.tests.dll" id="b942a944-0529-1d1d-8c96-e0b3d1d7729e">
      <Execution id="78567871-a2e8-4cee-b5c1-f2fd7cf188ca" />
      <TestMethod codeBase="/home/runner/work/BlazorBoy/BlazorBoy/src/GameBoy.Tests/bin/Debug/net8.0/GameBoy.Tests.dll" adapterTypeName="executor://xunit/VsTestRunner2/netcoreapp" className="GameBoy.Tests.AluTests" name="Add_HalfCarryBoundary_CorrectFlags" />
    </UnitTest>
    <UnitTest name="GameBoy.Tests.Integration.MooneyeInterruptTests.Mooneye_InterruptTests_ExecuteSuccessfully(category: &quot;interrupts&quot;, romFile: &quot;ret_cc_timing.gb&quot;, description: &quot;RET condition code timing with interrupts&quot;)" storage="/home/runner/work/blazorboy/blazorboy/src/gameboy.tests/bin/debug/net8.0/gameboy.tests.dll" id="106cb391-7826-d136-23bc-f103d0e4c9d5">
      <Execution id="c602cbf7-aac9-4022-957f-0de2bed5950d" />
      <TestMethod codeBase="/home/runner/work/BlazorBoy/BlazorBoy/src/GameBoy.Tests/bin/Debug/net8.0/GameBoy.Tests.dll" adapterTypeName="executor://xunit/VsTestRunner2/netcoreapp" className="GameBoy.Tests.Integration.MooneyeInterruptTests" name="Mooneye_InterruptTests_ExecuteSuccessfully" />
    </UnitTest>
    <UnitTest name="GameBoy.Tests.InterruptServiceRoutineTests.HALT_WakesUpOnInterrupt_EvenIfIMEDisabled" storage="/home/runner/work/blazorboy/blazorboy/src/gameboy.tests/bin/debug/net8.0/gameboy.tests.dll" id="b0362321-4e5e-da8a-2a98-f400a3bb5b31">
      <Execution id="7b9deb4a-3fc5-4e2a-89ec-4e427bc2e669" />
      <TestMethod codeBase="/home/runner/work/BlazorBoy/BlazorBoy/src/GameBoy.Tests/bin/Debug/net8.0/GameBoy.Tests.dll" adapterTypeName="executor://xunit/VsTestRunner2/netcoreapp" className="GameBoy.Tests.InterruptServiceRoutineTests" name="HALT_WakesUpOnInterrupt_EvenIfIMEDisabled" />
    </UnitTest>
    <UnitTest name="GameBoy.Tests.Integration.BlarggIntegrationTests.Mem_Timing2_ExecutesSuccessfully" storage="/home/runner/work/blazorboy/blazorboy/src/gameboy.tests/bin/debug/net8.0/gameboy.tests.dll" id="6c5a8f54-fef1-8ea7-91b9-a27bc1b602dc">
      <Execution id="95fa3e60-2feb-41f5-979c-d0447fd6d5d5" />
      <TestMethod codeBase="/home/runner/work/BlazorBoy/BlazorBoy/src/GameBoy.Tests/bin/Debug/net8.0/GameBoy.Tests.dll" adapterTypeName="executor://xunit/VsTestRunner2/netcoreapp" className="GameBoy.Tests.Integration.BlarggIntegrationTests" name="Mem_Timing2_ExecutesSuccessfully" />
    </UnitTest>
    <UnitTest name="GameBoy.Tests.CartridgeTests.Detect_UnsupportedMbc_ThrowsException" storage="/home/runner/work/blazorboy/blazorboy/src/gameboy.tests/bin/debug/net8.0/gameboy.tests.dll" id="7d9a2542-8cef-fad7-de35-9026b458bae7">
      <Execution id="48fdfc28-7e4f-4e13-8f7d-a1ce0f979726" />
      <TestMethod codeBase="/home/runner/work/BlazorBoy/BlazorBoy/src/GameBoy.Tests/bin/Debug/net8.0/GameBoy.Tests.dll" adapterTypeName="executor://xunit/VsTestRunner2/netcoreapp" className="GameBoy.Tests.CartridgeTests" name="Detect_UnsupportedMbc_ThrowsException" />
    </UnitTest>
    <UnitTest name="GameBoy.Tests.AluTests.And_NonZeroResult_CorrectFlags" storage="/home/runner/work/blazorboy/blazorboy/src/gameboy.tests/bin/debug/net8.0/gameboy.tests.dll" id="4d4917df-13af-b6db-e6aa-bf414105029e">
      <Execution id="e6ea1b20-61af-456f-8461-3fc50ec038ff" />
      <TestMethod codeBase="/home/runner/work/BlazorBoy/BlazorBoy/src/GameBoy.Tests/bin/Debug/net8.0/GameBoy.Tests.dll" adapterTypeName="executor://xunit/VsTestRunner2/netcoreapp" className="GameBoy.Tests.AluTests" name="And_NonZeroResult_CorrectFlags" />
    </UnitTest>
    <UnitTest name="GameBoy.Tests.PaletteTests.ImplicitConversion_FromByte_Works" storage="/home/runner/work/blazorboy/blazorboy/src/gameboy.tests/bin/debug/net8.0/gameboy.tests.dll" id="97d20852-f23b-f8e7-dbbb-67fa520ed25f">
      <Execution id="3beb4ef0-8428-4025-8a4c-11fa2be3cbaa" />
      <TestMethod codeBase="/home/runner/work/BlazorBoy/BlazorBoy/src/GameBoy.Tests/bin/Debug/net8.0/GameBoy.Tests.dll" adapterTypeName="executor://xunit/VsTestRunner2/netcoreapp" className="GameBoy.Tests.PaletteTests" name="ImplicitConversion_FromByte_Works" />
    </UnitTest>
    <UnitTest name="GameBoy.Tests.LcdcTests.LcdEnable_ReturnsCorrectValue(value: 255, expected: True)" storage="/home/runner/work/blazorboy/blazorboy/src/gameboy.tests/bin/debug/net8.0/gameboy.tests.dll" id="b8b89739-4d00-dc9f-e34c-53a74d9f164b">
      <Execution id="1229e1b7-2dad-4153-a45e-7235a9a9c9f6" />
      <TestMethod codeBase="/home/runner/work/BlazorBoy/BlazorBoy/src/GameBoy.Tests/bin/Debug/net8.0/GameBoy.Tests.dll" adapterTypeName="executor://xunit/VsTestRunner2/netcoreapp" className="GameBoy.Tests.LcdcTests" name="LcdEnable_ReturnsCorrectValue" />
    </UnitTest>
    <UnitTest name="GameBoy.Tests.Mbc3Tests.ReadRom_Bank0_ReadsFromFixedBank" storage="/home/runner/work/blazorboy/blazorboy/src/gameboy.tests/bin/debug/net8.0/gameboy.tests.dll" id="d52bd06f-905d-5b25-a3dc-e931e3543ff5">
      <Execution id="f1406f49-cd43-4247-b1e3-ede95efb2737" />
      <TestMethod codeBase="/home/runner/work/BlazorBoy/BlazorBoy/src/GameBoy.Tests/bin/Debug/net8.0/GameBoy.Tests.dll" adapterTypeName="executor://xunit/VsTestRunner2/netcoreapp" className="GameBoy.Tests.Mbc3Tests" name="ReadRom_Bank0_ReadsFromFixedBank" />
    </UnitTest>
    <UnitTest name="GameBoy.Tests.MmuTests.PPU_Registers_WriteAndRead" storage="/home/runner/work/blazorboy/blazorboy/src/gameboy.tests/bin/debug/net8.0/gameboy.tests.dll" id="31a2cd14-3018-c3a0-d56c-722448a85c38">
      <Execution id="8e433a51-7860-4e0a-b3e7-0668a72a8dd5" />
      <TestMethod codeBase="/home/runner/work/BlazorBoy/BlazorBoy/src/GameBoy.Tests/bin/Debug/net8.0/GameBoy.Tests.dll" adapterTypeName="executor://xunit/VsTestRunner2/netcoreapp" className="GameBoy.Tests.MmuTests" name="PPU_Registers_WriteAndRead" />
    </UnitTest>
    <UnitTest name="GameBoy.Tests.Integration.MooneyeInterruptTests.Mooneye_PPUInterruptTests_ExecuteSuccessfully(category: &quot;ppu&quot;, romFile: &quot;lcdon_timing-GS.gb&quot;, description: &quot;LCD ON timing interrupt test&quot;)" storage="/home/runner/work/blazorboy/blazorboy/src/gameboy.tests/bin/debug/net8.0/gameboy.tests.dll" id="c03d9e22-cedd-0331-a5d9-e0b130b03a7b">
      <Execution id="e9ebbb52-41fc-439f-8d8d-8c5d10fdf223" />
      <TestMethod codeBase="/home/runner/work/BlazorBoy/BlazorBoy/src/GameBoy.Tests/bin/Debug/net8.0/GameBoy.Tests.dll" adapterTypeName="executor://xunit/VsTestRunner2/netcoreapp" className="GameBoy.Tests.Integration.MooneyeInterruptTests" name="Mooneye_PPUInterruptTests_ExecuteSuccessfully" />
    </UnitTest>
    <UnitTest name="GameBoy.Tests.InterruptControllerTests.Constructor_InitializesWithDefaultValues" storage="/home/runner/work/blazorboy/blazorboy/src/gameboy.tests/bin/debug/net8.0/gameboy.tests.dll" id="e4fff357-d03c-5a19-9217-4c3ce7b54408">
      <Execution id="caef75a4-a762-4345-a680-f3fa1b9f5cff" />
      <TestMethod codeBase="/home/runner/work/BlazorBoy/BlazorBoy/src/GameBoy.Tests/bin/Debug/net8.0/GameBoy.Tests.dll" adapterTypeName="executor://xunit/VsTestRunner2/netcoreapp" className="GameBoy.Tests.InterruptControllerTests" name="Constructor_InitializesWithDefaultValues" />
    </UnitTest>
    <UnitTest name="GameBoy.Tests.CartridgeTests.Detect_NullRom_ThrowsArgumentException" storage="/home/runner/work/blazorboy/blazorboy/src/gameboy.tests/bin/debug/net8.0/gameboy.tests.dll" id="5d9df125-8a39-59f2-6303-c01c771a22b9">
      <Execution id="42ac4516-bffb-45d7-9dd6-4359e1be77a4" />
      <TestMethod codeBase="/home/runner/work/BlazorBoy/BlazorBoy/src/GameBoy.Tests/bin/Debug/net8.0/GameBoy.Tests.dll" adapterTypeName="executor://xunit/VsTestRunner2/netcoreapp" className="GameBoy.Tests.CartridgeTests" name="Detect_NullRom_ThrowsArgumentException" />
    </UnitTest>
    <UnitTest name="GameBoy.Tests.CartridgeTests.Detect_AllMbc1Variants_ReturnsCorrectCartridge(cartridgeType: 3)" storage="/home/runner/work/blazorboy/blazorboy/src/gameboy.tests/bin/debug/net8.0/gameboy.tests.dll" id="e9dd6e02-63bd-b5c1-f963-b4c256130de1">
      <Execution id="79b9d3c4-9893-457b-9d09-9575b3b0afe8" />
      <TestMethod codeBase="/home/runner/work/BlazorBoy/BlazorBoy/src/GameBoy.Tests/bin/Debug/net8.0/GameBoy.Tests.dll" adapterTypeName="executor://xunit/VsTestRunner2/netcoreapp" className="GameBoy.Tests.CartridgeTests" name="Detect_AllMbc1Variants_ReturnsCorrectCartridge" />
    </UnitTest>
    <UnitTest name="GameBoy.Tests.LcdcTests.WindowEnable_ReturnsCorrectValue(value: 0, expected: False)" storage="/home/runner/work/blazorboy/blazorboy/src/gameboy.tests/bin/debug/net8.0/gameboy.tests.dll" id="a99bf4e7-f033-ee5e-346e-e1374518cb9f">
      <Execution id="27dc514d-0cb0-4c2b-9113-912cf546b18e" />
      <TestMethod codeBase="/home/runner/work/BlazorBoy/BlazorBoy/src/GameBoy.Tests/bin/Debug/net8.0/GameBoy.Tests.dll" adapterTypeName="executor://xunit/VsTestRunner2/netcoreapp" className="GameBoy.Tests.LcdcTests" name="WindowEnable_ReturnsCorrectValue" />
    </UnitTest>
    <UnitTest name="GameBoy.Tests.LcdcTests.SpriteHeight_ReturnsCorrectValue(value: 4, expected: 16)" storage="/home/runner/work/blazorboy/blazorboy/src/gameboy.tests/bin/debug/net8.0/gameboy.tests.dll" id="aa9051ec-8055-9c3c-2294-6a6a02e3681b">
      <Execution id="3ff23391-c11f-468d-b03a-87776c6c2c80" />
      <TestMethod codeBase="/home/runner/work/BlazorBoy/BlazorBoy/src/GameBoy.Tests/bin/Debug/net8.0/GameBoy.Tests.dll" adapterTypeName="executor://xunit/VsTestRunner2/netcoreapp" className="GameBoy.Tests.LcdcTests" name="SpriteHeight_ReturnsCorrectValue" />
    </UnitTest>
    <UnitTest name="GameBoy.Tests.AluTests.AddWithCarry_CarryInCausesOverflow" storage="/home/runner/work/blazorboy/blazorboy/src/gameboy.tests/bin/debug/net8.0/gameboy.tests.dll" id="50a9db97-c4ae-2cab-3c13-bfa335de1e80">
      <Execution id="a62ff578-8db2-401d-84b9-0d528acb87eb" />
      <TestMethod codeBase="/home/runner/work/BlazorBoy/BlazorBoy/src/GameBoy.Tests/bin/Debug/net8.0/GameBoy.Tests.dll" adapterTypeName="executor://xunit/VsTestRunner2/netcoreapp" className="GameBoy.Tests.AluTests" name="AddWithCarry_CarryInCausesOverflow" />
    </UnitTest>
    <UnitTest name="GameBoy.Tests.TimerBlarggTests.BlarggTimer_Test01_TimerOff" storage="/home/runner/work/blazorboy/blazorboy/src/gameboy.tests/bin/debug/net8.0/gameboy.tests.dll" id="9195e7f9-77eb-9049-019a-3844d068d29d">
      <Execution id="67b902a4-c873-4044-9ddd-4a58532eab1f" />
      <TestMethod codeBase="/home/runner/work/BlazorBoy/BlazorBoy/src/GameBoy.Tests/bin/Debug/net8.0/GameBoy.Tests.dll" adapterTypeName="executor://xunit/VsTestRunner2/netcoreapp" className="GameBoy.Tests.TimerBlarggTests" name="BlarggTimer_Test01_TimerOff" />
    </UnitTest>
    <UnitTest name="GameBoy.Tests.IoRegionWiringTests.UnusedIoRegisters_ReturnOxFFOnRead" storage="/home/runner/work/blazorboy/blazorboy/src/gameboy.tests/bin/debug/net8.0/gameboy.tests.dll" id="ee26ecca-a807-3cac-eb05-97de07cb7248">
      <Execution id="17c94ae6-b84c-4e40-adf4-2dbffadca4c1" />
      <TestMethod codeBase="/home/runner/work/BlazorBoy/BlazorBoy/src/GameBoy.Tests/bin/Debug/net8.0/GameBoy.Tests.dll" adapterTypeName="executor://xunit/VsTestRunner2/netcoreapp" className="GameBoy.Tests.IoRegionWiringTests" name="UnusedIoRegisters_ReturnOxFFOnRead" />
    </UnitTest>
    <UnitTest name="GameBoy.Tests.CycleAccuracyValidationTests.AllLoadRegisterToRegister_Take4Cycles" storage="/home/runner/work/blazorboy/blazorboy/src/gameboy.tests/bin/debug/net8.0/gameboy.tests.dll" id="d4dc003e-0824-a19f-90aa-5b4fbc46becc">
      <Execution id="887044d1-915d-407b-bcbc-2e5aa6729b68" />
      <TestMethod codeBase="/home/runner/work/BlazorBoy/BlazorBoy/src/GameBoy.Tests/bin/Debug/net8.0/GameBoy.Tests.dll" adapterTypeName="executor://xunit/VsTestRunner2/netcoreapp" className="GameBoy.Tests.CycleAccuracyValidationTests" name="AllLoadRegisterToRegister_Take4Cycles" />
    </UnitTest>
    <UnitTest name="GameBoy.Tests.LcdcTests.ObjSize_ReturnsCorrectValue(value: 0, expected: False)" storage="/home/runner/work/blazorboy/blazorboy/src/gameboy.tests/bin/debug/net8.0/gameboy.tests.dll" id="83befb45-4146-7cfb-b79f-3a0176d00a35">
      <Execution id="f3ed5d8d-f837-41e8-8062-ad02a8c5e733" />
      <TestMethod codeBase="/home/runner/work/BlazorBoy/BlazorBoy/src/GameBoy.Tests/bin/Debug/net8.0/GameBoy.Tests.dll" adapterTypeName="executor://xunit/VsTestRunner2/netcoreapp" className="GameBoy.Tests.LcdcTests" name="ObjSize_ReturnsCorrectValue" />
    </UnitTest>
    <UnitTest name="GameBoy.Tests.InterruptServiceRoutineTests.EI_DelayWithDifferentInstructions" storage="/home/runner/work/blazorboy/blazorboy/src/gameboy.tests/bin/debug/net8.0/gameboy.tests.dll" id="83ca2a4c-17e7-69af-1868-b75efa2e12fb">
      <Execution id="9d348206-9c35-46ff-afed-db99c118b8e5" />
      <TestMethod codeBase="/home/runner/work/BlazorBoy/BlazorBoy/src/GameBoy.Tests/bin/Debug/net8.0/GameBoy.Tests.dll" adapterTypeName="executor://xunit/VsTestRunner2/netcoreapp" className="GameBoy.Tests.InterruptServiceRoutineTests" name="EI_DelayWithDifferentInstructions" />
    </UnitTest>
    <UnitTest name="GameBoy.Tests.InstructionGroupTests.INC_HL_Memory_IncrementsMemoryValue" storage="/home/runner/work/blazorboy/blazorboy/src/gameboy.tests/bin/debug/net8.0/gameboy.tests.dll" id="d567076a-3ac5-41ab-0198-cd65adda5111">
      <Execution id="c6731386-0ec3-4cc0-9a54-dcb536262d96" />
      <TestMethod codeBase="/home/runner/work/BlazorBoy/BlazorBoy/src/GameBoy.Tests/bin/Debug/net8.0/GameBoy.Tests.dll" adapterTypeName="executor://xunit/VsTestRunner2/netcoreapp" className="GameBoy.Tests.InstructionGroupTests" name="INC_HL_Memory_IncrementsMemoryValue" />
    </UnitTest>
    <UnitTest name="GameBoy.Tests.InterruptControllerTests.IF_IE_PartialMaskingScenarios" storage="/home/runner/work/blazorboy/blazorboy/src/gameboy.tests/bin/debug/net8.0/gameboy.tests.dll" id="70229db9-54fe-4572-3355-d3dc3b4c6a35">
      <Execution id="8b6fc921-842b-4a1f-b1ba-c5c6ed0cf73e" />
      <TestMethod codeBase="/home/runner/work/BlazorBoy/BlazorBoy/src/GameBoy.Tests/bin/Debug/net8.0/GameBoy.Tests.dll" adapterTypeName="executor://xunit/VsTestRunner2/netcoreapp" className="GameBoy.Tests.InterruptControllerTests" name="IF_IE_PartialMaskingScenarios" />
    </UnitTest>
    <UnitTest name="GameBoy.Tests.DmaTests.DMA_Timing_CompletesWithExcessCycles" storage="/home/runner/work/blazorboy/blazorboy/src/gameboy.tests/bin/debug/net8.0/gameboy.tests.dll" id="4bcd09b3-9a73-612d-efae-d4c2e30c2415">
      <Execution id="2fb4e736-b921-4c46-abd1-35821dcbbad7" />
      <TestMethod codeBase="/home/runner/work/BlazorBoy/BlazorBoy/src/GameBoy.Tests/bin/Debug/net8.0/GameBoy.Tests.dll" adapterTypeName="executor://xunit/VsTestRunner2/netcoreapp" className="GameBoy.Tests.DmaTests" name="DMA_Timing_CompletesWithExcessCycles" />
    </UnitTest>
    <UnitTest name="GameBoy.Tests.InstructionGroupTests.CB_RLC_B_RotatesLeftCircular" storage="/home/runner/work/blazorboy/blazorboy/src/gameboy.tests/bin/debug/net8.0/gameboy.tests.dll" id="2275ac94-8aca-2c08-a26a-d958344250af">
      <Execution id="2c8f86e2-8008-412d-bc97-49d8977178a8" />
      <TestMethod codeBase="/home/runner/work/BlazorBoy/BlazorBoy/src/GameBoy.Tests/bin/Debug/net8.0/GameBoy.Tests.dll" adapterTypeName="executor://xunit/VsTestRunner2/netcoreapp" className="GameBoy.Tests.InstructionGroupTests" name="CB_RLC_B_RotatesLeftCircular" />
    </UnitTest>
    <UnitTest name="GameBoy.Tests.CpuAddressingTests.WriteBC_WritesToBCAddress" storage="/home/runner/work/blazorboy/blazorboy/src/gameboy.tests/bin/debug/net8.0/gameboy.tests.dll" id="9216678b-2400-5aed-087d-303a46d8d2e2">
      <Execution id="65b809d9-0b89-4ebc-ba12-9d697c5d0d5a" />
      <TestMethod codeBase="/home/runner/work/BlazorBoy/BlazorBoy/src/GameBoy.Tests/bin/Debug/net8.0/GameBoy.Tests.dll" adapterTypeName="executor://xunit/VsTestRunner2/netcoreapp" className="GameBoy.Tests.CpuAddressingTests" name="WriteBC_WritesToBCAddress" />
    </UnitTest>
    <UnitTest name="GameBoy.Tests.LcdcTests.LcdEnable_ReturnsCorrectValue(value: 128, expected: True)" storage="/home/runner/work/blazorboy/blazorboy/src/gameboy.tests/bin/debug/net8.0/gameboy.tests.dll" id="b0543b7c-7812-fa58-fd5c-ec173809dd03">
      <Execution id="041e6506-21d9-49ce-8081-a7b981018a65" />
      <TestMethod codeBase="/home/runner/work/BlazorBoy/BlazorBoy/src/GameBoy.Tests/bin/Debug/net8.0/GameBoy.Tests.dll" adapterTypeName="executor://xunit/VsTestRunner2/netcoreapp" className="GameBoy.Tests.LcdcTests" name="LcdEnable_ReturnsCorrectValue" />
    </UnitTest>
    <UnitTest name="GameBoy.Tests.LcdcTests.LcdEnable_ReturnsCorrectValue(value: 127, expected: False)" storage="/home/runner/work/blazorboy/blazorboy/src/gameboy.tests/bin/debug/net8.0/gameboy.tests.dll" id="1a9738b0-6c90-85ba-61d9-83d486d24f99">
      <Execution id="8c78f8d6-1fa6-49b4-9a83-3626f22d06a1" />
      <TestMethod codeBase="/home/runner/work/BlazorBoy/BlazorBoy/src/GameBoy.Tests/bin/Debug/net8.0/GameBoy.Tests.dll" adapterTypeName="executor://xunit/VsTestRunner2/netcoreapp" className="GameBoy.Tests.LcdcTests" name="LcdEnable_ReturnsCorrectValue" />
    </UnitTest>
    <UnitTest name="GameBoy.Tests.CartridgeHeaderTests.RomSize_InvalidCodes_DefaultsTo32KB(code: 85)" storage="/home/runner/work/blazorboy/blazorboy/src/gameboy.tests/bin/debug/net8.0/gameboy.tests.dll" id="bb65a884-d37a-bdc9-a63d-7b9d786807d1">
      <Execution id="de1135b5-bd02-4de3-95cd-237768d0dcb0" />
      <TestMethod codeBase="/home/runner/work/BlazorBoy/BlazorBoy/src/GameBoy.Tests/bin/Debug/net8.0/GameBoy.Tests.dll" adapterTypeName="executor://xunit/VsTestRunner2/netcoreapp" className="GameBoy.Tests.CartridgeHeaderTests" name="RomSize_InvalidCodes_DefaultsTo32KB" />
    </UnitTest>
    <UnitTest name="GameBoy.Tests.InstructionTimingTests.PopRegister_Takes12Cycles" storage="/home/runner/work/blazorboy/blazorboy/src/gameboy.tests/bin/debug/net8.0/gameboy.tests.dll" id="a49f1c43-0c18-42dd-a71b-57f89d522d11">
      <Execution id="0cddb053-6a07-4241-b5d2-7b1d6f8007d8" />
      <TestMethod codeBase="/home/runner/work/BlazorBoy/BlazorBoy/src/GameBoy.Tests/bin/Debug/net8.0/GameBoy.Tests.dll" adapterTypeName="executor://xunit/VsTestRunner2/netcoreapp" className="GameBoy.Tests.InstructionTimingTests" name="PopRegister_Takes12Cycles" />
    </UnitTest>
    <UnitTest name="GameBoy.Tests.Mbc1Tests.ReadRom_BeyondAvailableSize_ReturnsFF" storage="/home/runner/work/blazorboy/blazorboy/src/gameboy.tests/bin/debug/net8.0/gameboy.tests.dll" id="800633a9-c281-8a02-ccd0-0706d0f50e41">
      <Execution id="640afc8d-e587-457b-9303-481b4aa19f6d" />
      <TestMethod codeBase="/home/runner/work/BlazorBoy/BlazorBoy/src/GameBoy.Tests/bin/Debug/net8.0/GameBoy.Tests.dll" adapterTypeName="executor://xunit/VsTestRunner2/netcoreapp" className="GameBoy.Tests.Mbc1Tests" name="ReadRom_BeyondAvailableSize_ReturnsFF" />
    </UnitTest>
    <UnitTest name="GameBoy.Tests.EmulatorTests.Reset_RestoresPostBiosState" storage="/home/runner/work/blazorboy/blazorboy/src/gameboy.tests/bin/debug/net8.0/gameboy.tests.dll" id="13bdd754-9ad8-fe64-9252-9f4b326f20fb">
      <Execution id="b1b5a581-8eae-46b6-af72-6eb7420d98ef" />
      <TestMethod codeBase="/home/runner/work/BlazorBoy/BlazorBoy/src/GameBoy.Tests/bin/Debug/net8.0/GameBoy.Tests.dll" adapterTypeName="executor://xunit/VsTestRunner2/netcoreapp" className="GameBoy.Tests.EmulatorTests" name="Reset_RestoresPostBiosState" />
    </UnitTest>
    <UnitTest name="GameBoy.Tests.CpuAddressingTests.SetR16_SetsCorrectRegisterPairValues" storage="/home/runner/work/blazorboy/blazorboy/src/gameboy.tests/bin/debug/net8.0/gameboy.tests.dll" id="1b9d65b8-139a-a2f4-8cd6-e1438d583a82">
      <Execution id="18150b01-73d3-4d8b-9c54-37717d54dfe7" />
      <TestMethod codeBase="/home/runner/work/BlazorBoy/BlazorBoy/src/GameBoy.Tests/bin/Debug/net8.0/GameBoy.Tests.dll" adapterTypeName="executor://xunit/VsTestRunner2/netcoreapp" className="GameBoy.Tests.CpuAddressingTests" name="SetR16_SetsCorrectRegisterPairValues" />
    </UnitTest>
    <UnitTest name="GameBoy.Tests.Integration.MooneyeInterruptTests.MooneyeInterrupt_DirectoryStructure_IsValid" storage="/home/runner/work/blazorboy/blazorboy/src/gameboy.tests/bin/debug/net8.0/gameboy.tests.dll" id="76bdd111-2d1b-b297-175d-19c3c67bae5f">
      <Execution id="5cc85ad7-da50-4c10-8541-957e20d33f79" />
      <TestMethod codeBase="/home/runner/work/BlazorBoy/BlazorBoy/src/GameBoy.Tests/bin/Debug/net8.0/GameBoy.Tests.dll" adapterTypeName="executor://xunit/VsTestRunner2/netcoreapp" className="GameBoy.Tests.Integration.MooneyeInterruptTests" name="MooneyeInterrupt_DirectoryStructure_IsValid" />
    </UnitTest>
    <UnitTest name="GameBoy.Tests.Integration.BlarggInterruptTests.BlarggInterrupt_DirectoryStructure_IsValid" storage="/home/runner/work/blazorboy/blazorboy/src/gameboy.tests/bin/debug/net8.0/gameboy.tests.dll" id="8133ad88-7194-8074-172d-6f2ee56b3566">
      <Execution id="9f552029-5e84-4e68-b48b-e5a99baf4b56" />
      <TestMethod codeBase="/home/runner/work/BlazorBoy/BlazorBoy/src/GameBoy.Tests/bin/Debug/net8.0/GameBoy.Tests.dll" adapterTypeName="executor://xunit/VsTestRunner2/netcoreapp" className="GameBoy.Tests.Integration.BlarggInterruptTests" name="BlarggInterrupt_DirectoryStructure_IsValid" />
    </UnitTest>
    <UnitTest name="GameBoy.Tests.AluTests.Subtract_HalfCarryBorrow_SetsHalfCarryFlag" storage="/home/runner/work/blazorboy/blazorboy/src/gameboy.tests/bin/debug/net8.0/gameboy.tests.dll" id="34359d87-23c7-7196-73c9-e6741b1ffeff">
      <Execution id="e657fb48-770c-4f63-83cf-b70dfb67daaf" />
      <TestMethod codeBase="/home/runner/work/BlazorBoy/BlazorBoy/src/GameBoy.Tests/bin/Debug/net8.0/GameBoy.Tests.dll" adapterTypeName="executor://xunit/VsTestRunner2/netcoreapp" className="GameBoy.Tests.AluTests" name="Subtract_HalfCarryBorrow_SetsHalfCarryFlag" />
    </UnitTest>
    <UnitTest name="GameBoy.Tests.CpuMmuIntegrationTests.Opcode_Execution_UsesMmuForAllMemoryAccess" storage="/home/runner/work/blazorboy/blazorboy/src/gameboy.tests/bin/debug/net8.0/gameboy.tests.dll" id="df4259e9-1fe9-6097-1fce-64f0c284fc13">
      <Execution id="9ca32eae-4fe3-4665-a4e9-987d6cbafe20" />
      <TestMethod codeBase="/home/runner/work/BlazorBoy/BlazorBoy/src/GameBoy.Tests/bin/Debug/net8.0/GameBoy.Tests.dll" adapterTypeName="executor://xunit/VsTestRunner2/netcoreapp" className="GameBoy.Tests.CpuMmuIntegrationTests" name="Opcode_Execution_UsesMmuForAllMemoryAccess" />
    </UnitTest>
    <UnitTest name="GameBoy.Tests.OpcodeTableCoverageTests.Primary_Table_Should_Have_Complete_Coverage" storage="/home/runner/work/blazorboy/blazorboy/src/gameboy.tests/bin/debug/net8.0/gameboy.tests.dll" id="947b70cd-4d84-9b6b-4580-d269db74ee3f">
      <Execution id="61892c08-ab9e-44a2-a1af-b973702aa2b0" />
      <TestMethod codeBase="/home/runner/work/BlazorBoy/BlazorBoy/src/GameBoy.Tests/bin/Debug/net8.0/GameBoy.Tests.dll" adapterTypeName="executor://xunit/VsTestRunner2/netcoreapp" className="GameBoy.Tests.OpcodeTableCoverageTests" name="Primary_Table_Should_Have_Complete_Coverage" />
    </UnitTest>
    <UnitTest name="GameBoy.Tests.InstructionTimingTests.CBRegisterOperation_Takes8Cycles" storage="/home/runner/work/blazorboy/blazorboy/src/gameboy.tests/bin/debug/net8.0/gameboy.tests.dll" id="d231652b-84ce-0420-f1d4-7fed57a3c8cc">
      <Execution id="c4388c11-12b9-4dd5-b45a-3f88b31c10ef" />
      <TestMethod codeBase="/home/runner/work/BlazorBoy/BlazorBoy/src/GameBoy.Tests/bin/Debug/net8.0/GameBoy.Tests.dll" adapterTypeName="executor://xunit/VsTestRunner2/netcoreapp" className="GameBoy.Tests.InstructionTimingTests" name="CBRegisterOperation_Takes8Cycles" />
    </UnitTest>
    <UnitTest name="GameBoy.Tests.Mbc3Tests.ExternalRam_RtcRegisters_AccessibleWhenEnabled" storage="/home/runner/work/blazorboy/blazorboy/src/gameboy.tests/bin/debug/net8.0/gameboy.tests.dll" id="d3d7520c-9946-57c4-5e03-6827c9a83283">
      <Execution id="2dd3570a-6bab-4aa8-ad55-dbacdb00d9fb" />
      <TestMethod codeBase="/home/runner/work/BlazorBoy/BlazorBoy/src/GameBoy.Tests/bin/Debug/net8.0/GameBoy.Tests.dll" adapterTypeName="executor://xunit/VsTestRunner2/netcoreapp" className="GameBoy.Tests.Mbc3Tests" name="ExternalRam_RtcRegisters_AccessibleWhenEnabled" />
    </UnitTest>
    <UnitTest name="GameBoy.Tests.Mbc3Tests.WriteRom_MaxBankNumber_WorksWithinLimits" storage="/home/runner/work/blazorboy/blazorboy/src/gameboy.tests/bin/debug/net8.0/gameboy.tests.dll" id="29e27428-df27-a7d3-6aa8-6bd0e60a4af9">
      <Execution id="000ae3dc-2c5f-476c-8f0d-1d21b3e6c82d" />
      <TestMethod codeBase="/home/runner/work/BlazorBoy/BlazorBoy/src/GameBoy.Tests/bin/Debug/net8.0/GameBoy.Tests.dll" adapterTypeName="executor://xunit/VsTestRunner2/netcoreapp" className="GameBoy.Tests.Mbc3Tests" name="WriteRom_MaxBankNumber_WorksWithinLimits" />
    </UnitTest>
    <UnitTest name="GameBoy.Tests.Integration.MooneyeInterruptTests.Mooneye_TimerInterruptTests_ExecuteSuccessfully(category: &quot;timer&quot;, romFile: &quot;div_write.gb&quot;, description: &quot;DIV register write interrupt behavior&quot;)" storage="/home/runner/work/blazorboy/blazorboy/src/gameboy.tests/bin/debug/net8.0/gameboy.tests.dll" id="adc66f14-1cd4-d78e-e348-709204390043">
      <Execution id="9553949c-ce2d-4758-8eb5-653d0afd4215" />
      <TestMethod codeBase="/home/runner/work/BlazorBoy/BlazorBoy/src/GameBoy.Tests/bin/Debug/net8.0/GameBoy.Tests.dll" adapterTypeName="executor://xunit/VsTestRunner2/netcoreapp" className="GameBoy.Tests.Integration.MooneyeInterruptTests" name="Mooneye_TimerInterruptTests_ExecuteSuccessfully" />
    </UnitTest>
    <UnitTest name="GameBoy.Tests.LcdcTests.WindowTileMapArea_ReturnsCorrectValue(value: 64, expected: True)" storage="/home/runner/work/blazorboy/blazorboy/src/gameboy.tests/bin/debug/net8.0/gameboy.tests.dll" id="a305b2cf-1756-3dcb-e780-9ad0ea3377ba">
      <Execution id="b01f30b0-42d6-4e93-85ff-ce0db9d56aac" />
      <TestMethod codeBase="/home/runner/work/BlazorBoy/BlazorBoy/src/GameBoy.Tests/bin/Debug/net8.0/GameBoy.Tests.dll" adapterTypeName="executor://xunit/VsTestRunner2/netcoreapp" className="GameBoy.Tests.LcdcTests" name="WindowTileMapArea_ReturnsCorrectValue" />
    </UnitTest>
    <UnitTest name="GameBoy.Tests.Integration.CpuInstructionTests.JP_a16_JumpsToAbsoluteAddress" storage="/home/runner/work/blazorboy/blazorboy/src/gameboy.tests/bin/debug/net8.0/gameboy.tests.dll" id="67fe01af-7e43-78d7-3a72-7d215aca5c1a">
      <Execution id="207a3af2-fc82-44e9-9583-b03a892630f0" />
      <TestMethod codeBase="/home/runner/work/BlazorBoy/BlazorBoy/src/GameBoy.Tests/bin/Debug/net8.0/GameBoy.Tests.dll" adapterTypeName="executor://xunit/VsTestRunner2/netcoreapp" className="GameBoy.Tests.Integration.CpuInstructionTests" name="JP_a16_JumpsToAbsoluteAddress" />
    </UnitTest>
    <UnitTest name="GameBoy.Tests.InterruptControllerTests.Service_ReturnsCorrectVectorAddress(interruptType: Serial, expectedVector: 88)" storage="/home/runner/work/blazorboy/blazorboy/src/gameboy.tests/bin/debug/net8.0/gameboy.tests.dll" id="c1ab6780-158a-69dd-c56d-87f0797289c4">
      <Execution id="7f5da0ae-4f19-47ed-ae25-8d4d8c021694" />
      <TestMethod codeBase="/home/runner/work/BlazorBoy/BlazorBoy/src/GameBoy.Tests/bin/Debug/net8.0/GameBoy.Tests.dll" adapterTypeName="executor://xunit/VsTestRunner2/netcoreapp" className="GameBoy.Tests.InterruptControllerTests" name="Service_ReturnsCorrectVectorAddress" />
    </UnitTest>
    <UnitTest name="GameBoy.Tests.InterruptServiceRoutineTests.HALT_Bug_ExecutesNextInstructionTwice" storage="/home/runner/work/blazorboy/blazorboy/src/gameboy.tests/bin/debug/net8.0/gameboy.tests.dll" id="ba831c1d-1242-53c9-e884-46cecf1464da">
      <Execution id="dbf92c1f-e9e5-4e4c-971c-7bbbd98e1e28" />
      <TestMethod codeBase="/home/runner/work/BlazorBoy/BlazorBoy/src/GameBoy.Tests/bin/Debug/net8.0/GameBoy.Tests.dll" adapterTypeName="executor://xunit/VsTestRunner2/netcoreapp" className="GameBoy.Tests.InterruptServiceRoutineTests" name="HALT_Bug_ExecutesNextInstructionTwice" />
    </UnitTest>
    <UnitTest name="GameBoy.Tests.Mbc5Tests.ExternalRam_4BitRamBanking_WorksCorrectly" storage="/home/runner/work/blazorboy/blazorboy/src/gameboy.tests/bin/debug/net8.0/gameboy.tests.dll" id="9eca94b8-e39f-4c3b-e39a-9ff33450cb46">
      <Execution id="87f34d05-abb3-4ac0-bb35-837b4b24e909" />
      <TestMethod codeBase="/home/runner/work/BlazorBoy/BlazorBoy/src/GameBoy.Tests/bin/Debug/net8.0/GameBoy.Tests.dll" adapterTypeName="executor://xunit/VsTestRunner2/netcoreapp" className="GameBoy.Tests.Mbc5Tests" name="ExternalRam_4BitRamBanking_WorksCorrectly" />
    </UnitTest>
    <UnitTest name="GameBoy.Tests.MmuTests.UnusableRegion_ReadsReturn0xFF" storage="/home/runner/work/blazorboy/blazorboy/src/gameboy.tests/bin/debug/net8.0/gameboy.tests.dll" id="d345d1bd-f78e-8ab1-56d8-a66e5b9e192c">
      <Execution id="1da565fa-c903-4d45-90ff-f9fe6d376439" />
      <TestMethod codeBase="/home/runner/work/BlazorBoy/BlazorBoy/src/GameBoy.Tests/bin/Debug/net8.0/GameBoy.Tests.dll" adapterTypeName="executor://xunit/VsTestRunner2/netcoreapp" className="GameBoy.Tests.MmuTests" name="UnusableRegion_ReadsReturn0xFF" />
    </UnitTest>
    <UnitTest name="GameBoy.Tests.MmuTests.LY_WriteIsIgnored" storage="/home/runner/work/blazorboy/blazorboy/src/gameboy.tests/bin/debug/net8.0/gameboy.tests.dll" id="d82818a2-475e-d90c-5900-07e1dfae2d4d">
      <Execution id="3fe07cc3-e16b-4157-8de9-57036e5ebaf4" />
      <TestMethod codeBase="/home/runner/work/BlazorBoy/BlazorBoy/src/GameBoy.Tests/bin/Debug/net8.0/GameBoy.Tests.dll" adapterTypeName="executor://xunit/VsTestRunner2/netcoreapp" className="GameBoy.Tests.MmuTests" name="LY_WriteIsIgnored" />
    </UnitTest>
    <UnitTest name="GameBoy.Tests.PaletteTests.RgbaColors_HaveCorrectAlphaChannel" storage="/home/runner/work/blazorboy/blazorboy/src/gameboy.tests/bin/debug/net8.0/gameboy.tests.dll" id="7f49c437-f892-4d35-4f28-4c053b4b4ced">
      <Execution id="3d5d0885-f139-44bc-8964-6f79c757b1a6" />
      <TestMethod codeBase="/home/runner/work/BlazorBoy/BlazorBoy/src/GameBoy.Tests/bin/Debug/net8.0/GameBoy.Tests.dll" adapterTypeName="executor://xunit/VsTestRunner2/netcoreapp" className="GameBoy.Tests.PaletteTests" name="RgbaColors_HaveCorrectAlphaChannel" />
    </UnitTest>
    <UnitTest name="GameBoy.Tests.Integration.CpuInstructionTests.CB_BIT_0_B_TestsBit(registerValue: 254, expectedZ: True)" storage="/home/runner/work/blazorboy/blazorboy/src/gameboy.tests/bin/debug/net8.0/gameboy.tests.dll" id="4284276e-f1c5-79e0-7f14-593ec6d6de4c">
      <Execution id="fae9c373-a955-406e-9eab-4e99b1b2dc1e" />
      <TestMethod codeBase="/home/runner/work/BlazorBoy/BlazorBoy/src/GameBoy.Tests/bin/Debug/net8.0/GameBoy.Tests.dll" adapterTypeName="executor://xunit/VsTestRunner2/netcoreapp" className="GameBoy.Tests.Integration.CpuInstructionTests" name="CB_BIT_0_B_TestsBit" />
    </UnitTest>
    <UnitTest name="GameBoy.Tests.InstructionGroupTests.DEC_C_DecrementsRegister" storage="/home/runner/work/blazorboy/blazorboy/src/gameboy.tests/bin/debug/net8.0/gameboy.tests.dll" id="6c9d7a5b-3a83-ec24-ee7f-48cd8387c5f8">
      <Execution id="1443b5d2-8d4b-46fa-a2a1-866e8e34a881" />
      <TestMethod codeBase="/home/runner/work/BlazorBoy/BlazorBoy/src/GameBoy.Tests/bin/Debug/net8.0/GameBoy.Tests.dll" adapterTypeName="executor://xunit/VsTestRunner2/netcoreapp" className="GameBoy.Tests.InstructionGroupTests" name="DEC_C_DecrementsRegister" />
    </UnitTest>
    <UnitTest name="GameBoy.Tests.CpuAddressingTests.ReadHLI_ReadsFromHLAddressThenIncrementsHL" storage="/home/runner/work/blazorboy/blazorboy/src/gameboy.tests/bin/debug/net8.0/gameboy.tests.dll" id="5f28ed6a-b607-4244-c09c-ea41369ed866">
      <Execution id="8b8b1fb7-80df-4435-8d00-0321d0d230be" />
      <TestMethod codeBase="/home/runner/work/BlazorBoy/BlazorBoy/src/GameBoy.Tests/bin/Debug/net8.0/GameBoy.Tests.dll" adapterTypeName="executor://xunit/VsTestRunner2/netcoreapp" className="GameBoy.Tests.CpuAddressingTests" name="ReadHLI_ReadsFromHLAddressThenIncrementsHL" />
    </UnitTest>
    <UnitTest name="GameBoy.Tests.EmulatorMbcIntegrationTests.Emulator_LoadRom_AllUnsupportedMbcTypes_ThrowsNotSupportedException(cartridgeType: 21, expectedMbcName: &quot;MBC4&quot;)" storage="/home/runner/work/blazorboy/blazorboy/src/gameboy.tests/bin/debug/net8.0/gameboy.tests.dll" id="49e42d62-0daf-f033-f1a3-4753a5cc45f0">
      <Execution id="99c577c3-9ca3-4b34-9c77-690c2f565105" />
      <TestMethod codeBase="/home/runner/work/BlazorBoy/BlazorBoy/src/GameBoy.Tests/bin/Debug/net8.0/GameBoy.Tests.dll" adapterTypeName="executor://xunit/VsTestRunner2/netcoreapp" className="GameBoy.Tests.EmulatorMbcIntegrationTests" name="Emulator_LoadRom_AllUnsupportedMbcTypes_ThrowsNotSupportedException" />
    </UnitTest>
    <UnitTest name="GameBoy.Tests.TimerTests.Constructor_WithValidInterruptController_Initializes" storage="/home/runner/work/blazorboy/blazorboy/src/gameboy.tests/bin/debug/net8.0/gameboy.tests.dll" id="1df6f4f8-c7bd-4196-9d3e-14d1993988ee">
      <Execution id="023588e9-ebe1-456e-92ad-0890f697a5dd" />
      <TestMethod codeBase="/home/runner/work/BlazorBoy/BlazorBoy/src/GameBoy.Tests/bin/Debug/net8.0/GameBoy.Tests.dll" adapterTypeName="executor://xunit/VsTestRunner2/netcoreapp" className="GameBoy.Tests.TimerTests" name="Constructor_WithValidInterruptController_Initializes" />
    </UnitTest>
    <UnitTest name="GameBoy.Tests.Integration.BlarggIntegrationTests.CpuInstrs_IndividualTests_ExecuteSuccessfully(romFile: &quot;02-interrupts.gb&quot;, description: &quot;Interrupt handling test&quot;)" storage="/home/runner/work/blazorboy/blazorboy/src/gameboy.tests/bin/debug/net8.0/gameboy.tests.dll" id="3b319e89-c4dd-6f4f-5fcf-0c1651e2b40e">
      <Execution id="e52c1b6e-ab4b-4527-8665-4aa0f2a1f031" />
      <TestMethod codeBase="/home/runner/work/BlazorBoy/BlazorBoy/src/GameBoy.Tests/bin/Debug/net8.0/GameBoy.Tests.dll" adapterTypeName="executor://xunit/VsTestRunner2/netcoreapp" className="GameBoy.Tests.Integration.BlarggIntegrationTests" name="CpuInstrs_IndividualTests_ExecuteSuccessfully" />
    </UnitTest>
    <UnitTest name="GameBoy.Tests.CartridgeHeaderTests.RomSize_CalculatesCorrectSizeForStandardCodes(code: 4, expectedSize: 524288)" storage="/home/runner/work/blazorboy/blazorboy/src/gameboy.tests/bin/debug/net8.0/gameboy.tests.dll" id="0e1a1065-5acf-b7b2-59dc-9aa570229662">
      <Execution id="8738c4d5-a0b2-4635-8b1c-6b63812df601" />
      <TestMethod codeBase="/home/runner/work/BlazorBoy/BlazorBoy/src/GameBoy.Tests/bin/Debug/net8.0/GameBoy.Tests.dll" adapterTypeName="executor://xunit/VsTestRunner2/netcoreapp" className="GameBoy.Tests.CartridgeHeaderTests" name="RomSize_CalculatesCorrectSizeForStandardCodes" />
    </UnitTest>
    <UnitTest name="GameBoy.Tests.Integration.CpuInstructionTests.CB_RLC_B_RotateLeftCircular(initial: 128, expected: 1, expectedZ: False, expectedN: False, expectedH: False, expectedC: True)" storage="/home/runner/work/blazorboy/blazorboy/src/gameboy.tests/bin/debug/net8.0/gameboy.tests.dll" id="d6c206c9-da50-f231-6f1b-25fa7130e345">
      <Execution id="a7dddd36-3d11-406d-867d-62913b253558" />
      <TestMethod codeBase="/home/runner/work/BlazorBoy/BlazorBoy/src/GameBoy.Tests/bin/Debug/net8.0/GameBoy.Tests.dll" adapterTypeName="executor://xunit/VsTestRunner2/netcoreapp" className="GameBoy.Tests.Integration.CpuInstructionTests" name="CB_RLC_B_RotateLeftCircular" />
    </UnitTest>
    <UnitTest name="GameBoy.Tests.SpriteTests.GetRelativeY_ReturnsCorrectValue(y: 80, scanline: 67, attributes: 64, expected: 4)" storage="/home/runner/work/blazorboy/blazorboy/src/gameboy.tests/bin/debug/net8.0/gameboy.tests.dll" id="42bcd104-8be6-90bd-2c24-12a5ceed7ca9">
      <Execution id="a70cbc3e-48dd-4227-b3d4-10d85dd1bb79" />
      <TestMethod codeBase="/home/runner/work/BlazorBoy/BlazorBoy/src/GameBoy.Tests/bin/Debug/net8.0/GameBoy.Tests.dll" adapterTypeName="executor://xunit/VsTestRunner2/netcoreapp" className="GameBoy.Tests.SpriteTests" name="GetRelativeY_ReturnsCorrectValue" />
    </UnitTest>
    <UnitTest name="GameBoy.Tests.AdvancedTimingTests.CBShiftMemory_Takes16Cycles" storage="/home/runner/work/blazorboy/blazorboy/src/gameboy.tests/bin/debug/net8.0/gameboy.tests.dll" id="7b56665c-bc26-7bb7-0701-e9f564d7ca9d">
      <Execution id="25f76930-900e-4eab-82fb-b02962c812c8" />
      <TestMethod codeBase="/home/runner/work/BlazorBoy/BlazorBoy/src/GameBoy.Tests/bin/Debug/net8.0/GameBoy.Tests.dll" adapterTypeName="executor://xunit/VsTestRunner2/netcoreapp" className="GameBoy.Tests.AdvancedTimingTests" name="CBShiftMemory_Takes16Cycles" />
    </UnitTest>
    <UnitTest name="GameBoy.Tests.Mbc1Tests.BatteryInterface_GetExternalRam_ReturnsDataIfModified" storage="/home/runner/work/blazorboy/blazorboy/src/gameboy.tests/bin/debug/net8.0/gameboy.tests.dll" id="d18c4703-5a96-82cc-bd1a-56ce1f6aeb61">
      <Execution id="9dbb59fd-ea93-4dbd-b45c-596e649ff9a1" />
      <TestMethod codeBase="/home/runner/work/BlazorBoy/BlazorBoy/src/GameBoy.Tests/bin/Debug/net8.0/GameBoy.Tests.dll" adapterTypeName="executor://xunit/VsTestRunner2/netcoreapp" className="GameBoy.Tests.Mbc1Tests" name="BatteryInterface_GetExternalRam_ReturnsDataIfModified" />
    </UnitTest>
    <UnitTest name="GameBoy.Tests.CartridgeHeaderTests.RomSize_CalculatesCorrectSizeForStandardCodes(code: 6, expectedSize: 2097152)" storage="/home/runner/work/blazorboy/blazorboy/src/gameboy.tests/bin/debug/net8.0/gameboy.tests.dll" id="9e8a8bbb-0354-2079-c028-bce199135a45">
      <Execution id="9793b1a2-7a97-4a5c-bf19-7a6c56e90809" />
      <TestMethod codeBase="/home/runner/work/BlazorBoy/BlazorBoy/src/GameBoy.Tests/bin/Debug/net8.0/GameBoy.Tests.dll" adapterTypeName="executor://xunit/VsTestRunner2/netcoreapp" className="GameBoy.Tests.CartridgeHeaderTests" name="RomSize_CalculatesCorrectSizeForStandardCodes" />
    </UnitTest>
    <UnitTest name="GameBoy.Tests.Integration.BlarggIntegrationTests.CpuInstrs_IndividualTests_ExecuteSuccessfully(romFile: &quot;08-misc instrs.gb&quot;, description: &quot;Miscellaneous instruction test&quot;)" storage="/home/runner/work/blazorboy/blazorboy/src/gameboy.tests/bin/debug/net8.0/gameboy.tests.dll" id="3103a7c1-fdce-a5fd-7c72-804a9f6c3093">
      <Execution id="a5830f4f-4f2a-4ad7-9b51-e7d03ea72e7a" />
      <TestMethod codeBase="/home/runner/work/BlazorBoy/BlazorBoy/src/GameBoy.Tests/bin/Debug/net8.0/GameBoy.Tests.dll" adapterTypeName="executor://xunit/VsTestRunner2/netcoreapp" className="GameBoy.Tests.Integration.BlarggIntegrationTests" name="CpuInstrs_IndividualTests_ExecuteSuccessfully" />
    </UnitTest>
    <UnitTest name="GameBoy.Tests.Integration.CpuInstructionTests.LD_r_d8_LoadsImmediateValue(opcode: 46)" storage="/home/runner/work/blazorboy/blazorboy/src/gameboy.tests/bin/debug/net8.0/gameboy.tests.dll" id="fefc65d3-c57b-487e-1059-ac14f369d16a">
      <Execution id="5e9eaeeb-8e86-47b8-aa35-7ac0a150956c" />
      <TestMethod codeBase="/home/runner/work/BlazorBoy/BlazorBoy/src/GameBoy.Tests/bin/Debug/net8.0/GameBoy.Tests.dll" adapterTypeName="executor://xunit/VsTestRunner2/netcoreapp" className="GameBoy.Tests.Integration.CpuInstructionTests" name="LD_r_d8_LoadsImmediateValue" />
    </UnitTest>
    <UnitTest name="GameBoy.Tests.Mbc3Tests.BatteryInterface_LargeRamSize_HandledCorrectly" storage="/home/runner/work/blazorboy/blazorboy/src/gameboy.tests/bin/debug/net8.0/gameboy.tests.dll" id="775f5db1-5f70-460a-b41a-0bd44483a2e8">
      <Execution id="ed4c337c-d64f-4642-8676-b1bdbe4e5b1f" />
      <TestMethod codeBase="/home/runner/work/BlazorBoy/BlazorBoy/src/GameBoy.Tests/bin/Debug/net8.0/GameBoy.Tests.dll" adapterTypeName="executor://xunit/VsTestRunner2/netcoreapp" className="GameBoy.Tests.Mbc3Tests" name="BatteryInterface_LargeRamSize_HandledCorrectly" />
    </UnitTest>
    <UnitTest name="GameBoy.Tests.Mbc3Tests.WriteRom_RamAndTimerEnable_EnablesAccess" storage="/home/runner/work/blazorboy/blazorboy/src/gameboy.tests/bin/debug/net8.0/gameboy.tests.dll" id="42b1165a-c412-4f02-26e5-5e4d767a8d9f">
      <Execution id="7f345096-9f55-4bd6-a463-9031dcd7fd01" />
      <TestMethod codeBase="/home/runner/work/BlazorBoy/BlazorBoy/src/GameBoy.Tests/bin/Debug/net8.0/GameBoy.Tests.dll" adapterTypeName="executor://xunit/VsTestRunner2/netcoreapp" className="GameBoy.Tests.Mbc3Tests" name="WriteRom_RamAndTimerEnable_EnablesAccess" />
    </UnitTest>
    <UnitTest name="GameBoy.Tests.InstructionTimingTests.AddFromHL_Takes8Cycles" storage="/home/runner/work/blazorboy/blazorboy/src/gameboy.tests/bin/debug/net8.0/gameboy.tests.dll" id="fe7dcf1a-692d-d9b2-b7ab-bd7d98b0d788">
      <Execution id="4b35e7e9-b6ca-4784-85ec-eaa95d5bda68" />
      <TestMethod codeBase="/home/runner/work/BlazorBoy/BlazorBoy/src/GameBoy.Tests/bin/Debug/net8.0/GameBoy.Tests.dll" adapterTypeName="executor://xunit/VsTestRunner2/netcoreapp" className="GameBoy.Tests.InstructionTimingTests" name="AddFromHL_Takes8Cycles" />
    </UnitTest>
    <UnitTest name="GameBoy.Tests.Integration.BlarggIntegrationTests.Halt_Bug_ExecutesSuccessfully" storage="/home/runner/work/blazorboy/blazorboy/src/gameboy.tests/bin/debug/net8.0/gameboy.tests.dll" id="5cf21bc1-27d1-ac82-fbe2-4cde6b0fef7a">
      <Execution id="aa9ecd0b-502f-40d2-9150-5f55c26f9cbd" />
      <TestMethod codeBase="/home/runner/work/BlazorBoy/BlazorBoy/src/GameBoy.Tests/bin/Debug/net8.0/GameBoy.Tests.dll" adapterTypeName="executor://xunit/VsTestRunner2/netcoreapp" className="GameBoy.Tests.Integration.BlarggIntegrationTests" name="Halt_Bug_ExecutesSuccessfully" />
    </UnitTest>
    <UnitTest name="GameBoy.Tests.Mbc5Tests.ExternalRam_4BitBankMasking_OnlyLower4BitsUsed" storage="/home/runner/work/blazorboy/blazorboy/src/gameboy.tests/bin/debug/net8.0/gameboy.tests.dll" id="9c76c2d4-6c77-4aca-32f2-bc9af242acb9">
      <Execution id="fa3e4d53-0d15-4245-9e81-7564f4f2b5f4" />
      <TestMethod codeBase="/home/runner/work/BlazorBoy/BlazorBoy/src/GameBoy.Tests/bin/Debug/net8.0/GameBoy.Tests.dll" adapterTypeName="executor://xunit/VsTestRunner2/netcoreapp" className="GameBoy.Tests.Mbc5Tests" name="ExternalRam_4BitBankMasking_OnlyLower4BitsUsed" />
    </UnitTest>
    <UnitTest name="GameBoy.Tests.SpriteTests.GetRelativeY16_ReturnsCorrectValueFor8x16Sprites(y: 80, scanline: 68, attributes: 64, expected: 11)" storage="/home/runner/work/blazorboy/blazorboy/src/gameboy.tests/bin/debug/net8.0/gameboy.tests.dll" id="16df559d-4354-a940-518b-fbb0a6510c9a">
      <Execution id="d6dd803d-3ad7-4c5d-a087-02555583fedd" />
      <TestMethod codeBase="/home/runner/work/BlazorBoy/BlazorBoy/src/GameBoy.Tests/bin/Debug/net8.0/GameBoy.Tests.dll" adapterTypeName="executor://xunit/VsTestRunner2/netcoreapp" className="GameBoy.Tests.SpriteTests" name="GetRelativeY16_ReturnsCorrectValueFor8x16Sprites" />
    </UnitTest>
    <UnitTest name="GameBoy.Tests.AluTests.Add_Overflow_SetsCarryFlag" storage="/home/runner/work/blazorboy/blazorboy/src/gameboy.tests/bin/debug/net8.0/gameboy.tests.dll" id="c23f992b-b22d-866c-b429-ddd8381c37c6">
      <Execution id="5f11a3e9-6cd0-4c2c-8e08-c55275cb0d2a" />
      <TestMethod codeBase="/home/runner/work/BlazorBoy/BlazorBoy/src/GameBoy.Tests/bin/Debug/net8.0/GameBoy.Tests.dll" adapterTypeName="executor://xunit/VsTestRunner2/netcoreapp" className="GameBoy.Tests.AluTests" name="Add_Overflow_SetsCarryFlag" />
    </UnitTest>
    <UnitTest name="GameBoy.Tests.InterruptServiceRoutineTests.DI_ImmediatelyDisablesInterrupts" storage="/home/runner/work/blazorboy/blazorboy/src/gameboy.tests/bin/debug/net8.0/gameboy.tests.dll" id="6e6223ae-77fd-716e-9f3b-517d376d9157">
      <Execution id="84e5a79a-6aaa-4e18-b821-e50751a54475" />
      <TestMethod codeBase="/home/runner/work/BlazorBoy/BlazorBoy/src/GameBoy.Tests/bin/Debug/net8.0/GameBoy.Tests.dll" adapterTypeName="executor://xunit/VsTestRunner2/netcoreapp" className="GameBoy.Tests.InterruptServiceRoutineTests" name="DI_ImmediatelyDisablesInterrupts" />
    </UnitTest>
    <UnitTest name="GameBoy.Tests.Mbc3Tests.WriteRom_Bank0Selection_MapsToBank1" storage="/home/runner/work/blazorboy/blazorboy/src/gameboy.tests/bin/debug/net8.0/gameboy.tests.dll" id="841327a6-4cac-5638-2ce1-ecbc848d0713">
      <Execution id="74c5acd1-f89a-4513-9c8f-2ce2370131f1" />
      <TestMethod codeBase="/home/runner/work/BlazorBoy/BlazorBoy/src/GameBoy.Tests/bin/Debug/net8.0/GameBoy.Tests.dll" adapterTypeName="executor://xunit/VsTestRunner2/netcoreapp" className="GameBoy.Tests.Mbc3Tests" name="WriteRom_Bank0Selection_MapsToBank1" />
    </UnitTest>
    <UnitTest name="GameBoy.Tests.InterruptControllerTests.TryGetPending_SingleInterrupt_ReturnsCorrectType(ifValue: 16, ieValue: 16, expectedType: Joypad)" storage="/home/runner/work/blazorboy/blazorboy/src/gameboy.tests/bin/debug/net8.0/gameboy.tests.dll" id="494ce6b0-772c-7f7e-7360-97586734d032">
      <Execution id="c50fbf27-5917-4b42-a235-2c851064015d" />
      <TestMethod codeBase="/home/runner/work/BlazorBoy/BlazorBoy/src/GameBoy.Tests/bin/Debug/net8.0/GameBoy.Tests.dll" adapterTypeName="executor://xunit/VsTestRunner2/netcoreapp" className="GameBoy.Tests.InterruptControllerTests" name="TryGetPending_SingleInterrupt_ReturnsCorrectType" />
    </UnitTest>
    <UnitTest name="GameBoy.Tests.LcdcTests.WindowTileMapArea_ReturnsCorrectValue(value: 0, expected: False)" storage="/home/runner/work/blazorboy/blazorboy/src/gameboy.tests/bin/debug/net8.0/gameboy.tests.dll" id="a9f9612f-fc1d-fb62-4511-e453808e0866">
      <Execution id="c0f44402-d4d8-4aa3-bb6f-e5f08ec5a801" />
      <TestMethod codeBase="/home/runner/work/BlazorBoy/BlazorBoy/src/GameBoy.Tests/bin/Debug/net8.0/GameBoy.Tests.dll" adapterTypeName="executor://xunit/VsTestRunner2/netcoreapp" className="GameBoy.Tests.LcdcTests" name="WindowTileMapArea_ReturnsCorrectValue" />
    </UnitTest>
    <UnitTest name="GameBoy.Tests.CartridgeHeaderTests.Title_ExtractsCorrectTitle" storage="/home/runner/work/blazorboy/blazorboy/src/gameboy.tests/bin/debug/net8.0/gameboy.tests.dll" id="06dbb17f-0a44-4522-049b-1c6cf3bf3755">
      <Execution id="1b77d8c5-5268-48d2-bd10-1d3d531781bb" />
      <TestMethod codeBase="/home/runner/work/BlazorBoy/BlazorBoy/src/GameBoy.Tests/bin/Debug/net8.0/GameBoy.Tests.dll" adapterTypeName="executor://xunit/VsTestRunner2/netcoreapp" className="GameBoy.Tests.CartridgeHeaderTests" name="Title_ExtractsCorrectTitle" />
    </UnitTest>
    <UnitTest name="GameBoy.Tests.LcdcTests.ObjEnable_ReturnsCorrectValue(value: 0, expected: False)" storage="/home/runner/work/blazorboy/blazorboy/src/gameboy.tests/bin/debug/net8.0/gameboy.tests.dll" id="6c65e6fd-2d2d-8499-26fb-debb490455d4">
      <Execution id="9875fb58-700f-4d08-9819-7fe8b40578ee" />
      <TestMethod codeBase="/home/runner/work/BlazorBoy/BlazorBoy/src/GameBoy.Tests/bin/Debug/net8.0/GameBoy.Tests.dll" adapterTypeName="executor://xunit/VsTestRunner2/netcoreapp" className="GameBoy.Tests.LcdcTests" name="ObjEnable_ReturnsCorrectValue" />
    </UnitTest>
    <UnitTest name="GameBoy.Tests.AdvancedTimingTests.LoadHLD_Takes8Cycles" storage="/home/runner/work/blazorboy/blazorboy/src/gameboy.tests/bin/debug/net8.0/gameboy.tests.dll" id="4bd4de22-f37e-8448-f725-629aa7012d17">
      <Execution id="a6b8288c-3d69-4169-aaac-2091c292ba5d" />
      <TestMethod codeBase="/home/runner/work/BlazorBoy/BlazorBoy/src/GameBoy.Tests/bin/Debug/net8.0/GameBoy.Tests.dll" adapterTypeName="executor://xunit/VsTestRunner2/netcoreapp" className="GameBoy.Tests.AdvancedTimingTests" name="LoadHLD_Takes8Cycles" />
    </UnitTest>
    <UnitTest name="GameBoy.Tests.CartridgeTests.Detect_AllMbc5Variants_ReturnsCorrectCartridge(cartridgeType: 28)" storage="/home/runner/work/blazorboy/blazorboy/src/gameboy.tests/bin/debug/net8.0/gameboy.tests.dll" id="1577a67b-c6e1-3fec-6f1a-e23b16f3c308">
      <Execution id="e628a122-8c82-4959-bfc1-ec724d016a7b" />
      <TestMethod codeBase="/home/runner/work/BlazorBoy/BlazorBoy/src/GameBoy.Tests/bin/Debug/net8.0/GameBoy.Tests.dll" adapterTypeName="executor://xunit/VsTestRunner2/netcoreapp" className="GameBoy.Tests.CartridgeTests" name="Detect_AllMbc5Variants_ReturnsCorrectCartridge" />
    </UnitTest>
    <UnitTest name="GameBoy.Tests.AdvancedTimingTests.CBSwapMemory_Takes16Cycles" storage="/home/runner/work/blazorboy/blazorboy/src/gameboy.tests/bin/debug/net8.0/gameboy.tests.dll" id="06a0dbdf-8731-d98c-f9e6-2f5f2d06c404">
      <Execution id="6d98b643-a3f9-4ce3-9604-8087b711bd36" />
      <TestMethod codeBase="/home/runner/work/BlazorBoy/BlazorBoy/src/GameBoy.Tests/bin/Debug/net8.0/GameBoy.Tests.dll" adapterTypeName="executor://xunit/VsTestRunner2/netcoreapp" className="GameBoy.Tests.AdvancedTimingTests" name="CBSwapMemory_Takes16Cycles" />
    </UnitTest>
    <UnitTest name="GameBoy.Tests.CycleAccuracyValidationTests.UnknownCBOpcode_Returns8Cycles" storage="/home/runner/work/blazorboy/blazorboy/src/gameboy.tests/bin/debug/net8.0/gameboy.tests.dll" id="f6e995e3-8bd7-81fe-deef-3990ff41d2d2">
      <Execution id="c1725d4c-2dde-4831-b811-a5702c56e812" />
      <TestMethod codeBase="/home/runner/work/BlazorBoy/BlazorBoy/src/GameBoy.Tests/bin/Debug/net8.0/GameBoy.Tests.dll" adapterTypeName="executor://xunit/VsTestRunner2/netcoreapp" className="GameBoy.Tests.CycleAccuracyValidationTests" name="UnknownCBOpcode_Returns8Cycles" />
    </UnitTest>
    <UnitTest name="GameBoy.Tests.Mbc3Tests.RtcRegisters_BoundaryValues_HandledCorrectly" storage="/home/runner/work/blazorboy/blazorboy/src/gameboy.tests/bin/debug/net8.0/gameboy.tests.dll" id="e7e04a3e-1ec2-ba48-ac24-a7974f765367">
      <Execution id="038875c9-8243-4094-910f-956c718d4269" />
      <TestMethod codeBase="/home/runner/work/BlazorBoy/BlazorBoy/src/GameBoy.Tests/bin/Debug/net8.0/GameBoy.Tests.dll" adapterTypeName="executor://xunit/VsTestRunner2/netcoreapp" className="GameBoy.Tests.Mbc3Tests" name="RtcRegisters_BoundaryValues_HandledCorrectly" />
    </UnitTest>
    <UnitTest name="GameBoy.Tests.Integration.MooneyeInterruptTests.Mooneye_PPUInterruptTests_ExecuteSuccessfully(category: &quot;ppu&quot;, romFile: &quot;intr_2_oam_ok_timing.gb&quot;, description: &quot;Interrupt 2 OAM OK timing&quot;)" storage="/home/runner/work/blazorboy/blazorboy/src/gameboy.tests/bin/debug/net8.0/gameboy.tests.dll" id="3f628a33-fb00-8784-2740-9f105cbc2b78">
      <Execution id="a0e16a47-f781-4886-a775-41525b8fe5e9" />
      <TestMethod codeBase="/home/runner/work/BlazorBoy/BlazorBoy/src/GameBoy.Tests/bin/Debug/net8.0/GameBoy.Tests.dll" adapterTypeName="executor://xunit/VsTestRunner2/netcoreapp" className="GameBoy.Tests.Integration.MooneyeInterruptTests" name="Mooneye_PPUInterruptTests_ExecuteSuccessfully" />
    </UnitTest>
    <UnitTest name="GameBoy.Tests.CartridgeTests.Detect_Mbc0Rom_ReturnsCorrectCartridge" storage="/home/runner/work/blazorboy/blazorboy/src/gameboy.tests/bin/debug/net8.0/gameboy.tests.dll" id="84ded9fb-ede0-3dc1-80e9-1a25585c6b33">
      <Execution id="d96e0814-0b62-4241-98ac-86ec0c296a3d" />
      <TestMethod codeBase="/home/runner/work/BlazorBoy/BlazorBoy/src/GameBoy.Tests/bin/Debug/net8.0/GameBoy.Tests.dll" adapterTypeName="executor://xunit/VsTestRunner2/netcoreapp" className="GameBoy.Tests.CartridgeTests" name="Detect_Mbc0Rom_ReturnsCorrectCartridge" />
    </UnitTest>
    <UnitTest name="GameBoy.Tests.DmaTests.DMA_ValidSources_CopiesCorrectly(dmaValue: 208, expectedSource: 53248)" storage="/home/runner/work/blazorboy/blazorboy/src/gameboy.tests/bin/debug/net8.0/gameboy.tests.dll" id="a0a5ea87-9826-75f7-58ed-cb14cf32d6a6">
      <Execution id="72cc2d50-df59-46dd-8164-9e43f2b79c46" />
      <TestMethod codeBase="/home/runner/work/BlazorBoy/BlazorBoy/src/GameBoy.Tests/bin/Debug/net8.0/GameBoy.Tests.dll" adapterTypeName="executor://xunit/VsTestRunner2/netcoreapp" className="GameBoy.Tests.DmaTests" name="DMA_ValidSources_CopiesCorrectly" />
    </UnitTest>
    <UnitTest name="GameBoy.Tests.InstructionGroupTests.Add_A_Register_SetsCorrectFlags" storage="/home/runner/work/blazorboy/blazorboy/src/gameboy.tests/bin/debug/net8.0/gameboy.tests.dll" id="ea74ea14-5621-94b5-fb73-39895abbcaba">
      <Execution id="231edb67-131f-41b2-b933-de61d43c0881" />
      <TestMethod codeBase="/home/runner/work/BlazorBoy/BlazorBoy/src/GameBoy.Tests/bin/Debug/net8.0/GameBoy.Tests.dll" adapterTypeName="executor://xunit/VsTestRunner2/netcoreapp" className="GameBoy.Tests.InstructionGroupTests" name="Add_A_Register_SetsCorrectFlags" />
    </UnitTest>
    <UnitTest name="GameBoy.Tests.Mbc5Tests.ReadRom_BeyondAvailableSize_ReturnsFF" storage="/home/runner/work/blazorboy/blazorboy/src/gameboy.tests/bin/debug/net8.0/gameboy.tests.dll" id="c70ec96d-946c-5567-d811-dbaa8ae6512c">
      <Execution id="d3867b6c-d37c-4086-af52-167c93a9b6e1" />
      <TestMethod codeBase="/home/runner/work/BlazorBoy/BlazorBoy/src/GameBoy.Tests/bin/Debug/net8.0/GameBoy.Tests.dll" adapterTypeName="executor://xunit/VsTestRunner2/netcoreapp" className="GameBoy.Tests.Mbc5Tests" name="ReadRom_BeyondAvailableSize_ReturnsFF" />
    </UnitTest>
    <UnitTest name="GameBoy.Tests.CartridgeMmuIntegrationTests.Mmu_Reset_PreservesCartridge" storage="/home/runner/work/blazorboy/blazorboy/src/gameboy.tests/bin/debug/net8.0/gameboy.tests.dll" id="57bc568e-7665-04e8-5fdd-510df1b63c38">
      <Execution id="029112eb-fb3c-4265-a880-57aa36393edf" />
      <TestMethod codeBase="/home/runner/work/BlazorBoy/BlazorBoy/src/GameBoy.Tests/bin/Debug/net8.0/GameBoy.Tests.dll" adapterTypeName="executor://xunit/VsTestRunner2/netcoreapp" className="GameBoy.Tests.CartridgeMmuIntegrationTests" name="Mmu_Reset_PreservesCartridge" />
    </UnitTest>
    <UnitTest name="GameBoy.Tests.InstructionTimingTests.Nop_Takes4Cycles" storage="/home/runner/work/blazorboy/blazorboy/src/gameboy.tests/bin/debug/net8.0/gameboy.tests.dll" id="006feed1-c1a5-c6d9-aab7-b3ef84dc5ab5">
      <Execution id="b3b1049e-18c4-421b-b6e2-39fa42c70eb7" />
      <TestMethod codeBase="/home/runner/work/BlazorBoy/BlazorBoy/src/GameBoy.Tests/bin/Debug/net8.0/GameBoy.Tests.dll" adapterTypeName="executor://xunit/VsTestRunner2/netcoreapp" className="GameBoy.Tests.InstructionTimingTests" name="Nop_Takes4Cycles" />
    </UnitTest>
    <UnitTest name="GameBoy.Tests.Integration.MooneyeInterruptTests.ListAvailableMooneyeInterruptRoms" storage="/home/runner/work/blazorboy/blazorboy/src/gameboy.tests/bin/debug/net8.0/gameboy.tests.dll" id="84941b8c-b68f-ce79-cd19-8c7a50ec235b">
      <Execution id="4edd9c67-a523-4f9c-932b-7715135b1706" />
      <TestMethod codeBase="/home/runner/work/BlazorBoy/BlazorBoy/src/GameBoy.Tests/bin/Debug/net8.0/GameBoy.Tests.dll" adapterTypeName="executor://xunit/VsTestRunner2/netcoreapp" className="GameBoy.Tests.Integration.MooneyeInterruptTests" name="ListAvailableMooneyeInterruptRoms" />
    </UnitTest>
    <UnitTest name="GameBoy.Tests.LcdcTests.TileDataBase_ReturnsCorrectAddress(value: 0, expected: 34816)" storage="/home/runner/work/blazorboy/blazorboy/src/gameboy.tests/bin/debug/net8.0/gameboy.tests.dll" id="5f721ea2-2998-415b-a4eb-a5668314b7c1">
      <Execution id="44cc0b40-d2d1-4029-bfab-6dfbeac32106" />
      <TestMethod codeBase="/home/runner/work/BlazorBoy/BlazorBoy/src/GameBoy.Tests/bin/Debug/net8.0/GameBoy.Tests.dll" adapterTypeName="executor://xunit/VsTestRunner2/netcoreapp" className="GameBoy.Tests.LcdcTests" name="TileDataBase_ReturnsCorrectAddress" />
    </UnitTest>
    <UnitTest name="GameBoy.Tests.Integration.MooneyeInterruptTests.Mooneye_InterruptTests_ExecuteSuccessfully(category: &quot;interrupts&quot;, romFile: &quot;ret_timing.gb&quot;, description: &quot;RET timing with interrupts&quot;)" storage="/home/runner/work/blazorboy/blazorboy/src/gameboy.tests/bin/debug/net8.0/gameboy.tests.dll" id="710dc93e-1291-5d16-e49f-551c114dac22">
      <Execution id="07bd49d2-2342-4eb5-a1cf-9dec71d3db36" />
      <TestMethod codeBase="/home/runner/work/BlazorBoy/BlazorBoy/src/GameBoy.Tests/bin/Debug/net8.0/GameBoy.Tests.dll" adapterTypeName="executor://xunit/VsTestRunner2/netcoreapp" className="GameBoy.Tests.Integration.MooneyeInterruptTests" name="Mooneye_InterruptTests_ExecuteSuccessfully" />
    </UnitTest>
    <UnitTest name="GameBoy.Tests.CycleAccuracyValidationTests.RSTInstructions_Take16Cycles" storage="/home/runner/work/blazorboy/blazorboy/src/gameboy.tests/bin/debug/net8.0/gameboy.tests.dll" id="67802453-232d-0f73-5d3c-a03200b5ee42">
      <Execution id="ceee6155-5995-462a-8c0e-d1c6d0f35385" />
      <TestMethod codeBase="/home/runner/work/BlazorBoy/BlazorBoy/src/GameBoy.Tests/bin/Debug/net8.0/GameBoy.Tests.dll" adapterTypeName="executor://xunit/VsTestRunner2/netcoreapp" className="GameBoy.Tests.CycleAccuracyValidationTests" name="RSTInstructions_Take16Cycles" />
    </UnitTest>
    <UnitTest name="GameBoy.Tests.CartridgeTests.Detect_AllMbc5Variants_ReturnsCorrectCartridge(cartridgeType: 27)" storage="/home/runner/work/blazorboy/blazorboy/src/gameboy.tests/bin/debug/net8.0/gameboy.tests.dll" id="8a920482-bb78-609e-ade1-d9fd2bf946ac">
      <Execution id="1cc02a2d-8926-476f-9568-9e2e1a7c78a7" />
      <TestMethod codeBase="/home/runner/work/BlazorBoy/BlazorBoy/src/GameBoy.Tests/bin/Debug/net8.0/GameBoy.Tests.dll" adapterTypeName="executor://xunit/VsTestRunner2/netcoreapp" className="GameBoy.Tests.CartridgeTests" name="Detect_AllMbc5Variants_ReturnsCorrectCartridge" />
    </UnitTest>
    <UnitTest name="GameBoy.Tests.InstructionDecodingTests.SpecificInstructions_HaveCorrectMetadata(opcode: 250, expectedMnemonic: &quot;LD A,(a16)&quot;, expectedLength: 3, expectedCycles: 16, expectedOperandType: MemoryImmediate16)" storage="/home/runner/work/blazorboy/blazorboy/src/gameboy.tests/bin/debug/net8.0/gameboy.tests.dll" id="97046c6a-6e81-8947-5978-8b6f728ddfb1">
      <Execution id="fb1800ca-7a17-4d3d-ab70-c3417852628a" />
      <TestMethod codeBase="/home/runner/work/BlazorBoy/BlazorBoy/src/GameBoy.Tests/bin/Debug/net8.0/GameBoy.Tests.dll" adapterTypeName="executor://xunit/VsTestRunner2/netcoreapp" className="GameBoy.Tests.InstructionDecodingTests" name="SpecificInstructions_HaveCorrectMetadata" />
    </UnitTest>
    <UnitTest name="GameBoy.Tests.SpriteTests.Constructor_WithOamDataAndOffset_ParsesCorrectly" storage="/home/runner/work/blazorboy/blazorboy/src/gameboy.tests/bin/debug/net8.0/gameboy.tests.dll" id="512023fe-f70e-d90d-5d4d-6648bf91def5">
      <Execution id="578783cc-8e13-44dd-9f49-e0a0e3903450" />
      <TestMethod codeBase="/home/runner/work/BlazorBoy/BlazorBoy/src/GameBoy.Tests/bin/Debug/net8.0/GameBoy.Tests.dll" adapterTypeName="executor://xunit/VsTestRunner2/netcoreapp" className="GameBoy.Tests.SpriteTests" name="Constructor_WithOamDataAndOffset_ParsesCorrectly" />
    </UnitTest>
    <UnitTest name="GameBoy.Tests.InterruptIntegrationTests.PPU_Step_RequestsVBlankInterrupt" storage="/home/runner/work/blazorboy/blazorboy/src/gameboy.tests/bin/debug/net8.0/gameboy.tests.dll" id="9d8d1da3-97db-080b-6b5c-0c51c394426d">
      <Execution id="0b9585c2-8ce7-4ee6-ace6-1755e42cc832" />
      <TestMethod codeBase="/home/runner/work/BlazorBoy/BlazorBoy/src/GameBoy.Tests/bin/Debug/net8.0/GameBoy.Tests.dll" adapterTypeName="executor://xunit/VsTestRunner2/netcoreapp" className="GameBoy.Tests.InterruptIntegrationTests" name="PPU_Step_RequestsVBlankInterrupt" />
    </UnitTest>
    <UnitTest name="GameBoy.Tests.InstructionTimingTests.ConditionalJumpNotTaken_Takes12Cycles" storage="/home/runner/work/blazorboy/blazorboy/src/gameboy.tests/bin/debug/net8.0/gameboy.tests.dll" id="a1a9fb4d-44bc-a0be-04bf-443967c7cabe">
      <Execution id="6abb0c45-293e-48de-8342-b3e464de3aa0" />
      <TestMethod codeBase="/home/runner/work/BlazorBoy/BlazorBoy/src/GameBoy.Tests/bin/Debug/net8.0/GameBoy.Tests.dll" adapterTypeName="executor://xunit/VsTestRunner2/netcoreapp" className="GameBoy.Tests.InstructionTimingTests" name="ConditionalJumpNotTaken_Takes12Cycles" />
    </UnitTest>
    <UnitTest name="GameBoy.Tests.EmulatorMbcIntegrationTests.Emulator_ExternalRamAccessibility_AllMbcTypes" storage="/home/runner/work/blazorboy/blazorboy/src/gameboy.tests/bin/debug/net8.0/gameboy.tests.dll" id="e5d42409-ac9d-df3e-a096-d0c7d1b4028f">
      <Execution id="acdf8f3d-21d0-4e4b-b16b-a2f8bd027dc0" />
      <TestMethod codeBase="/home/runner/work/BlazorBoy/BlazorBoy/src/GameBoy.Tests/bin/Debug/net8.0/GameBoy.Tests.dll" adapterTypeName="executor://xunit/VsTestRunner2/netcoreapp" className="GameBoy.Tests.EmulatorMbcIntegrationTests" name="Emulator_ExternalRamAccessibility_AllMbcTypes" />
    </UnitTest>
    <UnitTest name="GameBoy.Tests.InstructionDecodingTests.SpecificInstructions_HaveCorrectMetadata(opcode: 70, expectedMnemonic: &quot;LD B,(HL)&quot;, expectedLength: 1, expectedCycles: 8, expectedOperandType: Memory)" storage="/home/runner/work/blazorboy/blazorboy/src/gameboy.tests/bin/debug/net8.0/gameboy.tests.dll" id="f2f72251-7ff4-def6-c2fa-951bdc1f5ab8">
      <Execution id="526f57f6-caf3-4be4-a01f-860ff6ddb8b4" />
      <TestMethod codeBase="/home/runner/work/BlazorBoy/BlazorBoy/src/GameBoy.Tests/bin/Debug/net8.0/GameBoy.Tests.dll" adapterTypeName="executor://xunit/VsTestRunner2/netcoreapp" className="GameBoy.Tests.InstructionDecodingTests" name="SpecificInstructions_HaveCorrectMetadata" />
    </UnitTest>
    <UnitTest name="GameBoy.Tests.Mbc5Tests.WriteRom_BoundaryAddresses_HandledCorrectly" storage="/home/runner/work/blazorboy/blazorboy/src/gameboy.tests/bin/debug/net8.0/gameboy.tests.dll" id="1bc5c7fa-f56c-7a2a-1f34-514dc823bdf2">
      <Execution id="641a849b-cf70-4a79-a79c-3ad483348661" />
      <TestMethod codeBase="/home/runner/work/BlazorBoy/BlazorBoy/src/GameBoy.Tests/bin/Debug/net8.0/GameBoy.Tests.dll" adapterTypeName="executor://xunit/VsTestRunner2/netcoreapp" className="GameBoy.Tests.Mbc5Tests" name="WriteRom_BoundaryAddresses_HandledCorrectly" />
    </UnitTest>
    <UnitTest name="GameBoy.Tests.CpuAddressingTests.HL_IncrementDecrement_HandlesOverflowCorrectly" storage="/home/runner/work/blazorboy/blazorboy/src/gameboy.tests/bin/debug/net8.0/gameboy.tests.dll" id="5d0d8ccb-a2bc-886d-beda-f4f6179b95cf">
      <Execution id="36c208c5-945b-46cd-9c98-aff2c712b2c4" />
      <TestMethod codeBase="/home/runner/work/BlazorBoy/BlazorBoy/src/GameBoy.Tests/bin/Debug/net8.0/GameBoy.Tests.dll" adapterTypeName="executor://xunit/VsTestRunner2/netcoreapp" className="GameBoy.Tests.CpuAddressingTests" name="HL_IncrementDecrement_HandlesOverflowCorrectly" />
    </UnitTest>
    <UnitTest name="GameBoy.Tests.PaletteTests.GetRgbaColor_CombinesMappingAndConversion(paletteValue: 228, colorIndex: 0, expectedRgba: -6571249)" storage="/home/runner/work/blazorboy/blazorboy/src/gameboy.tests/bin/debug/net8.0/gameboy.tests.dll" id="738a10a5-0711-745a-4ac2-60c66f518068">
      <Execution id="4393abbe-adf6-4f71-8566-2cd9cdf10027" />
      <TestMethod codeBase="/home/runner/work/BlazorBoy/BlazorBoy/src/GameBoy.Tests/bin/Debug/net8.0/GameBoy.Tests.dll" adapterTypeName="executor://xunit/VsTestRunner2/netcoreapp" className="GameBoy.Tests.PaletteTests" name="GetRgbaColor_CombinesMappingAndConversion" />
    </UnitTest>
    <UnitTest name="GameBoy.Tests.Integration.BlarggIntegrationTests.CpuInstrs_IndividualTests_ExecuteSuccessfully(romFile: &quot;06-ld r,r.gb&quot;, description: &quot;LD r,r instruction test&quot;)" storage="/home/runner/work/blazorboy/blazorboy/src/gameboy.tests/bin/debug/net8.0/gameboy.tests.dll" id="3feae3b1-f4e0-e12a-31da-300a454e391b">
      <Execution id="8df066f4-fd30-4496-a4ff-5633491ef5ba" />
      <TestMethod codeBase="/home/runner/work/BlazorBoy/BlazorBoy/src/GameBoy.Tests/bin/Debug/net8.0/GameBoy.Tests.dll" adapterTypeName="executor://xunit/VsTestRunner2/netcoreapp" className="GameBoy.Tests.Integration.BlarggIntegrationTests" name="CpuInstrs_IndividualTests_ExecuteSuccessfully" />
    </UnitTest>
    <UnitTest name="GameBoy.Tests.InstructionDecodingTests.OpcodeTable_Primary_Has256Entries" storage="/home/runner/work/blazorboy/blazorboy/src/gameboy.tests/bin/debug/net8.0/gameboy.tests.dll" id="5f331914-41b3-92d2-2fc0-87e754e4a46b">
      <Execution id="068d6989-78bd-4835-a1d6-8dee3add6f03" />
      <TestMethod codeBase="/home/runner/work/BlazorBoy/BlazorBoy/src/GameBoy.Tests/bin/Debug/net8.0/GameBoy.Tests.dll" adapterTypeName="executor://xunit/VsTestRunner2/netcoreapp" className="GameBoy.Tests.InstructionDecodingTests" name="OpcodeTable_Primary_Has256Entries" />
    </UnitTest>
    <UnitTest name="GameBoy.Tests.Mbc3Tests.RtcRegisters_InvalidRegisterAccess_ReturnsFF" storage="/home/runner/work/blazorboy/blazorboy/src/gameboy.tests/bin/debug/net8.0/gameboy.tests.dll" id="57d568c1-bd70-919f-3764-999333747a26">
      <Execution id="edd33163-9b2c-4793-b4ae-ef1fe96db090" />
      <TestMethod codeBase="/home/runner/work/BlazorBoy/BlazorBoy/src/GameBoy.Tests/bin/Debug/net8.0/GameBoy.Tests.dll" adapterTypeName="executor://xunit/VsTestRunner2/netcoreapp" className="GameBoy.Tests.Mbc3Tests" name="RtcRegisters_InvalidRegisterAccess_ReturnsFF" />
    </UnitTest>
    <UnitTest name="GameBoy.Tests.TimerBlarggTests.BlarggTimer_Test05_ReloadTiming" storage="/home/runner/work/blazorboy/blazorboy/src/gameboy.tests/bin/debug/net8.0/gameboy.tests.dll" id="83c014b4-1649-7cfe-2146-fc2ae5b4fd84">
      <Execution id="f3a57af5-fddc-4a0c-94e9-3abe554b0018" />
      <TestMethod codeBase="/home/runner/work/BlazorBoy/BlazorBoy/src/GameBoy.Tests/bin/Debug/net8.0/GameBoy.Tests.dll" adapterTypeName="executor://xunit/VsTestRunner2/netcoreapp" className="GameBoy.Tests.TimerBlarggTests" name="BlarggTimer_Test05_ReloadTiming" />
    </UnitTest>
    <UnitTest name="GameBoy.Tests.AluTests.Add_HalfCarryOnly_SetsHalfCarryFlag" storage="/home/runner/work/blazorboy/blazorboy/src/gameboy.tests/bin/debug/net8.0/gameboy.tests.dll" id="b150f0c7-fa26-71ca-4a24-1979b341f3ca">
      <Execution id="f1c3ed76-1c94-4923-8ab6-791f585b6459" />
      <TestMethod codeBase="/home/runner/work/BlazorBoy/BlazorBoy/src/GameBoy.Tests/bin/Debug/net8.0/GameBoy.Tests.dll" adapterTypeName="executor://xunit/VsTestRunner2/netcoreapp" className="GameBoy.Tests.AluTests" name="Add_HalfCarryOnly_SetsHalfCarryFlag" />
    </UnitTest>
    <UnitTest name="GameBoy.Tests.LcdcTests.BgWindowTileDataArea_ReturnsCorrectValue(value: 16, expected: True)" storage="/home/runner/work/blazorboy/blazorboy/src/gameboy.tests/bin/debug/net8.0/gameboy.tests.dll" id="bc1f2f38-ab8f-b08d-46e0-e8f899df04f6">
      <Execution id="82f53507-b27f-41d6-89ce-ef92d9f80b3e" />
      <TestMethod codeBase="/home/runner/work/BlazorBoy/BlazorBoy/src/GameBoy.Tests/bin/Debug/net8.0/GameBoy.Tests.dll" adapterTypeName="executor://xunit/VsTestRunner2/netcoreapp" className="GameBoy.Tests.LcdcTests" name="BgWindowTileDataArea_ReturnsCorrectValue" />
    </UnitTest>
    <UnitTest name="GameBoy.Tests.InstructionTimingTests.Inc16BitRegister_Takes8Cycles" storage="/home/runner/work/blazorboy/blazorboy/src/gameboy.tests/bin/debug/net8.0/gameboy.tests.dll" id="82d51568-c86c-9d23-cacd-3dff96d34990">
      <Execution id="39718432-22b9-4a22-94f3-d46fb0453394" />
      <TestMethod codeBase="/home/runner/work/BlazorBoy/BlazorBoy/src/GameBoy.Tests/bin/Debug/net8.0/GameBoy.Tests.dll" adapterTypeName="executor://xunit/VsTestRunner2/netcoreapp" className="GameBoy.Tests.InstructionTimingTests" name="Inc16BitRegister_Takes8Cycles" />
    </UnitTest>
    <UnitTest name="GameBoy.Tests.AdvancedTimingTests.StoreSPAbsolute_Takes20Cycles" storage="/home/runner/work/blazorboy/blazorboy/src/gameboy.tests/bin/debug/net8.0/gameboy.tests.dll" id="48e124c6-58d9-0767-37d4-5dbe743c6ed9">
      <Execution id="8e48b7d9-b1a7-48d8-b8ec-012bd2fe445d" />
      <TestMethod codeBase="/home/runner/work/BlazorBoy/BlazorBoy/src/GameBoy.Tests/bin/Debug/net8.0/GameBoy.Tests.dll" adapterTypeName="executor://xunit/VsTestRunner2/netcoreapp" className="GameBoy.Tests.AdvancedTimingTests" name="StoreSPAbsolute_Takes20Cycles" />
    </UnitTest>
    <UnitTest name="GameBoy.Tests.Mbc5Tests.WriteRom_Bank0Selection_AllowsBank0" storage="/home/runner/work/blazorboy/blazorboy/src/gameboy.tests/bin/debug/net8.0/gameboy.tests.dll" id="eac1986f-bb1b-f50b-46b4-53e51dd584ab">
      <Execution id="850b7921-8eb3-46ea-be1f-b43d9edcffc0" />
      <TestMethod codeBase="/home/runner/work/BlazorBoy/BlazorBoy/src/GameBoy.Tests/bin/Debug/net8.0/GameBoy.Tests.dll" adapterTypeName="executor://xunit/VsTestRunner2/netcoreapp" className="GameBoy.Tests.Mbc5Tests" name="WriteRom_Bank0Selection_AllowsBank0" />
    </UnitTest>
    <UnitTest name="GameBoy.Tests.CartridgeTests.Detect_AllMbc2Variants_ThrowsNotSupportedException(cartridgeType: 6)" storage="/home/runner/work/blazorboy/blazorboy/src/gameboy.tests/bin/debug/net8.0/gameboy.tests.dll" id="0f6056d8-3f87-2ab3-889d-d689a2583254">
      <Execution id="8dd6574c-1404-400d-bc2f-75e69b42d141" />
      <TestMethod codeBase="/home/runner/work/BlazorBoy/BlazorBoy/src/GameBoy.Tests/bin/Debug/net8.0/GameBoy.Tests.dll" adapterTypeName="executor://xunit/VsTestRunner2/netcoreapp" className="GameBoy.Tests.CartridgeTests" name="Detect_AllMbc2Variants_ThrowsNotSupportedException" />
    </UnitTest>
    <UnitTest name="GameBoy.Tests.SpriteTests.BehindBackground_ReturnsCorrectValue(attributes: 128, expected: True)" storage="/home/runner/work/blazorboy/blazorboy/src/gameboy.tests/bin/debug/net8.0/gameboy.tests.dll" id="891b6c4c-0f1c-a3da-334d-a081827ff514">
      <Execution id="6afbe4b5-7d24-401d-a372-932f0806cae9" />
      <TestMethod codeBase="/home/runner/work/BlazorBoy/BlazorBoy/src/GameBoy.Tests/bin/Debug/net8.0/GameBoy.Tests.dll" adapterTypeName="executor://xunit/VsTestRunner2/netcoreapp" className="GameBoy.Tests.SpriteTests" name="BehindBackground_ReturnsCorrectValue" />
    </UnitTest>
    <UnitTest name="GameBoy.Tests.InstructionTimingTests.ReturnFromInterrupt_Takes16Cycles" storage="/home/runner/work/blazorboy/blazorboy/src/gameboy.tests/bin/debug/net8.0/gameboy.tests.dll" id="9b5a231c-8a7c-1233-7850-a4f061648ca1">
      <Execution id="40b5febe-50f1-4d2d-bc67-d7e55c44026e" />
      <TestMethod codeBase="/home/runner/work/BlazorBoy/BlazorBoy/src/GameBoy.Tests/bin/Debug/net8.0/GameBoy.Tests.dll" adapterTypeName="executor://xunit/VsTestRunner2/netcoreapp" className="GameBoy.Tests.InstructionTimingTests" name="ReturnFromInterrupt_Takes16Cycles" />
    </UnitTest>
    <UnitTest name="GameBoy.Tests.InstructionTimingTests.LoadImmediate16_Takes12Cycles" storage="/home/runner/work/blazorboy/blazorboy/src/gameboy.tests/bin/debug/net8.0/gameboy.tests.dll" id="943cc5a5-26d0-aad1-40f4-9c9d4bed2506">
      <Execution id="91ed482c-68fc-4f3f-8925-b192b31b199c" />
      <TestMethod codeBase="/home/runner/work/BlazorBoy/BlazorBoy/src/GameBoy.Tests/bin/Debug/net8.0/GameBoy.Tests.dll" adapterTypeName="executor://xunit/VsTestRunner2/netcoreapp" className="GameBoy.Tests.InstructionTimingTests" name="LoadImmediate16_Takes12Cycles" />
    </UnitTest>
    <UnitTest name="GameBoy.Tests.LcdcTests.WindowTileMapArea_ReturnsCorrectValue(value: 191, expected: False)" storage="/home/runner/work/blazorboy/blazorboy/src/gameboy.tests/bin/debug/net8.0/gameboy.tests.dll" id="19484f21-13e0-96ce-4ea1-c39b9034350b">
      <Execution id="290eb5ad-d3a6-4122-b3ee-78b38a2e5889" />
      <TestMethod codeBase="/home/runner/work/BlazorBoy/BlazorBoy/src/GameBoy.Tests/bin/Debug/net8.0/GameBoy.Tests.dll" adapterTypeName="executor://xunit/VsTestRunner2/netcoreapp" className="GameBoy.Tests.LcdcTests" name="WindowTileMapArea_ReturnsCorrectValue" />
    </UnitTest>
    <UnitTest name="GameBoy.Tests.SpriteTests.GetBottomTileIndex_ReturnsOddIndex(tileIndex: 4, expected: 5)" storage="/home/runner/work/blazorboy/blazorboy/src/gameboy.tests/bin/debug/net8.0/gameboy.tests.dll" id="f00a7902-4f73-29ad-afd2-cbb228a93755">
      <Execution id="4d96eb88-2676-46ea-91d4-c8b7d29cd93e" />
      <TestMethod codeBase="/home/runner/work/BlazorBoy/BlazorBoy/src/GameBoy.Tests/bin/Debug/net8.0/GameBoy.Tests.dll" adapterTypeName="executor://xunit/VsTestRunner2/netcoreapp" className="GameBoy.Tests.SpriteTests" name="GetBottomTileIndex_ReturnsOddIndex" />
    </UnitTest>
    <UnitTest name="GameBoy.Tests.SpriteTests.Constructor_WithIndividualValues_InitializesCorrectly" storage="/home/runner/work/blazorboy/blazorboy/src/gameboy.tests/bin/debug/net8.0/gameboy.tests.dll" id="46475b5d-4789-149f-b9d6-7a4019aaeca4">
      <Execution id="c30383d1-b29d-4863-aa06-16969185d126" />
      <TestMethod codeBase="/home/runner/work/BlazorBoy/BlazorBoy/src/GameBoy.Tests/bin/Debug/net8.0/GameBoy.Tests.dll" adapterTypeName="executor://xunit/VsTestRunner2/netcoreapp" className="GameBoy.Tests.SpriteTests" name="Constructor_WithIndividualValues_InitializesCorrectly" />
    </UnitTest>
    <UnitTest name="GameBoy.Tests.CpuMmuIntegrationTests.CPU_AccessesVRamThroughMMU" storage="/home/runner/work/blazorboy/blazorboy/src/gameboy.tests/bin/debug/net8.0/gameboy.tests.dll" id="f0574551-959d-902f-acf8-45820338011a">
      <Execution id="f3d566e9-8094-4a32-9575-b8723f0ea731" />
      <TestMethod codeBase="/home/runner/work/BlazorBoy/BlazorBoy/src/GameBoy.Tests/bin/Debug/net8.0/GameBoy.Tests.dll" adapterTypeName="executor://xunit/VsTestRunner2/netcoreapp" className="GameBoy.Tests.CpuMmuIntegrationTests" name="CPU_AccessesVRamThroughMMU" />
    </UnitTest>
    <UnitTest name="GameBoy.Tests.CpuAddressingTests.ReadHighC_ReadsFromHighRAMPlusCRegister" storage="/home/runner/work/blazorboy/blazorboy/src/gameboy.tests/bin/debug/net8.0/gameboy.tests.dll" id="c20216b8-3d53-870c-3d98-85b451f87145">
      <Execution id="f6c31e83-1372-4703-81c5-5dce68089004" />
      <TestMethod codeBase="/home/runner/work/BlazorBoy/BlazorBoy/src/GameBoy.Tests/bin/Debug/net8.0/GameBoy.Tests.dll" adapterTypeName="executor://xunit/VsTestRunner2/netcoreapp" className="GameBoy.Tests.CpuAddressingTests" name="ReadHighC_ReadsFromHighRAMPlusCRegister" />
    </UnitTest>
    <UnitTest name="GameBoy.Tests.AluTests.AddWithCarry_WithCarryIn_AddsOne" storage="/home/runner/work/blazorboy/blazorboy/src/gameboy.tests/bin/debug/net8.0/gameboy.tests.dll" id="bcd5ab7b-5b8c-0cc6-16bd-a266853b805c">
      <Execution id="e4f1de42-b832-455c-a45c-c06f8101ce05" />
      <TestMethod codeBase="/home/runner/work/BlazorBoy/BlazorBoy/src/GameBoy.Tests/bin/Debug/net8.0/GameBoy.Tests.dll" adapterTypeName="executor://xunit/VsTestRunner2/netcoreapp" className="GameBoy.Tests.AluTests" name="AddWithCarry_WithCarryIn_AddsOne" />
    </UnitTest>
    <UnitTest name="GameBoy.Tests.CpuMmuIntegrationTests.CPU_AccessesHighRamThroughMMU" storage="/home/runner/work/blazorboy/blazorboy/src/gameboy.tests/bin/debug/net8.0/gameboy.tests.dll" id="40dcbde5-3f76-b90a-2d88-adfe176f7e60">
      <Execution id="3435d706-9749-405d-afc8-1a1641e8397b" />
      <TestMethod codeBase="/home/runner/work/BlazorBoy/BlazorBoy/src/GameBoy.Tests/bin/Debug/net8.0/GameBoy.Tests.dll" adapterTypeName="executor://xunit/VsTestRunner2/netcoreapp" className="GameBoy.Tests.CpuMmuIntegrationTests" name="CPU_AccessesHighRamThroughMMU" />
    </UnitTest>
    <UnitTest name="GameBoy.Tests.InterruptControllerTests.Service_ClearsCorrectIFBit(interruptType: LCDStat, bitMask: 2)" storage="/home/runner/work/blazorboy/blazorboy/src/gameboy.tests/bin/debug/net8.0/gameboy.tests.dll" id="102b6154-19f2-4e25-10de-c96e85d6fba1">
      <Execution id="4eb1c4d8-0068-4970-beee-9629ee3130e7" />
      <TestMethod codeBase="/home/runner/work/BlazorBoy/BlazorBoy/src/GameBoy.Tests/bin/Debug/net8.0/GameBoy.Tests.dll" adapterTypeName="executor://xunit/VsTestRunner2/netcoreapp" className="GameBoy.Tests.InterruptControllerTests" name="Service_ClearsCorrectIFBit" />
    </UnitTest>
    <UnitTest name="GameBoy.Tests.InstructionTimingTests.UnconditionalCall_Takes24Cycles" storage="/home/runner/work/blazorboy/blazorboy/src/gameboy.tests/bin/debug/net8.0/gameboy.tests.dll" id="05d80157-bc05-01ff-af3f-d9d6bbd96ae0">
      <Execution id="571b23f1-8fc7-4cee-acac-c3c6c1bac2e9" />
      <TestMethod codeBase="/home/runner/work/BlazorBoy/BlazorBoy/src/GameBoy.Tests/bin/Debug/net8.0/GameBoy.Tests.dll" adapterTypeName="executor://xunit/VsTestRunner2/netcoreapp" className="GameBoy.Tests.InstructionTimingTests" name="UnconditionalCall_Takes24Cycles" />
    </UnitTest>
    <UnitTest name="GameBoy.Tests.LcdcTests.BgTileMapArea_ReturnsCorrectValue(value: 247, expected: False)" storage="/home/runner/work/blazorboy/blazorboy/src/gameboy.tests/bin/debug/net8.0/gameboy.tests.dll" id="b59519ca-aa48-fdfc-4639-a0614012475d">
      <Execution id="d89318b3-8ada-4076-9921-cf0a177f4646" />
      <TestMethod codeBase="/home/runner/work/BlazorBoy/BlazorBoy/src/GameBoy.Tests/bin/Debug/net8.0/GameBoy.Tests.dll" adapterTypeName="executor://xunit/VsTestRunner2/netcoreapp" className="GameBoy.Tests.LcdcTests" name="BgTileMapArea_ReturnsCorrectValue" />
    </UnitTest>
    <UnitTest name="GameBoy.Tests.CpuMmuIntegrationTests.Stack_Operations_RouteThroughMMU_ViaOpcodes" storage="/home/runner/work/blazorboy/blazorboy/src/gameboy.tests/bin/debug/net8.0/gameboy.tests.dll" id="53ee850d-335f-1883-3bc5-fe9892d1ae7d">
      <Execution id="7fa2affa-f3c1-4e17-8de1-eb54e6131e93" />
      <TestMethod codeBase="/home/runner/work/BlazorBoy/BlazorBoy/src/GameBoy.Tests/bin/Debug/net8.0/GameBoy.Tests.dll" adapterTypeName="executor://xunit/VsTestRunner2/netcoreapp" className="GameBoy.Tests.CpuMmuIntegrationTests" name="Stack_Operations_RouteThroughMMU_ViaOpcodes" />
    </UnitTest>
    <UnitTest name="GameBoy.Tests.LcdcTests.BgWindowTileDataArea_ReturnsCorrectValue(value: 239, expected: False)" storage="/home/runner/work/blazorboy/blazorboy/src/gameboy.tests/bin/debug/net8.0/gameboy.tests.dll" id="e9e8a3a9-0d7d-1875-5baa-f3adb92627cb">
      <Execution id="e525e54b-b7f1-40d2-bbe3-e7b2702a81fc" />
      <TestMethod codeBase="/home/runner/work/BlazorBoy/BlazorBoy/src/GameBoy.Tests/bin/Debug/net8.0/GameBoy.Tests.dll" adapterTypeName="executor://xunit/VsTestRunner2/netcoreapp" className="GameBoy.Tests.LcdcTests" name="BgWindowTileDataArea_ReturnsCorrectValue" />
    </UnitTest>
    <UnitTest name="GameBoy.Tests.AluTests.SubtractWithCarry_WithCarryIn_SubtractsOne" storage="/home/runner/work/blazorboy/blazorboy/src/gameboy.tests/bin/debug/net8.0/gameboy.tests.dll" id="1fc7f41c-b93d-2bb7-eebd-a1834947b44e">
      <Execution id="63f8edc8-3ca0-479b-bad2-2efcc1e96a1e" />
      <TestMethod codeBase="/home/runner/work/BlazorBoy/BlazorBoy/src/GameBoy.Tests/bin/Debug/net8.0/GameBoy.Tests.dll" adapterTypeName="executor://xunit/VsTestRunner2/netcoreapp" className="GameBoy.Tests.AluTests" name="SubtractWithCarry_WithCarryIn_SubtractsOne" />
    </UnitTest>
    <UnitTest name="GameBoy.Tests.InstructionTimingTests.LoadImmediate8_Takes8Cycles" storage="/home/runner/work/blazorboy/blazorboy/src/gameboy.tests/bin/debug/net8.0/gameboy.tests.dll" id="7442a55d-f311-aeb2-d728-05e01e86828d">
      <Execution id="850bf6a7-9549-488e-b3c2-03b02feb8218" />
      <TestMethod codeBase="/home/runner/work/BlazorBoy/BlazorBoy/src/GameBoy.Tests/bin/Debug/net8.0/GameBoy.Tests.dll" adapterTypeName="executor://xunit/VsTestRunner2/netcoreapp" className="GameBoy.Tests.InstructionTimingTests" name="LoadImmediate8_Takes8Cycles" />
    </UnitTest>
    <UnitTest name="GameBoy.Tests.SpriteTests.ScreenX_ReturnsCorrectPosition(x: 72, expectedScreenX: 64)" storage="/home/runner/work/blazorboy/blazorboy/src/gameboy.tests/bin/debug/net8.0/gameboy.tests.dll" id="252242f7-1978-3911-65bc-dc4944ddcc63">
      <Execution id="1c76cdd0-40fc-4e1b-8962-cd78e9b13e9f" />
      <TestMethod codeBase="/home/runner/work/BlazorBoy/BlazorBoy/src/GameBoy.Tests/bin/Debug/net8.0/GameBoy.Tests.dll" adapterTypeName="executor://xunit/VsTestRunner2/netcoreapp" className="GameBoy.Tests.SpriteTests" name="ScreenX_ReturnsCorrectPosition" />
    </UnitTest>
    <UnitTest name="GameBoy.Tests.SpriteTests.IsVisibleOnScanline_ReturnsCorrectValue(y: 80, scanline: 68, spriteHeight: 8, expected: True)" storage="/home/runner/work/blazorboy/blazorboy/src/gameboy.tests/bin/debug/net8.0/gameboy.tests.dll" id="8e06f03c-3364-fcdc-4243-0571ff5c543d">
      <Execution id="c4991757-8659-4c9e-8738-84b84f4244fb" />
      <TestMethod codeBase="/home/runner/work/BlazorBoy/BlazorBoy/src/GameBoy.Tests/bin/Debug/net8.0/GameBoy.Tests.dll" adapterTypeName="executor://xunit/VsTestRunner2/netcoreapp" className="GameBoy.Tests.SpriteTests" name="IsVisibleOnScanline_ReturnsCorrectValue" />
    </UnitTest>
    <UnitTest name="GameBoy.Tests.EmulatorMbcIntegrationTests.Emulator_LoadRom_UnsupportedMbc_ThrowsNotSupportedException" storage="/home/runner/work/blazorboy/blazorboy/src/gameboy.tests/bin/debug/net8.0/gameboy.tests.dll" id="96977a3e-1a95-c780-8b0f-9b9e70addc86">
      <Execution id="132e6f57-bc15-41bb-bb05-ed8c1eb3264a" />
      <TestMethod codeBase="/home/runner/work/BlazorBoy/BlazorBoy/src/GameBoy.Tests/bin/Debug/net8.0/GameBoy.Tests.dll" adapterTypeName="executor://xunit/VsTestRunner2/netcoreapp" className="GameBoy.Tests.EmulatorMbcIntegrationTests" name="Emulator_LoadRom_UnsupportedMbc_ThrowsNotSupportedException" />
    </UnitTest>
    <UnitTest name="GameBoy.Tests.InterruptControllerTests.Service_ClearsCorrectIFBit(interruptType: Timer, bitMask: 4)" storage="/home/runner/work/blazorboy/blazorboy/src/gameboy.tests/bin/debug/net8.0/gameboy.tests.dll" id="2797ef88-0515-4b97-105e-5f5296e1c81a">
      <Execution id="b5711036-19ce-4e2a-91d4-fcd5a9d4d8bc" />
      <TestMethod codeBase="/home/runner/work/BlazorBoy/BlazorBoy/src/GameBoy.Tests/bin/Debug/net8.0/GameBoy.Tests.dll" adapterTypeName="executor://xunit/VsTestRunner2/netcoreapp" className="GameBoy.Tests.InterruptControllerTests" name="Service_ClearsCorrectIFBit" />
    </UnitTest>
    <UnitTest name="GameBoy.Tests.Mbc1Tests.ExternalRam_AdvancedMode_EnablesBanking" storage="/home/runner/work/blazorboy/blazorboy/src/gameboy.tests/bin/debug/net8.0/gameboy.tests.dll" id="1abc059c-0b2e-ebb8-ca54-938851accb3a">
      <Execution id="c38a045c-f137-4df4-8966-45839d9eef3c" />
      <TestMethod codeBase="/home/runner/work/BlazorBoy/BlazorBoy/src/GameBoy.Tests/bin/Debug/net8.0/GameBoy.Tests.dll" adapterTypeName="executor://xunit/VsTestRunner2/netcoreapp" className="GameBoy.Tests.Mbc1Tests" name="ExternalRam_AdvancedMode_EnablesBanking" />
    </UnitTest>
    <UnitTest name="GameBoy.Tests.IoRegionWiringTests.IoRegion_AllWrites_CallWriteIoRegister" storage="/home/runner/work/blazorboy/blazorboy/src/gameboy.tests/bin/debug/net8.0/gameboy.tests.dll" id="84951c40-1d39-2cf1-7d54-c2c1cf7967b4">
      <Execution id="25b2190f-bb5c-4beb-841f-513d77c8d2fe" />
      <TestMethod codeBase="/home/runner/work/BlazorBoy/BlazorBoy/src/GameBoy.Tests/bin/Debug/net8.0/GameBoy.Tests.dll" adapterTypeName="executor://xunit/VsTestRunner2/netcoreapp" className="GameBoy.Tests.IoRegionWiringTests" name="IoRegion_AllWrites_CallWriteIoRegister" />
    </UnitTest>
    <UnitTest name="GameBoy.Tests.PaletteTests.DefaultObject_HasCorrectValue" storage="/home/runner/work/blazorboy/blazorboy/src/gameboy.tests/bin/debug/net8.0/gameboy.tests.dll" id="8d18fc07-31f2-380a-5306-8509e23a4581">
      <Execution id="35b36ffa-f268-4286-882a-f22ab8320878" />
      <TestMethod codeBase="/home/runner/work/BlazorBoy/BlazorBoy/src/GameBoy.Tests/bin/Debug/net8.0/GameBoy.Tests.dll" adapterTypeName="executor://xunit/VsTestRunner2/netcoreapp" className="GameBoy.Tests.PaletteTests" name="DefaultObject_HasCorrectValue" />
    </UnitTest>
    <UnitTest name="GameBoy.Tests.CartridgeMmuIntegrationTests.Mmu_ExternalRam_Mbc3WithRtc" storage="/home/runner/work/blazorboy/blazorboy/src/gameboy.tests/bin/debug/net8.0/gameboy.tests.dll" id="d3973571-32a8-c5e0-9b1c-cda06e91ccb3">
      <Execution id="c52087bd-b510-4d6f-af2c-495f5e1c9e63" />
      <TestMethod codeBase="/home/runner/work/BlazorBoy/BlazorBoy/src/GameBoy.Tests/bin/Debug/net8.0/GameBoy.Tests.dll" adapterTypeName="executor://xunit/VsTestRunner2/netcoreapp" className="GameBoy.Tests.CartridgeMmuIntegrationTests" name="Mmu_ExternalRam_Mbc3WithRtc" />
    </UnitTest>
    <UnitTest name="GameBoy.Tests.CpuAddressingTests.WriteImm16Addr_WritesToImmediateAddress" storage="/home/runner/work/blazorboy/blazorboy/src/gameboy.tests/bin/debug/net8.0/gameboy.tests.dll" id="34179792-2372-f1a4-bfa2-c71419beeb96">
      <Execution id="0b480fd5-39e0-446d-94b6-8add479f94e2" />
      <TestMethod codeBase="/home/runner/work/BlazorBoy/BlazorBoy/src/GameBoy.Tests/bin/Debug/net8.0/GameBoy.Tests.dll" adapterTypeName="executor://xunit/VsTestRunner2/netcoreapp" className="GameBoy.Tests.CpuAddressingTests" name="WriteImm16Addr_WritesToImmediateAddress" />
    </UnitTest>
    <UnitTest name="GameBoy.Tests.CpuAddressingTests.ReadImm16Addr_ReadsFromImmediateAddress" storage="/home/runner/work/blazorboy/blazorboy/src/gameboy.tests/bin/debug/net8.0/gameboy.tests.dll" id="42334b4e-a9e4-fed1-ce65-dd9bb063f4ff">
      <Execution id="510ab8d2-8f28-4866-a9b7-0fb0c27ad6c4" />
      <TestMethod codeBase="/home/runner/work/BlazorBoy/BlazorBoy/src/GameBoy.Tests/bin/Debug/net8.0/GameBoy.Tests.dll" adapterTypeName="executor://xunit/VsTestRunner2/netcoreapp" className="GameBoy.Tests.CpuAddressingTests" name="ReadImm16Addr_ReadsFromImmediateAddress" />
    </UnitTest>
    <UnitTest name="GameBoy.Tests.InstructionTimingTests.IncRegister_Takes4Cycles" storage="/home/runner/work/blazorboy/blazorboy/src/gameboy.tests/bin/debug/net8.0/gameboy.tests.dll" id="c11fd451-9a6a-2d58-c0f1-4e8158f44ab5">
      <Execution id="3d1b876f-db66-4398-bea1-fc50fd2df59e" />
      <TestMethod codeBase="/home/runner/work/BlazorBoy/BlazorBoy/src/GameBoy.Tests/bin/Debug/net8.0/GameBoy.Tests.dll" adapterTypeName="executor://xunit/VsTestRunner2/netcoreapp" className="GameBoy.Tests.InstructionTimingTests" name="IncRegister_Takes4Cycles" />
    </UnitTest>
    <UnitTest name="GameBoy.Tests.SpriteTests.FlipX_ReturnsCorrectValue(attributes: 32, expected: True)" storage="/home/runner/work/blazorboy/blazorboy/src/gameboy.tests/bin/debug/net8.0/gameboy.tests.dll" id="f2ff0403-9100-ea9c-f478-de8ca6052f7d">
      <Execution id="34ce6c15-a40b-45da-951f-3255bbcae400" />
      <TestMethod codeBase="/home/runner/work/BlazorBoy/BlazorBoy/src/GameBoy.Tests/bin/Debug/net8.0/GameBoy.Tests.dll" adapterTypeName="executor://xunit/VsTestRunner2/netcoreapp" className="GameBoy.Tests.SpriteTests" name="FlipX_ReturnsCorrectValue" />
    </UnitTest>
    <UnitTest name="GameBoy.Tests.AluTests.Add_BasicOperation_CorrectResult" storage="/home/runner/work/blazorboy/blazorboy/src/gameboy.tests/bin/debug/net8.0/gameboy.tests.dll" id="98f535a4-7eca-3a3c-05e8-4b85d8edbbc1">
      <Execution id="edc0089a-31ae-4fdf-822c-3a604ee63216" />
      <TestMethod codeBase="/home/runner/work/BlazorBoy/BlazorBoy/src/GameBoy.Tests/bin/Debug/net8.0/GameBoy.Tests.dll" adapterTypeName="executor://xunit/VsTestRunner2/netcoreapp" className="GameBoy.Tests.AluTests" name="Add_BasicOperation_CorrectResult" />
    </UnitTest>
    <UnitTest name="GameBoy.Tests.InterruptControllerTests.Service_ClearsCorrectIFBit(interruptType: VBlank, bitMask: 1)" storage="/home/runner/work/blazorboy/blazorboy/src/gameboy.tests/bin/debug/net8.0/gameboy.tests.dll" id="7ce549b8-fc8e-0d4c-1ce8-b89b76161e91">
      <Execution id="0065c307-6971-4e4d-a99c-132770dedc90" />
      <TestMethod codeBase="/home/runner/work/BlazorBoy/BlazorBoy/src/GameBoy.Tests/bin/Debug/net8.0/GameBoy.Tests.dll" adapterTypeName="executor://xunit/VsTestRunner2/netcoreapp" className="GameBoy.Tests.InterruptControllerTests" name="Service_ClearsCorrectIFBit" />
    </UnitTest>
    <UnitTest name="GameBoy.Tests.Integration.CpuInstructionTests.LD_B_HL_LoadsRegisterFromMemory" storage="/home/runner/work/blazorboy/blazorboy/src/gameboy.tests/bin/debug/net8.0/gameboy.tests.dll" id="2a93d9c4-a36f-de44-4edc-32992512852d">
      <Execution id="750d039b-1fd2-4917-96ff-d0b723add68b" />
      <TestMethod codeBase="/home/runner/work/BlazorBoy/BlazorBoy/src/GameBoy.Tests/bin/Debug/net8.0/GameBoy.Tests.dll" adapterTypeName="executor://xunit/VsTestRunner2/netcoreapp" className="GameBoy.Tests.Integration.CpuInstructionTests" name="LD_B_HL_LoadsRegisterFromMemory" />
    </UnitTest>
    <UnitTest name="GameBoy.Tests.MmuTests.DIV_ReadsDefaultValue" storage="/home/runner/work/blazorboy/blazorboy/src/gameboy.tests/bin/debug/net8.0/gameboy.tests.dll" id="b4c8c3b9-a36c-6415-a70e-08ca70305f80">
      <Execution id="565e0a6e-3380-42eb-b184-67797b04709c" />
      <TestMethod codeBase="/home/runner/work/BlazorBoy/BlazorBoy/src/GameBoy.Tests/bin/Debug/net8.0/GameBoy.Tests.dll" adapterTypeName="executor://xunit/VsTestRunner2/netcoreapp" className="GameBoy.Tests.MmuTests" name="DIV_ReadsDefaultValue" />
    </UnitTest>
    <UnitTest name="GameBoy.Tests.CpuAddressingTests.GetR8_ThrowsForInvalidIndex" storage="/home/runner/work/blazorboy/blazorboy/src/gameboy.tests/bin/debug/net8.0/gameboy.tests.dll" id="81e9898a-dae0-2d9c-2628-6c8ec1abaae7">
      <Execution id="fd9c3af7-bb20-49d8-8845-9a5ca01fc541" />
      <TestMethod codeBase="/home/runner/work/BlazorBoy/BlazorBoy/src/GameBoy.Tests/bin/Debug/net8.0/GameBoy.Tests.dll" adapterTypeName="executor://xunit/VsTestRunner2/netcoreapp" className="GameBoy.Tests.CpuAddressingTests" name="GetR8_ThrowsForInvalidIndex" />
    </UnitTest>
    <UnitTest name="GameBoy.Tests.InterruptControllerTests.IF_SetAndRead_ReturnsCorrectValues(setValue: 2, expectedRead: 226)" storage="/home/runner/work/blazorboy/blazorboy/src/gameboy.tests/bin/debug/net8.0/gameboy.tests.dll" id="70707b60-e0a4-acc9-b5c8-c19db3ea80ba">
      <Execution id="f2eca203-400d-4a85-8a63-57a817173b94" />
      <TestMethod codeBase="/home/runner/work/BlazorBoy/BlazorBoy/src/GameBoy.Tests/bin/Debug/net8.0/GameBoy.Tests.dll" adapterTypeName="executor://xunit/VsTestRunner2/netcoreapp" className="GameBoy.Tests.InterruptControllerTests" name="IF_SetAndRead_ReturnsCorrectValues" />
    </UnitTest>
    <UnitTest name="GameBoy.Tests.PaletteTests.GetRgbaColor_CombinesMappingAndConversion(paletteValue: 228, colorIndex: 3, expectedRgba: -15779825)" storage="/home/runner/work/blazorboy/blazorboy/src/gameboy.tests/bin/debug/net8.0/gameboy.tests.dll" id="9eb2c353-03f0-5f64-e4b4-63583e65dddf">
      <Execution id="851ab98b-e9e2-4ef6-8e42-101ac898e10a" />
      <TestMethod codeBase="/home/runner/work/BlazorBoy/BlazorBoy/src/GameBoy.Tests/bin/Debug/net8.0/GameBoy.Tests.dll" adapterTypeName="executor://xunit/VsTestRunner2/netcoreapp" className="GameBoy.Tests.PaletteTests" name="GetRgbaColor_CombinesMappingAndConversion" />
    </UnitTest>
    <UnitTest name="GameBoy.Tests.InterruptServiceRoutineTests.NoInterrupt_WhenIMEDisabled" storage="/home/runner/work/blazorboy/blazorboy/src/gameboy.tests/bin/debug/net8.0/gameboy.tests.dll" id="5ab078bb-d2db-e6f4-495f-0fd661e9e206">
      <Execution id="568fa393-539d-4ae5-b3ab-2340ffb3a42c" />
      <TestMethod codeBase="/home/runner/work/BlazorBoy/BlazorBoy/src/GameBoy.Tests/bin/Debug/net8.0/GameBoy.Tests.dll" adapterTypeName="executor://xunit/VsTestRunner2/netcoreapp" className="GameBoy.Tests.InterruptServiceRoutineTests" name="NoInterrupt_WhenIMEDisabled" />
    </UnitTest>
    <UnitTest name="GameBoy.Tests.Integration.CpuInstructionTests.HALT_StopsExecution" storage="/home/runner/work/blazorboy/blazorboy/src/gameboy.tests/bin/debug/net8.0/gameboy.tests.dll" id="f463891b-fd87-ca77-6056-1127d204fbb8">
      <Execution id="015ef42b-d4d4-4d64-86bb-7c0e460a1c0d" />
      <TestMethod codeBase="/home/runner/work/BlazorBoy/BlazorBoy/src/GameBoy.Tests/bin/Debug/net8.0/GameBoy.Tests.dll" adapterTypeName="executor://xunit/VsTestRunner2/netcoreapp" className="GameBoy.Tests.Integration.CpuInstructionTests" name="HALT_StopsExecution" />
    </UnitTest>
    <UnitTest name="GameBoy.Tests.DmaTests.DMA_ValidSources_CopiesCorrectly(dmaValue: 128, expectedSource: 32768)" storage="/home/runner/work/blazorboy/blazorboy/src/gameboy.tests/bin/debug/net8.0/gameboy.tests.dll" id="859c08ef-38b6-2ec1-aa38-74d6a49030f0">
      <Execution id="928d740b-63ce-4fde-971c-2614b6d157db" />
      <TestMethod codeBase="/home/runner/work/BlazorBoy/BlazorBoy/src/GameBoy.Tests/bin/Debug/net8.0/GameBoy.Tests.dll" adapterTypeName="executor://xunit/VsTestRunner2/netcoreapp" className="GameBoy.Tests.DmaTests" name="DMA_ValidSources_CopiesCorrectly" />
    </UnitTest>
    <UnitTest name="GameBoy.Tests.InterruptIntegrationTests.Timer_MultipleSteps_TriggersMultipleInterrupts" storage="/home/runner/work/blazorboy/blazorboy/src/gameboy.tests/bin/debug/net8.0/gameboy.tests.dll" id="214de0a1-ca05-8f0b-f73d-74153b1766de">
      <Execution id="ffa77e59-5bdb-4516-9438-3cc896c7a128" />
      <TestMethod codeBase="/home/runner/work/BlazorBoy/BlazorBoy/src/GameBoy.Tests/bin/Debug/net8.0/GameBoy.Tests.dll" adapterTypeName="executor://xunit/VsTestRunner2/netcoreapp" className="GameBoy.Tests.InterruptIntegrationTests" name="Timer_MultipleSteps_TriggersMultipleInterrupts" />
    </UnitTest>
    <UnitTest name="GameBoy.Tests.AluTests.AddWithCarry_CarryInCausesHalfCarry" storage="/home/runner/work/blazorboy/blazorboy/src/gameboy.tests/bin/debug/net8.0/gameboy.tests.dll" id="952e2890-324a-d838-d4b1-84d5ed86c944">
      <Execution id="8ba3b0e6-43ea-4fad-9288-7e5e1f52414b" />
      <TestMethod codeBase="/home/runner/work/BlazorBoy/BlazorBoy/src/GameBoy.Tests/bin/Debug/net8.0/GameBoy.Tests.dll" adapterTypeName="executor://xunit/VsTestRunner2/netcoreapp" className="GameBoy.Tests.AluTests" name="AddWithCarry_CarryInCausesHalfCarry" />
    </UnitTest>
    <UnitTest name="GameBoy.Tests.AluTests.Subtract_EdgeCases_BehavesCorrectly(a: 0, operand: 255)" storage="/home/runner/work/blazorboy/blazorboy/src/gameboy.tests/bin/debug/net8.0/gameboy.tests.dll" id="1a2804a3-0827-2fcc-b4ad-1813e1e03c9f">
      <Execution id="7bf80b46-9b7a-4139-b760-03ab2b9ab360" />
      <TestMethod codeBase="/home/runner/work/BlazorBoy/BlazorBoy/src/GameBoy.Tests/bin/Debug/net8.0/GameBoy.Tests.dll" adapterTypeName="executor://xunit/VsTestRunner2/netcoreapp" className="GameBoy.Tests.AluTests" name="Subtract_EdgeCases_BehavesCorrectly" />
    </UnitTest>
    <UnitTest name="GameBoy.Tests.AluTests.Xor_BasicOperation_CorrectResult" storage="/home/runner/work/blazorboy/blazorboy/src/gameboy.tests/bin/debug/net8.0/gameboy.tests.dll" id="bfb1d342-e7f4-aed9-f8c1-b4963cb41e12">
      <Execution id="617f99e8-9caf-4fa6-bdee-a0c23a75106d" />
      <TestMethod codeBase="/home/runner/work/BlazorBoy/BlazorBoy/src/GameBoy.Tests/bin/Debug/net8.0/GameBoy.Tests.dll" adapterTypeName="executor://xunit/VsTestRunner2/netcoreapp" className="GameBoy.Tests.AluTests" name="Xor_BasicOperation_CorrectResult" />
    </UnitTest>
    <UnitTest name="GameBoy.Tests.CartridgeHeaderTests.RomSize_InvalidCodes_DefaultsTo32KB(code: 255)" storage="/home/runner/work/blazorboy/blazorboy/src/gameboy.tests/bin/debug/net8.0/gameboy.tests.dll" id="6a0c53f0-2c18-115f-f674-49a785fc4aaf">
      <Execution id="10cf3213-5d5c-4d07-8260-3899ea0b2669" />
      <TestMethod codeBase="/home/runner/work/BlazorBoy/BlazorBoy/src/GameBoy.Tests/bin/Debug/net8.0/GameBoy.Tests.dll" adapterTypeName="executor://xunit/VsTestRunner2/netcoreapp" className="GameBoy.Tests.CartridgeHeaderTests" name="RomSize_InvalidCodes_DefaultsTo32KB" />
    </UnitTest>
    <UnitTest name="GameBoy.Tests.InstructionTimingTests.JumpHL_Takes4Cycles" storage="/home/runner/work/blazorboy/blazorboy/src/gameboy.tests/bin/debug/net8.0/gameboy.tests.dll" id="feae4939-ded0-6aab-b8db-86ddfd9ba187">
      <Execution id="9de7e92e-2117-4d03-962f-7870c6d88ca2" />
      <TestMethod codeBase="/home/runner/work/BlazorBoy/BlazorBoy/src/GameBoy.Tests/bin/Debug/net8.0/GameBoy.Tests.dll" adapterTypeName="executor://xunit/VsTestRunner2/netcoreapp" className="GameBoy.Tests.InstructionTimingTests" name="JumpHL_Takes4Cycles" />
    </UnitTest>
    <UnitTest name="GameBoy.Tests.LcdcTests.BgWindowEnable_ReturnsCorrectValue(value: 254, expected: False)" storage="/home/runner/work/blazorboy/blazorboy/src/gameboy.tests/bin/debug/net8.0/gameboy.tests.dll" id="c7205d2e-bee4-c7fc-bdce-c76e8599dc82">
      <Execution id="f539ede6-0662-433d-b2cd-8442ed9a23cd" />
      <TestMethod codeBase="/home/runner/work/BlazorBoy/BlazorBoy/src/GameBoy.Tests/bin/Debug/net8.0/GameBoy.Tests.dll" adapterTypeName="executor://xunit/VsTestRunner2/netcoreapp" className="GameBoy.Tests.LcdcTests" name="BgWindowEnable_ReturnsCorrectValue" />
    </UnitTest>
    <UnitTest name="GameBoy.Tests.Mbc5Tests.WriteRom_9BitRomBanking_WorksCorrectly" storage="/home/runner/work/blazorboy/blazorboy/src/gameboy.tests/bin/debug/net8.0/gameboy.tests.dll" id="09386e45-a168-c5b0-e7b9-c1cd8eb70456">
      <Execution id="cfc87992-a482-4ec4-bb58-f4b53c0e181c" />
      <TestMethod codeBase="/home/runner/work/BlazorBoy/BlazorBoy/src/GameBoy.Tests/bin/Debug/net8.0/GameBoy.Tests.dll" adapterTypeName="executor://xunit/VsTestRunner2/netcoreapp" className="GameBoy.Tests.Mbc5Tests" name="WriteRom_9BitRomBanking_WorksCorrectly" />
    </UnitTest>
    <UnitTest name="GameBoy.Tests.CartridgeTests.Detect_UnknownCartridgeTypes_ThrowsNotSupportedException(cartridgeType: 170)" storage="/home/runner/work/blazorboy/blazorboy/src/gameboy.tests/bin/debug/net8.0/gameboy.tests.dll" id="780e9802-fd3e-fb97-5165-36872cd7596d">
      <Execution id="e8c8855b-abf2-4e5f-bc67-7f392ce3ed29" />
      <TestMethod codeBase="/home/runner/work/BlazorBoy/BlazorBoy/src/GameBoy.Tests/bin/Debug/net8.0/GameBoy.Tests.dll" adapterTypeName="executor://xunit/VsTestRunner2/netcoreapp" className="GameBoy.Tests.CartridgeTests" name="Detect_UnknownCartridgeTypes_ThrowsNotSupportedException" />
    </UnitTest>
    <UnitTest name="GameBoy.Tests.CartridgeHeaderTests.HasBattery_ReturnsCorrectValueForBatteryTypes" storage="/home/runner/work/blazorboy/blazorboy/src/gameboy.tests/bin/debug/net8.0/gameboy.tests.dll" id="8cda3782-137b-73f5-d8e8-1791e2c39181">
      <Execution id="1776eb34-08ff-4d75-9830-b879073ccec9" />
      <TestMethod codeBase="/home/runner/work/BlazorBoy/BlazorBoy/src/GameBoy.Tests/bin/Debug/net8.0/GameBoy.Tests.dll" adapterTypeName="executor://xunit/VsTestRunner2/netcoreapp" className="GameBoy.Tests.CartridgeHeaderTests" name="HasBattery_ReturnsCorrectValueForBatteryTypes" />
    </UnitTest>
    <UnitTest name="GameBoy.Tests.PaletteTests.Constructor_InitializesValue" storage="/home/runner/work/blazorboy/blazorboy/src/gameboy.tests/bin/debug/net8.0/gameboy.tests.dll" id="8b909baf-1a4f-aee9-3baa-c1d0732a2500">
      <Execution id="ea4c8a86-d241-41a2-b2f5-e7ae811af436" />
      <TestMethod codeBase="/home/runner/work/BlazorBoy/BlazorBoy/src/GameBoy.Tests/bin/Debug/net8.0/GameBoy.Tests.dll" adapterTypeName="executor://xunit/VsTestRunner2/netcoreapp" className="GameBoy.Tests.PaletteTests" name="Constructor_InitializesValue" />
    </UnitTest>
    <UnitTest name="GameBoy.Tests.DmaTests.DMA_Transfer_Copies160BytesToOAM" storage="/home/runner/work/blazorboy/blazorboy/src/gameboy.tests/bin/debug/net8.0/gameboy.tests.dll" id="a918492d-accd-2771-5b51-d7bbb17abdc9">
      <Execution id="7dd09288-65c2-4ad6-b629-df113167057e" />
      <TestMethod codeBase="/home/runner/work/BlazorBoy/BlazorBoy/src/GameBoy.Tests/bin/Debug/net8.0/GameBoy.Tests.dll" adapterTypeName="executor://xunit/VsTestRunner2/netcoreapp" className="GameBoy.Tests.DmaTests" name="DMA_Transfer_Copies160BytesToOAM" />
    </UnitTest>
    <UnitTest name="GameBoy.Tests.Integration.CpuInstructionTests.LD_r_d8_LoadsImmediateValue(opcode: 62)" storage="/home/runner/work/blazorboy/blazorboy/src/gameboy.tests/bin/debug/net8.0/gameboy.tests.dll" id="23c92ff6-18f4-6d68-cdbf-b535f92a87b5">
      <Execution id="788d1d61-b9be-4a85-a19a-390b3441acd1" />
      <TestMethod codeBase="/home/runner/work/BlazorBoy/BlazorBoy/src/GameBoy.Tests/bin/Debug/net8.0/GameBoy.Tests.dll" adapterTypeName="executor://xunit/VsTestRunner2/netcoreapp" className="GameBoy.Tests.Integration.CpuInstructionTests" name="LD_r_d8_LoadsImmediateValue" />
    </UnitTest>
    <UnitTest name="GameBoy.Tests.AluTests.SubtractWithCarry_CarryInCausesUnderflow" storage="/home/runner/work/blazorboy/blazorboy/src/gameboy.tests/bin/debug/net8.0/gameboy.tests.dll" id="04567a99-31ad-e68c-43f8-bafe9bfa1d3d">
      <Execution id="52b8d228-6794-4280-8de1-b611e3ef1481" />
      <TestMethod codeBase="/home/runner/work/BlazorBoy/BlazorBoy/src/GameBoy.Tests/bin/Debug/net8.0/GameBoy.Tests.dll" adapterTypeName="executor://xunit/VsTestRunner2/netcoreapp" className="GameBoy.Tests.AluTests" name="SubtractWithCarry_CarryInCausesUnderflow" />
    </UnitTest>
    <UnitTest name="GameBoy.Tests.Mbc1Tests.WriteRom_InvalidAddressRanges_Ignored" storage="/home/runner/work/blazorboy/blazorboy/src/gameboy.tests/bin/debug/net8.0/gameboy.tests.dll" id="fdcebadb-0653-3b7a-1e44-b449ea53d695">
      <Execution id="cb0c08a0-d38b-42e6-b4dc-6004869d797b" />
      <TestMethod codeBase="/home/runner/work/BlazorBoy/BlazorBoy/src/GameBoy.Tests/bin/Debug/net8.0/GameBoy.Tests.dll" adapterTypeName="executor://xunit/VsTestRunner2/netcoreapp" className="GameBoy.Tests.Mbc1Tests" name="WriteRom_InvalidAddressRanges_Ignored" />
    </UnitTest>
    <UnitTest name="GameBoy.Tests.Mbc1Tests.WriteRom_AdvancedBankingMode_SwitchesMode" storage="/home/runner/work/blazorboy/blazorboy/src/gameboy.tests/bin/debug/net8.0/gameboy.tests.dll" id="f5c487c0-bd35-fb9f-7c01-87de885468b0">
      <Execution id="872cc8b7-7f5c-4aee-9f0f-5307781cba9a" />
      <TestMethod codeBase="/home/runner/work/BlazorBoy/BlazorBoy/src/GameBoy.Tests/bin/Debug/net8.0/GameBoy.Tests.dll" adapterTypeName="executor://xunit/VsTestRunner2/netcoreapp" className="GameBoy.Tests.Mbc1Tests" name="WriteRom_AdvancedBankingMode_SwitchesMode" />
    </UnitTest>
    <UnitTest name="GameBoy.Tests.Integration.BlarggInterruptTests.Blargg_02_Interrupts_ExecutesSuccessfully" storage="/home/runner/work/blazorboy/blazorboy/src/gameboy.tests/bin/debug/net8.0/gameboy.tests.dll" id="c14d0dd8-0720-c716-8c0b-4bf8d2cbeae3">
      <Execution id="d066f0fe-58df-46c4-b08b-55791acd150f" />
      <TestMethod codeBase="/home/runner/work/BlazorBoy/BlazorBoy/src/GameBoy.Tests/bin/Debug/net8.0/GameBoy.Tests.dll" adapterTypeName="executor://xunit/VsTestRunner2/netcoreapp" className="GameBoy.Tests.Integration.BlarggInterruptTests" name="Blargg_02_Interrupts_ExecutesSuccessfully" />
    </UnitTest>
    <UnitTest name="GameBoy.Tests.LcdcTests.TileDataBase_ReturnsCorrectAddress(value: 16, expected: 32768)" storage="/home/runner/work/blazorboy/blazorboy/src/gameboy.tests/bin/debug/net8.0/gameboy.tests.dll" id="01ab2837-c187-372d-f222-a20d27ac9286">
      <Execution id="403c735f-c809-4e8c-9296-7aca2a2321e8" />
      <TestMethod codeBase="/home/runner/work/BlazorBoy/BlazorBoy/src/GameBoy.Tests/bin/Debug/net8.0/GameBoy.Tests.dll" adapterTypeName="executor://xunit/VsTestRunner2/netcoreapp" className="GameBoy.Tests.LcdcTests" name="TileDataBase_ReturnsCorrectAddress" />
    </UnitTest>
    <UnitTest name="GameBoy.Tests.SpriteTests.GetTopTileIndex_ReturnsCorrectIndex(tileIndex: 3, is8x16: True, expected: 2)" storage="/home/runner/work/blazorboy/blazorboy/src/gameboy.tests/bin/debug/net8.0/gameboy.tests.dll" id="d25f3a35-9c7a-1c15-d069-48135dccbfc1">
      <Execution id="98ae92ca-090d-4d34-9823-f87eea2916e6" />
      <TestMethod codeBase="/home/runner/work/BlazorBoy/BlazorBoy/src/GameBoy.Tests/bin/Debug/net8.0/GameBoy.Tests.dll" adapterTypeName="executor://xunit/VsTestRunner2/netcoreapp" className="GameBoy.Tests.SpriteTests" name="GetTopTileIndex_ReturnsCorrectIndex" />
    </UnitTest>
    <UnitTest name="GameBoy.Tests.InstructionGroupTests.DAA_AdjustsAccumulatorForBCD" storage="/home/runner/work/blazorboy/blazorboy/src/gameboy.tests/bin/debug/net8.0/gameboy.tests.dll" id="fc73a815-0e1b-fd10-2723-46b085df0a02">
      <Execution id="4cdc5943-7728-452c-b068-f30638ae4ba6" />
      <TestMethod codeBase="/home/runner/work/BlazorBoy/BlazorBoy/src/GameBoy.Tests/bin/Debug/net8.0/GameBoy.Tests.dll" adapterTypeName="executor://xunit/VsTestRunner2/netcoreapp" className="GameBoy.Tests.InstructionGroupTests" name="DAA_AdjustsAccumulatorForBCD" />
    </UnitTest>
    <UnitTest name="GameBoy.Tests.Mbc1Tests.WriteRom_Bank0Selection_MapsToBank1" storage="/home/runner/work/blazorboy/blazorboy/src/gameboy.tests/bin/debug/net8.0/gameboy.tests.dll" id="a7bf5563-2cb2-c215-2dac-5d52641bf01d">
      <Execution id="4813fb31-a5ba-401e-9c24-fb1af4c79b44" />
      <TestMethod codeBase="/home/runner/work/BlazorBoy/BlazorBoy/src/GameBoy.Tests/bin/Debug/net8.0/GameBoy.Tests.dll" adapterTypeName="executor://xunit/VsTestRunner2/netcoreapp" className="GameBoy.Tests.Mbc1Tests" name="WriteRom_Bank0Selection_MapsToBank1" />
    </UnitTest>
    <UnitTest name="GameBoy.Tests.Integration.MooneyeInterruptTests.Mooneye_ComprehensiveInterruptBehavior_ExecutesSuccessfully" storage="/home/runner/work/blazorboy/blazorboy/src/gameboy.tests/bin/debug/net8.0/gameboy.tests.dll" id="43e54aa8-9155-d07b-d977-545a203b4b6c">
      <Execution id="b96e04a4-7ac7-4c67-b59a-63aeee3b4380" />
      <TestMethod codeBase="/home/runner/work/BlazorBoy/BlazorBoy/src/GameBoy.Tests/bin/Debug/net8.0/GameBoy.Tests.dll" adapterTypeName="executor://xunit/VsTestRunner2/netcoreapp" className="GameBoy.Tests.Integration.MooneyeInterruptTests" name="Mooneye_ComprehensiveInterruptBehavior_ExecutesSuccessfully" />
    </UnitTest>
    <UnitTest name="GameBoy.Tests.CartridgeTests.Detect_UnknownCartridgeType_ThrowsException" storage="/home/runner/work/blazorboy/blazorboy/src/gameboy.tests/bin/debug/net8.0/gameboy.tests.dll" id="2f7abec1-b7d5-acfa-5fa5-f750771cfe27">
      <Execution id="efbf1690-7f31-45e9-8cb9-f8f98c4b67e4" />
      <TestMethod codeBase="/home/runner/work/BlazorBoy/BlazorBoy/src/GameBoy.Tests/bin/Debug/net8.0/GameBoy.Tests.dll" adapterTypeName="executor://xunit/VsTestRunner2/netcoreapp" className="GameBoy.Tests.CartridgeTests" name="Detect_UnknownCartridgeType_ThrowsException" />
    </UnitTest>
    <UnitTest name="GameBoy.Tests.CycleAccuracyValidationTests.AllStackOperations_TakeCorrectCycles" storage="/home/runner/work/blazorboy/blazorboy/src/gameboy.tests/bin/debug/net8.0/gameboy.tests.dll" id="a3557987-9afd-3d7a-b166-2e402b2c2735">
      <Execution id="d949d5a1-1890-42b9-a301-cd075c8bc085" />
      <TestMethod codeBase="/home/runner/work/BlazorBoy/BlazorBoy/src/GameBoy.Tests/bin/Debug/net8.0/GameBoy.Tests.dll" adapterTypeName="executor://xunit/VsTestRunner2/netcoreapp" className="GameBoy.Tests.CycleAccuracyValidationTests" name="AllStackOperations_TakeCorrectCycles" />
    </UnitTest>
    <UnitTest name="GameBoy.Tests.CartridgeMmuIntegrationTests.Mmu_ExternalRam_RoutesToCartridge" storage="/home/runner/work/blazorboy/blazorboy/src/gameboy.tests/bin/debug/net8.0/gameboy.tests.dll" id="03998699-8804-fa46-2cf1-6fce64dedde7">
      <Execution id="94b7dd52-4c8d-4d88-989f-5348771923ae" />
      <TestMethod codeBase="/home/runner/work/BlazorBoy/BlazorBoy/src/GameBoy.Tests/bin/Debug/net8.0/GameBoy.Tests.dll" adapterTypeName="executor://xunit/VsTestRunner2/netcoreapp" className="GameBoy.Tests.CartridgeMmuIntegrationTests" name="Mmu_ExternalRam_RoutesToCartridge" />
    </UnitTest>
    <UnitTest name="GameBoy.Tests.Integration.CpuInstructionTests.LD_r_d8_LoadsImmediateValue(opcode: 38)" storage="/home/runner/work/blazorboy/blazorboy/src/gameboy.tests/bin/debug/net8.0/gameboy.tests.dll" id="2de68df9-dd70-ca43-a348-b2ff8187d0b3">
      <Execution id="8fb0b6ba-9347-41cd-8ae3-fb4aa5df5161" />
      <TestMethod codeBase="/home/runner/work/BlazorBoy/BlazorBoy/src/GameBoy.Tests/bin/Debug/net8.0/GameBoy.Tests.dll" adapterTypeName="executor://xunit/VsTestRunner2/netcoreapp" className="GameBoy.Tests.Integration.CpuInstructionTests" name="LD_r_d8_LoadsImmediateValue" />
    </UnitTest>
    <UnitTest name="GameBoy.Tests.CartridgeHeaderTests.IsValidHeader_InvalidRomSizeCodes_ReturnsFalse(romSizeCode: 85)" storage="/home/runner/work/blazorboy/blazorboy/src/gameboy.tests/bin/debug/net8.0/gameboy.tests.dll" id="c3b4d50e-4599-dc93-f787-7e638b2db9f5">
      <Execution id="f39a330e-f497-4ae0-b73d-b835f4a942a0" />
      <TestMethod codeBase="/home/runner/work/BlazorBoy/BlazorBoy/src/GameBoy.Tests/bin/Debug/net8.0/GameBoy.Tests.dll" adapterTypeName="executor://xunit/VsTestRunner2/netcoreapp" className="GameBoy.Tests.CartridgeHeaderTests" name="IsValidHeader_InvalidRomSizeCodes_ReturnsFalse" />
    </UnitTest>
    <UnitTest name="GameBoy.Tests.InterruptIntegrationTests.Timer_Step_RequestsTimerInterrupt" storage="/home/runner/work/blazorboy/blazorboy/src/gameboy.tests/bin/debug/net8.0/gameboy.tests.dll" id="97f93f6c-0ec8-e7ad-10f6-dbfa65c7f1be">
      <Execution id="51672978-e1c4-4e17-a63b-0e445ccb6644" />
      <TestMethod codeBase="/home/runner/work/BlazorBoy/BlazorBoy/src/GameBoy.Tests/bin/Debug/net8.0/GameBoy.Tests.dll" adapterTypeName="executor://xunit/VsTestRunner2/netcoreapp" className="GameBoy.Tests.InterruptIntegrationTests" name="Timer_Step_RequestsTimerInterrupt" />
    </UnitTest>
    <UnitTest name="GameBoy.Tests.Integration.MooneyeInterruptTests.Mooneye_PPUInterruptTests_ExecuteSuccessfully(category: &quot;ppu&quot;, romFile: &quot;intr_2_mode3_timing.gb&quot;, description: &quot;Interrupt 2 mode 3 timing&quot;)" storage="/home/runner/work/blazorboy/blazorboy/src/gameboy.tests/bin/debug/net8.0/gameboy.tests.dll" id="9ce2e254-ca71-39e3-ae3d-3e5e12fee0e6">
      <Execution id="1a0f7668-bd91-440b-b73f-6dd9b02fd06f" />
      <TestMethod codeBase="/home/runner/work/BlazorBoy/BlazorBoy/src/GameBoy.Tests/bin/Debug/net8.0/GameBoy.Tests.dll" adapterTypeName="executor://xunit/VsTestRunner2/netcoreapp" className="GameBoy.Tests.Integration.MooneyeInterruptTests" name="Mooneye_PPUInterruptTests_ExecuteSuccessfully" />
    </UnitTest>
    <UnitTest name="GameBoy.Tests.MmuTests.IF_RegisterSemantics_UpperBitsAlwaysSetOnRead" storage="/home/runner/work/blazorboy/blazorboy/src/gameboy.tests/bin/debug/net8.0/gameboy.tests.dll" id="b60c5050-48cc-a513-8c20-d39039775d13">
      <Execution id="187eed2d-1dff-44b9-aa70-55b8fc64ffd3" />
      <TestMethod codeBase="/home/runner/work/BlazorBoy/BlazorBoy/src/GameBoy.Tests/bin/Debug/net8.0/GameBoy.Tests.dll" adapterTypeName="executor://xunit/VsTestRunner2/netcoreapp" className="GameBoy.Tests.MmuTests" name="IF_RegisterSemantics_UpperBitsAlwaysSetOnRead" />
    </UnitTest>
    <UnitTest name="GameBoy.Tests.Integration.BlarggInterruptTests.Blargg_SpecificInterruptTests_ExecuteSuccessfully(romFile: &quot;if_ie_registers.gb&quot;, description: &quot;IF/IE register behavior test&quot;)" storage="/home/runner/work/blazorboy/blazorboy/src/gameboy.tests/bin/debug/net8.0/gameboy.tests.dll" id="b13a5b0b-39ad-afa5-3362-393114b3eb70">
      <Execution id="9def64da-9309-4ae1-8d13-eb5cf2339177" />
      <TestMethod codeBase="/home/runner/work/BlazorBoy/BlazorBoy/src/GameBoy.Tests/bin/Debug/net8.0/GameBoy.Tests.dll" adapterTypeName="executor://xunit/VsTestRunner2/netcoreapp" className="GameBoy.Tests.Integration.BlarggInterruptTests" name="Blargg_SpecificInterruptTests_ExecuteSuccessfully" />
    </UnitTest>
    <UnitTest name="GameBoy.Tests.EmulatorMbcIntegrationTests.Emulator_BatteryRam_SaveLoad_Mbc1" storage="/home/runner/work/blazorboy/blazorboy/src/gameboy.tests/bin/debug/net8.0/gameboy.tests.dll" id="6336ba2d-9125-3123-2fea-5b0f73d2d9dd">
      <Execution id="f5cdcddd-1314-4993-8f34-0ec9a320065c" />
      <TestMethod codeBase="/home/runner/work/BlazorBoy/BlazorBoy/src/GameBoy.Tests/bin/Debug/net8.0/GameBoy.Tests.dll" adapterTypeName="executor://xunit/VsTestRunner2/netcoreapp" className="GameBoy.Tests.EmulatorMbcIntegrationTests" name="Emulator_BatteryRam_SaveLoad_Mbc1" />
    </UnitTest>
    <UnitTest name="GameBoy.Tests.AluTests.Subtract_EdgeCases_BehavesCorrectly(a: 0, operand: 0)" storage="/home/runner/work/blazorboy/blazorboy/src/gameboy.tests/bin/debug/net8.0/gameboy.tests.dll" id="beeaf338-08db-958d-aa1f-1ee2f061ec4b">
      <Execution id="1c262c74-eb83-487b-b92f-481857da32da" />
      <TestMethod codeBase="/home/runner/work/BlazorBoy/BlazorBoy/src/GameBoy.Tests/bin/Debug/net8.0/GameBoy.Tests.dll" adapterTypeName="executor://xunit/VsTestRunner2/netcoreapp" className="GameBoy.Tests.AluTests" name="Subtract_EdgeCases_BehavesCorrectly" />
    </UnitTest>
    <UnitTest name="GameBoy.Tests.CpuAddressingTests.GetR16_ReturnsCorrectRegisterPairValues" storage="/home/runner/work/blazorboy/blazorboy/src/gameboy.tests/bin/debug/net8.0/gameboy.tests.dll" id="1ecaf514-8cf2-6903-aa03-cbaa2bca845b">
      <Execution id="5d091f84-d429-424b-83a2-c6c244e470c5" />
      <TestMethod codeBase="/home/runner/work/BlazorBoy/BlazorBoy/src/GameBoy.Tests/bin/Debug/net8.0/GameBoy.Tests.dll" adapterTypeName="executor://xunit/VsTestRunner2/netcoreapp" className="GameBoy.Tests.CpuAddressingTests" name="GetR16_ReturnsCorrectRegisterPairValues" />
    </UnitTest>
    <UnitTest name="GameBoy.Tests.AdvancedTimingTests.ConditionalRelativeJumpCarryTaken_Takes12Cycles" storage="/home/runner/work/blazorboy/blazorboy/src/gameboy.tests/bin/debug/net8.0/gameboy.tests.dll" id="105065c8-b97d-dd6e-45ef-b50592932e09">
      <Execution id="ace5946d-a208-4dc3-a55a-2099f81f6465" />
      <TestMethod codeBase="/home/runner/work/BlazorBoy/BlazorBoy/src/GameBoy.Tests/bin/Debug/net8.0/GameBoy.Tests.dll" adapterTypeName="executor://xunit/VsTestRunner2/netcoreapp" className="GameBoy.Tests.AdvancedTimingTests" name="ConditionalRelativeJumpCarryTaken_Takes12Cycles" />
    </UnitTest>
    <UnitTest name="GameBoy.Tests.CartridgeMmuIntegrationTests.Mmu_ReadByte_RoutesToCartridgeRom" storage="/home/runner/work/blazorboy/blazorboy/src/gameboy.tests/bin/debug/net8.0/gameboy.tests.dll" id="2c025142-773c-e8f8-e1d2-3622f380673e">
      <Execution id="8e55276e-b307-44a4-bf4a-78f7d380c839" />
      <TestMethod codeBase="/home/runner/work/BlazorBoy/BlazorBoy/src/GameBoy.Tests/bin/Debug/net8.0/GameBoy.Tests.dll" adapterTypeName="executor://xunit/VsTestRunner2/netcoreapp" className="GameBoy.Tests.CartridgeMmuIntegrationTests" name="Mmu_ReadByte_RoutesToCartridgeRom" />
    </UnitTest>
    <UnitTest name="GameBoy.Tests.InstructionGroupTests.Compare_A_Register_SetsCorrectFlags" storage="/home/runner/work/blazorboy/blazorboy/src/gameboy.tests/bin/debug/net8.0/gameboy.tests.dll" id="664dca52-0b35-a9d8-0289-c72f051074f8">
      <Execution id="e74cc011-41ac-4e44-8da4-4f8cc35b22bf" />
      <TestMethod codeBase="/home/runner/work/BlazorBoy/BlazorBoy/src/GameBoy.Tests/bin/Debug/net8.0/GameBoy.Tests.dll" adapterTypeName="executor://xunit/VsTestRunner2/netcoreapp" className="GameBoy.Tests.InstructionGroupTests" name="Compare_A_Register_SetsCorrectFlags" />
    </UnitTest>
    <UnitTest name="GameBoy.Tests.SpriteTests.BehindBackground_ReturnsCorrectValue(attributes: 127, expected: False)" storage="/home/runner/work/blazorboy/blazorboy/src/gameboy.tests/bin/debug/net8.0/gameboy.tests.dll" id="8050c7e7-ee77-22d7-141a-3e470d2279bd">
      <Execution id="44594102-bc84-424c-99c9-1f68281f44e5" />
      <TestMethod codeBase="/home/runner/work/BlazorBoy/BlazorBoy/src/GameBoy.Tests/bin/Debug/net8.0/GameBoy.Tests.dll" adapterTypeName="executor://xunit/VsTestRunner2/netcoreapp" className="GameBoy.Tests.SpriteTests" name="BehindBackground_ReturnsCorrectValue" />
    </UnitTest>
    <UnitTest name="GameBoy.Tests.Mbc1Tests.ReadRom_Bank0_ReadsFromFixedBank" storage="/home/runner/work/blazorboy/blazorboy/src/gameboy.tests/bin/debug/net8.0/gameboy.tests.dll" id="9237a3ba-0ae3-e8c9-4a5e-4cfc59fd3dad">
      <Execution id="33ed10b3-521f-4c5a-adc4-7fa7f527b0bd" />
      <TestMethod codeBase="/home/runner/work/BlazorBoy/BlazorBoy/src/GameBoy.Tests/bin/Debug/net8.0/GameBoy.Tests.dll" adapterTypeName="executor://xunit/VsTestRunner2/netcoreapp" className="GameBoy.Tests.Mbc1Tests" name="ReadRom_Bank0_ReadsFromFixedBank" />
    </UnitTest>
    <UnitTest name="GameBoy.Tests.PaletteTests.ImplicitConversion_ToByte_Works" storage="/home/runner/work/blazorboy/blazorboy/src/gameboy.tests/bin/debug/net8.0/gameboy.tests.dll" id="99afad05-91b2-f660-79e2-c3aa4b9ff18e">
      <Execution id="12a9f455-b396-44fa-bc63-98b08b29ad97" />
      <TestMethod codeBase="/home/runner/work/BlazorBoy/BlazorBoy/src/GameBoy.Tests/bin/Debug/net8.0/GameBoy.Tests.dll" adapterTypeName="executor://xunit/VsTestRunner2/netcoreapp" className="GameBoy.Tests.PaletteTests" name="ImplicitConversion_ToByte_Works" />
    </UnitTest>
    <UnitTest name="GameBoy.Tests.OpcodeTableCoverageTests.CB_Table_Should_Have_Complete_Coverage" storage="/home/runner/work/blazorboy/blazorboy/src/gameboy.tests/bin/debug/net8.0/gameboy.tests.dll" id="ef71ee84-beba-bbc9-b32a-a2be75f08d25">
      <Execution id="d3548421-42d5-4c82-879e-b697c40b1e61" />
      <TestMethod codeBase="/home/runner/work/BlazorBoy/BlazorBoy/src/GameBoy.Tests/bin/Debug/net8.0/GameBoy.Tests.dll" adapterTypeName="executor://xunit/VsTestRunner2/netcoreapp" className="GameBoy.Tests.OpcodeTableCoverageTests" name="CB_Table_Should_Have_Complete_Coverage" />
    </UnitTest>
    <UnitTest name="GameBoy.Tests.CartridgeTests.Detect_AllMbc3Variants_ReturnsCorrectCartridge(cartridgeType: 18)" storage="/home/runner/work/blazorboy/blazorboy/src/gameboy.tests/bin/debug/net8.0/gameboy.tests.dll" id="2411ca0c-8c7b-b2d3-9dda-1876da4ce09e">
      <Execution id="3495cbb1-5e53-4140-b356-fb75dbec4bfd" />
      <TestMethod codeBase="/home/runner/work/BlazorBoy/BlazorBoy/src/GameBoy.Tests/bin/Debug/net8.0/GameBoy.Tests.dll" adapterTypeName="executor://xunit/VsTestRunner2/netcoreapp" className="GameBoy.Tests.CartridgeTests" name="Detect_AllMbc3Variants_ReturnsCorrectCartridge" />
    </UnitTest>
    <UnitTest name="GameBoy.Tests.PpuTests.Step_AdvancesThroughLcdModes" storage="/home/runner/work/blazorboy/blazorboy/src/gameboy.tests/bin/debug/net8.0/gameboy.tests.dll" id="4fb49d5b-2cd1-b947-c4bf-842f18637aa6">
      <Execution id="79cf8927-64fc-48d1-8282-8c58360a2de8" />
      <TestMethod codeBase="/home/runner/work/BlazorBoy/BlazorBoy/src/GameBoy.Tests/bin/Debug/net8.0/GameBoy.Tests.dll" adapterTypeName="executor://xunit/VsTestRunner2/netcoreapp" className="GameBoy.Tests.PpuTests" name="Step_AdvancesThroughLcdModes" />
    </UnitTest>
    <UnitTest name="GameBoy.Tests.InstructionTimingTests.CBBitTest_Takes8CyclesForRegister" storage="/home/runner/work/blazorboy/blazorboy/src/gameboy.tests/bin/debug/net8.0/gameboy.tests.dll" id="bdc4ea0f-36f4-2fa9-46b7-bdc7a26942b0">
      <Execution id="c45e70b8-413a-43d5-9f36-2859d9762212" />
      <TestMethod codeBase="/home/runner/work/BlazorBoy/BlazorBoy/src/GameBoy.Tests/bin/Debug/net8.0/GameBoy.Tests.dll" adapterTypeName="executor://xunit/VsTestRunner2/netcoreapp" className="GameBoy.Tests.InstructionTimingTests" name="CBBitTest_Takes8CyclesForRegister" />
    </UnitTest>
    <UnitTest name="GameBoy.Tests.AluTests.Compare_ASmaller_SetsCarryFlag" storage="/home/runner/work/blazorboy/blazorboy/src/gameboy.tests/bin/debug/net8.0/gameboy.tests.dll" id="98ee9077-e403-a9b5-6b6c-2cf1d38f61f3">
      <Execution id="de3511f5-1c1e-40c2-9493-a44e44fde3c2" />
      <TestMethod codeBase="/home/runner/work/BlazorBoy/BlazorBoy/src/GameBoy.Tests/bin/Debug/net8.0/GameBoy.Tests.dll" adapterTypeName="executor://xunit/VsTestRunner2/netcoreapp" className="GameBoy.Tests.AluTests" name="Compare_ASmaller_SetsCarryFlag" />
    </UnitTest>
    <UnitTest name="GameBoy.Tests.InstructionDecodingTests.Instruction_ExplicitOperandType_OverridesDeduction" storage="/home/runner/work/blazorboy/blazorboy/src/gameboy.tests/bin/debug/net8.0/gameboy.tests.dll" id="9a193880-0dbc-0c20-4bde-874bbeb0b7c0">
      <Execution id="715bdf6e-a515-4621-b546-2ac879958dba" />
      <TestMethod codeBase="/home/runner/work/BlazorBoy/BlazorBoy/src/GameBoy.Tests/bin/Debug/net8.0/GameBoy.Tests.dll" adapterTypeName="executor://xunit/VsTestRunner2/netcoreapp" className="GameBoy.Tests.InstructionDecodingTests" name="Instruction_ExplicitOperandType_OverridesDeduction" />
    </UnitTest>
    <UnitTest name="GameBoy.Tests.TimerTests.Reset_RestoresDefaultValues" storage="/home/runner/work/blazorboy/blazorboy/src/gameboy.tests/bin/debug/net8.0/gameboy.tests.dll" id="969404f2-e421-5400-92f3-faaa94d653b7">
      <Execution id="5a1c67a8-c55c-4aa6-805d-6b32e8368ece" />
      <TestMethod codeBase="/home/runner/work/BlazorBoy/BlazorBoy/src/GameBoy.Tests/bin/Debug/net8.0/GameBoy.Tests.dll" adapterTypeName="executor://xunit/VsTestRunner2/netcoreapp" className="GameBoy.Tests.TimerTests" name="Reset_RestoresDefaultValues" />
    </UnitTest>
    <UnitTest name="GameBoy.Tests.InstructionDecodingTests.Instruction_LengthMatchesOperandType" storage="/home/runner/work/blazorboy/blazorboy/src/gameboy.tests/bin/debug/net8.0/gameboy.tests.dll" id="a5e31c1c-3c8d-f59e-e67f-7323eceb767c">
      <Execution id="0c2a96d8-624b-49ae-b883-337cfd326182" />
      <TestMethod codeBase="/home/runner/work/BlazorBoy/BlazorBoy/src/GameBoy.Tests/bin/Debug/net8.0/GameBoy.Tests.dll" adapterTypeName="executor://xunit/VsTestRunner2/netcoreapp" className="GameBoy.Tests.InstructionDecodingTests" name="Instruction_LengthMatchesOperandType" />
    </UnitTest>
    <UnitTest name="GameBoy.Tests.DmaTests.DMA_Reset_ClearsActiveState" storage="/home/runner/work/blazorboy/blazorboy/src/gameboy.tests/bin/debug/net8.0/gameboy.tests.dll" id="7306f9e1-7907-caea-5e9f-b7b32ca6fa64">
      <Execution id="5f51bcac-b35e-4811-bd7f-dc3a0eda0c6a" />
      <TestMethod codeBase="/home/runner/work/BlazorBoy/BlazorBoy/src/GameBoy.Tests/bin/Debug/net8.0/GameBoy.Tests.dll" adapterTypeName="executor://xunit/VsTestRunner2/netcoreapp" className="GameBoy.Tests.DmaTests" name="DMA_Reset_ClearsActiveState" />
    </UnitTest>
    <UnitTest name="GameBoy.Tests.InstructionTimingTests.LoadToHL_Takes8Cycles" storage="/home/runner/work/blazorboy/blazorboy/src/gameboy.tests/bin/debug/net8.0/gameboy.tests.dll" id="f68c29f7-71c4-648f-f586-cf52c261c823">
      <Execution id="6d9673c2-c749-4cc0-9c4e-f367080e1e56" />
      <TestMethod codeBase="/home/runner/work/BlazorBoy/BlazorBoy/src/GameBoy.Tests/bin/Debug/net8.0/GameBoy.Tests.dll" adapterTypeName="executor://xunit/VsTestRunner2/netcoreapp" className="GameBoy.Tests.InstructionTimingTests" name="LoadToHL_Takes8Cycles" />
    </UnitTest>
    <UnitTest name="GameBoy.Tests.Integration.BlarggIntegrationTests.CpuInstrs_IndividualTests_ExecuteSuccessfully(romFile: &quot;03-op sp,hl.gb&quot;, description: &quot;OP SP,HL instruction test&quot;)" storage="/home/runner/work/blazorboy/blazorboy/src/gameboy.tests/bin/debug/net8.0/gameboy.tests.dll" id="bc740155-cb35-e552-8d96-f8bc1554cf05">
      <Execution id="7745a65a-27a9-4895-966c-734513dbfca0" />
      <TestMethod codeBase="/home/runner/work/BlazorBoy/BlazorBoy/src/GameBoy.Tests/bin/Debug/net8.0/GameBoy.Tests.dll" adapterTypeName="executor://xunit/VsTestRunner2/netcoreapp" className="GameBoy.Tests.Integration.BlarggIntegrationTests" name="CpuInstrs_IndividualTests_ExecuteSuccessfully" />
    </UnitTest>
    <UnitTest name="GameBoy.Tests.DmaTests.DMA_InvalidSources_HandledGracefully(dmaValue: 255)" storage="/home/runner/work/blazorboy/blazorboy/src/gameboy.tests/bin/debug/net8.0/gameboy.tests.dll" id="306017d9-5a39-1a3d-f478-e9d40f0787b3">
      <Execution id="3ea48d0a-2316-42bc-a439-745be501827f" />
      <TestMethod codeBase="/home/runner/work/BlazorBoy/BlazorBoy/src/GameBoy.Tests/bin/Debug/net8.0/GameBoy.Tests.dll" adapterTypeName="executor://xunit/VsTestRunner2/netcoreapp" className="GameBoy.Tests.DmaTests" name="DMA_InvalidSources_HandledGracefully" />
    </UnitTest>
    <UnitTest name="GameBoy.Tests.Mbc3Tests.RtcLatch_LatchingBehavior_UpdatesRegisters" storage="/home/runner/work/blazorboy/blazorboy/src/gameboy.tests/bin/debug/net8.0/gameboy.tests.dll" id="b5f40ad3-582a-aeab-e8e8-850be670f750">
      <Execution id="4b70a4a3-80f0-47a5-9334-64ff240829a2" />
      <TestMethod codeBase="/home/runner/work/BlazorBoy/BlazorBoy/src/GameBoy.Tests/bin/Debug/net8.0/GameBoy.Tests.dll" adapterTypeName="executor://xunit/VsTestRunner2/netcoreapp" className="GameBoy.Tests.Mbc3Tests" name="RtcLatch_LatchingBehavior_UpdatesRegisters" />
    </UnitTest>
    <UnitTest name="GameBoy.Tests.PaletteTests.GetRgbaColor_CombinesMappingAndConversion(paletteValue: 27, colorIndex: 0, expectedRgba: -15779825)" storage="/home/runner/work/blazorboy/blazorboy/src/gameboy.tests/bin/debug/net8.0/gameboy.tests.dll" id="3246d780-9a6f-0840-8b9f-649d3a415c0e">
      <Execution id="6a00cc88-96fc-4402-ac71-d7c2edaca545" />
      <TestMethod codeBase="/home/runner/work/BlazorBoy/BlazorBoy/src/GameBoy.Tests/bin/Debug/net8.0/GameBoy.Tests.dll" adapterTypeName="executor://xunit/VsTestRunner2/netcoreapp" className="GameBoy.Tests.PaletteTests" name="GetRgbaColor_CombinesMappingAndConversion" />
    </UnitTest>
    <UnitTest name="GameBoy.Tests.CartridgeTests.Detect_Mbc5Rom_ReturnsCorrectCartridge" storage="/home/runner/work/blazorboy/blazorboy/src/gameboy.tests/bin/debug/net8.0/gameboy.tests.dll" id="6fc09a62-c0e9-f33d-573b-10f9b8d9c5e4">
      <Execution id="b9b7d94b-7687-4e40-b737-7740bd01c725" />
      <TestMethod codeBase="/home/runner/work/BlazorBoy/BlazorBoy/src/GameBoy.Tests/bin/Debug/net8.0/GameBoy.Tests.dll" adapterTypeName="executor://xunit/VsTestRunner2/netcoreapp" className="GameBoy.Tests.CartridgeTests" name="Detect_Mbc5Rom_ReturnsCorrectCartridge" />
    </UnitTest>
    <UnitTest name="GameBoy.Tests.InstructionGroupTests.CPL_ComplementsA" storage="/home/runner/work/blazorboy/blazorboy/src/gameboy.tests/bin/debug/net8.0/gameboy.tests.dll" id="bdd6a821-46b5-b006-523f-4f1b3b86fff7">
      <Execution id="cec09c99-4383-4630-9fee-11dd3c113e4c" />
      <TestMethod codeBase="/home/runner/work/BlazorBoy/BlazorBoy/src/GameBoy.Tests/bin/Debug/net8.0/GameBoy.Tests.dll" adapterTypeName="executor://xunit/VsTestRunner2/netcoreapp" className="GameBoy.Tests.InstructionGroupTests" name="CPL_ComplementsA" />
    </UnitTest>
    <UnitTest name="GameBoy.Tests.InstructionTimingTests.ConditionalJumpTaken_Takes16Cycles" storage="/home/runner/work/blazorboy/blazorboy/src/gameboy.tests/bin/debug/net8.0/gameboy.tests.dll" id="4730179f-513e-27c4-2e55-6896e6e28543">
      <Execution id="18b593c9-12e6-4888-b175-23d6bc3bca71" />
      <TestMethod codeBase="/home/runner/work/BlazorBoy/BlazorBoy/src/GameBoy.Tests/bin/Debug/net8.0/GameBoy.Tests.dll" adapterTypeName="executor://xunit/VsTestRunner2/netcoreapp" className="GameBoy.Tests.InstructionTimingTests" name="ConditionalJumpTaken_Takes16Cycles" />
    </UnitTest>
    <UnitTest name="GameBoy.Tests.Mbc5Tests.WriteRom_9BitBanking_FullRangeTest" storage="/home/runner/work/blazorboy/blazorboy/src/gameboy.tests/bin/debug/net8.0/gameboy.tests.dll" id="046f238c-cb98-b705-1764-1dc8284e8326">
      <Execution id="c22428d4-e707-42aa-b161-e1bb999f1d10" />
      <TestMethod codeBase="/home/runner/work/BlazorBoy/BlazorBoy/src/GameBoy.Tests/bin/Debug/net8.0/GameBoy.Tests.dll" adapterTypeName="executor://xunit/VsTestRunner2/netcoreapp" className="GameBoy.Tests.Mbc5Tests" name="WriteRom_9BitBanking_FullRangeTest" />
    </UnitTest>
    <UnitTest name="GameBoy.Tests.CartridgeHeaderTests.IsHeaderChecksumValid_ValidChecksum_ReturnsTrue" storage="/home/runner/work/blazorboy/blazorboy/src/gameboy.tests/bin/debug/net8.0/gameboy.tests.dll" id="1656c5e4-914c-d7f9-cac2-f94c3ce82834">
      <Execution id="09c05a25-58b6-4683-a9bc-f5eebaac0c3d" />
      <TestMethod codeBase="/home/runner/work/BlazorBoy/BlazorBoy/src/GameBoy.Tests/bin/Debug/net8.0/GameBoy.Tests.dll" adapterTypeName="executor://xunit/VsTestRunner2/netcoreapp" className="GameBoy.Tests.CartridgeHeaderTests" name="IsHeaderChecksumValid_ValidChecksum_ReturnsTrue" />
    </UnitTest>
    <UnitTest name="GameBoy.Tests.InstructionDecodingTests.OpcodeTable_CB_Has256Entries" storage="/home/runner/work/blazorboy/blazorboy/src/gameboy.tests/bin/debug/net8.0/gameboy.tests.dll" id="ef04f673-84e3-cd4d-2450-8c83069b10eb">
      <Execution id="bde8c335-7396-4e0a-9910-56855905024b" />
      <TestMethod codeBase="/home/runner/work/BlazorBoy/BlazorBoy/src/GameBoy.Tests/bin/Debug/net8.0/GameBoy.Tests.dll" adapterTypeName="executor://xunit/VsTestRunner2/netcoreapp" className="GameBoy.Tests.InstructionDecodingTests" name="OpcodeTable_CB_Has256Entries" />
    </UnitTest>
    <UnitTest name="GameBoy.Tests.CartridgeHeaderTests.IsValidHeader_InvalidRomSizeCodes_ReturnsFalse(romSizeCode: 9)" storage="/home/runner/work/blazorboy/blazorboy/src/gameboy.tests/bin/debug/net8.0/gameboy.tests.dll" id="4738d8ec-b32d-b8a3-e010-5e3023022f54">
      <Execution id="e617b775-d1af-4d86-a124-40b46638f1fa" />
      <TestMethod codeBase="/home/runner/work/BlazorBoy/BlazorBoy/src/GameBoy.Tests/bin/Debug/net8.0/GameBoy.Tests.dll" adapterTypeName="executor://xunit/VsTestRunner2/netcoreapp" className="GameBoy.Tests.CartridgeHeaderTests" name="IsValidHeader_InvalidRomSizeCodes_ReturnsFalse" />
    </UnitTest>
    <UnitTest name="GameBoy.Tests.Integration.MooneyeInterruptTests.Mooneye_InterruptTests_ExecuteSuccessfully(category: &quot;interrupts&quot;, romFile: &quot;pop_timing.gb&quot;, description: &quot;POP instruction timing with interrupts&quot;)" storage="/home/runner/work/blazorboy/blazorboy/src/gameboy.tests/bin/debug/net8.0/gameboy.tests.dll" id="5e484356-8fc7-8274-f636-9bbd8b3fe737">
      <Execution id="8bbe9650-dd84-492e-a32b-3d3744bf7057" />
      <TestMethod codeBase="/home/runner/work/BlazorBoy/BlazorBoy/src/GameBoy.Tests/bin/Debug/net8.0/GameBoy.Tests.dll" adapterTypeName="executor://xunit/VsTestRunner2/netcoreapp" className="GameBoy.Tests.Integration.MooneyeInterruptTests" name="Mooneye_InterruptTests_ExecuteSuccessfully" />
    </UnitTest>
    <UnitTest name="GameBoy.Tests.PaletteTests.MapColor_ReturnsCorrectMappedValue(paletteValue: 27, colorIndex: 3, expectedMapped: 0)" storage="/home/runner/work/blazorboy/blazorboy/src/gameboy.tests/bin/debug/net8.0/gameboy.tests.dll" id="44bddfef-3f13-a0fb-43de-8b6e16e25c79">
      <Execution id="4986ebd7-73bc-4aff-a54c-2a79bb0fa2b2" />
      <TestMethod codeBase="/home/runner/work/BlazorBoy/BlazorBoy/src/GameBoy.Tests/bin/Debug/net8.0/GameBoy.Tests.dll" adapterTypeName="executor://xunit/VsTestRunner2/netcoreapp" className="GameBoy.Tests.PaletteTests" name="MapColor_ReturnsCorrectMappedValue" />
    </UnitTest>
    <UnitTest name="GameBoy.Tests.SpriteTests.FlipY_ReturnsCorrectValue(attributes: 0, expected: False)" storage="/home/runner/work/blazorboy/blazorboy/src/gameboy.tests/bin/debug/net8.0/gameboy.tests.dll" id="b91a947f-8ccb-af93-e65f-8b0f7b8ee8ce">
      <Execution id="a9d62967-b2a7-4c52-8867-d980b2940912" />
      <TestMethod codeBase="/home/runner/work/BlazorBoy/BlazorBoy/src/GameBoy.Tests/bin/Debug/net8.0/GameBoy.Tests.dll" adapterTypeName="executor://xunit/VsTestRunner2/netcoreapp" className="GameBoy.Tests.SpriteTests" name="FlipY_ReturnsCorrectValue" />
    </UnitTest>
    <UnitTest name="GameBoy.Tests.SpriteTests.UseObp1_ReturnsCorrectValue(attributes: 16, expected: True)" storage="/home/runner/work/blazorboy/blazorboy/src/gameboy.tests/bin/debug/net8.0/gameboy.tests.dll" id="6b922855-7a81-f11e-f1b8-81a2ac929594">
      <Execution id="3cce4d06-da0a-4b6b-9a5f-280d3f320302" />
      <TestMethod codeBase="/home/runner/work/BlazorBoy/BlazorBoy/src/GameBoy.Tests/bin/Debug/net8.0/GameBoy.Tests.dll" adapterTypeName="executor://xunit/VsTestRunner2/netcoreapp" className="GameBoy.Tests.SpriteTests" name="UseObp1_ReturnsCorrectValue" />
    </UnitTest>
    <UnitTest name="GameBoy.Tests.TimerTests.TIMA_IncrementsAtCorrectFrequency(tacValue: 4, expectedCycles: 1024)" storage="/home/runner/work/blazorboy/blazorboy/src/gameboy.tests/bin/debug/net8.0/gameboy.tests.dll" id="e74f0f7e-efd4-851a-6dd0-c1b21d0c599d">
      <Execution id="04115666-eb37-4e60-8f94-36cf4082694f" />
      <TestMethod codeBase="/home/runner/work/BlazorBoy/BlazorBoy/src/GameBoy.Tests/bin/Debug/net8.0/GameBoy.Tests.dll" adapterTypeName="executor://xunit/VsTestRunner2/netcoreapp" className="GameBoy.Tests.TimerTests" name="TIMA_IncrementsAtCorrectFrequency" />
    </UnitTest>
    <UnitTest name="GameBoy.Tests.SpriteTests.ToString_ReturnsDescriptiveString" storage="/home/runner/work/blazorboy/blazorboy/src/gameboy.tests/bin/debug/net8.0/gameboy.tests.dll" id="43ceb7e8-ddf0-88ac-1ec8-6a27339a1a57">
      <Execution id="c72c9a97-14a5-44a0-a5c8-eada017f6b33" />
      <TestMethod codeBase="/home/runner/work/BlazorBoy/BlazorBoy/src/GameBoy.Tests/bin/Debug/net8.0/GameBoy.Tests.dll" adapterTypeName="executor://xunit/VsTestRunner2/netcoreapp" className="GameBoy.Tests.SpriteTests" name="ToString_ReturnsDescriptiveString" />
    </UnitTest>
    <UnitTest name="GameBoy.Tests.Integration.MooneyeInterruptTests.Mooneye_InterruptTests_ExecuteSuccessfully(category: &quot;interrupts&quot;, romFile: &quot;halt_ime1_timing2-GS.gb&quot;, description: &quot;HALT with IME=1 timing test 2&quot;)" storage="/home/runner/work/blazorboy/blazorboy/src/gameboy.tests/bin/debug/net8.0/gameboy.tests.dll" id="590936a9-03d2-1617-2e4b-6fffd4734220">
      <Execution id="9a555e2a-ffce-4616-a0b4-eccb19029edb" />
      <TestMethod codeBase="/home/runner/work/BlazorBoy/BlazorBoy/src/GameBoy.Tests/bin/Debug/net8.0/GameBoy.Tests.dll" adapterTypeName="executor://xunit/VsTestRunner2/netcoreapp" className="GameBoy.Tests.Integration.MooneyeInterruptTests" name="Mooneye_InterruptTests_ExecuteSuccessfully" />
    </UnitTest>
    <UnitTest name="GameBoy.Tests.Integration.CpuInstructionTests.ADD_A_HL_AddsMemoryValueToA" storage="/home/runner/work/blazorboy/blazorboy/src/gameboy.tests/bin/debug/net8.0/gameboy.tests.dll" id="17b4ef9f-b24b-34dd-67cf-64cf54df2913">
      <Execution id="3a4af4b9-7243-42a3-9754-cf565ae734d7" />
      <TestMethod codeBase="/home/runner/work/BlazorBoy/BlazorBoy/src/GameBoy.Tests/bin/Debug/net8.0/GameBoy.Tests.dll" adapterTypeName="executor://xunit/VsTestRunner2/netcoreapp" className="GameBoy.Tests.Integration.CpuInstructionTests" name="ADD_A_HL_AddsMemoryValueToA" />
    </UnitTest>
    <UnitTest name="GameBoy.Tests.PaletteTests.ToRgba_WithInvalidValue_ReturnsDefault(colorValue: 4, expectedRgba: -6571249)" storage="/home/runner/work/blazorboy/blazorboy/src/gameboy.tests/bin/debug/net8.0/gameboy.tests.dll" id="edb6eac7-f7c6-9294-277c-f32f85b35d99">
      <Execution id="537ea5be-7ced-40f2-9ccf-aeb729b6f44d" />
      <TestMethod codeBase="/home/runner/work/BlazorBoy/BlazorBoy/src/GameBoy.Tests/bin/Debug/net8.0/GameBoy.Tests.dll" adapterTypeName="executor://xunit/VsTestRunner2/netcoreapp" className="GameBoy.Tests.PaletteTests" name="ToRgba_WithInvalidValue_ReturnsDefault" />
    </UnitTest>
    <UnitTest name="GameBoy.Tests.InterruptControllerTests.Service_ReturnsCorrectVectorAddress(interruptType: LCDStat, expectedVector: 72)" storage="/home/runner/work/blazorboy/blazorboy/src/gameboy.tests/bin/debug/net8.0/gameboy.tests.dll" id="6a8dce1a-7d9c-dae0-8d7d-5c3206d60be4">
      <Execution id="b3d85275-3219-4037-896a-d49b190fed4f" />
      <TestMethod codeBase="/home/runner/work/BlazorBoy/BlazorBoy/src/GameBoy.Tests/bin/Debug/net8.0/GameBoy.Tests.dll" adapterTypeName="executor://xunit/VsTestRunner2/netcoreapp" className="GameBoy.Tests.InterruptControllerTests" name="Service_ReturnsCorrectVectorAddress" />
    </UnitTest>
    <UnitTest name="GameBoy.Tests.LcdcTests.BgTileMapArea_ReturnsCorrectValue(value: 8, expected: True)" storage="/home/runner/work/blazorboy/blazorboy/src/gameboy.tests/bin/debug/net8.0/gameboy.tests.dll" id="a9ff99f0-c094-5ea4-ddb1-db4b019c8ad7">
      <Execution id="a22d81cc-66b2-4128-93a0-c4e7dc967be4" />
      <TestMethod codeBase="/home/runner/work/BlazorBoy/BlazorBoy/src/GameBoy.Tests/bin/Debug/net8.0/GameBoy.Tests.dll" adapterTypeName="executor://xunit/VsTestRunner2/netcoreapp" className="GameBoy.Tests.LcdcTests" name="BgTileMapArea_ReturnsCorrectValue" />
    </UnitTest>
    <UnitTest name="GameBoy.Tests.CartridgeTests.Detect_Mbc1Rom_ReturnsCorrectCartridge" storage="/home/runner/work/blazorboy/blazorboy/src/gameboy.tests/bin/debug/net8.0/gameboy.tests.dll" id="874f25be-fa61-5df7-d30a-9840673a85ee">
      <Execution id="3c7332f0-962d-4b32-89c1-d340bf9d480f" />
      <TestMethod codeBase="/home/runner/work/BlazorBoy/BlazorBoy/src/GameBoy.Tests/bin/Debug/net8.0/GameBoy.Tests.dll" adapterTypeName="executor://xunit/VsTestRunner2/netcoreapp" className="GameBoy.Tests.CartridgeTests" name="Detect_Mbc1Rom_ReturnsCorrectCartridge" />
    </UnitTest>
    <UnitTest name="GameBoy.Tests.Integration.MooneyeInterruptTests.Mooneye_InterruptTests_ExecuteSuccessfully(category: &quot;interrupts&quot;, romFile: &quot;if_ie_registers.gb&quot;, description: &quot;IF/IE register behavior test&quot;)" storage="/home/runner/work/blazorboy/blazorboy/src/gameboy.tests/bin/debug/net8.0/gameboy.tests.dll" id="c8d9e566-e787-e517-6133-a24b52e97952">
      <Execution id="461a4d3b-f1b6-4331-9d9d-d028f608d18e" />
      <TestMethod codeBase="/home/runner/work/BlazorBoy/BlazorBoy/src/GameBoy.Tests/bin/Debug/net8.0/GameBoy.Tests.dll" adapterTypeName="executor://xunit/VsTestRunner2/netcoreapp" className="GameBoy.Tests.Integration.MooneyeInterruptTests" name="Mooneye_InterruptTests_ExecuteSuccessfully" />
    </UnitTest>
    <UnitTest name="GameBoy.Tests.Integration.MooneyeInterruptTests.Mooneye_InterruptTests_ExecuteSuccessfully(category: &quot;interrupts&quot;, romFile: &quot;jp_cc_timing.gb&quot;, description: &quot;Jump condition code timing with interrupts&quot;)" storage="/home/runner/work/blazorboy/blazorboy/src/gameboy.tests/bin/debug/net8.0/gameboy.tests.dll" id="c861d3dc-43bf-697e-aa73-eba83510393a">
      <Execution id="229d8d24-791e-48cc-803b-9122bd0ca953" />
      <TestMethod codeBase="/home/runner/work/BlazorBoy/BlazorBoy/src/GameBoy.Tests/bin/Debug/net8.0/GameBoy.Tests.dll" adapterTypeName="executor://xunit/VsTestRunner2/netcoreapp" className="GameBoy.Tests.Integration.MooneyeInterruptTests" name="Mooneye_InterruptTests_ExecuteSuccessfully" />
    </UnitTest>
    <UnitTest name="GameBoy.Tests.SpriteTests.GetRelativeY16_ReturnsCorrectValueFor8x16Sprites(y: 80, scanline: 75, attributes: 0, expected: 11)" storage="/home/runner/work/blazorboy/blazorboy/src/gameboy.tests/bin/debug/net8.0/gameboy.tests.dll" id="b01d3278-48db-4fb4-4597-05a0bb919f44">
      <Execution id="72b4f1f2-bbe1-4a3a-86d7-8669ee7ab811" />
      <TestMethod codeBase="/home/runner/work/BlazorBoy/BlazorBoy/src/GameBoy.Tests/bin/Debug/net8.0/GameBoy.Tests.dll" adapterTypeName="executor://xunit/VsTestRunner2/netcoreapp" className="GameBoy.Tests.SpriteTests" name="GetRelativeY16_ReturnsCorrectValueFor8x16Sprites" />
    </UnitTest>
    <UnitTest name="GameBoy.Tests.PaletteTests.ToRgba_ReturnsCorrectColors(colorValue: 0, expectedRgba: -6571249)" storage="/home/runner/work/blazorboy/blazorboy/src/gameboy.tests/bin/debug/net8.0/gameboy.tests.dll" id="cc1932d4-7d9e-6230-bf42-2ae809d0ce78">
      <Execution id="8e2eaada-e47e-4c02-ab36-1e607fc99bf7" />
      <TestMethod codeBase="/home/runner/work/BlazorBoy/BlazorBoy/src/GameBoy.Tests/bin/Debug/net8.0/GameBoy.Tests.dll" adapterTypeName="executor://xunit/VsTestRunner2/netcoreapp" className="GameBoy.Tests.PaletteTests" name="ToRgba_ReturnsCorrectColors" />
    </UnitTest>
    <UnitTest name="GameBoy.Tests.Integration.MooneyeInterruptTests.Mooneye_PPUInterruptTests_ExecuteSuccessfully(category: &quot;ppu&quot;, romFile: &quot;intr_1_2_timing-GS.gb&quot;, description: &quot;Interrupt 1-2 timing test&quot;)" storage="/home/runner/work/blazorboy/blazorboy/src/gameboy.tests/bin/debug/net8.0/gameboy.tests.dll" id="d5e00923-46bd-de32-0305-b8d85b547aad">
      <Execution id="153f7833-d81c-4cba-9cd5-6419e4e58430" />
      <TestMethod codeBase="/home/runner/work/BlazorBoy/BlazorBoy/src/GameBoy.Tests/bin/Debug/net8.0/GameBoy.Tests.dll" adapterTypeName="executor://xunit/VsTestRunner2/netcoreapp" className="GameBoy.Tests.Integration.MooneyeInterruptTests" name="Mooneye_PPUInterruptTests_ExecuteSuccessfully" />
    </UnitTest>
    <UnitTest name="GameBoy.Tests.InstructionTimingTests.LoadFromHL_Takes8Cycles" storage="/home/runner/work/blazorboy/blazorboy/src/gameboy.tests/bin/debug/net8.0/gameboy.tests.dll" id="343dbe44-ccd9-ec7f-986f-f77343f59e6f">
      <Execution id="fe8b081d-aa3f-4bb6-a310-50f50efad627" />
      <TestMethod codeBase="/home/runner/work/BlazorBoy/BlazorBoy/src/GameBoy.Tests/bin/Debug/net8.0/GameBoy.Tests.dll" adapterTypeName="executor://xunit/VsTestRunner2/netcoreapp" className="GameBoy.Tests.InstructionTimingTests" name="LoadFromHL_Takes8Cycles" />
    </UnitTest>
  </TestDefinitions>
  <TestEntries>
    <TestEntry testId="978040fa-4f8b-36da-ab29-4799df628420" executionId="b32eb742-aafc-43d0-9b67-b9b2221147cb" testListId="8c84fa94-04c1-424b-9868-57a2d4851a1d" />
    <TestEntry testId="b9c40b62-f47a-cee1-575f-a163f569bddb" executionId="614e6c99-1bfd-4dd6-87f5-3e7906e4fc04" testListId="8c84fa94-04c1-424b-9868-57a2d4851a1d" />
    <TestEntry testId="6c0464d1-fd5c-e555-4e7b-41995cb84088" executionId="2c4947f5-699c-488c-9c4a-0b8cfe61365d" testListId="8c84fa94-04c1-424b-9868-57a2d4851a1d" />
    <TestEntry testId="b0362321-4e5e-da8a-2a98-f400a3bb5b31" executionId="7b9deb4a-3fc5-4e2a-89ec-4e427bc2e669" testListId="8c84fa94-04c1-424b-9868-57a2d4851a1d" />
    <TestEntry testId="6f2ac7de-8e4f-7e79-2f26-32c891a5f0db" executionId="5930ef11-250a-4741-bd59-f4c6e8d4a6c6" testListId="8c84fa94-04c1-424b-9868-57a2d4851a1d" />
    <TestEntry testId="0ca4a099-52fa-db95-ae06-48156ea50b6d" executionId="11a70712-06c5-4aaf-b299-c78987daadc6" testListId="8c84fa94-04c1-424b-9868-57a2d4851a1d" />
    <TestEntry testId="969404f2-e421-5400-92f3-faaa94d653b7" executionId="5a1c67a8-c55c-4aa6-805d-6b32e8368ece" testListId="8c84fa94-04c1-424b-9868-57a2d4851a1d" />
    <TestEntry testId="8ca24740-dcec-a0e9-0e2c-0ef6c3b961f4" executionId="efeb9784-c84e-494f-871b-49ec107277e3" testListId="8c84fa94-04c1-424b-9868-57a2d4851a1d" />
    <TestEntry testId="67fe01af-7e43-78d7-3a72-7d215aca5c1a" executionId="207a3af2-fc82-44e9-9583-b03a892630f0" testListId="8c84fa94-04c1-424b-9868-57a2d4851a1d" />
    <TestEntry testId="d0edd84d-2f50-3142-246d-c739cb00af81" executionId="e56c4173-d04a-4acf-a7dd-0b1268caafa5" testListId="8c84fa94-04c1-424b-9868-57a2d4851a1d" />
    <TestEntry testId="102b6154-19f2-4e25-10de-c96e85d6fba1" executionId="4eb1c4d8-0068-4970-beee-9629ee3130e7" testListId="8c84fa94-04c1-424b-9868-57a2d4851a1d" />
    <TestEntry testId="d567076a-3ac5-41ab-0198-cd65adda5111" executionId="c6731386-0ec3-4cc0-9a54-dcb536262d96" testListId="8c84fa94-04c1-424b-9868-57a2d4851a1d" />
    <TestEntry testId="bcb080de-7b48-8b9a-c3cc-d1356e3215db" executionId="77e8d779-ea53-4669-805b-523342b92bb7" testListId="8c84fa94-04c1-424b-9868-57a2d4851a1d" />
    <TestEntry testId="384b0a87-c0a9-5807-477b-a9400dded61d" executionId="74b1ae6f-1d80-4cdc-ad54-98fb7910200b" testListId="8c84fa94-04c1-424b-9868-57a2d4851a1d" />
    <TestEntry testId="df4259e9-1fe9-6097-1fce-64f0c284fc13" executionId="9ca32eae-4fe3-4665-a4e9-987d6cbafe20" testListId="8c84fa94-04c1-424b-9868-57a2d4851a1d" />
    <TestEntry testId="314fc61e-cee9-af41-dc81-47202c7d18ce" executionId="6664a610-da0f-498c-843d-8917708f4f4f" testListId="8c84fa94-04c1-424b-9868-57a2d4851a1d" />
    <TestEntry testId="bdd2e866-be7e-43c1-5732-462b63d4bccc" executionId="8b01b6f3-5c47-46a6-a87b-86f7982e60ed" testListId="8c84fa94-04c1-424b-9868-57a2d4851a1d" />
    <TestEntry testId="64baf44e-c4ca-0761-f8bc-2b95631f9f67" executionId="105eb534-85f1-4444-b3a9-b3b62b1ffded" testListId="8c84fa94-04c1-424b-9868-57a2d4851a1d" />
    <TestEntry testId="659ecd98-a5e7-1e66-839c-37373bcb6fc9" executionId="94c63ba4-94c7-4715-9f81-e1d96abc9aa2" testListId="8c84fa94-04c1-424b-9868-57a2d4851a1d" />
    <TestEntry testId="e3765827-2a9c-b31f-8012-84446cac41a0" executionId="f772857d-01b7-4871-8436-aa73865698d2" testListId="8c84fa94-04c1-424b-9868-57a2d4851a1d" />
    <TestEntry testId="a933aee1-bc53-9931-a375-903234ff4042" executionId="e9bc445b-ac06-4927-9ac3-dc92714e3c23" testListId="8c84fa94-04c1-424b-9868-57a2d4851a1d" />
    <TestEntry testId="830e9c75-a696-61f0-53b1-886f7b1a4eee" executionId="6958b139-f767-4ef0-bb2d-a219f1df4d60" testListId="8c84fa94-04c1-424b-9868-57a2d4851a1d" />
    <TestEntry testId="a431d698-896f-fd21-1f20-33ca0bb9453f" executionId="0a34ee40-366f-4792-85a5-50d1188c17a1" testListId="8c84fa94-04c1-424b-9868-57a2d4851a1d" />
    <TestEntry testId="4975102a-f160-878b-fb69-1ad64624b139" executionId="aec21243-71be-487b-a4af-bcfb8314cdba" testListId="8c84fa94-04c1-424b-9868-57a2d4851a1d" />
    <TestEntry testId="f875f231-3682-e917-5927-759456c2b78f" executionId="eb7c533c-c8be-4e42-be66-2cc4e92c7f22" testListId="8c84fa94-04c1-424b-9868-57a2d4851a1d" />
    <TestEntry testId="6a2d5ec1-c667-fd32-d169-2da28f3dca5a" executionId="b498562a-d7e8-4590-b6ba-6f2ee90997ba" testListId="8c84fa94-04c1-424b-9868-57a2d4851a1d" />
    <TestEntry testId="00f1c6c9-7444-bdfe-8b60-29c43865e046" executionId="31fad51a-a3c9-459b-8a7e-92add2a330b9" testListId="8c84fa94-04c1-424b-9868-57a2d4851a1d" />
    <TestEntry testId="50a9db97-c4ae-2cab-3c13-bfa335de1e80" executionId="a62ff578-8db2-401d-84b9-0d528acb87eb" testListId="8c84fa94-04c1-424b-9868-57a2d4851a1d" />
    <TestEntry testId="b8ba0933-34a5-8575-0c62-1197e261e907" executionId="d4449296-5555-436e-a501-15723b7a5626" testListId="8c84fa94-04c1-424b-9868-57a2d4851a1d" />
    <TestEntry testId="006feed1-c1a5-c6d9-aab7-b3ef84dc5ab5" executionId="b3b1049e-18c4-421b-b6e2-39fa42c70eb7" testListId="8c84fa94-04c1-424b-9868-57a2d4851a1d" />
    <TestEntry testId="97f93f6c-0ec8-e7ad-10f6-dbfa65c7f1be" executionId="51672978-e1c4-4e17-a63b-0e445ccb6644" testListId="8c84fa94-04c1-424b-9868-57a2d4851a1d" />
    <TestEntry testId="8165c2c7-6f08-bba5-9a7f-d46c7726b42e" executionId="2b1ad342-f1ff-4f3c-8623-f24a09342215" testListId="8c84fa94-04c1-424b-9868-57a2d4851a1d" />
    <TestEntry testId="16df559d-4354-a940-518b-fbb0a6510c9a" executionId="d6dd803d-3ad7-4c5d-a087-02555583fedd" testListId="8c84fa94-04c1-424b-9868-57a2d4851a1d" />
    <TestEntry testId="542e7ba1-0d64-c9c9-5e5e-a4769e37178b" executionId="d3636d3f-4f67-4521-ba03-f9d5257e08ef" testListId="8c84fa94-04c1-424b-9868-57a2d4851a1d" />
    <TestEntry testId="10536bfe-e475-8001-6d5c-9ccf57974d7a" executionId="31c2b700-85ed-48e1-ada6-88b7277ecb0a" testListId="8c84fa94-04c1-424b-9868-57a2d4851a1d" />
    <TestEntry testId="4ee41f3a-c109-c2d0-5e63-82bff5814980" executionId="9122a724-8db9-44b4-ba2b-51f72e05324e" testListId="8c84fa94-04c1-424b-9868-57a2d4851a1d" />
    <TestEntry testId="bf02038f-adfc-2555-62df-acc3bd9eb0fe" executionId="0dbfd878-f18f-4d3e-9a12-82f68add4640" testListId="8c84fa94-04c1-424b-9868-57a2d4851a1d" />
    <TestEntry testId="248c99f5-60f8-787d-b9e1-864b0079f278" executionId="8385e7ea-c8f8-4579-ad6c-a352e1bd4abd" testListId="8c84fa94-04c1-424b-9868-57a2d4851a1d" />
    <TestEntry testId="681c47c3-37e7-3071-42fb-849589f54bf3" executionId="bc0635df-51b6-4009-9178-67b3d127d342" testListId="8c84fa94-04c1-424b-9868-57a2d4851a1d" />
    <TestEntry testId="a9f9612f-fc1d-fb62-4511-e453808e0866" executionId="c0f44402-d4d8-4aa3-bb6f-e5f08ec5a801" testListId="8c84fa94-04c1-424b-9868-57a2d4851a1d" />
    <TestEntry testId="7d58d65d-bd82-9d12-122d-6184650a94c1" executionId="0a6160a9-3443-449f-ac4f-0c537ec367a8" testListId="8c84fa94-04c1-424b-9868-57a2d4851a1d" />
    <TestEntry testId="cacebda4-2c80-c528-2f0b-83bab685baec" executionId="567d3f29-2a1c-4fd1-a244-c7c14fd8caaa" testListId="8c84fa94-04c1-424b-9868-57a2d4851a1d" />
    <TestEntry testId="ba831c1d-1242-53c9-e884-46cecf1464da" executionId="dbf92c1f-e9e5-4e4c-971c-7bbbd98e1e28" testListId="8c84fa94-04c1-424b-9868-57a2d4851a1d" />
    <TestEntry testId="9c3c88a5-56a3-3030-7762-5a115c595da1" executionId="c518aabd-7ee7-4995-b306-4d199ee56623" testListId="8c84fa94-04c1-424b-9868-57a2d4851a1d" />
    <TestEntry testId="3e1cca0a-2970-4dbc-2731-d455fe03be95" executionId="6ebf2dea-0a73-42be-b207-9942f7127f95" testListId="8c84fa94-04c1-424b-9868-57a2d4851a1d" />
    <TestEntry testId="af249e2c-5143-e89b-5b70-06a4d6e94623" executionId="23416753-eae8-4c42-b4fc-8aff2448c390" testListId="8c84fa94-04c1-424b-9868-57a2d4851a1d" />
    <TestEntry testId="c809f173-f11b-869a-6b1a-1f70886f8fe0" executionId="2ea99f84-b5a7-4b1e-8f97-65690ee3be75" testListId="8c84fa94-04c1-424b-9868-57a2d4851a1d" />
    <TestEntry testId="c861d3dc-43bf-697e-aa73-eba83510393a" executionId="229d8d24-791e-48cc-803b-9122bd0ca953" testListId="8c84fa94-04c1-424b-9868-57a2d4851a1d" />
    <TestEntry testId="384250c4-1166-57c1-ab6b-faff30e57df6" executionId="07d0cbe2-1470-4233-9975-220abb71d03c" testListId="8c84fa94-04c1-424b-9868-57a2d4851a1d" />
    <TestEntry testId="e37e904c-e09a-b555-45f3-729984081eed" executionId="8a696b34-e7fe-45e7-8a52-87609ddfa2b5" testListId="8c84fa94-04c1-424b-9868-57a2d4851a1d" />
    <TestEntry testId="9195e7f9-77eb-9049-019a-3844d068d29d" executionId="67b902a4-c873-4044-9ddd-4a58532eab1f" testListId="8c84fa94-04c1-424b-9868-57a2d4851a1d" />
    <TestEntry testId="3b319e89-c4dd-6f4f-5fcf-0c1651e2b40e" executionId="e52c1b6e-ab4b-4527-8665-4aa0f2a1f031" testListId="8c84fa94-04c1-424b-9868-57a2d4851a1d" />
    <TestEntry testId="c8d9e566-e787-e517-6133-a24b52e97952" executionId="461a4d3b-f1b6-4331-9d9d-d028f608d18e" testListId="8c84fa94-04c1-424b-9868-57a2d4851a1d" />
    <TestEntry testId="6fc09a62-c0e9-f33d-573b-10f9b8d9c5e4" executionId="b9b7d94b-7687-4e40-b737-7740bd01c725" testListId="8c84fa94-04c1-424b-9868-57a2d4851a1d" />
    <TestEntry testId="6e63e14b-5591-a997-fbef-946b131ed86a" executionId="3e1c52e8-f667-462b-a8d4-943cc573b629" testListId="8c84fa94-04c1-424b-9868-57a2d4851a1d" />
    <TestEntry testId="df87ea20-9c6b-8b54-5808-cc8e594491b2" executionId="1a12c73e-faff-4544-87d6-f7e52b36efd6" testListId="8c84fa94-04c1-424b-9868-57a2d4851a1d" />
    <TestEntry testId="829c7096-2169-f389-dd46-1aef23acb11b" executionId="dd90334a-7f75-4708-852b-34c6745ebdca" testListId="8c84fa94-04c1-424b-9868-57a2d4851a1d" />
    <TestEntry testId="7306f9e1-7907-caea-5e9f-b7b32ca6fa64" executionId="5f51bcac-b35e-4811-bd7f-dc3a0eda0c6a" testListId="8c84fa94-04c1-424b-9868-57a2d4851a1d" />
    <TestEntry testId="09386e45-a168-c5b0-e7b9-c1cd8eb70456" executionId="cfc87992-a482-4ec4-bb58-f4b53c0e181c" testListId="8c84fa94-04c1-424b-9868-57a2d4851a1d" />
    <TestEntry testId="057229d9-b1f1-a297-1e78-c820b7c918ea" executionId="13f7e09c-f3b3-4eb0-ae64-e2589731dd27" testListId="8c84fa94-04c1-424b-9868-57a2d4851a1d" />
    <TestEntry testId="8cb0f3cb-85ff-d610-1cb2-ffb9ebd4ca3b" executionId="f1bfe75b-9ca3-4a56-ac03-8f683a6c4583" testListId="8c84fa94-04c1-424b-9868-57a2d4851a1d" />
    <TestEntry testId="7287d1fe-6c4f-c123-97cc-7c591205c013" executionId="abe7aec5-2061-4ac4-9d7c-46a111120e67" testListId="8c84fa94-04c1-424b-9868-57a2d4851a1d" />
    <TestEntry testId="47f9bf91-a312-60de-4a04-0ac4673159a6" executionId="29a82e3e-416c-4c3d-9d64-3edd762c1e22" testListId="8c84fa94-04c1-424b-9868-57a2d4851a1d" />
    <TestEntry testId="6d0d3505-f5bb-4b88-82b2-8868244005e0" executionId="bc08494d-ff2c-4fc2-ac46-a887634b79c2" testListId="8c84fa94-04c1-424b-9868-57a2d4851a1d" />
    <TestEntry testId="1cbfb5b9-2011-f2d6-8d4e-04eb5cfad13f" executionId="93f6c1d6-dc95-40a0-8fa2-86809ab52a36" testListId="8c84fa94-04c1-424b-9868-57a2d4851a1d" />
    <TestEntry testId="d52bd06f-905d-5b25-a3dc-e931e3543ff5" executionId="f1406f49-cd43-4247-b1e3-ede95efb2737" testListId="8c84fa94-04c1-424b-9868-57a2d4851a1d" />
    <TestEntry testId="bc740155-cb35-e552-8d96-f8bc1554cf05" executionId="7745a65a-27a9-4895-966c-734513dbfca0" testListId="8c84fa94-04c1-424b-9868-57a2d4851a1d" />
    <TestEntry testId="478b2524-238c-3a12-f209-ae2368969b48" executionId="7395415e-6c91-43a2-b92e-b2b5b2073bdf" testListId="8c84fa94-04c1-424b-9868-57a2d4851a1d" />
    <TestEntry testId="83c014b4-1649-7cfe-2146-fc2ae5b4fd84" executionId="f3a57af5-fddc-4a0c-94e9-3abe554b0018" testListId="8c84fa94-04c1-424b-9868-57a2d4851a1d" />
    <TestEntry testId="5f20123c-8ed0-bc94-a059-9424476978ee" executionId="4a9f109f-97c0-408f-ac03-03f3d689b9c4" testListId="8c84fa94-04c1-424b-9868-57a2d4851a1d" />
    <TestEntry testId="6c5a8f54-fef1-8ea7-91b9-a27bc1b602dc" executionId="95fa3e60-2feb-41f5-979c-d0447fd6d5d5" testListId="8c84fa94-04c1-424b-9868-57a2d4851a1d" />
    <TestEntry testId="42b1165a-c412-4f02-26e5-5e4d767a8d9f" executionId="7f345096-9f55-4bd6-a463-9031dcd7fd01" testListId="8c84fa94-04c1-424b-9868-57a2d4851a1d" />
    <TestEntry testId="106cb391-7826-d136-23bc-f103d0e4c9d5" executionId="c602cbf7-aac9-4022-957f-0de2bed5950d" testListId="8c84fa94-04c1-424b-9868-57a2d4851a1d" />
    <TestEntry testId="9604427e-c651-472a-5cfb-c477b36348af" executionId="983ff8f0-82fb-495c-adc1-226c1533209a" testListId="8c84fa94-04c1-424b-9868-57a2d4851a1d" />
    <TestEntry testId="2596a46d-7689-9c31-42da-c5175fdef309" executionId="e521fdb8-c46a-4d1e-8ab4-8232ddf8488f" testListId="8c84fa94-04c1-424b-9868-57a2d4851a1d" />
    <TestEntry testId="41624f13-3643-f362-2897-db328849f012" executionId="3f24378f-a81b-48b6-8568-4321d4c17d30" testListId="8c84fa94-04c1-424b-9868-57a2d4851a1d" />
    <TestEntry testId="5924fbe0-0856-ba6d-5f56-bda58dc0f81a" executionId="2f6f9341-e022-4cf1-891c-dfd2a21b86a7" testListId="8c84fa94-04c1-424b-9868-57a2d4851a1d" />
    <TestEntry testId="55863f49-97b8-672e-ce1c-1ee36ffc352e" executionId="7635ee83-3efd-489f-b5d8-8b690e8c239e" testListId="8c84fa94-04c1-424b-9868-57a2d4851a1d" />
    <TestEntry testId="04567a99-31ad-e68c-43f8-bafe9bfa1d3d" executionId="52b8d228-6794-4280-8de1-b611e3ef1481" testListId="8c84fa94-04c1-424b-9868-57a2d4851a1d" />
    <TestEntry testId="1a2804a3-0827-2fcc-b4ad-1813e1e03c9f" executionId="7bf80b46-9b7a-4139-b760-03ab2b9ab360" testListId="8c84fa94-04c1-424b-9868-57a2d4851a1d" />
    <TestEntry testId="8b909baf-1a4f-aee9-3baa-c1d0732a2500" executionId="ea4c8a86-d241-41a2-b2f5-e7ae811af436" testListId="8c84fa94-04c1-424b-9868-57a2d4851a1d" />
    <TestEntry testId="b59519ca-aa48-fdfc-4639-a0614012475d" executionId="d89318b3-8ada-4076-9921-cf0a177f4646" testListId="8c84fa94-04c1-424b-9868-57a2d4851a1d" />
    <TestEntry testId="6bca5d59-928b-3848-bec7-0a44e7315c43" executionId="58c71664-f164-4edc-99c7-407290d75fea" testListId="8c84fa94-04c1-424b-9868-57a2d4851a1d" />
    <TestEntry testId="ae3064f1-f145-0973-10f5-1b6b0badd490" executionId="fe017ecc-0448-4927-a310-5e90b879d46e" testListId="8c84fa94-04c1-424b-9868-57a2d4851a1d" />
    <TestEntry testId="40b3ee84-2a33-de43-b253-9cf8061579ae" executionId="595bfc79-0a26-465f-9020-d2bf49dfc43d" testListId="8c84fa94-04c1-424b-9868-57a2d4851a1d" />
    <TestEntry testId="e7e04a3e-1ec2-ba48-ac24-a7974f765367" executionId="038875c9-8243-4094-910f-956c718d4269" testListId="8c84fa94-04c1-424b-9868-57a2d4851a1d" />
    <TestEntry testId="494ce6b0-772c-7f7e-7360-97586734d032" executionId="c50fbf27-5917-4b42-a235-2c851064015d" testListId="8c84fa94-04c1-424b-9868-57a2d4851a1d" />
    <TestEntry testId="cd44edf2-4e22-e8a9-653b-830594a5b38d" executionId="d17a48be-954b-4e42-8c08-50ba29bd2c81" testListId="8c84fa94-04c1-424b-9868-57a2d4851a1d" />
    <TestEntry testId="aa62db2f-bb74-b7aa-d62d-6596b839e885" executionId="abd36c06-bf13-460e-96f1-c3cfc5d00b98" testListId="8c84fa94-04c1-424b-9868-57a2d4851a1d" />
    <TestEntry testId="780e9802-fd3e-fb97-5165-36872cd7596d" executionId="e8c8855b-abf2-4e5f-bc67-7f392ce3ed29" testListId="8c84fa94-04c1-424b-9868-57a2d4851a1d" />
    <TestEntry testId="06a0dbdf-8731-d98c-f9e6-2f5f2d06c404" executionId="6d98b643-a3f9-4ce3-9604-8087b711bd36" testListId="8c84fa94-04c1-424b-9868-57a2d4851a1d" />
    <TestEntry testId="9b50f966-c34d-9383-fb71-b0d6121c3c39" executionId="bd55c760-4d81-4087-bdba-7f247432388d" testListId="8c84fa94-04c1-424b-9868-57a2d4851a1d" />
    <TestEntry testId="117c486f-593c-a149-4e78-e303f3deccae" executionId="478fb046-bbc6-4193-83d0-6990299893e7" testListId="8c84fa94-04c1-424b-9868-57a2d4851a1d" />
    <TestEntry testId="6a0c53f0-2c18-115f-f674-49a785fc4aaf" executionId="10cf3213-5d5c-4d07-8260-3899ea0b2669" testListId="8c84fa94-04c1-424b-9868-57a2d4851a1d" />
    <TestEntry testId="d60d487b-1af3-e84a-4f85-46950aaaae39" executionId="0369729c-08b1-4b5c-8a42-f36a342a8abc" testListId="8c84fa94-04c1-424b-9868-57a2d4851a1d" />
    <TestEntry testId="5f331914-41b3-92d2-2fc0-87e754e4a46b" executionId="068d6989-78bd-4835-a1d6-8dee3add6f03" testListId="8c84fa94-04c1-424b-9868-57a2d4851a1d" />
    <TestEntry testId="4e1ae817-5271-c7fa-1dd8-f498ff4abfcb" executionId="2419bb57-d257-490f-b8f1-1318c71e0141" testListId="8c84fa94-04c1-424b-9868-57a2d4851a1d" />
    <TestEntry testId="fdb2cf0c-963b-0925-7ea4-74bfa1abb27b" executionId="0fc0ea08-9278-468f-81a8-42fd7df0a2b3" testListId="8c84fa94-04c1-424b-9868-57a2d4851a1d" />
    <TestEntry testId="43e54aa8-9155-d07b-d977-545a203b4b6c" executionId="b96e04a4-7ac7-4c67-b59a-63aeee3b4380" testListId="8c84fa94-04c1-424b-9868-57a2d4851a1d" />
    <TestEntry testId="cec261d1-2f6e-a298-77a8-adcbd8810670" executionId="53330269-7185-4ea4-b92e-e8e1ec76f208" testListId="8c84fa94-04c1-424b-9868-57a2d4851a1d" />
    <TestEntry testId="a305b2cf-1756-3dcb-e780-9ad0ea3377ba" executionId="b01f30b0-42d6-4e93-85ff-ce0db9d56aac" testListId="8c84fa94-04c1-424b-9868-57a2d4851a1d" />
    <TestEntry testId="10771405-225e-32ee-617f-3795aa9d6e76" executionId="f0318ed6-8bb8-44c8-b8f1-e81e8a2d00cc" testListId="8c84fa94-04c1-424b-9868-57a2d4851a1d" />
    <TestEntry testId="ea460519-d893-e51d-e2ec-3c26b9fabbcf" executionId="53500017-9627-4f8a-8133-de12a9dfb266" testListId="8c84fa94-04c1-424b-9868-57a2d4851a1d" />
    <TestEntry testId="d4dc003e-0824-a19f-90aa-5b4fbc46becc" executionId="887044d1-915d-407b-bcbc-2e5aa6729b68" testListId="8c84fa94-04c1-424b-9868-57a2d4851a1d" />
    <TestEntry testId="ab6aa2e3-320c-8f7b-e9af-5c9d131cbb2d" executionId="03c4967e-f99b-47c2-a9fb-4d239b814d82" testListId="8c84fa94-04c1-424b-9868-57a2d4851a1d" />
    <TestEntry testId="2448f416-24b3-a77c-3dfa-22ab364a1590" executionId="277f0313-c9a4-4b02-9921-0b1fd4c539d1" testListId="8c84fa94-04c1-424b-9868-57a2d4851a1d" />
    <TestEntry testId="0601d065-bb56-7b28-9b46-f6b4ea60b390" executionId="ea5f4cee-2c44-48d8-8efe-422bd30edfd7" testListId="8c84fa94-04c1-424b-9868-57a2d4851a1d" />
    <TestEntry testId="5f28ed6a-b607-4244-c09c-ea41369ed866" executionId="8b8b1fb7-80df-4435-8d00-0321d0d230be" testListId="8c84fa94-04c1-424b-9868-57a2d4851a1d" />
    <TestEntry testId="9237a3ba-0ae3-e8c9-4a5e-4cfc59fd3dad" executionId="33ed10b3-521f-4c5a-adc4-7fa7f527b0bd" testListId="8c84fa94-04c1-424b-9868-57a2d4851a1d" />
    <TestEntry testId="54dd0e40-8b85-eea0-2c56-4381d7e21249" executionId="8af8d0ff-ffc4-4d67-82ee-fc824a6edc66" testListId="8c84fa94-04c1-424b-9868-57a2d4851a1d" />
    <TestEntry testId="52b3fc6e-e3ed-7c01-72d2-1b9a6492f9ad" executionId="c07ddb76-029e-4916-8622-c3d9d5965332" testListId="8c84fa94-04c1-424b-9868-57a2d4851a1d" />
    <TestEntry testId="308af67d-87fa-ca36-4e7e-abfba831bdcf" executionId="35e0e665-df21-4bd4-a4f0-fbdc8fbb26b5" testListId="8c84fa94-04c1-424b-9868-57a2d4851a1d" />
    <TestEntry testId="1ce02f8c-966b-9d03-e6ad-81a3ad8ee1c4" executionId="12eb3d30-342a-4d6c-b4cf-bc27bd7760d1" testListId="8c84fa94-04c1-424b-9868-57a2d4851a1d" />
    <TestEntry testId="c1ab6780-158a-69dd-c56d-87f0797289c4" executionId="7f5da0ae-4f19-47ed-ae25-8d4d8c021694" testListId="8c84fa94-04c1-424b-9868-57a2d4851a1d" />
    <TestEntry testId="06dbb17f-0a44-4522-049b-1c6cf3bf3755" executionId="1b77d8c5-5268-48d2-bd10-1d3d531781bb" testListId="8c84fa94-04c1-424b-9868-57a2d4851a1d" />
    <TestEntry testId="40dcbde5-3f76-b90a-2d88-adfe176f7e60" executionId="3435d706-9749-405d-afc8-1a1641e8397b" testListId="8c84fa94-04c1-424b-9868-57a2d4851a1d" />
    <TestEntry testId="c13df759-13d6-42d4-2abc-9c879ffe5a50" executionId="cdd7d91e-cc68-4183-ad40-95cc736cc711" testListId="8c84fa94-04c1-424b-9868-57a2d4851a1d" />
    <TestEntry testId="c1b5930e-abc0-c16e-85c6-cd5ff1cb4510" executionId="5412f54e-ac6b-4d6b-b090-db2719807dd7" testListId="8c84fa94-04c1-424b-9868-57a2d4851a1d" />
    <TestEntry testId="12094dc9-7f3b-3b43-56c7-cfacac39a0fa" executionId="94398d09-76f6-4de3-a9f9-2a21f189c928" testListId="8c84fa94-04c1-424b-9868-57a2d4851a1d" />
    <TestEntry testId="6c9d7a5b-3a83-ec24-ee7f-48cd8387c5f8" executionId="1443b5d2-8d4b-46fa-a2a1-866e8e34a881" testListId="8c84fa94-04c1-424b-9868-57a2d4851a1d" />
    <TestEntry testId="feae4939-ded0-6aab-b8db-86ddfd9ba187" executionId="9de7e92e-2117-4d03-962f-7870c6d88ca2" testListId="8c84fa94-04c1-424b-9868-57a2d4851a1d" />
    <TestEntry testId="97046c6a-6e81-8947-5978-8b6f728ddfb1" executionId="fb1800ca-7a17-4d3d-ab70-c3417852628a" testListId="8c84fa94-04c1-424b-9868-57a2d4851a1d" />
    <TestEntry testId="2275ac94-8aca-2c08-a26a-d958344250af" executionId="2c8f86e2-8008-412d-bc97-49d8977178a8" testListId="8c84fa94-04c1-424b-9868-57a2d4851a1d" />
    <TestEntry testId="549f0cfe-5be8-1f18-0e68-76f3843fd943" executionId="092e15b4-b62f-458c-a040-1b42b75cbd0e" testListId="8c84fa94-04c1-424b-9868-57a2d4851a1d" />
    <TestEntry testId="691b246d-87d4-c3da-77b1-b99ceaa91e23" executionId="8684e09f-8360-4860-8783-d8a227dccce5" testListId="8c84fa94-04c1-424b-9868-57a2d4851a1d" />
    <TestEntry testId="a7bf5563-2cb2-c215-2dac-5d52641bf01d" executionId="4813fb31-a5ba-401e-9c24-fb1af4c79b44" testListId="8c84fa94-04c1-424b-9868-57a2d4851a1d" />
    <TestEntry testId="d3973571-32a8-c5e0-9b1c-cda06e91ccb3" executionId="c52087bd-b510-4d6f-af2c-495f5e1c9e63" testListId="8c84fa94-04c1-424b-9868-57a2d4851a1d" />
    <TestEntry testId="4504d0c8-a057-31ba-309c-2c8e1060e273" executionId="fc9ef167-0f73-4576-a0ba-5f64457c3b3c" testListId="8c84fa94-04c1-424b-9868-57a2d4851a1d" />
    <TestEntry testId="9db913f8-edf3-1531-068f-75285e2033df" executionId="0a6faf6a-6e97-4805-b80a-f754c14e7fac" testListId="8c84fa94-04c1-424b-9868-57a2d4851a1d" />
    <TestEntry testId="0f6056d8-3f87-2ab3-889d-d689a2583254" executionId="8dd6574c-1404-400d-bc2f-75e69b42d141" testListId="8c84fa94-04c1-424b-9868-57a2d4851a1d" />
    <TestEntry testId="33c4dcbc-bc77-b534-10a6-99e0280da154" executionId="946d0b66-51ec-489e-93ca-4ee8ac088552" testListId="8c84fa94-04c1-424b-9868-57a2d4851a1d" />
    <TestEntry testId="99d32ba4-2c30-d552-47e2-efce1533c384" executionId="4b1afedc-92fb-4a4c-abab-01190cfc263d" testListId="8c84fa94-04c1-424b-9868-57a2d4851a1d" />
    <TestEntry testId="f6e995e3-8bd7-81fe-deef-3990ff41d2d2" executionId="c1725d4c-2dde-4831-b811-a5702c56e812" testListId="8c84fa94-04c1-424b-9868-57a2d4851a1d" />
    <TestEntry testId="13b2d5ab-a8d7-fa2d-5c45-a2159bda8e06" executionId="699cd8ea-1001-4768-9f5b-e18e6d13eb10" testListId="8c84fa94-04c1-424b-9868-57a2d4851a1d" />
    <TestEntry testId="a3dddabb-43c4-3ed9-c273-7b9de8580e7b" executionId="10284f9a-5f81-46d6-9d9c-817f66f86f61" testListId="8c84fa94-04c1-424b-9868-57a2d4851a1d" />
    <TestEntry testId="8b6a2a0c-c8d5-5cee-bfdd-1ab4842e3690" executionId="0f44e19c-ca9a-4da4-96a5-262f69fff095" testListId="8c84fa94-04c1-424b-9868-57a2d4851a1d" />
    <TestEntry testId="4c340c87-3d3f-f687-2b3d-025b42c09c7e" executionId="db4fb87e-267b-4a60-9119-80304a064d60" testListId="8c84fa94-04c1-424b-9868-57a2d4851a1d" />
    <TestEntry testId="6d6dc5a5-f4b0-056c-db97-fd5fd360427f" executionId="63304755-25d4-4c95-a17f-c2c3d287e675" testListId="8c84fa94-04c1-424b-9868-57a2d4851a1d" />
    <TestEntry testId="bb07abf3-d490-b220-d162-53d090b9f610" executionId="8bf043b1-38e3-4ae9-a89e-3f89b9403402" testListId="8c84fa94-04c1-424b-9868-57a2d4851a1d" />
    <TestEntry testId="b402c6ca-9fa9-2358-e802-fe13886feb8b" executionId="76cc8c79-48b8-45fd-bbdd-28adfe76bd8c" testListId="8c84fa94-04c1-424b-9868-57a2d4851a1d" />
    <TestEntry testId="84941b8c-b68f-ce79-cd19-8c7a50ec235b" executionId="4edd9c67-a523-4f9c-932b-7715135b1706" testListId="8c84fa94-04c1-424b-9868-57a2d4851a1d" />
    <TestEntry testId="a9ff99f0-c094-5ea4-ddb1-db4b019c8ad7" executionId="a22d81cc-66b2-4128-93a0-c4e7dc967be4" testListId="8c84fa94-04c1-424b-9868-57a2d4851a1d" />
    <TestEntry testId="56aa3417-1cf6-3110-e475-31df7cce1614" executionId="3ab34755-73fe-4241-b176-47348d0abed7" testListId="8c84fa94-04c1-424b-9868-57a2d4851a1d" />
    <TestEntry testId="35a43724-bb7a-aa6d-ce4d-11f4892a4d02" executionId="48e83b6d-6b90-4ad3-8588-f4ab546a7502" testListId="8c84fa94-04c1-424b-9868-57a2d4851a1d" />
    <TestEntry testId="b91a947f-8ccb-af93-e65f-8b0f7b8ee8ce" executionId="a9d62967-b2a7-4c52-8867-d980b2940912" testListId="8c84fa94-04c1-424b-9868-57a2d4851a1d" />
    <TestEntry testId="18e64dbf-a529-065d-7668-b83d75e9ab65" executionId="0debb743-6a63-446a-97d6-763e0ac2d00c" testListId="8c84fa94-04c1-424b-9868-57a2d4851a1d" />
    <TestEntry testId="83befb45-4146-7cfb-b79f-3a0176d00a35" executionId="f3ed5d8d-f837-41e8-8062-ad02a8c5e733" testListId="8c84fa94-04c1-424b-9868-57a2d4851a1d" />
    <TestEntry testId="c467a2ea-f0a6-71d5-4fff-b7da99694d93" executionId="a0a53b3b-9924-4dac-b0ca-7c3c7c7ca047" testListId="8c84fa94-04c1-424b-9868-57a2d4851a1d" />
    <TestEntry testId="0b6e35cb-c87d-a9a7-2783-1ae6cc970857" executionId="a1b902e0-5fdd-444f-9bcf-cd385b976ad2" testListId="8c84fa94-04c1-424b-9868-57a2d4851a1d" />
    <TestEntry testId="eb8c6259-f184-fb1a-c0c8-fcba52cc7fdb" executionId="7a6d9345-fcce-4cf1-9a59-caf9d66ccad1" testListId="8c84fa94-04c1-424b-9868-57a2d4851a1d" />
    <TestEntry testId="4ea435d1-890f-fdbc-b286-fc54772a33bc" executionId="ecb8175f-39bd-40d7-9c17-09b076ff5ee4" testListId="8c84fa94-04c1-424b-9868-57a2d4851a1d" />
    <TestEntry testId="1fc7f41c-b93d-2bb7-eebd-a1834947b44e" executionId="63f8edc8-3ca0-479b-bad2-2efcc1e96a1e" testListId="8c84fa94-04c1-424b-9868-57a2d4851a1d" />
    <TestEntry testId="9a1c3e49-758a-f75c-8171-dfa25ad502c8" executionId="2f187cba-ad71-4667-b165-188b0d5a24ce" testListId="8c84fa94-04c1-424b-9868-57a2d4851a1d" />
    <TestEntry testId="42d81152-5724-c12c-9c25-ebfd2d891354" executionId="7c19c33d-8d22-48cf-9a40-14b5a7ccf9db" testListId="8c84fa94-04c1-424b-9868-57a2d4851a1d" />
    <TestEntry testId="b04d458c-17fd-9e4a-b7d3-d417bd022b45" executionId="6ede179e-b1e0-4248-8bc1-bb0fe83ec7ef" testListId="8c84fa94-04c1-424b-9868-57a2d4851a1d" />
    <TestEntry testId="7f49c437-f892-4d35-4f28-4c053b4b4ced" executionId="3d5d0885-f139-44bc-8964-6f79c757b1a6" testListId="8c84fa94-04c1-424b-9868-57a2d4851a1d" />
    <TestEntry testId="a65af0fd-f328-05b8-8589-ecd49abe089a" executionId="a2f1c62e-b632-459d-9496-d4684ff98af9" testListId="8c84fa94-04c1-424b-9868-57a2d4851a1d" />
    <TestEntry testId="334439f8-d94c-a8b0-116c-df0561e50d78" executionId="138a1034-1e7a-4bfb-8645-c72c0c80a7ef" testListId="8c84fa94-04c1-424b-9868-57a2d4851a1d" />
    <TestEntry testId="c5526cc3-1d8b-dd44-4354-ed06a2ce8000" executionId="a0615b14-4766-4877-9e14-bb18c0cf1602" testListId="8c84fa94-04c1-424b-9868-57a2d4851a1d" />
    <TestEntry testId="2253dbcc-beb1-a746-2e75-11e807c17d82" executionId="6125b802-29ad-48e2-823f-bbf68544d8fd" testListId="8c84fa94-04c1-424b-9868-57a2d4851a1d" />
    <TestEntry testId="1b9d65b8-139a-a2f4-8cd6-e1438d583a82" executionId="18150b01-73d3-4d8b-9c54-37717d54dfe7" testListId="8c84fa94-04c1-424b-9868-57a2d4851a1d" />
    <TestEntry testId="907ca607-e6b9-64a8-42ad-09f5c465d82a" executionId="753b1911-1b2a-4240-bd1b-df12e824396d" testListId="8c84fa94-04c1-424b-9868-57a2d4851a1d" />
    <TestEntry testId="5ff5225b-f951-9705-093c-3d2e942d9fea" executionId="56efc683-41da-4cba-9a22-1c9bdfa14f5a" testListId="8c84fa94-04c1-424b-9868-57a2d4851a1d" />
    <TestEntry testId="7a94e099-c0c7-4697-2217-8858d00a1d42" executionId="46cb64c9-a7bd-4fc5-a3f4-0fd390045e73" testListId="8c84fa94-04c1-424b-9868-57a2d4851a1d" />
    <TestEntry testId="599718d7-ac06-0329-9b10-9b780bab0f8c" executionId="81bde684-d1f0-48e8-bd06-8b8533fd4667" testListId="8c84fa94-04c1-424b-9868-57a2d4851a1d" />
    <TestEntry testId="cd018578-d116-a74a-2e00-0a601b3ee87f" executionId="ba031af1-7ba8-4601-bed2-097107a438cc" testListId="8c84fa94-04c1-424b-9868-57a2d4851a1d" />
    <TestEntry testId="4c8a9765-bd5e-dc7f-3d26-de0abe4dbde8" executionId="577fc8ea-5498-4a40-80a2-fc2174da9478" testListId="8c84fa94-04c1-424b-9868-57a2d4851a1d" />
    <TestEntry testId="836481c2-6b48-55dc-f9b3-7b7da164df37" executionId="50b12a44-a6ba-486c-8af2-a92d7ea3897f" testListId="8c84fa94-04c1-424b-9868-57a2d4851a1d" />
    <TestEntry testId="c1e804ae-ca2f-e04a-c7ed-9d65db3317eb" executionId="aa4a9e49-7b58-44f4-aa6d-6949230e6e7d" testListId="8c84fa94-04c1-424b-9868-57a2d4851a1d" />
    <TestEntry testId="cda14b8b-44a6-3c84-6320-8c442304a5d1" executionId="58f8b0f5-4bad-426f-a288-a741c53cd54b" testListId="8c84fa94-04c1-424b-9868-57a2d4851a1d" />
    <TestEntry testId="5ab078bb-d2db-e6f4-495f-0fd661e9e206" executionId="568fa393-539d-4ae5-b3ab-2340ffb3a42c" testListId="8c84fa94-04c1-424b-9868-57a2d4851a1d" />
    <TestEntry testId="57d568c1-bd70-919f-3764-999333747a26" executionId="edd33163-9b2c-4793-b4ae-ef1fe96db090" testListId="8c84fa94-04c1-424b-9868-57a2d4851a1d" />
    <TestEntry testId="3103a7c1-fdce-a5fd-7c72-804a9f6c3093" executionId="a5830f4f-4f2a-4ad7-9b51-e7d03ea72e7a" testListId="8c84fa94-04c1-424b-9868-57a2d4851a1d" />
    <TestEntry testId="b1a9a11f-fa15-53d6-5818-6df3c49e875c" executionId="b62d518d-8bdc-4798-be67-e5cef4291c7b" testListId="8c84fa94-04c1-424b-9868-57a2d4851a1d" />
    <TestEntry testId="43ffae91-3c3f-5b3f-0674-d29445ec638e" executionId="5e386f56-fd6b-484c-ba19-dce16a5ffe88" testListId="8c84fa94-04c1-424b-9868-57a2d4851a1d" />
    <TestEntry testId="2c33bfb1-e133-563f-095d-da8765942f63" executionId="c54569fb-e2ad-4697-8be3-3e94ea619829" testListId="8c84fa94-04c1-424b-9868-57a2d4851a1d" />
    <TestEntry testId="abe55f34-b5a9-2059-7a3c-ee29986818a0" executionId="d2d0239e-0f8e-438c-b7c1-c371276cb9dc" testListId="8c84fa94-04c1-424b-9868-57a2d4851a1d" />
    <TestEntry testId="bb6d6d49-b42d-12b0-93af-94d6a5818cca" executionId="dd5cc4c3-4053-4aec-b01f-069ff9ff89b8" testListId="8c84fa94-04c1-424b-9868-57a2d4851a1d" />
    <TestEntry testId="fdcebadb-0653-3b7a-1e44-b449ea53d695" executionId="cb0c08a0-d38b-42e6-b4dc-6004869d797b" testListId="8c84fa94-04c1-424b-9868-57a2d4851a1d" />
    <TestEntry testId="10c14360-2226-1ae2-507d-2b3b19a22b5d" executionId="0dae0494-ceec-4713-96ef-bf5968b91849" testListId="8c84fa94-04c1-424b-9868-57a2d4851a1d" />
    <TestEntry testId="316e284d-edd5-4bd1-fc45-78d929242d67" executionId="c6897e1c-c83e-4b6d-b314-b7de00af40b6" testListId="8c84fa94-04c1-424b-9868-57a2d4851a1d" />
    <TestEntry testId="47faaa53-09cd-39b4-a9c6-ed704cd4cf03" executionId="d6f36a7d-f75c-47ae-b7fa-0658dea2a6b4" testListId="8c84fa94-04c1-424b-9868-57a2d4851a1d" />
    <TestEntry testId="b60c5050-48cc-a513-8c20-d39039775d13" executionId="187eed2d-1dff-44b9-aa70-55b8fc64ffd3" testListId="8c84fa94-04c1-424b-9868-57a2d4851a1d" />
    <TestEntry testId="2c628e7d-7b5c-b3e1-9694-ce7025fafa07" executionId="1daa1c2c-8865-4be7-bea9-23ae9437dc6c" testListId="8c84fa94-04c1-424b-9868-57a2d4851a1d" />
    <TestEntry testId="bcd5ab7b-5b8c-0cc6-16bd-a266853b805c" executionId="e4f1de42-b832-455c-a45c-c06f8101ce05" testListId="8c84fa94-04c1-424b-9868-57a2d4851a1d" />
    <TestEntry testId="1482e0f1-adca-ade8-b149-8abc934249b7" executionId="190b56b5-ff9e-4263-96ed-a7205a6fed25" testListId="8c84fa94-04c1-424b-9868-57a2d4851a1d" />
    <TestEntry testId="8f9f63db-2214-9cab-2eef-1fb3bb4b65a4" executionId="06b300d7-07a6-4c5a-a189-0fcadd1c0371" testListId="8c84fa94-04c1-424b-9868-57a2d4851a1d" />
    <TestEntry testId="91f182fd-4e40-6cec-5612-56fc0376e781" executionId="d81cc668-f703-432d-b8c6-42856589be34" testListId="8c84fa94-04c1-424b-9868-57a2d4851a1d" />
    <TestEntry testId="a9dc4bfe-b85d-d104-bff2-326f718be6de" executionId="6fca14a5-4837-4230-9470-26080eab91e8" testListId="8c84fa94-04c1-424b-9868-57a2d4851a1d" />
    <TestEntry testId="bb58ec52-c625-6dfb-c4e5-95d377021248" executionId="9aa57e95-69cc-4db0-9e49-69650609e0ef" testListId="8c84fa94-04c1-424b-9868-57a2d4851a1d" />
    <TestEntry testId="7961845b-a65b-9e27-3165-ffeb7959eae1" executionId="e094100a-6613-42de-845c-c21d14f31977" testListId="8c84fa94-04c1-424b-9868-57a2d4851a1d" />
    <TestEntry testId="c70ec96d-946c-5567-d811-dbaa8ae6512c" executionId="d3867b6c-d37c-4086-af52-167c93a9b6e1" testListId="8c84fa94-04c1-424b-9868-57a2d4851a1d" />
    <TestEntry testId="33e21037-951c-3984-e25a-6ac5be42e655" executionId="98847c48-df06-451d-8dd5-304ead75f4e9" testListId="8c84fa94-04c1-424b-9868-57a2d4851a1d" />
    <TestEntry testId="56b6a77c-1d69-f3b1-5506-a57946743d6f" executionId="f0d83dd6-3c99-4840-97a8-4b264bc95073" testListId="8c84fa94-04c1-424b-9868-57a2d4851a1d" />
    <TestEntry testId="5ffa0d02-1351-3cf0-e24b-a502a0b8a20c" executionId="6dd549a7-2858-4149-bc48-520f171f6cbe" testListId="8c84fa94-04c1-424b-9868-57a2d4851a1d" />
    <TestEntry testId="c16dde80-73df-e503-e4c5-5ac4986a1dbe" executionId="d0e4955f-8213-4223-9a88-2f0d2eebb27b" testListId="8c84fa94-04c1-424b-9868-57a2d4851a1d" />
    <TestEntry testId="ab3b523d-d43d-6356-79ca-f0ecc5e21019" executionId="b6e767b9-fae1-4ebd-b53b-b889822ad2c9" testListId="8c84fa94-04c1-424b-9868-57a2d4851a1d" />
    <TestEntry testId="de4e05da-3328-a544-d910-69d51975e04a" executionId="410c4ef1-041e-46c6-a225-e24b3e7ce1aa" testListId="8c84fa94-04c1-424b-9868-57a2d4851a1d" />
    <TestEntry testId="c03d9e22-cedd-0331-a5d9-e0b130b03a7b" executionId="e9ebbb52-41fc-439f-8d8d-8c5d10fdf223" testListId="8c84fa94-04c1-424b-9868-57a2d4851a1d" />
    <TestEntry testId="90078e20-c5de-cf76-870d-974d468f3e8d" executionId="741b9dfa-3255-47a6-998c-c1b225db2f7a" testListId="8c84fa94-04c1-424b-9868-57a2d4851a1d" />
    <TestEntry testId="67802453-232d-0f73-5d3c-a03200b5ee42" executionId="ceee6155-5995-462a-8c0e-d1c6d0f35385" testListId="8c84fa94-04c1-424b-9868-57a2d4851a1d" />
    <TestEntry testId="eddf0bad-e1c8-420d-a75f-ecbcc536307d" executionId="4ecdc2f1-695e-4be3-a627-0e4303db71ae" testListId="8c84fa94-04c1-424b-9868-57a2d4851a1d" />
    <TestEntry testId="8d18fc07-31f2-380a-5306-8509e23a4581" executionId="35b36ffa-f268-4286-882a-f22ab8320878" testListId="8c84fa94-04c1-424b-9868-57a2d4851a1d" />
    <TestEntry testId="a78bfd80-34fa-e94c-5a6c-332161625b79" executionId="1a5567c5-fe53-497b-a771-0666925a0322" testListId="8c84fa94-04c1-424b-9868-57a2d4851a1d" />
    <TestEntry testId="826e93b1-4bba-1e1e-7e71-9795838b252f" executionId="0ada0115-beb6-4cfc-ad9e-7ea76741bcc1" testListId="8c84fa94-04c1-424b-9868-57a2d4851a1d" />
    <TestEntry testId="b32aab51-13eb-6cd3-29c0-f36d5c586e8c" executionId="18ced7b5-937b-4725-a1f3-fac2d8c10085" testListId="8c84fa94-04c1-424b-9868-57a2d4851a1d" />
    <TestEntry testId="a7fd53a6-c05f-0be6-708d-bed266e4b741" executionId="496bb122-2712-4e74-8525-8e178f1ac334" testListId="8c84fa94-04c1-424b-9868-57a2d4851a1d" />
    <TestEntry testId="bfc9ef65-1a17-4d4d-44b1-60bb55d45a15" executionId="c4283eaf-651b-4c74-80bb-ab79b93228db" testListId="8c84fa94-04c1-424b-9868-57a2d4851a1d" />
    <TestEntry testId="6b911e4a-518f-39f3-a8b4-29e0e40b73c1" executionId="6a496a73-b4c1-4679-aa0f-cc064eef996b" testListId="8c84fa94-04c1-424b-9868-57a2d4851a1d" />
    <TestEntry testId="6336ba2d-9125-3123-2fea-5b0f73d2d9dd" executionId="f5cdcddd-1314-4993-8f34-0ec9a320065c" testListId="8c84fa94-04c1-424b-9868-57a2d4851a1d" />
    <TestEntry testId="e253319a-d2f6-01de-d58d-974f04ada38c" executionId="9d893410-a4e1-4093-8bca-90aa611e77bb" testListId="8c84fa94-04c1-424b-9868-57a2d4851a1d" />
    <TestEntry testId="ea897db6-d1b5-392f-b302-24373d4b0903" executionId="988f67f3-67ab-4b38-9a5d-387bbf1b8766" testListId="8c84fa94-04c1-424b-9868-57a2d4851a1d" />
    <TestEntry testId="e573544f-8572-be64-00a7-7ee9438f0ddb" executionId="29a2b2f1-58fe-41dd-8b72-d7d338e2d062" testListId="8c84fa94-04c1-424b-9868-57a2d4851a1d" />
    <TestEntry testId="ea74ea14-5621-94b5-fb73-39895abbcaba" executionId="231edb67-131f-41b2-b933-de61d43c0881" testListId="8c84fa94-04c1-424b-9868-57a2d4851a1d" />
    <TestEntry testId="183104fb-79b8-de54-d337-7851a1893eb7" executionId="2d9b673d-599b-426b-9e24-d0c24f3d670c" testListId="8c84fa94-04c1-424b-9868-57a2d4851a1d" />
    <TestEntry testId="53f7c435-635b-3868-b979-95fc306ccf90" executionId="f7039a93-3842-4304-9f19-8db42161eb9b" testListId="8c84fa94-04c1-424b-9868-57a2d4851a1d" />
    <TestEntry testId="3b24fb3a-9c64-8aa0-90a1-83f1378f46ce" executionId="008ea507-2cda-44c1-84de-6288f6047fb0" testListId="8c84fa94-04c1-424b-9868-57a2d4851a1d" />
    <TestEntry testId="acbf5fc7-402d-cbf8-3e36-fc1673edf737" executionId="4116c769-9776-45e8-8316-c817aa9b4386" testListId="8c84fa94-04c1-424b-9868-57a2d4851a1d" />
    <TestEntry testId="fb14dbd9-3f14-990f-c390-f23538e326aa" executionId="12197e46-6103-4ea0-b15b-8b237a8dd759" testListId="8c84fa94-04c1-424b-9868-57a2d4851a1d" />
    <TestEntry testId="5ae6f225-fd3d-b9aa-d3bf-ff8feb208f3b" executionId="5ae5d924-123d-4bbc-aeb2-5de827326f5c" testListId="8c84fa94-04c1-424b-9868-57a2d4851a1d" />
    <TestEntry testId="bcd70f7b-fbfc-2be7-6038-ec5a7b1989f9" executionId="fecf60c2-0115-488c-930f-66698db1648c" testListId="8c84fa94-04c1-424b-9868-57a2d4851a1d" />
    <TestEntry testId="edb6eac7-f7c6-9294-277c-f32f85b35d99" executionId="537ea5be-7ced-40f2-9ccf-aeb729b6f44d" testListId="8c84fa94-04c1-424b-9868-57a2d4851a1d" />
    <TestEntry testId="2411ca0c-8c7b-b2d3-9dda-1876da4ce09e" executionId="3495cbb1-5e53-4140-b356-fb75dbec4bfd" testListId="8c84fa94-04c1-424b-9868-57a2d4851a1d" />
    <TestEntry testId="d762547f-1f34-4efc-725e-aa84742baa26" executionId="75a0db0e-c7af-4c31-88f7-4e21b53019d0" testListId="8c84fa94-04c1-424b-9868-57a2d4851a1d" />
    <TestEntry testId="ed5cd5b1-d1f5-e057-68bb-f73e10f36c84" executionId="da148839-80fe-4c88-a4ec-6a24c7ffa1e6" testListId="8c84fa94-04c1-424b-9868-57a2d4851a1d" />
    <TestEntry testId="b942a944-0529-1d1d-8c96-e0b3d1d7729e" executionId="78567871-a2e8-4cee-b5c1-f2fd7cf188ca" testListId="8c84fa94-04c1-424b-9868-57a2d4851a1d" />
    <TestEntry testId="78862126-efef-49da-6328-723a942c39d3" executionId="e71aea66-4bd5-4744-93ff-04849a740006" testListId="8c84fa94-04c1-424b-9868-57a2d4851a1d" />
    <TestEntry testId="bb76f2bc-a20b-0d58-f6e1-710315d4679b" executionId="651eb510-d83a-411b-9e8b-a7ddbc73de7e" testListId="8c84fa94-04c1-424b-9868-57a2d4851a1d" />
    <TestEntry testId="34359d87-23c7-7196-73c9-e6741b1ffeff" executionId="e657fb48-770c-4f63-83cf-b70dfb67daaf" testListId="8c84fa94-04c1-424b-9868-57a2d4851a1d" />
    <TestEntry testId="710dc93e-1291-5d16-e49f-551c114dac22" executionId="07bd49d2-2342-4eb5-a1cf-9dec71d3db36" testListId="8c84fa94-04c1-424b-9868-57a2d4851a1d" />
    <TestEntry testId="5b041a6e-7bee-a1df-d76b-f9daf33afa7b" executionId="546e93f3-8153-4bbe-82f7-8141e23ff567" testListId="8c84fa94-04c1-424b-9868-57a2d4851a1d" />
    <TestEntry testId="b13a5b0b-39ad-afa5-3362-393114b3eb70" executionId="9def64da-9309-4ae1-8d13-eb5cf2339177" testListId="8c84fa94-04c1-424b-9868-57a2d4851a1d" />
    <TestEntry testId="1abc059c-0b2e-ebb8-ca54-938851accb3a" executionId="c38a045c-f137-4df4-8966-45839d9eef3c" testListId="8c84fa94-04c1-424b-9868-57a2d4851a1d" />
    <TestEntry testId="16ac6d48-3c29-1113-a2f2-ffb9acaad24b" executionId="e32751f9-4572-4244-8f6c-0714eab1ebc4" testListId="8c84fa94-04c1-424b-9868-57a2d4851a1d" />
    <TestEntry testId="3246d780-9a6f-0840-8b9f-649d3a415c0e" executionId="6a00cc88-96fc-4402-ac71-d7c2edaca545" testListId="8c84fa94-04c1-424b-9868-57a2d4851a1d" />
    <TestEntry testId="5860b7d3-064b-7580-7ff5-c38a3b9dbc98" executionId="e85fb9e7-2d62-47bd-8217-6a6340cdc36b" testListId="8c84fa94-04c1-424b-9868-57a2d4851a1d" />
    <TestEntry testId="01ab2837-c187-372d-f222-a20d27ac9286" executionId="403c735f-c809-4e8c-9296-7aca2a2321e8" testListId="8c84fa94-04c1-424b-9868-57a2d4851a1d" />
    <TestEntry testId="f2f72251-7ff4-def6-c2fa-951bdc1f5ab8" executionId="526f57f6-caf3-4be4-a01f-860ff6ddb8b4" testListId="8c84fa94-04c1-424b-9868-57a2d4851a1d" />
    <TestEntry testId="72470a6e-848a-11e5-1aaa-9beee46b9e6a" executionId="2a9b7f19-76c5-410d-ae78-ecfb6ba38c53" testListId="8c84fa94-04c1-424b-9868-57a2d4851a1d" />
    <TestEntry testId="1a8dd309-1dfe-104c-e9ff-1695c90fcd4e" executionId="1f17dab0-47d1-4671-ad89-909af4fcf57d" testListId="8c84fa94-04c1-424b-9868-57a2d4851a1d" />
    <TestEntry testId="978cc0f8-3b08-267c-0482-b2f981c59607" executionId="fc7f6d2f-0f78-402f-a859-dc6671f43e4b" testListId="8c84fa94-04c1-424b-9868-57a2d4851a1d" />
    <TestEntry testId="b0543b7c-7812-fa58-fd5c-ec173809dd03" executionId="041e6506-21d9-49ce-8081-a7b981018a65" testListId="8c84fa94-04c1-424b-9868-57a2d4851a1d" />
    <TestEntry testId="ea530db0-ac7d-6117-0ad3-2f5f4eca724a" executionId="48a34cdd-3060-40a7-8dfc-29d34f661867" testListId="8c84fa94-04c1-424b-9868-57a2d4851a1d" />
    <TestEntry testId="f5e57cc6-1bbb-d2eb-15d7-09af3cef2442" executionId="4183660a-d254-4f64-a292-30c15e2b5522" testListId="8c84fa94-04c1-424b-9868-57a2d4851a1d" />
    <TestEntry testId="1a182e1a-cda8-77dd-1fb7-03cdf58b41a3" executionId="c091cabf-b220-4f9f-901e-cbd405e3869a" testListId="8c84fa94-04c1-424b-9868-57a2d4851a1d" />
    <TestEntry testId="6b922855-7a81-f11e-f1b8-81a2ac929594" executionId="3cce4d06-da0a-4b6b-9a5f-280d3f320302" testListId="8c84fa94-04c1-424b-9868-57a2d4851a1d" />
    <TestEntry testId="734d7800-9dbc-f077-b78e-16e10c818a72" executionId="2b764f2e-c4e2-44e4-9b6f-148eee60e7b7" testListId="8c84fa94-04c1-424b-9868-57a2d4851a1d" />
    <TestEntry testId="9cdf1db9-2243-40f9-1ef0-e9cca92b7c3f" executionId="c748a2a2-2ae4-4a6e-87a0-deb8d6028e73" testListId="8c84fa94-04c1-424b-9868-57a2d4851a1d" />
    <TestEntry testId="7d77ad84-99ef-6932-a665-b004fa1055e8" executionId="287fb7e2-01f1-4adc-a8bc-7554cd262f3b" testListId="8c84fa94-04c1-424b-9868-57a2d4851a1d" />
    <TestEntry testId="4501750c-47b1-1500-d12b-8c4255549279" executionId="f378012a-ceec-4ae5-b098-f41ecc28f679" testListId="8c84fa94-04c1-424b-9868-57a2d4851a1d" />
    <TestEntry testId="947b70cd-4d84-9b6b-4580-d269db74ee3f" executionId="61892c08-ab9e-44a2-a1af-b973702aa2b0" testListId="8c84fa94-04c1-424b-9868-57a2d4851a1d" />
    <TestEntry testId="505e5e46-26df-6930-de82-d46cfb4a3639" executionId="f4d7b3fb-a588-44ac-a6c7-e3295249fb3f" testListId="8c84fa94-04c1-424b-9868-57a2d4851a1d" />
    <TestEntry testId="06119e69-dfbf-234b-b8b0-6197b791bb56" executionId="a14e9eef-547f-4122-99e5-1d8dd429f4b9" testListId="8c84fa94-04c1-424b-9868-57a2d4851a1d" />
    <TestEntry testId="b4ca1f67-377d-5b64-6dc8-217adc485371" executionId="993c91f1-0c3c-417a-b7b1-27b065a712af" testListId="8c84fa94-04c1-424b-9868-57a2d4851a1d" />
    <TestEntry testId="632b4574-536b-363d-b3df-3cea0d75d690" executionId="ea8d7470-45a2-4d1e-ada5-6ede56958fcd" testListId="8c84fa94-04c1-424b-9868-57a2d4851a1d" />
    <TestEntry testId="05d80157-bc05-01ff-af3f-d9d6bbd96ae0" executionId="571b23f1-8fc7-4cee-acac-c3c6c1bac2e9" testListId="8c84fa94-04c1-424b-9868-57a2d4851a1d" />
    <TestEntry testId="8bfece45-cbf5-9388-84d8-62236ca62ffd" executionId="6a719230-3357-4d05-98a9-d32ec2fb0515" testListId="8c84fa94-04c1-424b-9868-57a2d4851a1d" />
    <TestEntry testId="1f696d5b-3321-8875-0504-d9ad91e44e96" executionId="49fd3658-1a04-4e5f-a3f4-81df1d6c0ad0" testListId="8c84fa94-04c1-424b-9868-57a2d4851a1d" />
    <TestEntry testId="758e22ea-0fb9-84c1-827b-24d69ccd28a7" executionId="1fca4e23-951a-4b18-b2c1-375f4409225a" testListId="8c84fa94-04c1-424b-9868-57a2d4851a1d" />
    <TestEntry testId="ae2278dd-53fa-7040-970e-d5078bc43913" executionId="35d4a29b-c775-4bbe-be3a-ab313c64de40" testListId="8c84fa94-04c1-424b-9868-57a2d4851a1d" />
    <TestEntry testId="507d65f0-d2b5-02db-1127-24b17a2b9ce7" executionId="d682a5e2-003a-4cf8-92a4-432e0e811361" testListId="8c84fa94-04c1-424b-9868-57a2d4851a1d" />
    <TestEntry testId="d0e3cd47-18f8-0ff9-7ee6-b951493f4364" executionId="61be64b0-5a27-42fc-9dc8-f508fce7e14b" testListId="8c84fa94-04c1-424b-9868-57a2d4851a1d" />
    <TestEntry testId="bd44c014-a490-12bf-4158-749245c0ea80" executionId="53f6d357-e47c-4a42-9a56-1ee0dc4ad1c7" testListId="8c84fa94-04c1-424b-9868-57a2d4851a1d" />
    <TestEntry testId="84ded9fb-ede0-3dc1-80e9-1a25585c6b33" executionId="d96e0814-0b62-4241-98ac-86ec0c296a3d" testListId="8c84fa94-04c1-424b-9868-57a2d4851a1d" />
    <TestEntry testId="252242f7-1978-3911-65bc-dc4944ddcc63" executionId="1c76cdd0-40fc-4e1b-8962-cd78e9b13e9f" testListId="8c84fa94-04c1-424b-9868-57a2d4851a1d" />
    <TestEntry testId="fcf79adc-b94d-c939-ee0b-a874f16fe495" executionId="f4075ef3-5c16-4966-9b2a-f0dd076a2bb5" testListId="8c84fa94-04c1-424b-9868-57a2d4851a1d" />
    <TestEntry testId="8127ea1e-ba01-dcf8-29b0-bba331714c0f" executionId="072f41b9-d51e-4457-bc94-c3cccebdeec5" testListId="8c84fa94-04c1-424b-9868-57a2d4851a1d" />
    <TestEntry testId="ecbdd1f6-cddd-e46a-8a9d-c07850e20a54" executionId="841c977a-3b8c-4395-bd68-eacd0191859f" testListId="8c84fa94-04c1-424b-9868-57a2d4851a1d" />
    <TestEntry testId="0b730cc7-d231-f16e-3ff3-f528370de282" executionId="01ae50d8-b193-4b2a-a847-96ff78c0fef4" testListId="8c84fa94-04c1-424b-9868-57a2d4851a1d" />
    <TestEntry testId="3f628a33-fb00-8784-2740-9f105cbc2b78" executionId="a0e16a47-f781-4886-a775-41525b8fe5e9" testListId="8c84fa94-04c1-424b-9868-57a2d4851a1d" />
    <TestEntry testId="0cb95117-bb54-f936-abbb-1cfe4d4bac64" executionId="73b0ee76-b472-4380-ba9f-b7d2d6f677f5" testListId="8c84fa94-04c1-424b-9868-57a2d4851a1d" />
    <TestEntry testId="214de0a1-ca05-8f0b-f73d-74153b1766de" executionId="ffa77e59-5bdb-4516-9438-3cc896c7a128" testListId="8c84fa94-04c1-424b-9868-57a2d4851a1d" />
    <TestEntry testId="b8b89739-4d00-dc9f-e34c-53a74d9f164b" executionId="1229e1b7-2dad-4153-a45e-7235a9a9c9f6" testListId="8c84fa94-04c1-424b-9868-57a2d4851a1d" />
    <TestEntry testId="5525e27a-2b87-a233-5a11-e2cf4811b5ef" executionId="d50ad687-ddc7-4fc1-84d2-5ff0933c27e6" testListId="8c84fa94-04c1-424b-9868-57a2d4851a1d" />
    <TestEntry testId="20d001ce-7102-31ca-db0b-df53930d4955" executionId="37023891-a691-4834-9c8a-e53c01531be0" testListId="8c84fa94-04c1-424b-9868-57a2d4851a1d" />
    <TestEntry testId="6253cf50-e1ab-3483-14a2-b9d161ae849b" executionId="ec068979-ebf0-47ca-bd70-d93dd5f2e2f2" testListId="8c84fa94-04c1-424b-9868-57a2d4851a1d" />
    <TestEntry testId="78d7735b-f47c-e871-04de-56a9a7e2c35c" executionId="80aa08d0-6610-43f9-94c7-0b569788ef84" testListId="8c84fa94-04c1-424b-9868-57a2d4851a1d" />
    <TestEntry testId="48e124c6-58d9-0767-37d4-5dbe743c6ed9" executionId="8e48b7d9-b1a7-48d8-b8ec-012bd2fe445d" testListId="8c84fa94-04c1-424b-9868-57a2d4851a1d" />
    <TestEntry testId="e9dd6e02-63bd-b5c1-f963-b4c256130de1" executionId="79b9d3c4-9893-457b-9d09-9575b3b0afe8" testListId="8c84fa94-04c1-424b-9868-57a2d4851a1d" />
    <TestEntry testId="859c08ef-38b6-2ec1-aa38-74d6a49030f0" executionId="928d740b-63ce-4fde-971c-2614b6d157db" testListId="8c84fa94-04c1-424b-9868-57a2d4851a1d" />
    <TestEntry testId="5494ec2e-0587-794c-5ab7-344214177d77" executionId="1744420c-b30e-46df-bc5a-8a7b91f3a993" testListId="8c84fa94-04c1-424b-9868-57a2d4851a1d" />
    <TestEntry testId="ac5dac57-5554-f3f2-f689-14f493cf01cc" executionId="935b4078-0671-4c09-9d30-c41f811d1d28" testListId="8c84fa94-04c1-424b-9868-57a2d4851a1d" />
    <TestEntry testId="5867821c-26ab-2d78-4bc5-e20dbefcbaf9" executionId="d3ed29b2-5c37-438a-86fe-1bc511e609ea" testListId="8c84fa94-04c1-424b-9868-57a2d4851a1d" />
    <TestEntry testId="42bcd104-8be6-90bd-2c24-12a5ceed7ca9" executionId="a70cbc3e-48dd-4227-b3d4-10d85dd1bb79" testListId="8c84fa94-04c1-424b-9868-57a2d4851a1d" />
    <TestEntry testId="51038325-3246-0a10-8ac6-28c597c43b15" executionId="454d82d8-c51b-4f50-af4d-07b39ff59e47" testListId="8c84fa94-04c1-424b-9868-57a2d4851a1d" />
    <TestEntry testId="8fbd6ce3-6704-4f80-9cfb-0e35809fde37" executionId="8f58107d-d8e9-4aed-b064-0aa66680b706" testListId="8c84fa94-04c1-424b-9868-57a2d4851a1d" />
    <TestEntry testId="e54e7669-f3ee-5bb2-c6b1-4d81fbb802f8" executionId="4f24d5a1-c418-4acd-85fc-ae711608a7ae" testListId="8c84fa94-04c1-424b-9868-57a2d4851a1d" />
    <TestEntry testId="532941a8-1169-c422-cea9-1f67cb7d0ec7" executionId="81fa324d-59da-45c2-b8d3-1f9835325c0f" testListId="8c84fa94-04c1-424b-9868-57a2d4851a1d" />
    <TestEntry testId="a3b5f6c1-2f7d-48e3-64c7-8cfbc1595761" executionId="b111e81e-b5ca-4759-ba6c-7395089a6e0e" testListId="8c84fa94-04c1-424b-9868-57a2d4851a1d" />
    <TestEntry testId="0418c0ca-be89-efe9-cf33-636433afc0f8" executionId="98f880f4-88e4-4113-b79f-fbc05d5eeae8" testListId="8c84fa94-04c1-424b-9868-57a2d4851a1d" />
    <TestEntry testId="624f3f03-60e8-0e8c-3df1-81edba66e31d" executionId="12fce50d-41e2-4393-81fa-8f52c92bb84c" testListId="8c84fa94-04c1-424b-9868-57a2d4851a1d" />
    <TestEntry testId="f506546c-55c3-226b-f092-bf46c3b0e995" executionId="2f3723df-a136-4110-9f03-0328c0cc3b9e" testListId="8c84fa94-04c1-424b-9868-57a2d4851a1d" />
    <TestEntry testId="abf8d7ba-f706-2765-abe8-1f16390792ce" executionId="7ac4dc1c-4d47-4f32-ae73-f9fcee2dbcc1" testListId="8c84fa94-04c1-424b-9868-57a2d4851a1d" />
    <TestEntry testId="45377538-c3a4-7224-d22b-0b62bbd179b2" executionId="bfc2d601-7317-4875-89bc-39a78672d032" testListId="8c84fa94-04c1-424b-9868-57a2d4851a1d" />
    <TestEntry testId="17117808-92f4-a49f-104a-27c2dae91b62" executionId="849909dd-c826-40b9-a4d5-4fbaf5d2b639" testListId="8c84fa94-04c1-424b-9868-57a2d4851a1d" />
    <TestEntry testId="3b99c33c-b8ac-a228-4beb-830e9e783e7b" executionId="859bcf43-a1cb-437a-ac46-f28a79accff6" testListId="8c84fa94-04c1-424b-9868-57a2d4851a1d" />
    <TestEntry testId="cda37a24-d1a0-2ac1-31d5-65a6e9149c6e" executionId="bdf2b093-248a-4d8f-80d1-328d2371d7fe" testListId="8c84fa94-04c1-424b-9868-57a2d4851a1d" />
    <TestEntry testId="e9df3388-e1a8-41d3-8b6a-52e975275237" executionId="3d9132dd-7318-4547-bf70-21d678a55076" testListId="8c84fa94-04c1-424b-9868-57a2d4851a1d" />
    <TestEntry testId="d9602e59-b78b-59fb-0ce2-40e1df8134c9" executionId="7d0deebf-da36-433d-9903-48585f9d7c10" testListId="8c84fa94-04c1-424b-9868-57a2d4851a1d" />
    <TestEntry testId="abf5b990-66db-cfaf-8ea2-01e77396335c" executionId="373e78d3-8db3-455d-9e34-5a424dbb514a" testListId="8c84fa94-04c1-424b-9868-57a2d4851a1d" />
    <TestEntry testId="c49e2d00-a0d3-4c30-1fc8-7297b872142a" executionId="464cb9d6-6a17-435e-bb41-c9e955c79c17" testListId="8c84fa94-04c1-424b-9868-57a2d4851a1d" />
    <TestEntry testId="5e0a1810-3686-4419-563c-4f347d240b08" executionId="e41f09b0-eaed-4777-b6b3-6ae6156c43ff" testListId="8c84fa94-04c1-424b-9868-57a2d4851a1d" />
    <TestEntry testId="c7205d2e-bee4-c7fc-bdce-c76e8599dc82" executionId="f539ede6-0662-433d-b2cd-8442ed9a23cd" testListId="8c84fa94-04c1-424b-9868-57a2d4851a1d" />
    <TestEntry testId="1df6f4f8-c7bd-4196-9d3e-14d1993988ee" executionId="023588e9-ebe1-456e-92ad-0890f697a5dd" testListId="8c84fa94-04c1-424b-9868-57a2d4851a1d" />
    <TestEntry testId="f00a7902-4f73-29ad-afd2-cbb228a93755" executionId="4d96eb88-2676-46ea-91d4-c8b7d29cd93e" testListId="8c84fa94-04c1-424b-9868-57a2d4851a1d" />
    <TestEntry testId="1ecaf514-8cf2-6903-aa03-cbaa2bca845b" executionId="5d091f84-d429-424b-83a2-c6c244e470c5" testListId="8c84fa94-04c1-424b-9868-57a2d4851a1d" />
    <TestEntry testId="4b5083c8-1e6c-e8fd-97d7-527918d71c5d" executionId="11f98afb-b354-4e36-8079-fe61699f9956" testListId="8c84fa94-04c1-424b-9868-57a2d4851a1d" />
    <TestEntry testId="59aecfd1-1da5-d3e6-bdb4-a614d851740e" executionId="d8f0010a-be46-44fc-b515-e3188c6f04d7" testListId="8c84fa94-04c1-424b-9868-57a2d4851a1d" />
    <TestEntry testId="dee1a08d-717f-5ed0-9c24-c68ec1232ae1" executionId="7fcf578a-fbba-49d6-b199-f77716dd153f" testListId="8c84fa94-04c1-424b-9868-57a2d4851a1d" />
    <TestEntry testId="925ace13-a21f-4713-d4c7-21a444f757ef" executionId="4b33b69b-e25a-483a-a65e-35ffb6fb342e" testListId="8c84fa94-04c1-424b-9868-57a2d4851a1d" />
    <TestEntry testId="512023fe-f70e-d90d-5d4d-6648bf91def5" executionId="578783cc-8e13-44dd-9f49-e0a0e3903450" testListId="8c84fa94-04c1-424b-9868-57a2d4851a1d" />
    <TestEntry testId="adf23f40-2859-f79c-dec4-a4f9a98c1f87" executionId="22849699-d6b8-4b72-b3d0-54773c2ea61f" testListId="8c84fa94-04c1-424b-9868-57a2d4851a1d" />
    <TestEntry testId="9eca94b8-e39f-4c3b-e39a-9ff33450cb46" executionId="87f34d05-abb3-4ac0-bb35-837b4b24e909" testListId="8c84fa94-04c1-424b-9868-57a2d4851a1d" />
    <TestEntry testId="693b087f-6635-45fa-1763-ca3dcb3bc156" executionId="405e7c83-ae10-46fb-961a-12d14a6651b1" testListId="8c84fa94-04c1-424b-9868-57a2d4851a1d" />
    <TestEntry testId="3e5ac255-46bf-39ae-0f3b-f93cc669d76e" executionId="3c1c0f17-6046-4339-b5df-663a1f26f96a" testListId="8c84fa94-04c1-424b-9868-57a2d4851a1d" />
    <TestEntry testId="f160fd19-b7b2-9e51-f892-3fdf8189a922" executionId="c2d673c2-825c-42b6-9246-697e4f685d63" testListId="8c84fa94-04c1-424b-9868-57a2d4851a1d" />
    <TestEntry testId="8133ad88-7194-8074-172d-6f2ee56b3566" executionId="9f552029-5e84-4e68-b48b-e5a99baf4b56" testListId="8c84fa94-04c1-424b-9868-57a2d4851a1d" />
    <TestEntry testId="fefc65d3-c57b-487e-1059-ac14f369d16a" executionId="5e9eaeeb-8e86-47b8-aa35-7ac0a150956c" testListId="8c84fa94-04c1-424b-9868-57a2d4851a1d" />
    <TestEntry testId="b716752e-f4c7-b6d5-d8ee-eb75af36b936" executionId="674c13de-7f4b-4540-bf3e-ef30b8fdf221" testListId="8c84fa94-04c1-424b-9868-57a2d4851a1d" />
    <TestEntry testId="aaa58180-dc72-4aec-a8b9-7dd03540f4ab" executionId="c27f5b2f-0a75-4b39-8b93-d42373302c55" testListId="8c84fa94-04c1-424b-9868-57a2d4851a1d" />
    <TestEntry testId="ea2d4f52-c982-9232-6a9e-fa9d16fc8b66" executionId="37db6bbe-aedb-4261-96c4-a1cd8541dc63" testListId="8c84fa94-04c1-424b-9868-57a2d4851a1d" />
    <TestEntry testId="28db4176-41f2-c555-66ff-1ed541045f7b" executionId="83e654a9-79be-497b-b631-587d70cbb407" testListId="8c84fa94-04c1-424b-9868-57a2d4851a1d" />
    <TestEntry testId="9254af5a-af8d-f19f-0feb-43b5eb588fad" executionId="1c9e63b9-3d06-4e50-87c3-f4f867b985b0" testListId="8c84fa94-04c1-424b-9868-57a2d4851a1d" />
    <TestEntry testId="9b024337-099c-8a12-a271-9dc2339fbdc6" executionId="8bf71d98-70a3-46ad-97e1-6548c2fa58cc" testListId="8c84fa94-04c1-424b-9868-57a2d4851a1d" />
    <TestEntry testId="7f8d65ba-b2cf-6180-80ed-27adeeaa5747" executionId="e0cec873-f03f-46ea-aba8-a47344617a44" testListId="8c84fa94-04c1-424b-9868-57a2d4851a1d" />
    <TestEntry testId="cd72fd40-3c25-0508-1dbc-43cd674b13bb" executionId="b081a5f7-5b40-415e-995f-313d38b09ecc" testListId="8c84fa94-04c1-424b-9868-57a2d4851a1d" />
    <TestEntry testId="d345d1bd-f78e-8ab1-56d8-a66e5b9e192c" executionId="1da565fa-c903-4d45-90ff-f9fe6d376439" testListId="8c84fa94-04c1-424b-9868-57a2d4851a1d" />
    <TestEntry testId="5d0681c7-3e5a-5897-1e98-fc50e07cb646" executionId="022b28fd-09fc-4b66-b304-7ef20fd82c97" testListId="8c84fa94-04c1-424b-9868-57a2d4851a1d" />
    <TestEntry testId="10aa587c-5333-e9b4-a55a-fd9c348606f3" executionId="a462153b-1c54-4606-aaf0-648ed794a0b1" testListId="8c84fa94-04c1-424b-9868-57a2d4851a1d" />
    <TestEntry testId="aa9051ec-8055-9c3c-2294-6a6a02e3681b" executionId="3ff23391-c11f-468d-b03a-87776c6c2c80" testListId="8c84fa94-04c1-424b-9868-57a2d4851a1d" />
    <TestEntry testId="44a29409-c73c-0aa9-11c1-928deddc20b2" executionId="41f2b88c-08b6-4375-8f57-f80e2bda1e29" testListId="8c84fa94-04c1-424b-9868-57a2d4851a1d" />
    <TestEntry testId="8e06f03c-3364-fcdc-4243-0571ff5c543d" executionId="c4991757-8659-4c9e-8738-84b84f4244fb" testListId="8c84fa94-04c1-424b-9868-57a2d4851a1d" />
    <TestEntry testId="4d528ee0-dbe1-ded6-1a29-cd26c37e4512" executionId="713c329c-2df0-4a6d-b0e1-3e99a78005a4" testListId="8c84fa94-04c1-424b-9868-57a2d4851a1d" />
    <TestEntry testId="62a8df81-eb0e-4ba0-2cc2-7f26d95f0c42" executionId="ef185070-7ef0-46fd-a0ef-3a19832baf51" testListId="8c84fa94-04c1-424b-9868-57a2d4851a1d" />
    <TestEntry testId="ce4c3f67-03df-f1e7-4c97-b130cbc4cb00" executionId="c8c4dea5-f9d2-4a4d-a16c-3b95690355d0" testListId="8c84fa94-04c1-424b-9868-57a2d4851a1d" />
    <TestEntry testId="579e900f-40ba-f163-1787-b9456a43a29b" executionId="46b93e3d-927b-4394-8a36-64a70afa1539" testListId="8c84fa94-04c1-424b-9868-57a2d4851a1d" />
    <TestEntry testId="c89d49e1-2b6a-7602-ddab-9ef30f2c78fa" executionId="328daa0b-496a-4a4d-a2ec-30ef78d0903a" testListId="8c84fa94-04c1-424b-9868-57a2d4851a1d" />
    <TestEntry testId="b8d07b20-a1b2-a1ab-8c1f-c35c7f402caf" executionId="7b295b58-9ca4-419a-8413-00589097af9f" testListId="8c84fa94-04c1-424b-9868-57a2d4851a1d" />
    <TestEntry testId="c5d5dca8-20f3-03e1-200f-cb046ece2686" executionId="d6d3cf5c-3380-477f-a13a-2908ff422c8e" testListId="8c84fa94-04c1-424b-9868-57a2d4851a1d" />
    <TestEntry testId="2f1329a7-d73b-3ac2-d98e-41606f9c434c" executionId="826a79b2-b21f-4a9e-8301-1f3f68544958" testListId="8c84fa94-04c1-424b-9868-57a2d4851a1d" />
    <TestEntry testId="83ca2a4c-17e7-69af-1868-b75efa2e12fb" executionId="9d348206-9c35-46ff-afed-db99c118b8e5" testListId="8c84fa94-04c1-424b-9868-57a2d4851a1d" />
    <TestEntry testId="11c3bd15-157d-e471-8c85-9eb9f45d7cdf" executionId="c5f23aa2-d086-467a-9318-d9ff6d11bfcf" testListId="8c84fa94-04c1-424b-9868-57a2d4851a1d" />
    <TestEntry testId="04a38b26-ef2b-8230-c08d-98b5e4043b5d" executionId="aa001326-e636-45bf-8b28-e1fcb2f67d42" testListId="8c84fa94-04c1-424b-9868-57a2d4851a1d" />
    <TestEntry testId="736a4bef-bdb1-78f2-ba0b-46d191f101ec" executionId="7a3ea7b9-7b06-42d6-a7a1-f8f82225965d" testListId="8c84fa94-04c1-424b-9868-57a2d4851a1d" />
    <TestEntry testId="60cd86f6-c96f-cd67-eeb2-5447e53486ea" executionId="e6b12f0b-8def-4195-9755-dee7796183cf" testListId="8c84fa94-04c1-424b-9868-57a2d4851a1d" />
    <TestEntry testId="8aa6262c-1a0a-7297-4cb3-7b87a326f292" executionId="d7de7683-8768-43d1-ae72-6797bf84f1de" testListId="8c84fa94-04c1-424b-9868-57a2d4851a1d" />
    <TestEntry testId="7ce549b8-fc8e-0d4c-1ce8-b89b76161e91" executionId="0065c307-6971-4e4d-a99c-132770dedc90" testListId="8c84fa94-04c1-424b-9868-57a2d4851a1d" />
    <TestEntry testId="74132915-1155-a173-97ca-5489fb71d040" executionId="cde761f8-bb39-4b99-8d50-963cce0ec4e9" testListId="8c84fa94-04c1-424b-9868-57a2d4851a1d" />
    <TestEntry testId="764ee583-306b-f915-490f-c76a102eeb43" executionId="2417a902-b5b2-4bec-9a03-56f537de95f9" testListId="8c84fa94-04c1-424b-9868-57a2d4851a1d" />
    <TestEntry testId="2d25ebee-a179-c801-154f-ab68779c76c4" executionId="2e3abd69-a777-447c-8bdf-f5c0fdcd263c" testListId="8c84fa94-04c1-424b-9868-57a2d4851a1d" />
    <TestEntry testId="892517e5-2cf5-e85a-1d55-05972719f450" executionId="87fa043f-44fa-43a8-b71e-6287b22cd92f" testListId="8c84fa94-04c1-424b-9868-57a2d4851a1d" />
    <TestEntry testId="a0685b46-9ede-ed1a-9e00-40141b5825d3" executionId="f7f98f00-c77c-4ed2-a1ff-617796b9e77a" testListId="8c84fa94-04c1-424b-9868-57a2d4851a1d" />
    <TestEntry testId="af20d9af-2e10-1367-1655-61d51d2f3cc1" executionId="88a626fb-4db0-40e1-b49a-28cedee7193b" testListId="8c84fa94-04c1-424b-9868-57a2d4851a1d" />
    <TestEntry testId="79ae824d-ef28-8a08-b47a-078c5e79a094" executionId="c261551c-0def-4c9d-8e53-96ffc1fcf80c" testListId="8c84fa94-04c1-424b-9868-57a2d4851a1d" />
    <TestEntry testId="a9325a8a-d034-04d2-9768-f7e2cc05480a" executionId="dcebecd8-5578-4f0e-aa90-fe5d304cb514" testListId="8c84fa94-04c1-424b-9868-57a2d4851a1d" />
    <TestEntry testId="6e5afcc8-80be-d362-e400-4655b22a1d7a" executionId="59d24fe0-4a65-4fc7-86bd-1da2c34ee01f" testListId="8c84fa94-04c1-424b-9868-57a2d4851a1d" />
    <TestEntry testId="eb59ada6-ad8c-0c90-c83c-2d44cd895c40" executionId="149bb6e8-d0fb-473b-a972-03a7b56a3596" testListId="8c84fa94-04c1-424b-9868-57a2d4851a1d" />
    <TestEntry testId="7fb5f58b-1e1e-6a53-2d1c-ce5caef4f187" executionId="694c10e3-6b5a-4df7-98c6-f5b599a3e3bb" testListId="8c84fa94-04c1-424b-9868-57a2d4851a1d" />
    <TestEntry testId="5c3cf070-0255-b6f7-ef4b-e6356d49c1b0" executionId="c6bd6dba-fe9b-43af-a116-30d545a791be" testListId="8c84fa94-04c1-424b-9868-57a2d4851a1d" />
    <TestEntry testId="2171350d-d49e-1054-ab8d-30103f1941d8" executionId="567dbbe4-78ed-4756-96b8-dfd94cb0d2db" testListId="8c84fa94-04c1-424b-9868-57a2d4851a1d" />
    <TestEntry testId="98f535a4-7eca-3a3c-05e8-4b85d8edbbc1" executionId="edc0089a-31ae-4fdf-822c-3a604ee63216" testListId="8c84fa94-04c1-424b-9868-57a2d4851a1d" />
    <TestEntry testId="1e423043-21dd-e968-c8ab-430b65c3777b" executionId="3f6b5a05-8573-49b9-8a15-b5020f58790f" testListId="8c84fa94-04c1-424b-9868-57a2d4851a1d" />
    <TestEntry testId="761e19f4-3a0f-4f27-9f65-eb8b8251edf9" executionId="8c011053-0c26-4e83-a07c-d37443f86b13" testListId="8c84fa94-04c1-424b-9868-57a2d4851a1d" />
    <TestEntry testId="e9e8a3a9-0d7d-1875-5baa-f3adb92627cb" executionId="e525e54b-b7f1-40d2-bbe3-e7b2702a81fc" testListId="8c84fa94-04c1-424b-9868-57a2d4851a1d" />
    <TestEntry testId="46475b5d-4789-149f-b9d6-7a4019aaeca4" executionId="c30383d1-b29d-4863-aa06-16969185d126" testListId="8c84fa94-04c1-424b-9868-57a2d4851a1d" />
    <TestEntry testId="ade91ca1-bfbb-6365-5b55-cb6a1e091baf" executionId="78f3e9aa-f750-46ec-b123-cc7b4969d194" testListId="8c84fa94-04c1-424b-9868-57a2d4851a1d" />
    <TestEntry testId="cc1932d4-7d9e-6230-bf42-2ae809d0ce78" executionId="8e2eaada-e47e-4c02-ab36-1e607fc99bf7" testListId="8c84fa94-04c1-424b-9868-57a2d4851a1d" />
    <TestEntry testId="4922322f-b3c3-57df-7502-f6ee703d693f" executionId="986dc1c6-c8fa-449c-bba0-51739f02eb2a" testListId="8c84fa94-04c1-424b-9868-57a2d4851a1d" />
    <TestEntry testId="8050c7e7-ee77-22d7-141a-3e470d2279bd" executionId="44594102-bc84-424c-99c9-1f68281f44e5" testListId="8c84fa94-04c1-424b-9868-57a2d4851a1d" />
    <TestEntry testId="473f0ba4-9e64-7232-fd1e-a18cfef2609a" executionId="60a637d3-746c-4d7c-bfbd-d12a0d880f92" testListId="8c84fa94-04c1-424b-9868-57a2d4851a1d" />
    <TestEntry testId="3dba4670-7f2d-7e97-581e-f31f7d603172" executionId="bef5a284-029e-4133-bf9e-0b3c6e56b80c" testListId="8c84fa94-04c1-424b-9868-57a2d4851a1d" />
    <TestEntry testId="c20216b8-3d53-870c-3d98-85b451f87145" executionId="f6c31e83-1372-4703-81c5-5dce68089004" testListId="8c84fa94-04c1-424b-9868-57a2d4851a1d" />
    <TestEntry testId="2f056f1e-d672-857f-c119-9a4b6216ba96" executionId="d7cc2fff-5508-4664-90ab-f117b7169811" testListId="8c84fa94-04c1-424b-9868-57a2d4851a1d" />
    <TestEntry testId="e4b2be22-1c13-eeaf-0754-9d81f5d04441" executionId="085e9ed6-3570-4695-8494-e6a16f75cbff" testListId="8c84fa94-04c1-424b-9868-57a2d4851a1d" />
    <TestEntry testId="96977a3e-1a95-c780-8b0f-9b9e70addc86" executionId="132e6f57-bc15-41bb-bb05-ed8c1eb3264a" testListId="8c84fa94-04c1-424b-9868-57a2d4851a1d" />
    <TestEntry testId="be144a9b-f2b5-14d0-195b-cc413062252c" executionId="e7947ce2-66ff-46d7-a03f-51d37e949b95" testListId="8c84fa94-04c1-424b-9868-57a2d4851a1d" />
    <TestEntry testId="7d9a2542-8cef-fad7-de35-9026b458bae7" executionId="48fdfc28-7e4f-4e13-8f7d-a1ce0f979726" testListId="8c84fa94-04c1-424b-9868-57a2d4851a1d" />
    <TestEntry testId="35afbf55-0088-9a3d-88af-fa24445977ec" executionId="393fc521-6f59-477a-b740-a6c7a00b09b2" testListId="8c84fa94-04c1-424b-9868-57a2d4851a1d" />
    <TestEntry testId="60fe7012-5b2d-c287-e552-24c4866393ba" executionId="52a96903-c89c-4d79-ae11-074e57304a1d" testListId="8c84fa94-04c1-424b-9868-57a2d4851a1d" />
    <TestEntry testId="f0d63bb3-94ea-f504-8db4-009257b74c0a" executionId="c79a84ae-ad78-4e2b-9db3-f43d14434e15" testListId="8c84fa94-04c1-424b-9868-57a2d4851a1d" />
    <TestEntry testId="f6930f41-2649-5d5a-767d-bc8be0ab8364" executionId="fc0bbb80-a949-4c02-8161-09ef354ac96c" testListId="8c84fa94-04c1-424b-9868-57a2d4851a1d" />
    <TestEntry testId="4730179f-513e-27c4-2e55-6896e6e28543" executionId="18b593c9-12e6-4888-b175-23d6bc3bca71" testListId="8c84fa94-04c1-424b-9868-57a2d4851a1d" />
    <TestEntry testId="4bd4de22-f37e-8448-f725-629aa7012d17" executionId="a6b8288c-3d69-4169-aaac-2091c292ba5d" testListId="8c84fa94-04c1-424b-9868-57a2d4851a1d" />
    <TestEntry testId="b4c8c3b9-a36c-6415-a70e-08ca70305f80" executionId="565e0a6e-3380-42eb-b184-67797b04709c" testListId="8c84fa94-04c1-424b-9868-57a2d4851a1d" />
    <TestEntry testId="9d8d1da3-97db-080b-6b5c-0c51c394426d" executionId="0b9585c2-8ce7-4ee6-ace6-1755e42cc832" testListId="8c84fa94-04c1-424b-9868-57a2d4851a1d" />
    <TestEntry testId="5cf21bc1-27d1-ac82-fbe2-4cde6b0fef7a" executionId="aa9ecd0b-502f-40d2-9150-5f55c26f9cbd" testListId="8c84fa94-04c1-424b-9868-57a2d4851a1d" />
    <TestEntry testId="1577a67b-c6e1-3fec-6f1a-e23b16f3c308" executionId="e628a122-8c82-4959-bfc1-ec724d016a7b" testListId="8c84fa94-04c1-424b-9868-57a2d4851a1d" />
    <TestEntry testId="5a7abee2-ae83-e426-dd86-57e518493cfd" executionId="717f79f7-8ed9-4797-b83e-e3fdbe8503d2" testListId="8c84fa94-04c1-424b-9868-57a2d4851a1d" />
    <TestEntry testId="19484f21-13e0-96ce-4ea1-c39b9034350b" executionId="290eb5ad-d3a6-4122-b3ee-78b38a2e5889" testListId="8c84fa94-04c1-424b-9868-57a2d4851a1d" />
    <TestEntry testId="fa39466d-d3ef-961a-befb-035a0c704616" executionId="5cd1f4bd-4257-41c0-bda7-91cfa112b8c0" testListId="8c84fa94-04c1-424b-9868-57a2d4851a1d" />
    <TestEntry testId="e6e8aab5-22e2-c84e-dced-9029f5c03e83" executionId="e1283b3e-7a31-4012-bda3-dcb6888c8f3c" testListId="8c84fa94-04c1-424b-9868-57a2d4851a1d" />
    <TestEntry testId="9ce2e254-ca71-39e3-ae3d-3e5e12fee0e6" executionId="1a0f7668-bd91-440b-b73f-6dd9b02fd06f" testListId="8c84fa94-04c1-424b-9868-57a2d4851a1d" />
    <TestEntry testId="bb3e3cb6-5ec5-32f7-8b9c-22f212359e2e" executionId="5f48cdc4-f6e1-4e2f-b021-2f129889f806" testListId="8c84fa94-04c1-424b-9868-57a2d4851a1d" />
    <TestEntry testId="00b3c5a1-a412-80ab-1cb3-dd1126527a3d" executionId="e1f421d5-5398-4705-a110-bb50abf38925" testListId="8c84fa94-04c1-424b-9868-57a2d4851a1d" />
    <TestEntry testId="4316baa3-f969-5699-9071-8d86a141c6c5" executionId="ac23c808-5db9-4ed2-addc-e0302ba3877f" testListId="8c84fa94-04c1-424b-9868-57a2d4851a1d" />
    <TestEntry testId="a1a9fb4d-44bc-a0be-04bf-443967c7cabe" executionId="6abb0c45-293e-48de-8342-b3e464de3aa0" testListId="8c84fa94-04c1-424b-9868-57a2d4851a1d" />
    <TestEntry testId="664dca52-0b35-a9d8-0289-c72f051074f8" executionId="e74cc011-41ac-4e44-8da4-4f8cc35b22bf" testListId="8c84fa94-04c1-424b-9868-57a2d4851a1d" />
    <TestEntry testId="34179792-2372-f1a4-bfa2-c71419beeb96" executionId="0b480fd5-39e0-446d-94b6-8add479f94e2" testListId="8c84fa94-04c1-424b-9868-57a2d4851a1d" />
    <TestEntry testId="6dda0718-b446-f959-cf06-d189bafc7187" executionId="672084cd-54b9-412f-80f3-4710a8457efe" testListId="8c84fa94-04c1-424b-9868-57a2d4851a1d" />
    <TestEntry testId="c1fcaa4e-a0fc-120a-3b4b-2fe6a4d20c47" executionId="a1ff5c00-5323-4fcc-9172-adbe5ea5f8f0" testListId="8c84fa94-04c1-424b-9868-57a2d4851a1d" />
    <TestEntry testId="f4657047-c0dd-9134-5680-1706a8daf59b" executionId="764056bd-2119-42f7-8f6a-8d98ff193ad2" testListId="8c84fa94-04c1-424b-9868-57a2d4851a1d" />
    <TestEntry testId="4fce3a6f-33cf-35ce-a94c-5813500576ce" executionId="6f37d4d6-010e-4f01-b5a7-308f72ccb4a6" testListId="8c84fa94-04c1-424b-9868-57a2d4851a1d" />
    <TestEntry testId="ef04f673-84e3-cd4d-2450-8c83069b10eb" executionId="bde8c335-7396-4e0a-9910-56855905024b" testListId="8c84fa94-04c1-424b-9868-57a2d4851a1d" />
    <TestEntry testId="53e5e7a8-6024-ff60-79aa-aa6369ee1521" executionId="bacf5b8b-6853-4684-a84f-118f53c1ce83" testListId="8c84fa94-04c1-424b-9868-57a2d4851a1d" />
    <TestEntry testId="520348a5-5e1d-29b0-157c-f566a371215e" executionId="dcbe2c71-6db1-4d9e-a230-bd9f74aca546" testListId="8c84fa94-04c1-424b-9868-57a2d4851a1d" />
    <TestEntry testId="c487837f-bc02-4b5c-1084-74141b7cd152" executionId="1a8a4bad-eaab-4e46-8400-5d66cfc841c7" testListId="8c84fa94-04c1-424b-9868-57a2d4851a1d" />
    <TestEntry testId="7b56665c-bc26-7bb7-0701-e9f564d7ca9d" executionId="25f76930-900e-4eab-82fb-b02962c812c8" testListId="8c84fa94-04c1-424b-9868-57a2d4851a1d" />
    <TestEntry testId="a918492d-accd-2771-5b51-d7bbb17abdc9" executionId="7dd09288-65c2-4ad6-b629-df113167057e" testListId="8c84fa94-04c1-424b-9868-57a2d4851a1d" />
    <TestEntry testId="a6121617-b4c3-5aa2-fa38-ce9a01f41108" executionId="1b8a62d4-141b-4194-b91f-003eec55df83" testListId="8c84fa94-04c1-424b-9868-57a2d4851a1d" />
    <TestEntry testId="402c82be-c017-778a-e027-cfe8808bbe13" executionId="6c5592f5-6d88-45ce-9304-d0e98eacf4cd" testListId="8c84fa94-04c1-424b-9868-57a2d4851a1d" />
    <TestEntry testId="567f6b34-ff76-a4ea-2a3d-217577dec7eb" executionId="c35e5115-cccb-42b5-9fdd-6a4af71bfa0c" testListId="8c84fa94-04c1-424b-9868-57a2d4851a1d" />
    <TestEntry testId="a18d15b0-f324-9d33-b7ed-48ee9cc4590e" executionId="d3e80672-15c8-4362-95c5-f8ce0bd44ce1" testListId="8c84fa94-04c1-424b-9868-57a2d4851a1d" />
    <TestEntry testId="a080c95f-4132-dfa8-8454-1e0eca69eec8" executionId="f580774f-a591-4cfe-b2d2-e8edc4c7b074" testListId="8c84fa94-04c1-424b-9868-57a2d4851a1d" />
    <TestEntry testId="868c6e37-cda9-3454-52f1-7ea096cc11d1" executionId="5f5ec5bf-cba8-4817-a476-2cde7ed27fce" testListId="8c84fa94-04c1-424b-9868-57a2d4851a1d" />
    <TestEntry testId="2797ef88-0515-4b97-105e-5f5296e1c81a" executionId="b5711036-19ce-4e2a-91d4-fcd5a9d4d8bc" testListId="8c84fa94-04c1-424b-9868-57a2d4851a1d" />
    <TestEntry testId="d70c5c99-ba70-7684-3e8d-f51b6f45846e" executionId="f1724ee5-0f58-4255-a8be-9f77d517dd35" testListId="8c84fa94-04c1-424b-9868-57a2d4851a1d" />
    <TestEntry testId="97d20852-f23b-f8e7-dbbb-67fa520ed25f" executionId="3beb4ef0-8428-4025-8a4c-11fa2be3cbaa" testListId="8c84fa94-04c1-424b-9868-57a2d4851a1d" />
    <TestEntry testId="2f7abec1-b7d5-acfa-5fa5-f750771cfe27" executionId="efbf1690-7f31-45e9-8cb9-f8f98c4b67e4" testListId="8c84fa94-04c1-424b-9868-57a2d4851a1d" />
    <TestEntry testId="dae4ed5e-68f7-ae13-06ad-634f1ae3e185" executionId="9e65f8b8-ff12-42a7-b331-cbeaaf1a1ffc" testListId="8c84fa94-04c1-424b-9868-57a2d4851a1d" />
    <TestEntry testId="df8b2ad9-4c19-03fa-9159-9bfe314bedb3" executionId="56f5f552-2ad8-408d-a28a-c95bbc7235de" testListId="8c84fa94-04c1-424b-9868-57a2d4851a1d" />
    <TestEntry testId="89310ca8-2119-9a48-4592-7208a0d5d5d6" executionId="7e0f24be-e1e0-4759-83bf-ce6c44edefc1" testListId="8c84fa94-04c1-424b-9868-57a2d4851a1d" />
    <TestEntry testId="f91ff194-938d-3151-15ad-e1bedb725c08" executionId="d62c9053-7bf0-45ce-a8ea-642fe8446600" testListId="8c84fa94-04c1-424b-9868-57a2d4851a1d" />
    <TestEntry testId="3911e103-bd52-2f50-2637-a3a3883a0ca9" executionId="37a81ef3-304e-4f45-9c68-3648ff9b08fd" testListId="8c84fa94-04c1-424b-9868-57a2d4851a1d" />
    <TestEntry testId="00713273-ffaf-eabf-2926-cb2bda7c8482" executionId="686c7770-5a37-4e90-b9a2-24c20da7b615" testListId="8c84fa94-04c1-424b-9868-57a2d4851a1d" />
    <TestEntry testId="3f0d6e46-8baa-f2a8-ffbe-169b35cd84a1" executionId="97c2ee87-10bc-462f-9f9b-ef4d3a8ea011" testListId="8c84fa94-04c1-424b-9868-57a2d4851a1d" />
    <TestEntry testId="9eb2c353-03f0-5f64-e4b4-63583e65dddf" executionId="851ab98b-e9e2-4ef6-8e42-101ac898e10a" testListId="8c84fa94-04c1-424b-9868-57a2d4851a1d" />
    <TestEntry testId="93ba5e1b-b417-3fca-4829-8fc08c6b3060" executionId="d34cf38e-d3cf-4600-a3b6-ebf4c5dd932f" testListId="8c84fa94-04c1-424b-9868-57a2d4851a1d" />
    <TestEntry testId="775f5db1-5f70-460a-b41a-0bd44483a2e8" executionId="ed4c337c-d64f-4642-8676-b1bdbe4e5b1f" testListId="8c84fa94-04c1-424b-9868-57a2d4851a1d" />
    <TestEntry testId="9a193880-0dbc-0c20-4bde-874bbeb0b7c0" executionId="715bdf6e-a515-4621-b546-2ac879958dba" testListId="8c84fa94-04c1-424b-9868-57a2d4851a1d" />
    <TestEntry testId="b08827ac-26da-9808-9d71-21cf61e7a8a6" executionId="47f73709-ba25-4ae8-bbf5-6dc1b98672f9" testListId="8c84fa94-04c1-424b-9868-57a2d4851a1d" />
    <TestEntry testId="0a850e22-baaa-80a1-6a29-3a2a4a82459e" executionId="10108b6e-44ff-4b0d-bece-84d8b55430e2" testListId="8c84fa94-04c1-424b-9868-57a2d4851a1d" />
    <TestEntry testId="b9829d76-77bc-ca06-9121-c768f03fc614" executionId="a6ea2e0a-6299-4bcb-a0a0-bc63d864a150" testListId="8c84fa94-04c1-424b-9868-57a2d4851a1d" />
    <TestEntry testId="8cea6483-49fc-8217-33b9-a984dedb5b88" executionId="c894576b-dce0-4cb4-852a-8eefb7f63304" testListId="8c84fa94-04c1-424b-9868-57a2d4851a1d" />
    <TestEntry testId="e5d42409-ac9d-df3e-a096-d0c7d1b4028f" executionId="acdf8f3d-21d0-4e4b-b16b-a2f8bd027dc0" testListId="8c84fa94-04c1-424b-9868-57a2d4851a1d" />
    <TestEntry testId="e18c5c21-e916-b247-5614-914afe1fc364" executionId="1d8832cc-c830-42b3-a0ba-9f39dc6e420a" testListId="8c84fa94-04c1-424b-9868-57a2d4851a1d" />
    <TestEntry testId="4ef83935-2c9d-9172-b02d-2e01d610b9a6" executionId="aef61e58-e555-41e7-aad0-a578203b65a4" testListId="8c84fa94-04c1-424b-9868-57a2d4851a1d" />
    <TestEntry testId="b6831fa2-b98c-1623-5ae4-1f812f49b14d" executionId="395e8111-4226-4430-977f-a000ef823f6c" testListId="8c84fa94-04c1-424b-9868-57a2d4851a1d" />
    <TestEntry testId="bfb1d342-e7f4-aed9-f8c1-b4963cb41e12" executionId="617f99e8-9caf-4fa6-bdee-a0c23a75106d" testListId="8c84fa94-04c1-424b-9868-57a2d4851a1d" />
    <TestEntry testId="15e035ed-afb8-5321-580b-fab9257f66ce" executionId="5920c1fb-a0e0-4cf4-b3cd-d45c9c3e6381" testListId="8c84fa94-04c1-424b-9868-57a2d4851a1d" />
    <TestEntry testId="0d900af8-feaf-53ad-8159-86e398f23b64" executionId="03899d0f-d14b-4e5b-9c46-b00f65669a5f" testListId="8c84fa94-04c1-424b-9868-57a2d4851a1d" />
    <TestEntry testId="70229db9-54fe-4572-3355-d3dc3b4c6a35" executionId="8b6fc921-842b-4a1f-b1ba-c5c6ed0cf73e" testListId="8c84fa94-04c1-424b-9868-57a2d4851a1d" />
    <TestEntry testId="de495bfb-e18f-7b3e-358c-ab844b968319" executionId="dd54cd0a-835c-44e6-9580-5369f5c9d34e" testListId="8c84fa94-04c1-424b-9868-57a2d4851a1d" />
    <TestEntry testId="20ea08c8-8b04-7d20-054d-e7de8a3eb9f3" executionId="b0a268fd-d6c2-4bbb-95d1-25f1c86999ce" testListId="8c84fa94-04c1-424b-9868-57a2d4851a1d" />
    <TestEntry testId="1dda9783-2e46-a027-eaae-c1a88a4222a6" executionId="5dfc3c47-e1b0-4537-95b5-c57ba58dcef9" testListId="8c84fa94-04c1-424b-9868-57a2d4851a1d" />
    <TestEntry testId="481a9655-e6cf-cca5-fe8e-baa39a8def21" executionId="7bd4e0bf-04b0-4d92-a386-75b3639e7905" testListId="8c84fa94-04c1-424b-9868-57a2d4851a1d" />
    <TestEntry testId="0e1a1065-5acf-b7b2-59dc-9aa570229662" executionId="8738c4d5-a0b2-4635-8b1c-6b63812df601" testListId="8c84fa94-04c1-424b-9868-57a2d4851a1d" />
    <TestEntry testId="4d4917df-13af-b6db-e6aa-bf414105029e" executionId="e6ea1b20-61af-456f-8461-3fc50ec038ff" testListId="8c84fa94-04c1-424b-9868-57a2d4851a1d" />
    <TestEntry testId="43ceb7e8-ddf0-88ac-1ec8-6a27339a1a57" executionId="c72c9a97-14a5-44a0-a5c8-eada017f6b33" testListId="8c84fa94-04c1-424b-9868-57a2d4851a1d" />
    <TestEntry testId="50e8632c-9dc0-4044-80dd-af4b9da2c568" executionId="62a641b7-615b-494b-b575-40bb5b7e5dc3" testListId="8c84fa94-04c1-424b-9868-57a2d4851a1d" />
    <TestEntry testId="9c76c2d4-6c77-4aca-32f2-bc9af242acb9" executionId="fa3e4d53-0d15-4245-9e81-7564f4f2b5f4" testListId="8c84fa94-04c1-424b-9868-57a2d4851a1d" />
    <TestEntry testId="f7a31abf-7989-bca1-7786-4a315e908b44" executionId="5d274cb3-16c1-4048-9ed9-07df0075aeb1" testListId="8c84fa94-04c1-424b-9868-57a2d4851a1d" />
    <TestEntry testId="7442a55d-f311-aeb2-d728-05e01e86828d" executionId="850bf6a7-9549-488e-b3c2-03b02feb8218" testListId="8c84fa94-04c1-424b-9868-57a2d4851a1d" />
    <TestEntry testId="e3f90ec9-f43d-b3fc-8592-a34fc29e9657" executionId="54e3b4d5-f905-4002-81de-06c7f151ab0c" testListId="8c84fa94-04c1-424b-9868-57a2d4851a1d" />
    <TestEntry testId="6a8dce1a-7d9c-dae0-8d7d-5c3206d60be4" executionId="b3d85275-3219-4037-896a-d49b190fed4f" testListId="8c84fa94-04c1-424b-9868-57a2d4851a1d" />
    <TestEntry testId="1a99f535-58ef-5f45-a666-3cf07f572492" executionId="9cc6ee5a-0e6f-4b04-bbe1-d845b182980a" testListId="8c84fa94-04c1-424b-9868-57a2d4851a1d" />
    <TestEntry testId="c4a2b9de-d243-2f16-41d5-6b033ac97262" executionId="16039246-446c-4699-98a1-5cf82f852583" testListId="8c84fa94-04c1-424b-9868-57a2d4851a1d" />
    <TestEntry testId="34ba6aef-23b1-36de-6e3a-5dcc805b4fb9" executionId="9267a8af-cb85-4e38-8598-c9078fca4c80" testListId="8c84fa94-04c1-424b-9868-57a2d4851a1d" />
    <TestEntry testId="13bdd754-9ad8-fe64-9252-9f4b326f20fb" executionId="b1b5a581-8eae-46b6-af72-6eb7420d98ef" testListId="8c84fa94-04c1-424b-9868-57a2d4851a1d" />
    <TestEntry testId="a99bf4e7-f033-ee5e-346e-e1374518cb9f" executionId="27dc514d-0cb0-4c2b-9113-912cf546b18e" testListId="8c84fa94-04c1-424b-9868-57a2d4851a1d" />
    <TestEntry testId="a48351fd-d035-e6c9-2c2e-b880aadd8527" executionId="33a2e1dc-aa04-49a8-9455-77c6464a4787" testListId="8c84fa94-04c1-424b-9868-57a2d4851a1d" />
    <TestEntry testId="faecd196-9331-4d2e-0396-ef8ec5e6c956" executionId="1a0257e7-b0fa-4ca0-a9d0-a984efdc45f7" testListId="8c84fa94-04c1-424b-9868-57a2d4851a1d" />
    <TestEntry testId="c5424e69-5ea8-afcc-b682-25607cd1397f" executionId="33f465dc-d947-4b6d-b65a-2067d542709b" testListId="8c84fa94-04c1-424b-9868-57a2d4851a1d" />
    <TestEntry testId="bdd6a821-46b5-b006-523f-4f1b3b86fff7" executionId="cec09c99-4383-4630-9fee-11dd3c113e4c" testListId="8c84fa94-04c1-424b-9868-57a2d4851a1d" />
    <TestEntry testId="105065c8-b97d-dd6e-45ef-b50592932e09" executionId="ace5946d-a208-4dc3-a55a-2099f81f6465" testListId="8c84fa94-04c1-424b-9868-57a2d4851a1d" />
    <TestEntry testId="e98b7070-07ac-5d2f-0d91-713b7a047351" executionId="6aa6aec0-e3b5-4c06-a5a3-089caea6d26b" testListId="8c84fa94-04c1-424b-9868-57a2d4851a1d" />
    <TestEntry testId="49ceec84-7339-35da-af8a-011649c31c3a" executionId="c63de931-fb51-46da-828c-63c748f34bd3" testListId="8c84fa94-04c1-424b-9868-57a2d4851a1d" />
    <TestEntry testId="5964bdbb-4261-95b0-17a2-f655f9c5696d" executionId="dd44df70-b2c0-46ac-ba8b-ab5af814aee6" testListId="8c84fa94-04c1-424b-9868-57a2d4851a1d" />
    <TestEntry testId="dfa8f005-e088-66b0-9056-afac8b9a2771" executionId="c11d4086-ccf0-4a4a-92f4-05187257d2ce" testListId="8c84fa94-04c1-424b-9868-57a2d4851a1d" />
    <TestEntry testId="8afd805d-6e60-daa9-1e2a-c41070788606" executionId="5c27e427-65ed-4790-bc45-b01a45b4fe2b" testListId="8c84fa94-04c1-424b-9868-57a2d4851a1d" />
    <TestEntry testId="c14d0dd8-0720-c716-8c0b-4bf8d2cbeae3" executionId="d066f0fe-58df-46c4-b08b-55791acd150f" testListId="8c84fa94-04c1-424b-9868-57a2d4851a1d" />
    <TestEntry testId="d31ecf42-3f27-6ce7-80d7-dcf89b8555e5" executionId="90fee1f1-501c-46e1-a93d-e38db42f5f53" testListId="8c84fa94-04c1-424b-9868-57a2d4851a1d" />
    <TestEntry testId="d2b7f50a-fc22-1c68-4e17-f4c6e8ea0304" executionId="d450cada-828b-44dd-ae08-caf2199a54a3" testListId="8c84fa94-04c1-424b-9868-57a2d4851a1d" />
    <TestEntry testId="d2de1748-4cda-1283-f839-41f72f6fcc0b" executionId="9f85de9f-8746-4c8e-a8bf-5f033c40197c" testListId="8c84fa94-04c1-424b-9868-57a2d4851a1d" />
    <TestEntry testId="b09e3f56-27cc-ba83-332b-895d4fe4a28f" executionId="0f8d43be-c9b7-4032-9e76-02918ad1c5c2" testListId="8c84fa94-04c1-424b-9868-57a2d4851a1d" />
    <TestEntry testId="f5c487c0-bd35-fb9f-7c01-87de885468b0" executionId="872cc8b7-7f5c-4aee-9f0f-5307781cba9a" testListId="8c84fa94-04c1-424b-9868-57a2d4851a1d" />
    <TestEntry testId="44bddfef-3f13-a0fb-43de-8b6e16e25c79" executionId="4986ebd7-73bc-4aff-a54c-2a79bb0fa2b2" testListId="8c84fa94-04c1-424b-9868-57a2d4851a1d" />
    <TestEntry testId="cce0821b-565f-90c1-d147-a80ba20063a3" executionId="ea349696-250a-402f-87ce-e880552cf159" testListId="8c84fa94-04c1-424b-9868-57a2d4851a1d" />
    <TestEntry testId="874f25be-fa61-5df7-d30a-9840673a85ee" executionId="3c7332f0-962d-4b32-89c1-d340bf9d480f" testListId="8c84fa94-04c1-424b-9868-57a2d4851a1d" />
    <TestEntry testId="3b16604a-944f-5254-adcd-7cef7961861a" executionId="5e5b597f-3680-4cec-bdbe-da2655aae060" testListId="8c84fa94-04c1-424b-9868-57a2d4851a1d" />
    <TestEntry testId="76bdd111-2d1b-b297-175d-19c3c67bae5f" executionId="5cc85ad7-da50-4c10-8541-957e20d33f79" testListId="8c84fa94-04c1-424b-9868-57a2d4851a1d" />
    <TestEntry testId="916d8540-0fee-2119-177c-843a3d20a173" executionId="b9aba0db-ded3-46a6-a300-4ba2937c66c3" testListId="8c84fa94-04c1-424b-9868-57a2d4851a1d" />
    <TestEntry testId="2aec11aa-37a8-9a8f-0f87-0adecc796d0a" executionId="30784cbf-77a7-42b2-8364-e867f3ef751f" testListId="8c84fa94-04c1-424b-9868-57a2d4851a1d" />
    <TestEntry testId="69348ff9-a9b6-a8a0-cba0-e5cb6b3bdffb" executionId="1e6e5af4-0a7e-4d8c-994c-72b3fd5b52d8" testListId="8c84fa94-04c1-424b-9868-57a2d4851a1d" />
    <TestEntry testId="3b28bd68-0d48-e09a-dfaa-fe4c0e1e9b00" executionId="ea211a6b-a638-464f-a7d2-6d90273dbf75" testListId="8c84fa94-04c1-424b-9868-57a2d4851a1d" />
    <TestEntry testId="49e42d62-0daf-f033-f1a3-4753a5cc45f0" executionId="99c577c3-9ca3-4b34-9c77-690c2f565105" testListId="8c84fa94-04c1-424b-9868-57a2d4851a1d" />
    <TestEntry testId="f68c29f7-71c4-648f-f586-cf52c261c823" executionId="6d9673c2-c749-4cc0-9c4e-f367080e1e56" testListId="8c84fa94-04c1-424b-9868-57a2d4851a1d" />
    <TestEntry testId="858dcae1-c567-bff8-3421-4c4b006488f5" executionId="500671e8-a871-460d-b0c5-18f47eb7f680" testListId="8c84fa94-04c1-424b-9868-57a2d4851a1d" />
    <TestEntry testId="fb445874-2ad4-a0db-f99f-877c8498831e" executionId="38b988fd-1f9a-4424-8f8a-e5fd9727c2fe" testListId="8c84fa94-04c1-424b-9868-57a2d4851a1d" />
    <TestEntry testId="78f33c2d-48c4-77be-97fb-3886c37f41cb" executionId="7880a760-c83e-476c-9a8e-b841f7c258ce" testListId="8c84fa94-04c1-424b-9868-57a2d4851a1d" />
    <TestEntry testId="23cac77e-8185-9534-dd27-495714e8a227" executionId="b3abf211-a1b8-4c2f-b9ca-58fcb794623c" testListId="8c84fa94-04c1-424b-9868-57a2d4851a1d" />
    <TestEntry testId="b22b61e8-4d1b-6438-181a-dea93e3f8aa5" executionId="2ced3aa4-59ca-4045-8ae2-5ce3d3957636" testListId="8c84fa94-04c1-424b-9868-57a2d4851a1d" />
    <TestEntry testId="131cece5-93c9-b1ed-1fe7-0f72a6f1f839" executionId="d1e48b2f-6b1c-486b-b304-fe8eda0d01af" testListId="8c84fa94-04c1-424b-9868-57a2d4851a1d" />
    <TestEntry testId="e10386ed-f5e3-0bb8-11ab-b5ed4705078b" executionId="628fdfc5-fc2b-462a-b438-3435d7ea627d" testListId="8c84fa94-04c1-424b-9868-57a2d4851a1d" />
    <TestEntry testId="29e27428-df27-a7d3-6aa8-6bd0e60a4af9" executionId="000ae3dc-2c5f-476c-8f0d-1d21b3e6c82d" testListId="8c84fa94-04c1-424b-9868-57a2d4851a1d" />
    <TestEntry testId="31a2cd14-3018-c3a0-d56c-722448a85c38" executionId="8e433a51-7860-4e0a-b3e7-0668a72a8dd5" testListId="8c84fa94-04c1-424b-9868-57a2d4851a1d" />
    <TestEntry testId="8cce5246-c386-896f-5dcd-6529b49455a8" executionId="7478665e-6d97-4a61-bf7e-c48f7e390965" testListId="8c84fa94-04c1-424b-9868-57a2d4851a1d" />
    <TestEntry testId="7c53a39d-10a0-cbe4-6d5d-e706532ae423" executionId="0fce52ce-6186-4c2c-b9d7-622186d34390" testListId="8c84fa94-04c1-424b-9868-57a2d4851a1d" />
    <TestEntry testId="d25f3a35-9c7a-1c15-d069-48135dccbfc1" executionId="98ae92ca-090d-4d34-9823-f87eea2916e6" testListId="8c84fa94-04c1-424b-9868-57a2d4851a1d" />
    <TestEntry testId="7d1fa485-61db-d455-8fc9-b8d8d9aeadfa" executionId="5d45fe22-900c-405f-878b-a5195c4a6779" testListId="8c84fa94-04c1-424b-9868-57a2d4851a1d" />
    <TestEntry testId="2cc51a93-07f5-daf4-6b16-dcf5ee32f5d8" executionId="be53969c-8bc7-4c19-bd77-ebff3a5079bc" testListId="8c84fa94-04c1-424b-9868-57a2d4851a1d" />
    <TestEntry testId="1656c5e4-914c-d7f9-cac2-f94c3ce82834" executionId="09c05a25-58b6-4683-a9bc-f5eebaac0c3d" testListId="8c84fa94-04c1-424b-9868-57a2d4851a1d" />
    <TestEntry testId="d29da4c8-84a1-5463-ad48-82a8fa5c6bd4" executionId="c7d212ee-fb0c-4d10-be90-b07e656ed041" testListId="8c84fa94-04c1-424b-9868-57a2d4851a1d" />
    <TestEntry testId="82d51568-c86c-9d23-cacd-3dff96d34990" executionId="39718432-22b9-4a22-94f3-d46fb0453394" testListId="8c84fa94-04c1-424b-9868-57a2d4851a1d" />
    <TestEntry testId="d231652b-84ce-0420-f1d4-7fed57a3c8cc" executionId="c4388c11-12b9-4dd5-b45a-3f88b31c10ef" testListId="8c84fa94-04c1-424b-9868-57a2d4851a1d" />
    <TestEntry testId="17b4ef9f-b24b-34dd-67cf-64cf54df2913" executionId="3a4af4b9-7243-42a3-9754-cf565ae734d7" testListId="8c84fa94-04c1-424b-9868-57a2d4851a1d" />
    <TestEntry testId="273780bc-9d35-9771-839e-50ffbcedd9a6" executionId="f3e396c7-883f-43ca-a637-6fe9406ff857" testListId="8c84fa94-04c1-424b-9868-57a2d4851a1d" />
    <TestEntry testId="3bd0ebfe-701e-49bf-4c47-56d4757801ab" executionId="a3684c5d-22da-4506-bd81-5b6f58422a15" testListId="8c84fa94-04c1-424b-9868-57a2d4851a1d" />
    <TestEntry testId="5d9df125-8a39-59f2-6303-c01c771a22b9" executionId="42ac4516-bffb-45d7-9dd6-4359e1be77a4" testListId="8c84fa94-04c1-424b-9868-57a2d4851a1d" />
    <TestEntry testId="b71c3882-879b-f996-c9ef-6e6f82095fa6" executionId="f02d13db-0191-4ed8-974c-0c4d9f47303a" testListId="8c84fa94-04c1-424b-9868-57a2d4851a1d" />
    <TestEntry testId="5760f10c-f6bc-bf55-b5b3-c90fee5dd9ef" executionId="96a9ad17-797c-475f-894c-b8fbc334da33" testListId="8c84fa94-04c1-424b-9868-57a2d4851a1d" />
    <TestEntry testId="ce133b36-590b-f13e-a10e-9804ae3a4992" executionId="3d3f7976-6603-4e45-ad34-5ecdcf1a8557" testListId="8c84fa94-04c1-424b-9868-57a2d4851a1d" />
    <TestEntry testId="4cabacea-653b-d135-c20d-4b3c21639445" executionId="bef78c88-a35a-4b67-97a7-ce956636545e" testListId="8c84fa94-04c1-424b-9868-57a2d4851a1d" />
    <TestEntry testId="e9ec4bbb-ea1d-dabd-6bfc-73267ef405cd" executionId="88777972-7ffc-4eeb-83ae-ab3f5d4ff3ae" testListId="8c84fa94-04c1-424b-9868-57a2d4851a1d" />
    <TestEntry testId="70707b60-e0a4-acc9-b5c8-c19db3ea80ba" executionId="f2eca203-400d-4a85-8a63-57a817173b94" testListId="8c84fa94-04c1-424b-9868-57a2d4851a1d" />
    <TestEntry testId="dbd4eee0-4bbb-43fd-2bb7-368558419ef9" executionId="535d3e97-33fd-4c4a-b07a-04229829e395" testListId="8c84fa94-04c1-424b-9868-57a2d4851a1d" />
    <TestEntry testId="eac1986f-bb1b-f50b-46b4-53e51dd584ab" executionId="850b7921-8eb3-46ea-be1f-b43d9edcffc0" testListId="8c84fa94-04c1-424b-9868-57a2d4851a1d" />
    <TestEntry testId="a78c8a52-6910-3a5f-1123-09fcf306f4cc" executionId="f3dfb935-1609-4155-ace8-9d8e81495701" testListId="8c84fa94-04c1-424b-9868-57a2d4851a1d" />
    <TestEntry testId="37cf042f-400d-c6f8-81d2-7fa27e7314c2" executionId="b9a75afe-4b20-4619-a7eb-df06f3b69dbf" testListId="8c84fa94-04c1-424b-9868-57a2d4851a1d" />
    <TestEntry testId="fc73a815-0e1b-fd10-2723-46b085df0a02" executionId="4cdc5943-7728-452c-b068-f30638ae4ba6" testListId="8c84fa94-04c1-424b-9868-57a2d4851a1d" />
    <TestEntry testId="8a920482-bb78-609e-ade1-d9fd2bf946ac" executionId="1cc02a2d-8926-476f-9568-9e2e1a7c78a7" testListId="8c84fa94-04c1-424b-9868-57a2d4851a1d" />
    <TestEntry testId="a3d01c83-e6c8-c87f-c8ab-1076eaff97bc" executionId="5f35ebf6-27ee-46cb-a9e7-42762f54339f" testListId="8c84fa94-04c1-424b-9868-57a2d4851a1d" />
    <TestEntry testId="2f0ddee0-7fdb-c7a4-59d6-c0c2dfc9450d" executionId="85d119d7-dbd7-45d2-b1d1-faa05dcd8d24" testListId="8c84fa94-04c1-424b-9868-57a2d4851a1d" />
    <TestEntry testId="0ef137cf-3441-6ca1-8a80-9137dfd5bd2c" executionId="a0b17b1d-d6c0-4110-93bc-4a7cf8b1a2c2" testListId="8c84fa94-04c1-424b-9868-57a2d4851a1d" />
    <TestEntry testId="03998699-8804-fa46-2cf1-6fce64dedde7" executionId="94b7dd52-4c8d-4d88-989f-5348771923ae" testListId="8c84fa94-04c1-424b-9868-57a2d4851a1d" />
    <TestEntry testId="5c8b4001-8ccd-279f-4836-b816aa7f9b5b" executionId="0256486b-de66-4c04-a391-c4782296ff04" testListId="8c84fa94-04c1-424b-9868-57a2d4851a1d" />
    <TestEntry testId="80b1e617-f6c1-401d-6885-766a010c1a35" executionId="542c5faf-8c60-48d0-8936-61f9ce401b78" testListId="8c84fa94-04c1-424b-9868-57a2d4851a1d" />
    <TestEntry testId="3ff5ba0f-280e-7578-da34-44c3b7dcff2f" executionId="80fbc631-f5a6-4216-ace4-d49a555e7e6a" testListId="8c84fa94-04c1-424b-9868-57a2d4851a1d" />
    <TestEntry testId="fda863c2-02bb-636a-bdf3-5cae511a7de6" executionId="fe9079c2-f09b-49de-81ea-76339b808657" testListId="8c84fa94-04c1-424b-9868-57a2d4851a1d" />
    <TestEntry testId="a68cd308-2a9b-f9c8-0013-027d44c0bcc2" executionId="2df09784-b993-4f36-907f-293ff7db6a7e" testListId="8c84fa94-04c1-424b-9868-57a2d4851a1d" />
    <TestEntry testId="7d3ff08e-32d6-15e7-2b0a-f19eaaa9140e" executionId="b8b6cc33-f577-4fe1-8bb7-8bbbac10feff" testListId="8c84fa94-04c1-424b-9868-57a2d4851a1d" />
    <TestEntry testId="28d1e023-9d79-d53d-81c6-ccce86cf148a" executionId="097cd042-f105-42ee-98e2-8c0564e7bece" testListId="8c84fa94-04c1-424b-9868-57a2d4851a1d" />
    <TestEntry testId="82059e16-c908-e7ff-c01b-755c58076d6d" executionId="16e10a01-fedd-42d5-9633-913803250684" testListId="8c84fa94-04c1-424b-9868-57a2d4851a1d" />
    <TestEntry testId="e4dc0e2e-fa2d-300b-80f0-7da1faa305b9" executionId="441d5e9d-0ad6-444d-bd5e-cb0ff1e297d5" testListId="8c84fa94-04c1-424b-9868-57a2d4851a1d" />
    <TestEntry testId="4bcd09b3-9a73-612d-efae-d4c2e30c2415" executionId="2fb4e736-b921-4c46-abd1-35821dcbbad7" testListId="8c84fa94-04c1-424b-9868-57a2d4851a1d" />
    <TestEntry testId="4284276e-f1c5-79e0-7f14-593ec6d6de4c" executionId="fae9c373-a955-406e-9eab-4e99b1b2dc1e" testListId="8c84fa94-04c1-424b-9868-57a2d4851a1d" />
    <TestEntry testId="beeaf338-08db-958d-aa1f-1ee2f061ec4b" executionId="1c262c74-eb83-487b-b92f-481857da32da" testListId="8c84fa94-04c1-424b-9868-57a2d4851a1d" />
    <TestEntry testId="9011e578-9021-2ea1-2f28-2ef9d7bf8f9d" executionId="b08c014a-a4a6-4571-bebd-9c68cf06b7d6" testListId="8c84fa94-04c1-424b-9868-57a2d4851a1d" />
    <TestEntry testId="f852aa46-1c23-85f8-8f34-1c64041782d8" executionId="c13b3b54-99f4-4dbd-9f34-9877ca2e255e" testListId="8c84fa94-04c1-424b-9868-57a2d4851a1d" />
    <TestEntry testId="71d4783d-8f76-fa0c-236a-d09af5d224bb" executionId="44b27770-9201-40c5-b2e9-dc2097626f4c" testListId="8c84fa94-04c1-424b-9868-57a2d4851a1d" />
    <TestEntry testId="c187a4da-0632-6cbb-6310-ad816b882871" executionId="3cd16ec2-fdf8-4110-ad26-771418cfb6e1" testListId="8c84fa94-04c1-424b-9868-57a2d4851a1d" />
    <TestEntry testId="3f5d93e9-3a77-c11e-f29f-256231cc5b20" executionId="a5e6352e-b75f-4b7d-b274-3ab686a01d79" testListId="8c84fa94-04c1-424b-9868-57a2d4851a1d" />
    <TestEntry testId="842372a3-4c75-5446-4153-0efabaa521b2" executionId="95e98efb-6941-4f38-acd0-45be331aa25f" testListId="8c84fa94-04c1-424b-9868-57a2d4851a1d" />
    <TestEntry testId="52cb6569-18fe-6c7a-4229-0f2357d8427d" executionId="5188d71a-2436-4206-b47f-c3f70438e941" testListId="8c84fa94-04c1-424b-9868-57a2d4851a1d" />
    <TestEntry testId="0da6d50f-0ccf-8506-4661-ad13b4f3ad3d" executionId="fab15001-e04e-4d06-9b5f-491aad42f292" testListId="8c84fa94-04c1-424b-9868-57a2d4851a1d" />
    <TestEntry testId="99cc3c43-4d2a-2e5c-c15d-54e63153c5aa" executionId="1cb879fe-6ce4-4eaf-99ca-a4f3da34a55e" testListId="8c84fa94-04c1-424b-9868-57a2d4851a1d" />
    <TestEntry testId="bc40e0dd-6e1f-26b9-ea7e-959c21e23392" executionId="19dd538a-99fb-4fbd-b78a-ac4164f81879" testListId="8c84fa94-04c1-424b-9868-57a2d4851a1d" />
    <TestEntry testId="4ba8a168-003f-e76e-394c-a601c6c19eed" executionId="c8576a0d-f0a0-4ccf-b18a-6176992a8f78" testListId="8c84fa94-04c1-424b-9868-57a2d4851a1d" />
    <TestEntry testId="158803f5-04ee-b40f-cbbe-f2e474332e72" executionId="405d7ef9-8030-4b72-9780-36b573313cab" testListId="8c84fa94-04c1-424b-9868-57a2d4851a1d" />
    <TestEntry testId="f736261a-ceb3-d80c-da2d-f67bd5cfa055" executionId="eb89b2c9-21e9-4a89-86d8-831fac18455e" testListId="8c84fa94-04c1-424b-9868-57a2d4851a1d" />
    <TestEntry testId="1a5a175c-7394-584e-f9fe-95f4f5e8b3fa" executionId="9e92e013-03a6-4a5c-816b-80898c8c5153" testListId="8c84fa94-04c1-424b-9868-57a2d4851a1d" />
    <TestEntry testId="9dbf0ab8-0850-9f84-3b93-061020f06f9a" executionId="b5acda1b-41b3-4923-a944-d78986cc3a1e" testListId="8c84fa94-04c1-424b-9868-57a2d4851a1d" />
    <TestEntry testId="3efe24c8-deb2-789b-440d-2c5eec635271" executionId="62818cd9-52c7-4891-961b-e06f595bc68f" testListId="8c84fa94-04c1-424b-9868-57a2d4851a1d" />
    <TestEntry testId="483dad49-7b52-916d-7992-3c95f47febbb" executionId="d157182e-3d00-4b03-b9b9-ea46c547cedb" testListId="8c84fa94-04c1-424b-9868-57a2d4851a1d" />
    <TestEntry testId="841327a6-4cac-5638-2ce1-ecbc848d0713" executionId="74c5acd1-f89a-4513-9c8f-2ce2370131f1" testListId="8c84fa94-04c1-424b-9868-57a2d4851a1d" />
    <TestEntry testId="6e6223ae-77fd-716e-9f3b-517d376d9157" executionId="84e5a79a-6aaa-4e18-b821-e50751a54475" testListId="8c84fa94-04c1-424b-9868-57a2d4851a1d" />
    <TestEntry testId="dbc0a0bc-887b-449d-8458-aa725a7f81e9" executionId="f9092289-07c1-4291-a1df-86bbf9a686e0" testListId="8c84fa94-04c1-424b-9868-57a2d4851a1d" />
    <TestEntry testId="3ca31e97-347a-81b8-90fb-cef85b771ba3" executionId="f6114919-2e3c-4444-aad5-8b8c5a229bb8" testListId="8c84fa94-04c1-424b-9868-57a2d4851a1d" />
    <TestEntry testId="db721fc4-a1fe-b232-ce2c-bf8d98ca9de3" executionId="33fb9ab4-645a-41a0-9b05-cf9b8fc26d21" testListId="8c84fa94-04c1-424b-9868-57a2d4851a1d" />
    <TestEntry testId="81e9898a-dae0-2d9c-2628-6c8ec1abaae7" executionId="fd9c3af7-bb20-49d8-8845-9a5ca01fc541" testListId="8c84fa94-04c1-424b-9868-57a2d4851a1d" />
    <TestEntry testId="6ae15b65-ae4b-1bce-4c25-6a54788ea6c7" executionId="8a09a374-9c8f-4c1e-83a8-d9cd19040057" testListId="8c84fa94-04c1-424b-9868-57a2d4851a1d" />
    <TestEntry testId="1dad59b4-c11d-f31e-82c8-045bd3ba0974" executionId="912fc53d-0edf-4558-8eaa-5727acd37fe5" testListId="8c84fa94-04c1-424b-9868-57a2d4851a1d" />
    <TestEntry testId="398b5a77-05bf-90a8-7b7e-c51723bbabda" executionId="a5d410df-eca0-4a65-b800-28d1b31739a0" testListId="8c84fa94-04c1-424b-9868-57a2d4851a1d" />
    <TestEntry testId="5c80c942-469f-07a2-d1f7-27f3275a6764" executionId="3bef0921-fb94-4bd2-8cb2-9ac6161c8c4b" testListId="8c84fa94-04c1-424b-9868-57a2d4851a1d" />
    <TestEntry testId="a0a5ea87-9826-75f7-58ed-cb14cf32d6a6" executionId="72cc2d50-df59-46dd-8164-9e43f2b79c46" testListId="8c84fa94-04c1-424b-9868-57a2d4851a1d" />
    <TestEntry testId="b01d3278-48db-4fb4-4597-05a0bb919f44" executionId="72b4f1f2-bbe1-4a3a-86d7-8669ee7ab811" testListId="8c84fa94-04c1-424b-9868-57a2d4851a1d" />
    <TestEntry testId="c0bd481a-aa4f-3cf0-fc8a-7f4a149db98d" executionId="447ed170-843e-46d6-8e31-b8d1a651173f" testListId="8c84fa94-04c1-424b-9868-57a2d4851a1d" />
    <TestEntry testId="4fb49d5b-2cd1-b947-c4bf-842f18637aa6" executionId="79cf8927-64fc-48d1-8282-8c58360a2de8" testListId="8c84fa94-04c1-424b-9868-57a2d4851a1d" />
    <TestEntry testId="d3d7520c-9946-57c4-5e03-6827c9a83283" executionId="2dd3570a-6bab-4aa8-ad55-dbacdb00d9fb" testListId="8c84fa94-04c1-424b-9868-57a2d4851a1d" />
    <TestEntry testId="51e04f4f-3cc0-d132-ebbf-43fcaa9395c7" executionId="1e8acbd7-4d2f-4b59-80c4-f1461fafc5cf" testListId="8c84fa94-04c1-424b-9868-57a2d4851a1d" />
    <TestEntry testId="3fce3dfd-c2dc-3773-5e41-3be0911fdc6e" executionId="60740ca7-4354-4b11-a489-9cf8a87732cb" testListId="8c84fa94-04c1-424b-9868-57a2d4851a1d" />
    <TestEntry testId="306017d9-5a39-1a3d-f478-e9d40f0787b3" executionId="3ea48d0a-2316-42bc-a439-745be501827f" testListId="8c84fa94-04c1-424b-9868-57a2d4851a1d" />
    <TestEntry testId="7386db50-75f2-d6ca-827c-40a924671b76" executionId="8baf9ffc-765d-4a81-a911-226361609f40" testListId="8c84fa94-04c1-424b-9868-57a2d4851a1d" />
    <TestEntry testId="7228e315-3e10-614e-b4d8-f5be940bd300" executionId="cb2c836c-3cdb-4c34-8048-c3e0e6da49e9" testListId="8c84fa94-04c1-424b-9868-57a2d4851a1d" />
    <TestEntry testId="f93a8561-7b7e-dd8e-909f-28cd62e74c6b" executionId="d9c2a6a8-570e-4413-9c2e-cdbd6a120e9b" testListId="8c84fa94-04c1-424b-9868-57a2d4851a1d" />
    <TestEntry testId="d6c206c9-da50-f231-6f1b-25fa7130e345" executionId="a7dddd36-3d11-406d-867d-62913b253558" testListId="8c84fa94-04c1-424b-9868-57a2d4851a1d" />
    <TestEntry testId="aa468564-3fed-7531-2863-b13b77656923" executionId="c018538e-3b4b-4ebf-b969-82883556338d" testListId="8c84fa94-04c1-424b-9868-57a2d4851a1d" />
    <TestEntry testId="943cc5a5-26d0-aad1-40f4-9c9d4bed2506" executionId="91ed482c-68fc-4f3f-8925-b192b31b199c" testListId="8c84fa94-04c1-424b-9868-57a2d4851a1d" />
    <TestEntry testId="800633a9-c281-8a02-ccd0-0706d0f50e41" executionId="640afc8d-e587-457b-9303-481b4aa19f6d" testListId="8c84fa94-04c1-424b-9868-57a2d4851a1d" />
    <TestEntry testId="ae38d11e-77cf-26f9-8716-ecc257c1e811" executionId="c7771dfd-0910-402a-86bc-6b1c9cee5898" testListId="8c84fa94-04c1-424b-9868-57a2d4851a1d" />
    <TestEntry testId="0d5a7d16-1b49-533d-395a-8b9c7d4f8bf2" executionId="e5b26186-5588-4610-afb7-f38087e5044a" testListId="8c84fa94-04c1-424b-9868-57a2d4851a1d" />
    <TestEntry testId="77182e8d-b8f8-e457-3fae-28dfdff8725f" executionId="2b129dd2-da0f-4e0b-96e0-6ae781bf5237" testListId="8c84fa94-04c1-424b-9868-57a2d4851a1d" />
    <TestEntry testId="c97e1a23-b35a-31ec-31b1-1232bb0e493e" executionId="0d7d793c-420c-4762-a776-a92e3b2ab34f" testListId="8c84fa94-04c1-424b-9868-57a2d4851a1d" />
    <TestEntry testId="2a93d9c4-a36f-de44-4edc-32992512852d" executionId="750d039b-1fd2-4917-96ff-d0b723add68b" testListId="8c84fa94-04c1-424b-9868-57a2d4851a1d" />
    <TestEntry testId="6453f326-eec3-69c8-c371-8a4d45690011" executionId="7aa3ab19-e31f-4566-bff1-8ec98f607539" testListId="8c84fa94-04c1-424b-9868-57a2d4851a1d" />
    <TestEntry testId="510961c9-0b2a-b981-7f3f-8c335fddabb1" executionId="6dd0a404-9cdb-4d26-bff5-7a5c3c890435" testListId="8c84fa94-04c1-424b-9868-57a2d4851a1d" />
    <TestEntry testId="e3ee4498-7e81-0e5e-40ca-d043bbd2bf65" executionId="c0a0bfac-ce4e-41ef-93b6-aa92bb930f68" testListId="8c84fa94-04c1-424b-9868-57a2d4851a1d" />
    <TestEntry testId="ac5af315-790c-169b-481f-a8260b6ce215" executionId="1a3df11a-4e25-4650-a8ce-ae3a63c2212d" testListId="8c84fa94-04c1-424b-9868-57a2d4851a1d" />
    <TestEntry testId="9cbe8511-894f-e7f4-8ecb-fc0d18c43e56" executionId="696e69fa-715c-43d1-a359-b60290263e5f" testListId="8c84fa94-04c1-424b-9868-57a2d4851a1d" />
    <TestEntry testId="3a29f211-7674-9650-3e55-43bb4ee5e34c" executionId="ce01d8de-4380-4dbc-8d3f-9726ed9f6399" testListId="8c84fa94-04c1-424b-9868-57a2d4851a1d" />
    <TestEntry testId="681df3c8-366c-023c-2be6-b331d23b1ce7" executionId="53c69969-780e-44b8-8b25-ff8fd4dbb636" testListId="8c84fa94-04c1-424b-9868-57a2d4851a1d" />
    <TestEntry testId="b150f0c7-fa26-71ca-4a24-1979b341f3ca" executionId="f1c3ed76-1c94-4923-8ab6-791f585b6459" testListId="8c84fa94-04c1-424b-9868-57a2d4851a1d" />
    <TestEntry testId="21650b1b-23f5-104d-52d4-4487730851e0" executionId="b7700768-3527-4f77-a5a4-50354f6fa8bc" testListId="8c84fa94-04c1-424b-9868-57a2d4851a1d" />
    <TestEntry testId="fe7dcf1a-692d-d9b2-b7ab-bd7d98b0d788" executionId="4b35e7e9-b6ca-4784-85ec-eaa95d5bda68" testListId="8c84fa94-04c1-424b-9868-57a2d4851a1d" />
    <TestEntry testId="4e34fb28-c0fe-9ad1-2f5a-0c2c79133b02" executionId="210d6d70-ffe2-4186-9186-e2fc0736c23e" testListId="8c84fa94-04c1-424b-9868-57a2d4851a1d" />
    <TestEntry testId="609bd508-17ee-c9e2-b1d6-3c5aaf63cbcb" executionId="13e3c358-0d9b-42de-8a76-4ee7055d9830" testListId="8c84fa94-04c1-424b-9868-57a2d4851a1d" />
    <TestEntry testId="34924829-4fd3-8dc8-73df-3ca654f3cd98" executionId="088fb15a-1785-4ca7-a459-d6e73efececc" testListId="8c84fa94-04c1-424b-9868-57a2d4851a1d" />
    <TestEntry testId="590936a9-03d2-1617-2e4b-6fffd4734220" executionId="9a555e2a-ffce-4616-a0b4-eccb19029edb" testListId="8c84fa94-04c1-424b-9868-57a2d4851a1d" />
    <TestEntry testId="2d19533e-54ba-79c1-fc44-a594fdfb46cc" executionId="38d93ce3-2559-466b-a424-ba2776c6f4f1" testListId="8c84fa94-04c1-424b-9868-57a2d4851a1d" />
    <TestEntry testId="6582d5da-7575-b5da-765c-6bd7f2c3c453" executionId="63d44738-80ba-4685-872a-6f2f83870217" testListId="8c84fa94-04c1-424b-9868-57a2d4851a1d" />
    <TestEntry testId="4f41d852-180f-2523-dd4d-7c6a551e0868" executionId="9f89d2c8-add4-49c9-90b9-1c4083a5e5bc" testListId="8c84fa94-04c1-424b-9868-57a2d4851a1d" />
    <TestEntry testId="9216678b-2400-5aed-087d-303a46d8d2e2" executionId="65b809d9-0b89-4ebc-ba12-9d697c5d0d5a" testListId="8c84fa94-04c1-424b-9868-57a2d4851a1d" />
    <TestEntry testId="afc435a3-721e-372b-2cf7-9c97a5e16d70" executionId="d9c6ea0e-470c-4465-8bbd-c1b69b527935" testListId="8c84fa94-04c1-424b-9868-57a2d4851a1d" />
    <TestEntry testId="ace78cff-179a-9499-fa78-59d740597f66" executionId="6897402a-2956-43f4-b9e9-73d99fa68c24" testListId="8c84fa94-04c1-424b-9868-57a2d4851a1d" />
    <TestEntry testId="adc66f14-1cd4-d78e-e348-709204390043" executionId="9553949c-ce2d-4758-8eb5-653d0afd4215" testListId="8c84fa94-04c1-424b-9868-57a2d4851a1d" />
    <TestEntry testId="f1dfce46-eb24-234e-d967-4a07589ad760" executionId="ebedddfb-9a06-4c67-aeee-c4263fb8fccb" testListId="8c84fa94-04c1-424b-9868-57a2d4851a1d" />
    <TestEntry testId="1bc5c7fa-f56c-7a2a-1f34-514dc823bdf2" executionId="641a849b-cf70-4a79-a79c-3ad483348661" testListId="8c84fa94-04c1-424b-9868-57a2d4851a1d" />
    <TestEntry testId="f6a200d1-b9b8-5095-0a61-e8c0493b4264" executionId="302da327-48ee-43d4-ac0b-3336cd60cc3c" testListId="8c84fa94-04c1-424b-9868-57a2d4851a1d" />
    <TestEntry testId="23bd6660-ddb3-b70e-d169-213001745968" executionId="9bbd4106-c199-4b55-80d1-b2c1549c2e92" testListId="8c84fa94-04c1-424b-9868-57a2d4851a1d" />
    <TestEntry testId="3537b133-d3fb-bfb8-7c99-9cf2ad50f6d5" executionId="d0e617bf-6370-4f50-829a-ae24090c5b7c" testListId="8c84fa94-04c1-424b-9868-57a2d4851a1d" />
    <TestEntry testId="5e484356-8fc7-8274-f636-9bbd8b3fe737" executionId="8bbe9650-dd84-492e-a32b-3d3744bf7057" testListId="8c84fa94-04c1-424b-9868-57a2d4851a1d" />
    <TestEntry testId="6c65e6fd-2d2d-8499-26fb-debb490455d4" executionId="9875fb58-700f-4d08-9819-7fe8b40578ee" testListId="8c84fa94-04c1-424b-9868-57a2d4851a1d" />
    <TestEntry testId="8501c1ff-99df-e43e-04d1-1abd761272e3" executionId="e7e9d6f7-bbd1-4aeb-a67c-6c1ad13e0203" testListId="8c84fa94-04c1-424b-9868-57a2d4851a1d" />
    <TestEntry testId="1a9738b0-6c90-85ba-61d9-83d486d24f99" executionId="8c78f8d6-1fa6-49b4-9a83-3626f22d06a1" testListId="8c84fa94-04c1-424b-9868-57a2d4851a1d" />
    <TestEntry testId="a5e31c1c-3c8d-f59e-e67f-7323eceb767c" executionId="0c2a96d8-624b-49ae-b883-337cfd326182" testListId="8c84fa94-04c1-424b-9868-57a2d4851a1d" />
    <TestEntry testId="c2cf7f34-49df-069d-7a44-7e6e42be2315" executionId="6152f407-00d1-42e3-bbfc-695ab5a9bdf2" testListId="8c84fa94-04c1-424b-9868-57a2d4851a1d" />
    <TestEntry testId="ef71ee84-beba-bbc9-b32a-a2be75f08d25" executionId="d3548421-42d5-4c82-879e-b697c40b1e61" testListId="8c84fa94-04c1-424b-9868-57a2d4851a1d" />
    <TestEntry testId="cac0c0dd-e644-887a-03b7-3c56bc6a3597" executionId="ef232d1c-2544-421f-a9ff-8679e95feac6" testListId="8c84fa94-04c1-424b-9868-57a2d4851a1d" />
    <TestEntry testId="9542de3d-366a-0422-913a-a75545b2979d" executionId="eaf0a827-d4ff-4772-8847-704dead5840a" testListId="8c84fa94-04c1-424b-9868-57a2d4851a1d" />
    <TestEntry testId="98ee9077-e403-a9b5-6b6c-2cf1d38f61f3" executionId="de3511f5-1c1e-40c2-9493-a44e44fde3c2" testListId="8c84fa94-04c1-424b-9868-57a2d4851a1d" />
    <TestEntry testId="b0bfee2f-58e0-4f32-8d2c-9ee903141b3a" executionId="cdc170de-25c9-4127-8cb5-f48580dcdc44" testListId="8c84fa94-04c1-424b-9868-57a2d4851a1d" />
    <TestEntry testId="e4fff357-d03c-5a19-9217-4c3ce7b54408" executionId="caef75a4-a762-4345-a680-f3fa1b9f5cff" testListId="8c84fa94-04c1-424b-9868-57a2d4851a1d" />
    <TestEntry testId="0987baaa-b082-9c6b-9451-aed60b19e5a3" executionId="799a3f59-7c4f-4a38-bdf1-0e53ae052395" testListId="8c84fa94-04c1-424b-9868-57a2d4851a1d" />
    <TestEntry testId="0505824a-6d7b-eeba-4727-6fa79e2c56f3" executionId="bea65d9e-524b-4b91-9336-8dffc6988cba" testListId="8c84fa94-04c1-424b-9868-57a2d4851a1d" />
    <TestEntry testId="87859a6e-b4f5-3734-6a55-861484597f9d" executionId="a72c8128-8bce-4255-891f-3e733c8774eb" testListId="8c84fa94-04c1-424b-9868-57a2d4851a1d" />
    <TestEntry testId="a843a51a-9783-4af2-c639-b0c877e3f93a" executionId="1e59a012-8d6b-4f4e-a315-b8fb274bb52e" testListId="8c84fa94-04c1-424b-9868-57a2d4851a1d" />
    <TestEntry testId="9b5a231c-8a7c-1233-7850-a4f061648ca1" executionId="40b5febe-50f1-4d2d-bc67-d7e55c44026e" testListId="8c84fa94-04c1-424b-9868-57a2d4851a1d" />
    <TestEntry testId="2d1262f9-2a52-bd0d-f549-e5c223d453f8" executionId="013e5a24-8472-43b4-a1bc-6a83e2def4b8" testListId="8c84fa94-04c1-424b-9868-57a2d4851a1d" />
    <TestEntry testId="4738d8ec-b32d-b8a3-e010-5e3023022f54" executionId="e617b775-d1af-4d86-a124-40b46638f1fa" testListId="8c84fa94-04c1-424b-9868-57a2d4851a1d" />
    <TestEntry testId="b6679417-7425-0364-aa34-5d62bcf33e8a" executionId="1afdc76c-2eb5-4f96-b4d3-17c83d6f9000" testListId="8c84fa94-04c1-424b-9868-57a2d4851a1d" />
    <TestEntry testId="dec00889-2e21-64f2-59d7-4a4cf95b0615" executionId="ca9ef89c-20bf-48e7-9cc9-1cb59f086ebd" testListId="8c84fa94-04c1-424b-9868-57a2d4851a1d" />
    <TestEntry testId="9e76cdfa-4287-5678-59bc-a2ef16368684" executionId="3bae70c2-209a-47b0-8eec-14ba3aac6fe7" testListId="8c84fa94-04c1-424b-9868-57a2d4851a1d" />
    <TestEntry testId="2eedd640-5574-7413-5cbf-cc6ea1251202" executionId="6257aa7e-aeaf-4791-91d9-65b4a6af4d6c" testListId="8c84fa94-04c1-424b-9868-57a2d4851a1d" />
    <TestEntry testId="2d425b29-15d1-106c-e773-84c86e1eceaa" executionId="ed720366-89df-4fd0-986d-986fbf5a842a" testListId="8c84fa94-04c1-424b-9868-57a2d4851a1d" />
    <TestEntry testId="e3a0e17b-fbaf-e1fc-2d51-9d42b626e027" executionId="f26a92c4-d550-4c11-9017-fd67390feed3" testListId="8c84fa94-04c1-424b-9868-57a2d4851a1d" />
    <TestEntry testId="9b2d98e1-ca4d-fb59-047f-43b7ee960f1d" executionId="9c28afca-b38b-4b88-8e16-28d84b37e8c9" testListId="8c84fa94-04c1-424b-9868-57a2d4851a1d" />
    <TestEntry testId="686f0fc9-db03-2a97-46dc-d662120c4357" executionId="07858ff2-bf61-4e11-a383-30849c504b05" testListId="8c84fa94-04c1-424b-9868-57a2d4851a1d" />
    <TestEntry testId="fa3a2d6c-be40-bcdd-2739-7ce8368c77dd" executionId="245d2a4b-4a1d-443e-afb1-b3bdd18c8f43" testListId="8c84fa94-04c1-424b-9868-57a2d4851a1d" />
    <TestEntry testId="ba3b309a-ff0e-2d28-54be-9b258b68939b" executionId="66ace067-f411-42eb-aac3-7aeefca26aae" testListId="8c84fa94-04c1-424b-9868-57a2d4851a1d" />
    <TestEntry testId="f2ff0403-9100-ea9c-f478-de8ca6052f7d" executionId="34ce6c15-a40b-45da-951f-3255bbcae400" testListId="8c84fa94-04c1-424b-9868-57a2d4851a1d" />
    <TestEntry testId="a7baf0bb-a7ed-aa7a-8506-517c862119c1" executionId="729ca049-7c9d-4c29-b5c1-3d73cd0a01ee" testListId="8c84fa94-04c1-424b-9868-57a2d4851a1d" />
    <TestEntry testId="c23f992b-b22d-866c-b429-ddd8381c37c6" executionId="5f11a3e9-6cd0-4c2c-8e08-c55275cb0d2a" testListId="8c84fa94-04c1-424b-9868-57a2d4851a1d" />
    <TestEntry testId="ce47119b-555f-ee65-92de-3bb15cab0644" executionId="f6f86faf-ac27-4f42-ac52-683d6270d676" testListId="8c84fa94-04c1-424b-9868-57a2d4851a1d" />
    <TestEntry testId="f0574551-959d-902f-acf8-45820338011a" executionId="f3d566e9-8094-4a32-9575-b8723f0ea731" testListId="8c84fa94-04c1-424b-9868-57a2d4851a1d" />
    <TestEntry testId="922c7fb1-2eb1-cd6d-ef31-81ed0fce9b5a" executionId="005649b0-7904-467f-8ef2-9aad9523b28e" testListId="8c84fa94-04c1-424b-9868-57a2d4851a1d" />
    <TestEntry testId="070f62f8-8468-e169-d1d1-005e062b481f" executionId="cbba7652-2f30-422f-98ec-4370baf24c19" testListId="8c84fa94-04c1-424b-9868-57a2d4851a1d" />
    <TestEntry testId="61e21f83-7e95-2362-b1e3-33dfd381fcc7" executionId="1d6874f0-eae0-4866-aa82-8fbb5f1d525b" testListId="8c84fa94-04c1-424b-9868-57a2d4851a1d" />
    <TestEntry testId="53ee850d-335f-1883-3bc5-fe9892d1ae7d" executionId="7fa2affa-f3c1-4e17-8de1-eb54e6131e93" testListId="8c84fa94-04c1-424b-9868-57a2d4851a1d" />
    <TestEntry testId="d18c4703-5a96-82cc-bd1a-56ce1f6aeb61" executionId="9dbb59fd-ea93-4dbd-b45c-596e649ff9a1" testListId="8c84fa94-04c1-424b-9868-57a2d4851a1d" />
    <TestEntry testId="5b470fa9-7bb8-c70a-13cd-6b0c5673a526" executionId="9626fce8-89c1-466c-a647-bc004b25d698" testListId="8c84fa94-04c1-424b-9868-57a2d4851a1d" />
    <TestEntry testId="2e2f7ee5-9f8a-8aac-dfbf-f570f898b9e0" executionId="a6395594-5116-428d-98b2-0d2f73809da6" testListId="8c84fa94-04c1-424b-9868-57a2d4851a1d" />
    <TestEntry testId="ff6b2a77-4456-8714-f502-8fe975da02f4" executionId="035986bb-0f2a-4baf-931a-750c6c0c5a58" testListId="8c84fa94-04c1-424b-9868-57a2d4851a1d" />
    <TestEntry testId="f8681056-21ff-2663-89c0-a8966f79df64" executionId="359d52c5-91d0-44c6-8786-1c8fe2b84d0f" testListId="8c84fa94-04c1-424b-9868-57a2d4851a1d" />
    <TestEntry testId="5631cf5b-d21e-75d9-a374-e436d6a8e2f9" executionId="5e68be32-f216-400d-a370-9a3099a18869" testListId="8c84fa94-04c1-424b-9868-57a2d4851a1d" />
    <TestEntry testId="995af1cd-c8d9-dbb3-07ce-6b441962f547" executionId="a7883c87-54f2-4633-82ad-f7e980ee5e66" testListId="8c84fa94-04c1-424b-9868-57a2d4851a1d" />
    <TestEntry testId="738a10a5-0711-745a-4ac2-60c66f518068" executionId="4393abbe-adf6-4f71-8566-2cd9cdf10027" testListId="8c84fa94-04c1-424b-9868-57a2d4851a1d" />
    <TestEntry testId="683cdc6c-aca6-240b-2899-0536960988c5" executionId="2ac7c057-2528-47ba-b605-bd8f5a125183" testListId="8c84fa94-04c1-424b-9868-57a2d4851a1d" />
    <TestEntry testId="5d0d8ccb-a2bc-886d-beda-f4f6179b95cf" executionId="36c208c5-945b-46cd-9c98-aff2c712b2c4" testListId="8c84fa94-04c1-424b-9868-57a2d4851a1d" />
    <TestEntry testId="cad9c877-ae1c-c143-4fb4-da8c2f05181d" executionId="644127bf-880d-46a2-a799-b008c6f8e520" testListId="8c84fa94-04c1-424b-9868-57a2d4851a1d" />
    <TestEntry testId="891b6c4c-0f1c-a3da-334d-a081827ff514" executionId="6afbe4b5-7d24-401d-a372-932f0806cae9" testListId="8c84fa94-04c1-424b-9868-57a2d4851a1d" />
    <TestEntry testId="d0805720-46ee-5204-456e-ee7f378fc9bf" executionId="c0f19cc2-d018-4a66-b9b4-5bee8816eafd" testListId="8c84fa94-04c1-424b-9868-57a2d4851a1d" />
    <TestEntry testId="ef252df8-8016-be03-9a16-94c030d571d8" executionId="08199190-9b3b-4f2e-9f3f-6ea6a7579c8c" testListId="8c84fa94-04c1-424b-9868-57a2d4851a1d" />
    <TestEntry testId="cc478e6e-a9d8-f38e-8218-1ab82d074e51" executionId="2a03b13a-a1bb-40e2-bbd9-aea67f40cbf1" testListId="8c84fa94-04c1-424b-9868-57a2d4851a1d" />
    <TestEntry testId="ef6c030d-e675-ebed-ffa8-ce7bf5feed31" executionId="303251d6-78f4-4592-becf-a5a9a772c2e0" testListId="8c84fa94-04c1-424b-9868-57a2d4851a1d" />
    <TestEntry testId="d5e00923-46bd-de32-0305-b8d85b547aad" executionId="153f7833-d81c-4cba-9cd5-6419e4e58430" testListId="8c84fa94-04c1-424b-9868-57a2d4851a1d" />
    <TestEntry testId="afa41f35-c74e-3941-80d2-9eeb0dd89118" executionId="b99c6b33-3179-47b0-b24b-9c0a8f1090f9" testListId="8c84fa94-04c1-424b-9868-57a2d4851a1d" />
    <TestEntry testId="b5f40ad3-582a-aeab-e8e8-850be670f750" executionId="4b70a4a3-80f0-47a5-9334-64ff240829a2" testListId="8c84fa94-04c1-424b-9868-57a2d4851a1d" />
    <TestEntry testId="c2ce2b0d-d6eb-905f-0cc0-9ac98a3b9437" executionId="792021b1-7784-4533-9173-1aa9bd244f62" testListId="8c84fa94-04c1-424b-9868-57a2d4851a1d" />
    <TestEntry testId="854906ef-44e3-5671-1b10-24de982401a2" executionId="e576d51a-683c-4f4a-a3e9-c7c13ef7fb8a" testListId="8c84fa94-04c1-424b-9868-57a2d4851a1d" />
    <TestEntry testId="bc1f2f38-ab8f-b08d-46e0-e8f899df04f6" executionId="82f53507-b27f-41d6-89ce-ef92d9f80b3e" testListId="8c84fa94-04c1-424b-9868-57a2d4851a1d" />
    <TestEntry testId="2de68df9-dd70-ca43-a348-b2ff8187d0b3" executionId="8fb0b6ba-9347-41cd-8ae3-fb4aa5df5161" testListId="8c84fa94-04c1-424b-9868-57a2d4851a1d" />
    <TestEntry testId="99afad05-91b2-f660-79e2-c3aa4b9ff18e" executionId="12a9f455-b396-44fa-bc63-98b08b29ad97" testListId="8c84fa94-04c1-424b-9868-57a2d4851a1d" />
    <TestEntry testId="bdc4ea0f-36f4-2fa9-46b7-bdc7a26942b0" executionId="c45e70b8-413a-43d5-9f36-2859d9762212" testListId="8c84fa94-04c1-424b-9868-57a2d4851a1d" />
    <TestEntry testId="407bf025-9726-1eb8-ff52-cc9121983994" executionId="143d470f-9d8c-4138-a0c8-88ab9df6b810" testListId="8c84fa94-04c1-424b-9868-57a2d4851a1d" />
    <TestEntry testId="1ebf8b85-1e90-2553-0e58-274de4d6d987" executionId="4a5d348b-c393-4ae0-a989-e61313aae1a2" testListId="8c84fa94-04c1-424b-9868-57a2d4851a1d" />
    <TestEntry testId="badbbbda-0e1d-8c10-9827-8bbdb332c8c2" executionId="1d6ca9bb-bb3a-4a77-9fea-4619a42e105a" testListId="8c84fa94-04c1-424b-9868-57a2d4851a1d" />
    <TestEntry testId="c11fd451-9a6a-2d58-c0f1-4e8158f44ab5" executionId="3d1b876f-db66-4398-bea1-fc50fd2df59e" testListId="8c84fa94-04c1-424b-9868-57a2d4851a1d" />
    <TestEntry testId="eb6b7236-545c-f4c6-b413-b1678db3c1b8" executionId="c25c8ff4-3102-4c11-b02a-7b9b16ad0740" testListId="8c84fa94-04c1-424b-9868-57a2d4851a1d" />
    <TestEntry testId="e8e929bb-1529-0802-d2a3-a25e16295f97" executionId="8bdaab35-6952-4dba-bfd5-16bcf0d1f697" testListId="8c84fa94-04c1-424b-9868-57a2d4851a1d" />
    <TestEntry testId="212e98b3-119f-949e-6fd1-78dd598b8aaa" executionId="51081ff1-2bac-4746-ad04-213f104e7bdc" testListId="8c84fa94-04c1-424b-9868-57a2d4851a1d" />
    <TestEntry testId="acf16783-bec7-6ccf-5c57-c9d9b4fcd743" executionId="74cd7762-f015-42da-b4c3-e224f9fc6e8f" testListId="8c84fa94-04c1-424b-9868-57a2d4851a1d" />
    <TestEntry testId="085ab1d4-f42c-55cd-5aee-209aae47516b" executionId="6ed80ac6-eb79-4b28-a42f-7bfd9a04d7e2" testListId="8c84fa94-04c1-424b-9868-57a2d4851a1d" />
    <TestEntry testId="e0a8665e-5aca-ffd8-10a2-2a5ee0aa5dd8" executionId="117dd270-43d0-48c1-a543-b4ff4661ea52" testListId="8c84fa94-04c1-424b-9868-57a2d4851a1d" />
    <TestEntry testId="343dbe44-ccd9-ec7f-986f-f77343f59e6f" executionId="fe8b081d-aa3f-4bb6-a310-50f50efad627" testListId="8c84fa94-04c1-424b-9868-57a2d4851a1d" />
    <TestEntry testId="7efe10d2-3b60-ec88-1200-51742fffb231" executionId="5dd4cb2a-b65b-4938-8b9d-b47d3f2ad61c" testListId="8c84fa94-04c1-424b-9868-57a2d4851a1d" />
    <TestEntry testId="534c64a1-8930-aca9-d3cf-404328265340" executionId="1374e6ae-3669-47ae-a100-7dd6bca6f48b" testListId="8c84fa94-04c1-424b-9868-57a2d4851a1d" />
    <TestEntry testId="4f4a5c37-0801-c8cd-ca9d-3dd3c079ddeb" executionId="b1301878-c3de-4ce9-a14d-4abeb43f0354" testListId="8c84fa94-04c1-424b-9868-57a2d4851a1d" />
    <TestEntry testId="f7006229-d08e-f005-ed04-8accb6c4b6f6" executionId="f3219ee2-4012-40f2-9234-baaa639a38b7" testListId="8c84fa94-04c1-424b-9868-57a2d4851a1d" />
    <TestEntry testId="ba803ee0-320b-0e1b-48e0-1c274b297671" executionId="a0f41290-2683-4671-aad9-1a2f4f6b3350" testListId="8c84fa94-04c1-424b-9868-57a2d4851a1d" />
    <TestEntry testId="18308ccd-86c5-aae1-0bb7-e2ffebaf6d81" executionId="654c82a3-68a8-4509-a663-01648664cc2e" testListId="8c84fa94-04c1-424b-9868-57a2d4851a1d" />
    <TestEntry testId="c4d251ab-8bd3-a71a-db5b-5cdbf0f22bc3" executionId="831e495b-378e-46b4-b07b-2f21b96fe40c" testListId="8c84fa94-04c1-424b-9868-57a2d4851a1d" />
    <TestEntry testId="41739f19-bfd4-11d4-c1e5-c65c24bff9df" executionId="e73ef478-ddec-484d-bd1a-e2981f0acc60" testListId="8c84fa94-04c1-424b-9868-57a2d4851a1d" />
    <TestEntry testId="d253c45c-a8ca-02a8-83f1-3b987acee20d" executionId="d0f93b83-80bf-411c-af54-5fe93b639359" testListId="8c84fa94-04c1-424b-9868-57a2d4851a1d" />
    <TestEntry testId="a34e537f-852d-b7b5-3ccb-cabf02fd880d" executionId="755e27eb-0711-49be-9b4b-432e183eaeb3" testListId="8c84fa94-04c1-424b-9868-57a2d4851a1d" />
    <TestEntry testId="7d42feb9-bbac-5e95-7966-4598ed6ca7c8" executionId="360c3cb5-49aa-40a7-9f62-ea89d4b843fa" testListId="8c84fa94-04c1-424b-9868-57a2d4851a1d" />
    <TestEntry testId="f463891b-fd87-ca77-6056-1127d204fbb8" executionId="015ef42b-d4d4-4d64-86bb-7c0e460a1c0d" testListId="8c84fa94-04c1-424b-9868-57a2d4851a1d" />
    <TestEntry testId="6e836b62-3be5-ba37-09d4-15d443e87de7" executionId="b1e4cf51-9c83-42f7-95ed-1136d3ec8463" testListId="8c84fa94-04c1-424b-9868-57a2d4851a1d" />
    <TestEntry testId="4fc84b54-a813-cee5-d67f-65285783f54a" executionId="c9c264d4-861c-4683-8cb9-983fac38197e" testListId="8c84fa94-04c1-424b-9868-57a2d4851a1d" />
    <TestEntry testId="84951c40-1d39-2cf1-7d54-c2c1cf7967b4" executionId="25b2190f-bb5c-4beb-841f-513d77c8d2fe" testListId="8c84fa94-04c1-424b-9868-57a2d4851a1d" />
    <TestEntry testId="e74f0f7e-efd4-851a-6dd0-c1b21d0c599d" executionId="04115666-eb37-4e60-8f94-36cf4082694f" testListId="8c84fa94-04c1-424b-9868-57a2d4851a1d" />
    <TestEntry testId="ce806e00-7abd-221e-8337-ade5d7dec915" executionId="1db8bfab-6972-47d5-af46-447129fb2f34" testListId="8c84fa94-04c1-424b-9868-57a2d4851a1d" />
    <TestEntry testId="0363a9ad-f5a9-fc63-7f70-ff763491ded3" executionId="340d05cd-500e-4c94-95d6-a5b1d57b2b23" testListId="8c84fa94-04c1-424b-9868-57a2d4851a1d" />
    <TestEntry testId="d7c472e1-68f0-98a1-9e95-1392afc79d31" executionId="851f20be-766b-45d3-a125-1ecdb438dce6" testListId="8c84fa94-04c1-424b-9868-57a2d4851a1d" />
    <TestEntry testId="3bd37e17-a357-dd0e-5c35-ff1e954d110b" executionId="e2447dd9-c683-4999-930d-6f69bf774236" testListId="8c84fa94-04c1-424b-9868-57a2d4851a1d" />
    <TestEntry testId="2c025142-773c-e8f8-e1d2-3622f380673e" executionId="8e55276e-b307-44a4-bf4a-78f7d380c839" testListId="8c84fa94-04c1-424b-9868-57a2d4851a1d" />
    <TestEntry testId="4b1efd1d-1820-03cc-1d36-d771cb4401fa" executionId="b302a382-37ef-4915-b8e2-1fa6d04e3b75" testListId="8c84fa94-04c1-424b-9868-57a2d4851a1d" />
    <TestEntry testId="dd91d514-20cf-70e4-ef22-61065c5da6c6" executionId="8ba15353-7593-4ffc-ae92-449a95521c89" testListId="8c84fa94-04c1-424b-9868-57a2d4851a1d" />
    <TestEntry testId="44f2ae15-e54f-c32e-266e-ffa10b68dff7" executionId="75f98606-22c5-4081-a559-87010c5a89c0" testListId="8c84fa94-04c1-424b-9868-57a2d4851a1d" />
    <TestEntry testId="d82818a2-475e-d90c-5900-07e1dfae2d4d" executionId="3fe07cc3-e16b-4157-8de9-57036e5ebaf4" testListId="8c84fa94-04c1-424b-9868-57a2d4851a1d" />
    <TestEntry testId="7ab97aaf-c2f9-6a53-5c4f-3d5be7afbb5f" executionId="224fe370-4bf8-4c81-b5fc-c4fe5e90f79f" testListId="8c84fa94-04c1-424b-9868-57a2d4851a1d" />
    <TestEntry testId="f6dbf70f-95aa-dad1-860d-887954543898" executionId="859c99ae-9853-4c88-b169-2a1f421712c5" testListId="8c84fa94-04c1-424b-9868-57a2d4851a1d" />
    <TestEntry testId="08d7c887-cfdb-91f7-a4d3-c86efbebb1e3" executionId="a1581509-f1af-46a9-b89b-9bc833467519" testListId="8c84fa94-04c1-424b-9868-57a2d4851a1d" />
    <TestEntry testId="1245158d-276b-dcb2-79c3-0e2984619ba2" executionId="6e7e5989-8f0f-480f-a995-84ef9140fb9c" testListId="8c84fa94-04c1-424b-9868-57a2d4851a1d" />
    <TestEntry testId="bb65a884-d37a-bdc9-a63d-7b9d786807d1" executionId="de1135b5-bd02-4de3-95cd-237768d0dcb0" testListId="8c84fa94-04c1-424b-9868-57a2d4851a1d" />
    <TestEntry testId="ee26ecca-a807-3cac-eb05-97de07cb7248" executionId="17c94ae6-b84c-4e40-adf4-2dbffadca4c1" testListId="8c84fa94-04c1-424b-9868-57a2d4851a1d" />
    <TestEntry testId="fef37fd4-d952-e5e0-a0dc-f7ea4d75e03d" executionId="5959551d-0d52-4cdb-a405-919f78339123" testListId="8c84fa94-04c1-424b-9868-57a2d4851a1d" />
    <TestEntry testId="c34393e5-11ff-d095-6271-fff69a281c2a" executionId="9ae91a96-11c0-44f9-a3ad-c39a3e63799a" testListId="8c84fa94-04c1-424b-9868-57a2d4851a1d" />
    <TestEntry testId="1480c90f-e1fd-93b1-8e83-f76f39ada216" executionId="2e007851-7d79-45d0-beeb-88be9fe2e775" testListId="8c84fa94-04c1-424b-9868-57a2d4851a1d" />
    <TestEntry testId="6e54a05e-b477-f829-bb5e-dcbef35d8f59" executionId="73b1ac64-354d-4083-a15c-479d46b0ab22" testListId="8c84fa94-04c1-424b-9868-57a2d4851a1d" />
    <TestEntry testId="57bc568e-7665-04e8-5fdd-510df1b63c38" executionId="029112eb-fb3c-4265-a880-57aa36393edf" testListId="8c84fa94-04c1-424b-9868-57a2d4851a1d" />
    <TestEntry testId="e0bae790-fddb-006d-e831-2cde76b6368e" executionId="7c6b4b30-44d0-4c44-87ce-5dea4aa248ae" testListId="8c84fa94-04c1-424b-9868-57a2d4851a1d" />
    <TestEntry testId="e16d89bb-7752-4aab-a92f-f7287f59cc68" executionId="75410ae0-5afd-4ac0-b55e-2de852e795a0" testListId="8c84fa94-04c1-424b-9868-57a2d4851a1d" />
    <TestEntry testId="18c1654c-d336-2734-4751-d18553200a33" executionId="507a82b7-bce5-4747-b000-81af28c5721e" testListId="8c84fa94-04c1-424b-9868-57a2d4851a1d" />
    <TestEntry testId="057b0d6a-4109-0c22-90db-914e5a967366" executionId="21f852f7-ccab-4ed8-ba9f-70728fe212cf" testListId="8c84fa94-04c1-424b-9868-57a2d4851a1d" />
    <TestEntry testId="4db70ec8-8593-e07c-5b11-0ae3c0462841" executionId="c2e79781-fda4-4b1a-b3a8-efce313b767f" testListId="8c84fa94-04c1-424b-9868-57a2d4851a1d" />
    <TestEntry testId="a49f1c43-0c18-42dd-a71b-57f89d522d11" executionId="0cddb053-6a07-4241-b5d2-7b1d6f8007d8" testListId="8c84fa94-04c1-424b-9868-57a2d4851a1d" />
    <TestEntry testId="23c92ff6-18f4-6d68-cdbf-b535f92a87b5" executionId="788d1d61-b9be-4a85-a19a-390b3441acd1" testListId="8c84fa94-04c1-424b-9868-57a2d4851a1d" />
    <TestEntry testId="8181ff33-fc64-ed25-b9b3-abb32381a24c" executionId="aed5922f-c171-46c8-832f-7359c7f4c271" testListId="8c84fa94-04c1-424b-9868-57a2d4851a1d" />
    <TestEntry testId="81be8360-6c6f-5bd5-80c8-11f7c0b9be00" executionId="864b9511-4d9c-4107-a72e-d0c54b3e16e2" testListId="8c84fa94-04c1-424b-9868-57a2d4851a1d" />
    <TestEntry testId="fc41b0d3-293c-7ed1-03db-0b90bf1e8d94" executionId="3c5dd016-b386-45f0-a41f-dd1c0dd64ffe" testListId="8c84fa94-04c1-424b-9868-57a2d4851a1d" />
    <TestEntry testId="d0745316-a081-8f1b-2315-d9f54584a95b" executionId="9cae210a-96b7-4e53-8a0a-4266cc9a319f" testListId="8c84fa94-04c1-424b-9868-57a2d4851a1d" />
    <TestEntry testId="9e8a8bbb-0354-2079-c028-bce199135a45" executionId="9793b1a2-7a97-4a5c-bf19-7a6c56e90809" testListId="8c84fa94-04c1-424b-9868-57a2d4851a1d" />
    <TestEntry testId="df1a0b85-3fcf-73cc-b0eb-77a8095511aa" executionId="ef463b78-a37c-4310-a79b-dd03229cd222" testListId="8c84fa94-04c1-424b-9868-57a2d4851a1d" />
    <TestEntry testId="c0db7c81-a881-e4f5-0ea7-cff88ddfe178" executionId="8dd19333-522e-4ddc-ba61-28aa49e1e5f7" testListId="8c84fa94-04c1-424b-9868-57a2d4851a1d" />
    <TestEntry testId="81275080-dbd6-64b2-9d21-3ea6ec2704e0" executionId="879d0311-b292-42cd-8c0e-9d807828ec70" testListId="8c84fa94-04c1-424b-9868-57a2d4851a1d" />
    <TestEntry testId="e1aa7990-1da1-83da-996d-146c1ddd0d6c" executionId="2b8d9d38-a36f-4881-99aa-ea7b22076954" testListId="8c84fa94-04c1-424b-9868-57a2d4851a1d" />
    <TestEntry testId="0456db4f-eca7-3bfd-aabf-6d0d2925766a" executionId="2495a4f9-ee57-4043-a1d8-140b70c33559" testListId="8c84fa94-04c1-424b-9868-57a2d4851a1d" />
    <TestEntry testId="8cda3782-137b-73f5-d8e8-1791e2c39181" executionId="1776eb34-08ff-4d75-9830-b879073ccec9" testListId="8c84fa94-04c1-424b-9868-57a2d4851a1d" />
    <TestEntry testId="7d6987f5-e6da-033a-8efe-53a51124e623" executionId="58b3d5e2-1a43-4b72-baf4-1f5c8858bc92" testListId="8c84fa94-04c1-424b-9868-57a2d4851a1d" />
    <TestEntry testId="b7176144-1ced-6e09-d9f0-cbf037a33072" executionId="d14d70c3-3eae-4480-a2ee-5c5731edd272" testListId="8c84fa94-04c1-424b-9868-57a2d4851a1d" />
    <TestEntry testId="5f721ea2-2998-415b-a4eb-a5668314b7c1" executionId="44cc0b40-d2d1-4029-bfab-6dfbeac32106" testListId="8c84fa94-04c1-424b-9868-57a2d4851a1d" />
    <TestEntry testId="99cc2b30-170c-0914-abad-c7749bfc1fcc" executionId="de077a63-e36a-4152-8748-8cef76430be0" testListId="8c84fa94-04c1-424b-9868-57a2d4851a1d" />
    <TestEntry testId="26883bbb-ed62-9ce9-3caf-c0e39a2a600e" executionId="df518a92-8be3-44c4-9953-135268910e66" testListId="8c84fa94-04c1-424b-9868-57a2d4851a1d" />
    <TestEntry testId="aa868f13-f5bb-fc20-4fe5-4cc0d9310ff0" executionId="b492d103-8018-45c9-a7f6-3ed2e723a9c0" testListId="8c84fa94-04c1-424b-9868-57a2d4851a1d" />
    <TestEntry testId="3feae3b1-f4e0-e12a-31da-300a454e391b" executionId="8df066f4-fd30-4496-a4ff-5633491ef5ba" testListId="8c84fa94-04c1-424b-9868-57a2d4851a1d" />
    <TestEntry testId="83a2a8f8-10a0-63f7-9572-5acd26c91a73" executionId="1d1f8e33-052a-4932-a625-bc68e33b4b29" testListId="8c84fa94-04c1-424b-9868-57a2d4851a1d" />
    <TestEntry testId="a3557987-9afd-3d7a-b166-2e402b2c2735" executionId="d949d5a1-1890-42b9-a301-cd075c8bc085" testListId="8c84fa94-04c1-424b-9868-57a2d4851a1d" />
    <TestEntry testId="6dc692d4-0494-2eee-592d-e3c2457b9840" executionId="726bebd8-ad2d-4430-800f-bbc9c5cb51ce" testListId="8c84fa94-04c1-424b-9868-57a2d4851a1d" />
    <TestEntry testId="c5b4b13c-797f-5666-64b2-e0d6c527a5f7" executionId="0f3a9ac3-9aaa-4255-b64f-750ba858c6a1" testListId="8c84fa94-04c1-424b-9868-57a2d4851a1d" />
    <TestEntry testId="c3b4d50e-4599-dc93-f787-7e638b2db9f5" executionId="f39a330e-f497-4ae0-b73d-b835f4a942a0" testListId="8c84fa94-04c1-424b-9868-57a2d4851a1d" />
    <TestEntry testId="8ce87170-d45b-dd24-b50f-4a90bbbde208" executionId="160a2854-f67d-43d8-a346-90c5af4c20fd" testListId="8c84fa94-04c1-424b-9868-57a2d4851a1d" />
    <TestEntry testId="952e2890-324a-d838-d4b1-84d5ed86c944" executionId="8ba3b0e6-43ea-4fad-9288-7e5e1f52414b" testListId="8c84fa94-04c1-424b-9868-57a2d4851a1d" />
    <TestEntry testId="475d18e5-9db1-a092-702c-7aaa422889f3" executionId="1ab66cb4-e9f0-456a-9a43-04143664fb09" testListId="8c84fa94-04c1-424b-9868-57a2d4851a1d" />
    <TestEntry testId="7baf866b-2944-7e03-efe6-1d77aa15c241" executionId="3f72ec85-dd4d-4914-9427-36b60aeed99b" testListId="8c84fa94-04c1-424b-9868-57a2d4851a1d" />
    <TestEntry testId="5e3ab822-461a-3e5d-d729-65a3fa4eae80" executionId="d20bd615-a520-420c-8ac4-91b5c9420424" testListId="8c84fa94-04c1-424b-9868-57a2d4851a1d" />
    <TestEntry testId="046f238c-cb98-b705-1764-1dc8284e8326" executionId="c22428d4-e707-42aa-b161-e1bb999f1d10" testListId="8c84fa94-04c1-424b-9868-57a2d4851a1d" />
    <TestEntry testId="2bed2bee-9740-0d24-0cb3-ff5f6dbbff87" executionId="dc18a35d-227a-4876-ae06-7dfbcc8f16aa" testListId="8c84fa94-04c1-424b-9868-57a2d4851a1d" />
    <TestEntry testId="5fca08ae-038e-7ddb-042a-d45c775cc3a2" executionId="c0f4565b-c3f3-43e6-b867-7450f050c93f" testListId="8c84fa94-04c1-424b-9868-57a2d4851a1d" />
    <TestEntry testId="51d07686-24c4-ee02-9f12-c31d909b6dbb" executionId="ecdceee3-4fb4-4640-bdf7-e67e290672be" testListId="8c84fa94-04c1-424b-9868-57a2d4851a1d" />
    <TestEntry testId="13726585-79dc-76dc-4242-147d93ed4993" executionId="1a1570c5-4c76-4672-87ef-74c8d510c40c" testListId="8c84fa94-04c1-424b-9868-57a2d4851a1d" />
    <TestEntry testId="590fa9ce-f13f-ad3e-55ee-c59589170430" executionId="95115a6c-b7ff-429e-8357-ef9f62a1e66e" testListId="8c84fa94-04c1-424b-9868-57a2d4851a1d" />
    <TestEntry testId="2688697e-d89d-3238-8e63-78a55baae666" executionId="de40e415-7e6e-44de-83ec-ac45c9c85906" testListId="8c84fa94-04c1-424b-9868-57a2d4851a1d" />
    <TestEntry testId="2ff6e3f5-8245-a93b-a771-ea879755d58b" executionId="2d9e3682-d5df-452d-bd5a-e4d25af0ee58" testListId="8c84fa94-04c1-424b-9868-57a2d4851a1d" />
    <TestEntry testId="7ec6547c-6e29-39e0-114d-f0c40b5d12aa" executionId="c085809f-80a6-4821-993e-12738dcd9a16" testListId="8c84fa94-04c1-424b-9868-57a2d4851a1d" />
    <TestEntry testId="f28fb10a-940d-0bfc-c384-02fbf35a7558" executionId="5752f945-8e57-46b0-b1d2-085c64640f0a" testListId="8c84fa94-04c1-424b-9868-57a2d4851a1d" />
    <TestEntry testId="42334b4e-a9e4-fed1-ce65-dd9bb063f4ff" executionId="510ab8d2-8f28-4866-a9b7-0fb0c27ad6c4" testListId="8c84fa94-04c1-424b-9868-57a2d4851a1d" />
    <TestEntry testId="6a2336ec-2578-2817-5fc3-6a47f32a1060" executionId="9a513715-bdef-4dec-a2c4-10f497d6a3c6" testListId="8c84fa94-04c1-424b-9868-57a2d4851a1d" />
    <TestEntry testId="fd5425e3-dba7-3381-928e-5b748fbbc81a" executionId="825c4620-423b-4238-9272-efd535ccc416" testListId="8c84fa94-04c1-424b-9868-57a2d4851a1d" />
  </TestEntries>
  <TestLists>
    <TestList name="Results Not in a List" id="8c84fa94-04c1-424b-9868-57a2d4851a1d" />
    <TestList name="All Loaded Results" id="19431567-8539-422a-85d7-44ee4e166bda" />
  </TestLists>
  <ResultSummary outcome="Failed">
    <Counters total="767" executed="760" passed="757" failed="3" error="0" timeout="0" aborted="0" inconclusive="0" passedButRunAborted="0" notRunnable="0" notExecuted="0" disconnected="0" warning="0" completed="0" inProgress="0" pending="0" />
    <Output>
      <StdOut>[xUnit.net 00:00:00.00] xUnit.net VSTest Adapter v2.8.2+699d445a1a (64-bit .NET 8.0.19)
[xUnit.net 00:00:00.14]   Discovering: GameBoy.Tests
[xUnit.net 00:00:00.37]   Discovered:  GameBoy.Tests
[xUnit.net 00:00:00.38]   Starting:    GameBoy.Tests
[xUnit.net 00:00:00.62]       Blargg timer ROM not found
Test 'GameBoy.Tests.TimerBlarggTests.BlarggTimer_Test06_DivWrite' was skipped in the test run.
[xUnit.net 00:00:00.62]       Blargg timer ROM not found
[xUnit.net 00:00:00.62]       Blargg timer ROM not found
[xUnit.net 00:00:00.62]       Blargg timer ROM not found
[xUnit.net 00:00:00.62]       Blargg timer ROM not found
Test 'GameBoy.Tests.TimerBlarggTests.BlarggTimer_Test07_TacWrite' was skipped in the test run.
Test 'GameBoy.Tests.TimerBlarggTests.BlarggTimer_Test02_TimerOn' was skipped in the test run.
Test 'GameBoy.Tests.TimerBlarggTests.BlarggTimer_Test01_TimerOff' was skipped in the test run.
Test 'GameBoy.Tests.TimerBlarggTests.BlarggTimer_Test05_ReloadTiming' was skipped in the test run.
[xUnit.net 00:00:00.63]       Blargg timer ROM not found
[xUnit.net 00:00:00.63]       Blargg timer ROM not found
Test 'GameBoy.Tests.TimerBlarggTests.BlarggTimer_Test03_TimerOffOn' was skipped in the test run.
Test 'GameBoy.Tests.TimerBlarggTests.BlarggTimer_Test04_TimerInterrupt' was skipped in the test run.
[xUnit.net 00:00:00.64]       Assert.True() Failure
[xUnit.net 00:00:00.64]       Expected: True
[xUnit.net 00:00:00.64]       Actual:   False
[xUnit.net 00:00:00.64]       Stack Trace:
[xUnit.net 00:00:00.64]         /home/runner/work/BlazorBoy/BlazorBoy/src/GameBoy.Tests/InterruptIntegrationTests.cs(266,0): at GameBoy.Tests.InterruptIntegrationTests.HALTIntegration_EmulatorWithSubsystems()
[xUnit.net 00:00:00.64]            at System.RuntimeMethodHandle.InvokeMethod(Object target, Void** arguments, Signature sig, Boolean isConstructor)
[xUnit.net 00:00:00.64]            at System.Reflection.MethodBaseInvoker.InvokeWithNoArgs(Object obj, BindingFlags invokeAttr)
[xUnit.net 00:00:00.69]       VBlank interrupt should be triggered
[xUnit.net 00:00:00.69]       Stack Trace:
[xUnit.net 00:00:00.69]         /home/runner/work/BlazorBoy/BlazorBoy/src/GameBoy.Tests/InterruptIntegrationTests.cs(209,0): at GameBoy.Tests.InterruptIntegrationTests.ComplexEmulatorScenario_MultipleInterruptSources()
[xUnit.net 00:00:00.69]            at System.RuntimeMethodHandle.InvokeMethod(Object target, Void** arguments, Signature sig, Boolean isConstructor)
[xUnit.net 00:00:00.69]            at System.Reflection.MethodBaseInvoker.InvokeWithNoArgs(Object obj, BindingFlags invokeAttr)
[xUnit.net 00:00:00.74]       Assert.True() Failure
[xUnit.net 00:00:00.74]       Expected: True
[xUnit.net 00:00:00.74]       Actual:   False
[xUnit.net 00:00:00.74]       Stack Trace:
[xUnit.net 00:00:00.74]         /home/runner/work/BlazorBoy/BlazorBoy/src/GameBoy.Tests/InterruptServiceRoutineTests.cs(174,0): at GameBoy.Tests.InterruptServiceRoutineTests.HALT_WakesUpOnInterrupt_EvenIfIMEDisabled()
[xUnit.net 00:00:00.74]            at System.RuntimeMethodHandle.InvokeMethod(Object target, Void** arguments, Signature sig, Boolean isConstructor)
[xUnit.net 00:00:00.74]            at System.Reflection.MethodBaseInvoker.InvokeWithNoArgs(Object obj, BindingFlags invokeAttr)
[xUnit.net 00:00:00.94]   Finished:    GameBoy.Tests
</StdOut>
    </Output>
    <RunInfos>
      <RunInfo computerName="pkrvm7jw40e0xgp" outcome="Warning" timestamp="2025-09-08T21:55:52.4393836+00:00">
        <Text>[xUnit.net 00:00:00.62]     GameBoy.Tests.TimerBlarggTests.BlarggTimer_Test06_DivWrite [SKIP]</Text>
      </RunInfo>
      <RunInfo computerName="pkrvm7jw40e0xgp" outcome="Warning" timestamp="2025-09-08T21:55:52.4511994+00:00">
        <Text>[xUnit.net 00:00:00.62]     GameBoy.Tests.TimerBlarggTests.BlarggTimer_Test07_TacWrite [SKIP]</Text>
      </RunInfo>
      <RunInfo computerName="pkrvm7jw40e0xgp" outcome="Warning" timestamp="2025-09-08T21:55:52.4514983+00:00">
        <Text>[xUnit.net 00:00:00.62]     GameBoy.Tests.TimerBlarggTests.BlarggTimer_Test02_TimerOn [SKIP]</Text>
      </RunInfo>
      <RunInfo computerName="pkrvm7jw40e0xgp" outcome="Warning" timestamp="2025-09-08T21:55:52.4517924+00:00">
        <Text>[xUnit.net 00:00:00.62]     GameBoy.Tests.TimerBlarggTests.BlarggTimer_Test01_TimerOff [SKIP]</Text>
      </RunInfo>
      <RunInfo computerName="pkrvm7jw40e0xgp" outcome="Warning" timestamp="2025-09-08T21:55:52.4520742+00:00">
        <Text>[xUnit.net 00:00:00.62]     GameBoy.Tests.TimerBlarggTests.BlarggTimer_Test05_ReloadTiming [SKIP]</Text>
      </RunInfo>
      <RunInfo computerName="pkrvm7jw40e0xgp" outcome="Warning" timestamp="2025-09-08T21:55:52.4536930+00:00">
        <Text>[xUnit.net 00:00:00.63]     GameBoy.Tests.TimerBlarggTests.BlarggTimer_Test03_TimerOffOn [SKIP]</Text>
      </RunInfo>
      <RunInfo computerName="pkrvm7jw40e0xgp" outcome="Warning" timestamp="2025-09-08T21:55:52.4540268+00:00">
        <Text>[xUnit.net 00:00:00.63]     GameBoy.Tests.TimerBlarggTests.BlarggTimer_Test04_TimerInterrupt [SKIP]</Text>
      </RunInfo>
      <RunInfo computerName="pkrvm7jw40e0xgp" outcome="Error" timestamp="2025-09-08T21:55:52.4630605+00:00">
        <Text>[xUnit.net 00:00:00.64]     GameBoy.Tests.InterruptIntegrationTests.HALTIntegration_EmulatorWithSubsystems [FAIL]</Text>
      </RunInfo>
      <RunInfo computerName="pkrvm7jw40e0xgp" outcome="Error" timestamp="2025-09-08T21:55:52.4775090+00:00">
        <Text>[xUnit.net 00:00:00.69]     GameBoy.Tests.InterruptIntegrationTests.ComplexEmulatorScenario_MultipleInterruptSources [FAIL]</Text>
      </RunInfo>
      <RunInfo computerName="pkrvm7jw40e0xgp" outcome="Error" timestamp="2025-09-08T21:55:52.4948770+00:00">
        <Text>[xUnit.net 00:00:00.74]     GameBoy.Tests.InterruptServiceRoutineTests.HALT_WakesUpOnInterrupt_EvenIfIMEDisabled [FAIL]</Text>
      </RunInfo>
    </RunInfos>
  </ResultSummary>
</TestRun>